timestamp, index, memory.total [MiB], memory.used [MiB], memory.free [MiB], utilization.gpu [%], utilization.memory [%]
2025/01/04 21:53:23.165, 5, 24576, 372, 23886, 0, 0
2025/01/04 21:53:23.266, 5, 24576, 372, 23886, 0, 0
2025/01/04 21:53:23.367, 5, 24576, 372, 23886, 0, 0
2025/01/04 21:53:23.467, 5, 24576, 372, 23886, 0, 0
2025/01/04 21:53:23.568, 5, 24576, 372, 23886, 0, 0
2025/01/04 21:53:23.668, 5, 24576, 372, 23886, 0, 0
2025/01/04 21:53:23.769, 5, 24576, 372, 23886, 0, 0
2025/01/04 21:53:23.870, 5, 24576, 372, 23886, 0, 0
2025/01/04 21:53:23.971, 5, 24576, 372, 23886, 0, 0
2025/01/04 21:53:24.071, 5, 24576, 372, 23886, 0, 0
2025/01/04 21:53:24.172, 5, 24576, 372, 23886, 0, 0
2025/01/04 21:53:24.273, 5, 24576, 372, 23886, 0, 0
2025/01/04 21:53:24.373, 5, 24576, 372, 23886, 0, 0
2025/01/04 21:53:24.474, 5, 24576, 372, 23886, 0, 0
2025/01/04 21:53:24.575, 5, 24576, 372, 23886, 0, 0
2025/01/04 21:53:24.676, 5, 24576, 372, 23886, 0, 0
2025/01/04 21:53:24.776, 5, 24576, 372, 23886, 0, 0
2025/01/04 21:53:24.877, 5, 24576, 372, 23886, 0, 0
2025/01/04 21:53:24.978, 5, 24576, 372, 23886, 0, 0
2025/01/04 21:53:25.079, 5, 24576, 372, 23886, 0, 0
2025/01/04 21:53:25.179, 5, 24576, 372, 23886, 0, 0
2025/01/04 21:53:25.280, 5, 24576, 372, 23886, 0, 0
2025/01/04 21:53:25.381, 5, 24576, 612, 23646, 9, 0
2025/01/04 21:53:25.483, 5, 24576, 792, 23466, 9, 0
2025/01/04 21:53:25.583, 5, 24576, 792, 23466, 8, 0
2025/01/04 21:53:25.684, 5, 24576, 792, 23466, 8, 0
2025/01/04 21:53:25.785, 5, 24576, 804, 23454, 5, 1
2025/01/04 21:53:25.885, 5, 24576, 804, 23454, 5, 1
2025/01/04 21:53:25.986, 5, 24576, 804, 23454, 44, 11
2025/01/04 21:53:26.087, 5, 24576, 804, 23454, 44, 11
2025/01/04 21:53:26.188, 5, 24576, 804, 23454, 41, 11
2025/01/04 21:53:26.288, 5, 24576, 804, 23454, 41, 11
2025/01/04 21:53:26.389, 5, 24576, 804, 23454, 41, 11
2025/01/04 21:53:26.490, 5, 24576, 804, 23454, 41, 11
2025/01/04 21:53:26.591, 5, 24576, 804, 23454, 42, 11
2025/01/04 21:53:26.691, 5, 24576, 804, 23454, 42, 11
2025/01/04 21:53:26.792, 5, 24576, 804, 23454, 40, 11
2025/01/04 21:53:26.893, 5, 24576, 804, 23454, 40, 11
2025/01/04 21:53:26.993, 5, 24576, 804, 23454, 45, 12
2025/01/04 21:53:27.094, 5, 24576, 804, 23454, 45, 12
2025/01/04 21:53:27.195, 5, 24576, 804, 23454, 43, 11
2025/01/04 21:53:27.296, 5, 24576, 804, 23454, 43, 11
2025/01/04 21:53:27.397, 5, 24576, 804, 23454, 43, 11
2025/01/04 21:53:27.497, 5, 24576, 804, 23454, 43, 11
2025/01/04 21:53:27.598, 5, 24576, 804, 23454, 40, 11
2025/01/04 21:53:27.699, 5, 24576, 804, 23454, 40, 11
2025/01/04 21:53:27.800, 5, 24576, 804, 23454, 42, 11
2025/01/04 21:53:27.900, 5, 24576, 804, 23454, 42, 11
2025/01/04 21:53:28.001, 5, 24576, 804, 23454, 42, 11
2025/01/04 21:53:28.102, 5, 24576, 804, 23454, 42, 11
2025/01/04 21:53:28.203, 5, 24576, 804, 23454, 42, 11
2025/01/04 21:53:28.303, 5, 24576, 804, 23454, 42, 11
2025/01/04 21:53:28.404, 5, 24576, 804, 23454, 43, 11
2025/01/04 21:53:28.505, 5, 24576, 804, 23454, 43, 11
2025/01/04 21:53:28.605, 5, 24576, 804, 23454, 43, 11
2025/01/04 21:53:28.706, 5, 24576, 804, 23454, 43, 11
2025/01/04 21:53:28.807, 5, 24576, 804, 23454, 41, 11
2025/01/04 21:53:28.908, 5, 24576, 804, 23454, 41, 11
2025/01/04 21:53:29.008, 5, 24576, 804, 23454, 41, 11
2025/01/04 21:53:29.109, 5, 24576, 804, 23454, 41, 11
2025/01/04 21:53:29.210, 5, 24576, 804, 23454, 42, 11
2025/01/04 21:53:29.311, 5, 24576, 804, 23454, 42, 11
2025/01/04 21:53:29.411, 5, 24576, 804, 23454, 42, 11
2025/01/04 21:53:29.513, 5, 24576, 804, 23454, 42, 11
2025/01/04 21:53:29.614, 5, 24576, 804, 23454, 43, 11
2025/01/04 21:53:29.715, 5, 24576, 804, 23454, 43, 11
2025/01/04 21:53:29.816, 5, 24576, 804, 23454, 47, 12
2025/01/04 21:53:29.917, 5, 24576, 804, 23454, 47, 12
2025/01/04 21:53:30.018, 5, 24576, 804, 23454, 42, 11
2025/01/04 21:53:30.118, 5, 24576, 804, 23454, 42, 11
2025/01/04 21:53:30.219, 5, 24576, 804, 23454, 43, 11
2025/01/04 21:53:30.320, 5, 24576, 804, 23454, 43, 11
2025/01/04 21:53:30.421, 5, 24576, 804, 23454, 43, 11
2025/01/04 21:53:30.521, 5, 24576, 804, 23454, 43, 11
2025/01/04 21:53:30.622, 5, 24576, 804, 23454, 43, 11
2025/01/04 21:53:30.723, 5, 24576, 804, 23454, 43, 11
2025/01/04 21:53:30.824, 5, 24576, 804, 23454, 42, 11
2025/01/04 21:53:30.924, 5, 24576, 804, 23454, 42, 11
2025/01/04 21:53:31.025, 5, 24576, 804, 23454, 41, 11
2025/01/04 21:53:31.126, 5, 24576, 804, 23454, 41, 11
2025/01/04 21:53:31.226, 5, 24576, 804, 23454, 43, 11
2025/01/04 21:53:31.327, 5, 24576, 804, 23454, 43, 11
2025/01/04 21:53:31.428, 5, 24576, 804, 23454, 43, 11
2025/01/04 21:53:31.529, 5, 24576, 804, 23454, 43, 11
2025/01/04 21:53:31.629, 5, 24576, 804, 23454, 43, 11
2025/01/04 21:53:31.730, 5, 24576, 804, 23454, 43, 11
2025/01/04 21:53:31.831, 5, 24576, 804, 23454, 42, 11
2025/01/04 21:53:31.931, 5, 24576, 804, 23454, 42, 11
2025/01/04 21:53:32.032, 5, 24576, 804, 23454, 43, 11
2025/01/04 21:53:32.133, 5, 24576, 804, 23454, 43, 11
2025/01/04 21:53:32.234, 5, 24576, 804, 23454, 42, 11
2025/01/04 21:53:32.335, 5, 24576, 804, 23454, 42, 11
2025/01/04 21:53:32.436, 5, 24576, 804, 23454, 43, 11
2025/01/04 21:53:32.537, 5, 24576, 804, 23454, 43, 11
2025/01/04 21:53:32.638, 5, 24576, 804, 23454, 43, 11
2025/01/04 21:53:32.739, 5, 24576, 804, 23454, 43, 11
2025/01/04 21:53:32.839, 5, 24576, 804, 23454, 44, 12
2025/01/04 21:53:32.940, 5, 24576, 804, 23454, 44, 12
2025/01/04 21:53:33.041, 5, 24576, 804, 23454, 43, 11
2025/01/04 21:53:33.141, 5, 24576, 804, 23454, 43, 11
2025/01/04 21:53:33.242, 5, 24576, 804, 23454, 44, 12
2025/01/04 21:53:33.343, 5, 24576, 804, 23454, 44, 12
2025/01/04 21:53:33.444, 5, 24576, 804, 23454, 43, 11
2025/01/04 21:53:33.544, 5, 24576, 804, 23454, 43, 11
2025/01/04 21:53:33.645, 5, 24576, 804, 23454, 43, 11
2025/01/04 21:53:33.746, 5, 24576, 804, 23454, 43, 11
2025/01/04 21:53:33.846, 5, 24576, 804, 23454, 46, 12
2025/01/04 21:53:33.947, 5, 24576, 804, 23454, 46, 12
2025/01/04 21:53:34.048, 5, 24576, 804, 23454, 43, 11
2025/01/04 21:53:34.149, 5, 24576, 804, 23454, 43, 11
2025/01/04 21:53:34.249, 5, 24576, 804, 23454, 43, 11
2025/01/04 21:53:34.350, 5, 24576, 804, 23454, 43, 11
2025/01/04 21:53:34.451, 5, 24576, 804, 23454, 43, 11
2025/01/04 21:53:34.552, 5, 24576, 804, 23454, 43, 11
2025/01/04 21:53:34.653, 5, 24576, 804, 23454, 43, 11
2025/01/04 21:53:34.754, 5, 24576, 804, 23454, 43, 11
2025/01/04 21:53:34.855, 5, 24576, 804, 23454, 40, 11
2025/01/04 21:53:34.956, 5, 24576, 804, 23454, 40, 11
2025/01/04 21:53:35.057, 5, 24576, 804, 23454, 42, 11
2025/01/04 21:53:35.157, 5, 24576, 804, 23454, 42, 11
2025/01/04 21:53:35.258, 5, 24576, 804, 23454, 42, 11
2025/01/04 21:53:35.359, 5, 24576, 804, 23454, 42, 11
2025/01/04 21:53:35.460, 5, 24576, 804, 23454, 42, 11
2025/01/04 21:53:35.560, 5, 24576, 804, 23454, 42, 11
2025/01/04 21:53:35.661, 5, 24576, 804, 23454, 43, 11
2025/01/04 21:53:35.762, 5, 24576, 804, 23454, 43, 11
2025/01/04 21:53:35.863, 5, 24576, 804, 23454, 40, 11
2025/01/04 21:53:35.963, 5, 24576, 804, 23454, 40, 11
2025/01/04 21:53:36.064, 5, 24576, 804, 23454, 42, 11
2025/01/04 21:53:36.165, 5, 24576, 804, 23454, 42, 11
2025/01/04 21:53:36.266, 5, 24576, 804, 23454, 41, 11
2025/01/04 21:53:36.367, 5, 24576, 804, 23454, 41, 11
2025/01/04 21:53:36.467, 5, 24576, 804, 23454, 37, 10
2025/01/04 21:53:36.568, 5, 24576, 804, 23454, 37, 10
2025/01/04 21:53:36.669, 5, 24576, 804, 23454, 44, 12
2025/01/04 21:53:36.770, 5, 24576, 804, 23454, 44, 12
2025/01/04 21:53:36.871, 5, 24576, 804, 23454, 42, 11
2025/01/04 21:53:36.972, 5, 24576, 804, 23454, 44, 12
2025/01/04 21:53:37.075, 5, 24576, 804, 23454, 44, 12
2025/01/04 21:53:37.176, 5, 24576, 804, 23454, 43, 11
2025/01/04 21:53:37.290, 5, 24576, 804, 23454, 43, 11
2025/01/04 21:53:37.390, 5, 24576, 804, 23454, 41, 11
2025/01/04 21:53:37.491, 5, 24576, 804, 23454, 41, 11
2025/01/04 21:53:37.592, 5, 24576, 804, 23454, 42, 11
2025/01/04 21:53:37.694, 5, 24576, 804, 23454, 42, 11
2025/01/04 21:53:37.795, 5, 24576, 804, 23454, 43, 11
2025/01/04 21:53:37.896, 5, 24576, 804, 23454, 43, 11
2025/01/04 21:53:37.996, 5, 24576, 804, 23454, 43, 11
2025/01/04 21:53:38.097, 5, 24576, 804, 23454, 43, 11
2025/01/04 21:53:38.198, 5, 24576, 804, 23454, 42, 11
2025/01/04 21:53:38.299, 5, 24576, 804, 23454, 42, 11
2025/01/04 21:53:38.400, 5, 24576, 804, 23454, 42, 11
2025/01/04 21:53:38.500, 5, 24576, 804, 23454, 42, 11
2025/01/04 21:53:38.601, 5, 24576, 804, 23454, 44, 11
2025/01/04 21:53:38.702, 5, 24576, 804, 23454, 44, 11
2025/01/04 21:53:38.803, 5, 24576, 804, 23454, 42, 11
2025/01/04 21:53:38.903, 5, 24576, 804, 23454, 42, 11
2025/01/04 21:53:39.004, 5, 24576, 804, 23454, 42, 11
2025/01/04 21:53:39.105, 5, 24576, 804, 23454, 42, 11
2025/01/04 21:53:39.205, 5, 24576, 804, 23454, 43, 11
2025/01/04 21:53:39.306, 5, 24576, 804, 23454, 43, 11
2025/01/04 21:53:39.407, 5, 24576, 804, 23454, 43, 11
2025/01/04 21:53:39.508, 5, 24576, 804, 23454, 43, 11
2025/01/04 21:53:39.608, 5, 24576, 804, 23454, 43, 11
2025/01/04 21:53:39.709, 5, 24576, 804, 23454, 43, 11
2025/01/04 21:53:39.810, 5, 24576, 804, 23454, 43, 11
2025/01/04 21:53:39.911, 5, 24576, 804, 23454, 43, 11
2025/01/04 21:53:40.012, 5, 24576, 804, 23454, 43, 11
2025/01/04 21:53:40.113, 5, 24576, 804, 23454, 43, 11
2025/01/04 21:53:40.214, 5, 24576, 804, 23454, 41, 11
2025/01/04 21:53:40.315, 5, 24576, 804, 23454, 41, 11
2025/01/04 21:53:40.416, 5, 24576, 804, 23454, 41, 11
2025/01/04 21:53:40.517, 5, 24576, 804, 23454, 41, 11
2025/01/04 21:53:40.618, 5, 24576, 804, 23454, 42, 11
2025/01/04 21:53:40.719, 5, 24576, 804, 23454, 42, 11
2025/01/04 21:53:40.819, 5, 24576, 804, 23454, 42, 11
2025/01/04 21:53:40.920, 5, 24576, 804, 23454, 42, 11
2025/01/04 21:53:41.021, 5, 24576, 804, 23454, 44, 11
2025/01/04 21:53:41.121, 5, 24576, 804, 23454, 44, 11
2025/01/04 21:53:41.222, 5, 24576, 804, 23454, 43, 11
2025/01/04 21:53:41.323, 5, 24576, 804, 23454, 43, 11
2025/01/04 21:53:41.424, 5, 24576, 804, 23454, 43, 11
2025/01/04 21:53:41.524, 5, 24576, 804, 23454, 43, 11
2025/01/04 21:53:41.625, 5, 24576, 804, 23454, 43, 11
2025/01/04 21:53:41.726, 5, 24576, 804, 23454, 43, 11
2025/01/04 21:53:41.827, 5, 24576, 804, 23454, 43, 11
2025/01/04 21:53:41.927, 5, 24576, 804, 23454, 43, 11
2025/01/04 21:53:42.028, 5, 24576, 804, 23454, 43, 11
2025/01/04 21:53:42.129, 5, 24576, 804, 23454, 43, 11
2025/01/04 21:53:42.230, 5, 24576, 804, 23454, 44, 12
2025/01/04 21:53:42.331, 5, 24576, 804, 23454, 44, 12
2025/01/04 21:53:42.432, 5, 24576, 804, 23454, 44, 12
2025/01/04 21:53:42.533, 5, 24576, 804, 23454, 44, 12
2025/01/04 21:53:42.634, 5, 24576, 804, 23454, 44, 12
2025/01/04 21:53:42.735, 5, 24576, 804, 23454, 44, 12
2025/01/04 21:53:42.836, 5, 24576, 804, 23454, 42, 11
2025/01/04 21:53:42.936, 5, 24576, 804, 23454, 42, 11
2025/01/04 21:53:43.037, 5, 24576, 804, 23454, 43, 11
2025/01/04 21:53:43.138, 5, 24576, 804, 23454, 43, 11
2025/01/04 21:53:43.239, 5, 24576, 804, 23454, 43, 11
2025/01/04 21:53:43.339, 5, 24576, 804, 23454, 43, 11
2025/01/04 21:53:43.440, 5, 24576, 804, 23454, 45, 12
2025/01/04 21:53:43.541, 5, 24576, 804, 23454, 45, 12
2025/01/04 21:53:43.641, 5, 24576, 804, 23454, 43, 12
2025/01/04 21:53:43.742, 5, 24576, 804, 23454, 43, 12
2025/01/04 21:53:43.843, 5, 24576, 804, 23454, 43, 11
2025/01/04 21:53:43.943, 5, 24576, 804, 23454, 43, 11
2025/01/04 21:53:44.044, 5, 24576, 804, 23454, 43, 11
2025/01/04 21:53:44.145, 5, 24576, 804, 23454, 43, 11
2025/01/04 21:53:44.246, 5, 24576, 804, 23454, 43, 11
2025/01/04 21:53:44.346, 5, 24576, 804, 23454, 43, 11
2025/01/04 21:53:44.447, 5, 24576, 804, 23454, 43, 11
2025/01/04 21:53:44.548, 5, 24576, 804, 23454, 43, 11
2025/01/04 21:53:44.649, 5, 24576, 804, 23454, 43, 11
2025/01/04 21:53:44.750, 5, 24576, 804, 23454, 43, 11
2025/01/04 21:53:44.851, 5, 24576, 804, 23454, 43, 11
2025/01/04 21:53:44.952, 5, 24576, 804, 23454, 43, 11
2025/01/04 21:53:45.053, 5, 24576, 804, 23454, 43, 11
2025/01/04 21:53:45.153, 5, 24576, 804, 23454, 43, 11
2025/01/04 21:53:45.254, 5, 24576, 804, 23454, 40, 11
2025/01/04 21:53:45.355, 5, 24576, 804, 23454, 40, 11
2025/01/04 21:53:45.456, 5, 24576, 804, 23454, 43, 11
2025/01/04 21:53:45.556, 5, 24576, 804, 23454, 43, 11
2025/01/04 21:53:45.657, 5, 24576, 804, 23454, 44, 12
2025/01/04 21:53:45.758, 5, 24576, 804, 23454, 44, 12
2025/01/04 21:53:45.859, 5, 24576, 804, 23454, 43, 11
2025/01/04 21:53:45.959, 5, 24576, 804, 23454, 43, 11
2025/01/04 21:53:46.060, 5, 24576, 804, 23454, 43, 11
2025/01/04 21:53:46.161, 5, 24576, 804, 23454, 43, 11
2025/01/04 21:53:46.262, 5, 24576, 804, 23454, 43, 11
2025/01/04 21:53:46.363, 5, 24576, 804, 23454, 43, 11
2025/01/04 21:53:46.463, 5, 24576, 804, 23454, 42, 11
2025/01/04 21:53:46.564, 5, 24576, 804, 23454, 42, 11
2025/01/04 21:53:46.665, 5, 24576, 804, 23454, 43, 11
2025/01/04 21:53:46.765, 5, 24576, 804, 23454, 43, 11
2025/01/04 21:53:46.866, 5, 24576, 804, 23454, 43, 11
2025/01/04 21:53:46.967, 5, 24576, 804, 23454, 43, 11
2025/01/04 21:53:47.068, 5, 24576, 804, 23454, 43, 11
2025/01/04 21:53:47.169, 5, 24576, 804, 23454, 43, 11
2025/01/04 21:53:47.287, 5, 24576, 804, 23454, 43, 11
2025/01/04 21:53:47.388, 5, 24576, 804, 23454, 44, 11
2025/01/04 21:53:47.489, 5, 24576, 804, 23454, 44, 11
2025/01/04 21:53:47.590, 5, 24576, 804, 23454, 43, 11
2025/01/04 21:53:47.691, 5, 24576, 804, 23454, 43, 11
2025/01/04 21:53:47.792, 5, 24576, 804, 23454, 44, 12
2025/01/04 21:53:47.893, 5, 24576, 804, 23454, 44, 12
2025/01/04 21:53:47.994, 5, 24576, 804, 23454, 40, 11
2025/01/04 21:53:48.094, 5, 24576, 804, 23454, 40, 11
2025/01/04 21:53:48.195, 5, 24576, 804, 23454, 43, 11
2025/01/04 21:53:48.296, 5, 24576, 804, 23454, 43, 11
2025/01/04 21:53:48.397, 5, 24576, 804, 23454, 43, 11
2025/01/04 21:53:48.497, 5, 24576, 804, 23454, 43, 11
2025/01/04 21:53:48.599, 5, 24576, 804, 23454, 42, 11
2025/01/04 21:53:48.700, 5, 24576, 804, 23454, 42, 11
2025/01/04 21:53:48.800, 5, 24576, 804, 23454, 44, 11
2025/01/04 21:53:48.901, 5, 24576, 804, 23454, 44, 11
2025/01/04 21:53:49.002, 5, 24576, 804, 23454, 40, 11
2025/01/04 21:53:49.102, 5, 24576, 804, 23454, 40, 11
2025/01/04 21:53:49.203, 5, 24576, 804, 23454, 41, 11
2025/01/04 21:53:49.304, 5, 24576, 804, 23454, 41, 11
2025/01/04 21:53:49.405, 5, 24576, 804, 23454, 42, 11
2025/01/04 21:53:49.505, 5, 24576, 804, 23454, 42, 11
2025/01/04 21:53:49.606, 5, 24576, 804, 23454, 43, 11
2025/01/04 21:53:49.707, 5, 24576, 804, 23454, 43, 11
2025/01/04 21:53:49.808, 5, 24576, 804, 23454, 43, 11
2025/01/04 21:53:49.909, 5, 24576, 804, 23454, 43, 11
2025/01/04 21:53:50.010, 5, 24576, 804, 23454, 38, 10
2025/01/04 21:53:50.111, 5, 24576, 804, 23454, 38, 10
2025/01/04 21:53:50.212, 5, 24576, 804, 23454, 43, 11
2025/01/04 21:53:50.312, 5, 24576, 804, 23454, 43, 11
2025/01/04 21:53:50.413, 5, 24576, 804, 23454, 40, 11
2025/01/04 21:53:50.514, 5, 24576, 804, 23454, 40, 11
2025/01/04 21:53:50.615, 5, 24576, 804, 23454, 42, 11
2025/01/04 21:53:50.716, 5, 24576, 804, 23454, 42, 11
2025/01/04 21:53:50.816, 5, 24576, 804, 23454, 42, 11
2025/01/04 21:53:50.917, 5, 24576, 804, 23454, 42, 11
2025/01/04 21:53:51.018, 5, 24576, 804, 23454, 43, 11
2025/01/04 21:53:51.118, 5, 24576, 804, 23454, 43, 11
2025/01/04 21:53:51.219, 5, 24576, 804, 23454, 42, 11
2025/01/04 21:53:51.320, 5, 24576, 804, 23454, 42, 11
2025/01/04 21:53:51.421, 5, 24576, 804, 23454, 41, 11
2025/01/04 21:53:51.521, 5, 24576, 804, 23454, 41, 11
2025/01/04 21:53:51.622, 5, 24576, 804, 23454, 43, 11
2025/01/04 21:53:51.723, 5, 24576, 804, 23454, 43, 11
2025/01/04 21:53:51.823, 5, 24576, 804, 23454, 43, 11
2025/01/04 21:53:51.924, 5, 24576, 804, 23454, 43, 11
2025/01/04 21:53:52.025, 5, 24576, 804, 23454, 42, 11
2025/01/04 21:53:52.125, 5, 24576, 804, 23454, 42, 11
2025/01/04 21:53:52.226, 5, 24576, 804, 23454, 43, 11
2025/01/04 21:53:52.327, 5, 24576, 804, 23454, 43, 11
2025/01/04 21:53:52.428, 5, 24576, 804, 23454, 43, 11
2025/01/04 21:53:52.529, 5, 24576, 804, 23454, 43, 11
2025/01/04 21:53:52.630, 5, 24576, 804, 23454, 43, 11
2025/01/04 21:53:52.731, 5, 24576, 804, 23454, 43, 11
2025/01/04 21:53:52.832, 5, 24576, 804, 23454, 42, 11
2025/01/04 21:53:52.932, 5, 24576, 804, 23454, 42, 11
2025/01/04 21:53:53.033, 5, 24576, 804, 23454, 44, 12
2025/01/04 21:53:53.134, 5, 24576, 804, 23454, 44, 12
2025/01/04 21:53:53.235, 5, 24576, 804, 23454, 42, 11
2025/01/04 21:53:53.335, 5, 24576, 804, 23454, 42, 11
2025/01/04 21:53:53.436, 5, 24576, 804, 23454, 43, 11
2025/01/04 21:53:53.536, 5, 24576, 804, 23454, 43, 11
2025/01/04 21:53:53.637, 5, 24576, 804, 23454, 43, 11
2025/01/04 21:53:53.738, 5, 24576, 804, 23454, 43, 11
2025/01/04 21:53:53.839, 5, 24576, 804, 23454, 43, 11
2025/01/04 21:53:53.939, 5, 24576, 804, 23454, 43, 11
2025/01/04 21:53:54.040, 5, 24576, 804, 23454, 43, 11
2025/01/04 21:53:54.141, 5, 24576, 804, 23454, 43, 11
2025/01/04 21:53:54.242, 5, 24576, 804, 23454, 44, 11
2025/01/04 21:53:54.342, 5, 24576, 804, 23454, 44, 11
2025/01/04 21:53:54.443, 5, 24576, 804, 23454, 43, 11
2025/01/04 21:53:54.544, 5, 24576, 804, 23454, 43, 11
2025/01/04 21:53:54.644, 5, 24576, 804, 23454, 43, 11
2025/01/04 21:53:54.745, 5, 24576, 804, 23454, 43, 11
2025/01/04 21:53:54.846, 5, 24576, 804, 23454, 43, 11
2025/01/04 21:53:54.947, 5, 24576, 804, 23454, 43, 11
2025/01/04 21:53:55.048, 5, 24576, 804, 23454, 45, 12
2025/01/04 21:53:55.149, 5, 24576, 804, 23454, 45, 12
2025/01/04 21:53:55.250, 5, 24576, 804, 23454, 43, 11
2025/01/04 21:53:55.351, 5, 24576, 804, 23454, 43, 11
2025/01/04 21:53:55.452, 5, 24576, 804, 23454, 42, 11
2025/01/04 21:53:55.552, 5, 24576, 804, 23454, 42, 11
2025/01/04 21:53:55.653, 5, 24576, 804, 23454, 43, 11
2025/01/04 21:53:55.754, 5, 24576, 804, 23454, 43, 11
2025/01/04 21:53:55.855, 5, 24576, 804, 23454, 43, 11
2025/01/04 21:53:55.955, 5, 24576, 804, 23454, 43, 11
2025/01/04 21:53:56.057, 5, 24576, 804, 23454, 43, 11
2025/01/04 21:53:56.157, 5, 24576, 804, 23454, 43, 11
2025/01/04 21:53:56.258, 5, 24576, 804, 23454, 43, 11
2025/01/04 21:53:56.359, 5, 24576, 804, 23454, 43, 11
2025/01/04 21:53:56.460, 5, 24576, 804, 23454, 43, 11
2025/01/04 21:53:56.560, 5, 24576, 804, 23454, 43, 11
2025/01/04 21:53:56.661, 5, 24576, 804, 23454, 43, 11
2025/01/04 21:53:56.762, 5, 24576, 804, 23454, 43, 11
2025/01/04 21:53:56.863, 5, 24576, 804, 23454, 42, 11
2025/01/04 21:53:56.964, 5, 24576, 804, 23454, 42, 11
2025/01/04 21:53:57.064, 5, 24576, 804, 23454, 42, 11
2025/01/04 21:53:57.165, 5, 24576, 804, 23454, 43, 12
2025/01/04 21:53:57.269, 5, 24576, 804, 23454, 43, 12
2025/01/04 21:53:57.370, 5, 24576, 804, 23454, 42, 11
2025/01/04 21:53:57.470, 5, 24576, 804, 23454, 42, 11
2025/01/04 21:53:57.571, 5, 24576, 804, 23454, 40, 11
2025/01/04 21:53:57.675, 5, 24576, 804, 23454, 40, 11
2025/01/04 21:53:57.776, 5, 24576, 804, 23454, 43, 11
2025/01/04 21:53:57.877, 5, 24576, 804, 23454, 43, 11
2025/01/04 21:53:57.977, 5, 24576, 804, 23454, 43, 11
2025/01/04 21:53:58.078, 5, 24576, 804, 23454, 43, 11
2025/01/04 21:53:58.179, 5, 24576, 804, 23454, 43, 11
2025/01/04 21:53:58.280, 5, 24576, 804, 23454, 43, 11
2025/01/04 21:53:58.380, 5, 24576, 804, 23454, 43, 12
2025/01/04 21:53:58.481, 5, 24576, 804, 23454, 43, 12
2025/01/04 21:53:58.582, 5, 24576, 804, 23454, 42, 11
2025/01/04 21:53:58.682, 5, 24576, 804, 23454, 42, 11
2025/01/04 21:53:58.783, 5, 24576, 804, 23454, 44, 12
2025/01/04 21:53:58.884, 5, 24576, 804, 23454, 44, 12
2025/01/04 21:53:58.985, 5, 24576, 804, 23454, 45, 12
2025/01/04 21:53:59.086, 5, 24576, 804, 23454, 45, 12
2025/01/04 21:53:59.187, 5, 24576, 804, 23454, 42, 11
2025/01/04 21:53:59.288, 5, 24576, 804, 23454, 42, 11
2025/01/04 21:53:59.389, 5, 24576, 804, 23454, 43, 11
2025/01/04 21:53:59.489, 5, 24576, 804, 23454, 43, 11
2025/01/04 21:53:59.590, 5, 24576, 804, 23454, 39, 10
2025/01/04 21:53:59.691, 5, 24576, 804, 23454, 39, 10
2025/01/04 21:53:59.791, 5, 24576, 804, 23454, 43, 11
2025/01/04 21:53:59.892, 5, 24576, 804, 23454, 43, 11
2025/01/04 21:53:59.993, 5, 24576, 804, 23454, 43, 11
2025/01/04 21:54:00.093, 5, 24576, 804, 23454, 43, 11
2025/01/04 21:54:00.194, 5, 24576, 804, 23454, 28, 7
2025/01/04 21:54:00.295, 5, 24576, 804, 23454, 28, 7
2025/01/04 21:54:00.396, 5, 24576, 804, 23454, 43, 11
2025/01/04 21:54:00.496, 5, 24576, 804, 23454, 43, 11
2025/01/04 21:54:00.597, 5, 24576, 804, 23454, 42, 11
2025/01/04 21:54:00.698, 5, 24576, 804, 23454, 42, 11
2025/01/04 21:54:00.798, 5, 24576, 804, 23454, 43, 11
2025/01/04 21:54:00.899, 5, 24576, 804, 23454, 43, 11
2025/01/04 21:54:01.000, 5, 24576, 804, 23454, 42, 11
2025/01/04 21:54:01.101, 5, 24576, 804, 23454, 42, 11
2025/01/04 21:54:01.202, 5, 24576, 804, 23454, 41, 11
2025/01/04 21:54:01.302, 5, 24576, 804, 23454, 41, 11
2025/01/04 21:54:01.403, 5, 24576, 804, 23454, 43, 11
2025/01/04 21:54:01.504, 5, 24576, 804, 23454, 43, 11
2025/01/04 21:54:01.605, 5, 24576, 804, 23454, 42, 11
2025/01/04 21:54:01.706, 5, 24576, 804, 23454, 42, 11
2025/01/04 21:54:01.807, 5, 24576, 804, 23454, 43, 11
2025/01/04 21:54:01.908, 5, 24576, 804, 23454, 43, 11
2025/01/04 21:54:02.009, 5, 24576, 804, 23454, 42, 11
2025/01/04 21:54:02.110, 5, 24576, 804, 23454, 42, 11
2025/01/04 21:54:02.211, 5, 24576, 804, 23454, 42, 11
2025/01/04 21:54:02.312, 5, 24576, 804, 23454, 42, 11
2025/01/04 21:54:02.413, 5, 24576, 804, 23454, 42, 11
2025/01/04 21:54:02.514, 5, 24576, 804, 23454, 42, 11
2025/01/04 21:54:02.614, 5, 24576, 804, 23454, 42, 11
2025/01/04 21:54:02.715, 5, 24576, 804, 23454, 42, 11
2025/01/04 21:54:02.816, 5, 24576, 804, 23454, 42, 11
2025/01/04 21:54:02.916, 5, 24576, 804, 23454, 42, 11
2025/01/04 21:54:03.017, 5, 24576, 804, 23454, 43, 11
2025/01/04 21:54:03.118, 5, 24576, 804, 23454, 43, 11
2025/01/04 21:54:03.220, 5, 24576, 804, 23454, 43, 11
2025/01/04 21:54:03.320, 5, 24576, 804, 23454, 43, 11
2025/01/04 21:54:03.421, 5, 24576, 804, 23454, 44, 12
2025/01/04 21:54:03.522, 5, 24576, 804, 23454, 44, 12
2025/01/04 21:54:03.623, 5, 24576, 804, 23454, 42, 11
2025/01/04 21:54:03.724, 5, 24576, 804, 23454, 42, 11
2025/01/04 21:54:03.825, 5, 24576, 804, 23454, 42, 11
2025/01/04 21:54:03.926, 5, 24576, 804, 23454, 42, 11
2025/01/04 21:54:04.027, 5, 24576, 804, 23454, 42, 11
2025/01/04 21:54:04.128, 5, 24576, 804, 23454, 42, 11
2025/01/04 21:54:04.229, 5, 24576, 804, 23454, 42, 11
2025/01/04 21:54:04.329, 5, 24576, 804, 23454, 42, 11
2025/01/04 21:54:04.430, 5, 24576, 804, 23454, 43, 11
2025/01/04 21:54:04.531, 5, 24576, 804, 23454, 43, 11
2025/01/04 21:54:04.631, 5, 24576, 804, 23454, 42, 11
2025/01/04 21:54:04.732, 5, 24576, 804, 23454, 42, 11
2025/01/04 21:54:04.833, 5, 24576, 804, 23454, 46, 12
2025/01/04 21:54:04.933, 5, 24576, 804, 23454, 46, 12
2025/01/04 21:54:05.034, 5, 24576, 804, 23454, 41, 11
2025/01/04 21:54:05.135, 5, 24576, 804, 23454, 41, 11
2025/01/04 21:54:05.236, 5, 24576, 804, 23454, 42, 11
2025/01/04 21:54:05.336, 5, 24576, 804, 23454, 42, 11
2025/01/04 21:54:05.437, 5, 24576, 804, 23454, 43, 11
2025/01/04 21:54:05.538, 5, 24576, 804, 23454, 43, 11
2025/01/04 21:54:05.639, 5, 24576, 804, 23454, 41, 11
2025/01/04 21:54:05.739, 5, 24576, 804, 23454, 41, 11
2025/01/04 21:54:05.840, 5, 24576, 804, 23454, 42, 11
2025/01/04 21:54:05.941, 5, 24576, 804, 23454, 42, 11
2025/01/04 21:54:06.042, 5, 24576, 804, 23454, 42, 11
2025/01/04 21:54:06.143, 5, 24576, 804, 23454, 42, 11
2025/01/04 21:54:06.244, 5, 24576, 804, 23454, 40, 11
2025/01/04 21:54:06.346, 5, 24576, 804, 23454, 40, 11
2025/01/04 21:54:06.447, 5, 24576, 804, 23454, 42, 11
2025/01/04 21:54:06.548, 5, 24576, 804, 23454, 42, 11
2025/01/04 21:54:06.648, 5, 24576, 804, 23454, 43, 11
2025/01/04 21:54:06.749, 5, 24576, 804, 23454, 43, 11
2025/01/04 21:54:06.850, 5, 24576, 804, 23454, 43, 12
2025/01/04 21:54:06.950, 5, 24576, 804, 23454, 43, 12
2025/01/04 21:54:07.051, 5, 24576, 804, 23454, 44, 12
2025/01/04 21:54:07.152, 5, 24576, 804, 23454, 44, 12
2025/01/04 21:54:07.252, 5, 24576, 804, 23454, 42, 11
2025/01/04 21:54:07.353, 5, 24576, 804, 23454, 42, 11
2025/01/04 21:54:07.454, 5, 24576, 804, 23454, 43, 11
2025/01/04 21:54:07.555, 5, 24576, 804, 23454, 43, 11
2025/01/04 21:54:07.655, 5, 24576, 804, 23454, 42, 11
2025/01/04 21:54:07.756, 5, 24576, 804, 23454, 42, 11
2025/01/04 21:54:07.857, 5, 24576, 804, 23454, 42, 11
2025/01/04 21:54:07.958, 5, 24576, 804, 23454, 42, 11
2025/01/04 21:54:08.058, 5, 24576, 804, 23454, 43, 11
2025/01/04 21:54:08.159, 5, 24576, 804, 23454, 43, 11
2025/01/04 21:54:08.260, 5, 24576, 804, 23454, 43, 11
2025/01/04 21:54:08.361, 5, 24576, 804, 23454, 43, 11
2025/01/04 21:54:08.462, 5, 24576, 804, 23454, 43, 11
2025/01/04 21:54:08.563, 5, 24576, 804, 23454, 43, 11
2025/01/04 21:54:08.665, 5, 24576, 804, 23454, 43, 11
2025/01/04 21:54:08.766, 5, 24576, 804, 23454, 42, 11
2025/01/04 21:54:08.867, 5, 24576, 804, 23454, 42, 11
2025/01/04 21:54:08.968, 5, 24576, 804, 23454, 43, 11
2025/01/04 21:54:09.068, 5, 24576, 804, 23454, 43, 11
2025/01/04 21:54:09.169, 5, 24576, 804, 23454, 42, 11
2025/01/04 21:54:09.270, 5, 24576, 804, 23454, 42, 11
2025/01/04 21:54:09.371, 5, 24576, 804, 23454, 42, 11
2025/01/04 21:54:09.471, 5, 24576, 804, 23454, 42, 11
2025/01/04 21:54:09.572, 5, 24576, 804, 23454, 43, 11
2025/01/04 21:54:09.673, 5, 24576, 804, 23454, 43, 11
2025/01/04 21:54:09.773, 5, 24576, 804, 23454, 42, 11
2025/01/04 21:54:09.874, 5, 24576, 804, 23454, 42, 11
2025/01/04 21:54:09.975, 5, 24576, 804, 23454, 42, 11
2025/01/04 21:54:10.075, 5, 24576, 804, 23454, 42, 11
2025/01/04 21:54:10.176, 5, 24576, 804, 23454, 42, 11
2025/01/04 21:54:10.277, 5, 24576, 804, 23454, 42, 11
2025/01/04 21:54:10.378, 5, 24576, 804, 23454, 43, 11
2025/01/04 21:54:10.479, 5, 24576, 804, 23454, 43, 11
2025/01/04 21:54:10.579, 5, 24576, 804, 23454, 42, 11
2025/01/04 21:54:10.680, 5, 24576, 804, 23454, 42, 11
2025/01/04 21:54:10.781, 5, 24576, 804, 23454, 43, 11
2025/01/04 21:54:10.882, 5, 24576, 804, 23454, 43, 11
2025/01/04 21:54:10.983, 5, 24576, 804, 23454, 42, 11
2025/01/04 21:54:11.084, 5, 24576, 804, 23454, 42, 11
2025/01/04 21:54:11.184, 5, 24576, 804, 23454, 42, 11
2025/01/04 21:54:11.285, 5, 24576, 804, 23454, 42, 11
2025/01/04 21:54:11.386, 5, 24576, 804, 23454, 42, 11
2025/01/04 21:54:11.487, 5, 24576, 804, 23454, 42, 11
2025/01/04 21:54:11.587, 5, 24576, 804, 23454, 43, 11
2025/01/04 21:54:11.688, 5, 24576, 804, 23454, 43, 11
2025/01/04 21:54:11.789, 5, 24576, 804, 23454, 42, 11
2025/01/04 21:54:11.890, 5, 24576, 804, 23454, 42, 11
2025/01/04 21:54:11.990, 5, 24576, 804, 23454, 42, 11
2025/01/04 21:54:12.091, 5, 24576, 804, 23454, 42, 11
2025/01/04 21:54:12.192, 5, 24576, 804, 23454, 43, 11
2025/01/04 21:54:12.292, 5, 24576, 804, 23454, 43, 11
2025/01/04 21:54:12.393, 5, 24576, 804, 23454, 43, 11
2025/01/04 21:54:12.494, 5, 24576, 804, 23454, 43, 11
2025/01/04 21:54:12.595, 5, 24576, 804, 23454, 43, 11
2025/01/04 21:54:12.695, 5, 24576, 804, 23454, 43, 11
2025/01/04 21:54:12.796, 5, 24576, 804, 23454, 42, 11
2025/01/04 21:54:12.897, 5, 24576, 804, 23454, 42, 11
2025/01/04 21:54:12.997, 5, 24576, 804, 23454, 43, 11
2025/01/04 21:54:13.098, 5, 24576, 804, 23454, 43, 11
2025/01/04 21:54:13.199, 5, 24576, 804, 23454, 43, 11
2025/01/04 21:54:13.299, 5, 24576, 804, 23454, 43, 11
2025/01/04 21:54:13.400, 5, 24576, 804, 23454, 43, 11
2025/01/04 21:54:13.501, 5, 24576, 804, 23454, 43, 11
2025/01/04 21:54:13.602, 5, 24576, 804, 23454, 43, 11
2025/01/04 21:54:13.703, 5, 24576, 804, 23454, 43, 11
2025/01/04 21:54:13.804, 5, 24576, 804, 23454, 42, 11
2025/01/04 21:54:13.905, 5, 24576, 804, 23454, 42, 11
2025/01/04 21:54:14.006, 5, 24576, 804, 23454, 46, 12
2025/01/04 21:54:14.106, 5, 24576, 804, 23454, 46, 12
2025/01/04 21:54:14.207, 5, 24576, 804, 23454, 42, 11
2025/01/04 21:54:14.308, 5, 24576, 804, 23454, 42, 11
2025/01/04 21:54:14.408, 5, 24576, 804, 23454, 43, 11
2025/01/04 21:54:14.509, 5, 24576, 804, 23454, 43, 11
2025/01/04 21:54:14.610, 5, 24576, 804, 23454, 43, 11
2025/01/04 21:54:14.711, 5, 24576, 804, 23454, 43, 11
2025/01/04 21:54:14.811, 5, 24576, 804, 23454, 43, 11
2025/01/04 21:54:14.912, 5, 24576, 804, 23454, 43, 11
2025/01/04 21:54:15.013, 5, 24576, 804, 23454, 43, 11
2025/01/04 21:54:15.114, 5, 24576, 804, 23454, 43, 11
2025/01/04 21:54:15.214, 5, 24576, 804, 23454, 43, 11
2025/01/04 21:54:15.315, 5, 24576, 804, 23454, 43, 11
2025/01/04 21:54:15.416, 5, 24576, 804, 23454, 41, 11
2025/01/04 21:54:15.516, 5, 24576, 804, 23454, 41, 11
2025/01/04 21:54:15.617, 5, 24576, 804, 23454, 42, 11
2025/01/04 21:54:15.718, 5, 24576, 804, 23454, 42, 11
2025/01/04 21:54:15.818, 5, 24576, 804, 23454, 43, 11
2025/01/04 21:54:15.919, 5, 24576, 804, 23454, 43, 11
2025/01/04 21:54:16.020, 5, 24576, 804, 23454, 42, 11
2025/01/04 21:54:16.121, 5, 24576, 804, 23454, 42, 11
2025/01/04 21:54:16.222, 5, 24576, 804, 23454, 42, 11
2025/01/04 21:54:16.323, 5, 24576, 804, 23454, 42, 11
2025/01/04 21:54:16.424, 5, 24576, 804, 23454, 44, 12
2025/01/04 21:54:16.525, 5, 24576, 804, 23454, 44, 12
2025/01/04 21:54:16.626, 5, 24576, 804, 23454, 43, 11
2025/01/04 21:54:16.727, 5, 24576, 804, 23454, 43, 11
2025/01/04 21:54:16.827, 5, 24576, 804, 23454, 43, 11
2025/01/04 21:54:16.928, 5, 24576, 804, 23454, 43, 11
2025/01/04 21:54:17.029, 5, 24576, 804, 23454, 43, 11
2025/01/04 21:54:17.129, 5, 24576, 804, 23454, 43, 11
2025/01/04 21:54:17.230, 5, 24576, 804, 23454, 43, 11
2025/01/04 21:54:17.331, 5, 24576, 804, 23454, 43, 11
2025/01/04 21:54:17.432, 5, 24576, 804, 23454, 43, 11
2025/01/04 21:54:17.532, 5, 24576, 804, 23454, 43, 11
2025/01/04 21:54:17.633, 5, 24576, 804, 23454, 42, 11
2025/01/04 21:54:17.734, 5, 24576, 804, 23454, 42, 11
2025/01/04 21:54:17.835, 5, 24576, 804, 23454, 43, 11
2025/01/04 21:54:17.935, 5, 24576, 804, 23454, 43, 11
2025/01/04 21:54:18.036, 5, 24576, 804, 23454, 43, 11
2025/01/04 21:54:18.137, 5, 24576, 804, 23454, 43, 11
2025/01/04 21:54:18.237, 5, 24576, 804, 23454, 43, 11
2025/01/04 21:54:18.338, 5, 24576, 804, 23454, 43, 11
2025/01/04 21:54:18.439, 5, 24576, 804, 23454, 43, 11
2025/01/04 21:54:18.541, 5, 24576, 804, 23454, 43, 11
2025/01/04 21:54:18.642, 5, 24576, 804, 23454, 43, 11
2025/01/04 21:54:18.743, 5, 24576, 804, 23454, 43, 11
2025/01/04 21:54:18.843, 5, 24576, 804, 23454, 43, 11
2025/01/04 21:54:18.944, 5, 24576, 804, 23454, 43, 11
2025/01/04 21:54:19.045, 5, 24576, 804, 23454, 43, 11
2025/01/04 21:54:19.145, 5, 24576, 804, 23454, 43, 11
2025/01/04 21:54:19.246, 5, 24576, 804, 23454, 42, 11
2025/01/04 21:54:19.347, 5, 24576, 804, 23454, 42, 11
2025/01/04 21:54:19.448, 5, 24576, 804, 23454, 42, 11
2025/01/04 21:54:19.548, 5, 24576, 804, 23454, 42, 11
2025/01/04 21:54:19.649, 5, 24576, 804, 23454, 42, 11
2025/01/04 21:54:19.750, 5, 24576, 804, 23454, 42, 11
2025/01/04 21:54:19.850, 5, 24576, 804, 23454, 43, 11
2025/01/04 21:54:19.951, 5, 24576, 804, 23454, 43, 11
2025/01/04 21:54:20.052, 5, 24576, 804, 23454, 42, 11
2025/01/04 21:54:20.153, 5, 24576, 804, 23454, 42, 11
2025/01/04 21:54:20.253, 5, 24576, 804, 23454, 44, 12
2025/01/04 21:54:20.354, 5, 24576, 804, 23454, 44, 12
2025/01/04 21:54:20.455, 5, 24576, 804, 23454, 43, 11
2025/01/04 21:54:20.555, 5, 24576, 804, 23454, 43, 11
2025/01/04 21:54:20.656, 5, 24576, 804, 23454, 43, 11
2025/01/04 21:54:20.757, 5, 24576, 804, 23454, 43, 11
2025/01/04 21:54:20.858, 5, 24576, 804, 23454, 43, 11
2025/01/04 21:54:20.959, 5, 24576, 804, 23454, 43, 11
2025/01/04 21:54:21.062, 5, 24576, 804, 23454, 43, 11
2025/01/04 21:54:21.163, 5, 24576, 804, 23454, 43, 11
2025/01/04 21:54:21.264, 5, 24576, 804, 23454, 43, 11
2025/01/04 21:54:21.365, 5, 24576, 804, 23454, 42, 11
2025/01/04 21:54:21.466, 5, 24576, 804, 23454, 42, 11
2025/01/04 21:54:21.567, 5, 24576, 804, 23454, 41, 11
2025/01/04 21:54:21.668, 5, 24576, 804, 23454, 41, 11
2025/01/04 21:54:21.768, 5, 24576, 804, 23454, 43, 11
2025/01/04 21:54:21.869, 5, 24576, 804, 23454, 43, 11
2025/01/04 21:54:21.970, 5, 24576, 804, 23454, 43, 11
2025/01/04 21:54:22.071, 5, 24576, 804, 23454, 43, 11
2025/01/04 21:54:22.171, 5, 24576, 804, 23454, 42, 11
2025/01/04 21:54:22.272, 5, 24576, 804, 23454, 42, 11
2025/01/04 21:54:22.373, 5, 24576, 804, 23454, 43, 11
2025/01/04 21:54:22.473, 5, 24576, 804, 23454, 43, 11
2025/01/04 21:54:22.574, 5, 24576, 804, 23454, 44, 12
2025/01/04 21:54:22.675, 5, 24576, 804, 23454, 44, 12
2025/01/04 21:54:22.775, 5, 24576, 804, 23454, 43, 11
2025/01/04 21:54:22.876, 5, 24576, 804, 23454, 43, 11
2025/01/04 21:54:22.977, 5, 24576, 804, 23454, 43, 11
2025/01/04 21:54:23.078, 5, 24576, 804, 23454, 43, 11
2025/01/04 21:54:23.179, 5, 24576, 804, 23454, 43, 11
2025/01/04 21:54:23.280, 5, 24576, 804, 23454, 43, 11
2025/01/04 21:54:23.381, 5, 24576, 804, 23454, 23, 6
2025/01/04 21:54:23.482, 5, 24576, 804, 23454, 23, 6
2025/01/04 21:54:23.582, 5, 24576, 804, 23454, 0, 0
2025/01/04 21:54:23.683, 5, 24576, 804, 23454, 0, 0
2025/01/04 21:54:23.784, 5, 24576, 804, 23454, 0, 0
2025/01/04 21:54:23.884, 5, 24576, 804, 23454, 0, 0
2025/01/04 21:54:23.985, 5, 24576, 804, 23454, 0, 0
2025/01/04 21:54:24.086, 5, 24576, 804, 23454, 0, 0
2025/01/04 21:54:24.186, 5, 24576, 804, 23454, 0, 0
2025/01/04 21:54:24.287, 5, 24576, 804, 23454, 0, 0
2025/01/04 21:54:24.388, 5, 24576, 804, 23454, 0, 0
2025/01/04 21:54:24.488, 5, 24576, 804, 23454, 0, 0
2025/01/04 21:54:24.590, 5, 24576, 804, 23454, 0, 0
2025/01/04 21:54:24.691, 5, 24576, 804, 23454, 0, 0
2025/01/04 21:54:24.791, 5, 24576, 804, 23454, 0, 0
2025/01/04 21:54:24.892, 5, 24576, 804, 23454, 0, 0
2025/01/04 21:54:24.993, 5, 24576, 804, 23454, 0, 0
2025/01/04 21:54:25.093, 5, 24576, 804, 23454, 0, 0
2025/01/04 21:54:25.194, 5, 24576, 804, 23454, 0, 0
2025/01/04 21:54:25.295, 5, 24576, 804, 23454, 0, 0
2025/01/04 21:54:25.396, 5, 24576, 804, 23454, 0, 0
2025/01/04 21:54:25.496, 5, 24576, 804, 23454, 0, 0
2025/01/04 21:54:25.597, 5, 24576, 804, 23454, 0, 0
2025/01/04 21:54:25.698, 5, 24576, 804, 23454, 0, 0
2025/01/04 21:54:25.798, 5, 24576, 804, 23454, 0, 0
2025/01/04 21:54:25.899, 5, 24576, 804, 23454, 0, 0
2025/01/04 21:54:26.000, 5, 24576, 804, 23454, 0, 0
2025/01/04 21:54:26.100, 5, 24576, 804, 23454, 0, 0
2025/01/04 21:54:26.201, 5, 24576, 804, 23454, 0, 0
2025/01/04 21:54:26.302, 5, 24576, 804, 23454, 0, 0
2025/01/04 21:54:26.402, 5, 24576, 804, 23454, 0, 0
2025/01/04 21:54:26.503, 5, 24576, 804, 23454, 0, 0
2025/01/04 21:54:26.604, 5, 24576, 804, 23454, 0, 0
2025/01/04 21:54:26.704, 5, 24576, 804, 23454, 0, 0
2025/01/04 21:54:26.805, 5, 24576, 804, 23454, 0, 0
2025/01/04 21:54:26.906, 5, 24576, 804, 23454, 0, 0
2025/01/04 21:54:27.006, 5, 24576, 804, 23454, 0, 0
2025/01/04 21:54:27.107, 5, 24576, 804, 23454, 0, 0
2025/01/04 21:54:27.208, 5, 24576, 804, 23454, 0, 0
2025/01/04 21:54:27.308, 5, 24576, 804, 23454, 0, 0
2025/01/04 21:54:27.409, 5, 24576, 804, 23454, 0, 0
2025/01/04 21:54:27.510, 5, 24576, 804, 23454, 0, 0
2025/01/04 21:54:27.610, 5, 24576, 804, 23454, 0, 0
2025/01/04 21:54:27.711, 5, 24576, 804, 23454, 0, 0
2025/01/04 21:54:27.812, 5, 24576, 804, 23454, 0, 0
2025/01/04 21:54:27.912, 5, 24576, 804, 23454, 0, 0
2025/01/04 21:54:28.013, 5, 24576, 804, 23454, 0, 0
2025/01/04 21:54:28.114, 5, 24576, 804, 23454, 0, 0
2025/01/04 21:54:28.214, 5, 24576, 804, 23454, 0, 0
2025/01/04 21:54:28.315, 5, 24576, 804, 23454, 0, 0
2025/01/04 21:54:28.415, 5, 24576, 804, 23454, 0, 0
2025/01/04 21:54:28.516, 5, 24576, 804, 23454, 0, 0
2025/01/04 21:54:28.617, 5, 24576, 804, 23454, 0, 0
2025/01/04 21:54:28.717, 5, 24576, 804, 23454, 0, 0
2025/01/04 21:54:28.818, 5, 24576, 804, 23454, 0, 0
2025/01/04 21:54:28.919, 5, 24576, 804, 23454, 0, 0
2025/01/04 21:54:29.019, 5, 24576, 804, 23454, 0, 0
2025/01/04 21:54:29.120, 5, 24576, 804, 23454, 0, 0
2025/01/04 21:54:29.220, 5, 24576, 804, 23454, 0, 0
2025/01/04 21:54:29.321, 5, 24576, 804, 23454, 0, 0
2025/01/04 21:54:29.421, 5, 24576, 804, 23454, 0, 0
2025/01/04 21:54:29.522, 5, 24576, 804, 23454, 0, 0
2025/01/04 21:54:29.623, 5, 24576, 804, 23454, 0, 0
2025/01/04 21:54:29.723, 5, 24576, 804, 23454, 0, 0
2025/01/04 21:54:29.824, 5, 24576, 804, 23454, 0, 0
2025/01/04 21:54:29.924, 5, 24576, 804, 23454, 0, 0
2025/01/04 21:54:30.025, 5, 24576, 804, 23454, 0, 0
2025/01/04 21:54:30.126, 5, 24576, 804, 23454, 0, 0
2025/01/04 21:54:30.226, 5, 24576, 804, 23454, 0, 0
2025/01/04 21:54:30.327, 5, 24576, 804, 23454, 0, 0
2025/01/04 21:54:30.427, 5, 24576, 804, 23454, 0, 0
2025/01/04 21:54:30.528, 5, 24576, 804, 23454, 0, 0
2025/01/04 21:54:30.629, 5, 24576, 804, 23454, 0, 0
2025/01/04 21:54:30.730, 5, 24576, 804, 23454, 0, 0
2025/01/04 21:54:30.831, 5, 24576, 804, 23454, 0, 0
2025/01/04 21:54:30.932, 5, 24576, 804, 23454, 0, 0
2025/01/04 21:54:31.033, 5, 24576, 804, 23454, 0, 0
2025/01/04 21:54:31.133, 5, 24576, 804, 23454, 0, 0
2025/01/04 21:54:31.234, 5, 24576, 804, 23454, 0, 0
2025/01/04 21:54:31.335, 5, 24576, 804, 23454, 0, 0
2025/01/04 21:54:31.436, 5, 24576, 804, 23454, 0, 0
2025/01/04 21:54:31.537, 5, 24576, 804, 23454, 0, 0
2025/01/04 21:54:31.637, 5, 24576, 804, 23454, 0, 0
2025/01/04 21:54:31.738, 5, 24576, 804, 23454, 0, 0
2025/01/04 21:54:31.839, 5, 24576, 804, 23454, 0, 0
2025/01/04 21:54:31.939, 5, 24576, 804, 23454, 0, 0
2025/01/04 21:54:32.040, 5, 24576, 804, 23454, 0, 0
2025/01/04 21:54:32.140, 5, 24576, 804