timestamp, index, memory.total [MiB], memory.used [MiB], memory.free [MiB], utilization.gpu [%], utilization.memory [%]
2025/01/04 22:06:46.784, 5, 24576, 372, 23886, 0, 0
2025/01/04 22:06:46.885, 5, 24576, 372, 23886, 0, 0
2025/01/04 22:06:46.985, 5, 24576, 372, 23886, 0, 0
2025/01/04 22:06:47.086, 5, 24576, 372, 23886, 0, 0
2025/01/04 22:06:47.186, 5, 24576, 372, 23886, 0, 0
2025/01/04 22:06:47.287, 5, 24576, 372, 23886, 0, 0
2025/01/04 22:06:47.388, 5, 24576, 372, 23886, 0, 0
2025/01/04 22:06:47.489, 5, 24576, 428, 23830, 0, 0
2025/01/04 22:06:47.590, 5, 24576, 596, 23662, 9, 0
2025/01/04 22:06:47.691, 5, 24576, 596, 23662, 9, 0
2025/01/04 22:06:47.792, 5, 24576, 596, 23662, 1, 0
2025/01/04 22:06:47.893, 5, 24576, 596, 23662, 1, 0
2025/01/04 22:06:47.994, 5, 24576, 596, 23662, 0, 0
2025/01/04 22:06:48.094, 5, 24576, 596, 23662, 0, 0
2025/01/04 22:06:48.195, 5, 24576, 628, 23630, 3, 1
2025/01/04 22:06:48.296, 5, 24576, 628, 23630, 3, 1
2025/01/04 22:06:48.397, 5, 24576, 628, 23630, 22, 6
2025/01/04 22:06:48.497, 5, 24576, 628, 23630, 22, 6
2025/01/04 22:06:48.598, 5, 24576, 628, 23630, 23, 6
2025/01/04 22:06:48.699, 5, 24576, 628, 23630, 23, 6
2025/01/04 22:06:48.800, 5, 24576, 628, 23630, 23, 6
2025/01/04 22:06:48.901, 5, 24576, 628, 23630, 23, 6
2025/01/04 22:06:49.001, 5, 24576, 628, 23630, 25, 6
2025/01/04 22:06:49.102, 5, 24576, 628, 23630, 25, 6
2025/01/04 22:06:49.203, 5, 24576, 628, 23630, 25, 6
2025/01/04 22:06:49.304, 5, 24576, 628, 23630, 25, 6
2025/01/04 22:06:49.405, 5, 24576, 628, 23630, 24, 6
2025/01/04 22:06:49.506, 5, 24576, 628, 23630, 24, 6
2025/01/04 22:06:49.607, 5, 24576, 628, 23630, 23, 6
2025/01/04 22:06:49.708, 5, 24576, 628, 23630, 23, 6
2025/01/04 22:06:49.808, 5, 24576, 628, 23630, 24, 6
2025/01/04 22:06:49.909, 5, 24576, 628, 23630, 24, 6
2025/01/04 22:06:50.010, 5, 24576, 628, 23630, 24, 6
2025/01/04 22:06:50.111, 5, 24576, 628, 23630, 24, 6
2025/01/04 22:06:50.211, 5, 24576, 628, 23630, 24, 6
2025/01/04 22:06:50.313, 5, 24576, 628, 23630, 24, 6
2025/01/04 22:06:50.413, 5, 24576, 628, 23630, 24, 6
2025/01/04 22:06:50.514, 5, 24576, 628, 23630, 24, 6
2025/01/04 22:06:50.615, 5, 24576, 628, 23630, 24, 6
2025/01/04 22:06:50.716, 5, 24576, 628, 23630, 24, 6
2025/01/04 22:06:50.816, 5, 24576, 628, 23630, 24, 6
2025/01/04 22:06:50.917, 5, 24576, 628, 23630, 24, 6
2025/01/04 22:06:51.018, 5, 24576, 628, 23630, 24, 6
2025/01/04 22:06:51.119, 5, 24576, 628, 23630, 24, 6
2025/01/04 22:06:51.220, 5, 24576, 628, 23630, 23, 6
2025/01/04 22:06:51.320, 5, 24576, 628, 23630, 23, 6
2025/01/04 22:06:51.421, 5, 24576, 628, 23630, 23, 6
2025/01/04 22:06:51.522, 5, 24576, 628, 23630, 23, 6
2025/01/04 22:06:51.622, 5, 24576, 628, 23630, 24, 6
2025/01/04 22:06:51.723, 5, 24576, 628, 23630, 24, 6
2025/01/04 22:06:51.824, 5, 24576, 628, 23630, 24, 6
2025/01/04 22:06:51.925, 5, 24576, 628, 23630, 24, 6
2025/01/04 22:06:52.028, 5, 24576, 628, 23630, 24, 6
2025/01/04 22:06:52.129, 5, 24576, 628, 23630, 24, 6
2025/01/04 22:06:52.229, 5, 24576, 628, 23630, 24, 6
2025/01/04 22:06:52.330, 5, 24576, 628, 23630, 24, 6
2025/01/04 22:06:52.431, 5, 24576, 628, 23630, 24, 6
2025/01/04 22:06:52.531, 5, 24576, 628, 23630, 22, 6
2025/01/04 22:06:52.632, 5, 24576, 628, 23630, 22, 6
2025/01/04 22:06:52.733, 5, 24576, 628, 23630, 24, 6
2025/01/04 22:06:52.834, 5, 24576, 628, 23630, 24, 6
2025/01/04 22:06:52.934, 5, 24576, 628, 23630, 24, 6
2025/01/04 22:06:53.036, 5, 24576, 628, 23630, 24, 6
2025/01/04 22:06:53.137, 5, 24576, 628, 23630, 24, 6
2025/01/04 22:06:53.237, 5, 24576, 628, 23630, 24, 6
2025/01/04 22:06:53.338, 5, 24576, 628, 23630, 22, 6
2025/01/04 22:06:53.439, 5, 24576, 628, 23630, 22, 6
2025/01/04 22:06:53.539, 5, 24576, 628, 23630, 24, 6
2025/01/04 22:06:53.640, 5, 24576, 628, 23630, 24, 6
2025/01/04 22:06:53.741, 5, 24576, 628, 23630, 24, 6
2025/01/04 22:06:53.842, 5, 24576, 628, 23630, 24, 6
2025/01/04 22:06:53.942, 5, 24576, 628, 23630, 25, 6
2025/01/04 22:06:54.044, 5, 24576, 628, 23630, 25, 6
2025/01/04 22:06:54.145, 5, 24576, 628, 23630, 25, 6
2025/01/04 22:06:54.246, 5, 24576, 628, 23630, 25, 6
2025/01/04 22:06:54.346, 5, 24576, 628, 23630, 23, 6
2025/01/04 22:06:54.447, 5, 24576, 628, 23630, 23, 6
2025/01/04 22:06:54.548, 5, 24576, 628, 23630, 24, 6
2025/01/04 22:06:54.649, 5, 24576, 628, 23630, 24, 6
2025/01/04 22:06:54.750, 5, 24576, 628, 23630, 23, 6
2025/01/04 22:06:54.852, 5, 24576, 628, 23630, 23, 6
2025/01/04 22:06:54.952, 5, 24576, 628, 23630, 24, 6
2025/01/04 22:06:55.053, 5, 24576, 628, 23630, 24, 6
2025/01/04 22:06:55.154, 5, 24576, 628, 23630, 24, 6
2025/01/04 22:06:55.255, 5, 24576, 628, 23630, 24, 6
2025/01/04 22:06:55.355, 5, 24576, 628, 23630, 24, 6
2025/01/04 22:06:55.456, 5, 24576, 628, 23630, 24, 6
2025/01/04 22:06:55.557, 5, 24576, 628, 23630, 23, 6
2025/01/04 22:06:55.658, 5, 24576, 628, 23630, 23, 6
2025/01/04 22:06:55.760, 5, 24576, 628, 23630, 26, 7
2025/01/04 22:06:55.860, 5, 24576, 628, 23630, 26, 7
2025/01/04 22:06:55.961, 5, 24576, 628, 23630, 25, 6
2025/01/04 22:06:56.062, 5, 24576, 628, 23630, 25, 6
2025/01/04 22:06:56.163, 5, 24576, 628, 23630, 25, 6
2025/01/04 22:06:56.264, 5, 24576, 628, 23630, 25, 6
2025/01/04 22:06:56.365, 5, 24576, 628, 23630, 24, 6
2025/01/04 22:06:56.466, 5, 24576, 628, 23630, 24, 6
2025/01/04 22:06:56.566, 5, 24576, 628, 23630, 24, 6
2025/01/04 22:06:56.667, 5, 24576, 628, 23630, 24, 6
2025/01/04 22:06:56.768, 5, 24576, 628, 23630, 24, 6
2025/01/04 22:06:56.869, 5, 24576, 628, 23630, 24, 6
2025/01/04 22:06:56.970, 5, 24576, 628, 23630, 24, 6
2025/01/04 22:06:57.071, 5, 24576, 628, 23630, 24, 6
2025/01/04 22:06:57.171, 5, 24576, 628, 23630, 24, 6
2025/01/04 22:06:57.272, 5, 24576, 628, 23630, 24, 6
2025/01/04 22:06:57.373, 5, 24576, 628, 23630, 24, 6
2025/01/04 22:06:57.473, 5, 24576, 628, 23630, 24, 6
2025/01/04 22:06:57.574, 5, 24576, 628, 23630, 24, 6
2025/01/04 22:06:57.675, 5, 24576, 628, 23630, 24, 6
2025/01/04 22:06:57.776, 5, 24576, 628, 23630, 24, 6
2025/01/04 22:06:57.877, 5, 24576, 628, 23630, 24, 6
2025/01/04 22:06:57.977, 5, 24576, 628, 23630, 24, 6
2025/01/04 22:06:58.078, 5, 24576, 628, 23630, 24, 6
2025/01/04 22:06:58.179, 5, 24576, 628, 23630, 23, 6
2025/01/04 22:06:58.280, 5, 24576, 628, 23630, 23, 6
2025/01/04 22:06:58.380, 5, 24576, 628, 23630, 23, 6
2025/01/04 22:06:58.481, 5, 24576, 628, 23630, 23, 6
2025/01/04 22:06:58.582, 5, 24576, 628, 23630, 26, 7
2025/01/04 22:06:58.683, 5, 24576, 628, 23630, 26, 7
2025/01/04 22:06:58.784, 5, 24576, 628, 23630, 25, 6
2025/01/04 22:06:58.885, 5, 24576, 628, 23630, 25, 6
2025/01/04 22:06:58.986, 5, 24576, 628, 23630, 24, 6
2025/01/04 22:06:59.087, 5, 24576, 628, 23630, 24, 6
2025/01/04 22:06:59.188, 5, 24576, 628, 23630, 24, 6
2025/01/04 22:06:59.288, 5, 24576, 628, 23630, 24, 6
2025/01/04 22:06:59.389, 5, 24576, 628, 23630, 24, 6
2025/01/04 22:06:59.490, 5, 24576, 628, 23630, 24, 6
2025/01/04 22:06:59.591, 5, 24576, 628, 23630, 24, 6
2025/01/04 22:06:59.691, 5, 24576, 628, 23630, 24, 6
2025/01/04 22:06:59.792, 5, 24576, 628, 23630, 24, 6
2025/01/04 22:06:59.893, 5, 24576, 628, 23630, 24, 6
2025/01/04 22:06:59.994, 5, 24576, 628, 23630, 24, 6
2025/01/04 22:07:00.094, 5, 24576, 628, 23630, 24, 6
2025/01/04 22:07:00.195, 5, 24576, 628, 23630, 24, 6
2025/01/04 22:07:00.296, 5, 24576, 628, 23630, 24, 6
2025/01/04 22:07:00.397, 5, 24576, 628, 23630, 24, 6
2025/01/04 22:07:00.497, 5, 24576, 628, 23630, 24, 6
2025/01/04 22:07:00.598, 5, 24576, 628, 23630, 25, 6
2025/01/04 22:07:00.699, 5, 24576, 628, 23630, 25, 6
2025/01/04 22:07:00.800, 5, 24576, 628, 23630, 24, 6
2025/01/04 22:07:00.900, 5, 24576, 628, 23630, 24, 6
2025/01/04 22:07:01.001, 5, 24576, 628, 23630, 24, 6
2025/01/04 22:07:01.102, 5, 24576, 628, 23630, 24, 6
2025/01/04 22:07:01.204, 5, 24576, 628, 23630, 25, 6
2025/01/04 22:07:01.305, 5, 24576, 628, 23630, 25, 6
2025/01/04 22:07:01.405, 5, 24576, 628, 23630, 26, 7
2025/01/04 22:07:01.506, 5, 24576, 628, 23630, 26, 7
2025/01/04 22:07:01.607, 5, 24576, 628, 23630, 25, 6
2025/01/04 22:07:01.708, 5, 24576, 628, 23630, 25, 6
2025/01/04 22:07:01.808, 5, 24576, 628, 23630, 24, 6
2025/01/04 22:07:01.909, 5, 24576, 628, 23630, 24, 6
2025/01/04 22:07:02.010, 5, 24576, 628, 23630, 24, 6
2025/01/04 22:07:02.111, 5, 24576, 628, 23630, 24, 6
2025/01/04 22:07:02.211, 5, 24576, 628, 23630, 26, 7
2025/01/04 22:07:02.312, 5, 24576, 628, 23630, 26, 7
2025/01/04 22:07:02.413, 5, 24576, 628, 23630, 25, 6
2025/01/04 22:07:02.514, 5, 24576, 628, 23630, 25, 6
2025/01/04 22:07:02.615, 5, 24576, 628, 23630, 26, 7
2025/01/04 22:07:02.715, 5, 24576, 628, 23630, 26, 7
2025/01/04 22:07:02.816, 5, 24576, 628, 23630, 24, 6
2025/01/04 22:07:02.917, 5, 24576, 628, 23630, 24, 6
2025/01/04 22:07:03.018, 5, 24576, 628, 23630, 24, 6
2025/01/04 22:07:03.119, 5, 24576, 628, 23630, 24, 6
2025/01/04 22:07:03.219, 5, 24576, 628, 23630, 24, 6
2025/01/04 22:07:03.321, 5, 24576, 628, 23630, 24, 6
2025/01/04 22:07:03.427, 5, 24576, 628, 23630, 24, 6
2025/01/04 22:07:03.528, 5, 24576, 628, 23630, 24, 6
2025/01/04 22:07:03.629, 5, 24576, 628, 23630, 24, 6
2025/01/04 22:07:03.729, 5, 24576, 628, 23630, 24, 6
2025/01/04 22:07:03.830, 5, 24576, 628, 23630, 24, 6
2025/01/04 22:07:03.931, 5, 24576, 628, 23630, 24, 6
2025/01/04 22:07:04.032, 5, 24576, 628, 23630, 24, 6
2025/01/04 22:07:04.132, 5, 24576, 628, 23630, 23, 6
2025/01/04 22:07:04.233, 5, 24576, 628, 23630, 23, 6
2025/01/04 22:07:04.334, 5, 24576, 628, 23630, 24, 6
2025/01/04 22:07:04.434, 5, 24576, 628, 23630, 24, 6
2025/01/04 22:07:04.535, 5, 24576, 628, 23630, 24, 6
2025/01/04 22:07:04.636, 5, 24576, 628, 23630, 24, 6
2025/01/04 22:07:04.736, 5, 24576, 628, 23630, 24, 6
2025/01/04 22:07:04.837, 5, 24576, 628, 23630, 24, 6
2025/01/04 22:07:04.938, 5, 24576, 628, 23630, 23, 6
2025/01/04 22:07:05.038, 5, 24576, 628, 23630, 23, 6
2025/01/04 22:07:05.139, 5, 24576, 628, 23630, 24, 6
2025/01/04 22:07:05.240, 5, 24576, 628, 23630, 24, 6
2025/01/04 22:07:05.341, 5, 24576, 628, 23630, 24, 6
2025/01/04 22:07:05.442, 5, 24576, 628, 23630, 24, 6
2025/01/04 22:07:05.543, 5, 24576, 628, 23630, 26, 7
2025/01/04 22:07:05.644, 5, 24576, 628, 23630, 26, 7
2025/01/04 22:07:05.744, 5, 24576, 628, 23630, 25, 6
2025/01/04 22:07:05.845, 5, 24576, 628, 23630, 25, 6
2025/01/04 22:07:05.946, 5, 24576, 628, 23630, 22, 6
2025/01/04 22:07:06.047, 5, 24576, 628, 23630, 22, 6
2025/01/04 22:07:06.147, 5, 24576, 628, 23630, 24, 6
2025/01/04 22:07:06.248, 5, 24576, 628, 23630, 24, 6
2025/01/04 22:07:06.349, 5, 24576, 628, 23630, 24, 6
2025/01/04 22:07:06.450, 5, 24576, 628, 23630, 24, 6
2025/01/04 22:07:06.551, 5, 24576, 628, 23630, 24, 6
2025/01/04 22:07:06.651, 5, 24576, 628, 23630, 24, 6
2025/01/04 22:07:06.752, 5, 24576, 628, 23630, 27, 7
2025/01/04 22:07:06.854, 5, 24576, 628, 23630, 27, 7
2025/01/04 22:07:06.954, 5, 24576, 628, 23630, 24, 6
2025/01/04 22:07:07.055, 5, 24576, 628, 23630, 24, 6
2025/01/04 22:07:07.156, 5, 24576, 628, 23630, 24, 6
2025/01/04 22:07:07.257, 5, 24576, 628, 23630, 24, 6
2025/01/04 22:07:07.358, 5, 24576, 628, 23630, 24, 6
2025/01/04 22:07:07.459, 5, 24576, 628, 23630, 24, 6
2025/01/04 22:07:07.560, 5, 24576, 628, 23630, 24, 6
2025/01/04 22:07:07.661, 5, 24576, 628, 23630, 24, 6
2025/01/04 22:07:07.762, 5, 24576, 628, 23630, 24, 6
2025/01/04 22:07:07.863, 5, 24576, 628, 23630, 24, 6
2025/01/04 22:07:07.963, 5, 24576, 628, 23630, 24, 6
2025/01/04 22:07:08.064, 5, 24576, 628, 23630, 24, 6
2025/01/04 22:07:08.165, 5, 24576, 628, 23630, 24, 6
2025/01/04 22:07:08.266, 5, 24576, 628, 23630, 24, 6
2025/01/04 22:07:08.368, 5, 24576, 628, 23630, 22, 6
2025/01/04 22:07:08.469, 5, 24576, 628, 23630, 22, 6
2025/01/04 22:07:08.569, 5, 24576, 628, 23630, 24, 6
2025/01/04 22:07:08.670, 5, 24576, 628, 23630, 24, 6
2025/01/04 22:07:08.771, 5, 24576, 628, 23630, 24, 6
2025/01/04 22:07:08.872, 5, 24576, 628, 23630, 24, 6
2025/01/04 22:07:08.973, 5, 24576, 628, 23630, 24, 6
2025/01/04 22:07:09.073, 5, 24576, 628, 23630, 24, 6
2025/01/04 22:07:09.174, 5, 24576, 628, 23630, 24, 6
2025/01/04 22:07:09.275, 5, 24576, 628, 23630, 24, 6
2025/01/04 22:07:09.376, 5, 24576, 628, 23630, 27, 7
2025/01/04 22:07:09.476, 5, 24576, 628, 23630, 27, 7
2025/01/04 22:07:09.577, 5, 24576, 628, 23630, 27, 7
2025/01/04 22:07:09.678, 5, 24576, 628, 23630, 27, 7
2025/01/04 22:07:09.779, 5, 24576, 628, 23630, 24, 6
2025/01/04 22:07:09.880, 5, 24576, 628, 23630, 24, 6
2025/01/04 22:07:09.981, 5, 24576, 628, 23630, 26, 7
2025/01/04 22:07:10.082, 5, 24576, 628, 23630, 26, 7
2025/01/04 22:07:10.183, 5, 24576, 628, 23630, 24, 6
2025/01/04 22:07:10.283, 5, 24576, 628, 23630, 24, 6
2025/01/04 22:07:10.384, 5, 24576, 628, 23630, 24, 6
2025/01/04 22:07:10.485, 5, 24576, 628, 23630, 24, 6
2025/01/04 22:07:10.586, 5, 24576, 628, 23630, 27, 7
2025/01/04 22:07:10.687, 5, 24576, 628, 23630, 27, 7
2025/01/04 22:07:10.787, 5, 24576, 628, 23630, 24, 6
2025/01/04 22:07:10.888, 5, 24576, 628, 23630, 24, 6
2025/01/04 22:07:10.989, 5, 24576, 628, 23630, 24, 6
2025/01/04 22:07:11.090, 5, 24576, 628, 23630, 24, 6
2025/01/04 22:07:11.190, 5, 24576, 628, 23630, 24, 6
2025/01/04 22:07:11.291, 5, 24576, 628, 23630, 24, 6
2025/01/04 22:07:11.392, 5, 24576, 628, 23630, 24, 6
2025/01/04 22:07:11.493, 5, 24576, 628, 23630, 24, 6
2025/01/04 22:07:11.593, 5, 24576, 628, 23630, 26, 7
2025/01/04 22:07:11.694, 5, 24576, 628, 23630, 26, 7
2025/01/04 22:07:11.795, 5, 24576, 628, 23630, 27, 7
2025/01/04 22:07:11.896, 5, 24576, 628, 23630, 27, 7
2025/01/04 22:07:11.997, 5, 24576, 628, 23630, 24, 6
2025/01/04 22:07:12.098, 5, 24576, 628, 23630, 24, 6
2025/01/04 22:07:12.199, 5, 24576, 628, 23630, 24, 6
2025/01/04 22:07:12.300, 5, 24576, 628, 23630, 24, 6
2025/01/04 22:07:12.401, 5, 24576, 628, 23630, 25, 6
2025/01/04 22:07:12.501, 5, 24576, 628, 23630, 25, 6
2025/01/04 22:07:12.602, 5, 24576, 628, 23630, 25, 6
2025/01/04 22:07:12.703, 5, 24576, 628, 23630, 25, 6
2025/01/04 22:07:12.804, 5, 24576, 628, 23630, 24, 6
2025/01/04 22:07:12.904, 5, 24576, 628, 23630, 24, 6
2025/01/04 22:07:13.005, 5, 24576, 628, 23630, 25, 6
2025/01/04 22:07:13.106, 5, 24576, 628, 23630, 25, 6
2025/01/04 22:07:13.207, 5, 24576, 628, 23630, 24, 6
2025/01/04 22:07:13.307, 5, 24576, 628, 23630, 24, 6
2025/01/04 22:07:13.408, 5, 24576, 628, 23630, 24, 6
2025/01/04 22:07:13.511, 5, 24576, 628, 23630, 24, 6
2025/01/04 22:07:13.611, 5, 24576, 628, 23630, 26, 7
2025/01/04 22:07:13.712, 5, 24576, 628, 23630, 26, 7
2025/01/04 22:07:13.813, 5, 24576, 628, 23630, 24, 6
2025/01/04 22:07:13.914, 5, 24576, 628, 23630, 24, 6
2025/01/04 22:07:14.014, 5, 24576, 628, 23630, 27, 7
2025/01/04 22:07:14.115, 5, 24576, 628, 23630, 27, 7
2025/01/04 22:07:14.216, 5, 24576, 628, 23630, 25, 6
2025/01/04 22:07:14.317, 5, 24576, 628, 23630, 26, 7
2025/01/04 22:07:14.421, 5, 24576, 628, 23630, 26, 7
2025/01/04 22:07:14.522, 5, 24576, 628, 23630, 26, 7
2025/01/04 22:07:14.623, 5, 24576, 628, 23630, 26, 7
2025/01/04 22:07:14.723, 5, 24576, 628, 23630, 23, 6
2025/01/04 22:07:14.824, 5, 24576, 628, 23630, 23, 6
2025/01/04 22:07:14.925, 5, 24576, 628, 23630, 22, 6
2025/01/04 22:07:15.026, 5, 24576, 628, 23630, 22, 6
2025/01/04 22:07:15.127, 5, 24576, 628, 23630, 24, 6
2025/01/04 22:07:15.228, 5, 24576, 628, 23630, 24, 6
2025/01/04 22:07:15.328, 5, 24576, 628, 23630, 27, 7
2025/01/04 22:07:15.429, 5, 24576, 628, 23630, 27, 7
2025/01/04 22:07:15.530, 5, 24576, 628, 23630, 24, 6
2025/01/04 22:07:15.631, 5, 24576, 628, 23630, 24, 6
2025/01/04 22:07:15.731, 5, 24576, 628, 23630, 24, 6
2025/01/04 22:07:15.832, 5, 24576, 628, 23630, 24, 6
2025/01/04 22:07:15.933, 5, 24576, 628, 23630, 24, 6
2025/01/04 22:07:16.033, 5, 24576, 628, 23630, 24, 6
2025/01/04 22:07:16.134, 5, 24576, 628, 23630, 24, 6
2025/01/04 22:07:16.235, 5, 24576, 628, 23630, 24, 6
2025/01/04 22:07:16.336, 5, 24576, 628, 23630, 26, 7
2025/01/04 22:07:16.437, 5, 24576, 628, 23630, 26, 7
2025/01/04 22:07:16.538, 5, 24576, 628, 23630, 23, 6
2025/01/04 22:07:16.639, 5, 24576, 628, 23630, 23, 6
2025/01/04 22:07:16.739, 5, 24576, 628, 23630, 25, 6
2025/01/04 22:07:16.840, 5, 24576, 628, 23630, 25, 6
2025/01/04 22:07:16.941, 5, 24576, 628, 23630, 24, 6
2025/01/04 22:07:17.042, 5, 24576, 628, 23630, 24, 6
2025/01/04 22:07:17.143, 5, 24576, 628, 23630, 24, 6
2025/01/04 22:07:17.243, 5, 24576, 628, 23630, 24, 6
2025/01/04 22:07:17.344, 5, 24576, 628, 23630, 25, 6
2025/01/04 22:07:17.445, 5, 24576, 628, 23630, 25, 6
2025/01/04 22:07:17.546, 5, 24576, 628, 23630, 26, 7
2025/01/04 22:07:17.646, 5, 24576, 628, 23630, 26, 7
2025/01/04 22:07:17.747, 5, 24576, 628, 23630, 25, 6
2025/01/04 22:07:17.848, 5, 24576, 628, 23630, 25, 6
2025/01/04 22:07:17.949, 5, 24576, 628, 23630, 26, 7
2025/01/04 22:07:18.049, 5, 24576, 628, 23630, 26, 7
2025/01/04 22:07:18.150, 5, 24576, 628, 23630, 24, 6
2025/01/04 22:07:18.251, 5, 24576, 628, 23630, 24, 6
2025/01/04 22:07:18.352, 5, 24576, 628, 23630, 25, 6
2025/01/04 22:07:18.452, 5, 24576, 628, 23630, 25, 6
2025/01/04 22:07:18.553, 5, 24576, 628, 23630, 24, 6
2025/01/04 22:07:18.654, 5, 24576, 628, 23630, 24, 6
2025/01/04 22:07:18.754, 5, 24576, 628, 23630, 23, 6
2025/01/04 22:07:18.855, 5, 24576, 628, 23630, 23, 6
2025/01/04 22:07:18.957, 5, 24576, 628, 23630, 24, 6
2025/01/04 22:07:19.058, 5, 24576, 628, 23630, 24, 6
2025/01/04 22:07:19.159, 5, 24576, 628, 23630, 26, 7
2025/01/04 22:07:19.260, 5, 24576, 628, 23630, 26, 7
2025/01/04 22:07:19.361, 5, 24576, 628, 23630, 24, 6
2025/01/04 22:07:19.462, 5, 24576, 628, 23630, 24, 6
2025/01/04 22:07:19.562, 5, 24576, 628, 23630, 23, 6
2025/01/04 22:07:19.665, 5, 24576, 628, 23630, 23, 6
2025/01/04 22:07:19.766, 5, 24576, 628, 23630, 23, 6
2025/01/04 22:07:19.867, 5, 24576, 628, 23630, 23, 6
2025/01/04 22:07:19.967, 5, 24576, 628, 23630, 22, 6
2025/01/04 22:07:20.068, 5, 24576, 628, 23630, 22, 6
2025/01/04 22:07:20.169, 5, 24576, 628, 23630, 24, 6
2025/01/04 22:07:20.270, 5, 24576, 628, 23630, 24, 6
2025/01/04 22:07:20.371, 5, 24576, 628, 23630, 22, 6
2025/01/04 22:07:20.471, 5, 24576, 628, 23630, 22, 6
2025/01/04 22:07:20.572, 5, 24576, 628, 23630, 22, 6
2025/01/04 22:07:20.673, 5, 24576, 628, 23630, 22, 6
2025/01/04 22:07:20.774, 5, 24576, 628, 23630, 22, 6
2025/01/04 22:07:20.875, 5, 24576, 628, 23630, 22, 6
2025/01/04 22:07:20.976, 5, 24576, 628, 23630, 24, 6
2025/01/04 22:07:21.077, 5, 24576, 628, 23630, 24, 6
2025/01/04 22:07:21.178, 5, 24576, 628, 23630, 25, 6
2025/01/04 22:07:21.279, 5, 24576, 628, 23630, 25, 6
2025/01/04 22:07:21.379, 5, 24576, 628, 23630, 24, 6
2025/01/04 22:07:21.480, 5, 24576, 628, 23630, 24, 6
2025/01/04 22:07:21.581, 5, 24576, 628, 23630, 25, 6
2025/01/04 22:07:21.682, 5, 24576, 628, 23630, 25, 6
2025/01/04 22:07:21.782, 5, 24576, 628, 23630, 23, 6
2025/01/04 22:07:21.883, 5, 24576, 628, 23630, 23, 6
2025/01/04 22:07:21.984, 5, 24576, 628, 23630, 25, 6
2025/01/04 22:07:22.085, 5, 24576, 628, 23630, 25, 6
2025/01/04 22:07:22.185, 5, 24576, 628, 23630, 25, 6
2025/01/04 22:07:22.286, 5, 24576, 628, 23630, 25, 6
2025/01/04 22:07:22.387, 5, 24576, 628, 23630, 25, 6
2025/01/04 22:07:22.488, 5, 24576, 628, 23630, 25, 6
2025/01/04 22:07:22.589, 5, 24576, 628, 23630, 24, 6
2025/01/04 22:07:22.689, 5, 24576, 628, 23630, 24, 6
2025/01/04 22:07:22.790, 5, 24576, 628, 23630, 24, 6
2025/01/04 22:07:22.891, 5, 24576, 628, 23630, 24, 6
2025/01/04 22:07:22.992, 5, 24576, 628, 23630, 24, 6
2025/01/04 22:07:23.093, 5, 24576, 628, 23630, 24, 6
2025/01/04 22:07:23.194, 5, 24576, 628, 23630, 24, 6
2025/01/04 22:07:23.295, 5, 24576, 628, 23630, 24, 6
2025/01/04 22:07:23.396, 5, 24576, 628, 23630, 24, 6
2025/01/04 22:07:23.497, 5, 24576, 628, 23630, 24, 6
2025/01/04 22:07:23.598, 5, 24576, 628, 23630, 25, 6
2025/01/04 22:07:23.698, 5, 24576, 628, 23630, 25, 6
2025/01/04 22:07:23.799, 5, 24576, 628, 23630, 25, 6
2025/01/04 22:07:23.900, 5, 24576, 628, 23630, 25, 6
2025/01/04 22:07:24.001, 5, 24576, 628, 23630, 26, 7
2025/01/04 22:07:24.101, 5, 24576, 628, 23630, 26, 7
2025/01/04 22:07:24.202, 5, 24576, 628, 23630, 25, 6
2025/01/04 22:07:24.303, 5, 24576, 628, 23630, 25, 6
2025/01/04 22:07:24.404, 5, 24576, 628, 23630, 25, 6
2025/01/04 22:07:24.504, 5, 24576, 628, 23630, 25, 6
2025/01/04 22:07:24.605, 5, 24576, 628, 23630, 24, 6
2025/01/04 22:07:24.706, 5, 24576, 628, 23630, 24, 6
2025/01/04 22:07:24.807, 5, 24576, 628, 23630, 26, 7
2025/01/04 22:07:24.908, 5, 24576, 628, 23630, 26, 7
2025/01/04 22:07:25.008, 5, 24576, 628, 23630, 24, 6
2025/01/04 22:07:25.109, 5, 24576, 628, 23630, 24, 6
2025/01/04 22:07:25.210, 5, 24576, 628, 23630, 24, 6
2025/01/04 22:07:25.311, 5, 24576, 628, 23630, 24, 6
2025/01/04 22:07:25.412, 5, 24576, 628, 23630, 24, 6
2025/01/04 22:07:25.513, 5, 24576, 628, 23630, 24, 6
2025/01/04 22:07:25.614, 5, 24576, 628, 23630, 24, 6
2025/01/04 22:07:25.715, 5, 24576, 628, 23630, 26, 6
2025/01/04 22:07:25.818, 5, 24576, 628, 23630, 26, 6
2025/01/04 22:07:25.919, 5, 24576, 628, 23630, 25, 6
2025/01/04 22:07:26.019, 5, 24576, 628, 23630, 25, 6
2025/01/04 22:07:26.120, 5, 24576, 628, 23630, 24, 6
2025/01/04 22:07:26.221, 5, 24576, 628, 23630, 24, 6
2025/01/04 22:07:26.322, 5, 24576, 628, 23630, 25, 6
2025/01/04 22:07:26.423, 5, 24576, 628, 23630, 25, 6
2025/01/04 22:07:26.523, 5, 24576, 628, 23630, 25, 6
2025/01/04 22:07:26.624, 5, 24576, 628, 23630, 25, 6
2025/01/04 22:07:26.725, 5, 24576, 628, 23630, 26, 7
2025/01/04 22:07:26.826, 5, 24576, 628, 23630, 26, 7
2025/01/04 22:07:26.927, 5, 24576, 628, 23630, 24, 6
2025/01/04 22:07:27.027, 5, 24576, 628, 23630, 24, 6
2025/01/04 22:07:27.128, 5, 24576, 628, 23630, 24, 6
2025/01/04 22:07:27.229, 5, 24576, 628, 23630, 24, 6
2025/01/04 22:07:27.329, 5, 24576, 628, 23630, 25, 6
2025/01/04 22:07:27.430, 5, 24576, 628, 23630, 25, 6
2025/01/04 22:07:27.531, 5, 24576, 628, 23630, 24, 6
2025/01/04 22:07:27.632, 5, 24576, 628, 23630, 24, 6
2025/01/04 22:07:27.733, 5, 24576, 628, 23630, 24, 6
2025/01/04 22:07:27.834, 5, 24576, 628, 23630, 24, 6
2025/01/04 22:07:27.935, 5, 24576, 628, 23630, 24, 6
2025/01/04 22:07:28.035, 5, 24576, 628, 23630, 24, 6
2025/01/04 22:07:28.136, 5, 24576, 628, 23630, 24, 6
2025/01/04 22:07:28.237, 5, 24576, 628, 23630, 24, 6
2025/01/04 22:07:28.338, 5, 24576, 628, 23630, 24, 6
2025/01/04 22:07:28.438, 5, 24576, 628, 23630, 24, 6
2025/01/04 22:07:28.539, 5, 24576, 628, 23630, 26, 7
2025/01/04 22:07:28.640, 5, 24576, 628, 23630, 26, 7
2025/01/04 22:07:28.741, 5, 24576, 628, 23630, 25, 6
2025/01/04 22:07:28.841, 5, 24576, 628, 23630, 25, 6
2025/01/04 22:07:28.942, 5, 24576, 628, 23630, 24, 6
2025/01/04 22:07:29.043, 5, 24576, 628, 23630, 24, 6
2025/01/04 22:07:29.143, 5, 24576, 628, 23630, 24, 6
2025/01/04 22:07:29.244, 5, 24576, 628, 23630, 24, 6
2025/01/04 22:07:29.345, 5, 24576, 628, 23630, 24, 6
2025/01/04 22:07:29.446, 5, 24576, 628, 23630, 24, 6
2025/01/04 22:07:29.546, 5, 24576, 628, 23630, 24, 6
2025/01/04 22:07:29.647, 5, 24576, 628, 23630, 24, 6
2025/01/04 22:07:29.748, 5, 24576, 628, 23630, 25, 6
2025/01/04 22:07:29.849, 5, 24576, 628, 23630, 25, 6
2025/01/04 22:07:29.949, 5, 24576, 628, 23630, 25, 6
2025/01/04 22:07:30.050, 5, 24576, 628, 23630, 25, 6
2025/01/04 22:07:30.151, 5, 24576, 628, 23630, 24, 6
2025/01/04 22:07:30.252, 5, 24576, 628, 23630, 24, 6
2025/01/04 22:07:30.353, 5, 24576, 628, 23630, 24, 6
2025/01/04 22:07:30.454, 5, 24576, 628, 23630, 24, 6
2025/01/04 22:07:30.555, 5, 24576, 628, 23630, 25, 6
2025/01/04 22:07:30.656, 5, 24576, 628, 23630, 25, 6
2025/01/04 22:07:30.757, 5, 24576, 628, 23630, 26, 7
2025/01/04 22:07:30.857, 5, 24576, 628, 23630, 26, 7
2025/01/04 22:07:30.958, 5, 24576, 628, 23630, 24, 6
2025/01/04 22:07:31.059, 5, 24576, 628, 23630, 24, 6
2025/01/04 22:07:31.160, 5, 24576, 628, 23630, 24, 6
2025/01/04 22:07:31.261, 5, 24576, 628, 23630, 24, 6
2025/01/04 22:07:31.361, 5, 24576, 628, 23630, 27, 7
2025/01/04 22:07:31.462, 5, 24576, 628, 23630, 27, 7
2025/01/04 22:07:31.563, 5, 24576, 628, 23630, 26, 7
2025/01/04 22:07:31.664, 5, 24576, 628, 23630, 26, 7
2025/01/04 22:07:31.764, 5, 24576, 628, 23630, 25, 6
2025/01/04 22:07:31.865, 5, 24576, 628, 23630, 25, 6
2025/01/04 22:07:31.966, 5, 24576, 628, 23630, 24, 6
2025/01/04 22:07:32.067, 5, 24576, 628, 23630, 24, 6
2025/01/04 22:07:32.167, 5, 24576, 628, 23630, 24, 6
2025/01/04 22:07:32.268, 5, 24576, 628, 23630, 24, 6
2025/01/04 22:07:32.369, 5, 24576, 628, 23630, 24, 6
2025/01/04 22:07:32.470, 5, 24576, 628, 23630, 24, 6
2025/01/04 22:07:32.570, 5, 24576, 628, 23630, 24, 6
2025/01/04 22:07:32.671, 5, 24576, 628, 23630, 24, 6
2025/01/04 22:07:32.773, 5, 24576, 628, 23630, 25, 6
2025/01/04 22:07:32.873, 5, 24576, 628, 23630, 25, 6
2025/01/04 22:07:32.976, 5, 24576, 628, 23630, 25, 7
2025/01/04 22:07:33.076, 5, 24576, 628, 23630, 25, 7
2025/01/04 22:07:33.177, 5, 24576, 628, 23630, 25, 6
2025/01/04 22:07:33.278, 5, 24576, 628, 23630, 25, 6
2025/01/04 22:07:33.379, 5, 24576, 628, 23630, 24, 6
2025/01/04 22:07:33.480, 5, 24576, 628, 23630, 24, 6
2025/01/04 22:07:33.580, 5, 24576, 628, 23630, 24, 6
2025/01/04 22:07:33.681, 5, 24576, 628, 23630, 24, 6
2025/01/04 22:07:33.782, 5, 24576, 628, 23630, 24, 6
2025/01/04 22:07:33.883, 5, 24576, 628, 23630, 24, 6
2025/01/04 22:07:33.984, 5, 24576, 628, 23630, 24, 6
2025/01/04 22:07:34.085, 5, 24576, 628, 23630, 24, 6
2025/01/04 22:07:34.186, 5, 24576, 628, 23630, 27, 7
2025/01/04 22:07:34.286, 5, 24576, 628, 23630, 27, 7
2025/01/04 22:07:34.387, 5, 24576, 628, 23630, 24, 6
2025/01/04 22:07:34.488, 5, 24576, 628, 23630, 24, 6
2025/01/04 22:07:34.589, 5, 24576, 628, 23630, 25, 6
2025/01/04 22:07:34.690, 5, 24576, 628, 23630, 25, 6
2025/01/04 22:07:34.791, 5, 24576, 628, 23630, 23, 6
2025/01/04 22:07:34.892, 5, 24576, 628, 23630, 23, 6
2025/01/04 22:07:34.993, 5, 24576, 628, 23630, 24, 6
2025/01/04 22:07:35.094, 5, 24576, 628, 23630, 24, 6
2025/01/04 22:07:35.195, 5, 24576, 628, 23630, 24, 6
2025/01/04 22:07:35.295, 5, 24576, 628, 23630, 24, 6
2025/01/04 22:07:35.396, 5, 24576, 628, 23630, 24, 6
2025/01/04 22:07:35.497, 5, 24576, 628, 23630, 24, 6
2025/01/04 22:07:35.597, 5, 24576, 628, 23630, 24, 6
2025/01/04 22:07:35.698, 5, 24576, 628, 23630, 24, 6
2025/01/04 22:07:35.799, 5, 24576, 628, 23630, 24, 6
2025/01/04 22:07:35.900, 5, 24576, 628, 23630, 24, 6
2025/01/04 22:07:36.000, 5, 24576, 628, 23630, 24, 6
2025/01/04 22:07:36.101, 5, 24576, 628, 23630, 24, 6
2025/01/04 22:07:36.202, 5, 24576, 628, 23630, 27, 7
2025/01/04 22:07:36.303, 5, 24576, 628, 23630, 27, 7
2025/01/04 22:07:36.403, 5, 24576, 628, 23630, 24, 6
2025/01/04 22:07:36.504, 5, 24576, 628, 23630, 24, 6
2025/01/04 22:07:36.605, 5, 24576, 628, 23630, 24, 6
2025/01/04 22:07:36.706, 5, 24576, 628, 23630, 24, 6
2025/01/04 22:07:36.807, 5, 24576, 628, 23630, 24, 6
2025/01/04 22:07:36.907, 5, 24576, 628, 23630, 24, 6
2025/01/04 22:07:37.008, 5, 24576, 628, 23630, 24, 6
2025/01/04 22:07:37.109, 5, 24576, 628, 23630, 24, 6
2025/01/04 22:07:37.210, 5, 24576, 628, 23630, 27, 7
2025/01/04 22:07:37.311, 5, 24576, 628, 23630, 24, 6
2025/01/04 22:07:37.414, 5, 24576, 628, 23630, 24, 6
2025/01/04 22:07:37.514, 5, 24576, 628, 23630, 26, 7
2025/01/04 22:07:37.615, 5, 24576, 628, 23630, 26, 7
2025/01/04 22:07:37.716, 5, 24576, 628, 23630, 24, 6
2025/01/04 22:07:37.817, 5, 24576, 628, 23630, 24, 6
2025/01/04 22:07:37.918, 5, 24576, 628, 23630, 24, 6
2025/01/04 22:07:38.019, 5, 24576, 628, 23630, 24, 6
2025/01/04 22:07:38.120, 5, 24576, 628, 23630, 25, 6
2025/01/04 22:07:38.220, 5, 24576, 628, 23630, 25, 6
2025/01/04 22:07:38.321, 5, 24576, 628, 23630, 26, 7
2025/01/04 22:07:38.422, 5, 24576, 628, 23630, 26, 7
2025/01/04 22:07:38.522, 5, 24576, 628, 23630, 24, 6
2025/01/04 22:07:38.623, 5, 24576, 628, 23630, 24, 6
2025/01/04 22:07:38.724, 5, 24576, 628, 23630, 26, 7
2025/01/04 22:07:38.824, 5, 24576, 628, 23630, 26, 7
2025/01/04 22:07:38.925, 5, 24576, 628, 23630, 24, 6
2025/01/04 22:07:39.026, 5, 24576, 628, 23630, 24, 6
2025/01/04 22:07:39.127, 5, 24576, 628, 23630, 24, 6
2025/01/04 22:07:39.228, 5, 24576, 628, 23630, 24, 6
2025/01/04 22:07:39.329, 5, 24576, 628, 23630, 24, 6
2025/01/04 22:07:39.430, 5, 24576, 628, 23630, 24, 6
2025/01/04 22:07:39.531, 5, 24576, 628, 23630, 25, 6
2025/01/04 22:07:39.632, 5, 24576, 628, 23630, 25, 6
2025/01/04 22:07:39.733, 5, 24576, 628, 23630, 24, 6
2025/01/04 22:07:39.834, 5, 24576, 628, 23630, 24, 6
2025/01/04 22:07:39.935, 5, 24576, 628, 23630, 25, 6
2025/01/04 22:07:40.035, 5, 24576, 628, 23630, 25, 6
2025/01/04 22:07:40.137, 5, 24576, 628, 23630, 26, 7
2025/01/04 22:07:40.238, 5, 24576, 628, 23630, 26, 7
2025/01/04 22:07:40.338, 5, 24576, 628, 23630, 25, 6
2025/01/04 22:07:40.439, 5, 24576, 628, 23630, 25, 6
2025/01/04 22:07:40.540, 5, 24576, 628, 23630, 24, 6
2025/01/04 22:07:40.641, 5, 24576, 628, 23630, 24, 6
2025/01/04 22:07:40.741, 5, 24576, 628, 23630, 25, 6
2025/01/04 22:07:40.842, 5, 24576, 628, 23630, 25, 6
2025/01/04 22:07:40.943, 5, 24576, 628, 23630, 24, 6
2025/01/04 22:07:41.044, 5, 24576, 628, 23630, 24, 6
2025/01/04 22:07:41.144, 5, 24576, 628, 23630, 26, 7
2025/01/04 22:07:41.245, 5, 24576, 628, 23630, 26, 7
2025/01/04 22:07:41.346, 5, 24576, 628, 23630, 24, 6
2025/01/04 22:07:41.447, 5, 24576, 628, 23630, 24, 6
2025/01/04 22:07:41.548, 5, 24576, 628, 23630, 24, 6
2025/01/04 22:07:41.649, 5, 24576, 628, 23630, 24, 6
2025/01/04 22:07:41.750, 5, 24576, 628, 23630, 19, 5
2025/01/04 22:07:41.851, 5, 24576, 628, 23630, 19, 5
2025/01/04 22:07:41.952, 5, 24576, 628, 23630, 24, 6
2025/01/04 22:07:42.053, 5, 24576, 628, 23630, 24, 6
2025/01/04 22:07:42.153, 5, 24576, 628, 23630, 26, 7
2025/01/04 22:07:42.254, 5, 24576, 628, 23630, 26, 7
2025/01/04 22:07:42.355, 5, 24576, 628, 23630, 25, 6
2025/01/04 22:07:42.456, 5, 24576, 628, 23630, 25, 6
2025/01/04 22:07:42.557, 5, 24576, 628, 23630, 24, 6
2025/01/04 22:07:42.657, 5, 24576, 628, 23630, 24, 6
2025/01/04 22:07:42.758, 5, 24576, 628, 23630, 24, 6
2025/01/04 22:07:42.859, 5, 24576, 628, 23630, 24, 6
2025/01/04 22:07:42.959, 5, 24576, 628, 23630, 24, 6
2025/01/04 22:07:43.060, 5, 24576, 628, 23630, 24, 6
2025/01/04 22:07:43.161, 5, 24576, 628, 23630, 27, 7
2025/01/04 22:07:43.262, 5, 24576, 628, 23630, 27, 7
2025/01/04 22:07:43.362, 5, 24576, 628, 23630, 24, 6
2025/01/04 22:07:43.463, 5, 24576, 628, 23630, 24, 6
2025/01/04 22:07:43.564, 5, 24576, 628, 23630, 24, 6
2025/01/04 22:07:43.665, 5, 24576, 628, 23630, 24, 6
2025/01/04 22:07:43.765, 5, 24576, 628, 23630, 27, 7
2025/01/04 22:07:43.866, 5, 24576, 628, 23630, 27, 7
2025/01/04 22:07:43.967, 5, 24576, 628, 23630, 26, 7
2025/01/04 22:07:44.068, 5, 24576, 628, 23630, 26, 7
2025/01/04 22:07:44.169, 5, 24576, 628, 23630, 22, 6
2025/01/04 22:07:44.269, 5, 24576, 628, 23630, 22, 6
2025/01/04 22:07:44.370, 5, 24576, 628, 23630, 27, 7
2025/01/04 22:07:44.471, 5, 24576, 628, 23630, 27, 7
2025/01/04 22:07:44.572, 5, 24576, 628, 23630, 23, 6
2025/01/04 22:07:44.673, 5, 24576, 628, 23630, 23, 6
2025/01/04 22:07:44.773, 5, 24576, 628, 23630, 25, 6
2025/01/04 22:07:44.874, 5, 24576, 628, 23630, 25, 6
2025/01/04 22:07:44.975, 5, 24576, 628, 23630, 24, 6
2025/01/04 22:07:45.076, 5, 24576, 628, 23630, 24, 6
2025/01/04 22:07:45.176, 5, 24576, 628, 23630, 24, 6
2025/01/04 22:07:45.277, 5, 24576, 628, 23630, 24, 6
2025/01/04 22:07:45.378, 5, 24576, 628, 23630, 24, 6
2025/01/04 22:07:45.478, 5, 24576, 628, 23630, 24, 6
2025/01/04 22:07:45.579, 5, 24576, 628, 23630, 24, 6
2025/01/04 22:07:45.680, 5, 24576, 628, 23630, 24, 6
2025/01/04 22:07:45.781, 5, 24576, 628, 23630, 24, 6
2025/01/04 22:07:45.881, 5, 24576, 628, 23630, 24, 6
2025/01/04 22:07:45.982, 5, 24576, 628, 23630, 24, 6
2025/01/04 22:07:46.083, 5, 24576, 628, 23630, 24, 6
2025/01/04 22:07:46.183, 5, 24576, 628, 23630, 26, 7
2025/01/04 22:07:46.285, 5, 24576, 628, 23630, 26, 7
2025/01/04 22:07:46.386, 5, 24576, 628, 23630, 24, 6
2025/01/04 22:07:46.487, 5, 24576, 628, 23630, 24, 6
2025/01/04 22:07:46.588, 5, 24576, 628, 23630, 25, 6
2025/01/04 22:07:46.689, 5, 24576, 628, 23630, 25, 6
2025/01/04 22:07:46.790, 5, 24576, 628, 23630, 24, 6
2025/01/04 22:07:46.891, 5, 24576, 628, 23630, 24, 6
2025/01/04 22:07:46.991, 5, 24576, 628, 23630, 22, 6
2025/01/04 22:07:47.092, 5, 24576, 628, 23630, 22, 6
2025/01/04 22:07:47.193, 5, 24576, 628, 23630, 0, 0
2025/01/04 22:07:47.293, 5, 24576, 628, 23630, 0, 0
2025/01/04 22:07:47.394, 5, 24576, 628, 23630, 0, 0
2025/01/04 22:07:47.495, 5, 24576, 628, 23630, 0, 0
2025/01/04 22:07:47.596, 5, 24576, 628, 23630, 0, 0
2025/01/04 22:07:47.696, 5, 24576, 628, 23630, 0, 0
2025/01/04 22:07:47.797, 5, 24576, 628, 23630, 0, 0
2025/01/04 22:07:47.898, 5, 24576, 628, 23630, 0, 0
2025/01/04 22:07:47.999, 5, 24576, 628, 23630, 0, 0
2025/01/04 22:07:48.099, 5, 24576, 628, 23630, 0, 0
2025/01/04 22:07:48.200, 5, 24576, 628, 23630, 0, 0
2025/01/04 22:07:48.301, 5, 24576, 628, 23630, 0, 0
2025/01/04 22:07:48.401, 5, 24576, 628, 23630, 0, 0
2025/01/04 22:07:48.502, 5, 24576, 628, 23630, 0, 0
2025/01/04 22:07:48.603, 5, 24576, 628, 23630, 0, 0
2025/01/04 22:07:48.704, 5, 24576, 628, 23630, 0, 0
2025/01/04 22:07:48.805, 5, 24576, 628, 23630, 0, 0
2025/01/04 22:07:48.905, 5, 24576, 628, 23630, 0, 0
2025/01/04 22:07:49.006, 5, 24576, 628, 23630, 0, 0
2025/01/04 22:07:49.107, 5, 24576, 628, 23630, 0, 0
2025/01/04 22:07:49.208, 5, 24576, 628, 23630, 0, 0
2025/01/04 22:07:49.308, 5, 24576, 628, 23630, 0, 0
2025/01/04 22:07:49.409, 5, 24576, 628, 23630, 0, 0
2025/01/04 22:07:49.510, 5, 24576, 628, 23630, 0, 0
2025/01/04 22:07:49.611, 5, 24576, 628, 23630, 0, 0
2025/01/04 22:07:49.712, 5, 24576, 628, 23630, 0, 0
2025/01/04 22:07:49.812, 5, 24576, 628, 23630, 0, 0
2025/01/04 22:07:49.913, 5, 24576, 628, 23630, 0, 0
2025/01/04 22:07:50.014, 5, 24576, 628, 23630, 0, 0
2025/01/04 22:07:50.114, 5, 24576, 628, 23630, 0, 0
2025/01/04 22:07:50.215, 5, 24576, 628, 23630, 0, 0
2025/01/04 22:07:50.315, 5, 24576, 628, 23630, 0, 0
2025/01/04 22:07:50.416, 5, 24576, 628, 23630, 0, 0
2025/01/04 22:07:50.517, 5, 24576, 628, 23630, 0, 0
2025/01/04 22:07:50.617, 5, 24576, 628, 23630, 0, 0
2025/01/04 22:07:50.718, 5, 24576, 628, 23630, 0, 0
2025/01/04 22:07:50.819, 5, 24576, 628, 23630, 0, 0
2025/01/04 22:07:50.919, 5, 24576, 628, 23630, 0, 0
2025/01/04 22:07:51.020, 5, 24576, 628, 23630, 0, 0
2025/01/04 22:07:51.121, 5, 24576, 628, 23630, 0, 0
2025/01/04 22:07:51.221, 5, 24576, 628, 23630, 0, 0
2025/01/04 22:07:51.322, 5, 24576, 628, 23630, 0, 0
2025/01/04 22:07:51.423, 5, 24576, 628, 23630, 0, 0
2025/01/04 22:07:51.524, 5, 24576, 628, 23630, 0, 0
2025/01/04 22:07:51.624, 5, 24576, 628, 23630, 0, 0
2025/01/04 22:07:51.726, 5, 24576, 628, 23630, 0, 0
2025/01/04 22:07:51.827, 5, 24576, 628, 23630, 0, 0
2025/01/04 22:07:51.927, 5, 24576, 628, 23630, 0, 0
2025/01/04 22:07:52.028, 5, 24576, 628, 23630, 0, 0
2025/01/04 22:07:52.129, 5, 24576, 628, 23630, 0, 0
2025/01/04 22:07:52.229, 5, 24576, 628, 23630, 0, 0
2025/01/04 22:07:52.330, 5, 24576, 628, 23630, 0, 0
2025/01/04 22:07:52.431, 5, 24576, 628, 23630, 0, 0
2025/01/04 22:07:52.531, 5, 24576, 628, 23630, 0, 0
2025/01/04 22:07:52.632, 5, 24576, 628, 23630, 0, 0
2025/01/04 22:07:52.733, 5, 24576, 628, 23630, 0, 0
2025/01/04 22:07:52.833, 5, 24576, 628, 23630, 0, 0
2025/01/04 22:07:52.934, 5, 24576, 628, 23630, 0, 0
2025/01/04 22:07:53.035, 5, 24576, 628, 23630, 0, 0
2025/01/04 22:07:53.135, 5, 24576, 628, 23630, 0, 0
2025/01/04 22:07:53.236, 5, 24576, 628, 23630, 0, 0
2025/01/04 22:07:53.337, 5, 24576, 628, 23630, 0, 0
2025/01/04 22:07:53.437, 5, 24576, 628, 23630, 0, 0
2025/01/04 22:07:53.538, 5, 24576, 628, 23630, 0, 0
2025/01/04 22:07:53.638, 5, 24576, 628, 23630, 0, 0
2025/01/04 22:07:53.739, 5, 24576, 628, 23630, 0, 0
2025/01/04 22:07:53.840, 5, 24576, 628, 23630, 0, 0
2025/01/04 22:07:53.940, 5, 24576, 628, 23630, 0, 0
2025/01/04 22:07:54.041, 5, 24576, 628, 23630, 0, 0
2025/01/04 22:07:54.142, 5, 24576, 628, 23630, 0, 0
2025/01/04 22:07:54.242, 5, 24576, 628, 23630, 0, 0
2025/01/04 22:07:54.343, 5, 24576, 628, 23630, 0, 0
2025/01/04 22:07:54.445, 5, 24576, 628, 23630, 0, 0
2025/01/04 22:07:54.546, 5, 24576, 628, 23630, 0, 0
2025/01/04 22:07:54.646, 5, 24576, 628, 23630, 0, 0
2025/01/04 22:07:54.747, 5, 24576, 628, 23630, 0, 0
2025/01/04 22:07:54.848, 5, 24576, 628, 23630, 0, 0
2025/01/04 22:07:54.948, 5, 24576, 628, 23630, 0, 0
2025/01/04 22:07:55.049, 5, 24576, 628, 23630, 0, 0
2025/01/04 22:07:55.150, 5, 24576, 628, 23630, 0, 0
2025/01/04 22:07:55.250, 5, 24576, 628, 23630, 0, 0
2025/01/04 22:07:55.351, 5, 24576, 628, 23630, 0, 0
2025/01/04 22:07:55.452, 5, 24576, 628, 23630, 0, 0
2025/01/04 22:07:55.552, 5, 24576, 628, 23630, 0, 0
2025/01/04 22:07:55.653, 5, 24576, 628, 23630, 0, 0
2025/01/04 22:07:55.754, 5, 24576, 628, 23630, 0, 0
2025/01/04 22:07:55.854, 5, 24576, 628, 23630, 0, 0
2025/01/04 22:07:55.955, 5, 24576, 628, 23630, 0, 0
2025/01/04 22:07:56.055, 5, 24576, 628, 23630, 0, 0
2025/01/04 22:07:56.156, 5, 24576, 628, 23630, 0, 0
2025/01/04 22:07:56.257, 5, 24576, 628, 23630, 0, 0
2025/01/04 22:07:56.357, 5, 24576, 628, 23630, 0, 0
2025/01/04 22:07:56.458, 5, 24576, 628, 23630, 0, 0
2025/01/04 22:07:56.558, 5, 24576, 628, 23630, 0, 0
2025/01/04 22:07:56.659, 5, 24576, 628, 23630, 0, 0
2025/01/04 22:07:56.760, 5, 24576, 628, 23630, 0, 0
2025/01/04 22:07:56.8