timestamp, index, memory.total [MiB], memory.used [MiB], memory.free [MiB], utilization.gpu [%], utilization.memory [%]
2025/01/04 22:00:04.992, 5, 24576, 372, 23886, 0, 0
2025/01/04 22:00:05.093, 5, 24576, 372, 23886, 0, 0
2025/01/04 22:00:05.194, 5, 24576, 372, 23886, 0, 0
2025/01/04 22:00:05.295, 5, 24576, 372, 23886, 1, 0
2025/01/04 22:00:05.395, 5, 24576, 372, 23886, 1, 0
2025/01/04 22:00:05.496, 5, 24576, 372, 23886, 0, 0
2025/01/04 22:00:05.597, 5, 24576, 372, 23886, 0, 0
2025/01/04 22:00:05.697, 5, 24576, 372, 23886, 0, 0
2025/01/04 22:00:05.798, 5, 24576, 372, 23886, 0, 0
2025/01/04 22:00:05.899, 5, 24576, 384, 23874, 1, 0
2025/01/04 22:00:06.000, 5, 24576, 384, 23874, 1, 0
2025/01/04 22:00:06.100, 5, 24576, 384, 23874, 9, 0
2025/01/04 22:00:06.201, 5, 24576, 384, 23874, 9, 0
2025/01/04 22:00:06.302, 5, 24576, 384, 23874, 9, 0
2025/01/04 22:00:06.403, 5, 24576, 384, 23874, 9, 0
2025/01/04 22:00:06.503, 5, 24576, 384, 23874, 9, 0
2025/01/04 22:00:06.604, 5, 24576, 384, 23874, 9, 0
2025/01/04 22:00:06.705, 5, 24576, 384, 23874, 10, 0
2025/01/04 22:00:06.805, 5, 24576, 384, 23874, 10, 0
2025/01/04 22:00:06.906, 5, 24576, 384, 23874, 9, 0
2025/01/04 22:00:07.007, 5, 24576, 384, 23874, 9, 0
2025/01/04 22:00:07.108, 5, 24576, 384, 23874, 9, 0
2025/01/04 22:00:07.209, 5, 24576, 384, 23874, 9, 0
2025/01/04 22:00:07.309, 5, 24576, 384, 23874, 9, 0
2025/01/04 22:00:07.410, 5, 24576, 384, 23874, 9, 0
2025/01/04 22:00:07.511, 5, 24576, 384, 23874, 9, 0
2025/01/04 22:00:07.612, 5, 24576, 384, 23874, 9, 0
2025/01/04 22:00:07.713, 5, 24576, 384, 23874, 7, 0
2025/01/04 22:00:07.814, 5, 24576, 384, 23874, 7, 0
2025/01/04 22:00:07.914, 5, 24576, 384, 23874, 8, 0
2025/01/04 22:00:08.015, 5, 24576, 384, 23874, 8, 0
2025/01/04 22:00:08.116, 5, 24576, 384, 23874, 8, 0
2025/01/04 22:00:08.217, 5, 24576, 384, 23874, 8, 0
2025/01/04 22:00:08.317, 5, 24576, 384, 23874, 7, 0
2025/01/04 22:00:08.418, 5, 24576, 384, 23874, 7, 0
2025/01/04 22:00:08.519, 5, 24576, 384, 23874, 7, 0
2025/01/04 22:00:08.619, 5, 24576, 384, 23874, 7, 0
2025/01/04 22:00:08.720, 5, 24576, 384, 23874, 7, 0
2025/01/04 22:00:08.821, 5, 24576, 384, 23874, 7, 0
2025/01/04 22:00:08.922, 5, 24576, 384, 23874, 7, 0
2025/01/04 22:00:09.022, 5, 24576, 384, 23874, 7, 0
2025/01/04 22:00:09.123, 5, 24576, 384, 23874, 8, 0
2025/01/04 22:00:09.224, 5, 24576, 384, 23874, 8, 0
2025/01/04 22:00:09.325, 5, 24576, 384, 23874, 8, 0
2025/01/04 22:00:09.425, 5, 24576, 384, 23874, 8, 0
2025/01/04 22:00:09.526, 5, 24576, 384, 23874, 8, 0
2025/01/04 22:00:09.627, 5, 24576, 384, 23874, 8, 0
2025/01/04 22:00:09.727, 5, 24576, 384, 23874, 8, 0
2025/01/04 22:00:09.828, 5, 24576, 384, 23874, 8, 0
2025/01/04 22:00:09.929, 5, 24576, 384, 23874, 9, 0
2025/01/04 22:00:10.030, 5, 24576, 384, 23874, 9, 0
2025/01/04 22:00:10.131, 5, 24576, 384, 23874, 9, 0
2025/01/04 22:00:10.232, 5, 24576, 384, 23874, 9, 0
2025/01/04 22:00:10.332, 5, 24576, 384, 23874, 9, 0
2025/01/04 22:00:10.433, 5, 24576, 384, 23874, 9, 0
2025/01/04 22:00:10.534, 5, 24576, 384, 23874, 9, 0
2025/01/04 22:00:10.635, 5, 24576, 384, 23874, 9, 0
2025/01/04 22:00:10.736, 5, 24576, 384, 23874, 9, 0
2025/01/04 22:00:10.836, 5, 24576, 384, 23874, 9, 0
2025/01/04 22:00:10.937, 5, 24576, 384, 23874, 9, 0
2025/01/04 22:00:11.038, 5, 24576, 384, 23874, 9, 0
2025/01/04 22:00:11.138, 5, 24576, 384, 23874, 9, 0
2025/01/04 22:00:11.239, 5, 24576, 384, 23874, 9, 0
2025/01/04 22:00:11.340, 5, 24576, 384, 23874, 9, 0
2025/01/04 22:00:11.441, 5, 24576, 384, 23874, 9, 0
2025/01/04 22:00:11.541, 5, 24576, 384, 23874, 9, 0
2025/01/04 22:00:11.642, 5, 24576, 384, 23874, 9, 0
2025/01/04 22:00:11.743, 5, 24576, 384, 23874, 9, 0
2025/01/04 22:00:11.844, 5, 24576, 384, 23874, 9, 0
2025/01/04 22:00:11.944, 5, 24576, 384, 23874, 10, 0
2025/01/04 22:00:12.045, 5, 24576, 384, 23874, 10, 0
2025/01/04 22:00:12.146, 5, 24576, 384, 23874, 9, 0
2025/01/04 22:00:12.247, 5, 24576, 384, 23874, 9, 0
2025/01/04 22:00:12.348, 5, 24576, 384, 23874, 10, 0
2025/01/04 22:00:12.448, 5, 24576, 384, 23874, 9, 0
2025/01/04 22:00:12.552, 5, 24576, 384, 23874, 9, 0
2025/01/04 22:00:12.653, 5, 24576, 384, 23874, 9, 0
2025/01/04 22:00:12.756, 5, 24576, 384, 23874, 9, 0
2025/01/04 22:00:12.857, 5, 24576, 384, 23874, 10, 0
2025/01/04 22:00:12.958, 5, 24576, 384, 23874, 10, 0
2025/01/04 22:00:13.058, 5, 24576, 384, 23874, 10, 0
2025/01/04 22:00:13.159, 5, 24576, 384, 23874, 10, 0
2025/01/04 22:00:13.260, 5, 24576, 384, 23874, 10, 0
2025/01/04 22:00:13.360, 5, 24576, 384, 23874, 10, 0
2025/01/04 22:00:13.461, 5, 24576, 384, 23874, 9, 0
2025/01/04 22:00:13.562, 5, 24576, 384, 23874, 9, 0
2025/01/04 22:00:13.663, 5, 24576, 384, 23874, 9, 0
2025/01/04 22:00:13.763, 5, 24576, 384, 23874, 9, 0
2025/01/04 22:00:13.864, 5, 24576, 384, 23874, 9, 0
2025/01/04 22:00:13.965, 5, 24576, 384, 23874, 9, 0
2025/01/04 22:00:14.065, 5, 24576, 384, 23874, 9, 0
2025/01/04 22:00:14.166, 5, 24576, 384, 23874, 9, 0
2025/01/04 22:00:14.267, 5, 24576, 384, 23874, 10, 0
2025/01/04 22:00:14.367, 5, 24576, 384, 23874, 10, 0
2025/01/04 22:00:14.468, 5, 24576, 384, 23874, 9, 0
2025/01/04 22:00:14.569, 5, 24576, 384, 23874, 9, 0
2025/01/04 22:00:14.670, 5, 24576, 384, 23874, 9, 0
2025/01/04 22:00:14.771, 5, 24576, 384, 23874, 9, 0
2025/01/04 22:00:14.871, 5, 24576, 384, 23874, 9, 0
2025/01/04 22:00:14.972, 5, 24576, 384, 23874, 9, 0
2025/01/04 22:00:15.073, 5, 24576, 384, 23874, 9, 0
2025/01/04 22:00:15.174, 5, 24576, 384, 23874, 9, 0
2025/01/04 22:00:15.274, 5, 24576, 384, 23874, 9, 0
2025/01/04 22:00:15.375, 5, 24576, 384, 23874, 9, 0
2025/01/04 22:00:15.476, 5, 24576, 384, 23874, 11, 0
2025/01/04 22:00:15.576, 5, 24576, 384, 23874, 11, 0
2025/01/04 22:00:15.677, 5, 24576, 384, 23874, 11, 0
2025/01/04 22:00:15.778, 5, 24576, 384, 23874, 11, 0
2025/01/04 22:00:15.879, 5, 24576, 384, 23874, 10, 0
2025/01/04 22:00:15.979, 5, 24576, 384, 23874, 10, 0
2025/01/04 22:00:16.080, 5, 24576, 384, 23874, 9, 0
2025/01/04 22:00:16.181, 5, 24576, 384, 23874, 9, 0
2025/01/04 22:00:16.281, 5, 24576, 384, 23874, 10, 0
2025/01/04 22:00:16.382, 5, 24576, 384, 23874, 10, 0
2025/01/04 22:00:16.483, 5, 24576, 384, 23874, 9, 0
2025/01/04 22:00:16.583, 5, 24576, 384, 23874, 9, 0
2025/01/04 22:00:16.684, 5, 24576, 384, 23874, 9, 0
2025/01/04 22:00:16.785, 5, 24576, 384, 23874, 9, 0
2025/01/04 22:00:16.885, 5, 24576, 384, 23874, 9, 0
2025/01/04 22:00:16.986, 5, 24576, 384, 23874, 9, 0
2025/01/04 22:00:17.087, 5, 24576, 384, 23874, 9, 0
2025/01/04 22:00:17.188, 5, 24576, 384, 23874, 9, 0
2025/01/04 22:00:17.289, 5, 24576, 384, 23874, 10, 0
2025/01/04 22:00:17.390, 5, 24576, 384, 23874, 10, 0
2025/01/04 22:00:17.491, 5, 24576, 384, 23874, 9, 0
2025/01/04 22:00:17.592, 5, 24576, 384, 23874, 9, 0
2025/01/04 22:00:17.692, 5, 24576, 384, 23874, 9, 0
2025/01/04 22:00:17.793, 5, 24576, 384, 23874, 9, 0
2025/01/04 22:00:17.894, 5, 24576, 384, 23874, 9, 0
2025/01/04 22:00:17.995, 5, 24576, 384, 23874, 9, 0
2025/01/04 22:00:18.095, 5, 24576, 384, 23874, 9, 0
2025/01/04 22:00:18.196, 5, 24576, 384, 23874, 9, 0
2025/01/04 22:00:18.297, 5, 24576, 384, 23874, 10, 0
2025/01/04 22:00:18.397, 5, 24576, 384, 23874, 10, 0
2025/01/04 22:00:18.498, 5, 24576, 384, 23874, 9, 0
2025/01/04 22:00:18.599, 5, 24576, 384, 23874, 9, 0
2025/01/04 22:00:18.699, 5, 24576, 384, 23874, 9, 0
2025/01/04 22:00:18.800, 5, 24576, 384, 23874, 9, 0
2025/01/04 22:00:18.901, 5, 24576, 384, 23874, 9, 0
2025/01/04 22:00:19.002, 5, 24576, 384, 23874, 9, 0
2025/01/04 22:00:19.102, 5, 24576, 384, 23874, 9, 0
2025/01/04 22:00:19.203, 5, 24576, 384, 23874, 9, 0
2025/01/04 22:00:19.304, 5, 24576, 384, 23874, 9, 0
2025/01/04 22:00:19.404, 5, 24576, 384, 23874, 9, 0
2025/01/04 22:00:19.505, 5, 24576, 384, 23874, 9, 0
2025/01/04 22:00:19.606, 5, 24576, 384, 23874, 9, 0
2025/01/04 22:00:19.707, 5, 24576, 384, 23874, 9, 0
2025/01/04 22:00:19.808, 5, 24576, 384, 23874, 9, 0
2025/01/04 22:00:19.909, 5, 24576, 384, 23874, 10, 0
2025/01/04 22:00:20.010, 5, 24576, 384, 23874, 10, 0
2025/01/04 22:00:20.110, 5, 24576, 384, 23874, 10, 0
2025/01/04 22:00:20.212, 5, 24576, 384, 23874, 10, 0
2025/01/04 22:00:20.313, 5, 24576, 384, 23874, 10, 0
2025/01/04 22:00:20.413, 5, 24576, 384, 23874, 10, 0
2025/01/04 22:00:20.514, 5, 24576, 384, 23874, 9, 0
2025/01/04 22:00:20.615, 5, 24576, 384, 23874, 9, 0
2025/01/04 22:00:20.715, 5, 24576, 384, 23874, 10, 0
2025/01/04 22:00:20.816, 5, 24576, 384, 23874, 10, 0
2025/01/04 22:00:20.917, 5, 24576, 384, 23874, 10, 0
2025/01/04 22:00:21.018, 5, 24576, 384, 23874, 10, 0
2025/01/04 22:00:21.118, 5, 24576, 384, 23874, 9, 0
2025/01/04 22:00:21.219, 5, 24576, 384, 23874, 9, 0
2025/01/04 22:00:21.320, 5, 24576, 384, 23874, 9, 0
2025/01/04 22:00:21.421, 5, 24576, 384, 23874, 9, 0
2025/01/04 22:00:21.521, 5, 24576, 384, 23874, 9, 0
2025/01/04 22:00:21.622, 5, 24576, 384, 23874, 9, 0
2025/01/04 22:00:21.723, 5, 24576, 384, 23874, 9, 0
2025/01/04 22:00:21.823, 5, 24576, 384, 23874, 9, 0
2025/01/04 22:00:21.924, 5, 24576, 384, 23874, 9, 0
2025/01/04 22:00:22.025, 5, 24576, 384, 23874, 9, 0
2025/01/04 22:00:22.126, 5, 24576, 384, 23874, 9, 0
2025/01/04 22:00:22.227, 5, 24576, 384, 23874, 9, 0
2025/01/04 22:00:22.328, 5, 24576, 384, 23874, 9, 0
2025/01/04 22:00:22.429, 5, 24576, 384, 23874, 9, 0
2025/01/04 22:00:22.529, 5, 24576, 384, 23874, 9, 0
2025/01/04 22:00:22.630, 5, 24576, 384, 23874, 9, 0
2025/01/04 22:00:22.731, 5, 24576, 384, 23874, 10, 0
2025/01/04 22:00:22.831, 5, 24576, 384, 23874, 10, 0
2025/01/04 22:00:22.932, 5, 24576, 384, 23874, 9, 0
2025/01/04 22:00:23.033, 5, 24576, 384, 23874, 9, 0
2025/01/04 22:00:23.134, 5, 24576, 384, 23874, 9, 0
2025/01/04 22:00:23.235, 5, 24576, 384, 23874, 9, 0
2025/01/04 22:00:23.335, 5, 24576, 384, 23874, 9, 0
2025/01/04 22:00:23.436, 5, 24576, 384, 23874, 9, 0
2025/01/04 22:00:23.537, 5, 24576, 384, 23874, 9, 0
2025/01/04 22:00:23.638, 5, 24576, 384, 23874, 9, 0
2025/01/04 22:00:23.739, 5, 24576, 384, 23874, 9, 0
2025/01/04 22:00:23.839, 5, 24576, 384, 23874, 9, 0
2025/01/04 22:00:23.940, 5, 24576, 384, 23874, 9, 0
2025/01/04 22:00:24.041, 5, 24576, 384, 23874, 9, 0
2025/01/04 22:00:24.141, 5, 24576, 384, 23874, 10, 0
2025/01/04 22:00:24.242, 5, 24576, 384, 23874, 10, 0
2025/01/04 22:00:24.343, 5, 24576, 384, 23874, 9, 0
2025/01/04 22:00:24.444, 5, 24576, 384, 23874, 9, 0
2025/01/04 22:00:24.545, 5, 24576, 384, 23874, 9, 0
2025/01/04 22:00:24.646, 5, 24576, 384, 23874, 9, 0
2025/01/04 22:00:24.749, 5, 24576, 384, 23874, 9, 0
2025/01/04 22:00:24.849, 5, 24576, 384, 23874, 11, 0
2025/01/04 22:00:24.952, 5, 24576, 384, 23874, 11, 0
2025/01/04 22:00:25.053, 5, 24576, 384, 23874, 9, 0
2025/01/04 22:00:25.153, 5, 24576, 384, 23874, 9, 0
2025/01/04 22:00:25.254, 5, 24576, 384, 23874, 10, 0
2025/01/04 22:00:25.355, 5, 24576, 384, 23874, 10, 0
2025/01/04 22:00:25.455, 5, 24576, 384, 23874, 9, 0
2025/01/04 22:00:25.556, 5, 24576, 384, 23874, 9, 0
2025/01/04 22:00:25.657, 5, 24576, 384, 23874, 9, 0
2025/01/04 22:00:25.757, 5, 24576, 384, 23874, 9, 0
2025/01/04 22:00:25.858, 5, 24576, 384, 23874, 10, 0
2025/01/04 22:00:25.959, 5, 24576, 384, 23874, 10, 0
2025/01/04 22:00:26.060, 5, 24576, 384, 23874, 9, 0
2025/01/04 22:00:26.161, 5, 24576, 384, 23874, 9, 0
2025/01/04 22:00:26.261, 5, 24576, 384, 23874, 9, 0
2025/01/04 22:00:26.362, 5, 24576, 384, 23874, 9, 0
2025/01/04 22:00:26.463, 5, 24576, 384, 23874, 9, 0
2025/01/04 22:00:26.564, 5, 24576, 384, 23874, 9, 0
2025/01/04 22:00:26.665, 5, 24576, 384, 23874, 9, 0
2025/01/04 22:00:26.766, 5, 24576, 384, 23874, 9, 0
2025/01/04 22:00:26.867, 5, 24576, 384, 23874, 9, 0
2025/01/04 22:00:26.967, 5, 24576, 384, 23874, 9, 0
2025/01/04 22:00:27.069, 5, 24576, 384, 23874, 9, 0
2025/01/04 22:00:27.169, 5, 24576, 384, 23874, 9, 0
2025/01/04 22:00:27.270, 5, 24576, 384, 23874, 9, 0
2025/01/04 22:00:27.371, 5, 24576, 384, 23874, 9, 0
2025/01/04 22:00:27.472, 5, 24576, 384, 23874, 9, 0
2025/01/04 22:00:27.572, 5, 24576, 384, 23874, 9, 0
2025/01/04 22:00:27.673, 5, 24576, 384, 23874, 9, 0
2025/01/04 22:00:27.774, 5, 24576, 384, 23874, 9, 0
2025/01/04 22:00:27.875, 5, 24576, 384, 23874, 9, 0
2025/01/04 22:00:27.975, 5, 24576, 384, 23874, 9, 0
2025/01/04 22:00:28.076, 5, 24576, 384, 23874, 9, 0
2025/01/04 22:00:28.177, 5, 24576, 384, 23874, 9, 0
2025/01/04 22:00:28.278, 5, 24576, 384, 23874, 9, 0
2025/01/04 22:00:28.379, 5, 24576, 384, 23874, 9, 0
2025/01/04 22:00:28.480, 5, 24576, 384, 23874, 10, 0
2025/01/04 22:00:28.580, 5, 24576, 384, 23874, 10, 0
2025/01/04 22:00:28.681, 5, 24576, 384, 23874, 9, 0
2025/01/04 22:00:28.782, 5, 24576, 384, 23874, 9, 0
2025/01/04 22:00:28.883, 5, 24576, 384, 23874, 9, 0
2025/01/04 22:00:28.983, 5, 24576, 384, 23874, 9, 0
2025/01/04 22:00:29.084, 5, 24576, 384, 23874, 9, 0
2025/01/04 22:00:29.185, 5, 24576, 384, 23874, 9, 0
2025/01/04 22:00:29.286, 5, 24576, 384, 23874, 10, 0
2025/01/04 22:00:29.387, 5, 24576, 384, 23874, 10, 0
2025/01/04 22:00:29.488, 5, 24576, 384, 23874, 9, 0
2025/01/04 22:00:29.589, 5, 24576, 384, 23874, 9, 0
2025/01/04 22:00:29.689, 5, 24576, 384, 23874, 9, 0
2025/01/04 22:00:29.790, 5, 24576, 384, 23874, 9, 0
2025/01/04 22:00:29.891, 5, 24576, 384, 23874, 10, 0
2025/01/04 22:00:29.991, 5, 24576, 384, 23874, 10, 0
2025/01/04 22:00:30.092, 5, 24576, 384, 23874, 9, 0
2025/01/04 22:00:30.193, 5, 24576, 384, 23874, 9, 0
2025/01/04 22:00:30.293, 5, 24576, 384, 23874, 9, 0
2025/01/04 22:00:30.394, 5, 24576, 384, 23874, 9, 0
2025/01/04 22:00:30.495, 5, 24576, 384, 23874, 10, 0
2025/01/04 22:00:30.596, 5, 24576, 384, 23874, 10, 0
2025/01/04 22:00:30.696, 5, 24576, 384, 23874, 10, 0
2025/01/04 22:00:30.797, 5, 24576, 384, 23874, 10, 0
2025/01/04 22:00:30.898, 5, 24576, 384, 23874, 10, 0
2025/01/04 22:00:30.998, 5, 24576, 384, 23874, 10, 0
2025/01/04 22:00:31.099, 5, 24576, 384, 23874, 10, 0
2025/01/04 22:00:31.200, 5, 24576, 384, 23874, 10, 0
2025/01/04 22:00:31.300, 5, 24576, 384, 23874, 9, 0
2025/01/04 22:00:31.401, 5, 24576, 384, 23874, 9, 0
2025/01/04 22:00:31.502, 5, 24576, 384, 23874, 9, 0
2025/01/04 22:00:31.603, 5, 24576, 384, 23874, 9, 0
2025/01/04 22:00:31.704, 5, 24576, 384, 23874, 9, 0
2025/01/04 22:00:31.805, 5, 24576, 384, 23874, 9, 0
2025/01/04 22:00:31.906, 5, 24576, 384, 23874, 10, 0
2025/01/04 22:00:32.006, 5, 24576, 384, 23874, 10, 0
2025/01/04 22:00:32.107, 5, 24576, 384, 23874, 9, 0
2025/01/04 22:00:32.208, 5, 24576, 384, 23874, 9, 0
2025/01/04 22:00:32.308, 5, 24576, 384, 23874, 9, 0
2025/01/04 22:00:32.409, 5, 24576, 384, 23874, 9, 0
2025/01/04 22:00:32.510, 5, 24576, 384, 23874, 9, 0
2025/01/04 22:00:32.611, 5, 24576, 384, 23874, 9, 0
2025/01/04 22:00:32.711, 5, 24576, 384, 23874, 9, 0
2025/01/04 22:00:32.812, 5, 24576, 384, 23874, 9, 0
2025/01/04 22:00:32.913, 5, 24576, 384, 23874, 9, 0
2025/01/04 22:00:33.013, 5, 24576, 384, 23874, 9, 0
2025/01/04 22:00:33.114, 5, 24576, 384, 23874, 9, 0
2025/01/04 22:00:33.216, 5, 24576, 384, 23874, 9, 0
2025/01/04 22:00:33.316, 5, 24576, 384, 23874, 9, 0
2025/01/04 22:00:33.417, 5, 24576, 384, 23874, 9, 0
2025/01/04 22:00:33.518, 5, 24576, 384, 23874, 9, 0
2025/01/04 22:00:33.619, 5, 24576, 384, 23874, 9, 0
2025/01/04 22:00:33.719, 5, 24576, 384, 23874, 10, 0
2025/01/04 22:00:33.820, 5, 24576, 384, 23874, 10, 0
2025/01/04 22:00:33.921, 5, 24576, 384, 23874, 9, 0
2025/01/04 22:00:34.022, 5, 24576, 384, 23874, 9, 0
2025/01/04 22:00:34.123, 5, 24576, 384, 23874, 10, 0
2025/01/04 22:00:34.224, 5, 24576, 384, 23874, 10, 0
2025/01/04 22:00:34.325, 5, 24576, 384, 23874, 10, 0
2025/01/04 22:00:34.425, 5, 24576, 384, 23874, 10, 0
2025/01/04 22:00:34.526, 5, 24576, 384, 23874, 9, 0
2025/01/04 22:00:34.627, 5, 24576, 384, 23874, 9, 0
2025/01/04 22:00:34.727, 5, 24576, 384, 23874, 9, 0
2025/01/04 22:00:34.828, 5, 24576, 384, 23874, 9, 0
2025/01/04 22:00:34.929, 5, 24576, 384, 23874, 10, 0
2025/01/04 22:00:35.029, 5, 24576, 384, 23874, 10, 0
2025/01/04 22:00:35.130, 5, 24576, 384, 23874, 9, 0
2025/01/04 22:00:35.231, 5, 24576, 384, 23874, 9, 0
2025/01/04 22:00:35.332, 5, 24576, 384, 23874, 9, 0
2025/01/04 22:00:35.432, 5, 24576, 384, 23874, 9, 0
2025/01/04 22:00:35.533, 5, 24576, 384, 23874, 9, 0
2025/01/04 22:00:35.634, 5, 24576, 384, 23874, 9, 0
2025/01/04 22:00:35.734, 5, 24576, 384, 23874, 10, 0
2025/01/04 22:00:35.835, 5, 24576, 384, 23874, 10, 0
2025/01/04 22:00:35.936, 5, 24576, 384, 23874, 10, 0
2025/01/04 22:00:36.037, 5, 24576, 384, 23874, 10, 0
2025/01/04 22:00:36.137, 5, 24576, 384, 23874, 9, 0
2025/01/04 22:00:36.238, 5, 24576, 384, 23874, 9, 0
2025/01/04 22:00:36.339, 5, 24576, 384, 23874, 9, 0
2025/01/04 22:00:36.440, 5, 24576, 384, 23874, 9, 0
2025/01/04 22:00:36.541, 5, 24576, 384, 23874, 9, 0
2025/01/04 22:00:36.642, 5, 24576, 384, 23874, 10, 0
2025/01/04 22:00:36.748, 5, 24576, 384, 23874, 10, 0
2025/01/04 22:00:36.849, 5, 24576, 384, 23874, 9, 0
2025/01/04 22:00:36.950, 5, 24576, 384, 23874, 9, 0
2025/01/04 22:00:37.051, 5, 24576, 384, 23874, 10, 0
2025/01/04 22:00:37.151, 5, 24576, 384, 23874, 10, 0
2025/01/04 22:00:37.252, 5, 24576, 384, 23874, 9, 0
2025/01/04 22:00:37.352, 5, 24576, 384, 23874, 9, 0
2025/01/04 22:00:37.453, 5, 24576, 384, 23874, 10, 0
2025/01/04 22:00:37.554, 5, 24576, 384, 23874, 10, 0
2025/01/04 22:00:37.655, 5, 24576, 384, 23874, 9, 0
2025/01/04 22:00:37.755, 5, 24576, 384, 23874, 9, 0
2025/01/04 22:00:37.856, 5, 24576, 384, 23874, 9, 0
2025/01/04 22:00:37.957, 5, 24576, 384, 23874, 9, 0
2025/01/04 22:00:38.057, 5, 24576, 384, 23874, 9, 0
2025/01/04 22:00:38.158, 5, 24576, 384, 23874, 9, 0
2025/01/04 22:00:38.259, 5, 24576, 384, 23874, 9, 0
2025/01/04 22:00:38.359, 5, 24576, 384, 23874, 9, 0
2025/01/04 22:00:38.460, 5, 24576, 384, 23874, 9, 0
2025/01/04 22:00:38.561, 5, 24576, 384, 23874, 9, 0
2025/01/04 22:00:38.662, 5, 24576, 384, 23874, 9, 0
2025/01/04 22:00:38.763, 5, 24576, 384, 23874, 9, 0
2025/01/04 22:00:38.864, 5, 24576, 384, 23874, 10, 0
2025/01/04 22:00:38.964, 5, 24576, 384, 23874, 10, 0
2025/01/04 22:00:39.065, 5, 24576, 384, 23874, 10, 0
2025/01/04 22:00:39.166, 5, 24576, 384, 23874, 10, 0
2025/01/04 22:00:39.266, 5, 24576, 384, 23874, 9, 0
2025/01/04 22:00:39.367, 5, 24576, 384, 23874, 9, 0
2025/01/04 22:00:39.468, 5, 24576, 384, 23874, 10, 0
2025/01/04 22:00:39.569, 5, 24576, 384, 23874, 10, 0
2025/01/04 22:00:39.670, 5, 24576, 384, 23874, 9, 0
2025/01/04 22:00:39.770, 5, 24576, 384, 23874, 9, 0
2025/01/04 22:00:39.871, 5, 24576, 384, 23874, 9, 0
2025/01/04 22:00:39.972, 5, 24576, 384, 23874, 9, 0
2025/01/04 22:00:40.072, 5, 24576, 384, 23874, 10, 0
2025/01/04 22:00:40.173, 5, 24576, 384, 23874, 10, 0
2025/01/04 22:00:40.274, 5, 24576, 384, 23874, 10, 0
2025/01/04 22:00:40.374, 5, 24576, 384, 23874, 10, 0
2025/01/04 22:00:40.475, 5, 24576, 384, 23874, 10, 0
2025/01/04 22:00:40.576, 5, 24576, 384, 23874, 10, 0
2025/01/04 22:00:40.676, 5, 24576, 384, 23874, 9, 0
2025/01/04 22:00:40.777, 5, 24576, 384, 23874, 9, 0
2025/01/04 22:00:40.878, 5, 24576, 384, 23874, 9, 0
2025/01/04 22:00:40.978, 5, 24576, 384, 23874, 9, 0
2025/01/04 22:00:41.079, 5, 24576, 384, 23874, 10, 0
2025/01/04 22:00:41.180, 5, 24576, 384, 23874, 10, 0
2025/01/04 22:00:41.281, 5, 24576, 384, 23874, 10, 0
2025/01/04 22:00:41.382, 5, 24576, 384, 23874, 10, 0
2025/01/04 22:00:41.483, 5, 24576, 384, 23874, 9, 0
2025/01/04 22:00:41.584, 5, 24576, 384, 23874, 9, 0
2025/01/04 22:00:41.685, 5, 24576, 384, 23874, 9, 0
2025/01/04 22:00:41.786, 5, 24576, 384, 23874, 9, 0
2025/01/04 22:00:41.886, 5, 24576, 384, 23874, 10, 0
2025/01/04 22:00:41.987, 5, 24576, 384, 23874, 10, 0
2025/01/04 22:00:42.088, 5, 24576, 384, 23874, 9, 0
2025/01/04 22:00:42.188, 5, 24576, 384, 23874, 9, 0
2025/01/04 22:00:42.289, 5, 24576, 384, 23874, 9, 0
2025/01/04 22:00:42.390, 5, 24576, 384, 23874, 9, 0
2025/01/04 22:00:42.490, 5, 24576, 384, 23874, 9, 0
2025/01/04 22:00:42.591, 5, 24576, 384, 23874, 9, 0
2025/01/04 22:00:42.692, 5, 24576, 384, 23874, 9, 0
2025/01/04 22:00:42.793, 5, 24576, 384, 23874, 9, 0
2025/01/04 22:00:42.893, 5, 24576, 384, 23874, 9, 0
2025/01/04 22:00:42.994, 5, 24576, 384, 23874, 9, 0
2025/01/04 22:00:43.095, 5, 24576, 384, 23874, 9, 0
2025/01/04 22:00:43.195, 5, 24576, 384, 23874, 9, 0
2025/01/04 22:00:43.296, 5, 24576, 384, 23874, 9, 0
2025/01/04 22:00:43.397, 5, 24576, 384, 23874, 9, 0
2025/01/04 22:00:43.498, 5, 24576, 384, 23874, 9, 0
2025/01/04 22:00:43.598, 5, 24576, 384, 23874, 9, 0
2025/01/04 22:00:43.699, 5, 24576, 384, 23874, 9, 0
2025/01/04 22:00:43.800, 5, 24576, 384, 23874, 9, 0
2025/01/04 22:00:43.901, 5, 24576, 384, 23874, 9, 0
2025/01/04 22:00:44.002, 5, 24576, 384, 23874, 9, 0
2025/01/04 22:00:44.103, 5, 24576, 384, 23874, 9, 0
2025/01/04 22:00:44.203, 5, 24576, 384, 23874, 9, 0
2025/01/04 22:00:44.304, 5, 24576, 384, 23874, 10, 0
2025/01/04 22:00:44.405, 5, 24576, 384, 23874, 10, 0
2025/01/04 22:00:44.506, 5, 24576, 384, 23874, 11, 0
2025/01/04 22:00:44.606, 5, 24576, 384, 23874, 11, 0
2025/01/04 22:00:44.707, 5, 24576, 384, 23874, 10, 0
2025/01/04 22:00:44.808, 5, 24576, 384, 23874, 10, 0
2025/01/04 22:00:44.908, 5, 24576, 384, 23874, 9, 0
2025/01/04 22:00:45.009, 5, 24576, 384, 23874, 9, 0
2025/01/04 22:00:45.110, 5, 24576, 384, 23874, 9, 0
2025/01/04 22:00:45.211, 5, 24576, 384, 23874, 9, 0
2025/01/04 22:00:45.311, 5, 24576, 384, 23874, 9, 0
2025/01/04 22:00:45.412, 5, 24576, 384, 23874, 9, 0
2025/01/04 22:00:45.513, 5, 24576, 384, 23874, 10, 0
2025/01/04 22:00:45.614, 5, 24576, 384, 23874, 10, 0
2025/01/04 22:00:45.715, 5, 24576, 384, 23874, 9, 0
2025/01/04 22:00:45.815, 5, 24576, 384, 23874, 9, 0
2025/01/04 22:00:45.916, 5, 24576, 384, 23874, 9, 0
2025/01/04 22:00:46.017, 5, 24576, 384, 23874, 9, 0
2025/01/04 22:00:46.118, 5, 24576, 384, 23874, 9, 0
2025/01/04 22:00:46.219, 5, 24576, 384, 23874, 9, 0
2025/01/04 22:00:46.320, 5, 24576, 384, 23874, 10, 0
2025/01/04 22:00:46.421, 5, 24576, 384, 23874, 10, 0
2025/01/04 22:00:46.522, 5, 24576, 384, 23874, 9, 0
2025/01/04 22:00:46.622, 5, 24576, 384, 23874, 9, 0
2025/01/04 22:00:46.723, 5, 24576, 384, 23874, 10, 0
2025/01/04 22:00:46.824, 5, 24576, 384, 23874, 10, 0
2025/01/04 22:00:46.925, 5, 24576, 384, 23874, 10, 0
2025/01/04 22:00:47.025, 5, 24576, 384, 23874, 10, 0
2025/01/04 22:00:47.126, 5, 24576, 384, 23874, 11, 0
2025/01/04 22:00:47.227, 5, 24576, 384, 23874, 11, 0
2025/01/04 22:00:47.327, 5, 24576, 384, 23874, 10, 0
2025/01/04 22:00:47.428, 5, 24576, 384, 23874, 10, 0
2025/01/04 22:00:47.529, 5, 24576, 384, 23874, 9, 0
2025/01/04 22:00:47.630, 5, 24576, 384, 23874, 9, 0
2025/01/04 22:00:47.730, 5, 24576, 384, 23874, 9, 0
2025/01/04 22:00:47.831, 5, 24576, 384, 23874, 9, 0
2025/01/04 22:00:47.932, 5, 24576, 384, 23874, 9, 0
2025/01/04 22:00:48.033, 5, 24576, 384, 23874, 9, 0
2025/01/04 22:00:48.134, 5, 24576, 384, 23874, 9, 0
2025/01/04 22:00:48.234, 5, 24576, 384, 23874, 9, 0
2025/01/04 22:00:48.335, 5, 24576, 384, 23874, 9, 0
2025/01/04 22:00:48.436, 5, 24576, 384, 23874, 9, 0
2025/01/04 22:00:48.536, 5, 24576, 384, 23874, 9, 0
2025/01/04 22:00:48.637, 5, 24576, 384, 23874, 9, 0
2025/01/04 22:00:48.741, 5, 24576, 384, 23874, 9, 0
2025/01/04 22:00:48.842, 5, 24576, 384, 23874, 9, 0
2025/01/04 22:00:48.943, 5, 24576, 384, 23874, 9, 0
2025/01/04 22:00:49.044, 5, 24576, 384, 23874, 9, 0
2025/01/04 22:00:49.144, 5, 24576, 384, 23874, 9, 0
2025/01/04 22:00:49.245, 5, 24576, 384, 23874, 9, 0
2025/01/04 22:00:49.346, 5, 24576, 384, 23874, 9, 0
2025/01/04 22:00:49.446, 5, 24576, 384, 23874, 9, 0
2025/01/04 22:00:49.547, 5, 24576, 384, 23874, 9, 0
2025/01/04 22:00:49.648, 5, 24576, 384, 23874, 9, 0
2025/01/04 22:00:49.749, 5, 24576, 384, 23874, 9, 0
2025/01/04 22:00:49.849, 5, 24576, 384, 23874, 10, 0
2025/01/04 22:00:49.950, 5, 24576, 384, 23874, 10, 0
2025/01/04 22:00:50.051, 5, 24576, 384, 23874, 9, 0
2025/01/04 22:00:50.151, 5, 24576, 384, 23874, 9, 0
2025/01/04 22:00:50.252, 5, 24576, 384, 23874, 9, 0
2025/01/04 22:00:50.353, 5, 24576, 384, 23874, 9, 0
2025/01/04 22:00:50.453, 5, 24576, 384, 23874, 10, 0
2025/01/04 22:00:50.554, 5, 24576, 384, 23874, 10, 0
2025/01/04 22:00:50.655, 5, 24576, 384, 23874, 9, 0
2025/01/04 22:00:50.755, 5, 24576, 384, 23874, 9, 0
2025/01/04 22:00:50.856, 5, 24576, 384, 23874, 9, 0
2025/01/04 22:00:50.957, 5, 24576, 384, 23874, 9, 0
2025/01/04 22:00:51.058, 5, 24576, 384, 23874, 9, 0
2025/01/04 22:00:51.159, 5, 24576, 384, 23874, 9, 0
2025/01/04 22:00:51.260, 5, 24576, 384, 23874, 9, 0
2025/01/04 22:00:51.361, 5, 24576, 384, 23874, 9, 0
2025/01/04 22:00:51.461, 5, 24576, 384, 23874, 9, 0
2025/01/04 22:00:51.563, 5, 24576, 384, 23874, 9, 0
2025/01/04 22:00:51.664, 5, 24576, 384, 23874, 9, 0
2025/01/04 22:00:51.764, 5, 24576, 384, 23874, 9, 0
2025/01/04 22:00:51.865, 5, 24576, 384, 23874, 10, 0
2025/01/04 22:00:51.966, 5, 24576, 384, 23874, 10, 0
2025/01/04 22:00:52.067, 5, 24576, 384, 23874, 9, 0
2025/01/04 22:00:52.167, 5, 24576, 384, 23874, 9, 0
2025/01/04 22:00:52.268, 5, 24576, 384, 23874, 10, 0
2025/01/04 22:00:52.369, 5, 24576, 384, 23874, 10, 0
2025/01/04 22:00:52.469, 5, 24576, 384, 23874, 9, 0
2025/01/04 22:00:52.570, 5, 24576, 384, 23874, 9, 0
2025/01/04 22:00:52.671, 5, 24576, 384, 23874, 9, 0
2025/01/04 22:00:52.772, 5, 24576, 384, 23874, 9, 0
2025/01/04 22:00:52.873, 5, 24576, 384, 23874, 9, 0
2025/01/04 22:00:52.974, 5, 24576, 384, 23874, 9, 0
2025/01/04 22:00:53.074, 5, 24576, 384, 23874, 9, 0
2025/01/04 22:00:53.175, 5, 24576, 384, 23874, 9, 0
2025/01/04 22:00:53.276, 5, 24576, 384, 23874, 10, 0
2025/01/04 22:00:53.377, 5, 24576, 384, 23874, 10, 0
2025/01/04 22:00:53.478, 5, 24576, 384, 23874, 9, 0
2025/01/04 22:00:53.579, 5, 24576, 384, 23874, 9, 0
2025/01/04 22:00:53.680, 5, 24576, 384, 23874, 9, 0
2025/01/04 22:00:53.780, 5, 24576, 384, 23874, 9, 0
2025/01/04 22:00:53.881, 5, 24576, 384, 23874, 10, 0
2025/01/04 22:00:53.982, 5, 24576, 384, 23874, 10, 0
2025/01/04 22:00:54.082, 5, 24576, 384, 23874, 10, 0
2025/01/04 22:00:54.183, 5, 24576, 384, 23874, 10, 0
2025/01/04 22:00:54.284, 5, 24576, 384, 23874, 9, 0
2025/01/04 22:00:54.385, 5, 24576, 384, 23874, 9, 0
2025/01/04 22:00:54.485, 5, 24576, 384, 23874, 9, 0
2025/01/04 22:00:54.586, 5, 24576, 384, 23874, 9, 0
2025/01/04 22:00:54.687, 5, 24576, 384, 23874, 10, 0
2025/01/04 22:00:54.787, 5, 24576, 384, 23874, 10, 0
2025/01/04 22:00:54.888, 5, 24576, 384, 23874, 9, 0
2025/01/04 22:00:54.989, 5, 24576, 384, 23874, 9, 0
2025/01/04 22:00:55.090, 5, 24576, 384, 23874, 10, 0
2025/01/04 22:00:55.190, 5, 24576, 384, 23874, 10, 0
2025/01/04 22:00:55.291, 5, 24576, 384, 23874, 9, 0
2025/01/04 22:00:55.392, 5, 24576, 384, 23874, 9, 0
2025/01/04 22:00:55.492, 5, 24576, 384, 23874, 10, 0
2025/01/04 22:00:55.593, 5, 24576, 384, 23874, 10, 0
2025/01/04 22:00:55.694, 5, 24576, 384, 23874, 9, 0
2025/01/04 22:00:55.795, 5, 24576, 384, 23874, 9, 0
2025/01/04 22:00:55.896, 5, 24576, 384, 23874, 10, 0
2025/01/04 22:00:55.997, 5, 24576, 384, 23874, 10, 0
2025/01/04 22:00:56.098, 5, 24576, 384, 23874, 9, 0
2025/01/04 22:00:56.198, 5, 24576, 384, 23874, 9, 0
2025/01/04 22:00:56.299, 5, 24576, 384, 23874, 9, 0
2025/01/04 22:00:56.400, 5, 24576, 384, 23874, 9, 0
2025/01/04 22:00:56.500, 5, 24576, 384, 23874, 9, 0
2025/01/04 22:00:56.601, 5, 24576, 384, 23874, 9, 0
2025/01/04 22:00:56.702, 5, 24576, 384, 23874, 9, 0
2025/01/04 22:00:56.802, 5, 24576, 384, 23874, 9, 0
2025/01/04 22:00:56.903, 5, 24576, 384, 23874, 9, 0
2025/01/04 22:00:57.004, 5, 24576, 384, 23874, 9, 0
2025/01/04 22:00:57.105, 5, 24576, 384, 23874, 9, 0
2025/01/04 22:00:57.205, 5, 24576, 384, 23874, 9, 0
2025/01/04 22:00:57.306, 5, 24576, 384, 23874, 8, 0
2025/01/04 22:00:57.407, 5, 24576, 384, 23874, 8, 0
2025/01/04 22:00:57.507, 5, 24576, 384, 23874, 7, 0
2025/01/04 22:00:57.608, 5, 24576, 384, 23874, 7, 0
2025/01/04 22:00:57.709, 5, 24576, 384, 23874, 7, 0
2025/01/04 22:00:57.811, 5, 24576, 384, 23874, 7, 0
2025/01/04 22:00:57.912, 5, 24576, 384, 23874, 7, 0
2025/01/04 22:00:58.012, 5, 24576, 384, 23874, 7, 0
2025/01/04 22:00:58.113, 5, 24576, 384, 23874, 7, 0
2025/01/04 22:00:58.214, 5, 24576, 384, 23874, 7, 0
2025/01/04 22:00:58.315, 5, 24576, 384, 23874, 7, 0
2025/01/04 22:00:58.416, 5, 24576, 384, 23874, 7, 0
2025/01/04 22:00:58.517, 5, 24576, 384, 23874, 7, 0
2025/01/04 22:00:58.618, 5, 24576, 384, 23874, 7, 0
2025/01/04 22:00:58.718, 5, 24576, 384, 23874, 7, 0
2025/01/04 22:00:58.820, 5, 24576, 384, 23874, 7, 0
2025/01/04 22:00:58.921, 5, 24576, 384, 23874, 8, 0
2025/01/04 22:00:59.021, 5, 24576, 384, 23874, 8, 0
2025/01/04 22:00:59.122, 5, 24576, 384, 23874, 8, 0
2025/01/04 22:00:59.223, 5, 24576, 384, 23874, 8, 0
2025/01/04 22:00:59.323, 5, 24576, 384, 23874, 8, 0
2025/01/04 22:00:59.424, 5, 24576, 384, 23874, 8, 0
2025/01/04 22:00:59.525, 5, 24576, 384, 23874, 9, 0
2025/01/04 22:00:59.625, 5, 24576, 384, 23874, 9, 0
2025/01/04 22:00:59.726, 5, 24576, 384, 23874, 10, 0
2025/01/04 22:00:59.827, 5, 24576, 384, 23874, 10, 0
2025/01/04 22:00:59.928, 5, 24576, 384, 23874, 9, 0
2025/01/04 22:01:00.029, 5, 24576, 384, 23874, 9, 0
2025/01/04 22:01:00.130, 5, 24576, 384, 23874, 9, 0
2025/01/04 22:01:00.231, 5, 24576, 384, 23874, 9, 0
2025/01/04 22:01:00.331, 5, 24576, 384, 23874, 10, 0
2025/01/04 22:01:00.432, 5, 24576, 384, 23874, 10, 0
2025/01/04 22:01:00.533, 5, 24576, 384, 23874, 10, 0
2025/01/04 22:01:00.634, 5, 24576, 384, 23874, 9, 0
2025/01/04 22:01:00.737, 5, 24576, 384, 23874, 9, 0
2025/01/04 22:01:00.838, 5, 24576, 384, 23874, 9, 0
2025/01/04 22:01:00.939, 5, 24576, 384, 23874, 9, 0
2025/01/04 22:01:01.039, 5, 24576, 384, 23874, 9, 0
2025/01/04 22:01:01.140, 5, 24576, 384, 23874, 9, 0
2025/01/04 22:01:01.241, 5, 24576, 384, 23874, 9, 0
2025/01/04 22:01:01.341, 5, 24576, 384, 23874, 9, 0
2025/01/04 22:01:01.442, 5, 24576, 384, 23874, 9, 0
2025/01/04 22:01:01.543, 5, 24576, 384, 23874, 9, 0
2025/01/04 22:01:01.644, 5, 24576, 384, 23874, 9, 0
2025/01/04 22:01:01.744, 5, 24576, 384, 23874, 9, 0
2025/01/04 22:01:01.845, 5, 24576, 384, 23874, 9, 0
2025/01/04 22:01:01.946, 5, 24576, 384, 23874, 9, 0
2025/01/04 22:01:02.046, 5, 24576, 384, 23874, 9, 0
2025/01/04 22:01:02.147, 5, 24576, 384, 23874, 9, 0
2025/01/04 22:01:02.248, 5, 24576, 384, 23874, 9, 0
2025/01/04 22:01:02.348, 5, 24576, 384, 23874, 9, 0
2025/01/04 22:01:02.449, 5, 24576, 384, 23874, 9, 0
2025/01/04 22:01:02.550, 5, 24576, 384, 23874, 9, 0
2025/01/04 22:01:02.651, 5, 24576, 384, 23874, 9, 0
2025/01/04 22:01:02.751, 5, 24576, 384, 23874, 9, 0
2025/01/04 22:01:02.852, 5, 24576, 384, 23874, 9, 0
2025/01/04 22:01:02.953, 5, 24576, 384, 23874, 9, 0
2025/01/04 22:01:03.054, 5, 24576, 384, 23874, 9, 0
2025/01/04 22:01:03.155, 5, 24576, 384, 23874, 9, 0
2025/01/04 22:01:03.256, 5, 24576, 384, 23874, 10, 0
2025/01/04 22:01:03.356, 5, 24576, 384, 23874, 10, 0
2025/01/04 22:01:03.457, 5, 24576, 384, 23874, 9, 0
2025/01/04 22:01:03.558, 5, 24576, 384, 23874, 9, 0
2025/01/04 22:01:03.658, 5, 24576, 384, 23874, 10, 0
2025/01/04 22:01:03.759, 5, 24576, 384, 23874, 10, 0
2025/01/04 22:01:03.860, 5, 24576, 384, 23874, 9, 0
2025/01/04 22:01:03.962, 5, 24576, 384, 23874, 9, 0
2025/01/04 22:01:04.062, 5, 24576, 384, 23874, 9, 0
2025/01/04 22:01:04.163, 5, 24576, 384, 23874, 9, 0
2025/01/04 22:01:04.264, 5, 24576, 384, 23874, 9, 0
2025/01/04 22:01:04.364, 5, 24576, 384, 23874, 9, 0
2025/01/04 22:01:04.465, 5, 24576, 384, 23874, 8, 0
2025/01/04 22:01:04.566, 5, 24576, 384, 23874, 8, 0
2025/01/04 22:01:04.666, 5, 24576, 384, 23874, 8, 0
2025/01/04 22:01:04.767, 5, 24576, 384, 23874, 8, 0
2025/01/04 22:01:04.868, 5, 24576, 384, 23874, 8, 0
2025/01/04 22:01:04.969, 5, 24576, 384, 23874, 8, 0
2025/01/04 22:01:05.069, 5, 24576, 384, 23874, 7, 0
2025/01/04 22:01:05.170, 5, 24576, 384, 23874, 7, 0
2025/01/04 22:01:05.271, 5, 24576, 384, 23874, 2, 0
2025/01/04 22:01:05.371, 5, 24576, 384, 23874, 2, 0
2025/01/04 22:01:05.472, 5, 24576, 384, 23874, 0, 0
2025/01/04 22:01:05.573, 5, 24576, 384, 23874, 0, 0
2025/01/04 22:01:05.674, 5, 24576, 384, 23874, 0, 0
2025/01/04 22:01:05.775, 5, 24576, 384, 23874, 0, 0
2025/01/04 22:01:05.876, 5, 24576, 384, 23874, 0, 0
2025/01/04 22:01:05.977, 5, 24576, 384, 23874, 0, 0
2025/01/04 22:01:06.077, 5, 24576, 384, 23874, 0, 0
2025/01/04 22:01:06.178, 5, 24576, 384, 23874, 0, 0
2025/01/04 22:01:06.279, 5, 24576, 384, 23874, 0, 0
2025/01/04 22:01:06.379, 5, 24576, 384, 23874, 0, 0
2025/01/04 22:01:06.480, 5, 24576, 384, 23874, 0, 0
2025/01/04 22:01:06.582, 5, 24576, 384, 23874, 0, 0
2025/01/04 22:01:06.683, 5, 24576, 384, 23874, 0, 0
2025/01/04 22:01:06.783, 5, 24576, 384, 23874, 0, 0
2025/01/04 22:01:06.884, 5, 24576, 384, 23874, 0, 0
2025/01/04 22:01:06.985, 5, 24576, 384, 23874, 0, 0
2025/01/04 22:01:07.085, 5, 24576, 384, 23874, 0, 0
2025/01/04 22:01:07.186, 5, 24576, 384, 23874, 0, 0
2025/01/04 22:01:07.286, 5, 24576, 384, 23874, 0, 0
2025/01/04 22:01:07.387, 5, 24576, 384, 23874, 0, 0
2025/01/04 22:01:07.488, 5, 24576, 384, 23874, 0, 0
2025/01/04 22:01:07.588, 5, 24576, 384, 23874, 0, 0
2025/01/04 22:01:07.689, 5, 24576, 384, 23874, 0, 0
2025/01/04 22:01:07.790, 5, 24576, 384, 23874, 0, 0
2025/01/04 22:01:07.890, 5, 24576, 384, 23874, 0, 0
2025/01/04 22:01:07.991, 5, 24576, 384, 23874, 0, 0
2025/01/04 22:01:08.092, 5, 24576, 384, 23874, 0, 0
2025/01/04 22:01:08.193, 5, 24576, 384, 23874, 0, 0
2025/01/04 22:01:08.294, 5, 24576, 384, 23874, 0, 0
2025/01/04 22:01:08.395, 5, 24576, 384, 23874, 0, 0
2025/01/04 22:01:08.496, 5, 24576, 384, 23874, 0, 0
2025/01/04 22:01:08.596, 5, 24576, 384, 23874, 0, 0
2025/01/04 22:01:08.697, 5, 24576, 384, 23874, 0, 0
2025/01/04 22:01:08.798, 5, 24576, 384, 23874, 0, 0
2025/01/04 22:01:08.898, 5, 24576, 384, 23874, 0, 0
2025/01/04 22:01:08.999, 5, 24576, 384, 23874, 0, 0
2025/01/04 22:01:09.099, 5, 24576, 384, 23874, 0, 0
2025/01/04 22:01:09.200, 5, 24576, 384, 23874, 0, 0
2025/01/04 22:01:09.301, 5, 24576, 384, 23874, 0, 0
2025/01/04 22:01:09.402, 5, 24576, 384, 23874, 0, 0
2025/01/04 22:01:09.503, 5, 24576, 384, 23874, 0, 0
2025/01/04 22:01:09.603, 5, 24576, 384, 23874, 0, 0
2025/01/04 22:01:09.704, 5, 24576, 384, 23874, 0, 0
2025/01/04 22:01:09.805, 5, 24576, 384, 23874, 0, 0
2025/01/04 22:01:09.905, 5, 24576, 384, 23874, 0, 0
2025/01/04 22:01:10.006, 5, 24576, 384, 23874, 0, 0
2025/01/04 22:01:10.108, 5, 24576, 384, 23874, 0, 0
2025/01/04 22:01:10.209, 5, 24576, 384, 23874, 0, 0
2025/01/04 22:01:10.309, 5, 24576, 384, 23874, 0, 0
2025/01/04 22:01:10.410, 5, 24576, 384, 23874, 0, 0
2025/01/04 22:01:10.510, 5, 24576, 384, 23874, 0, 0
2025/01/04 22:01:10.611, 5, 24576, 384, 23874, 0, 0
2025/01/04 22:01:10.712, 5, 24576, 384, 23874, 0, 0
2025/01/04 22:01:10.812, 5, 24576, 384, 23874, 0, 0
2025/01/04 22:01:10.913, 5, 24576, 384, 23874, 0, 0
2025/01/04 22:01:11.014, 5, 24576, 384, 23874, 0, 0
2025/01/04 22:01:11.114, 5, 24576, 384, 23874, 0, 0
2025/01/04 22:01:11.215, 5, 24576, 384, 23874, 0, 0
2025/01/04 22:01:11.315, 5, 24576, 384, 23874, 0, 0
2025/01/04 22:01:11.416, 5, 24576, 384, 23874, 0, 0
2025/01/04 22:01:11.517, 5, 24576, 384, 23874, 0, 0
2025/01/04 22:01:11.617, 5, 24576, 384, 23874, 0, 0
2025/01/04 22:01:11.718, 5, 24576, 384, 23874, 0, 0
2025/01/04 22:01:11.819, 5, 24576, 384, 23874, 0, 0
2025/01/04 22:01:11.919, 5, 24576, 384, 23874, 0, 0
2025/01/04 22:01:12.020, 5, 24576, 384, 23874, 0, 0
2025/01/04 22:01:12.121, 5, 24576, 384, 23874, 0, 0
2025/01/04 22:01:12.221, 5, 24576, 384, 23874, 0, 0
2025/01/04 22:01:12.322, 5, 24576, 384, 23874, 0, 0
2025/01/04 22:01:12.423, 5, 24576, 384, 23874, 0, 0
2025/01/04 22:01:12.523, 5, 24576, 384, 23874, 0, 0
2025/01/04 22:01:12.624, 5, 24576, 384, 23874, 0, 0
2025/01/04 22:01:12.725, 5, 24576, 384, 23874, 0, 0
2025/01/04 22:01:12.825, 5, 24576, 384, 23874, 0, 0
2025/01/04 22:01:12.926, 5, 24576, 384, 23874, 0, 0
2025/01/04 22:01:13.027, 5, 24576, 384, 23874, 0, 0
2025/01/04 22:01:13.127, 5, 24576, 384, 23874, 0, 0
2025/01/04 22:01:13.228, 5, 24576, 384, 23874, 0, 0
2025/01/04 22:01:13.328, 5, 24576, 384, 23874, 0, 0
2025/01/04 22:01:13.429, 5, 24576, 384, 23874, 0, 0
2025/01/04 22:01:13.530, 5, 24576, 384, 23874, 0, 0
2025/01/04 22:01:13.630, 5, 24576, 384, 23874, 0, 0
2025/01/04 22:01:13.731, 5, 24576, 384, 23874, 0, 0
2025/01/04 22:01:13.832, 5, 24576, 384, 23874, 0, 0
2025/01/04 22:01:13.932, 5, 24576, 384, 23874, 0, 0
2025/01/04 22:01:14.033, 5, 24576, 384, 23874, 0, 0
2025/01/04 22:01:14.134, 5, 24576, 384, 23874, 0, 0
2025/01/04 22:01:14.235, 5, 24576, 384, 23874, 0, 0
2025/01/04 22:01:14.336, 5, 24576, 384, 23874, 0, 0
2025/01/04 22:01:14.437, 5, 24576, 384, 23874, 0, 0
2025/01/04 22:01:14.537, 5, 24576, 384, 23874, 0, 0
2025/01/04 22:01:14.638, 5, 24576, 384, 23874, 0, 0
2025/01/04 22:01:14.739, 5, 24576, 384, 23874, 0, 0
2025/01/04 22:01:14.839, 5, 24576, 384, 23874, 0, 0
2025/01/04 22:01:14.940, 5, 24576, 384, 23874, 0, 0
2025/01/04 22:01:15.040, 5, 24576, 384, 23874, 0, 0
2025/01/04 22:01:15.141, 5, 24576, 384, 23874, 0, 0
2025/01/04 22:01:15.243, 5, 24576, 384, 23874, 0, 0
2025/01/04 22:01:15.343, 5, 24576, 384, 23874, 0, 0
2025/01/04 22:01:15.444, 5, 24576, 12, 24247, 5, 0
2025/01/04 22:01:15.545, 5, 24576, 12, 24247, 5, 0
2025/01/04 22:01:15.646, 5, 24576, 12, 24247, 0, 0
2025/01/04 22:01:15.746, 5, 24576, 12, 24247, 0, 0
2025/01/04 22:01:15.847, 5, 24576, 12, 24247, 