timestamp, index, memory.total [MiB], memory.used [MiB], memory.free [MiB], utilization.gpu [%], utilization.memory [%]
2025/01/04 21:46:41.366, 5, 24576, 372, 23886, 0, 0
2025/01/04 21:46:41.467, 5, 24576, 372, 23886, 0, 0
2025/01/04 21:46:41.567, 5, 24576, 398, 23860, 0, 0
2025/01/04 21:46:41.668, 5, 24576, 402, 23856, 0, 0
2025/01/04 21:46:41.769, 5, 24576, 402, 23856, 1, 0
2025/01/04 21:46:41.870, 5, 24576, 402, 23856, 1, 0
2025/01/04 21:46:41.970, 5, 24576, 402, 23856, 0, 0
2025/01/04 21:46:42.071, 5, 24576, 402, 23856, 0, 0
2025/01/04 21:46:42.172, 5, 24576, 402, 23856, 0, 0
2025/01/04 21:46:42.273, 5, 24576, 402, 23856, 0, 0
2025/01/04 21:46:42.373, 5, 24576, 410, 23848, 0, 0
2025/01/04 21:46:42.474, 5, 24576, 412, 23846, 0, 0
2025/01/04 21:46:42.575, 5, 24576, 412, 23846, 1, 0
2025/01/04 21:46:42.675, 5, 24576, 412, 23846, 1, 0
2025/01/04 21:46:42.776, 5, 24576, 414, 23844, 1, 0
2025/01/04 21:46:42.877, 5, 24576, 572, 23686, 1, 0
2025/01/04 21:46:42.978, 5, 24576, 572, 23686, 5, 0
2025/01/04 21:46:43.078, 5, 24576, 572, 23686, 5, 0
2025/01/04 21:46:43.179, 5, 24576, 572, 23686, 10, 1
2025/01/04 21:46:43.280, 5, 24576, 572, 23686, 10, 1
2025/01/04 21:46:43.381, 5, 24576, 572, 23686, 10, 1
2025/01/04 21:46:43.482, 5, 24576, 572, 23686, 10, 1
2025/01/04 21:46:43.583, 5, 24576, 572, 23686, 10, 1
2025/01/04 21:46:43.684, 5, 24576, 572, 23686, 10, 1
2025/01/04 21:46:43.785, 5, 24576, 572, 23686, 10, 1
2025/01/04 21:46:43.885, 5, 24576, 572, 23686, 10, 1
2025/01/04 21:46:43.986, 5, 24576, 572, 23686, 10, 1
2025/01/04 21:46:44.087, 5, 24576, 572, 23686, 10, 1
2025/01/04 21:46:44.188, 5, 24576, 572, 23686, 10, 1
2025/01/04 21:46:44.289, 5, 24576, 572, 23686, 10, 1
2025/01/04 21:46:44.389, 5, 24576, 572, 23686, 10, 1
2025/01/04 21:46:44.490, 5, 24576, 572, 23686, 10, 1
2025/01/04 21:46:44.591, 5, 24576, 572, 23686, 10, 1
2025/01/04 21:46:44.691, 5, 24576, 572, 23686, 10, 1
2025/01/04 21:46:44.792, 5, 24576, 572, 23686, 10, 1
2025/01/04 21:46:44.893, 5, 24576, 572, 23686, 10, 1
2025/01/04 21:46:44.994, 5, 24576, 572, 23686, 9, 1
2025/01/04 21:46:45.095, 5, 24576, 572, 23686, 9, 1
2025/01/04 21:46:45.195, 5, 24576, 572, 23686, 10, 1
2025/01/04 21:46:45.296, 5, 24576, 572, 23686, 10, 1
2025/01/04 21:46:45.397, 5, 24576, 572, 23686, 10, 1
2025/01/04 21:46:45.497, 5, 24576, 572, 23686, 10, 1
2025/01/04 21:46:45.598, 5, 24576, 572, 23686, 10, 1
2025/01/04 21:46:45.699, 5, 24576, 572, 23686, 10, 1
2025/01/04 21:46:45.800, 5, 24576, 572, 23686, 11, 1
2025/01/04 21:46:45.901, 5, 24576, 572, 23686, 11, 1
2025/01/04 21:46:46.003, 5, 24576, 572, 23686, 11, 1
2025/01/04 21:46:46.104, 5, 24576, 572, 23686, 10, 1
2025/01/04 21:46:46.209, 5, 24576, 572, 23686, 10, 1
2025/01/04 21:46:46.310, 5, 24576, 572, 23686, 10, 1
2025/01/04 21:46:46.411, 5, 24576, 572, 23686, 10, 1
2025/01/04 21:46:46.511, 5, 24576, 572, 23686, 10, 1
2025/01/04 21:46:46.612, 5, 24576, 572, 23686, 10, 1
2025/01/04 21:46:46.713, 5, 24576, 572, 23686, 10, 1
2025/01/04 21:46:46.814, 5, 24576, 572, 23686, 10, 1
2025/01/04 21:46:46.914, 5, 24576, 572, 23686, 10, 1
2025/01/04 21:46:47.015, 5, 24576, 572, 23686, 10, 1
2025/01/04 21:46:47.116, 5, 24576, 572, 23686, 10, 1
2025/01/04 21:46:47.217, 5, 24576, 572, 23686, 10, 1
2025/01/04 21:46:47.318, 5, 24576, 572, 23686, 10, 1
2025/01/04 21:46:47.419, 5, 24576, 572, 23686, 10, 1
2025/01/04 21:46:47.520, 5, 24576, 572, 23686, 10, 1
2025/01/04 21:46:47.621, 5, 24576, 572, 23686, 10, 1
2025/01/04 21:46:47.722, 5, 24576, 572, 23686, 10, 1
2025/01/04 21:46:47.823, 5, 24576, 572, 23686, 10, 1
2025/01/04 21:46:47.923, 5, 24576, 572, 23686, 10, 1
2025/01/04 21:46:48.024, 5, 24576, 572, 23686, 10, 1
2025/01/04 21:46:48.125, 5, 24576, 572, 23686, 10, 1
2025/01/04 21:46:48.225, 5, 24576, 572, 23686, 10, 1
2025/01/04 21:46:48.326, 5, 24576, 572, 23686, 10, 1
2025/01/04 21:46:48.427, 5, 24576, 572, 23686, 10, 1
2025/01/04 21:46:48.527, 5, 24576, 572, 23686, 10, 1
2025/01/04 21:46:48.628, 5, 24576, 572, 23686, 10, 1
2025/01/04 21:46:48.729, 5, 24576, 572, 23686, 10, 1
2025/01/04 21:46:48.830, 5, 24576, 572, 23686, 10, 1
2025/01/04 21:46:48.930, 5, 24576, 572, 23686, 10, 1
2025/01/04 21:46:49.031, 5, 24576, 572, 23686, 10, 1
2025/01/04 21:46:49.132, 5, 24576, 572, 23686, 10, 1
2025/01/04 21:46:49.233, 5, 24576, 572, 23686, 10, 1
2025/01/04 21:46:49.333, 5, 24576, 572, 23686, 9, 1
2025/01/04 21:46:49.434, 5, 24576, 572, 23686, 9, 1
2025/01/04 21:46:49.535, 5, 24576, 572, 23686, 10, 1
2025/01/04 21:46:49.636, 5, 24576, 572, 23686, 10, 1
2025/01/04 21:46:49.736, 5, 24576, 572, 23686, 10, 1
2025/01/04 21:46:49.837, 5, 24576, 572, 23686, 10, 1
2025/01/04 21:46:49.938, 5, 24576, 572, 23686, 10, 1
2025/01/04 21:46:50.039, 5, 24576, 572, 23686, 10, 1
2025/01/04 21:46:50.140, 5, 24576, 572, 23686, 10, 1
2025/01/04 21:46:50.241, 5, 24576, 572, 23686, 10, 1
2025/01/04 21:46:50.341, 5, 24576, 572, 23686, 10, 1
2025/01/04 21:46:50.442, 5, 24576, 572, 23686, 10, 1
2025/01/04 21:46:50.543, 5, 24576, 572, 23686, 10, 1
2025/01/04 21:46:50.643, 5, 24576, 572, 23686, 10, 1
2025/01/04 21:46:50.744, 5, 24576, 572, 23686, 10, 1
2025/01/04 21:46:50.845, 5, 24576, 572, 23686, 10, 1
2025/01/04 21:46:50.946, 5, 24576, 572, 23686, 10, 1
2025/01/04 21:46:51.046, 5, 24576, 572, 23686, 10, 1
2025/01/04 21:46:51.147, 5, 24576, 572, 23686, 10, 1
2025/01/04 21:46:51.248, 5, 24576, 572, 23686, 10, 1
2025/01/04 21:46:51.349, 5, 24576, 572, 23686, 8, 1
2025/01/04 21:46:51.449, 5, 24576, 572, 23686, 8, 1
2025/01/04 21:46:51.550, 5, 24576, 572, 23686, 9, 1
2025/01/04 21:46:51.651, 5, 24576, 572, 23686, 9, 1
2025/01/04 21:46:51.752, 5, 24576, 572, 23686, 9, 1
2025/01/04 21:46:51.853, 5, 24576, 572, 23686, 9, 1
2025/01/04 21:46:51.954, 5, 24576, 572, 23686, 10, 1
2025/01/04 21:46:52.054, 5, 24576, 572, 23686, 10, 1
2025/01/04 21:46:52.155, 5, 24576, 572, 23686, 10, 1
2025/01/04 21:46:52.256, 5, 24576, 572, 23686, 10, 1
2025/01/04 21:46:52.356, 5, 24576, 572, 23686, 10, 1
2025/01/04 21:46:52.457, 5, 24576, 572, 23686, 10, 1
2025/01/04 21:46:52.558, 5, 24576, 572, 23686, 10, 1
2025/01/04 21:46:52.659, 5, 24576, 572, 23686, 10, 1
2025/01/04 21:46:52.760, 5, 24576, 572, 23686, 9, 1
2025/01/04 21:46:52.861, 5, 24576, 572, 23686, 9, 1
2025/01/04 21:46:52.961, 5, 24576, 572, 23686, 10, 1
2025/01/04 21:46:53.062, 5, 24576, 572, 23686, 10, 1
2025/01/04 21:46:53.163, 5, 24576, 572, 23686, 10, 1
2025/01/04 21:46:53.264, 5, 24576, 572, 23686, 10, 1
2025/01/04 21:46:53.364, 5, 24576, 572, 23686, 10, 1
2025/01/04 21:46:53.465, 5, 24576, 572, 23686, 10, 1
2025/01/04 21:46:53.566, 5, 24576, 572, 23686, 10, 1
2025/01/04 21:46:53.667, 5, 24576, 572, 23686, 10, 1
2025/01/04 21:46:53.767, 5, 24576, 572, 23686, 10, 1
2025/01/04 21:46:53.868, 5, 24576, 572, 23686, 10, 1
2025/01/04 21:46:53.969, 5, 24576, 572, 23686, 10, 1
2025/01/04 21:46:54.069, 5, 24576, 572, 23686, 10, 1
2025/01/04 21:46:54.170, 5, 24576, 572, 23686, 10, 1
2025/01/04 21:46:54.271, 5, 24576, 572, 23686, 10, 1
2025/01/04 21:46:54.372, 5, 24576, 572, 23686, 10, 1
2025/01/04 21:46:54.472, 5, 24576, 572, 23686, 10, 1
2025/01/04 21:46:54.573, 5, 24576, 572, 23686, 9, 1
2025/01/04 21:46:54.674, 5, 24576, 572, 23686, 9, 1
2025/01/04 21:46:54.775, 5, 24576, 572, 23686, 10, 1
2025/01/04 21:46:54.875, 5, 24576, 572, 23686, 10, 1
2025/01/04 21:46:54.976, 5, 24576, 572, 23686, 10, 1
2025/01/04 21:46:55.077, 5, 24576, 572, 23686, 10, 1
2025/01/04 21:46:55.178, 5, 24576, 572, 23686, 10, 1
2025/01/04 21:46:55.279, 5, 24576, 572, 23686, 10, 1
2025/01/04 21:46:55.380, 5, 24576, 572, 23686, 10, 1
2025/01/04 21:46:55.480, 5, 24576, 572, 23686, 10, 1
2025/01/04 21:46:55.581, 5, 24576, 572, 23686, 10, 1
2025/01/04 21:46:55.682, 5, 24576, 572, 23686, 10, 1
2025/01/04 21:46:55.783, 5, 24576, 572, 23686, 10, 1
2025/01/04 21:46:55.883, 5, 24576, 572, 23686, 10, 1
2025/01/04 21:46:55.984, 5, 24576, 572, 23686, 10, 1
2025/01/04 21:46:56.085, 5, 24576, 572, 23686, 10, 1
2025/01/04 21:46:56.186, 5, 24576, 572, 23686, 10, 1
2025/01/04 21:46:56.286, 5, 24576, 572, 23686, 10, 1
2025/01/04 21:46:56.387, 5, 24576, 572, 23686, 10, 1
2025/01/04 21:46:56.488, 5, 24576, 572, 23686, 10, 1
2025/01/04 21:46:56.588, 5, 24576, 572, 23686, 10, 1
2025/01/04 21:46:56.689, 5, 24576, 572, 23686, 10, 1
2025/01/04 21:46:56.790, 5, 24576, 572, 23686, 10, 1
2025/01/04 21:46:56.891, 5, 24576, 572, 23686, 10, 1
2025/01/04 21:46:56.992, 5, 24576, 572, 23686, 10, 1
2025/01/04 21:46:57.092, 5, 24576, 572, 23686, 10, 1
2025/01/04 21:46:57.193, 5, 24576, 572, 23686, 10, 1
2025/01/04 21:46:57.294, 5, 24576, 572, 23686, 10, 1
2025/01/04 21:46:57.394, 5, 24576, 572, 23686, 10, 1
2025/01/04 21:46:57.495, 5, 24576, 572, 23686, 10, 1
2025/01/04 21:46:57.596, 5, 24576, 572, 23686, 10, 1
2025/01/04 21:46:57.697, 5, 24576, 572, 23686, 10, 1
2025/01/04 21:46:57.800, 5, 24576, 572, 23686, 10, 1
2025/01/04 21:46:57.900, 5, 24576, 572, 23686, 10, 1
2025/01/04 21:46:58.004, 5, 24576, 572, 23686, 10, 1
2025/01/04 21:46:58.105, 5, 24576, 572, 23686, 10, 1
2025/01/04 21:46:58.206, 5, 24576, 572, 23686, 10, 1
2025/01/04 21:46:58.306, 5, 24576, 572, 23686, 10, 1
2025/01/04 21:46:58.407, 5, 24576, 572, 23686, 10, 1
2025/01/04 21:46:58.507, 5, 24576, 572, 23686, 10, 1
2025/01/04 21:46:58.608, 5, 24576, 572, 23686, 10, 1
2025/01/04 21:46:58.709, 5, 24576, 572, 23686, 10, 1
2025/01/04 21:46:58.809, 5, 24576, 572, 23686, 10, 1
2025/01/04 21:46:58.910, 5, 24576, 572, 23686, 10, 1
2025/01/04 21:46:59.011, 5, 24576, 572, 23686, 10, 1
2025/01/04 21:46:59.112, 5, 24576, 572, 23686, 10, 1
2025/01/04 21:46:59.212, 5, 24576, 572, 23686, 10, 1
2025/01/04 21:46:59.313, 5, 24576, 572, 23686, 10, 1
2025/01/04 21:46:59.414, 5, 24576, 572, 23686, 10, 1
2025/01/04 21:46:59.514, 5, 24576, 572, 23686, 10, 1
2025/01/04 21:46:59.615, 5, 24576, 572, 23686, 10, 1
2025/01/04 21:46:59.716, 5, 24576, 572, 23686, 10, 1
2025/01/04 21:46:59.817, 5, 24576, 572, 23686, 10, 1
2025/01/04 21:46:59.918, 5, 24576, 572, 23686, 10, 1
2025/01/04 21:47:00.019, 5, 24576, 572, 23686, 10, 1
2025/01/04 21:47:00.120, 5, 24576, 572, 23686, 10, 1
2025/01/04 21:47:00.221, 5, 24576, 572, 23686, 10, 1
2025/01/04 21:47:00.321, 5, 24576, 572, 23686, 10, 1
2025/01/04 21:47:00.422, 5, 24576, 572, 23686, 10, 1
2025/01/04 21:47:00.523, 5, 24576, 572, 23686, 9, 1
2025/01/04 21:47:00.623, 5, 24576, 572, 23686, 9, 1
2025/01/04 21:47:00.724, 5, 24576, 572, 23686, 10, 1
2025/01/04 21:47:00.825, 5, 24576, 572, 23686, 10, 1
2025/01/04 21:47:00.926, 5, 24576, 572, 23686, 10, 1
2025/01/04 21:47:01.026, 5, 24576, 572, 23686, 10, 1
2025/01/04 21:47:01.127, 5, 24576, 572, 23686, 9, 1
2025/01/04 21:47:01.228, 5, 24576, 572, 23686, 9, 1
2025/01/04 21:47:01.329, 5, 24576, 572, 23686, 10, 1
2025/01/04 21:47:01.429, 5, 24576, 572, 23686, 10, 1
2025/01/04 21:47:01.530, 5, 24576, 572, 23686, 10, 1
2025/01/04 21:47:01.631, 5, 24576, 572, 23686, 10, 1
2025/01/04 21:47:01.731, 5, 24576, 572, 23686, 10, 1
2025/01/04 21:47:01.832, 5, 24576, 572, 23686, 10, 1
2025/01/04 21:47:01.933, 5, 24576, 572, 23686, 10, 1
2025/01/04 21:47:02.034, 5, 24576, 572, 23686, 10, 1
2025/01/04 21:47:02.135, 5, 24576, 572, 23686, 10, 1
2025/01/04 21:47:02.236, 5, 24576, 572, 23686, 10, 1
2025/01/04 21:47:02.337, 5, 24576, 572, 23686, 10, 1
2025/01/04 21:47:02.438, 5, 24576, 572, 23686, 10, 1
2025/01/04 21:47:02.538, 5, 24576, 572, 23686, 10, 1
2025/01/04 21:47:02.639, 5, 24576, 572, 23686, 10, 1
2025/01/04 21:47:02.740, 5, 24576, 572, 23686, 10, 1
2025/01/04 21:47:02.841, 5, 24576, 572, 23686, 10, 1
2025/01/04 21:47:02.941, 5, 24576, 572, 23686, 10, 1
2025/01/04 21:47:03.042, 5, 24576, 572, 23686, 10, 1
2025/01/04 21:47:03.143, 5, 24576, 572, 23686, 10, 1
2025/01/04 21:47:03.244, 5, 24576, 572, 23686, 10, 1
2025/01/04 21:47:03.344, 5, 24576, 572, 23686, 10, 1
2025/01/04 21:47:03.445, 5, 24576, 572, 23686, 10, 1
2025/01/04 21:47:03.546, 5, 24576, 572, 23686, 10, 1
2025/01/04 21:47:03.647, 5, 24576, 572, 23686, 10, 1
2025/01/04 21:47:03.747, 5, 24576, 572, 23686, 10, 1
2025/01/04 21:47:03.848, 5, 24576, 572, 23686, 10, 1
2025/01/04 21:47:03.949, 5, 24576, 572, 23686, 10, 1
2025/01/04 21:47:04.050, 5, 24576, 572, 23686, 10, 1
2025/01/04 21:47:04.150, 5, 24576, 572, 23686, 10, 1
2025/01/04 21:47:04.251, 5, 24576, 572, 23686, 10, 1
2025/01/04 21:47:04.352, 5, 24576, 572, 23686, 10, 1
2025/01/04 21:47:04.453, 5, 24576, 572, 23686, 10, 1
2025/01/04 21:47:04.554, 5, 24576, 572, 23686, 10, 1
2025/01/04 21:47:04.655, 5, 24576, 572, 23686, 10, 1
2025/01/04 21:47:04.756, 5, 24576, 572, 23686, 10, 1
2025/01/04 21:47:04.857, 5, 24576, 572, 23686, 10, 1
2025/01/04 21:47:04.958, 5, 24576, 572, 23686, 10, 1
2025/01/04 21:47:05.058, 5, 24576, 572, 23686, 10, 1
2025/01/04 21:47:05.159, 5, 24576, 572, 23686, 10, 1
2025/01/04 21:47:05.260, 5, 24576, 572, 23686, 10, 1
2025/01/04 21:47:05.360, 5, 24576, 572, 23686, 10, 1
2025/01/04 21:47:05.461, 5, 24576, 572, 23686, 10, 1
2025/01/04 21:47:05.562, 5, 24576, 572, 23686, 10, 1
2025/01/04 21:47:05.662, 5, 24576, 572, 23686, 10, 1
2025/01/04 21:47:05.763, 5, 24576, 572, 23686, 10, 1
2025/01/04 21:47:05.864, 5, 24576, 572, 23686, 10, 1
2025/01/04 21:47:05.964, 5, 24576, 572, 23686, 9, 1
2025/01/04 21:47:06.065, 5, 24576, 572, 23686, 9, 1
2025/01/04 21:47:06.167, 5, 24576, 572, 23686, 10, 1
2025/01/04 21:47:06.268, 5, 24576, 572, 23686, 10, 1
2025/01/04 21:47:06.368, 5, 24576, 572, 23686, 10, 1
2025/01/04 21:47:06.469, 5, 24576, 572, 23686, 10, 1
2025/01/04 21:47:06.570, 5, 24576, 572, 23686, 10, 1
2025/01/04 21:47:06.670, 5, 24576, 572, 23686, 10, 1
2025/01/04 21:47:06.771, 5, 24576, 572, 23686, 10, 1
2025/01/04 21:47:06.872, 5, 24576, 572, 23686, 10, 1
2025/01/04 21:47:06.973, 5, 24576, 572, 23686, 10, 1
2025/01/04 21:47:07.074, 5, 24576, 572, 23686, 10, 1
2025/01/04 21:47:07.175, 5, 24576, 572, 23686, 10, 1
2025/01/04 21:47:07.276, 5, 24576, 572, 23686, 10, 1
2025/01/04 21:47:07.376, 5, 24576, 572, 23686, 10, 1
2025/01/04 21:47:07.477, 5, 24576, 572, 23686, 10, 1
2025/01/04 21:47:07.578, 5, 24576, 572, 23686, 10, 1
2025/01/04 21:47:07.679, 5, 24576, 572, 23686, 10, 1
2025/01/04 21:47:07.779, 5, 24576, 572, 23686, 10, 1
2025/01/04 21:47:07.880, 5, 24576, 572, 23686, 10, 1
2025/01/04 21:47:07.981, 5, 24576, 572, 23686, 10, 1
2025/01/04 21:47:08.081, 5, 24576, 572, 23686, 10, 1
2025/01/04 21:47:08.182, 5, 24576, 572, 23686, 10, 1
2025/01/04 21:47:08.283, 5, 24576, 572, 23686, 10, 1
2025/01/04 21:47:08.384, 5, 24576, 572, 23686, 10, 1
2025/01/04 21:47:08.484, 5, 24576, 572, 23686, 10, 1
2025/01/04 21:47:08.585, 5, 24576, 572, 23686, 10, 1
2025/01/04 21:47:08.686, 5, 24576, 572, 23686, 10, 1
2025/01/04 21:47:08.787, 5, 24576, 572, 23686, 10, 1
2025/01/04 21:47:08.887, 5, 24576, 572, 23686, 10, 1
2025/01/04 21:47:08.988, 5, 24576, 572, 23686, 10, 1
2025/01/04 21:47:09.089, 5, 24576, 572, 23686, 10, 1
2025/01/04 21:47:09.190, 5, 24576, 572, 23686, 9, 1
2025/01/04 21:47:09.290, 5, 24576, 572, 23686, 9, 1
2025/01/04 21:47:09.391, 5, 24576, 572, 23686, 10, 1
2025/01/04 21:47:09.492, 5, 24576, 572, 23686, 10, 1
2025/01/04 21:47:09.596, 5, 24576, 572, 23686, 10, 1
2025/01/04 21:47:09.697, 5, 24576, 572, 23686, 10, 1
2025/01/04 21:47:09.797, 5, 24576, 572, 23686, 10, 1
2025/01/04 21:47:09.898, 5, 24576, 572, 23686, 10, 1
2025/01/04 21:47:09.999, 5, 24576, 572, 23686, 10, 1
2025/01/04 21:47:10.099, 5, 24576, 572, 23686, 10, 1
2025/01/04 21:47:10.200, 5, 24576, 572, 23686, 10, 1
2025/01/04 21:47:10.301, 5, 24576, 572, 23686, 10, 1
2025/01/04 21:47:10.401, 5, 24576, 572, 23686, 10, 1
2025/01/04 21:47:10.502, 5, 24576, 572, 23686, 10, 1
2025/01/04 21:47:10.603, 5, 24576, 572, 23686, 10, 1
2025/01/04 21:47:10.703, 5, 24576, 572, 23686, 10, 1
2025/01/04 21:47:10.804, 5, 24576, 572, 23686, 10, 1
2025/01/04 21:47:10.905, 5, 24576, 572, 23686, 10, 1
2025/01/04 21:47:11.006, 5, 24576, 572, 23686, 10, 1
2025/01/04 21:47:11.106, 5, 24576, 572, 23686, 10, 1
2025/01/04 21:47:11.207, 5, 24576, 572, 23686, 10, 1
2025/01/04 21:47:11.308, 5, 24576, 572, 23686, 10, 1
2025/01/04 21:47:11.408, 5, 24576, 572, 23686, 10, 1
2025/01/04 21:47:11.509, 5, 24576, 572, 23686, 10, 1
2025/01/04 21:47:11.610, 5, 24576, 572, 23686, 10, 1
2025/01/04 21:47:11.710, 5, 24576, 572, 23686, 10, 1
2025/01/04 21:47:11.811, 5, 24576, 572, 23686, 10, 1
2025/01/04 21:47:11.912, 5, 24576, 572, 23686, 10, 1
2025/01/04 21:47:12.013, 5, 24576, 572, 23686, 10, 1
2025/01/04 21:47:12.114, 5, 24576, 572, 23686, 10, 1
2025/01/04 21:47:12.215, 5, 24576, 572, 23686, 10, 1
2025/01/04 21:47:12.316, 5, 24576, 572, 23686, 10, 1
2025/01/04 21:47:12.417, 5, 24576, 572, 23686, 10, 1
2025/01/04 21:47:12.517, 5, 24576, 572, 23686, 10, 1
2025/01/04 21:47:12.619, 5, 24576, 572, 23686, 10, 1
2025/01/04 21:47:12.719, 5, 24576, 572, 23686, 9, 1
2025/01/04 21:47:12.820, 5, 24576, 572, 23686, 9, 1
2025/01/04 21:47:12.921, 5, 24576, 572, 23686, 10, 1
2025/01/04 21:47:13.022, 5, 24576, 572, 23686, 10, 1
2025/01/04 21:47:13.123, 5, 24576, 572, 23686, 10, 1
2025/01/04 21:47:13.223, 5, 24576, 572, 23686, 10, 1
2025/01/04 21:47:13.324, 5, 24576, 572, 23686, 10, 1
2025/01/04 21:47:13.425, 5, 24576, 572, 23686, 10, 1
2025/01/04 21:47:13.526, 5, 24576, 572, 23686, 10, 1
2025/01/04 21:47:13.626, 5, 24576, 572, 23686, 10, 1
2025/01/04 21:47:13.727, 5, 24576, 572, 23686, 10, 1
2025/01/04 21:47:13.828, 5, 24576, 572, 23686, 10, 1
2025/01/04 21:47:13.928, 5, 24576, 572, 23686, 10, 1
2025/01/04 21:47:14.029, 5, 24576, 572, 23686, 10, 1
2025/01/04 21:47:14.130, 5, 24576, 572, 23686, 10, 1
2025/01/04 21:47:14.231, 5, 24576, 572, 23686, 10, 1
2025/01/04 21:47:14.332, 5, 24576, 572, 23686, 10, 1
2025/01/04 21:47:14.433, 5, 24576, 572, 23686, 10, 1
2025/01/04 21:47:14.533, 5, 24576, 572, 23686, 9, 1
2025/01/04 21:47:14.634, 5, 24576, 572, 23686, 9, 1
2025/01/04 21:47:14.735, 5, 24576, 572, 23686, 10, 1
2025/01/04 21:47:14.836, 5, 24576, 572, 23686, 10, 1
2025/01/04 21:47:14.936, 5, 24576, 572, 23686, 9, 1
2025/01/04 21:47:15.037, 5, 24576, 572, 23686, 9, 1
2025/01/04 21:47:15.138, 5, 24576, 572, 23686, 10, 1
2025/01/04 21:47:15.239, 5, 24576, 572, 23686, 10, 1
2025/01/04 21:47:15.339, 5, 24576, 572, 23686, 10, 1
2025/01/04 21:47:15.440, 5, 24576, 572, 23686, 10, 1
2025/01/04 21:47:15.541, 5, 24576, 572, 23686, 10, 1
2025/01/04 21:47:15.642, 5, 24576, 572, 23686, 10, 1
2025/01/04 21:47:15.742, 5, 24576, 572, 23686, 10, 1
2025/01/04 21:47:15.843, 5, 24576, 572, 23686, 10, 1
2025/01/04 21:47:15.944, 5, 24576, 572, 23686, 9, 1
2025/01/04 21:47:16.044, 5, 24576, 572, 23686, 9, 1
2025/01/04 21:47:16.145, 5, 24576, 572, 23686, 10, 1
2025/01/04 21:47:16.246, 5, 24576, 572, 23686, 10, 1
2025/01/04 21:47:16.347, 5, 24576, 572, 23686, 10, 1
2025/01/04 21:47:16.448, 5, 24576, 572, 23686, 10, 1
2025/01/04 21:47:16.548, 5, 24576, 572, 23686, 10, 1
2025/01/04 21:47:16.649, 5, 24576, 572, 23686, 10, 1
2025/01/04 21:47:16.750, 5, 24576, 572, 23686, 10, 1
2025/01/04 21:47:16.851, 5, 24576, 572, 23686, 10, 1
2025/01/04 21:47:16.952, 5, 24576, 572, 23686, 10, 1
2025/01/04 21:47:17.053, 5, 24576, 572, 23686, 10, 1
2025/01/04 21:47:17.154, 5, 24576, 572, 23686, 9, 1
2025/01/04 21:47:17.254, 5, 24576, 572, 23686, 9, 1
2025/01/04 21:47:17.355, 5, 24576, 572, 23686, 10, 1
2025/01/04 21:47:17.456, 5, 24576, 572, 23686, 10, 1
2025/01/04 21:47:17.557, 5, 24576, 572, 23686, 10, 1
2025/01/04 21:47:17.657, 5, 24576, 572, 23686, 10, 1
2025/01/04 21:47:17.758, 5, 24576, 572, 23686, 10, 1
2025/01/04 21:47:17.859, 5, 24576, 572, 23686, 10, 1
2025/01/04 21:47:17.960, 5, 24576, 572, 23686, 10, 1
2025/01/04 21:47:18.060, 5, 24576, 572, 23686, 10, 1
2025/01/04 21:47:18.161, 5, 24576, 572, 23686, 10, 1
2025/01/04 21:47:18.262, 5, 24576, 572, 23686, 10, 1
2025/01/04 21:47:18.362, 5, 24576, 572, 23686, 10, 1
2025/01/04 21:47:18.463, 5, 24576, 572, 23686, 10, 1
2025/01/04 21:47:18.564, 5, 24576, 572, 23686, 10, 1
2025/01/04 21:47:18.665, 5, 24576, 572, 23686, 10, 1
2025/01/04 21:47:18.765, 5, 24576, 572, 23686, 10, 1
2025/01/04 21:47:18.866, 5, 24576, 572, 23686, 10, 1
2025/01/04 21:47:18.967, 5, 24576, 572, 23686, 10, 1
2025/01/04 21:47:19.067, 5, 24576, 572, 23686, 10, 1
2025/01/04 21:47:19.168, 5, 24576, 572, 23686, 10, 1
2025/01/04 21:47:19.269, 5, 24576, 572, 23686, 10, 1
2025/01/04 21:47:19.370, 5, 24576, 572, 23686, 10, 1
2025/01/04 21:47:19.471, 5, 24576, 572, 23686, 10, 1
2025/01/04 21:47:19.572, 5, 24576, 572, 23686, 10, 1
2025/01/04 21:47:19.673, 5, 24576, 572, 23686, 10, 1
2025/01/04 21:47:19.773, 5, 24576, 572, 23686, 10, 1
2025/01/04 21:47:19.874, 5, 24576, 572, 23686, 10, 1
2025/01/04 21:47:19.975, 5, 24576, 572, 23686, 10, 1
2025/01/04 21:47:20.076, 5, 24576, 572, 23686, 10, 1
2025/01/04 21:47:20.177, 5, 24576, 572, 23686, 10, 1
2025/01/04 21:47:20.278, 5, 24576, 572, 23686, 10, 1
2025/01/04 21:47:20.378, 5, 24576, 572, 23686, 10, 1
2025/01/04 21:47:20.479, 5, 24576, 572, 23686, 10, 1
2025/01/04 21:47:20.580, 5, 24576, 572, 23686, 10, 1
2025/01/04 21:47:20.681, 5, 24576, 572, 23686, 10, 1
2025/01/04 21:47:20.781, 5, 24576, 572, 23686, 10, 1
2025/01/04 21:47:20.882, 5, 24576, 572, 23686, 10, 1
2025/01/04 21:47:20.983, 5, 24576, 572, 23686, 9, 1
2025/01/04 21:47:21.083, 5, 24576, 572, 23686, 9, 1
2025/01/04 21:47:21.184, 5, 24576, 572, 23686, 10, 1
2025/01/04 21:47:21.285, 5, 24576, 572, 23686, 10, 1
2025/01/04 21:47:21.386, 5, 24576, 572, 23686, 10, 1
2025/01/04 21:47:21.487, 5, 24576, 572, 23686, 10, 1
2025/01/04 21:47:21.587, 5, 24576, 572, 23686, 10, 1
2025/01/04 21:47:21.688, 5, 24576, 572, 23686, 10, 1
2025/01/04 21:47:21.792, 5, 24576, 572, 23686, 10, 1
2025/01/04 21:47:21.893, 5, 24576, 572, 23686, 10, 1
2025/01/04 21:47:21.993, 5, 24576, 572, 23686, 10, 1
2025/01/04 21:47:22.094, 5, 24576, 572, 23686, 10, 1
2025/01/04 21:47:22.195, 5, 24576, 572, 23686, 10, 1
2025/01/04 21:47:22.296, 5, 24576, 572, 23686, 10, 1
2025/01/04 21:47:22.396, 5, 24576, 572, 23686, 10, 1
2025/01/04 21:47:22.497, 5, 24576, 572, 23686, 10, 1
2025/01/04 21:47:22.598, 5, 24576, 572, 23686, 10, 1
2025/01/04 21:47:22.698, 5, 24576, 572, 23686, 10, 1
2025/01/04 21:47:22.799, 5, 24576, 572, 23686, 10, 1
2025/01/04 21:47:22.900, 5, 24576, 572, 23686, 10, 1
2025/01/04 21:47:23.000, 5, 24576, 572, 23686, 10, 1
2025/01/04 21:47:23.101, 5, 24576, 572, 23686, 9, 1
2025/01/04 21:47:23.202, 5, 24576, 572, 23686, 9, 1
2025/01/04 21:47:23.302, 5, 24576, 572, 23686, 10, 1
2025/01/04 21:47:23.403, 5, 24576, 572, 23686, 10, 1
2025/01/04 21:47:23.504, 5, 24576, 572, 23686, 10, 1
2025/01/04 21:47:23.604, 5, 24576, 572, 23686, 10, 1
2025/01/04 21:47:23.705, 5, 24576, 572, 23686, 10, 1
2025/01/04 21:47:23.806, 5, 24576, 572, 23686, 10, 1
2025/01/04 21:47:23.906, 5, 24576, 572, 23686, 10, 1
2025/01/04 21:47:24.007, 5, 24576, 572, 23686, 10, 1
2025/01/04 21:47:24.108, 5, 24576, 572, 23686, 10, 1
2025/01/04 21:47:24.209, 5, 24576, 572, 23686, 10, 1
2025/01/04 21:47:24.310, 5, 24576, 572, 23686, 9, 1
2025/01/04 21:47:24.411, 5, 24576, 572, 23686, 9, 1
2025/01/04 21:47:24.512, 5, 24576, 572, 23686, 10, 1
2025/01/04 21:47:24.612, 5, 24576, 572, 23686, 10, 1
2025/01/04 21:47:24.713, 5, 24576, 572, 23686, 10, 1
2025/01/04 21:47:24.814, 5, 24576, 572, 23686, 10, 1
2025/01/04 21:47:24.915, 5, 24576, 572, 23686, 10, 1
2025/01/04 21:47:25.016, 5, 24576, 572, 23686, 10, 1
2025/01/04 21:47:25.117, 5, 24576, 572, 23686, 10, 1
2025/01/04 21:47:25.218, 5, 24576, 572, 23686, 10, 1
2025/01/04 21:47:25.318, 5, 24576, 572, 23686, 10, 1
2025/01/04 21:47:25.419, 5, 24576, 572, 23686, 10, 1
2025/01/04 21:47:25.520, 5, 24576, 572, 23686, 9, 1
2025/01/04 21:47:25.621, 5, 24576, 572, 23686, 9, 1
2025/01/04 21:47:25.721, 5, 24576, 572, 23686, 10, 1
2025/01/04 21:47:25.822, 5, 24576, 572, 23686, 10, 1
2025/01/04 21:47:25.923, 5, 24576, 572, 23686, 10, 1
2025/01/04 21:47:26.023, 5, 24576, 572, 23686, 10, 1
2025/01/04 21:47:26.124, 5, 24576, 572, 23686, 10, 1
2025/01/04 21:47:26.225, 5, 24576, 572, 23686, 10, 1
2025/01/04 21:47:26.326, 5, 24576, 572, 23686, 10, 1
2025/01/04 21:47:26.427, 5, 24576, 572, 23686, 10, 1
2025/01/04 21:47:26.528, 5, 24576, 572, 23686, 10, 1
2025/01/04 21:47:26.629, 5, 24576, 572, 23686, 10, 1
2025/01/04 21:47:26.730, 5, 24576, 572, 23686, 10, 1
2025/01/04 21:47:26.830, 5, 24576, 572, 23686, 10, 1
2025/01/04 21:47:26.931, 5, 24576, 572, 23686, 10, 1
2025/01/04 21:47:27.033, 5, 24576, 572, 23686, 10, 1
2025/01/04 21:47:27.133, 5, 24576, 572, 23686, 10, 1
2025/01/04 21:47:27.234, 5, 24576, 572, 23686, 10, 1
2025/01/04 21:47:27.335, 5, 24576, 572, 23686, 10, 1
2025/01/04 21:47:27.436, 5, 24576, 572, 23686, 10, 1
2025/01/04 21:47:27.536, 5, 24576, 572, 23686, 10, 1
2025/01/04 21:47:27.637, 5, 24576, 572, 23686, 10, 1
2025/01/04 21:47:27.738, 5, 24576, 572, 23686, 10, 1
2025/01/04 21:47:27.839, 5, 24576, 572, 23686, 10, 1
2025/01/04 21:47:27.939, 5, 24576, 572, 23686, 10, 1
2025/01/04 21:47:28.040, 5, 24576, 572, 23686, 10, 1
2025/01/04 21:47:28.141, 5, 24576, 572, 23686, 10, 1
2025/01/04 21:47:28.242, 5, 24576, 572, 23686, 10, 1
2025/01/04 21:47:28.343, 5, 24576, 572, 23686, 10, 1
2025/01/04 21:47:28.444, 5, 24576, 572, 23686, 10, 1
2025/01/04 21:47:28.544, 5, 24576, 572, 23686, 10, 1
2025/01/04 21:47:28.645, 5, 24576, 572, 23686, 10, 1
2025/01/04 21:47:28.746, 5, 24576, 572, 23686, 9, 1
2025/01/04 21:47:28.847, 5, 24576, 572, 23686, 9, 1
2025/01/04 21:47:28.948, 5, 24576, 572, 23686, 10, 1
2025/01/04 21:47:29.049, 5, 24576, 572, 23686, 10, 1
2025/01/04 21:47:29.150, 5, 24576, 572, 23686, 10, 1
2025/01/04 21:47:29.250, 5, 24576, 572, 23686, 10, 1
2025/01/04 21:47:29.351, 5, 24576, 572, 23686, 10, 1
2025/01/04 21:47:29.452, 5, 24576, 572, 23686, 10, 1
2025/01/04 21:47:29.553, 5, 24576, 572, 23686, 10, 1
2025/01/04 21:47:29.654, 5, 24576, 572, 23686, 10, 1
2025/01/04 21:47:29.754, 5, 24576, 572, 23686, 10, 1
2025/01/04 21:47:29.855, 5, 24576, 572, 23686, 10, 1
2025/01/04 21:47:29.956, 5, 24576, 572, 23686, 10, 1
2025/01/04 21:47:30.057, 5, 24576, 572, 23686, 10, 1
2025/01/04 21:47:30.157, 5, 24576, 572, 23686, 10, 1
2025/01/04 21:47:30.258, 5, 24576, 572, 23686, 10, 1
2025/01/04 21:47:30.359, 5, 24576, 572, 23686, 10, 1
2025/01/04 21:47:30.459, 5, 24576, 572, 23686, 10, 1
2025/01/04 21:47:30.560, 5, 24576, 572, 23686, 10, 1
2025/01/04 21:47:30.661, 5, 24576, 572, 23686, 10, 1
2025/01/04 21:47:30.762, 5, 24576, 572, 23686, 10, 1
2025/01/04 21:47:30.862, 5, 24576, 572, 23686, 10, 1
2025/01/04 21:47:30.963, 5, 24576, 572, 23686, 10, 1
2025/01/04 21:47:31.064, 5, 24576, 572, 23686, 10, 1
2025/01/04 21:47:31.165, 5, 24576, 572, 23686, 10, 1
2025/01/04 21:47:31.266, 5, 24576, 572, 23686, 10, 1
2025/01/04 21:47:31.367, 5, 24576, 572, 23686, 10, 1
2025/01/04 21:47:31.468, 5, 24576, 572, 23686, 10, 1
2025/01/04 21:47:31.568, 5, 24576, 572, 23686, 10, 1
2025/01/04 21:47:31.669, 5, 24576, 572, 23686, 10, 1
2025/01/04 21:47:31.770, 5, 24576, 572, 23686, 10, 1
2025/01/04 21:47:31.871, 5, 24576, 572, 23686, 10, 1
2025/01/04 21:47:31.971, 5, 24576, 572, 23686, 10, 1
2025/01/04 21:47:32.072, 5, 24576, 572, 23686, 10, 1
2025/01/04 21:47:32.173, 5, 24576, 572, 23686, 9, 1
2025/01/04 21:47:32.274, 5, 24576, 572, 23686, 9, 1
2025/01/04 21:47:32.374, 5, 24576, 572, 23686, 10, 1
2025/01/04 21:47:32.475, 5, 24576, 572, 23686, 10, 1
2025/01/04 21:47:32.576, 5, 24576, 572, 23686, 10, 1
2025/01/04 21:47:32.677, 5, 24576, 572, 23686, 10, 1
2025/01/04 21:47:32.777, 5, 24576, 572, 23686, 9, 1
2025/01/04 21:47:32.878, 5, 24576, 572, 23686, 9, 1
2025/01/04 21:47:32.979, 5, 24576, 572, 23686, 10, 1
2025/01/04 21:47:33.080, 5, 24576, 572, 23686, 10, 1
2025/01/04 21:47:33.180, 5, 24576, 572, 23686, 10, 1
2025/01/04 21:47:33.281, 5, 24576, 572, 23686, 10, 1
2025/01/04 21:47:33.382, 5, 24576, 572, 23686, 10, 1
2025/01/04 21:47:33.483, 5, 24576, 572, 23686, 10, 1
2025/01/04 21:47:33.584, 5, 24576, 572, 23686, 9, 1
2025/01/04 21:47:33.685, 5, 24576, 572, 23686, 10, 1
2025/01/04 21:47:33.788, 5, 24576, 572, 23686, 10, 1
2025/01/04 21:47:33.889, 5, 24576, 572, 23686, 10, 1
2025/01/04 21:47:33.990, 5, 24576, 572, 23686, 10, 1
2025/01/04 21:47:34.090, 5, 24576, 572, 23686, 10, 1
2025/01/04 21:47:34.191, 5, 24576, 572, 23686, 10, 1
2025/01/04 21:47:34.292, 5, 24576, 572, 23686, 10, 1
2025/01/04 21:47:34.393, 5, 24576, 572, 23686, 10, 1
2025/01/04 21:47:34.494, 5, 24576, 572, 23686, 10, 1
2025/01/04 21:47:34.595, 5, 24576, 572, 23686, 10, 1
2025/01/04 21:47:34.695, 5, 24576, 572, 23686, 10, 1
2025/01/04 21:47:34.796, 5, 24576, 572, 23686, 10, 1
2025/01/04 21:47:34.897, 5, 24576, 572, 23686, 9, 1
2025/01/04 21:47:34.997, 5, 24576, 572, 23686, 9, 1
2025/01/04 21:47:35.098, 5, 24576, 572, 23686, 10, 1
2025/01/04 21:47:35.199, 5, 24576, 572, 23686, 10, 1
2025/01/04 21:47:35.299, 5, 24576, 572, 23686, 9, 1
2025/01/04 21:47:35.400, 5, 24576, 572, 23686, 9, 1
2025/01/04 21:47:35.501, 5, 24576, 572, 23686, 10, 1
2025/01/04 21:47:35.601, 5, 24576, 572, 23686, 10, 1
2025/01/04 21:47:35.702, 5, 24576, 572, 23686, 10, 1
2025/01/04 21:47:35.803, 5, 24576, 572, 23686, 10, 1
2025/01/04 21:47:35.904, 5, 24576, 572, 23686, 10, 1
2025/01/04 21:47:36.005, 5, 24576, 572, 23686, 10, 1
2025/01/04 21:47:36.106, 5, 24576, 572, 23686, 10, 1
2025/01/04 21:47:36.207, 5, 24576, 572, 23686, 10, 1
2025/01/04 21:47:36.309, 5, 24576, 572, 23686, 10, 1
2025/01/04 21:47:36.410, 5, 24576, 572, 23686, 10, 1
2025/01/04 21:47:36.511, 5, 24576, 572, 23686, 10, 1
2025/01/04 21:47:36.611, 5, 24576, 572, 23686, 10, 1
2025/01/04 21:47:36.712, 5, 24576, 572, 23686, 10, 1
2025/01/04 21:47:36.813, 5, 24576, 572, 23686, 10, 1
2025/01/04 21:47:36.913, 5, 24576, 572, 23686, 10, 1
2025/01/04 21:47:37.014, 5, 24576, 572, 23686, 10, 1
2025/01/04 21:47:37.115, 5, 24576, 572, 23686, 9, 1
2025/01/04 21:47:37.216, 5, 24576, 572, 23686, 9, 1
2025/01/04 21:47:37.316, 5, 24576, 572, 23686, 10, 1
2025/01/04 21:47:37.417, 5, 24576, 572, 23686, 10, 1
2025/01/04 21:47:37.518, 5, 24576, 572, 23686, 10, 1
2025/01/04 21:47:37.619, 5, 24576, 572, 23686, 10, 1
2025/01/04 21:47:37.719, 5, 24576, 572, 23686, 10, 1
2025/01/04 21:47:37.820, 5, 24576, 572, 23686, 10, 1
2025/01/04 21:47:37.921, 5, 24576, 572, 23686, 10, 1
2025/01/04 21:47:38.022, 5, 24576, 572, 23686, 10, 1
2025/01/04 21:47:38.122, 5, 24576, 572, 23686, 10, 1
2025/01/04 21:47:38.223, 5, 24576, 572, 23686, 10, 1
2025/01/04 21:47:38.324, 5, 24576, 572, 23686, 10, 1
2025/01/04 21:47:38.425, 5, 24576, 572, 23686, 10, 1
2025/01/04 21:47:38.526, 5, 24576, 572, 23686, 10, 1
2025/01/04 21:47:38.627, 5, 24576, 572, 23686, 10, 1
2025/01/04 21:47:38.728, 5, 24576, 572, 23686, 10, 1
2025/01/04 21:47:38.828, 5, 24576, 572, 23686, 10, 1
2025/01/04 21:47:38.929, 5, 24576, 572, 23686, 10, 1
2025/01/04 21:47:39.030, 5, 24576, 572, 23686, 10, 1
2025/01/04 21:47:39.130, 5, 24576, 572, 23686, 10, 1
2025/01/04 21:47:39.231, 5, 24576, 572, 23686, 10, 1
2025/01/04 21:47:39.332, 5, 24576, 572, 23686, 10, 1
2025/01/04 21:47:39.433, 5, 24576, 572, 23686, 10, 1
2025/01/04 21:47:39.533, 5, 24576, 572, 23686, 10, 1
2025/01/04 21:47:39.634, 5, 24576, 572, 23686, 10, 1
2025/01/04 21:47:39.735, 5, 24576, 572, 23686, 9, 1
2025/01/04 21:47:39.836, 5, 24576, 572, 23686, 9, 1
2025/01/04 21:47:39.936, 5, 24576, 572, 23686, 10, 1
2025/01/04 21:47:40.037, 5, 24576, 572, 23686, 10, 1
2025/01/04 21:47:40.138, 5, 24576, 572, 23686, 10, 1
2025/01/04 21:47:40.239, 5, 24576, 572, 23686, 10, 1
2025/01/04 21:47:40.339, 5, 24576, 572, 23686, 10, 1
2025/01/04 21:47:40.440, 5, 24576, 572, 23686, 10, 1
2025/01/04 21:47:40.541, 5, 24576, 572, 23686, 10, 1
2025/01/04 21:47:40.642, 5, 24576, 572, 23686, 10, 1
2025/01/04 21:47:40.743, 5, 24576, 572, 23686, 10, 1
2025/01/04 21:47:40.843, 5, 24576, 572, 23686, 10, 1
2025/01/04 21:47:40.944, 5, 24576, 572, 23686, 10, 1
2025/01/04 21:47:41.045, 5, 24576, 572, 23686, 10, 1
2025/01/04 21:47:41.146, 5, 24576, 572, 23686, 10, 1
2025/01/04 21:47:41.247, 5, 24576, 572, 23686, 10, 1
2025/01/04 21:47:41.348, 5, 24576, 572, 23686, 10, 1
2025/01/04 21:47:41.448, 5, 24576, 572, 23686, 10, 1
2025/01/04 21:47:41.549, 5, 24576, 572, 23686, 8, 1
2025/01/04 21:47:41.650, 5, 24576, 572, 23686, 8, 1
2025/01/04 21:47:41.750, 5, 24576, 572, 23686, 0, 0
2025/01/04 21:47:41.851, 5, 24576, 572, 23686, 0, 0
2025/01/04 21:47:41.952, 5, 24576, 572, 23686, 0, 0
2025/01/04 21:47:42.053, 5, 24576, 572, 23686, 0, 0
2025/01/04 21:47:42.153, 5, 24576, 572, 23686, 0, 0
2025/01/04 21:47:42.254, 5, 24576, 572, 23686, 0, 0
2025/01/04 21:47:42.355, 5, 24576, 572, 23686, 0, 0
2025/01/04 21:47:42.456, 5, 24576, 572, 23686, 0, 0
2025/01/04 21:47:42.556, 5, 24576, 572, 23686, 0, 0
2025/01/04 21:47:42.657, 5, 24576, 572, 23686, 0, 0
2025/01/04 21:47:42.758, 5, 24576, 572, 23686, 0, 0
2025/01/04 21:47:42.859, 5, 24576, 572, 23686, 0, 0
2025/01/04 21:47:42.959, 5, 24576, 572, 23686, 0, 0
2025/01/04 21:47:43.060, 5, 24576, 572, 23686, 0, 0
2025/01/04 21:47:43.161, 5, 24576, 572, 23686, 0, 0
2025/01/04 21:47:43.261, 5, 24576, 572, 23686, 0, 0
2025/01/04 21:47:43.362, 5, 24576, 572, 23686, 0, 0
2025/01/04 21:47:43.463, 5, 24576, 572, 23686, 0, 0
2025/01/04 21:47:43.564, 5, 24576, 572, 23686, 0, 0
2025/01/04 21:47:43.664, 5, 24576, 572, 23686, 0, 0
2025/01/04 21:47:43.765, 5, 24576, 572, 23686, 0, 0
2025/01/04 21:47:43.866, 5, 24576, 572, 23686, 0, 0
2025/01/04 21:47:43.966, 5, 24576, 572, 23686, 0, 0
2025/01/04 21:47:44.067, 5, 24576, 572, 23686, 0, 0
2025/01/04 21:47:44.167, 5, 24576, 572, 23686, 0, 0
2025/01/04 21:47:44.268, 5, 24576, 572, 23686, 0, 0
2025/01/04 21:47:44.369, 5, 24576, 572, 23686, 0, 0
2025/01/04 21:47:44.469, 5, 24576, 572, 23686, 0, 0
2025/01/04 21:47:44.570, 5, 24576, 572, 23686, 0, 0
2025/01/04 21:47:44.671, 5, 24576, 572, 23686, 0, 0
2025/01/04 21:47:44.771, 5, 24576, 572, 23686, 0, 0
2025/01/04 21:47:44.872, 5, 24576, 572, 23686, 0, 0
2025/01/04 21:47:44.973, 5, 24576, 572, 23686, 0, 0
2025/01/04 21:47:45.073, 5, 24576, 572, 23686, 0, 0
2025/01/04 21:47:45.174, 5, 24576, 572, 23686, 0, 0
2025/01/04 21:47:45.275, 5, 24576, 572, 23686, 0, 0
2025/01/04 21:47:45.376, 5, 24576, 572, 23686, 0, 0
2025/01/04 21:47:45.476, 5, 24576, 572, 23686, 0, 0
2025/01/04 21:47:45.577, 5, 24576, 572, 23686, 0, 0
2025/01/04 21:47:45.678, 5, 24576, 572, 23686, 0, 0
2025/01/04 21:47:45.778, 5, 24576, 572, 23686, 0, 0
2025/01/04 21:47:45.879, 5, 24576, 572, 23686, 0, 0
2025/01/04 21:47:45.979, 5, 24576, 572, 23686, 0, 0
2025/01/04 21:47:46.080, 5, 24576, 572, 23686, 0, 0
2025/01/04 21:47:46.181, 5, 24576, 572, 23686, 0, 0
2025/01/04 21:47:46.281, 5, 24576, 572, 23686, 0, 0
2025/01/04 21:47:46.382, 5, 24576, 572, 23686, 0, 0
2025/01/04 21:47:46.483, 5, 24576, 572, 23686, 0, 0
2025/01/04 21:47:46.583, 5, 24576, 572, 23686, 0, 0
2025/01/04 21:47:46.684, 5, 24576, 572, 23686, 0, 0
2025/01/04 21:47:46.785, 5, 24576, 572, 23686, 0, 0
2025/01/04 21:47:46.885, 5, 24576, 572, 23686, 0, 0
2025/01/04 21:47:46.986, 5, 24576, 572, 23686, 0, 0
2025/01/04 21:47:47.086, 5, 24576, 572, 23686, 0, 0
2025/01/04 21:47:47.187, 5, 24576, 572, 23686, 0, 0
2025/01/04 21:47:47.288, 5, 24576, 572, 23686, 0, 0
2025/01/04 21:47:47.388, 5, 24576, 572, 23686, 0, 0
2025/01/04 21:47:47.489, 5, 24576, 572, 23686, 0, 0
2025/01/04 21:47:47.590, 5, 24576, 572, 23686, 0, 0
2025/01/04 21:47:47.690, 5, 24576, 572, 23686, 0, 0
2025/01/04 21:47:47.791, 5, 24576, 572, 23686, 0, 0
2025/01/04 21:47:47.892, 5, 24576, 572, 23686, 0, 0
2025/01/04 21:47:47.992, 5, 24576, 572, 23686, 0, 0
2025/01/04 21:47:48.093, 5, 24576, 572, 23686, 0, 0
2025/01/04 21:47:48.194, 5, 24576, 572, 23686, 0, 0
2025/01/04 21:47:48.294, 5, 24576, 572, 23686, 0, 0
2025/01/04 21:47:48.395, 5, 24576, 572, 23686, 0, 0
2025/01/04 21:47:48.496, 5, 24576, 572, 23686, 0, 0
2025/01/04 21:47:48.596, 5, 24576, 572, 23686, 0, 0
2025/01/04 21:47:48.697, 5, 24576, 572, 23686, 0, 0
2025/01/04 21:47:48.798, 5, 24576, 572, 23686, 0, 0
2025/01/04 21:47:48.898, 5, 24576, 572, 23686, 0, 0
2025/01/04 21:47:48.999, 5, 24576, 572, 23686, 0, 0
2025/01/04 21:47:49.100, 5, 24576, 572, 23686, 0, 0
2025/01/04 21:47:49.200, 5, 24576, 572, 23686, 0, 0
2025/01/04 21:47:49.301, 5, 24576, 572, 23686, 0, 0
2025/01/04 21:47:49.402, 5, 24576, 572, 23686, 0, 0
2025/01/04 21:47:49.502, 5, 24576, 572, 23686, 0, 0
2025/01/04 21:47:49.603, 5, 24576, 572, 23686, 0, 0
2025/01/04 21:47:49.704, 5, 24576, 572, 23686, 0, 0
2025/01/04 21:47:49.804, 5, 24576, 572, 23686, 0, 0
2025/01/04 21:47:49.905, 5, 24576, 572, 23686, 0, 0
2025/01/04 21:47:50.006, 5, 24576, 572, 23686, 0, 0
2025/01/04 21:47:50.106, 5, 24576, 572, 23686, 0, 0
2025/01/04 21:47:50.207, 5, 24576, 572, 23686, 0, 0
2025/01/04 21:47:50.307, 5, 24576, 572, 23686, 0, 0
2025/01/04 21:47:50.408, 5, 24576, 572, 23686, 0, 0
2025/01/04 21:47:50.509, 5, 24576, 572, 23686, 0, 0
2025/01/04 21:47:50.610, 5, 24576, 572, 23686, 0, 0
2025/01/04 21:47:50.711, 5, 24576, 572, 23686, 0, 0
2025/01/04 21:47:50.812, 5, 24576, 572, 23686, 0, 0
2025/01/04 21:47:50.912, 5, 24576, 572, 23686, 0, 0
2025/01/04 21:47:51.013, 5, 24576, 572, 23686, 0, 0
2025/01/04 21:47:51.114, 5, 24576, 572, 23686, 0, 0
2025/01/04 21:47:51.214, 5, 24576, 572, 23686, 0, 0
2025/01/04 21:47:51.315, 5, 24576, 572, 23686, 0, 0
2025/01/04 21:47:51.416, 5, 24576, 572, 23686, 0, 0
2025/01/04 21:47:51.516, 5, 