timestamp, index, memory.total [MiB], memory.used [MiB], memory.free [MiB], utilization.gpu [%], utilization.memory [%]
2025/01/04 21:39:59.535, 5, 24576, 372, 23886, 0, 0
2025/01/04 21:39:59.636, 5, 24576, 372, 23886, 0, 0
2025/01/04 21:39:59.737, 5, 24576, 372, 23886, 0, 0
2025/01/04 21:39:59.837, 5, 24576, 372, 23886, 0, 0
2025/01/04 21:39:59.938, 5, 24576, 372, 23886, 0, 0
2025/01/04 21:40:00.038, 5, 24576, 514, 23744, 4, 0
2025/01/04 21:40:00.139, 5, 24576, 518, 23740, 4, 0
2025/01/04 21:40:00.240, 5, 24576, 518, 23740, 1, 0
2025/01/04 21:40:00.341, 5, 24576, 518, 23740, 1, 0
2025/01/04 21:40:00.441, 5, 24576, 518, 23740, 0, 0
2025/01/04 21:40:00.542, 5, 24576, 518, 23740, 0, 0
2025/01/04 21:40:00.643, 5, 24576, 518, 23740, 0, 0
2025/01/04 21:40:00.743, 5, 24576, 518, 23740, 0, 0
2025/01/04 21:40:00.844, 5, 24576, 526, 23732, 0, 0
2025/01/04 21:40:00.945, 5, 24576, 526, 23732, 0, 0
2025/01/04 21:40:01.046, 5, 24576, 528, 23730, 1, 0
2025/01/04 21:40:01.147, 5, 24576, 528, 23730, 1, 0
2025/01/04 21:40:01.248, 5, 24576, 554, 23704, 1, 0
2025/01/04 21:40:01.348, 5, 24576, 746, 23512, 1, 0
2025/01/04 21:40:01.449, 5, 24576, 746, 23512, 23, 12
2025/01/04 21:40:01.550, 5, 24576, 746, 23512, 23, 12
2025/01/04 21:40:01.651, 5, 24576, 746, 23512, 34, 18
2025/01/04 21:40:01.751, 5, 24576, 746, 23512, 34, 18
2025/01/04 21:40:01.852, 5, 24576, 746, 23512, 37, 19
2025/01/04 21:40:01.953, 5, 24576, 746, 23512, 37, 19
2025/01/04 21:40:02.053, 5, 24576, 746, 23512, 34, 18
2025/01/04 21:40:02.155, 5, 24576, 746, 23512, 34, 18
2025/01/04 21:40:02.255, 5, 24576, 746, 23512, 35, 18
2025/01/04 21:40:02.356, 5, 24576, 746, 23512, 35, 18
2025/01/04 21:40:02.457, 5, 24576, 746, 23512, 34, 18
2025/01/04 21:40:02.558, 5, 24576, 746, 23512, 34, 18
2025/01/04 21:40:02.658, 5, 24576, 746, 23512, 34, 18
2025/01/04 21:40:02.759, 5, 24576, 746, 23512, 34, 18
2025/01/04 21:40:02.860, 5, 24576, 746, 23512, 34, 18
2025/01/04 21:40:02.961, 5, 24576, 746, 23512, 34, 18
2025/01/04 21:40:03.061, 5, 24576, 746, 23512, 36, 19
2025/01/04 21:40:03.162, 5, 24576, 746, 23512, 36, 19
2025/01/04 21:40:03.263, 5, 24576, 746, 23512, 30, 15
2025/01/04 21:40:03.364, 5, 24576, 746, 23512, 30, 15
2025/01/04 21:40:03.465, 5, 24576, 746, 23512, 32, 16
2025/01/04 21:40:03.566, 5, 24576, 746, 23512, 32, 16
2025/01/04 21:40:03.667, 5, 24576, 746, 23512, 35, 18
2025/01/04 21:40:03.768, 5, 24576, 746, 23512, 35, 18
2025/01/04 21:40:03.868, 5, 24576, 746, 23512, 33, 17
2025/01/04 21:40:03.969, 5, 24576, 746, 23512, 33, 17
2025/01/04 21:40:04.070, 5, 24576, 746, 23512, 36, 19
2025/01/04 21:40:04.171, 5, 24576, 746, 23512, 36, 19
2025/01/04 21:40:04.271, 5, 24576, 746, 23512, 35, 18
2025/01/04 21:40:04.372, 5, 24576, 746, 23512, 35, 18
2025/01/04 21:40:04.473, 5, 24576, 746, 23512, 36, 19
2025/01/04 21:40:04.573, 5, 24576, 746, 23512, 36, 19
2025/01/04 21:40:04.674, 5, 24576, 746, 23512, 35, 18
2025/01/04 21:40:04.775, 5, 24576, 746, 23512, 35, 18
2025/01/04 21:40:04.875, 5, 24576, 746, 23512, 35, 18
2025/01/04 21:40:04.976, 5, 24576, 746, 23512, 35, 18
2025/01/04 21:40:05.077, 5, 24576, 746, 23512, 34, 18
2025/01/04 21:40:05.178, 5, 24576, 746, 23512, 34, 18
2025/01/04 21:40:05.278, 5, 24576, 746, 23512, 34, 18
2025/01/04 21:40:05.379, 5, 24576, 746, 23512, 34, 18
2025/01/04 21:40:05.480, 5, 24576, 746, 23512, 36, 19
2025/01/04 21:40:05.581, 5, 24576, 746, 23512, 36, 19
2025/01/04 21:40:05.681, 5, 24576, 746, 23512, 34, 18
2025/01/04 21:40:05.782, 5, 24576, 746, 23512, 34, 18
2025/01/04 21:40:05.883, 5, 24576, 746, 23512, 35, 18
2025/01/04 21:40:05.984, 5, 24576, 746, 23512, 35, 18
2025/01/04 21:40:06.085, 5, 24576, 746, 23512, 34, 18
2025/01/04 21:40:06.186, 5, 24576, 746, 23512, 34, 18
2025/01/04 21:40:06.287, 5, 24576, 746, 23512, 33, 17
2025/01/04 21:40:06.387, 5, 24576, 746, 23512, 33, 17
2025/01/04 21:40:06.488, 5, 24576, 746, 23512, 35, 18
2025/01/04 21:40:06.589, 5, 24576, 746, 23512, 35, 18
2025/01/04 21:40:06.690, 5, 24576, 746, 23512, 35, 18
2025/01/04 21:40:06.791, 5, 24576, 746, 23512, 35, 18
2025/01/04 21:40:06.891, 5, 24576, 746, 23512, 34, 18
2025/01/04 21:40:06.992, 5, 24576, 746, 23512, 34, 18
2025/01/04 21:40:07.093, 5, 24576, 746, 23512, 35, 18
2025/01/04 21:40:07.194, 5, 24576, 746, 23512, 35, 18
2025/01/04 21:40:07.294, 5, 24576, 746, 23512, 35, 18
2025/01/04 21:40:07.395, 5, 24576, 746, 23512, 35, 18
2025/01/04 21:40:07.496, 5, 24576, 746, 23512, 35, 18
2025/01/04 21:40:07.597, 5, 24576, 746, 23512, 35, 18
2025/01/04 21:40:07.698, 5, 24576, 746, 23512, 34, 18
2025/01/04 21:40:07.799, 5, 24576, 746, 23512, 34, 18
2025/01/04 21:40:07.900, 5, 24576, 746, 23512, 34, 18
2025/01/04 21:40:08.000, 5, 24576, 746, 23512, 34, 18
2025/01/04 21:40:08.101, 5, 24576, 746, 23512, 36, 19
2025/01/04 21:40:08.202, 5, 24576, 746, 23512, 36, 19
2025/01/04 21:40:08.302, 5, 24576, 746, 23512, 35, 18
2025/01/04 21:40:08.403, 5, 24576, 746, 23512, 35, 18
2025/01/04 21:40:08.504, 5, 24576, 746, 23512, 35, 18
2025/01/04 21:40:08.605, 5, 24576, 746, 23512, 35, 18
2025/01/04 21:40:08.706, 5, 24576, 746, 23512, 34, 18
2025/01/04 21:40:08.807, 5, 24576, 746, 23512, 34, 18
2025/01/04 21:40:08.907, 5, 24576, 746, 23512, 34, 18
2025/01/04 21:40:09.008, 5, 24576, 746, 23512, 34, 18
2025/01/04 21:40:09.109, 5, 24576, 746, 23512, 36, 19
2025/01/04 21:40:09.210, 5, 24576, 746, 23512, 36, 19
2025/01/04 21:40:09.310, 5, 24576, 746, 23512, 36, 18
2025/01/04 21:40:09.411, 5, 24576, 746, 23512, 36, 18
2025/01/04 21:40:09.512, 5, 24576, 746, 23512, 35, 18
2025/01/04 21:40:09.612, 5, 24576, 746, 23512, 35, 18
2025/01/04 21:40:09.713, 5, 24576, 746, 23512, 30, 16
2025/01/04 21:40:09.814, 5, 24576, 746, 23512, 30, 16
2025/01/04 21:40:09.914, 5, 24576, 746, 23512, 34, 18
2025/01/04 21:40:10.015, 5, 24576, 746, 23512, 34, 18
2025/01/04 21:40:10.116, 5, 24576, 746, 23512, 34, 18
2025/01/04 21:40:10.217, 5, 24576, 746, 23512, 34, 18
2025/01/04 21:40:10.318, 5, 24576, 746, 23512, 32, 17
2025/01/04 21:40:10.418, 5, 24576, 746, 23512, 32, 17
2025/01/04 21:40:10.519, 5, 24576, 746, 23512, 32, 16
2025/01/04 21:40:10.620, 5, 24576, 746, 23512, 32, 16
2025/01/04 21:40:10.721, 5, 24576, 746, 23512, 34, 18
2025/01/04 21:40:10.821, 5, 24576, 746, 23512, 34, 18
2025/01/04 21:40:10.922, 5, 24576, 746, 23512, 34, 18
2025/01/04 21:40:11.023, 5, 24576, 746, 23512, 34, 18
2025/01/04 21:40:11.126, 5, 24576, 746, 23512, 34, 18
2025/01/04 21:40:11.227, 5, 24576, 746, 23512, 34, 18
2025/01/04 21:40:11.327, 5, 24576, 746, 23512, 34, 18
2025/01/04 21:40:11.428, 5, 24576, 746, 23512, 34, 18
2025/01/04 21:40:11.529, 5, 24576, 746, 23512, 34, 18
2025/01/04 21:40:11.630, 5, 24576, 746, 23512, 34, 18
2025/01/04 21:40:11.730, 5, 24576, 746, 23512, 34, 18
2025/01/04 21:40:11.831, 5, 24576, 746, 23512, 34, 18
2025/01/04 21:40:11.932, 5, 24576, 746, 23512, 34, 18
2025/01/04 21:40:12.032, 5, 24576, 746, 23512, 34, 18
2025/01/04 21:40:12.133, 5, 24576, 746, 23512, 34, 18
2025/01/04 21:40:12.234, 5, 24576, 746, 23512, 35, 18
2025/01/04 21:40:12.334, 5, 24576, 746, 23512, 35, 18
2025/01/04 21:40:12.435, 5, 24576, 746, 23512, 37, 19
2025/01/04 21:40:12.536, 5, 24576, 746, 23512, 37, 19
2025/01/04 21:40:12.636, 5, 24576, 746, 23512, 34, 18
2025/01/04 21:40:12.737, 5, 24576, 746, 23512, 34, 18
2025/01/04 21:40:12.837, 5, 24576, 746, 23512, 36, 19
2025/01/04 21:40:12.938, 5, 24576, 746, 23512, 36, 19
2025/01/04 21:40:13.039, 5, 24576, 746, 23512, 35, 18
2025/01/04 21:40:13.139, 5, 24576, 746, 23512, 35, 18
2025/01/04 21:40:13.240, 5, 24576, 746, 23512, 36, 18
2025/01/04 21:40:13.341, 5, 24576, 746, 23512, 36, 18
2025/01/04 21:40:13.442, 5, 24576, 746, 23512, 34, 18
2025/01/04 21:40:13.543, 5, 24576, 746, 23512, 34, 18
2025/01/04 21:40:13.644, 5, 24576, 746, 23512, 35, 18
2025/01/04 21:40:13.744, 5, 24576, 746, 23512, 35, 18
2025/01/04 21:40:13.845, 5, 24576, 746, 23512, 37, 19
2025/01/04 21:40:13.946, 5, 24576, 746, 23512, 37, 19
2025/01/04 21:40:14.047, 5, 24576, 746, 23512, 34, 18
2025/01/04 21:40:14.147, 5, 24576, 746, 23512, 34, 18
2025/01/04 21:40:14.248, 5, 24576, 746, 23512, 35, 18
2025/01/04 21:40:14.349, 5, 24576, 746, 23512, 35, 18
2025/01/04 21:40:14.449, 5, 24576, 746, 23512, 33, 17
2025/01/04 21:40:14.550, 5, 24576, 746, 23512, 33, 17
2025/01/04 21:40:14.651, 5, 24576, 746, 23512, 35, 18
2025/01/04 21:40:14.751, 5, 24576, 746, 23512, 35, 18
2025/01/04 21:40:14.852, 5, 24576, 746, 23512, 36, 18
2025/01/04 21:40:14.953, 5, 24576, 746, 23512, 36, 18
2025/01/04 21:40:15.054, 5, 24576, 746, 23512, 34, 17
2025/01/04 21:40:15.154, 5, 24576, 746, 23512, 34, 17
2025/01/04 21:40:15.255, 5, 24576, 746, 23512, 33, 17
2025/01/04 21:40:15.356, 5, 24576, 746, 23512, 33, 17
2025/01/04 21:40:15.457, 5, 24576, 746, 23512, 35, 18
2025/01/04 21:40:15.558, 5, 24576, 746, 23512, 35, 18
2025/01/04 21:40:15.658, 5, 24576, 746, 23512, 35, 18
2025/01/04 21:40:15.759, 5, 24576, 746, 23512, 35, 18
2025/01/04 21:40:15.860, 5, 24576, 746, 23512, 34, 18
2025/01/04 21:40:15.961, 5, 24576, 746, 23512, 34, 18
2025/01/04 21:40:16.062, 5, 24576, 746, 23512, 35, 18
2025/01/04 21:40:16.163, 5, 24576, 746, 23512, 35, 18
2025/01/04 21:40:16.264, 5, 24576, 746, 23512, 36, 18
2025/01/04 21:40:16.364, 5, 24576, 746, 23512, 36, 18
2025/01/04 21:40:16.465, 5, 24576, 746, 23512, 35, 18
2025/01/04 21:40:16.566, 5, 24576, 746, 23512, 35, 18
2025/01/04 21:40:16.667, 5, 24576, 746, 23512, 34, 18
2025/01/04 21:40:16.767, 5, 24576, 746, 23512, 34, 18
2025/01/04 21:40:16.868, 5, 24576, 746, 23512, 36, 19
2025/01/04 21:40:16.969, 5, 24576, 746, 23512, 36, 19
2025/01/04 21:40:17.070, 5, 24576, 746, 23512, 36, 18
2025/01/04 21:40:17.170, 5, 24576, 746, 23512, 36, 18
2025/01/04 21:40:17.271, 5, 24576, 746, 23512, 38, 20
2025/01/04 21:40:17.372, 5, 24576, 746, 23512, 38, 20
2025/01/04 21:40:17.472, 5, 24576, 746, 23512, 42, 21
2025/01/04 21:40:17.574, 5, 24576, 746, 23512, 42, 21
2025/01/04 21:40:17.675, 5, 24576, 746, 23512, 39, 21
2025/01/04 21:40:17.775, 5, 24576, 746, 23512, 39, 21
2025/01/04 21:40:17.876, 5, 24576, 746, 23512, 35, 18
2025/01/04 21:40:17.977, 5, 24576, 746, 23512, 35, 18
2025/01/04 21:40:18.077, 5, 24576, 746, 23512, 34, 18
2025/01/04 21:40:18.178, 5, 24576, 746, 23512, 34, 18
2025/01/04 21:40:18.279, 5, 24576, 746, 23512, 33, 18
2025/01/04 21:40:18.380, 5, 24576, 746, 23512, 33, 18
2025/01/04 21:40:18.481, 5, 24576, 746, 23512, 33, 18
2025/01/04 21:40:18.582, 5, 24576, 746, 23512, 33, 18
2025/01/04 21:40:18.683, 5, 24576, 746, 23512, 33, 18
2025/01/04 21:40:18.783, 5, 24576, 746, 23512, 33, 18
2025/01/04 21:40:18.884, 5, 24576, 746, 23512, 33, 18
2025/01/04 21:40:18.985, 5, 24576, 746, 23512, 33, 18
2025/01/04 21:40:19.086, 5, 24576, 746, 23512, 33, 18
2025/01/04 21:40:19.186, 5, 24576, 746, 23512, 33, 18
2025/01/04 21:40:19.287, 5, 24576, 746, 23512, 35, 19
2025/01/04 21:40:19.388, 5, 24576, 746, 23512, 35, 19
2025/01/04 21:40:19.489, 5, 24576, 746, 23512, 35, 18
2025/01/04 21:40:19.590, 5, 24576, 746, 23512, 35, 18
2025/01/04 21:40:19.691, 5, 24576, 746, 23512, 36, 18
2025/01/04 21:40:19.791, 5, 24576, 746, 23512, 36, 18
2025/01/04 21:40:19.892, 5, 24576, 746, 23512, 34, 18
2025/01/04 21:40:19.993, 5, 24576, 746, 23512, 34, 18
2025/01/04 21:40:20.093, 5, 24576, 746, 23512, 34, 18
2025/01/04 21:40:20.194, 5, 24576, 746, 23512, 34, 18
2025/01/04 21:40:20.295, 5, 24576, 746, 23512, 36, 19
2025/01/04 21:40:20.395, 5, 24576, 746, 23512, 36, 19
2025/01/04 21:40:20.496, 5, 24576, 746, 23512, 36, 18
2025/01/04 21:40:20.597, 5, 24576, 746, 23512, 36, 18
2025/01/04 21:40:20.697, 5, 24576, 746, 23512, 35, 18
2025/01/04 21:40:20.798, 5, 24576, 746, 23512, 35, 18
2025/01/04 21:40:20.899, 5, 24576, 746, 23512, 34, 18
2025/01/04 21:40:21.000, 5, 24576, 746, 23512, 34, 18
2025/01/04 21:40:21.101, 5, 24576, 746, 23512, 34, 18
2025/01/04 21:40:21.202, 5, 24576, 746, 23512, 34, 18
2025/01/04 21:40:21.303, 5, 24576, 746, 23512, 34, 18
2025/01/04 21:40:21.404, 5, 24576, 746, 23512, 34, 18
2025/01/04 21:40:21.504, 5, 24576, 746, 23512, 35, 18
2025/01/04 21:40:21.605, 5, 24576, 746, 23512, 35, 18
2025/01/04 21:40:21.706, 5, 24576, 746, 23512, 37, 19
2025/01/04 21:40:21.807, 5, 24576, 746, 23512, 37, 19
2025/01/04 21:40:21.907, 5, 24576, 746, 23512, 35, 18
2025/01/04 21:40:22.008, 5, 24576, 746, 23512, 35, 18
2025/01/04 21:40:22.109, 5, 24576, 746, 23512, 34, 18
2025/01/04 21:40:22.209, 5, 24576, 746, 23512, 34, 18
2025/01/04 21:40:22.310, 5, 24576, 746, 23512, 36, 19
2025/01/04 21:40:22.411, 5, 24576, 746, 23512, 36, 19
2025/01/04 21:40:22.512, 5, 24576, 746, 23512, 36, 18
2025/01/04 21:40:22.612, 5, 24576, 746, 23512, 36, 18
2025/01/04 21:40:22.713, 5, 24576, 746, 23512, 34, 18
2025/01/04 21:40:22.814, 5, 24576, 746, 23512, 34, 18
2025/01/04 21:40:22.915, 5, 24576, 746, 23512, 34, 18
2025/01/04 21:40:23.015, 5, 24576, 746, 23512, 34, 18
2025/01/04 21:40:23.116, 5, 24576, 746, 23512, 36, 19
2025/01/04 21:40:23.217, 5, 24576, 746, 23512, 36, 19
2025/01/04 21:40:23.318, 5, 24576, 746, 23512, 35, 18
2025/01/04 21:40:23.419, 5, 24576, 746, 23512, 34, 17
2025/01/04 21:40:23.526, 5, 24576, 746, 23512, 34, 17
2025/01/04 21:40:23.626, 5, 24576, 746, 23512, 35, 18
2025/01/04 21:40:23.727, 5, 24576, 746, 23512, 35, 18
2025/01/04 21:40:23.828, 5, 24576, 746, 23512, 34, 18
2025/01/04 21:40:23.928, 5, 24576, 746, 23512, 34, 18
2025/01/04 21:40:24.029, 5, 24576, 746, 23512, 34, 18
2025/01/04 21:40:24.130, 5, 24576, 746, 23512, 34, 18
2025/01/04 21:40:24.230, 5, 24576, 746, 23512, 34, 18
2025/01/04 21:40:24.331, 5, 24576, 746, 23512, 34, 18
2025/01/04 21:40:24.432, 5, 24576, 746, 23512, 37, 19
2025/01/04 21:40:24.532, 5, 24576, 746, 23512, 37, 19
2025/01/04 21:40:24.633, 5, 24576, 746, 23512, 35, 18
2025/01/04 21:40:24.734, 5, 24576, 746, 23512, 35, 18
2025/01/04 21:40:24.834, 5, 24576, 746, 23512, 34, 18
2025/01/04 21:40:24.935, 5, 24576, 746, 23512, 34, 18
2025/01/04 21:40:25.036, 5, 24576, 746, 23512, 34, 18
2025/01/04 21:40:25.136, 5, 24576, 746, 23512, 34, 18
2025/01/04 21:40:25.237, 5, 24576, 746, 23512, 34, 18
2025/01/04 21:40:25.338, 5, 24576, 746, 23512, 34, 18
2025/01/04 21:40:25.439, 5, 24576, 746, 23512, 36, 19
2025/01/04 21:40:25.540, 5, 24576, 746, 23512, 36, 19
2025/01/04 21:40:25.641, 5, 24576, 746, 23512, 36, 18
2025/01/04 21:40:25.742, 5, 24576, 746, 23512, 36, 18
2025/01/04 21:40:25.843, 5, 24576, 746, 23512, 34, 18
2025/01/04 21:40:25.944, 5, 24576, 746, 23512, 34, 18
2025/01/04 21:40:26.044, 5, 24576, 746, 23512, 36, 19
2025/01/04 21:40:26.145, 5, 24576, 746, 23512, 36, 19
2025/01/04 21:40:26.246, 5, 24576, 746, 23512, 33, 17
2025/01/04 21:40:26.346, 5, 24576, 746, 23512, 33, 17
2025/01/04 21:40:26.447, 5, 24576, 746, 23512, 37, 19
2025/01/04 21:40:26.548, 5, 24576, 746, 23512, 37, 19
2025/01/04 21:40:26.648, 5, 24576, 746, 23512, 34, 18
2025/01/04 21:40:26.749, 5, 24576, 746, 23512, 34, 18
2025/01/04 21:40:26.850, 5, 24576, 746, 23512, 37, 19
2025/01/04 21:40:26.950, 5, 24576, 746, 23512, 37, 19
2025/01/04 21:40:27.051, 5, 24576, 746, 23512, 35, 18
2025/01/04 21:40:27.152, 5, 24576, 746, 23512, 35, 18
2025/01/04 21:40:27.252, 5, 24576, 746, 23512, 34, 18
2025/01/04 21:40:27.353, 5, 24576, 746, 23512, 34, 18
2025/01/04 21:40:27.454, 5, 24576, 746, 23512, 34, 18
2025/01/04 21:40:27.555, 5, 24576, 746, 23512, 34, 18
2025/01/04 21:40:27.655, 5, 24576, 746, 23512, 37, 19
2025/01/04 21:40:27.756, 5, 24576, 746, 23512, 37, 19
2025/01/04 21:40:27.857, 5, 24576, 746, 23512, 34, 18
2025/01/04 21:40:27.958, 5, 24576, 746, 23512, 34, 18
2025/01/04 21:40:28.060, 5, 24576, 746, 23512, 34, 18
2025/01/04 21:40:28.161, 5, 24576, 746, 23512, 34, 18
2025/01/04 21:40:28.262, 5, 24576, 746, 23512, 34, 18
2025/01/04 21:40:28.362, 5, 24576, 746, 23512, 34, 18
2025/01/04 21:40:28.463, 5, 24576, 746, 23512, 36, 18
2025/01/04 21:40:28.564, 5, 24576, 746, 23512, 36, 18
2025/01/04 21:40:28.664, 5, 24576, 746, 23512, 35, 18
2025/01/04 21:40:28.765, 5, 24576, 746, 23512, 35, 18
2025/01/04 21:40:28.866, 5, 24576, 746, 23512, 37, 19
2025/01/04 21:40:28.967, 5, 24576, 746, 23512, 37, 19
2025/01/04 21:40:29.067, 5, 24576, 746, 23512, 34, 18
2025/01/04 21:40:29.168, 5, 24576, 746, 23512, 34, 18
2025/01/04 21:40:29.269, 5, 24576, 746, 23512, 34, 18
2025/01/04 21:40:29.370, 5, 24576, 746, 23512, 34, 18
2025/01/04 21:40:29.470, 5, 24576, 746, 23512, 34, 18
2025/01/04 21:40:29.571, 5, 24576, 746, 23512, 34, 18
2025/01/04 21:40:29.672, 5, 24576, 746, 23512, 34, 18
2025/01/04 21:40:29.772, 5, 24576, 746, 23512, 34, 18
2025/01/04 21:40:29.873, 5, 24576, 746, 23512, 38, 19
2025/01/04 21:40:29.974, 5, 24576, 746, 23512, 38, 19
2025/01/04 21:40:30.075, 5, 24576, 746, 23512, 34, 18
2025/01/04 21:40:30.175, 5, 24576, 746, 23512, 34, 18
2025/01/04 21:40:30.276, 5, 24576, 746, 23512, 34, 18
2025/01/04 21:40:30.377, 5, 24576, 746, 23512, 34, 18
2025/01/04 21:40:30.478, 5, 24576, 746, 23512, 34, 18
2025/01/04 21:40:30.579, 5, 24576, 746, 23512, 34, 18
2025/01/04 21:40:30.680, 5, 24576, 746, 23512, 35, 18
2025/01/04 21:40:30.781, 5, 24576, 746, 23512, 35, 18
2025/01/04 21:40:30.882, 5, 24576, 746, 23512, 37, 19
2025/01/04 21:40:30.982, 5, 24576, 746, 23512, 37, 19
2025/01/04 21:40:31.083, 5, 24576, 746, 23512, 34, 18
2025/01/04 21:40:31.184, 5, 24576, 746, 23512, 34, 18
2025/01/04 21:40:31.284, 5, 24576, 746, 23512, 35, 18
2025/01/04 21:40:31.385, 5, 24576, 746, 23512, 35, 18
2025/01/04 21:40:31.486, 5, 24576, 746, 23512, 34, 18
2025/01/04 21:40:31.587, 5, 24576, 746, 23512, 34, 18
2025/01/04 21:40:31.687, 5, 24576, 746, 23512, 37, 19
2025/01/04 21:40:31.788, 5, 24576, 746, 23512, 37, 19
2025/01/04 21:40:31.888, 5, 24576, 746, 23512, 35, 18
2025/01/04 21:40:31.989, 5, 24576, 746, 23512, 35, 18
2025/01/04 21:40:32.090, 5, 24576, 746, 23512, 34, 18
2025/01/04 21:40:32.191, 5, 24576, 746, 23512, 34, 18
2025/01/04 21:40:32.291, 5, 24576, 746, 23512, 35, 18
2025/01/04 21:40:32.392, 5, 24576, 746, 23512, 35, 18
2025/01/04 21:40:32.493, 5, 24576, 746, 23512, 36, 19
2025/01/04 21:40:32.593, 5, 24576, 746, 23512, 36, 19
2025/01/04 21:40:32.694, 5, 24576, 746, 23512, 35, 18
2025/01/04 21:40:32.795, 5, 24576, 746, 23512, 35, 18
2025/01/04 21:40:32.896, 5, 24576, 746, 23512, 34, 18
2025/01/04 21:40:32.997, 5, 24576, 746, 23512, 34, 18
2025/01/04 21:40:33.098, 5, 24576, 746, 23512, 37, 19
2025/01/04 21:40:33.199, 5, 24576, 746, 23512, 37, 19
2025/01/04 21:40:33.299, 5, 24576, 746, 23512, 35, 18
2025/01/04 21:40:33.400, 5, 24576, 746, 23512, 35, 18
2025/01/04 21:40:33.501, 5, 24576, 746, 23512, 34, 18
2025/01/04 21:40:33.601, 5, 24576, 746, 23512, 34, 18
2025/01/04 21:40:33.702, 5, 24576, 746, 23512, 34, 18
2025/01/04 21:40:33.803, 5, 24576, 746, 23512, 34, 18
2025/01/04 21:40:33.903, 5, 24576, 746, 23512, 35, 19
2025/01/04 21:40:34.004, 5, 24576, 746, 23512, 35, 19
2025/01/04 21:40:34.105, 5, 24576, 746, 23512, 35, 18
2025/01/04 21:40:34.205, 5, 24576, 746, 23512, 35, 18
2025/01/04 21:40:34.306, 5, 24576, 746, 23512, 35, 18
2025/01/04 21:40:34.407, 5, 24576, 746, 23512, 35, 18
2025/01/04 21:40:34.508, 5, 24576, 746, 23512, 34, 18
2025/01/04 21:40:34.608, 5, 24576, 746, 23512, 34, 18
2025/01/04 21:40:34.709, 5, 24576, 746, 23512, 36, 19
2025/01/04 21:40:34.810, 5, 24576, 746, 23512, 36, 19
2025/01/04 21:40:34.910, 5, 24576, 746, 23512, 36, 18
2025/01/04 21:40:35.011, 5, 24576, 746, 23512, 36, 18
2025/01/04 21:40:35.112, 5, 24576, 746, 23512, 34, 18
2025/01/04 21:40:35.213, 5, 24576, 746, 23512, 34, 18
2025/01/04 21:40:35.313, 5, 24576, 746, 23512, 37, 19
2025/01/04 21:40:35.414, 5, 24576, 746, 23512, 37, 19
2025/01/04 21:40:35.515, 5, 24576, 746, 23512, 35, 18
2025/01/04 21:40:35.616, 5, 24576, 746, 23512, 34, 18
2025/01/04 21:40:35.719, 5, 24576, 746, 23512, 34, 18
2025/01/04 21:40:35.819, 5, 24576, 746, 23512, 34, 18
2025/01/04 21:40:35.921, 5, 24576, 746, 23512, 34, 18
2025/01/04 21:40:36.022, 5, 24576, 746, 23512, 34, 18
2025/01/04 21:40:36.123, 5, 24576, 746, 23512, 34, 18
2025/01/04 21:40:36.224, 5, 24576, 746, 23512, 34, 18
2025/01/04 21:40:36.325, 5, 24576, 746, 23512, 34, 18
2025/01/04 21:40:36.426, 5, 24576, 746, 23512, 34, 18
2025/01/04 21:40:36.526, 5, 24576, 746, 23512, 34, 18
2025/01/04 21:40:36.627, 5, 24576, 746, 23512, 34, 18
2025/01/04 21:40:36.728, 5, 24576, 746, 23512, 34, 18
2025/01/04 21:40:36.828, 5, 24576, 746, 23512, 35, 18
2025/01/04 21:40:36.929, 5, 24576, 746, 23512, 35, 18
2025/01/04 21:40:37.030, 5, 24576, 746, 23512, 36, 19
2025/01/04 21:40:37.130, 5, 24576, 746, 23512, 36, 19
2025/01/04 21:40:37.231, 5, 24576, 746, 23512, 33, 17
2025/01/04 21:40:37.332, 5, 24576, 746, 23512, 33, 17
2025/01/04 21:40:37.432, 5, 24576, 746, 23512, 35, 18
2025/01/04 21:40:37.533, 5, 24576, 746, 23512, 35, 18
2025/01/04 21:40:37.634, 5, 24576, 746, 23512, 35, 18
2025/01/04 21:40:37.735, 5, 24576, 746, 23512, 35, 18
2025/01/04 21:40:37.836, 5, 24576, 746, 23512, 34, 18
2025/01/04 21:40:37.937, 5, 24576, 746, 23512, 34, 18
2025/01/04 21:40:38.038, 5, 24576, 746, 23512, 34, 18
2025/01/04 21:40:38.138, 5, 24576, 746, 23512, 34, 18
2025/01/04 21:40:38.239, 5, 24576, 746, 23512, 35, 18
2025/01/04 21:40:38.340, 5, 24576, 746, 23512, 35, 18
2025/01/04 21:40:38.440, 5, 24576, 746, 23512, 36, 19
2025/01/04 21:40:38.541, 5, 24576, 746, 23512, 36, 19
2025/01/04 21:40:38.642, 5, 24576, 746, 23512, 35, 18
2025/01/04 21:40:38.743, 5, 24576, 746, 23512, 35, 18
2025/01/04 21:40:38.843, 5, 24576, 746, 23512, 34, 18
2025/01/04 21:40:38.944, 5, 24576, 746, 23512, 34, 18
2025/01/04 21:40:39.045, 5, 24576, 746, 23512, 34, 18
2025/01/04 21:40:39.145, 5, 24576, 746, 23512, 34, 18
2025/01/04 21:40:39.247, 5, 24576, 746, 23512, 34, 18
2025/01/04 21:40:39.348, 5, 24576, 746, 23512, 34, 18
2025/01/04 21:40:39.448, 5, 24576, 746, 23512, 36, 19
2025/01/04 21:40:39.549, 5, 24576, 746, 23512, 36, 19
2025/01/04 21:40:39.650, 5, 24576, 746, 23512, 35, 18
2025/01/04 21:40:39.750, 5, 24576, 746, 23512, 35, 18
2025/01/04 21:40:39.851, 5, 24576, 746, 23512, 35, 18
2025/01/04 21:40:39.952, 5, 24576, 746, 23512, 35, 18
2025/01/04 21:40:40.052, 5, 24576, 746, 23512, 34, 18
2025/01/04 21:40:40.153, 5, 24576, 746, 23512, 34, 18
2025/01/04 21:40:40.254, 5, 24576, 746, 23512, 34, 18
2025/01/04 21:40:40.355, 5, 24576, 746, 23512, 34, 18
2025/01/04 21:40:40.456, 5, 24576, 746, 23512, 38, 20
2025/01/04 21:40:40.557, 5, 24576, 746, 23512, 38, 20
2025/01/04 21:40:40.658, 5, 24576, 746, 23512, 34, 18
2025/01/04 21:40:40.758, 5, 24576, 746, 23512, 34, 18
2025/01/04 21:40:40.859, 5, 24576, 746, 23512, 35, 18
2025/01/04 21:40:40.960, 5, 24576, 746, 23512, 35, 18
2025/01/04 21:40:41.061, 5, 24576, 746, 23512, 34, 17
2025/01/04 21:40:41.162, 5, 24576, 746, 23512, 34, 17
2025/01/04 21:40:41.262, 5, 24576, 746, 23512, 34, 18
2025/01/04 21:40:41.363, 5, 24576, 746, 23512, 34, 18
2025/01/04 21:40:41.464, 5, 24576, 746, 23512, 37, 19
2025/01/04 21:40:41.564, 5, 24576, 746, 23512, 37, 19
2025/01/04 21:40:41.665, 5, 24576, 746, 23512, 35, 18
2025/01/04 21:40:41.766, 5, 24576, 746, 23512, 35, 18
2025/01/04 21:40:41.867, 5, 24576, 746, 23512, 34, 18
2025/01/04 21:40:41.967, 5, 24576, 746, 23512, 34, 18
2025/01/04 21:40:42.068, 5, 24576, 746, 23512, 35, 18
2025/01/04 21:40:42.169, 5, 24576, 746, 23512, 35, 18
2025/01/04 21:40:42.269, 5, 24576, 746, 23512, 35, 18
2025/01/04 21:40:42.370, 5, 24576, 746, 23512, 35, 18
2025/01/04 21:40:42.471, 5, 24576, 746, 23512, 35, 18
2025/01/04 21:40:42.571, 5, 24576, 746, 23512, 35, 18
2025/01/04 21:40:42.672, 5, 24576, 746, 23512, 34, 17
2025/01/04 21:40:42.773, 5, 24576, 746, 23512, 34, 17
2025/01/04 21:40:42.874, 5, 24576, 746, 23512, 33, 17
2025/01/04 21:40:42.975, 5, 24576, 746, 23512, 33, 17
2025/01/04 21:40:43.076, 5, 24576, 746, 23512, 30, 15
2025/01/04 21:40:43.177, 5, 24576, 746, 23512, 30, 15
2025/01/04 21:40:43.278, 5, 24576, 746, 23512, 34, 18
2025/01/04 21:40:43.378, 5, 24576, 746, 23512, 34, 18
2025/01/04 21:40:43.479, 5, 24576, 746, 23512, 35, 18
2025/01/04 21:40:43.580, 5, 24576, 746, 23512, 35, 18
2025/01/04 21:40:43.680, 5, 24576, 746, 23512, 35, 18
2025/01/04 21:40:43.781, 5, 24576, 746, 23512, 35, 18
2025/01/04 21:40:43.882, 5, 24576, 746, 23512, 34, 18
2025/01/04 21:40:43.983, 5, 24576, 746, 23512, 34, 18
2025/01/04 21:40:44.083, 5, 24576, 746, 23512, 30, 16
2025/01/04 21:40:44.184, 5, 24576, 746, 23512, 30, 16
2025/01/04 21:40:44.285, 5, 24576, 746, 23512, 32, 17
2025/01/04 21:40:44.385, 5, 24576, 746, 23512, 32, 17
2025/01/04 21:40:44.486, 5, 24576, 746, 23512, 36, 18
2025/01/04 21:40:44.587, 5, 24576, 746, 23512, 36, 18
2025/01/04 21:40:44.688, 5, 24576, 746, 23512, 35, 18
2025/01/04 21:40:44.788, 5, 24576, 746, 23512, 35, 18
2025/01/04 21:40:44.889, 5, 24576, 746, 23512, 34, 18
2025/01/04 21:40:44.990, 5, 24576, 746, 23512, 34, 18
2025/01/04 21:40:45.091, 5, 24576, 746, 23512, 34, 18
2025/01/04 21:40:45.192, 5, 24576, 746, 23512, 34, 18
2025/01/04 21:40:45.293, 5, 24576, 746, 23512, 34, 18
2025/01/04 21:40:45.394, 5, 24576, 746, 23512, 34, 18
2025/01/04 21:40:45.495, 5, 24576, 746, 23512, 34, 18
2025/01/04 21:40:45.595, 5, 24576, 746, 23512, 34, 18
2025/01/04 21:40:45.696, 5, 24576, 746, 23512, 34, 18
2025/01/04 21:40:45.797, 5, 24576, 746, 23512, 34, 18
2025/01/04 21:40:45.898, 5, 24576, 746, 23512, 34, 18
2025/01/04 21:40:45.998, 5, 24576, 746, 23512, 34, 18
2025/01/04 21:40:46.099, 5, 24576, 746, 23512, 34, 18
2025/01/04 21:40:46.200, 5, 24576, 746, 23512, 34, 18
2025/01/04 21:40:46.300, 5, 24576, 746, 23512, 34, 18
2025/01/04 21:40:46.401, 5, 24576, 746, 23512, 34, 18
2025/01/04 21:40:46.502, 5, 24576, 746, 23512, 34, 18
2025/01/04 21:40:46.602, 5, 24576, 746, 23512, 34, 18
2025/01/04 21:40:46.703, 5, 24576, 746, 23512, 34, 18
2025/01/04 21:40:46.804, 5, 24576, 746, 23512, 34, 18
2025/01/04 21:40:46.905, 5, 24576, 746, 23512, 34, 18
2025/01/04 21:40:47.005, 5, 24576, 746, 23512, 34, 18
2025/01/04 21:40:47.106, 5, 24576, 746, 23512, 34, 18
2025/01/04 21:40:47.207, 5, 24576, 746, 23512, 34, 18
2025/01/04 21:40:47.308, 5, 24576, 746, 23512, 35, 19
2025/01/04 21:40:47.409, 5, 24576, 746, 23512, 35, 19
2025/01/04 21:40:47.509, 5, 24576, 746, 23512, 35, 18
2025/01/04 21:40:47.610, 5, 24576, 746, 23512, 35, 18
2025/01/04 21:40:47.711, 5, 24576, 746, 23512, 35, 18
2025/01/04 21:40:47.812, 5, 24576, 746, 23512, 34, 18
2025/01/04 21:40:47.915, 5, 24576, 746, 23512, 34, 18
2025/01/04 21:40:48.015, 5, 24576, 746, 23512, 36, 19
2025/01/04 21:40:48.118, 5, 24576, 746, 23512, 36, 19
2025/01/04 21:40:48.219, 5, 24576, 746, 23512, 36, 18
2025/01/04 21:40:48.320, 5, 24576, 746, 23512, 36, 18
2025/01/04 21:40:48.420, 5, 24576, 746, 23512, 34, 18
2025/01/04 21:40:48.521, 5, 24576, 746, 23512, 34, 18
2025/01/04 21:40:48.622, 5, 24576, 746, 23512, 34, 18
2025/01/04 21:40:48.722, 5, 24576, 746, 23512, 34, 18
2025/01/04 21:40:48.823, 5, 24576, 746, 23512, 36, 19
2025/01/04 21:40:48.924, 5, 24576, 746, 23512, 36, 19
2025/01/04 21:40:49.024, 5, 24576, 746, 23512, 34, 17
2025/01/04 21:40:49.125, 5, 24576, 746, 23512, 34, 17
2025/01/04 21:40:49.226, 5, 24576, 746, 23512, 35, 18
2025/01/04 21:40:49.327, 5, 24576, 746, 23512, 35, 18
2025/01/04 21:40:49.428, 5, 24576, 746, 23512, 35, 18
2025/01/04 21:40:49.528, 5, 24576, 746, 23512, 35, 18
2025/01/04 21:40:49.629, 5, 24576, 746, 23512, 34, 18
2025/01/04 21:40:49.729, 5, 24576, 746, 23512, 34, 18
2025/01/04 21:40:49.830, 5, 24576, 746, 23512, 34, 18
2025/01/04 21:40:49.931, 5, 24576, 746, 23512, 34, 18
2025/01/04 21:40:50.032, 5, 24576, 746, 23512, 34, 18
2025/01/04 21:40:50.133, 5, 24576, 746, 23512, 34, 18
2025/01/04 21:40:50.234, 5, 24576, 746, 23512, 34, 18
2025/01/04 21:40:50.335, 5, 24576, 746, 23512, 34, 18
2025/01/04 21:40:50.435, 5, 24576, 746, 23512, 36, 19
2025/01/04 21:40:50.536, 5, 24576, 746, 23512, 36, 19
2025/01/04 21:40:50.637, 5, 24576, 746, 23512, 36, 18
2025/01/04 21:40:50.737, 5, 24576, 746, 23512, 36, 18
2025/01/04 21:40:50.838, 5, 24576, 746, 23512, 34, 18
2025/01/04 21:40:50.939, 5, 24576, 746, 23512, 34, 18
2025/01/04 21:40:51.039, 5, 24576, 746, 23512, 34, 18
2025/01/04 21:40:51.140, 5, 24576, 746, 23512, 34, 18
2025/01/04 21:40:51.241, 5, 24576, 746, 23512, 35, 18
2025/01/04 21:40:51.342, 5, 24576, 746, 23512, 35, 18
2025/01/04 21:40:51.442, 5, 24576, 746, 23512, 35, 18
2025/01/04 21:40:51.543, 5, 24576, 746, 23512, 35, 18
2025/01/04 21:40:51.644, 5, 24576, 746, 23512, 35, 18
2025/01/04 21:40:51.744, 5, 24576, 746, 23512, 35, 18
2025/01/04 21:40:51.845, 5, 24576, 746, 23512, 35, 18
2025/01/04 21:40:51.946, 5, 24576, 746, 23512, 35, 18
2025/01/04 21:40:52.046, 5, 24576, 746, 23512, 34, 18
2025/01/04 21:40:52.147, 5, 24576, 746, 23512, 34, 18
2025/01/04 21:40:52.248, 5, 24576, 746, 23512, 38, 20
2025/01/04 21:40:52.348, 5, 24576, 746, 23512, 38, 20
2025/01/04 21:40:52.449, 5, 24576, 746, 23512, 34, 18
2025/01/04 21:40:52.550, 5, 24576, 746, 23512, 34, 18
2025/01/04 21:40:52.651, 5, 24576, 746, 23512, 35, 18
2025/01/04 21:40:52.752, 5, 24576, 746, 23512, 35, 18
2025/01/04 21:40:52.853, 5, 24576, 746, 23512, 37, 19
2025/01/04 21:40:52.954, 5, 24576, 746, 23512, 37, 19
2025/01/04 21:40:53.055, 5, 24576, 746, 23512, 34, 18
2025/01/04 21:40:53.155, 5, 24576, 746, 23512, 34, 18
2025/01/04 21:40:53.256, 5, 24576, 746, 23512, 37, 19
2025/01/04 21:40:53.357, 5, 24576, 746, 23512, 37, 19
2025/01/04 21:40:53.457, 5, 24576, 746, 23512, 35, 18
2025/01/04 21:40:53.558, 5, 24576, 746, 23512, 35, 18
2025/01/04 21:40:53.659, 5, 24576, 746, 23512, 34, 18
2025/01/04 21:40:53.760, 5, 24576, 746, 23512, 34, 18
2025/01/04 21:40:53.860, 5, 24576, 746, 23512, 36, 19
2025/01/04 21:40:53.961, 5, 24576, 746, 23512, 36, 19
2025/01/04 21:40:54.062, 5, 24576, 746, 23512, 35, 18
2025/01/04 21:40:54.162, 5, 24576, 746, 23512, 35, 18
2025/01/04 21:40:54.263, 5, 24576, 746, 23512, 35, 18
2025/01/04 21:40:54.364, 5, 24576, 746, 23512, 35, 18
2025/01/04 21:40:54.465, 5, 24576, 746, 23512, 36, 19
2025/01/04 21:40:54.565, 5, 24576, 746, 23512, 36, 19
2025/01/04 21:40:54.666, 5, 24576, 746, 23512, 35, 18
2025/01/04 21:40:54.767, 5, 24576, 746, 23512, 35, 18
2025/01/04 21:40:54.867, 5, 24576, 746, 23512, 35, 18
2025/01/04 21:40:54.968, 5, 24576, 746, 23512, 35, 18
2025/01/04 21:40:55.069, 5, 24576, 746, 23512, 34, 18
2025/01/04 21:40:55.170, 5, 24576, 746, 23512, 34, 18
2025/01/04 21:40:55.271, 5, 24576, 746, 23512, 36, 19
2025/01/04 21:40:55.372, 5, 24576, 746, 23512, 36, 19
2025/01/04 21:40:55.473, 5, 24576, 746, 23512, 35, 18
2025/01/04 21:40:55.574, 5, 24576, 746, 23512, 35, 18
2025/01/04 21:40:55.675, 5, 24576, 746, 23512, 36, 19
2025/01/04 21:40:55.775, 5, 24576, 746, 23512, 36, 19
2025/01/04 21:40:55.876, 5, 24576, 746, 23512, 36, 18
2025/01/04 21:40:55.977, 5, 24576, 746, 23512, 36, 18
2025/01/04 21:40:56.077, 5, 24576, 746, 23512, 34, 18
2025/01/04 21:40:56.178, 5, 24576, 746, 23512, 34, 18
2025/01/04 21:40:56.279, 5, 24576, 746, 23512, 34, 18
2025/01/04 21:40:56.380, 5, 24576, 746, 23512, 34, 18
2025/01/04 21:40:56.480, 5, 24576, 746, 23512, 38, 20
2025/01/04 21:40:56.581, 5, 24576, 746, 23512, 38, 20
2025/01/04 21:40:56.682, 5, 24576, 746, 23512, 34, 18
2025/01/04 21:40:56.783, 5, 24576, 746, 23512, 34, 18
2025/01/04 21:40:56.884, 5, 24576, 746, 23512, 34, 18
2025/01/04 21:40:56.984, 5, 24576, 746, 23512, 34, 18
2025/01/04 21:40:57.085, 5, 24576, 746, 23512, 34, 18
2025/01/04 21:40:57.186, 5, 24576, 746, 23512, 34, 18
2025/01/04 21:40:57.286, 5, 24576, 746, 23512, 36, 19
2025/01/04 21:40:57.387, 5, 24576, 746, 23512, 36, 19
2025/01/04 21:40:57.488, 5, 24576, 746, 23512, 35, 18
2025/01/04 21:40:57.589, 5, 24576, 746, 23512, 35, 18
2025/01/04 21:40:57.690, 5, 24576, 746, 23512, 35, 18
2025/01/04 21:40:57.791, 5, 24576, 746, 23512, 35, 18
2025/01/04 21:40:57.892, 5, 24576, 746, 23512, 34, 18
2025/01/04 21:40:57.993, 5, 24576, 746, 23512, 34, 18
2025/01/04 21:40:58.093, 5, 24576, 746, 23512, 34, 18
2025/01/04 21:40:58.194, 5, 24576, 746, 23512, 34, 18
2025/01/04 21:40:58.295, 5, 24576, 746, 23512, 35, 18
2025/01/04 21:40:58.395, 5, 24576, 746, 23512, 35, 18
2025/01/04 21:40:58.496, 5, 24576, 746, 23512, 36, 19
2025/01/04 21:40:58.597, 5, 24576, 746, 23512, 36, 19
2025/01/04 21:40:58.698, 5, 24576, 746, 23512, 34, 18
2025/01/04 21:40:58.798, 5, 24576, 746, 23512, 34, 18
2025/01/04 21:40:58.899, 5, 24576, 746, 23512, 35, 18
2025/01/04 21:40:59.000, 5, 24576, 746, 23512, 35, 18
2025/01/04 21:40:59.100, 5, 24576, 746, 23512, 34, 18
2025/01/04 21:40:59.201, 5, 24576, 746, 23512, 34, 18
2025/01/04 21:40:59.302, 5, 24576, 746, 23512, 34, 18
2025/01/04 21:40:59.404, 5, 24576, 746, 23512, 34, 18
2025/01/04 21:40:59.505, 5, 24576, 746, 23512, 35, 18
2025/01/04 21:40:59.606, 5, 24576, 746, 23512, 35, 18
2025/01/04 21:40:59.707, 5, 24576, 746, 23512, 35, 18
2025/01/04 21:40:59.808, 5, 24576, 746, 23512, 6, 3
2025/01/04 21:40:59.914, 5, 24576, 746, 23512, 6, 3
2025/01/04 21:41:00.015, 5, 24576, 746, 23512, 0, 0
2025/01/04 21:41:00.116, 5, 24576, 746, 23512, 0, 0
2025/01/04 21:41:00.217, 5, 24576, 746, 23512, 0, 0
2025/01/04 21:41:00.317, 5, 24576, 746, 23512, 0, 0
2025/01/04 21:41:00.418, 5, 24576, 746, 23512, 0, 0
2025/01/04 21:41:00.519, 5, 24576, 746, 23512, 0, 0
2025/01/04 21:41:00.619, 5, 24576, 746, 23512, 0, 0
2025/01/04 21:41:00.720, 5, 24576, 746, 23512, 0, 0
2025/01/04 21:41:00.821, 5, 24576, 746, 23512, 0, 0
2025/01/04 21:41:00.921, 5, 24576, 746, 23512, 0, 0
2025/01/04 21:41:01.022, 5, 24576, 746, 23512, 0, 0
2025/01/04 21:41:01.122, 5, 24576, 746, 23512, 0, 0
2025/01/04 21:41:01.223, 5, 24576, 746, 23512, 0, 0
2025/01/04 21:41:01.324, 5, 24576, 746, 23512, 0, 0
2025/01/04 21:41:01.424, 5, 24576, 746, 23512, 0, 0
2025/01/04 21:41:01.525, 5, 24576, 746, 23512, 0, 0
2025/01/04 21:41:01.627, 5, 24576, 746, 23512, 0, 0
2025/01/04 21:41:01.728, 5, 24576, 746, 23512, 0, 0
2025/01/04 21:41:01.829, 5, 24576, 746, 23512, 0, 0
2025/01/04 21:41:01.930, 5, 24576, 746, 23512, 0, 0
2025/01/04 21:41:02.030, 5, 24576, 746, 23512, 0, 0
2025/01/04 21:41:02.131, 5, 24576, 746, 23512, 0, 0
2025/01/04 21:41:02.232, 5, 24576, 746, 23512, 0, 0
2025/01/04 21:41:02.332, 5, 24576, 746, 23512, 0, 0
2025/01/04 21:41:02.433, 5, 24576, 746, 23512, 0, 0
2025/01/04 21:41:02.534, 5, 24576, 746, 23512, 0, 0
2025/01/04 21:41:02.634, 5, 24576, 746, 23512, 0, 0
2025/01/04 21:41:02.735, 5, 24576, 746, 23512, 0, 0
2025/01/04 21:41:02.836, 5, 24576, 746, 23512, 0, 0
2025/01/04 21:41:02.936, 5, 24576, 746, 23512, 0, 0
2025/01/04 21:41:03.037, 5, 24576, 746, 23512, 0, 0
2025/01/04 21:41:03.138, 5, 24576, 746, 23512, 0, 0
2025/01/04 21:41:03.238, 5, 24576, 746, 23512, 0, 0
2025/01/04 21:41:03.339, 5, 24576, 746, 23512, 0, 0
2025/01/04 21:41:03.439, 5, 24576, 746, 23512, 0, 0
2025/01/04 21:41:03.541, 5, 24576, 746, 23512, 0, 0
2025/01/04 21:41:03.641, 5, 24576, 746, 23512, 0, 0
2025/01/04 21:41:03.742, 5, 24576, 746, 23512, 0, 0
2025/01/04 21:41:03.843, 5, 24576, 746, 23512, 0, 0
2025/01/04 21:41:03.943, 5, 24576, 746, 23512, 0, 0
2025/01/04 21:41:04.044, 5, 24576, 746, 23512, 0, 0
2025/01/04 21:41:04.145, 5, 24576, 746, 23512, 0, 0
2025/01/04 21:41:04.245, 5, 24576, 746, 23512, 0, 0
2025/01/04 21:41:04.346, 5, 24576, 746, 23512, 0, 0
2025/01/04 21:41:04.447, 5, 24576, 746, 23512, 0, 0
2025/01/04 21:41:04.547, 5, 24576, 746, 23512, 0, 0
2025/01/04 21:41:04.648, 5, 24576, 746, 23512, 0, 0
2025/01/04 21:41:04.748, 5, 24576, 746, 23512, 0, 0
2025/01/04 21:41:04.849, 5, 24576, 746, 23512, 0, 0
2025/01/04 21:41:04.950, 5, 24576, 746, 23512, 0, 0
2025/01/04 21:41:05.050, 5, 24576, 746, 23512, 0, 0
2025/01/04 21:41:05.151, 5, 24576, 746, 23512, 0, 0
2025/01/04 21:41:05.252, 5, 24576, 746, 23512, 0, 0
2025/01/04 21:41:05.352, 5, 24576, 746, 23512, 0, 0
2025/01/04 21:41:05.453, 5, 24576, 746, 23512, 0, 0
2025/01/04 21:41:05.554, 5, 24576, 746, 23512, 0, 0
2025/01/04 21:41:05.654, 5, 24576, 746, 23512, 0, 0
2025/01/04 21:41:05.755, 5, 24576, 746, 23512, 0, 0
2025/01/04 21:41:05.856, 5, 24576, 746, 23512, 0, 0
2025/01/04 21:41:05.956, 5, 24576, 746, 23512, 0, 0
2025/01/04 21:41:06.057, 5, 24576, 746, 23512, 0, 0
2025/01/04 21:41:06.157, 5, 24576, 746, 23512, 0, 0
2025/01/04 21:41:06.258, 5, 24576, 746, 23512, 0, 0
2025/01/04 21:41:06.359, 5, 24576, 746, 23512, 0, 0
2025/01/04 21:41:06.459, 5, 24576, 746, 23512, 0, 0
2025/01/04 21:41:06.560, 5, 24576, 746, 23512, 0, 0
2025/01/04 21:41:06.661, 5, 24576, 746, 23512, 0, 0
2025/01/04 21:41:06.761, 5, 24576, 746, 23512, 0, 0
2025/01/04 21:41:06.862, 5, 24576, 746, 23512, 0, 0
2025/01/04 21:41:06.963, 5, 24576, 746, 23512, 0, 0
2025/01/04 21:41:07.063, 5, 24576, 746, 23512, 0, 0
2025/01/04 21:41:07.164, 5, 24576, 746, 23512, 0, 0
2025/01/04 21:41:07.264, 5, 24576, 746, 23512, 0, 0
2025/01/04 21:41:07.365, 5, 24576, 746, 23512, 0, 0
2025/01/04 21:41:07.466, 5, 24576, 746, 23512, 0, 0
2025/01/04 21:41:07.566, 5, 24576, 746, 23512, 0, 0
2025/01/04 21:41:07.667, 5, 24576, 746, 23512, 0, 0
2025/01/04 21:41:07.768, 5, 24576, 746, 23512, 0, 0
2025/01/04 21:41:07.868, 5, 24576, 746, 23512, 0, 0
2025/01/04 21:41:07.969, 5, 24576, 746, 23512, 0, 0
2025/01/04 21:41:08.069, 5, 24576, 746, 23512, 0, 0
2025/01/04 21:41:08.170, 5, 24576, 746, 23512, 0, 0
2025/01/04 21:41:08.271, 5, 24576, 746, 23512, 0, 0
2025/01/04 21:41:08.371, 5, 24576, 746, 23512, 0, 0
2025/01/04 21:41:0