timestamp, index, memory.total [MiB], memory.used [MiB], memory.free [MiB], utilization.gpu [%], utilization.memory [%]
2025/01/04 22:10:47.888, 5, 24576, 372, 23886, 0, 0
2025/01/04 22:10:47.989, 5, 24576, 372, 23886, 0, 0
2025/01/04 22:10:48.090, 5, 24576, 372, 23886, 0, 0
2025/01/04 22:10:48.190, 5, 24576, 372, 23886, 0, 0
2025/01/04 22:10:48.291, 5, 24576, 372, 23886, 0, 0
2025/01/04 22:10:48.392, 5, 24576, 372, 23886, 0, 0
2025/01/04 22:10:48.492, 5, 24576, 372, 23886, 0, 0
2025/01/04 22:10:48.593, 5, 24576, 372, 23886, 0, 0
2025/01/04 22:10:48.694, 5, 24576, 372, 23886, 0, 0
2025/01/04 22:10:48.794, 5, 24576, 372, 23886, 0, 0
2025/01/04 22:10:48.895, 5, 24576, 372, 23886, 0, 0
2025/01/04 22:10:48.996, 5, 24576, 372, 23886, 0, 0
2025/01/04 22:10:49.096, 5, 24576, 372, 23886, 0, 0
2025/01/04 22:10:49.197, 5, 24576, 372, 23886, 0, 0
2025/01/04 22:10:49.298, 5, 24576, 372, 23886, 0, 0
2025/01/04 22:10:49.398, 5, 24576, 372, 23886, 0, 0
2025/01/04 22:10:49.499, 5, 24576, 372, 23886, 0, 0
2025/01/04 22:10:49.600, 5, 24576, 372, 23886, 0, 0
2025/01/04 22:10:49.700, 5, 24576, 372, 23886, 0, 0
2025/01/04 22:10:49.801, 5, 24576, 372, 23886, 0, 0
2025/01/04 22:10:49.902, 5, 24576, 372, 23886, 0, 0
2025/01/04 22:10:50.002, 5, 24576, 372, 23886, 0, 0
2025/01/04 22:10:50.103, 5, 24576, 372, 23886, 0, 0
2025/01/04 22:10:50.204, 5, 24576, 372, 23886, 0, 0
2025/01/04 22:10:50.305, 5, 24576, 372, 23886, 0, 0
2025/01/04 22:10:50.405, 5, 24576, 372, 23886, 0, 0
2025/01/04 22:10:50.506, 5, 24576, 372, 23886, 0, 0
2025/01/04 22:10:50.606, 5, 24576, 372, 23886, 0, 0
2025/01/04 22:10:50.707, 5, 24576, 372, 23886, 0, 0
2025/01/04 22:10:50.808, 5, 24576, 372, 23886, 0, 0
2025/01/04 22:10:50.909, 5, 24576, 372, 23886, 0, 0
2025/01/04 22:10:51.009, 5, 24576, 372, 23886, 0, 0
2025/01/04 22:10:51.110, 5, 24576, 372, 23886, 0, 0
2025/01/04 22:10:51.211, 5, 24576, 372, 23886, 0, 0
2025/01/04 22:10:51.311, 5, 24576, 372, 23886, 0, 0
2025/01/04 22:10:51.412, 5, 24576, 372, 23886, 0, 0
2025/01/04 22:10:51.513, 5, 24576, 372, 23886, 0, 0
2025/01/04 22:10:51.614, 5, 24576, 372, 23886, 0, 0
2025/01/04 22:10:51.715, 5, 24576, 372, 23886, 0, 0
2025/01/04 22:10:51.816, 5, 24576, 372, 23886, 0, 0
2025/01/04 22:10:51.916, 5, 24576, 372, 23886, 0, 0
2025/01/04 22:10:52.017, 5, 24576, 372, 23886, 0, 0
2025/01/04 22:10:52.118, 5, 24576, 372, 23886, 0, 0
2025/01/04 22:10:52.219, 5, 24576, 372, 23886, 0, 0
2025/01/04 22:10:52.319, 5, 24576, 372, 23886, 0, 0
2025/01/04 22:10:52.420, 5, 24576, 640, 23618, 0, 0
2025/01/04 22:10:52.521, 5, 24576, 880, 23378, 15, 0
2025/01/04 22:10:52.621, 5, 24576, 880, 23378, 15, 0
2025/01/04 22:10:52.722, 5, 24576, 880, 23378, 6, 0
2025/01/04 22:10:52.823, 5, 24576, 880, 23378, 6, 0
2025/01/04 22:10:52.924, 5, 24576, 882, 23376, 0, 0
2025/01/04 22:10:53.024, 5, 24576, 882, 23376, 0, 0
2025/01/04 22:10:53.125, 5, 24576, 882, 23376, 0, 0
2025/01/04 22:10:53.226, 5, 24576, 882, 23376, 0, 0
2025/01/04 22:10:53.327, 5, 24576, 896, 23362, 1, 0
2025/01/04 22:10:53.427, 5, 24576, 896, 23362, 1, 0
2025/01/04 22:10:53.528, 5, 24576, 896, 23362, 26, 5
2025/01/04 22:10:53.629, 5, 24576, 896, 23362, 26, 5
2025/01/04 22:10:53.730, 5, 24576, 896, 23362, 27, 5
2025/01/04 22:10:53.831, 5, 24576, 896, 23362, 27, 5
2025/01/04 22:10:53.932, 5, 24576, 896, 23362, 26, 5
2025/01/04 22:10:54.033, 5, 24576, 896, 23362, 26, 5
2025/01/04 22:10:54.133, 5, 24576, 896, 23362, 26, 5
2025/01/04 22:10:54.234, 5, 24576, 896, 23362, 26, 5
2025/01/04 22:10:54.335, 5, 24576, 896, 23362, 26, 5
2025/01/04 22:10:54.435, 5, 24576, 896, 23362, 26, 5
2025/01/04 22:10:54.536, 5, 24576, 896, 23362, 27, 5
2025/01/04 22:10:54.637, 5, 24576, 896, 23362, 27, 5
2025/01/04 22:10:54.738, 5, 24576, 896, 23362, 27, 5
2025/01/04 22:10:54.838, 5, 24576, 896, 23362, 27, 5
2025/01/04 22:10:54.939, 5, 24576, 896, 23362, 26, 5
2025/01/04 22:10:55.040, 5, 24576, 896, 23362, 26, 5
2025/01/04 22:10:55.140, 5, 24576, 896, 23362, 27, 5
2025/01/04 22:10:55.241, 5, 24576, 896, 23362, 27, 5
2025/01/04 22:10:55.342, 5, 24576, 896, 23362, 27, 5
2025/01/04 22:10:55.443, 5, 24576, 896, 23362, 27, 5
2025/01/04 22:10:55.543, 5, 24576, 896, 23362, 26, 5
2025/01/04 22:10:55.644, 5, 24576, 896, 23362, 26, 5
2025/01/04 22:10:55.745, 5, 24576, 896, 23362, 28, 5
2025/01/04 22:10:55.846, 5, 24576, 896, 23362, 28, 5
2025/01/04 22:10:55.946, 5, 24576, 896, 23362, 27, 5
2025/01/04 22:10:56.047, 5, 24576, 896, 23362, 27, 5
2025/01/04 22:10:56.148, 5, 24576, 896, 23362, 28, 5
2025/01/04 22:10:56.249, 5, 24576, 896, 23362, 27, 5
2025/01/04 22:10:56.352, 5, 24576, 896, 23362, 27, 5
2025/01/04 22:10:56.453, 5, 24576, 896, 23362, 28, 5
2025/01/04 22:10:56.556, 5, 24576, 896, 23362, 28, 5
2025/01/04 22:10:56.656, 5, 24576, 896, 23362, 26, 5
2025/01/04 22:10:56.757, 5, 24576, 896, 23362, 26, 5
2025/01/04 22:10:56.858, 5, 24576, 896, 23362, 28, 5
2025/01/04 22:10:56.959, 5, 24576, 896, 23362, 28, 5
2025/01/04 22:10:57.059, 5, 24576, 896, 23362, 27, 5
2025/01/04 22:10:57.160, 5, 24576, 896, 23362, 27, 5
2025/01/04 22:10:57.261, 5, 24576, 896, 23362, 28, 5
2025/01/04 22:10:57.361, 5, 24576, 896, 23362, 28, 5
2025/01/04 22:10:57.462, 5, 24576, 896, 23362, 26, 5
2025/01/04 22:10:57.563, 5, 24576, 896, 23362, 26, 5
2025/01/04 22:10:57.665, 5, 24576, 896, 23362, 26, 5
2025/01/04 22:10:57.765, 5, 24576, 896, 23362, 26, 5
2025/01/04 22:10:57.866, 5, 24576, 896, 23362, 30, 6
2025/01/04 22:10:57.967, 5, 24576, 896, 23362, 30, 6
2025/01/04 22:10:58.068, 5, 24576, 896, 23362, 27, 5
2025/01/04 22:10:58.169, 5, 24576, 896, 23362, 27, 5
2025/01/04 22:10:58.270, 5, 24576, 896, 23362, 25, 5
2025/01/04 22:10:58.371, 5, 24576, 896, 23362, 25, 5
2025/01/04 22:10:58.471, 5, 24576, 896, 23362, 24, 5
2025/01/04 22:10:58.572, 5, 24576, 896, 23362, 24, 5
2025/01/04 22:10:58.673, 5, 24576, 896, 23362, 25, 5
2025/01/04 22:10:58.773, 5, 24576, 896, 23362, 25, 5
2025/01/04 22:10:58.874, 5, 24576, 896, 23362, 25, 5
2025/01/04 22:10:58.975, 5, 24576, 896, 23362, 25, 5
2025/01/04 22:10:59.076, 5, 24576, 896, 23362, 27, 5
2025/01/04 22:10:59.176, 5, 24576, 896, 23362, 27, 5
2025/01/04 22:10:59.277, 5, 24576, 896, 23362, 24, 5
2025/01/04 22:10:59.378, 5, 24576, 896, 23362, 24, 5
2025/01/04 22:10:59.478, 5, 24576, 896, 23362, 25, 5
2025/01/04 22:10:59.579, 5, 24576, 896, 23362, 25, 5
2025/01/04 22:10:59.680, 5, 24576, 896, 23362, 23, 4
2025/01/04 22:10:59.780, 5, 24576, 896, 23362, 23, 4
2025/01/04 22:10:59.881, 5, 24576, 896, 23362, 24, 5
2025/01/04 22:10:59.982, 5, 24576, 896, 23362, 24, 5
2025/01/04 22:11:00.082, 5, 24576, 896, 23362, 24, 4
2025/01/04 22:11:00.183, 5, 24576, 896, 23362, 24, 4
2025/01/04 22:11:00.284, 5, 24576, 896, 23362, 26, 5
2025/01/04 22:11:00.385, 5, 24576, 896, 23362, 26, 5
2025/01/04 22:11:00.485, 5, 24576, 896, 23362, 23, 4
2025/01/04 22:11:00.586, 5, 24576, 896, 23362, 23, 4
2025/01/04 22:11:00.687, 5, 24576, 896, 23362, 25, 5
2025/01/04 22:11:00.788, 5, 24576, 896, 23362, 25, 5
2025/01/04 22:11:00.889, 5, 24576, 896, 23362, 25, 5
2025/01/04 22:11:00.990, 5, 24576, 896, 23362, 25, 5
2025/01/04 22:11:01.091, 5, 24576, 896, 23362, 26, 5
2025/01/04 22:11:01.191, 5, 24576, 896, 23362, 26, 5
2025/01/04 22:11:01.292, 5, 24576, 896, 23362, 25, 5
2025/01/04 22:11:01.393, 5, 24576, 896, 23362, 25, 5
2025/01/04 22:11:01.494, 5, 24576, 896, 23362, 27, 5
2025/01/04 22:11:01.595, 5, 24576, 896, 23362, 27, 5
2025/01/04 22:11:01.695, 5, 24576, 896, 23362, 25, 5
2025/01/04 22:11:01.796, 5, 24576, 896, 23362, 25, 5
2025/01/04 22:11:01.897, 5, 24576, 896, 23362, 26, 5
2025/01/04 22:11:01.997, 5, 24576, 896, 23362, 26, 5
2025/01/04 22:11:02.098, 5, 24576, 896, 23362, 25, 5
2025/01/04 22:11:02.199, 5, 24576, 896, 23362, 25, 5
2025/01/04 22:11:02.300, 5, 24576, 896, 23362, 25, 5
2025/01/04 22:11:02.400, 5, 24576, 896, 23362, 25, 5
2025/01/04 22:11:02.501, 5, 24576, 896, 23362, 25, 5
2025/01/04 22:11:02.602, 5, 24576, 896, 23362, 25, 5
2025/01/04 22:11:02.703, 5, 24576, 896, 23362, 26, 5
2025/01/04 22:11:02.803, 5, 24576, 896, 23362, 26, 5
2025/01/04 22:11:02.904, 5, 24576, 896, 23362, 26, 5
2025/01/04 22:11:03.005, 5, 24576, 896, 23362, 26, 5
2025/01/04 22:11:03.106, 5, 24576, 896, 23362, 26, 5
2025/01/04 22:11:03.207, 5, 24576, 896, 23362, 26, 5
2025/01/04 22:11:03.308, 5, 24576, 896, 23362, 23, 4
2025/01/04 22:11:03.409, 5, 24576, 896, 23362, 23, 4
2025/01/04 22:11:03.510, 5, 24576, 896, 23362, 18, 3
2025/01/04 22:11:03.610, 5, 24576, 896, 23362, 18, 3
2025/01/04 22:11:03.711, 5, 24576, 896, 23362, 23, 4
2025/01/04 22:11:03.812, 5, 24576, 896, 23362, 23, 4
2025/01/04 22:11:03.913, 5, 24576, 896, 23362, 25, 5
2025/01/04 22:11:04.014, 5, 24576, 896, 23362, 25, 5
2025/01/04 22:11:04.115, 5, 24576, 896, 23362, 26, 5
2025/01/04 22:11:04.216, 5, 24576, 896, 23362, 26, 5
2025/01/04 22:11:04.317, 5, 24576, 896, 23362, 25, 5
2025/01/04 22:11:04.417, 5, 24576, 896, 23362, 25, 5
2025/01/04 22:11:04.518, 5, 24576, 896, 23362, 26, 5
2025/01/04 22:11:04.619, 5, 24576, 896, 23362, 26, 5
2025/01/04 22:11:04.720, 5, 24576, 896, 23362, 26, 5
2025/01/04 22:11:04.821, 5, 24576, 896, 23362, 26, 5
2025/01/04 22:11:04.922, 5, 24576, 896, 23362, 26, 5
2025/01/04 22:11:05.023, 5, 24576, 896, 23362, 26, 5
2025/01/04 22:11:05.123, 5, 24576, 896, 23362, 26, 5
2025/01/04 22:11:05.224, 5, 24576, 896, 23362, 26, 5
2025/01/04 22:11:05.325, 5, 24576, 896, 23362, 26, 5
2025/01/04 22:11:05.426, 5, 24576, 896, 23362, 26, 5
2025/01/04 22:11:05.527, 5, 24576, 896, 23362, 27, 5
2025/01/04 22:11:05.628, 5, 24576, 896, 23362, 27, 5
2025/01/04 22:11:05.729, 5, 24576, 896, 23362, 25, 5
2025/01/04 22:11:05.829, 5, 24576, 896, 23362, 25, 5
2025/01/04 22:11:05.930, 5, 24576, 896, 23362, 26, 5
2025/01/04 22:11:06.031, 5, 24576, 896, 23362, 26, 5
2025/01/04 22:11:06.132, 5, 24576, 896, 23362, 26, 5
2025/01/04 22:11:06.232, 5, 24576, 896, 23362, 26, 5
2025/01/04 22:11:06.333, 5, 24576, 896, 23362, 25, 5
2025/01/04 22:11:06.434, 5, 24576, 896, 23362, 25, 5
2025/01/04 22:11:06.535, 5, 24576, 896, 23362, 26, 5
2025/01/04 22:11:06.635, 5, 24576, 896, 23362, 26, 5
2025/01/04 22:11:06.736, 5, 24576, 896, 23362, 27, 5
2025/01/04 22:11:06.837, 5, 24576, 896, 23362, 27, 5
2025/01/04 22:11:06.939, 5, 24576, 896, 23362, 25, 5
2025/01/04 22:11:07.040, 5, 24576, 896, 23362, 25, 5
2025/01/04 22:11:07.140, 5, 24576, 896, 23362, 26, 5
2025/01/04 22:11:07.241, 5, 24576, 896, 23362, 26, 5
2025/01/04 22:11:07.342, 5, 24576, 896, 23362, 26, 5
2025/01/04 22:11:07.443, 5, 24576, 896, 23362, 26, 5
2025/01/04 22:11:07.543, 5, 24576, 896, 23362, 25, 5
2025/01/04 22:11:07.644, 5, 24576, 896, 23362, 25, 5
2025/01/04 22:11:07.745, 5, 24576, 896, 23362, 26, 5
2025/01/04 22:11:07.846, 5, 24576, 896, 23362, 26, 5
2025/01/04 22:11:07.952, 5, 24576, 896, 23362, 26, 5
2025/01/04 22:11:08.053, 5, 24576, 896, 23362, 27, 5
2025/01/04 22:11:08.153, 5, 24576, 896, 23362, 27, 5
2025/01/04 22:11:08.254, 5, 24576, 896, 23362, 27, 5
2025/01/04 22:11:08.355, 5, 24576, 896, 23362, 27, 5
2025/01/04 22:11:08.455, 5, 24576, 896, 23362, 27, 5
2025/01/04 22:11:08.556, 5, 24576, 896, 23362, 27, 5
2025/01/04 22:11:08.657, 5, 24576, 896, 23362, 26, 5
2025/01/04 22:11:08.757, 5, 24576, 896, 23362, 26, 5
2025/01/04 22:11:08.858, 5, 24576, 896, 23362, 26, 5
2025/01/04 22:11:08.959, 5, 24576, 896, 23362, 26, 5
2025/01/04 22:11:09.059, 5, 24576, 896, 23362, 27, 5
2025/01/04 22:11:09.160, 5, 24576, 896, 23362, 27, 5
2025/01/04 22:11:09.261, 5, 24576, 896, 23362, 27, 5
2025/01/04 22:11:09.362, 5, 24576, 896, 23362, 27, 5
2025/01/04 22:11:09.462, 5, 24576, 896, 23362, 24, 5
2025/01/04 22:11:09.563, 5, 24576, 896, 23362, 24, 5
2025/01/04 22:11:09.665, 5, 24576, 896, 23362, 26, 5
2025/01/04 22:11:09.766, 5, 24576, 896, 23362, 26, 5
2025/01/04 22:11:09.867, 5, 24576, 896, 23362, 26, 5
2025/01/04 22:11:09.968, 5, 24576, 896, 23362, 26, 5
2025/01/04 22:11:10.068, 5, 24576, 896, 23362, 24, 5
2025/01/04 22:11:10.169, 5, 24576, 896, 23362, 24, 5
2025/01/04 22:11:10.270, 5, 24576, 896, 23362, 24, 4
2025/01/04 22:11:10.370, 5, 24576, 896, 23362, 24, 4
2025/01/04 22:11:10.471, 5, 24576, 896, 23362, 23, 4
2025/01/04 22:11:10.572, 5, 24576, 896, 23362, 23, 4
2025/01/04 22:11:10.673, 5, 24576, 896, 23362, 23, 4
2025/01/04 22:11:10.773, 5, 24576, 896, 23362, 23, 4
2025/01/04 22:11:10.874, 5, 24576, 896, 23362, 22, 4
2025/01/04 22:11:10.975, 5, 24576, 896, 23362, 22, 4
2025/01/04 22:11:11.075, 5, 24576, 896, 23362, 23, 4
2025/01/04 22:11:11.176, 5, 24576, 896, 23362, 23, 4
2025/01/04 22:11:11.277, 5, 24576, 896, 23362, 24, 4
2025/01/04 22:11:11.378, 5, 24576, 896, 23362, 24, 4
2025/01/04 22:11:11.478, 5, 24576, 896, 23362, 23, 4
2025/01/04 22:11:11.579, 5, 24576, 896, 23362, 23, 4
2025/01/04 22:11:11.680, 5, 24576, 896, 23362, 27, 5
2025/01/04 22:11:11.781, 5, 24576, 896, 23362, 27, 5
2025/01/04 22:11:11.881, 5, 24576, 896, 23362, 27, 5
2025/01/04 22:11:11.982, 5, 24576, 896, 23362, 27, 5
2025/01/04 22:11:12.083, 5, 24576, 896, 23362, 21, 4
2025/01/04 22:11:12.184, 5, 24576, 896, 23362, 21, 4
2025/01/04 22:11:12.286, 5, 24576, 896, 23362, 23, 4
2025/01/04 22:11:12.387, 5, 24576, 896, 23362, 23, 4
2025/01/04 22:11:12.488, 5, 24576, 896, 23362, 23, 4
2025/01/04 22:11:12.589, 5, 24576, 896, 23362, 23, 4
2025/01/04 22:11:12.689, 5, 24576, 896, 23362, 22, 4
2025/01/04 22:11:12.790, 5, 24576, 896, 23362, 22, 4
2025/01/04 22:11:12.891, 5, 24576, 896, 23362, 23, 4
2025/01/04 22:11:12.991, 5, 24576, 896, 23362, 23, 4
2025/01/04 22:11:13.092, 5, 24576, 896, 23362, 23, 4
2025/01/04 22:11:13.193, 5, 24576, 896, 23362, 23, 4
2025/01/04 22:11:13.294, 5, 24576, 896, 23362, 23, 4
2025/01/04 22:11:13.394, 5, 24576, 896, 23362, 23, 4
2025/01/04 22:11:13.495, 5, 24576, 896, 23362, 22, 4
2025/01/04 22:11:13.596, 5, 24576, 896, 23362, 22, 4
2025/01/04 22:11:13.696, 5, 24576, 896, 23362, 22, 4
2025/01/04 22:11:13.797, 5, 24576, 896, 23362, 22, 4
2025/01/04 22:11:13.898, 5, 24576, 896, 23362, 23, 4
2025/01/04 22:11:13.999, 5, 24576, 896, 23362, 23, 4
2025/01/04 22:11:14.100, 5, 24576, 896, 23362, 22, 4
2025/01/04 22:11:14.200, 5, 24576, 896, 23362, 22, 4
2025/01/04 22:11:14.301, 5, 24576, 896, 23362, 21, 4
2025/01/04 22:11:14.402, 5, 24576, 896, 23362, 21, 4
2025/01/04 22:11:14.503, 5, 24576, 896, 23362, 23, 4
2025/01/04 22:11:14.604, 5, 24576, 896, 23362, 23, 4
2025/01/04 22:11:14.705, 5, 24576, 896, 23362, 22, 4
2025/01/04 22:11:14.805, 5, 24576, 896, 23362, 22, 4
2025/01/04 22:11:14.906, 5, 24576, 896, 23362, 24, 4
2025/01/04 22:11:15.007, 5, 24576, 896, 23362, 24, 4
2025/01/04 22:11:15.107, 5, 24576, 896, 23362, 24, 4
2025/01/04 22:11:15.208, 5, 24576, 896, 23362, 24, 4
2025/01/04 22:11:15.309, 5, 24576, 896, 23362, 23, 4
2025/01/04 22:11:15.410, 5, 24576, 896, 23362, 23, 4
2025/01/04 22:11:15.511, 5, 24576, 896, 23362, 23, 4
2025/01/04 22:11:15.612, 5, 24576, 896, 23362, 23, 4
2025/01/04 22:11:15.712, 5, 24576, 896, 23362, 24, 5
2025/01/04 22:11:15.813, 5, 24576, 896, 23362, 24, 5
2025/01/04 22:11:15.914, 5, 24576, 896, 23362, 24, 5
2025/01/04 22:11:16.015, 5, 24576, 896, 23362, 24, 5
2025/01/04 22:11:16.116, 5, 24576, 896, 23362, 25, 5
2025/01/04 22:11:16.217, 5, 24576, 896, 23362, 25, 5
2025/01/04 22:11:16.318, 5, 24576, 896, 23362, 25, 5
2025/01/04 22:11:16.418, 5, 24576, 896, 23362, 25, 5
2025/01/04 22:11:16.519, 5, 24576, 896, 23362, 25, 5
2025/01/04 22:11:16.620, 5, 24576, 896, 23362, 25, 5
2025/01/04 22:11:16.721, 5, 24576, 896, 23362, 23, 4
2025/01/04 22:11:16.822, 5, 24576, 896, 23362, 23, 4
2025/01/04 22:11:16.923, 5, 24576, 896, 23362, 26, 5
2025/01/04 22:11:17.024, 5, 24576, 896, 23362, 26, 5
2025/01/04 22:11:17.124, 5, 24576, 896, 23362, 24, 5
2025/01/04 22:11:17.225, 5, 24576, 896, 23362, 24, 5
2025/01/04 22:11:17.326, 5, 24576, 896, 23362, 25, 5
2025/01/04 22:11:17.427, 5, 24576, 896, 23362, 25, 5
2025/01/04 22:11:17.527, 5, 24576, 896, 23362, 26, 5
2025/01/04 22:11:17.628, 5, 24576, 896, 23362, 26, 5
2025/01/04 22:11:17.729, 5, 24576, 896, 23362, 25, 5
2025/01/04 22:11:17.830, 5, 24576, 896, 23362, 25, 5
2025/01/04 22:11:17.931, 5, 24576, 896, 23362, 25, 5
2025/01/04 22:11:18.032, 5, 24576, 896, 23362, 25, 5
2025/01/04 22:11:18.133, 5, 24576, 896, 23362, 25, 5
2025/01/04 22:11:18.234, 5, 24576, 896, 23362, 25, 5
2025/01/04 22:11:18.334, 5, 24576, 896, 23362, 26, 5
2025/01/04 22:11:18.435, 5, 24576, 896, 23362, 26, 5
2025/01/04 22:11:18.536, 5, 24576, 896, 23362, 25, 5
2025/01/04 22:11:18.637, 5, 24576, 896, 23362, 25, 5
2025/01/04 22:11:18.737, 5, 24576, 896, 23362, 26, 5
2025/01/04 22:11:18.838, 5, 24576, 896, 23362, 26, 5
2025/01/04 22:11:18.939, 5, 24576, 896, 23362, 24, 5
2025/01/04 22:11:19.040, 5, 24576, 896, 23362, 23, 4
2025/01/04 22:11:19.145, 5, 24576, 896, 23362, 23, 4
2025/01/04 22:11:19.245, 5, 24576, 896, 23362, 23, 4
2025/01/04 22:11:19.348, 5, 24576, 896, 23362, 23, 4
2025/01/04 22:11:19.449, 5, 24576, 896, 23362, 23, 4
2025/01/04 22:11:19.550, 5, 24576, 896, 23362, 23, 4
2025/01/04 22:11:19.651, 5, 24576, 896, 23362, 26, 5
2025/01/04 22:11:19.751, 5, 24576, 896, 23362, 26, 5
2025/01/04 22:11:19.852, 5, 24576, 896, 23362, 24, 5
2025/01/04 22:11:19.953, 5, 24576, 896, 23362, 24, 5
2025/01/04 22:11:20.053, 5, 24576, 896, 23362, 23, 4
2025/01/04 22:11:20.154, 5, 24576, 896, 23362, 23, 4
2025/01/04 22:11:20.255, 5, 24576, 896, 23362, 24, 4
2025/01/04 22:11:20.356, 5, 24576, 896, 23362, 24, 4
2025/01/04 22:11:20.456, 5, 24576, 896, 23362, 24, 5
2025/01/04 22:11:20.557, 5, 24576, 896, 23362, 24, 5
2025/01/04 22:11:20.658, 5, 24576, 896, 23362, 24, 5
2025/01/04 22:11:20.759, 5, 24576, 896, 23362, 24, 5
2025/01/04 22:11:20.859, 5, 24576, 896, 23362, 25, 5
2025/01/04 22:11:20.960, 5, 24576, 896, 23362, 25, 5
2025/01/04 22:11:21.061, 5, 24576, 896, 23362, 25, 5
2025/01/04 22:11:21.162, 5, 24576, 896, 23362, 25, 5
2025/01/04 22:11:21.263, 5, 24576, 896, 23362, 25, 5
2025/01/04 22:11:21.364, 5, 24576, 896, 23362, 25, 5
2025/01/04 22:11:21.465, 5, 24576, 896, 23362, 25, 5
2025/01/04 22:11:21.566, 5, 24576, 896, 23362, 25, 5
2025/01/04 22:11:21.666, 5, 24576, 896, 23362, 23, 4
2025/01/04 22:11:21.767, 5, 24576, 896, 23362, 23, 4
2025/01/04 22:11:21.868, 5, 24576, 896, 23362, 25, 5
2025/01/04 22:11:21.969, 5, 24576, 896, 23362, 25, 5
2025/01/04 22:11:22.069, 5, 24576, 896, 23362, 26, 5
2025/01/04 22:11:22.170, 5, 24576, 896, 23362, 26, 5
2025/01/04 22:11:22.271, 5, 24576, 896, 23362, 24, 5
2025/01/04 22:11:22.372, 5, 24576, 896, 23362, 24, 5
2025/01/04 22:11:22.472, 5, 24576, 896, 23362, 23, 4
2025/01/04 22:11:22.573, 5, 24576, 896, 23362, 23, 4
2025/01/04 22:11:22.674, 5, 24576, 896, 23362, 24, 4
2025/01/04 22:11:22.774, 5, 24576, 896, 23362, 24, 4
2025/01/04 22:11:22.875, 5, 24576, 896, 23362, 22, 4
2025/01/04 22:11:22.976, 5, 24576, 896, 23362, 22, 4
2025/01/04 22:11:23.077, 5, 24576, 896, 23362, 23, 4
2025/01/04 22:11:23.177, 5, 24576, 896, 23362, 23, 4
2025/01/04 22:11:23.278, 5, 24576, 896, 23362, 23, 4
2025/01/04 22:11:23.379, 5, 24576, 896, 23362, 23, 4
2025/01/04 22:11:23.480, 5, 24576, 896, 23362, 23, 4
2025/01/04 22:11:23.581, 5, 24576, 896, 23362, 23, 4
2025/01/04 22:11:23.682, 5, 24576, 896, 23362, 23, 4
2025/01/04 22:11:23.783, 5, 24576, 896, 23362, 23, 4
2025/01/04 22:11:23.883, 5, 24576, 896, 23362, 26, 5
2025/01/04 22:11:23.984, 5, 24576, 896, 23362, 26, 5
2025/01/04 22:11:24.085, 5, 24576, 896, 23362, 27, 5
2025/01/04 22:11:24.186, 5, 24576, 896, 23362, 27, 5
2025/01/04 22:11:24.287, 5, 24576, 896, 23362, 26, 5
2025/01/04 22:11:24.387, 5, 24576, 896, 23362, 26, 5
2025/01/04 22:11:24.488, 5, 24576, 896, 23362, 25, 5
2025/01/04 22:11:24.589, 5, 24576, 896, 23362, 25, 5
2025/01/04 22:11:24.690, 5, 24576, 896, 23362, 27, 5
2025/01/04 22:11:24.790, 5, 24576, 896, 23362, 27, 5
2025/01/04 22:11:24.891, 5, 24576, 896, 23362, 26, 5
2025/01/04 22:11:24.992, 5, 24576, 896, 23362, 26, 5
2025/01/04 22:11:25.092, 5, 24576, 896, 23362, 25, 5
2025/01/04 22:11:25.193, 5, 24576, 896, 23362, 25, 5
2025/01/04 22:11:25.295, 5, 24576, 896, 23362, 25, 5
2025/01/04 22:11:25.396, 5, 24576, 896, 23362, 25, 5
2025/01/04 22:11:25.496, 5, 24576, 896, 23362, 26, 5
2025/01/04 22:11:25.597, 5, 24576, 896, 23362, 26, 5
2025/01/04 22:11:25.699, 5, 24576, 896, 23362, 28, 5
2025/01/04 22:11:25.800, 5, 24576, 896, 23362, 28, 5
2025/01/04 22:11:25.901, 5, 24576, 896, 23362, 27, 5
2025/01/04 22:11:26.002, 5, 24576, 896, 23362, 27, 5
2025/01/04 22:11:26.103, 5, 24576, 896, 23362, 27, 5
2025/01/04 22:11:26.204, 5, 24576, 896, 23362, 27, 5
2025/01/04 22:11:26.304, 5, 24576, 896, 23362, 27, 5
2025/01/04 22:11:26.405, 5, 24576, 896, 23362, 27, 5
2025/01/04 22:11:26.506, 5, 24576, 896, 23362, 27, 5
2025/01/04 22:11:26.606, 5, 24576, 896, 23362, 27, 5
2025/01/04 22:11:26.707, 5, 24576, 896, 23362, 26, 5
2025/01/04 22:11:26.808, 5, 24576, 896, 23362, 26, 5
2025/01/04 22:11:26.909, 5, 24576, 896, 23362, 23, 4
2025/01/04 22:11:27.009, 5, 24576, 896, 23362, 23, 4
2025/01/04 22:11:27.110, 5, 24576, 896, 23362, 22, 4
2025/01/04 22:11:27.211, 5, 24576, 896, 23362, 22, 4
2025/01/04 22:11:27.312, 5, 24576, 896, 23362, 27, 5
2025/01/04 22:11:27.412, 5, 24576, 896, 23362, 27, 5
2025/01/04 22:11:27.513, 5, 24576, 896, 23362, 26, 5
2025/01/04 22:11:27.614, 5, 24576, 896, 23362, 26, 5
2025/01/04 22:11:27.715, 5, 24576, 896, 23362, 27, 5
2025/01/04 22:11:27.815, 5, 24576, 896, 23362, 27, 5
2025/01/04 22:11:27.916, 5, 24576, 896, 23362, 27, 5
2025/01/04 22:11:28.017, 5, 24576, 896, 23362, 27, 5
2025/01/04 22:11:28.118, 5, 24576, 896, 23362, 27, 5
2025/01/04 22:11:28.219, 5, 24576, 896, 23362, 27, 5
2025/01/04 22:11:28.320, 5, 24576, 896, 23362, 28, 5
2025/01/04 22:11:28.421, 5, 24576, 896, 23362, 28, 5
2025/01/04 22:11:28.522, 5, 24576, 896, 23362, 26, 5
2025/01/04 22:11:28.622, 5, 24576, 896, 23362, 26, 5
2025/01/04 22:11:28.723, 5, 24576, 896, 23362, 25, 5
2025/01/04 22:11:28.824, 5, 24576, 896, 23362, 25, 5
2025/01/04 22:11:28.925, 5, 24576, 896, 23362, 26, 5
2025/01/04 22:11:29.025, 5, 24576, 896, 23362, 26, 5
2025/01/04 22:11:29.126, 5, 24576, 896, 23362, 27, 5
2025/01/04 22:11:29.227, 5, 24576, 896, 23362, 27, 5
2025/01/04 22:11:29.327, 5, 24576, 896, 23362, 24, 5
2025/01/04 22:11:29.428, 5, 24576, 896, 23362, 24, 5
2025/01/04 22:11:29.529, 5, 24576, 896, 23362, 27, 5
2025/01/04 22:11:29.630, 5, 24576, 896, 23362, 27, 5
2025/01/04 22:11:29.730, 5, 24576, 896, 23362, 26, 5
2025/01/04 22:11:29.831, 5, 24576, 896, 23362, 26, 5
2025/01/04 22:11:29.932, 5, 24576, 896, 23362, 26, 5
2025/01/04 22:11:30.033, 5, 24576, 896, 23362, 26, 5
2025/01/04 22:11:30.133, 5, 24576, 896, 23362, 27, 5
2025/01/04 22:11:30.234, 5, 24576, 896, 23362, 27, 5
2025/01/04 22:11:30.335, 5, 24576, 896, 23362, 27, 5
2025/01/04 22:11:30.436, 5, 24576, 896, 23362, 27, 5
2025/01/04 22:11:30.536, 5, 24576, 896, 23362, 27, 5
2025/01/04 22:11:30.638, 5, 24576, 896, 23362, 26, 5
2025/01/04 22:11:30.741, 5, 24576, 896, 23362, 26, 5
2025/01/04 22:11:30.842, 5, 24576, 896, 23362, 27, 5
2025/01/04 22:11:30.942, 5, 24576, 896, 23362, 27, 5
2025/01/04 22:11:31.043, 5, 24576, 896, 23362, 28, 5
2025/01/04 22:11:31.144, 5, 24576, 896, 23362, 28, 5
2025/01/04 22:11:31.245, 5, 24576, 896, 23362, 26, 5
2025/01/04 22:11:31.346, 5, 24576, 896, 23362, 26, 5
2025/01/04 22:11:31.447, 5, 24576, 896, 23362, 26, 5
2025/01/04 22:11:31.548, 5, 24576, 896, 23362, 26, 5
2025/01/04 22:11:31.648, 5, 24576, 896, 23362, 27, 5
2025/01/04 22:11:31.749, 5, 24576, 896, 23362, 27, 5
2025/01/04 22:11:31.850, 5, 24576, 896, 23362, 26, 5
2025/01/04 22:11:31.950, 5, 24576, 896, 23362, 26, 5
2025/01/04 22:11:32.051, 5, 24576, 896, 23362, 27, 5
2025/01/04 22:11:32.152, 5, 24576, 896, 23362, 27, 5
2025/01/04 22:11:32.253, 5, 24576, 896, 23362, 27, 5
2025/01/04 22:11:32.353, 5, 24576, 896, 23362, 27, 5
2025/01/04 22:11:32.454, 5, 24576, 896, 23362, 25, 5
2025/01/04 22:11:32.555, 5, 24576, 896, 23362, 25, 5
2025/01/04 22:11:32.656, 5, 24576, 896, 23362, 26, 5
2025/01/04 22:11:32.756, 5, 24576, 896, 23362, 26, 5
2025/01/04 22:11:32.857, 5, 24576, 896, 23362, 27, 5
2025/01/04 22:11:32.958, 5, 24576, 896, 23362, 27, 5
2025/01/04 22:11:33.059, 5, 24576, 896, 23362, 26, 5
2025/01/04 22:11:33.160, 5, 24576, 896, 23362, 26, 5
2025/01/04 22:11:33.261, 5, 24576, 896, 23362, 28, 5
2025/01/04 22:11:33.362, 5, 24576, 896, 23362, 28, 5
2025/01/04 22:11:33.462, 5, 24576, 896, 23362, 27, 5
2025/01/04 22:11:33.563, 5, 24576, 896, 23362, 27, 5
2025/01/04 22:11:33.664, 5, 24576, 896, 23362, 26, 5
2025/01/04 22:11:33.765, 5, 24576, 896, 23362, 26, 5
2025/01/04 22:11:33.865, 5, 24576, 896, 23362, 26, 5
2025/01/04 22:11:33.966, 5, 24576, 896, 23362, 26, 5
2025/01/04 22:11:34.067, 5, 24576, 896, 23362, 27, 5
2025/01/04 22:11:34.167, 5, 24576, 896, 23362, 27, 5
2025/01/04 22:11:34.268, 5, 24576, 896, 23362, 27, 5
2025/01/04 22:11:34.369, 5, 24576, 896, 23362, 27, 5
2025/01/04 22:11:34.469, 5, 24576, 896, 23362, 26, 5
2025/01/04 22:11:34.570, 5, 24576, 896, 23362, 26, 5
2025/01/04 22:11:34.671, 5, 24576, 896, 23362, 26, 5
2025/01/04 22:11:34.772, 5, 24576, 896, 23362, 26, 5
2025/01/04 22:11:34.872, 5, 24576, 896, 23362, 27, 5
2025/01/04 22:11:34.973, 5, 24576, 896, 23362, 27, 5
2025/01/04 22:11:35.074, 5, 24576, 896, 23362, 26, 5
2025/01/04 22:11:35.174, 5, 24576, 896, 23362, 26, 5
2025/01/04 22:11:35.275, 5, 24576, 896, 23362, 27, 5
2025/01/04 22:11:35.376, 5, 24576, 896, 23362, 27, 5
2025/01/04 22:11:35.477, 5, 24576, 896, 23362, 27, 5
2025/01/04 22:11:35.578, 5, 24576, 896, 23362, 27, 5
2025/01/04 22:11:35.679, 5, 24576, 896, 23362, 27, 5
2025/01/04 22:11:35.780, 5, 24576, 896, 23362, 27, 5
2025/01/04 22:11:35.880, 5, 24576, 896, 23362, 27, 5
2025/01/04 22:11:35.981, 5, 24576, 896, 23362, 27, 5
2025/01/04 22:11:36.082, 5, 24576, 896, 23362, 27, 5
2025/01/04 22:11:36.183, 5, 24576, 896, 23362, 27, 5
2025/01/04 22:11:36.283, 5, 24576, 896, 23362, 27, 5
2025/01/04 22:11:36.384, 5, 24576, 896, 23362, 27, 5
2025/01/04 22:11:36.485, 5, 24576, 896, 23362, 26, 5
2025/01/04 22:11:36.586, 5, 24576, 896, 23362, 26, 5
2025/01/04 22:11:36.686, 5, 24576, 896, 23362, 26, 5
2025/01/04 22:11:36.787, 5, 24576, 896, 23362, 26, 5
2025/01/04 22:11:36.888, 5, 24576, 896, 23362, 27, 5
2025/01/04 22:11:36.988, 5, 24576, 896, 23362, 27, 5
2025/01/04 22:11:37.089, 5, 24576, 896, 23362, 26, 5
2025/01/04 22:11:37.190, 5, 24576, 896, 23362, 26, 5
2025/01/04 22:11:37.290, 5, 24576, 896, 23362, 27, 5
2025/01/04 22:11:37.391, 5, 24576, 896, 23362, 27, 5
2025/01/04 22:11:37.492, 5, 24576, 896, 23362, 26, 5
2025/01/04 22:11:37.592, 5, 24576, 896, 23362, 26, 5
2025/01/04 22:11:37.693, 5, 24576, 896, 23362, 25, 5
2025/01/04 22:11:37.794, 5, 24576, 896, 23362, 25, 5
2025/01/04 22:11:37.895, 5, 24576, 896, 23362, 27, 5
2025/01/04 22:11:37.996, 5, 24576, 896, 23362, 27, 5
2025/01/04 22:11:38.097, 5, 24576, 896, 23362, 26, 5
2025/01/04 22:11:38.198, 5, 24576, 896, 23362, 26, 5
2025/01/04 22:11:38.298, 5, 24576, 896, 23362, 26, 5
2025/01/04 22:11:38.399, 5, 24576, 896, 23362, 26, 5
2025/01/04 22:11:38.500, 5, 24576, 896, 23362, 27, 5
2025/01/04 22:11:38.601, 5, 24576, 896, 23362, 27, 5
2025/01/04 22:11:38.701, 5, 24576, 896, 23362, 26, 5
2025/01/04 22:11:38.802, 5, 24576, 896, 23362, 26, 5
2025/01/04 22:11:38.903, 5, 24576, 896, 23362, 25, 5
2025/01/04 22:11:39.004, 5, 24576, 896, 23362, 25, 5
2025/01/04 22:11:39.104, 5, 24576, 896, 23362, 27, 5
2025/01/04 22:11:39.205, 5, 24576, 896, 23362, 27, 5
2025/01/04 22:11:39.306, 5, 24576, 896, 23362, 27, 5
2025/01/04 22:11:39.406, 5, 24576, 896, 23362, 27, 5
2025/01/04 22:11:39.507, 5, 24576, 896, 23362, 26, 5
2025/01/04 22:11:39.609, 5, 24576, 896, 23362, 26, 5
2025/01/04 22:11:39.710, 5, 24576, 896, 23362, 26, 5
2025/01/04 22:11:39.811, 5, 24576, 896, 23362, 26, 5
2025/01/04 22:11:39.911, 5, 24576, 896, 23362, 26, 5
2025/01/04 22:11:40.012, 5, 24576, 896, 23362, 26, 5
2025/01/04 22:11:40.113, 5, 24576, 896, 23362, 26, 5
2025/01/04 22:11:40.214, 5, 24576, 896, 23362, 26, 5
2025/01/04 22:11:40.315, 5, 24576, 896, 23362, 26, 5
2025/01/04 22:11:40.416, 5, 24576, 896, 23362, 26, 5
2025/01/04 22:11:40.517, 5, 24576, 896, 23362, 25, 5
2025/01/04 22:11:40.617, 5, 24576, 896, 23362, 25, 5
2025/01/04 22:11:40.718, 5, 24576, 896, 23362, 25, 5
2025/01/04 22:11:40.819, 5, 24576, 896, 23362, 25, 5
2025/01/04 22:11:40.920, 5, 24576, 896, 23362, 26, 5
2025/01/04 22:11:41.020, 5, 24576, 896, 23362, 26, 5
2025/01/04 22:11:41.121, 5, 24576, 896, 23362, 27, 5
2025/01/04 22:11:41.222, 5, 24576, 896, 23362, 27, 5
2025/01/04 22:11:41.323, 5, 24576, 896, 23362, 26, 5
2025/01/04 22:11:41.424, 5, 24576, 896, 23362, 26, 5
2025/01/04 22:11:41.524, 5, 24576, 896, 23362, 28, 5
2025/01/04 22:11:41.625, 5, 24576, 896, 23362, 28, 5
2025/01/04 22:11:41.726, 5, 24576, 896, 23362, 27, 5
2025/01/04 22:11:41.827, 5, 24576, 896, 23362, 27, 5
2025/01/04 22:11:41.928, 5, 24576, 896, 23362, 28, 5
2025/01/04 22:11:42.028, 5, 24576, 896, 23362, 28, 5
2025/01/04 22:11:42.129, 5, 24576, 896, 23362, 27, 5
2025/01/04 22:11:42.230, 5, 24576, 896, 23362, 27, 5
2025/01/04 22:11:42.330, 5, 24576, 896, 23362, 26, 5
2025/01/04 22:11:42.431, 5, 24576, 896, 23362, 26, 5
2025/01/04 22:11:42.532, 5, 24576, 896, 23362, 27, 5
2025/01/04 22:11:42.633, 5, 24576, 896, 23362, 27, 5
2025/01/04 22:11:42.734, 5, 24576, 896, 23362, 26, 5
2025/01/04 22:11:42.835, 5, 24576, 896, 23362, 26, 5
2025/01/04 22:11:42.937, 5, 24576, 896, 23362, 26, 5
2025/01/04 22:11:43.038, 5, 24576, 896, 23362, 27, 5
2025/01/04 22:11:43.139, 5, 24576, 896, 23362, 27, 5
2025/01/04 22:11:43.239, 5, 24576, 896, 23362, 25, 5
2025/01/04 22:11:43.340, 5, 24576, 896, 23362, 25, 5
2025/01/04 22:11:43.441, 5, 24576, 896, 23362, 27, 5
2025/01/04 22:11:43.542, 5, 24576, 896, 23362, 27, 5
2025/01/04 22:11:43.642, 5, 24576, 896, 23362, 27, 5
2025/01/04 22:11:43.744, 5, 24576, 896, 23362, 27, 5
2025/01/04 22:11:43.845, 5, 24576, 896, 23362, 28, 5
2025/01/04 22:11:43.946, 5, 24576, 896, 23362, 28, 5
2025/01/04 22:11:44.046, 5, 24576, 896, 23362, 26, 5
2025/01/04 22:11:44.147, 5, 24576, 896, 23362, 26, 5
2025/01/04 22:11:44.248, 5, 24576, 896, 23362, 26, 5
2025/01/04 22:11:44.348, 5, 24576, 896, 23362, 26, 5
2025/01/04 22:11:44.449, 5, 24576, 896, 23362, 27, 5
2025/01/04 22:11:44.550, 5, 24576, 896, 23362, 27, 5
2025/01/04 22:11:44.651, 5, 24576, 896, 23362, 26, 5
2025/01/04 22:11:44.752, 5, 24576, 896, 23362, 26, 5
2025/01/04 22:11:44.853, 5, 24576, 896, 23362, 27, 5
2025/01/04 22:11:44.954, 5, 24576, 896, 23362, 27, 5
2025/01/04 22:11:45.055, 5, 24576, 896, 23362, 26, 5
2025/01/04 22:11:45.156, 5, 24576, 896, 23362, 26, 5
2025/01/04 22:11:45.257, 5, 24576, 896, 23362, 26, 5
2025/01/04 22:11:45.357, 5, 24576, 896, 23362, 26, 5
2025/01/04 22:11:45.458, 5, 24576, 896, 23362, 26, 5
2025/01/04 22:11:45.559, 5, 24576, 896, 23362, 26, 5
2025/01/04 22:11:45.659, 5, 24576, 896, 23362, 27, 5
2025/01/04 22:11:45.760, 5, 24576, 896, 23362, 27, 5
2025/01/04 22:11:45.861, 5, 24576, 896, 23362, 27, 5
2025/01/04 22:11:45.962, 5, 24576, 896, 23362, 27, 5
2025/01/04 22:11:46.064, 5, 24576, 896, 23362, 26, 5
2025/01/04 22:11:46.164, 5, 24576, 896, 23362, 26, 5
2025/01/04 22:11:46.265, 5, 24576, 896, 23362, 27, 5
2025/01/04 22:11:46.366, 5, 24576, 896, 23362, 27, 5
2025/01/04 22:11:46.467, 5, 24576, 896, 23362, 27, 5
2025/01/04 22:11:46.567, 5, 24576, 896, 23362, 27, 5
2025/01/04 22:11:46.668, 5, 24576, 896, 23362, 26, 5
2025/01/04 22:11:46.769, 5, 24576, 896, 23362, 26, 5
2025/01/04 22:11:46.870, 5, 24576, 896, 23362, 27, 5
2025/01/04 22:11:46.970, 5, 24576, 896, 23362, 27, 5
2025/01/04 22:11:47.071, 5, 24576, 896, 23362, 26, 5
2025/01/04 22:11:47.172, 5, 24576, 896, 23362, 26, 5
2025/01/04 22:11:47.273, 5, 24576, 896, 23362, 26, 5
2025/01/04 22:11:47.374, 5, 24576, 896, 23362, 26, 5
2025/01/04 22:11:47.475, 5, 24576, 896, 23362, 26, 5
2025/01/04 22:11:47.576, 5, 24576, 896, 23362, 26, 5
2025/01/04 22:11:47.677, 5, 24576, 896, 23362, 27, 5
2025/01/04 22:11:47.777, 5, 24576, 896, 23362, 27, 5
2025/01/04 22:11:47.878, 5, 24576, 896, 23362, 27, 5
2025/01/04 22:11:47.979, 5, 24576, 896, 23362, 27, 5
2025/01/04 22:11:48.080, 5, 24576, 896, 23362, 21, 4
2025/01/04 22:11:48.180, 5, 24576, 896, 23362, 21, 4
2025/01/04 22:11:48.281, 5, 24576, 896, 23362, 0, 0
2025/01/04 22:11:48.382, 5, 24576, 896, 23362, 0, 0
2025/01/04 22:11:48.483, 5, 24576, 896, 23362, 0, 0
2025/01/04 22:11:48.583, 5, 24576, 896, 23362, 0, 0
2025/01/04 22:11:48.684, 5, 24576, 896, 23362, 0, 0
2025/01/04 22:11:48.785, 5, 24576, 896, 23362, 0, 0
2025/01/04 22:11:48.886, 5, 24576, 896, 23362, 0, 0
2025/01/04 22:11:48.986, 5, 24576, 896, 23362, 0, 0
2025/01/04 22:11:49.087, 5, 24576, 896, 23362, 0, 0
2025/01/04 22:11:49.189, 5, 24576, 896, 23362, 0, 0
2025/01/04 22:11:49.289, 5, 24576, 896, 23362, 0, 0
2025/01/04 22:11:49.390, 5, 24576, 896, 23362, 0, 0
2025/01/04 22:11:49.491, 5, 24576, 896, 23362, 0, 0
2025/01/04 22:11:49.591, 5, 24576, 896, 23362, 0, 0
2025/01/04 22:11:49.692, 5, 24576, 896, 23362, 0, 0
2025/01/04 22:11:49.793, 5, 24576, 896, 23362, 0, 0
2025/01/04 22:11:49.894, 5, 24576, 896, 23362, 0, 0
2025/01/04 22:11:49.995, 5, 24576, 896, 23362, 0, 0
2025/01/04 22:11:50.095, 5, 24576, 896, 23362, 0, 0
2025/01/04 22:11:50.196, 5, 24576, 896, 23362, 0, 0
2025/01/04 22:11:50.297, 5, 24576, 896, 23362, 0, 0
2025/01/04 22:11:50.398, 5, 24576, 896, 23362, 0, 0
2025/01/04 22:11:50.498, 5, 24576, 896, 23362, 0, 0
2025/01/04 22:11:50.599, 5, 24576, 896, 23362, 0, 0
2025/01/04 22:11:50.700, 5, 24576, 896, 23362, 0, 0
2025/01/04 22:11:50.801, 5, 24576, 896, 23362, 0, 0
2025/01/04 22:11:50.901, 5, 24576, 896, 23362, 0, 0
2025/01/04 22:11:51.002, 5, 24576, 896, 23362, 0, 0
2025/01/04 22:11:51.103, 5, 24576, 896, 23362, 0, 0
2025/01/04 22:11:51.203, 5, 24576, 896, 23362, 0, 0
2025/01/04 22:11:51.304, 5, 24576, 896, 23362, 0, 0
2025/01/04 22:11:51.405, 5, 24576, 896, 23362, 0, 0
2025/01/04 22:11:51.505, 5, 24576, 896, 23362, 0, 0
2025/01/04 22:11:51.606, 5, 24576, 896, 23362, 0, 0
2025/01/04 22:11:51.707, 5, 24576, 896, 23362, 0, 0
2025/01/04 22:11:51.808, 5, 24576, 896, 23362, 0, 0
2025/01/04 22:11:51.908, 5, 24576, 896, 23362, 0, 0
2025/01/04 22:11:52.009, 5, 24576, 896, 23362, 0, 0
2025/01/04 22:11:52.110, 5, 24576, 896, 23362, 0, 0
2025/01/04 22:11:52.210, 5, 24576, 896, 23362, 0, 0
2025/01/04 22:11:52.311, 5, 24576, 896, 23362, 0, 0
2025/01/04 22:11:52.412, 5, 24576, 896, 23362, 0, 0
2025/01/04 22:11:52.512, 5, 24576, 896, 23362, 0, 0
2025/01/04 22:11:52.613, 5, 24576, 896, 23362, 0, 0
2025/01/04 22:11:52.714, 5, 24576, 896, 23362, 0, 0
2025/01/04 22:11:52.814, 5, 24576, 896, 23362, 0, 0
2025/01/04 22:11:52.915, 5, 24576, 896, 23362, 0, 0
2025/01/04 22:11:53.016, 5, 24576, 896, 23362, 0, 0
2025/01/04 22:11:53.116, 5, 24576, 896, 23362, 0, 0
2025/01/04 22:11:53.217, 5, 24576, 896, 23362, 0, 0
2025/01/04 22:11:53.317, 5, 24576, 896, 23362, 0, 0
2025/01/04 22:11:53.418, 5, 24576, 896, 23362, 0, 0
2025/01/04 22:11:53.519, 5, 24576, 896, 23362, 0, 0
2025/01/04 22:11:53.620, 5, 24576, 896, 23362, 0, 0
2025/01/04 22:11:53.720, 5, 24576, 896, 23362, 0, 0
2025/01/04 22:11:53.821, 5, 24576, 896, 23362, 0, 0
2025/01/04 22:11:53.922, 5, 24576, 896, 23362, 0, 0
2025/01/04 22:11:54.022, 5, 24576, 896, 23362, 0, 0
2025/01/04 22:11:54.123, 5, 24576, 896, 23362, 0, 0
2025/01/04 22:11:54.224, 5, 24576, 896, 23362, 0, 0
2025/01/04 22:11:54.324, 5, 24576, 896, 23362, 0, 0
2025/01/04 22:11:54.425, 5, 24576, 896, 23362, 0, 0
2025/01/04 22:11:54.526, 5, 24576, 896, 23362, 0, 0
2025/01/04 22:11:54.626, 5, 24576, 896, 23362, 0, 0
2025/01/04 22:11:54.727, 5, 24576, 896, 23362, 0, 0
2025/01/04 22:11:54.828, 5, 24576, 896, 23362, 0, 0
2025/01/04 22:11:54.929, 5, 24576, 896, 23362, 0, 0
2025/01/04 22:11:55.029, 5, 24576, 896, 23362, 0, 0
2025/01/04 22:11:55.130, 5, 24576, 896, 23362, 0, 0
2025/01/04 22:11:55.230, 5, 24576, 896, 23362, 0, 0
2025/01/04 22:11:55.331, 5, 24576, 896, 23362, 0, 0
2025/01/04 22:11:55.432, 5, 24576, 896, 23362, 0, 0
2025/01/04 22:11:55.532, 5, 24576, 896, 23362, 0, 0
2025/01/04 22:11:55.633, 5, 24576, 896, 23362, 0, 0
2025/01/04 22:11:55.734, 5, 24576, 896, 23362, 0, 0
2025/01/04 22:11:55.835, 5, 24576, 896, 23362, 0, 0
2025/01/04 22:11:55.935, 5, 24576, 896, 23362, 0, 0
2025/01/04 22:11:56.036, 5, 24576, 896, 23362, 0, 0
2025/01/04 22:11:56.137, 5, 24576, 896, 23362, 0, 0
2025/01/04 22:11:56.237, 5, 24576, 896, 23362, 0, 0
2025/01/04 22:11:56.338, 5, 24576, 896, 23362, 0, 0
2025/01/04 22:11:56.439, 5, 24576, 896, 23362, 0, 0
2025/01/04 22:11:56.539, 5, 24576, 896, 23362, 0, 0
2025/01/04 22:11:56.640, 5, 24576, 896, 23362, 0, 0
2025/01/04 22:11:56.741, 5, 24576, 896, 23362, 0, 0
2025/01/04 22:11:56.841, 5, 24576, 896, 23362, 0, 0
2025/01/04 22:11:56.942, 5, 24576, 896, 23362, 0, 0
2025/01/04 22:11:57.043, 5, 24576, 896, 23362, 0, 0
2025/01/04 22:11:57.143, 5, 24576, 896, 23362, 0, 0
2025/01/04 22:11:57.244, 5, 24576, 896, 23362, 0, 0
2025/01/04 22:11:57.345, 5, 24576, 896, 23362, 0, 0
2025/01/04 22:11:57.446, 5, 24576, 896, 23362, 0, 0
2025/01/04 22:11:57.546, 5, 24576, 896, 23362, 0, 0
2025/01/04 22:11:57.647, 5, 24576, 896, 23362, 0, 0
2025/01/04 22:11:57.748, 5, 24576, 896, 23362, 0, 0
2025/01/04 22:11:57.849, 5, 24576, 896, 23362, 0, 0
2025/01/04 22:11:57.949, 5, 24576, 896, 23362, 0, 0
2025/01