timestamp, index, memory.total [MiB], memory.used [MiB], memory.free [MiB], utilization.gpu [%], utilization.memory [%]
2025/01/06 18:14:29.990, 1, 24576, 372, 23886, 0, 0
2025/01/06 18:14:30.090, 1, 24576, 372, 23886, 0, 0
2025/01/06 18:14:30.191, 1, 24576, 372, 23886, 0, 0
2025/01/06 18:14:30.292, 1, 24576, 372, 23886, 0, 0
2025/01/06 18:14:30.392, 1, 24576, 372, 23886, 0, 0
2025/01/06 18:14:30.493, 1, 24576, 372, 23886, 0, 0
2025/01/06 18:14:30.594, 1, 24576, 372, 23886, 0, 0
2025/01/06 18:14:30.694, 1, 24576, 474, 23784, 0, 0
2025/01/06 18:14:30.795, 1, 24576, 580, 23678, 0, 0
2025/01/06 18:14:30.896, 1, 24576, 584, 23674, 8, 0
2025/01/06 18:14:30.996, 1, 24576, 584, 23674, 8, 0
2025/01/06 18:14:31.097, 1, 24576, 584, 23674, 0, 0
2025/01/06 18:14:31.198, 1, 24576, 584, 23674, 0, 0
2025/01/06 18:14:31.299, 1, 24576, 592, 23666, 0, 0
2025/01/06 18:14:31.400, 1, 24576, 592, 23666, 0, 0
2025/01/06 18:14:31.501, 1, 24576, 594, 23664, 1, 0
2025/01/06 18:14:31.601, 1, 24576, 594, 23664, 1, 0
2025/01/06 18:14:31.702, 1, 24576, 1718, 22540, 1, 0
2025/01/06 18:14:31.803, 1, 24576, 1718, 22540, 1, 0
2025/01/06 18:14:31.904, 1, 24576, 1718, 22540, 47, 26
2025/01/06 18:14:32.005, 1, 24576, 1718, 22540, 47, 26
2025/01/06 18:14:32.106, 1, 24576, 1718, 22540, 66, 40
2025/01/06 18:14:32.207, 1, 24576, 1718, 22540, 66, 40
2025/01/06 18:14:32.308, 1, 24576, 1718, 22540, 65, 39
2025/01/06 18:14:32.410, 1, 24576, 1718, 22540, 65, 39
2025/01/06 18:14:32.510, 1, 24576, 1718, 22540, 62, 38
2025/01/06 18:14:32.611, 1, 24576, 1718, 22540, 62, 38
2025/01/06 18:14:32.712, 1, 24576, 1718, 22540, 66, 40
2025/01/06 18:14:32.813, 1, 24576, 1718, 22540, 66, 40
2025/01/06 18:14:32.913, 1, 24576, 1718, 22540, 67, 41
2025/01/06 18:14:33.014, 1, 24576, 1718, 22540, 67, 41
2025/01/06 18:14:33.115, 1, 24576, 1718, 22540, 67, 41
2025/01/06 18:14:33.216, 1, 24576, 1718, 22540, 67, 41
2025/01/06 18:14:33.316, 1, 24576, 1718, 22540, 65, 40
2025/01/06 18:14:33.417, 1, 24576, 1718, 22540, 65, 40
2025/01/06 18:14:33.518, 1, 24576, 1718, 22540, 66, 41
2025/01/06 18:14:33.619, 1, 24576, 1718, 22540, 66, 41
2025/01/06 18:14:33.719, 1, 24576, 1718, 22540, 65, 40
2025/01/06 18:14:33.820, 1, 24576, 1718, 22540, 65, 40
2025/01/06 18:14:33.921, 1, 24576, 1718, 22540, 63, 39
2025/01/06 18:14:34.021, 1, 24576, 1718, 22540, 63, 39
2025/01/06 18:14:34.122, 1, 24576, 1718, 22540, 65, 39
2025/01/06 18:14:34.223, 1, 24576, 1718, 22540, 65, 39
2025/01/06 18:14:34.324, 1, 24576, 1718, 22540, 65, 40
2025/01/06 18:14:34.425, 1, 24576, 1718, 22540, 65, 40
2025/01/06 18:14:34.526, 1, 24576, 1718, 22540, 64, 40
2025/01/06 18:14:34.627, 1, 24576, 1718, 22540, 64, 40
2025/01/06 18:14:34.728, 1, 24576, 1718, 22540, 65, 40
2025/01/06 18:14:34.829, 1, 24576, 1718, 22540, 65, 40
2025/01/06 18:14:34.930, 1, 24576, 1718, 22540, 67, 41
2025/01/06 18:14:35.030, 1, 24576, 1718, 22540, 67, 41
2025/01/06 18:14:35.131, 1, 24576, 1718, 22540, 67, 41
2025/01/06 18:14:35.232, 1, 24576, 1718, 22540, 67, 41
2025/01/06 18:14:35.332, 1, 24576, 1718, 22540, 64, 39
2025/01/06 18:14:35.433, 1, 24576, 1718, 22540, 64, 39
2025/01/06 18:14:35.535, 1, 24576, 1718, 22540, 64, 39
2025/01/06 18:14:35.635, 1, 24576, 1718, 22540, 64, 39
2025/01/06 18:14:35.736, 1, 24576, 1718, 22540, 64, 39
2025/01/06 18:14:35.837, 1, 24576, 1718, 22540, 64, 39
2025/01/06 18:14:35.938, 1, 24576, 1718, 22540, 65, 40
2025/01/06 18:14:36.038, 1, 24576, 1718, 22540, 65, 40
2025/01/06 18:14:36.139, 1, 24576, 1718, 22540, 63, 39
2025/01/06 18:14:36.240, 1, 24576, 1718, 22540, 63, 39
2025/01/06 18:14:36.341, 1, 24576, 1718, 22540, 65, 40
2025/01/06 18:14:36.441, 1, 24576, 1718, 22540, 65, 40
2025/01/06 18:14:36.542, 1, 24576, 1718, 22540, 70, 43
2025/01/06 18:14:36.643, 1, 24576, 1718, 22540, 71, 44
2025/01/06 18:14:36.746, 1, 24576, 1718, 22540, 71, 44
2025/01/06 18:14:36.847, 1, 24576, 1718, 22540, 71, 44
2025/01/06 18:14:36.948, 1, 24576, 1718, 22540, 71, 44
2025/01/06 18:14:37.049, 1, 24576, 1718, 22540, 71, 44
2025/01/06 18:14:37.150, 1, 24576, 1718, 22540, 71, 44
2025/01/06 18:14:37.250, 1, 24576, 1718, 22540, 68, 41
2025/01/06 18:14:37.352, 1, 24576, 1718, 22540, 68, 41
2025/01/06 18:14:37.452, 1, 24576, 1718, 22540, 67, 41
2025/01/06 18:14:37.553, 1, 24576, 1718, 22540, 67, 41
2025/01/06 18:14:37.654, 1, 24576, 1718, 22540, 66, 40
2025/01/06 18:14:37.755, 1, 24576, 1718, 22540, 66, 40
2025/01/06 18:14:37.855, 1, 24576, 1718, 22540, 66, 40
2025/01/06 18:14:37.956, 1, 24576, 1718, 22540, 66, 40
2025/01/06 18:14:38.057, 1, 24576, 1718, 22540, 64, 39
2025/01/06 18:14:38.157, 1, 24576, 1718, 22540, 64, 39
2025/01/06 18:14:38.259, 1, 24576, 1718, 22540, 64, 39
2025/01/06 18:14:38.359, 1, 24576, 1718, 22540, 64, 39
2025/01/06 18:14:38.460, 1, 24576, 1718, 22540, 65, 39
2025/01/06 18:14:38.561, 1, 24576, 1718, 22540, 65, 39
2025/01/06 18:14:38.662, 1, 24576, 1718, 22540, 65, 40
2025/01/06 18:14:38.763, 1, 24576, 1718, 22540, 65, 40
2025/01/06 18:14:38.864, 1, 24576, 1718, 22540, 66, 40
2025/01/06 18:14:38.965, 1, 24576, 1718, 22540, 66, 40
2025/01/06 18:14:39.066, 1, 24576, 1718, 22540, 66, 41
2025/01/06 18:14:39.167, 1, 24576, 1718, 22540, 66, 41
2025/01/06 18:14:39.268, 1, 24576, 1718, 22540, 65, 40
2025/01/06 18:14:39.369, 1, 24576, 1718, 22540, 65, 40
2025/01/06 18:14:39.469, 1, 24576, 1718, 22540, 67, 41
2025/01/06 18:14:39.570, 1, 24576, 1718, 22540, 67, 41
2025/01/06 18:14:39.671, 1, 24576, 1718, 22540, 67, 41
2025/01/06 18:14:39.771, 1, 24576, 1718, 22540, 67, 41
2025/01/06 18:14:39.872, 1, 24576, 1718, 22540, 67, 41
2025/01/06 18:14:39.973, 1, 24576, 1718, 22540, 67, 41
2025/01/06 18:14:40.073, 1, 24576, 1718, 22540, 66, 41
2025/01/06 18:14:40.174, 1, 24576, 1718, 22540, 66, 41
2025/01/06 18:14:40.275, 1, 24576, 1718, 22540, 65, 40
2025/01/06 18:14:40.375, 1, 24576, 1718, 22540, 65, 40
2025/01/06 18:14:40.476, 1, 24576, 1718, 22540, 65, 40
2025/01/06 18:14:40.577, 1, 24576, 1718, 22540, 65, 40
2025/01/06 18:14:40.678, 1, 24576, 1718, 22540, 66, 40
2025/01/06 18:14:40.778, 1, 24576, 1718, 22540, 66, 40
2025/01/06 18:14:40.879, 1, 24576, 1718, 22540, 64, 39
2025/01/06 18:14:40.980, 1, 24576, 1718, 22540, 64, 39
2025/01/06 18:14:41.081, 1, 24576, 1718, 22540, 64, 39
2025/01/06 18:14:41.182, 1, 24576, 1718, 22540, 64, 39
2025/01/06 18:14:41.283, 1, 24576, 1718, 22540, 64, 39
2025/01/06 18:14:41.384, 1, 24576, 1718, 22540, 64, 39
2025/01/06 18:14:41.484, 1, 24576, 1718, 22540, 65, 40
2025/01/06 18:14:41.585, 1, 24576, 1718, 22540, 65, 40
2025/01/06 18:14:41.686, 1, 24576, 1718, 22540, 67, 41
2025/01/06 18:14:41.787, 1, 24576, 1718, 22540, 67, 41
2025/01/06 18:14:41.888, 1, 24576, 1718, 22540, 67, 41
2025/01/06 18:14:41.989, 1, 24576, 1718, 22540, 67, 41
2025/01/06 18:14:42.089, 1, 24576, 1718, 22540, 67, 41
2025/01/06 18:14:42.190, 1, 24576, 1718, 22540, 67, 41
2025/01/06 18:14:42.291, 1, 24576, 1718, 22540, 67, 41
2025/01/06 18:14:42.391, 1, 24576, 1718, 22540, 67, 41
2025/01/06 18:14:42.492, 1, 24576, 1718, 22540, 65, 40
2025/01/06 18:14:42.593, 1, 24576, 1718, 22540, 65, 40
2025/01/06 18:14:42.694, 1, 24576, 1718, 22540, 64, 38
2025/01/06 18:14:42.795, 1, 24576, 1718, 22540, 64, 38
2025/01/06 18:14:42.896, 1, 24576, 1718, 22540, 64, 39
2025/01/06 18:14:42.996, 1, 24576, 1718, 22540, 64, 39
2025/01/06 18:14:43.097, 1, 24576, 1718, 22540, 64, 39
2025/01/06 18:14:43.198, 1, 24576, 1718, 22540, 64, 39
2025/01/06 18:14:43.299, 1, 24576, 1718, 22540, 65, 39
2025/01/06 18:14:43.400, 1, 24576, 1718, 22540, 65, 39
2025/01/06 18:14:43.501, 1, 24576, 1718, 22540, 65, 40
2025/01/06 18:14:43.603, 1, 24576, 1718, 22540, 65, 40
2025/01/06 18:14:43.703, 1, 24576, 1718, 22540, 67, 41
2025/01/06 18:14:43.804, 1, 24576, 1718, 22540, 67, 41
2025/01/06 18:14:43.905, 1, 24576, 1718, 22540, 67, 41
2025/01/06 18:14:44.006, 1, 24576, 1718, 22540, 67, 41
2025/01/06 18:14:44.107, 1, 24576, 1718, 22540, 68, 41
2025/01/06 18:14:44.207, 1, 24576, 1718, 22540, 68, 41
2025/01/06 18:14:44.308, 1, 24576, 1718, 22540, 71, 43
2025/01/06 18:14:44.410, 1, 24576, 1718, 22540, 71, 43
2025/01/06 18:14:44.511, 1, 24576, 1718, 22540, 71, 43
2025/01/06 18:14:44.611, 1, 24576, 1718, 22540, 71, 43
2025/01/06 18:14:44.712, 1, 24576, 1718, 22540, 71, 43
2025/01/06 18:14:44.813, 1, 24576, 1718, 22540, 71, 43
2025/01/06 18:14:44.913, 1, 24576, 1718, 22540, 71, 43
2025/01/06 18:14:45.014, 1, 24576, 1718, 22540, 71, 43
2025/01/06 18:14:45.115, 1, 24576, 1718, 22540, 68, 41
2025/01/06 18:14:45.216, 1, 24576, 1718, 22540, 68, 41
2025/01/06 18:14:45.316, 1, 24576, 1718, 22540, 68, 41
2025/01/06 18:14:45.417, 1, 24576, 1718, 22540, 68, 41
2025/01/06 18:14:45.518, 1, 24576, 1718, 22540, 70, 42
2025/01/06 18:14:45.619, 1, 24576, 1718, 22540, 70, 42
2025/01/06 18:14:45.720, 1, 24576, 1718, 22540, 71, 43
2025/01/06 18:14:45.821, 1, 24576, 1718, 22540, 71, 43
2025/01/06 18:14:45.922, 1, 24576, 1718, 22540, 72, 44
2025/01/06 18:14:46.023, 1, 24576, 1718, 22540, 72, 44
2025/01/06 18:14:46.124, 1, 24576, 1718, 22540, 67, 41
2025/01/06 18:14:46.225, 1, 24576, 1718, 22540, 67, 41
2025/01/06 18:14:46.326, 1, 24576, 1718, 22540, 71, 44
2025/01/06 18:14:46.429, 1, 24576, 1718, 22540, 71, 44
2025/01/06 18:14:46.530, 1, 24576, 1718, 22540, 70, 42
2025/01/06 18:14:46.631, 1, 24576, 1718, 22540, 70, 42
2025/01/06 18:14:46.732, 1, 24576, 1718, 22540, 68, 41
2025/01/06 18:14:46.832, 1, 24576, 1718, 22540, 68, 41
2025/01/06 18:14:46.933, 1, 24576, 1718, 22540, 67, 41
2025/01/06 18:14:47.034, 1, 24576, 1718, 22540, 67, 41
2025/01/06 18:14:47.135, 1, 24576, 1718, 22540, 67, 41
2025/01/06 18:14:47.235, 1, 24576, 1718, 22540, 67, 41
2025/01/06 18:14:47.336, 1, 24576, 1718, 22540, 65, 39
2025/01/06 18:14:47.437, 1, 24576, 1718, 22540, 65, 39
2025/01/06 18:14:47.538, 1, 24576, 1718, 22540, 65, 39
2025/01/06 18:14:47.639, 1, 24576, 1718, 22540, 65, 40
2025/01/06 18:14:47.743, 1, 24576, 1718, 22540, 65, 40
2025/01/06 18:14:47.844, 1, 24576, 1718, 22540, 65, 39
2025/01/06 18:14:47.945, 1, 24576, 1718, 22540, 65, 39
2025/01/06 18:14:48.045, 1, 24576, 1718, 22540, 65, 40
2025/01/06 18:14:48.146, 1, 24576, 1718, 22540, 65, 40
2025/01/06 18:14:48.247, 1, 24576, 1718, 22540, 63, 39
2025/01/06 18:14:48.348, 1, 24576, 1718, 22540, 63, 39
2025/01/06 18:14:48.448, 1, 24576, 1718, 22540, 67, 41
2025/01/06 18:14:48.549, 1, 24576, 1718, 22540, 67, 41
2025/01/06 18:14:48.650, 1, 24576, 1718, 22540, 67, 41
2025/01/06 18:14:48.750, 1, 24576, 1718, 22540, 67, 41
2025/01/06 18:14:48.851, 1, 24576, 1718, 22540, 67, 41
2025/01/06 18:14:48.952, 1, 24576, 1718, 22540, 67, 41
2025/01/06 18:14:49.052, 1, 24576, 1718, 22540, 63, 39
2025/01/06 18:14:49.153, 1, 24576, 1718, 22540, 63, 39
2025/01/06 18:14:49.254, 1, 24576, 1718, 22540, 64, 39
2025/01/06 18:14:49.355, 1, 24576, 1718, 22540, 64, 39
2025/01/06 18:14:49.455, 1, 24576, 1718, 22540, 64, 38
2025/01/06 18:14:49.556, 1, 24576, 1718, 22540, 64, 38
2025/01/06 18:14:49.657, 1, 24576, 1718, 22540, 63, 38
2025/01/06 18:14:49.758, 1, 24576, 1718, 22540, 63, 38
2025/01/06 18:14:49.859, 1, 24576, 1718, 22540, 66, 40
2025/01/06 18:14:49.960, 1, 24576, 1718, 22540, 66, 40
2025/01/06 18:14:50.061, 1, 24576, 1718, 22540, 67, 41
2025/01/06 18:14:50.162, 1, 24576, 1718, 22540, 67, 41
2025/01/06 18:14:50.263, 1, 24576, 1718, 22540, 67, 41
2025/01/06 18:14:50.364, 1, 24576, 1718, 22540, 67, 41
2025/01/06 18:14:50.465, 1, 24576, 1718, 22540, 63, 38
2025/01/06 18:14:50.565, 1, 24576, 1718, 22540, 63, 38
2025/01/06 18:14:50.666, 1, 24576, 1718, 22540, 62, 37
2025/01/06 18:14:50.767, 1, 24576, 1718, 22540, 62, 37
2025/01/06 18:14:50.867, 1, 24576, 1718, 22540, 64, 39
2025/01/06 18:14:50.968, 1, 24576, 1718, 22540, 64, 39
2025/01/06 18:14:51.069, 1, 24576, 1718, 22540, 69, 42
2025/01/06 18:14:51.169, 1, 24576, 1718, 22540, 69, 42
2025/01/06 18:14:51.271, 1, 24576, 1718, 22540, 62, 38
2025/01/06 18:14:51.372, 1, 24576, 1718, 22540, 62, 38
2025/01/06 18:14:51.472, 1, 24576, 1718, 22540, 67, 41
2025/01/06 18:14:51.574, 1, 24576, 1718, 22540, 67, 41
2025/01/06 18:14:51.675, 1, 24576, 1718, 22540, 67, 41
2025/01/06 18:14:51.776, 1, 24576, 1718, 22540, 67, 41
2025/01/06 18:14:51.877, 1, 24576, 1718, 22540, 67, 41
2025/01/06 18:14:51.978, 1, 24576, 1718, 22540, 67, 41
2025/01/06 18:14:52.079, 1, 24576, 1718, 22540, 67, 41
2025/01/06 18:14:52.180, 1, 24576, 1718, 22540, 67, 41
2025/01/06 18:14:52.281, 1, 24576, 1718, 22540, 67, 41
2025/01/06 18:14:52.382, 1, 24576, 1718, 22540, 67, 41
2025/01/06 18:14:52.483, 1, 24576, 1718, 22540, 65, 40
2025/01/06 18:14:52.584, 1, 24576, 1718, 22540, 65, 40
2025/01/06 18:14:52.685, 1, 24576, 1718, 22540, 65, 39
2025/01/06 18:14:52.786, 1, 24576, 1718, 22540, 65, 39
2025/01/06 18:14:52.886, 1, 24576, 1718, 22540, 66, 40
2025/01/06 18:14:52.987, 1, 24576, 1718, 22540, 66, 40
2025/01/06 18:14:53.088, 1, 24576, 1718, 22540, 65, 39
2025/01/06 18:14:53.189, 1, 24576, 1718, 22540, 65, 39
2025/01/06 18:14:53.289, 1, 24576, 1718, 22540, 64, 39
2025/01/06 18:14:53.390, 1, 24576, 1718, 22540, 64, 39
2025/01/06 18:14:53.491, 1, 24576, 1718, 22540, 65, 40
2025/01/06 18:14:53.592, 1, 24576, 1718, 22540, 65, 40
2025/01/06 18:14:53.693, 1, 24576, 1718, 22540, 66, 40
2025/01/06 18:14:53.794, 1, 24576, 1718, 22540, 66, 40
2025/01/06 18:14:53.894, 1, 24576, 1718, 22540, 67, 41
2025/01/06 18:14:53.995, 1, 24576, 1718, 22540, 67, 41
2025/01/06 18:14:54.096, 1, 24576, 1718, 22540, 67, 41
2025/01/06 18:14:54.197, 1, 24576, 1718, 22540, 67, 41
2025/01/06 18:14:54.298, 1, 24576, 1718, 22540, 67, 41
2025/01/06 18:14:54.399, 1, 24576, 1718, 22540, 67, 41
2025/01/06 18:14:54.500, 1, 24576, 1718, 22540, 67, 41
2025/01/06 18:14:54.601, 1, 24576, 1718, 22540, 67, 41
2025/01/06 18:14:54.702, 1, 24576, 1718, 22540, 66, 40
2025/01/06 18:14:54.802, 1, 24576, 1718, 22540, 66, 40
2025/01/06 18:14:54.903, 1, 24576, 1718, 22540, 64, 39
2025/01/06 18:14:55.004, 1, 24576, 1718, 22540, 64, 39
2025/01/06 18:14:55.104, 1, 24576, 1718, 22540, 66, 40
2025/01/06 18:14:55.205, 1, 24576, 1718, 22540, 66, 40
2025/01/06 18:14:55.306, 1, 24576, 1718, 22540, 65, 39
2025/01/06 18:14:55.407, 1, 24576, 1718, 22540, 65, 39
2025/01/06 18:14:55.507, 1, 24576, 1718, 22540, 65, 39
2025/01/06 18:14:55.608, 1, 24576, 1718, 22540, 65, 39
2025/01/06 18:14:55.709, 1, 24576, 1718, 22540, 65, 39
2025/01/06 18:14:55.810, 1, 24576, 1718, 22540, 65, 39
2025/01/06 18:14:55.910, 1, 24576, 1718, 22540, 66, 40
2025/01/06 18:14:56.011, 1, 24576, 1718, 22540, 66, 40
2025/01/06 18:14:56.112, 1, 24576, 1718, 22540, 67, 41
2025/01/06 18:14:56.213, 1, 24576, 1718, 22540, 67, 41
2025/01/06 18:14:56.314, 1, 24576, 1718, 22540, 67, 41
2025/01/06 18:14:56.414, 1, 24576, 1718, 22540, 67, 41
2025/01/06 18:14:56.515, 1, 24576, 1718, 22540, 67, 41
2025/01/06 18:14:56.616, 1, 24576, 1718, 22540, 67, 41
2025/01/06 18:14:56.717, 1, 24576, 1718, 22540, 66, 40
2025/01/06 18:14:56.818, 1, 24576, 1718, 22540, 66, 40
2025/01/06 18:14:56.919, 1, 24576, 1718, 22540, 64, 39
2025/01/06 18:14:57.021, 1, 24576, 1718, 22540, 64, 39
2025/01/06 18:14:57.122, 1, 24576, 1718, 22540, 66, 39
2025/01/06 18:14:57.222, 1, 24576, 1718, 22540, 66, 39
2025/01/06 18:14:57.323, 1, 24576, 1718, 22540, 66, 40
2025/01/06 18:14:57.424, 1, 24576, 1718, 22540, 66, 40
2025/01/06 18:14:57.525, 1, 24576, 1718, 22540, 66, 40
2025/01/06 18:14:57.625, 1, 24576, 1718, 22540, 66, 40
2025/01/06 18:14:57.726, 1, 24576, 1718, 22540, 65, 39
2025/01/06 18:14:57.827, 1, 24576, 1718, 22540, 65, 39
2025/01/06 18:14:57.928, 1, 24576, 1718, 22540, 65, 39
2025/01/06 18:14:58.028, 1, 24576, 1718, 22540, 65, 39
2025/01/06 18:14:58.129, 1, 24576, 1718, 22540, 66, 40
2025/01/06 18:14:58.230, 1, 24576, 1718, 22540, 66, 40
2025/01/06 18:14:58.331, 1, 24576, 1718, 22540, 67, 41
2025/01/06 18:14:58.431, 1, 24576, 1718, 22540, 67, 41
2025/01/06 18:14:58.532, 1, 24576, 1718, 22540, 68, 41
2025/01/06 18:14:58.633, 1, 24576, 1718, 22540, 68, 41
2025/01/06 18:14:58.734, 1, 24576, 1718, 22540, 67, 41
2025/01/06 18:14:58.835, 1, 24576, 1718, 22540, 67, 41
2025/01/06 18:14:58.939, 1, 24576, 1718, 22540, 67, 41
2025/01/06 18:14:59.040, 1, 24576, 1718, 22540, 65, 39
2025/01/06 18:14:59.141, 1, 24576, 1718, 22540, 65, 39
2025/01/06 18:14:59.242, 1, 24576, 1718, 22540, 66, 40
2025/01/06 18:14:59.343, 1, 24576, 1718, 22540, 66, 40
2025/01/06 18:14:59.444, 1, 24576, 1718, 22540, 63, 38
2025/01/06 18:14:59.544, 1, 24576, 1718, 22540, 63, 38
2025/01/06 18:14:59.645, 1, 24576, 1718, 22540, 66, 40
2025/01/06 18:14:59.746, 1, 24576, 1718, 22540, 66, 40
2025/01/06 18:14:59.847, 1, 24576, 1718, 22540, 65, 40
2025/01/06 18:14:59.947, 1, 24576, 1718, 22540, 65, 40
2025/01/06 18:15:00.048, 1, 24576, 1718, 22540, 66, 39
2025/01/06 18:15:00.149, 1, 24576, 1718, 22540, 66, 39
2025/01/06 18:15:00.249, 1, 24576, 1718, 22540, 65, 40
2025/01/06 18:15:00.350, 1, 24576, 1718, 22540, 65, 40
2025/01/06 18:15:00.451, 1, 24576, 1718, 22540, 67, 41
2025/01/06 18:15:00.552, 1, 24576, 1718, 22540, 67, 41
2025/01/06 18:15:00.653, 1, 24576, 1718, 22540, 67, 41
2025/01/06 18:15:00.753, 1, 24576, 1718, 22540, 67, 41
2025/01/06 18:15:00.854, 1, 24576, 1718, 22540, 67, 41
2025/01/06 18:15:00.955, 1, 24576, 1718, 22540, 67, 41
2025/01/06 18:15:01.056, 1, 24576, 1718, 22540, 66, 40
2025/01/06 18:15:01.157, 1, 24576, 1718, 22540, 66, 40
2025/01/06 18:15:01.258, 1, 24576, 1718, 22540, 65, 40
2025/01/06 18:15:01.359, 1, 24576, 1718, 22540, 65, 40
2025/01/06 18:15:01.460, 1, 24576, 1718, 22540, 66, 40
2025/01/06 18:15:01.561, 1, 24576, 1718, 22540, 66, 40
2025/01/06 18:15:01.662, 1, 24576, 1718, 22540, 66, 40
2025/01/06 18:15:01.763, 1, 24576, 1718, 22540, 66, 40
2025/01/06 18:15:01.863, 1, 24576, 1718, 22540, 65, 39
2025/01/06 18:15:01.964, 1, 24576, 1718, 22540, 65, 39
2025/01/06 18:15:02.065, 1, 24576, 1718, 22540, 66, 40
2025/01/06 18:15:02.165, 1, 24576, 1718, 22540, 66, 40
2025/01/06 18:15:02.266, 1, 24576, 1718, 22540, 65, 39
2025/01/06 18:15:02.367, 1, 24576, 1718, 22540, 65, 39
2025/01/06 18:15:02.468, 1, 24576, 1718, 22540, 65, 40
2025/01/06 18:15:02.568, 1, 24576, 1718, 22540, 65, 40
2025/01/06 18:15:02.669, 1, 24576, 1718, 22540, 67, 41
2025/01/06 18:15:02.770, 1, 24576, 1718, 22540, 67, 41
2025/01/06 18:15:02.870, 1, 24576, 1718, 22540, 67, 41
2025/01/06 18:15:02.971, 1, 24576, 1718, 22540, 67, 41
2025/01/06 18:15:03.072, 1, 24576, 1718, 22540, 67, 41
2025/01/06 18:15:03.173, 1, 24576, 1718, 22540, 67, 41
2025/01/06 18:15:03.274, 1, 24576, 1718, 22540, 65, 39
2025/01/06 18:15:03.375, 1, 24576, 1718, 22540, 65, 39
2025/01/06 18:15:03.476, 1, 24576, 1718, 22540, 65, 39
2025/01/06 18:15:03.577, 1, 24576, 1718, 22540, 65, 39
2025/01/06 18:15:03.678, 1, 24576, 1718, 22540, 64, 39
2025/01/06 18:15:03.780, 1, 24576, 1718, 22540, 64, 39
2025/01/06 18:15:03.882, 1, 24576, 1718, 22540, 64, 38
2025/01/06 18:15:03.983, 1, 24576, 1718, 22540, 64, 38
2025/01/06 18:15:04.083, 1, 24576, 1718, 22540, 65, 40
2025/01/06 18:15:04.184, 1, 24576, 1718, 22540, 65, 40
2025/01/06 18:15:04.285, 1, 24576, 1718, 22540, 66, 40
2025/01/06 18:15:04.385, 1, 24576, 1718, 22540, 66, 40
2025/01/06 18:15:04.486, 1, 24576, 1718, 22540, 68, 41
2025/01/06 18:15:04.587, 1, 24576, 1718, 22540, 68, 41
2025/01/06 18:15:04.688, 1, 24576, 1718, 22540, 67, 41
2025/01/06 18:15:04.788, 1, 24576, 1718, 22540, 67, 41
2025/01/06 18:15:04.889, 1, 24576, 1718, 22540, 68, 41
2025/01/06 18:15:04.990, 1, 24576, 1718, 22540, 68, 41
2025/01/06 18:15:05.091, 1, 24576, 1718, 22540, 67, 41
2025/01/06 18:15:05.191, 1, 24576, 1718, 22540, 67, 41
2025/01/06 18:15:05.292, 1, 24576, 1718, 22540, 63, 38
2025/01/06 18:15:05.393, 1, 24576, 1718, 22540, 63, 38
2025/01/06 18:15:05.494, 1, 24576, 1718, 22540, 68, 42
2025/01/06 18:15:05.596, 1, 24576, 1718, 22540, 68, 42
2025/01/06 18:15:05.697, 1, 24576, 1718, 22540, 68, 41
2025/01/06 18:15:05.799, 1, 24576, 1718, 22540, 68, 41
2025/01/06 18:15:05.900, 1, 24576, 1718, 22540, 69, 42
2025/01/06 18:15:06.000, 1, 24576, 1718, 22540, 69, 42
2025/01/06 18:15:06.101, 1, 24576, 1718, 22540, 70, 42
2025/01/06 18:15:06.202, 1, 24576, 1718, 22540, 70, 42
2025/01/06 18:15:06.303, 1, 24576, 1718, 22540, 69, 42
2025/01/06 18:15:06.403, 1, 24576, 1718, 22540, 69, 42
2025/01/06 18:15:06.504, 1, 24576, 1718, 22540, 68, 41
2025/01/06 18:15:06.605, 1, 24576, 1718, 22540, 68, 41
2025/01/06 18:15:06.706, 1, 24576, 1718, 22540, 68, 41
2025/01/06 18:15:06.807, 1, 24576, 1718, 22540, 68, 41
2025/01/06 18:15:06.908, 1, 24576, 1718, 22540, 69, 42
2025/01/06 18:15:07.009, 1, 24576, 1718, 22540, 69, 42
2025/01/06 18:15:07.109, 1, 24576, 1718, 22540, 71, 42
2025/01/06 18:15:07.210, 1, 24576, 1718, 22540, 71, 42
2025/01/06 18:15:07.311, 1, 24576, 1718, 22540, 71, 43
2025/01/06 18:15:07.412, 1, 24576, 1718, 22540, 71, 43
2025/01/06 18:15:07.513, 1, 24576, 1718, 22540, 71, 43
2025/01/06 18:15:07.614, 1, 24576, 1718, 22540, 71, 43
2025/01/06 18:15:07.715, 1, 24576, 1718, 22540, 70, 43
2025/01/06 18:15:07.816, 1, 24576, 1718, 22540, 70, 43
2025/01/06 18:15:07.917, 1, 24576, 1718, 22540, 71, 43
2025/01/06 18:15:08.018, 1, 24576, 1718, 22540, 71, 43
2025/01/06 18:15:08.119, 1, 24576, 1718, 22540, 68, 41
2025/01/06 18:15:08.220, 1, 24576, 1718, 22540, 68, 41
2025/01/06 18:15:08.320, 1, 24576, 1718, 22540, 68, 41
2025/01/06 18:15:08.421, 1, 24576, 1718, 22540, 68, 41
2025/01/06 18:15:08.522, 1, 24576, 1718, 22540, 68, 41
2025/01/06 18:15:08.623, 1, 24576, 1718, 22540, 68, 41
2025/01/06 18:15:08.723, 1, 24576, 1718, 22540, 71, 42
2025/01/06 18:15:08.824, 1, 24576, 1718, 22540, 71, 42
2025/01/06 18:15:08.925, 1, 24576, 1718, 22540, 71, 43
2025/01/06 18:15:09.026, 1, 24576, 1718, 22540, 71, 43
2025/01/06 18:15:09.126, 1, 24576, 1718, 22540, 71, 43
2025/01/06 18:15:09.227, 1, 24576, 1718, 22540, 71, 43
2025/01/06 18:15:09.328, 1, 24576, 1718, 22540, 71, 43
2025/01/06 18:15:09.429, 1, 24576, 1718, 22540, 71, 43
2025/01/06 18:15:09.529, 1, 24576, 1718, 22540, 71, 43
2025/01/06 18:15:09.630, 1, 24576, 1718, 22540, 71, 43
2025/01/06 18:15:09.731, 1, 24576, 1718, 22540, 68, 41
2025/01/06 18:15:09.832, 1, 24576, 1718, 22540, 68, 41
2025/01/06 18:15:09.936, 1, 24576, 1718, 22540, 68, 41
2025/01/06 18:15:10.037, 1, 24576, 1718, 22540, 70, 42
2025/01/06 18:15:10.139, 1, 24576, 1718, 22540, 70, 42
2025/01/06 18:15:10.239, 1, 24576, 1718, 22540, 72, 43
2025/01/06 18:15:10.340, 1, 24576, 1718, 22540, 72, 43
2025/01/06 18:15:10.441, 1, 24576, 1718, 22540, 71, 43
2025/01/06 18:15:10.542, 1, 24576, 1718, 22540, 71, 43
2025/01/06 18:15:10.642, 1, 24576, 1718, 22540, 71, 43
2025/01/06 18:15:10.743, 1, 24576, 1718, 22540, 71, 43
2025/01/06 18:15:10.844, 1, 24576, 1718, 22540, 71, 43
2025/01/06 18:15:10.944, 1, 24576, 1718, 22540, 71, 43
2025/01/06 18:15:11.046, 1, 24576, 1718, 22540, 68, 41
2025/01/06 18:15:11.147, 1, 24576, 1718, 22540, 68, 41
2025/01/06 18:15:11.248, 1, 24576, 1718, 22540, 68, 41
2025/01/06 18:15:11.348, 1, 24576, 1718, 22540, 68, 41
2025/01/06 18:15:11.449, 1, 24576, 1718, 22540, 71, 42
2025/01/06 18:15:11.550, 1, 24576, 1718, 22540, 71, 42
2025/01/06 18:15:11.651, 1, 24576, 1718, 22540, 71, 43
2025/01/06 18:15:11.752, 1, 24576, 1718, 22540, 71, 43
2025/01/06 18:15:11.853, 1, 24576, 1718, 22540, 71, 43
2025/01/06 18:15:11.953, 1, 24576, 1718, 22540, 71, 43
2025/01/06 18:15:12.054, 1, 24576, 1718, 22540, 72, 44
2025/01/06 18:15:12.155, 1, 24576, 1718, 22540, 72, 44
2025/01/06 18:15:12.256, 1, 24576, 1718, 22540, 71, 43
2025/01/06 18:15:12.357, 1, 24576, 1718, 22540, 71, 43
2025/01/06 18:15:12.458, 1, 24576, 1718, 22540, 68, 41
2025/01/06 18:15:12.559, 1, 24576, 1718, 22540, 68, 41
2025/01/06 18:15:12.659, 1, 24576, 1718, 22540, 68, 41
2025/01/06 18:15:12.760, 1, 24576, 1718, 22540, 68, 41
2025/01/06 18:15:12.861, 1, 24576, 1718, 22540, 70, 42
2025/01/06 18:15:12.962, 1, 24576, 1718, 22540, 70, 42
2025/01/06 18:15:13.062, 1, 24576, 1718, 22540, 71, 43
2025/01/06 18:15:13.163, 1, 24576, 1718, 22540, 71, 43
2025/01/06 18:15:13.264, 1, 24576, 1718, 22540, 69, 41
2025/01/06 18:15:13.364, 1, 24576, 1718, 22540, 69, 41
2025/01/06 18:15:13.465, 1, 24576, 1718, 22540, 71, 43
2025/01/06 18:15:13.566, 1, 24576, 1718, 22540, 71, 43
2025/01/06 18:15:13.667, 1, 24576, 1718, 22540, 71, 43
2025/01/06 18:15:13.767, 1, 24576, 1718, 22540, 71, 43
2025/01/06 18:15:13.868, 1, 24576, 1718, 22540, 72, 44
2025/01/06 18:15:13.969, 1, 24576, 1718, 22540, 72, 44
2025/01/06 18:15:14.070, 1, 24576, 1718, 22540, 68, 41
2025/01/06 18:15:14.171, 1, 24576, 1718, 22540, 68, 41
2025/01/06 18:15:14.272, 1, 24576, 1718, 22540, 68, 41
2025/01/06 18:15:14.373, 1, 24576, 1718, 22540, 68, 41
2025/01/06 18:15:14.474, 1, 24576, 1718, 22540, 68, 41
2025/01/06 18:15:14.575, 1, 24576, 1718, 22540, 68, 41
2025/01/06 18:15:14.676, 1, 24576, 1718, 22540, 68, 41
2025/01/06 18:15:14.777, 1, 24576, 1718, 22540, 68, 41
2025/01/06 18:15:14.878, 1, 24576, 1718, 22540, 70, 42
2025/01/06 18:15:14.979, 1, 24576, 1718, 22540, 70, 42
2025/01/06 18:15:15.080, 1, 24576, 1718, 22540, 70, 43
2025/01/06 18:15:15.181, 1, 24576, 1718, 22540, 70, 43
2025/01/06 18:15:15.281, 1, 24576, 1718, 22540, 70, 42
2025/01/06 18:15:15.382, 1, 24576, 1718, 22540, 70, 42
2025/01/06 18:15:15.483, 1, 24576, 1718, 22540, 72, 44
2025/01/06 18:15:15.583, 1, 24576, 1718, 22540, 72, 44
2025/01/06 18:15:15.684, 1, 24576, 1718, 22540, 70, 43
2025/01/06 18:15:15.785, 1, 24576, 1718, 22540, 70, 43
2025/01/06 18:15:15.886, 1, 24576, 1718, 22540, 71, 43
2025/01/06 18:15:15.987, 1, 24576, 1718, 22540, 71, 43
2025/01/06 18:15:16.087, 1, 24576, 1718, 22540, 69, 41
2025/01/06 18:15:16.188, 1, 24576, 1718, 22540, 69, 41
2025/01/06 18:15:16.289, 1, 24576, 1718, 22540, 68, 41
2025/01/06 18:15:16.390, 1, 24576, 1718, 22540, 68, 41
2025/01/06 18:15:16.491, 1, 24576, 1718, 22540, 70, 42
2025/01/06 18:15:16.592, 1, 24576, 1718, 22540, 70, 42
2025/01/06 18:15:16.693, 1, 24576, 1718, 22540, 71, 43
2025/01/06 18:15:16.794, 1, 24576, 1718, 22540, 71, 43
2025/01/06 18:15:16.895, 1, 24576, 1718, 22540, 71, 43
2025/01/06 18:15:16.996, 1, 24576, 1718, 22540, 71, 43
2025/01/06 18:15:17.097, 1, 24576, 1718, 22540, 72, 43
2025/01/06 18:15:17.197, 1, 24576, 1718, 22540, 72, 43
2025/01/06 18:15:17.298, 1, 24576, 1718, 22540, 71, 43
2025/01/06 18:15:17.399, 1, 24576, 1718, 22540, 71, 43
2025/01/06 18:15:17.500, 1, 24576, 1718, 22540, 70, 42
2025/01/06 18:15:17.600, 1, 24576, 1718, 22540, 70, 42
2025/01/06 18:15:17.701, 1, 24576, 1718, 22540, 68, 41
2025/01/06 18:15:17.802, 1, 24576, 1718, 22540, 68, 41
2025/01/06 18:15:17.903, 1, 24576, 1718, 22540, 68, 41
2025/01/06 18:15:18.003, 1, 24576, 1718, 22540, 68, 41
2025/01/06 18:15:18.104, 1, 24576, 1718, 22540, 71, 42
2025/01/06 18:15:18.205, 1, 24576, 1718, 22540, 71, 42
2025/01/06 18:15:18.305, 1, 24576, 1718, 22540, 71, 43
2025/01/06 18:15:18.406, 1, 24576, 1718, 22540, 71, 43
2025/01/06 18:15:18.507, 1, 24576, 1718, 22540, 71, 43
2025/01/06 18:15:18.607, 1, 24576, 1718, 22540, 71, 43
2025/01/06 18:15:18.708, 1, 24576, 1718, 22540, 71, 42
2025/01/06 18:15:18.809, 1, 24576, 1718, 22540, 71, 42
2025/01/06 18:15:18.910, 1, 24576, 1718, 22540, 71, 43
2025/01/06 18:15:19.011, 1, 24576, 1718, 22540, 71, 43
2025/01/06 18:15:19.112, 1, 24576, 1718, 22540, 70, 42
2025/01/06 18:15:19.214, 1, 24576, 1718, 22540, 70, 42
2025/01/06 18:15:19.315, 1, 24576, 1718, 22540, 68, 41
2025/01/06 18:15:19.416, 1, 24576, 1718, 22540, 68, 41
2025/01/06 18:15:19.516, 1, 24576, 1718, 22540, 68, 41
2025/01/06 18:15:19.617, 1, 24576, 1718, 22540, 68, 41
2025/01/06 18:15:19.718, 1, 24576, 1718, 22540, 70, 42
2025/01/06 18:15:19.818, 1, 24576, 1718, 22540, 70, 42
2025/01/06 18:15:19.919, 1, 24576, 1718, 22540, 71, 43
2025/01/06 18:15:20.020, 1, 24576, 1718, 22540, 71, 43
2025/01/06 18:15:20.120, 1, 24576, 1718, 22540, 73, 44
2025/01/06 18:15:20.221, 1, 24576, 1718, 22540, 73, 44
2025/01/06 18:15:20.322, 1, 24576, 1718, 22540, 70, 43
2025/01/06 18:15:20.423, 1, 24576, 1718, 22540, 70, 43
2025/01/06 18:15:20.524, 1, 24576, 1718, 22540, 71, 43
2025/01/06 18:15:20.624, 1, 24576, 1718, 22540, 71, 43
2025/01/06 18:15:20.725, 1, 24576, 1718, 22540, 69, 42
2025/01/06 18:15:20.826, 1, 24576, 1718, 22540, 69, 42
2025/01/06 18:15:20.927, 1, 24576, 1718, 22540, 68, 41
2025/01/06 18:15:21.027, 1, 24576, 1718, 22540, 68, 41
2025/01/06 18:15:21.128, 1, 24576, 1718, 22540, 68, 41
2025/01/06 18:15:21.229, 1, 24576, 1718, 22540, 69, 42
2025/01/06 18:15:21.332, 1, 24576, 1718, 22540, 69, 42
2025/01/06 18:15:21.433, 1, 24576, 1718, 22540, 72, 43
2025/01/06 18:15:21.534, 1, 24576, 1718, 22540, 72, 43
2025/01/06 18:15:21.635, 1, 24576, 1718, 22540, 71, 42
2025/01/06 18:15:21.736, 1, 24576, 1718, 22540, 71, 42
2025/01/06 18:15:21.837, 1, 24576, 1718, 22540, 71, 43
2025/01/06 18:15:21.937, 1, 24576, 1718, 22540, 71, 43
2025/01/06 18:15:22.038, 1, 24576, 1718, 22540, 71, 43
2025/01/06 18:15:22.139, 1, 24576, 1718, 22540, 71, 43
2025/01/06 18:15:22.239, 1, 24576, 1718, 22540, 71, 43
2025/01/06 18:15:22.340, 1, 24576, 1718, 22540, 71, 43
2025/01/06 18:15:22.441, 1, 24576, 1718, 22540, 69, 41
2025/01/06 18:15:22.541, 1, 24576, 1718, 22540, 69, 41
2025/01/06 18:15:22.642, 1, 24576, 1718, 22540, 68, 41
2025/01/06 18:15:22.743, 1, 24576, 1718, 22540, 68, 41
2025/01/06 18:15:22.844, 1, 24576, 1718, 22540, 68, 41
2025/01/06 18:15:22.944, 1, 24576, 1718, 22540, 68, 41
2025/01/06 18:15:23.045, 1, 24576, 1718, 22540, 71, 42
2025/01/06 18:15:23.146, 1, 24576, 1718, 22540, 71, 42
2025/01/06 18:15:23.247, 1, 24576, 1718, 22540, 71, 43
2025/01/06 18:15:23.348, 1, 24576, 1718, 22540, 71, 43
2025/01/06 18:15:23.449, 1, 24576, 1718, 22540, 72, 44
2025/01/06 18:15:23.550, 1, 24576, 1718, 22540, 72, 44
2025/01/06 18:15:23.651, 1, 24576, 1718, 22540, 70, 43
2025/01/06 18:15:23.752, 1, 24576, 1718, 22540, 70, 43
2025/01/06 18:15:23.853, 1, 24576, 1718, 22540, 71, 43
2025/01/06 18:15:23.954, 1, 24576, 1718, 22540, 71, 43
2025/01/06 18:15:24.054, 1, 24576, 1718, 22540, 69, 42
2025/01/06 18:15:24.155, 1, 24576, 1718, 22540, 69, 42
2025/01/06 18:15:24.256, 1, 24576, 1718, 22540, 68, 41
2025/01/06 18:15:24.356, 1, 24576, 1718, 22540, 68, 41
2025/01/06 18:15:24.457, 1, 24576, 1718, 22540, 69, 42
2025/01/06 18:15:24.558, 1, 24576, 1718, 22540, 69, 42
2025/01/06 18:15:24.659, 1, 24576, 1718, 22540, 71, 42
2025/01/06 18:15:24.759, 1, 24576, 1718, 22540, 71, 42
2025/01/06 18:15:24.860, 1, 24576, 1718, 22540, 71, 42
2025/01/06 18:15:24.961, 1, 24576, 1718, 22540, 71, 42
2025/01/06 18:15:25.061, 1, 24576, 1718, 22540, 71, 43
2025/01/06 18:15:25.162, 1, 24576, 1718, 22540, 71, 43
2025/01/06 18:15:25.263, 1, 24576, 1718, 22540, 72, 44
2025/01/06 18:15:25.364, 1, 24576, 1718, 22540, 72, 44
2025/01/06 18:15:25.465, 1, 24576, 1718, 22540, 71, 43
2025/01/06 18:15:25.565, 1, 24576, 1718, 22540, 71, 43
2025/01/06 18:15:25.666, 1, 24576, 1718, 22540, 68, 41
2025/01/06 18:15:25.767, 1, 24576, 1718, 22540, 68, 41
2025/01/06 18:15:25.868, 1, 24576, 1718, 22540, 68, 41
2025/01/06 18:15:25.969, 1, 24576, 1718, 22540, 68, 41
2025/01/06 18:15:26.070, 1, 24576, 1718, 22540, 70, 42
2025/01/06 18:15:26.171, 1, 24576, 1718, 22540, 70, 42
2025/01/06 18:15:26.272, 1, 24576, 1718, 22540, 74, 44
2025/01/06 18:15:26.373, 1, 24576, 1718, 22540, 74, 44
2025/01/06 18:15:26.474, 1, 24576, 1718, 22540, 71, 43
2025/01/06 18:15:26.574, 1, 24576, 1718, 22540, 71, 43
2025/01/06 18:15:26.675, 1, 24576, 1718, 22540, 72, 44
2025/01/06 18:15:26.776, 1, 24576, 1718, 22540, 72, 44
2025/01/06 18:15:26.876, 1, 24576, 1718, 22540, 70, 42
2025/01/06 18:15:26.977, 1, 24576, 1718, 22540, 70, 42
2025/01/06 18:15:27.078, 1, 24576, 1718, 22540, 69, 41
2025/01/06 18:15:27.179, 1, 24576, 1718, 22540, 69, 41
2025/01/06 18:15:27.279, 1, 24576, 1718, 22540, 68, 41
2025/01/06 18:15:27.380, 1, 24576, 1718, 22540, 68, 41
2025/01/06 18:15:27.481, 1, 24576, 1718, 22540, 70, 42
2025/01/06 18:15:27.582, 1, 24576, 1718, 22540, 70, 42
2025/01/06 18:15:27.682, 1, 24576, 1718, 22540, 71, 42
2025/01/06 18:15:27.783, 1, 24576, 1718, 22540, 71, 42
2025/01/06 18:15:27.884, 1, 24576, 1718, 22540, 71, 43
2025/01/06 18:15:27.984, 1, 24576, 1718, 22540, 71, 43
2025/01/06 18:15:28.085, 1, 24576, 1718, 22540, 71, 43
2025/01/06 18:15:28.186, 1, 24576, 1718, 22540, 71, 43
2025/01/06 18:15:28.287, 1, 24576, 1718, 22540, 71, 43
2025/01/06 18:15:28.388, 1, 24576, 1718, 22540, 71, 43
2025/01/06 18:15:28.489, 1, 24576, 1718, 22540, 71, 43
2025/01/06 18:15:28.590, 1, 24576, 1718, 22540, 71, 43
2025/01/06 18:15:28.691, 1, 24576, 1718, 22540, 68, 41
2025/01/06 18:15:28.792, 1, 24576, 1718, 22540, 68, 41
2025/01/06 18:15:28.893, 1, 24576, 1718, 22540, 68, 41
2025/01/06 18:15:28.994, 1, 24576, 1718, 22540, 68, 41
2025/01/06 18:15:29.094, 1, 24576, 1718, 22540, 69, 41
2025/01/06 18:15:29.195, 1, 24576, 1718, 22540, 69, 41
2025/01/06 18:15:29.297, 1, 24576, 1718, 22540, 71, 42
2025/01/06 18:15:29.397, 1, 24576, 1718, 22540, 71, 42
2025/01/06 18:15:29.498, 1, 24576, 1718, 22540, 71, 43
2025/01/06 18:15:29.599, 1, 24576, 1718, 22540, 71, 43
2025/01/06 18:15:29.699, 1, 24576, 1718, 22540, 71, 43
2025/01/06 18:15:29.800, 1, 24576, 1718, 22540, 71, 43
2025/01/06 18:15:29.901, 1, 24576, 1718, 22540, 71, 43
2025/01/06 18:15:30.002, 1, 24576, 1718, 22540, 71, 43
2025/01/06 18:15:30.102, 1, 24576, 1718, 22540, 71, 43
2025/01/06 18:15:30.203, 1, 24576, 1718, 22540, 71, 43
2025/01/06 18:15:30.304, 1, 24576, 1718, 22540, 19, 12
2025/01/06 18:15:30.404, 1, 24576, 1718, 22540, 19, 12
2025/01/06 18:15:30.506, 1, 24576, 1718, 22540, 0, 0
2025/01/06 18:15:30.607, 1, 24576, 1718, 22540, 0, 0
2025/01/06 18:15:30.709, 1, 24576, 1718, 22540, 0, 0
2025/01/06 18:15:30.810, 1, 24576, 1718, 22540, 0, 0
2025/01/06 18:15:30.910, 1, 24576, 1718, 22540, 0, 0
2025/01/06 18:15:31.011, 1, 24576, 1718, 22540, 0, 0
2025/01/06 18:15:31.112, 1, 24576, 1718, 22540, 0, 0
2025/01/06 18:15:31.213, 1, 24576, 1718, 22540, 0, 0
2025/01/06 18:15:31.313, 1, 24576, 1718, 22540, 0, 0
2025/01/06 18:15:31.414, 1, 24576, 1718, 22540, 0, 0
2025/01/06 18:15:31.515, 1, 24576, 1718, 22540, 0, 0
2025/01/06 18:15:31.615, 1, 24576, 1718, 22540, 0, 0
2025/01/06 18:15:31.716, 1, 24576, 1718, 22540, 0, 0
2025/01/06 18:15:31.817, 1, 24576, 1718, 22540, 0, 0
2025/01/06 18:15:31.918, 1, 24576, 1718, 22540, 0, 0
2025/01/06 18:15:32.018, 1, 24576, 1718, 22540, 0, 0
2025/01/06 18:15:32.119, 1, 24576, 1718, 22540, 0, 0
2025/01/06 18:15:32.220, 1, 24576, 1718, 22540, 0, 0
2025/01/06 18:15:32.320, 1, 24576, 1718, 22540, 0, 0
2025/01/06 18:15:32.421, 1, 24576, 1718, 22540, 0, 0
2025/01/06 18:15:32.522, 1, 24576, 1718, 22540, 0, 0
2025/01/06 18:15:32.623, 1, 24576, 1718, 22540, 0, 0
2025/01/06 18:15:32.723, 1, 24576, 1718, 22540, 0, 0
2025/01/06 18:15:32.824, 1, 24576, 1718, 22540, 0, 0
2025/01/06 18:15:32.926, 1, 24576, 1718, 22540, 0, 0
2025/01/06 18:15:33.026, 1, 24576, 1718, 22540, 0, 0
2025/01/06 18:15:33.132, 1, 24576, 1718, 22540, 0, 0
2025/01/06 18:15:33.233, 1, 24576, 1718, 22540, 0, 0
2025/01/06 18:15:33.333, 1, 24576, 1718, 22540, 0, 0
2025/01/06 18:15:33.434, 1, 24576, 1718, 22540, 0, 0
2025/01/06 18:15:33.535, 1, 24576, 1718, 22540, 0, 0
2025/01/06 18:15:33.636, 1, 24576, 1718, 22540, 0, 0
2025/01/06 18:15:33.736, 1, 24576, 1718, 22540, 0, 0
2025/01/06 18:15:33.837, 1, 24576, 1718, 22540, 0, 0
2025/01/06 18:15:33.938, 1, 24576, 1718, 22540, 0, 0
2025/01/06 18:15:34.038, 1, 24576, 1718, 22540, 0, 0
2025/01/06 18:15:34.139, 1, 24576, 1718, 22540, 0, 0
2025/01/06 18:15:34.239, 1, 24576, 1718, 22540, 0, 0
2025/01/06 18:15:34.340, 1, 24576, 1718, 22540, 0, 0
2025/01/06 18:15:34.441, 1, 24576, 1718, 22540, 0, 0
2025/01/06 18:15:34.541, 1, 24576, 1718, 22540, 0, 0
2025/01/06 18:15:34.642, 1, 24576, 1718, 22540, 0, 0
2025/01/06 18:15:34.742, 1, 24576, 1718, 22540, 0, 0
2025/01/06 18:15:34.843, 1, 24576, 1718, 22540, 0, 0
2025/01/06 18:15:34.944, 1, 24576, 1718, 22540, 0, 0
2025/01/06 18:15:35.044, 1, 24576, 1718, 22540, 0, 0
2025/01/06 18:15:35.145, 1, 24576, 1718, 22540, 0, 0
2025/01/06 18:15:35.246, 1, 24576, 1718, 22540, 0, 0
2025/01/06 18:15:35.346, 1, 24576, 1718, 22540, 0, 0
2025/01/06 18:15:35.447, 1, 24576, 1718, 22540, 0, 0
2025/01/06 18:15:35.548, 1, 24576, 1718, 22540, 0, 0
2025/01/06 18:15:35.648, 1, 24576, 1718, 22540, 0, 0
2025/01/06 18:15:35.749, 1, 24576, 1718, 22540, 0, 0
2025/01/06 18:15:35.849, 1, 24576, 1718, 22540, 0, 0
2025/01/06 18:15:35.950, 1, 24576, 1718, 22540, 0, 0
2025/01/06 18:15:36.051, 1, 24576, 1718, 22540, 0, 0
2025/01/06 18:15:36.152, 1, 24576, 1718, 22540, 0, 0
2025/01/06 18:15:36.253, 1, 24576, 1718, 22540, 0, 0
2025/01/06 18:15:36.353, 1, 24576, 1718, 22540, 0, 0
2025/01/06 18:15:36.454, 1, 24576, 1718, 22540, 0, 0
2025/01/06 18:15:36.555, 1, 24576, 1718, 22540, 0, 0
2025/01/06 18:15:36.655, 1, 24576, 1718, 22540, 0, 0
2025/01/06 18:15:36.756, 1, 24576, 1718, 22540, 0, 0
2025/01/06 18:15:36.857, 1, 24576, 1718, 22540, 0, 0
2025/01/06 18:15:36.957, 1, 24576, 1718, 22540, 0, 0
2025/01/06 18:15:37.058, 1, 24576, 1718, 22540, 0, 0
2025/01/06 18:15:37.159, 1, 24576, 1718, 22540, 0, 0
2025/01/06 18:15:37.259, 1, 24576, 1718, 22540, 0, 0
2025/01/06 18:15:37.360, 1, 24576, 1718, 22540, 0, 0
2025/01/06 18:15:37.460, 1, 24576, 1718, 22540, 0, 0
2025/01/06 18:15:37.561, 1, 24576, 1718, 22540, 0, 0
2025/01/06 18:15:37.662, 1, 24576, 1