timestamp, index, memory.total [MiB], memory.used [MiB], memory.free [MiB], utilization.gpu [%], utilization.memory [%]
2025/01/04 21:33:17.737, 5, 24576, 372, 23886, 0, 0
2025/01/04 21:33:17.838, 5, 24576, 372, 23886, 0, 0
2025/01/04 21:33:17.939, 5, 24576, 372, 23886, 0, 0
2025/01/04 21:33:18.039, 5, 24576, 372, 23886, 0, 0
2025/01/04 21:33:18.140, 5, 24576, 516, 23742, 0, 0
2025/01/04 21:33:18.241, 5, 24576, 520, 23738, 6, 0
2025/01/04 21:33:18.341, 5, 24576, 520, 23738, 6, 0
2025/01/04 21:33:18.442, 5, 24576, 520, 23738, 0, 0
2025/01/04 21:33:18.543, 5, 24576, 520, 23738, 0, 0
2025/01/04 21:33:18.644, 5, 24576, 520, 23738, 0, 0
2025/01/04 21:33:18.744, 5, 24576, 520, 23738, 0, 0
2025/01/04 21:33:18.845, 5, 24576, 520, 23738, 0, 0
2025/01/04 21:33:18.946, 5, 24576, 528, 23730, 0, 0
2025/01/04 21:33:19.047, 5, 24576, 528, 23730, 0, 0
2025/01/04 21:33:19.147, 5, 24576, 530, 23728, 0, 0
2025/01/04 21:33:19.248, 5, 24576, 530, 23728, 1, 0
2025/01/04 21:33:19.349, 5, 24576, 574, 23684, 1, 0
2025/01/04 21:33:19.450, 5, 24576, 574, 23684, 4, 1
2025/01/04 21:33:19.551, 5, 24576, 574, 23684, 23, 6
2025/01/04 21:33:19.658, 5, 24576, 574, 23684, 23, 6
2025/01/04 21:33:19.759, 5, 24576, 574, 23684, 22, 6
2025/01/04 21:33:19.859, 5, 24576, 574, 23684, 22, 6
2025/01/04 21:33:19.960, 5, 24576, 574, 23684, 24, 6
2025/01/04 21:33:20.061, 5, 24576, 574, 23684, 24, 6
2025/01/04 21:33:20.161, 5, 24576, 574, 23684, 23, 6
2025/01/04 21:33:20.262, 5, 24576, 574, 23684, 23, 6
2025/01/04 21:33:20.363, 5, 24576, 574, 23684, 26, 7
2025/01/04 21:33:20.463, 5, 24576, 574, 23684, 26, 7
2025/01/04 21:33:20.564, 5, 24576, 574, 23684, 26, 7
2025/01/04 21:33:20.665, 5, 24576, 574, 23684, 26, 7
2025/01/04 21:33:20.766, 5, 24576, 574, 23684, 23, 6
2025/01/04 21:33:20.866, 5, 24576, 574, 23684, 23, 6
2025/01/04 21:33:20.967, 5, 24576, 574, 23684, 23, 6
2025/01/04 21:33:21.068, 5, 24576, 574, 23684, 23, 6
2025/01/04 21:33:21.168, 5, 24576, 574, 23684, 21, 6
2025/01/04 21:33:21.269, 5, 24576, 574, 23684, 21, 6
2025/01/04 21:33:21.370, 5, 24576, 574, 23684, 23, 6
2025/01/04 21:33:21.471, 5, 24576, 574, 23684, 23, 6
2025/01/04 21:33:21.572, 5, 24576, 574, 23684, 23, 6
2025/01/04 21:33:21.673, 5, 24576, 574, 23684, 23, 6
2025/01/04 21:33:21.773, 5, 24576, 574, 23684, 22, 6
2025/01/04 21:33:21.874, 5, 24576, 574, 23684, 22, 6
2025/01/04 21:33:21.975, 5, 24576, 574, 23684, 23, 6
2025/01/04 21:33:22.076, 5, 24576, 574, 23684, 23, 6
2025/01/04 21:33:22.177, 5, 24576, 574, 23684, 23, 6
2025/01/04 21:33:22.278, 5, 24576, 574, 23684, 23, 6
2025/01/04 21:33:22.378, 5, 24576, 574, 23684, 22, 6
2025/01/04 21:33:22.479, 5, 24576, 574, 23684, 22, 6
2025/01/04 21:33:22.580, 5, 24576, 574, 23684, 23, 6
2025/01/04 21:33:22.681, 5, 24576, 574, 23684, 23, 6
2025/01/04 21:33:22.782, 5, 24576, 574, 23684, 23, 6
2025/01/04 21:33:22.883, 5, 24576, 574, 23684, 23, 6
2025/01/04 21:33:22.983, 5, 24576, 574, 23684, 22, 6
2025/01/04 21:33:23.084, 5, 24576, 574, 23684, 22, 6
2025/01/04 21:33:23.185, 5, 24576, 574, 23684, 22, 6
2025/01/04 21:33:23.285, 5, 24576, 574, 23684, 22, 6
2025/01/04 21:33:23.386, 5, 24576, 574, 23684, 22, 6
2025/01/04 21:33:23.487, 5, 24576, 574, 23684, 22, 6
2025/01/04 21:33:23.588, 5, 24576, 574, 23684, 21, 6
2025/01/04 21:33:23.689, 5, 24576, 574, 23684, 21, 6
2025/01/04 21:33:23.790, 5, 24576, 574, 23684, 24, 6
2025/01/04 21:33:23.891, 5, 24576, 574, 23684, 24, 6
2025/01/04 21:33:23.992, 5, 24576, 574, 23684, 21, 6
2025/01/04 21:33:24.093, 5, 24576, 574, 23684, 21, 6
2025/01/04 21:33:24.194, 5, 24576, 574, 23684, 21, 6
2025/01/04 21:33:24.295, 5, 24576, 574, 23684, 21, 6
2025/01/04 21:33:24.395, 5, 24576, 574, 23684, 21, 6
2025/01/04 21:33:24.496, 5, 24576, 574, 23684, 21, 6
2025/01/04 21:33:24.597, 5, 24576, 574, 23684, 21, 6
2025/01/04 21:33:24.697, 5, 24576, 574, 23684, 21, 6
2025/01/04 21:33:24.798, 5, 24576, 574, 23684, 21, 6
2025/01/04 21:33:24.899, 5, 24576, 574, 23684, 21, 6
2025/01/04 21:33:24.999, 5, 24576, 574, 23684, 21, 6
2025/01/04 21:33:25.100, 5, 24576, 574, 23684, 21, 6
2025/01/04 21:33:25.201, 5, 24576, 574, 23684, 21, 6
2025/01/04 21:33:25.302, 5, 24576, 574, 23684, 21, 6
2025/01/04 21:33:25.402, 5, 24576, 574, 23684, 21, 6
2025/01/04 21:33:25.503, 5, 24576, 574, 23684, 21, 6
2025/01/04 21:33:25.604, 5, 24576, 574, 23684, 21, 6
2025/01/04 21:33:25.704, 5, 24576, 574, 23684, 21, 6
2025/01/04 21:33:25.805, 5, 24576, 574, 23684, 21, 6
2025/01/04 21:33:25.906, 5, 24576, 574, 23684, 21, 6
2025/01/04 21:33:26.007, 5, 24576, 574, 23684, 21, 6
2025/01/04 21:33:26.107, 5, 24576, 574, 23684, 21, 6
2025/01/04 21:33:26.208, 5, 24576, 574, 23684, 21, 6
2025/01/04 21:33:26.309, 5, 24576, 574, 23684, 21, 6
2025/01/04 21:33:26.410, 5, 24576, 574, 23684, 22, 6
2025/01/04 21:33:26.511, 5, 24576, 574, 23684, 22, 6
2025/01/04 21:33:26.612, 5, 24576, 574, 23684, 20, 5
2025/01/04 21:33:26.712, 5, 24576, 574, 23684, 20, 5
2025/01/04 21:33:26.813, 5, 24576, 574, 23684, 21, 6
2025/01/04 21:33:26.915, 5, 24576, 574, 23684, 21, 6
2025/01/04 21:33:27.015, 5, 24576, 574, 23684, 22, 6
2025/01/04 21:33:27.116, 5, 24576, 574, 23684, 22, 6
2025/01/04 21:33:27.217, 5, 24576, 574, 23684, 23, 6
2025/01/04 21:33:27.317, 5, 24576, 574, 23684, 23, 6
2025/01/04 21:33:27.418, 5, 24576, 574, 23684, 23, 6
2025/01/04 21:33:27.519, 5, 24576, 574, 23684, 23, 6
2025/01/04 21:33:27.620, 5, 24576, 574, 23684, 23, 6
2025/01/04 21:33:27.720, 5, 24576, 574, 23684, 23, 6
2025/01/04 21:33:27.821, 5, 24576, 574, 23684, 21, 6
2025/01/04 21:33:27.922, 5, 24576, 574, 23684, 21, 6
2025/01/04 21:33:28.022, 5, 24576, 574, 23684, 21, 6
2025/01/04 21:33:28.123, 5, 24576, 574, 23684, 21, 6
2025/01/04 21:33:28.224, 5, 24576, 574, 23684, 21, 6
2025/01/04 21:33:28.324, 5, 24576, 574, 23684, 21, 6
2025/01/04 21:33:28.425, 5, 24576, 574, 23684, 22, 6
2025/01/04 21:33:28.526, 5, 24576, 574, 23684, 22, 6
2025/01/04 21:33:28.626, 5, 24576, 574, 23684, 21, 6
2025/01/04 21:33:28.727, 5, 24576, 574, 23684, 21, 6
2025/01/04 21:33:28.828, 5, 24576, 574, 23684, 21, 6
2025/01/04 21:33:28.929, 5, 24576, 574, 23684, 21, 6
2025/01/04 21:33:29.030, 5, 24576, 574, 23684, 20, 5
2025/01/04 21:33:29.131, 5, 24576, 574, 23684, 20, 5
2025/01/04 21:33:29.231, 5, 24576, 574, 23684, 21, 6
2025/01/04 21:33:29.333, 5, 24576, 574, 23684, 21, 6
2025/01/04 21:33:29.434, 5, 24576, 574, 23684, 21, 6
2025/01/04 21:33:29.534, 5, 24576, 574, 23684, 21, 6
2025/01/04 21:33:29.635, 5, 24576, 574, 23684, 21, 6
2025/01/04 21:33:29.736, 5, 24576, 574, 23684, 21, 6
2025/01/04 21:33:29.836, 5, 24576, 574, 23684, 21, 6
2025/01/04 21:33:29.937, 5, 24576, 574, 23684, 21, 6
2025/01/04 21:33:30.038, 5, 24576, 574, 23684, 21, 6
2025/01/04 21:33:30.139, 5, 24576, 574, 23684, 21, 6
2025/01/04 21:33:30.239, 5, 24576, 574, 23684, 21, 5
2025/01/04 21:33:30.340, 5, 24576, 574, 23684, 21, 5
2025/01/04 21:33:30.441, 5, 24576, 574, 23684, 21, 6
2025/01/04 21:33:30.542, 5, 24576, 574, 23684, 21, 6
2025/01/04 21:33:30.642, 5, 24576, 574, 23684, 22, 6
2025/01/04 21:33:30.743, 5, 24576, 574, 23684, 22, 6
2025/01/04 21:33:30.844, 5, 24576, 574, 23684, 22, 6
2025/01/04 21:33:30.944, 5, 24576, 574, 23684, 22, 6
2025/01/04 21:33:31.045, 5, 24576, 574, 23684, 23, 6
2025/01/04 21:33:31.146, 5, 24576, 574, 23684, 23, 6
2025/01/04 21:33:31.247, 5, 24576, 574, 23684, 21, 6
2025/01/04 21:33:31.348, 5, 24576, 574, 23684, 23, 6
2025/01/04 21:33:31.450, 5, 24576, 574, 23684, 23, 6
2025/01/04 21:33:31.551, 5, 24576, 574, 23684, 23, 6
2025/01/04 21:33:31.652, 5, 24576, 574, 23684, 23, 6
2025/01/04 21:33:31.752, 5, 24576, 574, 23684, 23, 6
2025/01/04 21:33:31.853, 5, 24576, 574, 23684, 23, 6
2025/01/04 21:33:31.954, 5, 24576, 574, 23684, 23, 6
2025/01/04 21:33:32.055, 5, 24576, 574, 23684, 23, 6
2025/01/04 21:33:32.155, 5, 24576, 574, 23684, 22, 6
2025/01/04 21:33:32.256, 5, 24576, 574, 23684, 22, 6
2025/01/04 21:33:32.357, 5, 24576, 574, 23684, 23, 6
2025/01/04 21:33:32.457, 5, 24576, 574, 23684, 23, 6
2025/01/04 21:33:32.558, 5, 24576, 574, 23684, 22, 6
2025/01/04 21:33:32.659, 5, 24576, 574, 23684, 22, 6
2025/01/04 21:33:32.759, 5, 24576, 574, 23684, 23, 6
2025/01/04 21:33:32.860, 5, 24576, 574, 23684, 23, 6
2025/01/04 21:33:32.961, 5, 24576, 574, 23684, 23, 6
2025/01/04 21:33:33.061, 5, 24576, 574, 23684, 23, 6
2025/01/04 21:33:33.162, 5, 24576, 574, 23684, 23, 6
2025/01/04 21:33:33.263, 5, 24576, 574, 23684, 23, 6
2025/01/04 21:33:33.363, 5, 24576, 574, 23684, 23, 6
2025/01/04 21:33:33.464, 5, 24576, 574, 23684, 23, 6
2025/01/04 21:33:33.565, 5, 24576, 574, 23684, 23, 6
2025/01/04 21:33:33.665, 5, 24576, 574, 23684, 23, 6
2025/01/04 21:33:33.766, 5, 24576, 574, 23684, 23, 6
2025/01/04 21:33:33.867, 5, 24576, 574, 23684, 23, 6
2025/01/04 21:33:33.968, 5, 24576, 574, 23684, 23, 6
2025/01/04 21:33:34.069, 5, 24576, 574, 23684, 23, 6
2025/01/04 21:33:34.170, 5, 24576, 574, 23684, 23, 6
2025/01/04 21:33:34.270, 5, 24576, 574, 23684, 23, 6
2025/01/04 21:33:34.371, 5, 24576, 574, 23684, 23, 6
2025/01/04 21:33:34.472, 5, 24576, 574, 23684, 23, 6
2025/01/04 21:33:34.572, 5, 24576, 574, 23684, 22, 6
2025/01/04 21:33:34.673, 5, 24576, 574, 23684, 22, 6
2025/01/04 21:33:34.774, 5, 24576, 574, 23684, 23, 6
2025/01/04 21:33:34.874, 5, 24576, 574, 23684, 23, 6
2025/01/04 21:33:34.976, 5, 24576, 574, 23684, 23, 6
2025/01/04 21:33:35.077, 5, 24576, 574, 23684, 23, 6
2025/01/04 21:33:35.177, 5, 24576, 574, 23684, 22, 6
2025/01/04 21:33:35.278, 5, 24576, 574, 23684, 22, 6
2025/01/04 21:33:35.379, 5, 24576, 574, 23684, 23, 6
2025/01/04 21:33:35.479, 5, 24576, 574, 23684, 23, 6
2025/01/04 21:33:35.580, 5, 24576, 574, 23684, 22, 6
2025/01/04 21:33:35.681, 5, 24576, 574, 23684, 22, 6
2025/01/04 21:33:35.782, 5, 24576, 574, 23684, 23, 6
2025/01/04 21:33:35.882, 5, 24576, 574, 23684, 23, 6
2025/01/04 21:33:35.983, 5, 24576, 574, 23684, 21, 6
2025/01/04 21:33:36.084, 5, 24576, 574, 23684, 21, 6
2025/01/04 21:33:36.184, 5, 24576, 574, 23684, 23, 6
2025/01/04 21:33:36.285, 5, 24576, 574, 23684, 23, 6
2025/01/04 21:33:36.386, 5, 24576, 574, 23684, 23, 6
2025/01/04 21:33:36.487, 5, 24576, 574, 23684, 23, 6
2025/01/04 21:33:36.588, 5, 24576, 574, 23684, 23, 6
2025/01/04 21:33:36.689, 5, 24576, 574, 23684, 23, 6
2025/01/04 21:33:36.790, 5, 24576, 574, 23684, 23, 6
2025/01/04 21:33:36.890, 5, 24576, 574, 23684, 23, 6
2025/01/04 21:33:36.991, 5, 24576, 574, 23684, 23, 6
2025/01/04 21:33:37.092, 5, 24576, 574, 23684, 23, 6
2025/01/04 21:33:37.192, 5, 24576, 574, 23684, 23, 6
2025/01/04 21:33:37.293, 5, 24576, 574, 23684, 23, 6
2025/01/04 21:33:37.394, 5, 24576, 574, 23684, 23, 6
2025/01/04 21:33:37.494, 5, 24576, 574, 23684, 23, 6
2025/01/04 21:33:37.595, 5, 24576, 574, 23684, 23, 6
2025/01/04 21:33:37.696, 5, 24576, 574, 23684, 23, 6
2025/01/04 21:33:37.797, 5, 24576, 574, 23684, 23, 6
2025/01/04 21:33:37.898, 5, 24576, 574, 23684, 23, 6
2025/01/04 21:33:37.999, 5, 24576, 574, 23684, 23, 6
2025/01/04 21:33:38.100, 5, 24576, 574, 23684, 23, 6
2025/01/04 21:33:38.200, 5, 24576, 574, 23684, 23, 6
2025/01/04 21:33:38.301, 5, 24576, 574, 23684, 23, 6
2025/01/04 21:33:38.402, 5, 24576, 574, 23684, 22, 6
2025/01/04 21:33:38.503, 5, 24576, 574, 23684, 22, 6
2025/01/04 21:33:38.603, 5, 24576, 574, 23684, 22, 6
2025/01/04 21:33:38.704, 5, 24576, 574, 23684, 22, 6
2025/01/04 21:33:38.805, 5, 24576, 574, 23684, 23, 6
2025/01/04 21:33:38.906, 5, 24576, 574, 23684, 23, 6
2025/01/04 21:33:39.007, 5, 24576, 574, 23684, 22, 6
2025/01/04 21:33:39.108, 5, 24576, 574, 23684, 22, 6
2025/01/04 21:33:39.209, 5, 24576, 574, 23684, 23, 6
2025/01/04 21:33:39.309, 5, 24576, 574, 23684, 23, 6
2025/01/04 21:33:39.410, 5, 24576, 574, 23684, 22, 6
2025/01/04 21:33:39.511, 5, 24576, 574, 23684, 22, 6
2025/01/04 21:33:39.612, 5, 24576, 574, 23684, 23, 6
2025/01/04 21:33:39.712, 5, 24576, 574, 23684, 23, 6
2025/01/04 21:33:39.813, 5, 24576, 574, 23684, 23, 6
2025/01/04 21:33:39.914, 5, 24576, 574, 23684, 23, 6
2025/01/04 21:33:40.015, 5, 24576, 574, 23684, 23, 6
2025/01/04 21:33:40.115, 5, 24576, 574, 23684, 23, 6
2025/01/04 21:33:40.216, 5, 24576, 574, 23684, 23, 6
2025/01/04 21:33:40.317, 5, 24576, 574, 23684, 23, 6
2025/01/04 21:33:40.417, 5, 24576, 574, 23684, 23, 6
2025/01/04 21:33:40.518, 5, 24576, 574, 23684, 23, 6
2025/01/04 21:33:40.619, 5, 24576, 574, 23684, 22, 6
2025/01/04 21:33:40.720, 5, 24576, 574, 23684, 22, 6
2025/01/04 21:33:40.820, 5, 24576, 574, 23684, 22, 6
2025/01/04 21:33:40.921, 5, 24576, 574, 23684, 22, 6
2025/01/04 21:33:41.022, 5, 24576, 574, 23684, 23, 6
2025/01/04 21:33:41.123, 5, 24576, 574, 23684, 23, 6
2025/01/04 21:33:41.224, 5, 24576, 574, 23684, 23, 6
2025/01/04 21:33:41.325, 5, 24576, 574, 23684, 23, 6
2025/01/04 21:33:41.425, 5, 24576, 574, 23684, 23, 6
2025/01/04 21:33:41.526, 5, 24576, 574, 23684, 23, 6
2025/01/04 21:33:41.627, 5, 24576, 574, 23684, 23, 6
2025/01/04 21:33:41.728, 5, 24576, 574, 23684, 23, 6
2025/01/04 21:33:41.829, 5, 24576, 574, 23684, 23, 6
2025/01/04 21:33:41.929, 5, 24576, 574, 23684, 23, 6
2025/01/04 21:33:42.030, 5, 24576, 574, 23684, 23, 6
2025/01/04 21:33:42.131, 5, 24576, 574, 23684, 23, 6
2025/01/04 21:33:42.232, 5, 24576, 574, 23684, 23, 6
2025/01/04 21:33:42.332, 5, 24576, 574, 23684, 23, 6
2025/01/04 21:33:42.433, 5, 24576, 574, 23684, 23, 6
2025/01/04 21:33:42.534, 5, 24576, 574, 23684, 23, 6
2025/01/04 21:33:42.634, 5, 24576, 574, 23684, 23, 6
2025/01/04 21:33:42.735, 5, 24576, 574, 23684, 23, 6
2025/01/04 21:33:42.836, 5, 24576, 574, 23684, 23, 6
2025/01/04 21:33:42.937, 5, 24576, 574, 23684, 23, 6
2025/01/04 21:33:43.038, 5, 24576, 574, 23684, 22, 6
2025/01/04 21:33:43.138, 5, 24576, 574, 23684, 22, 6
2025/01/04 21:33:43.239, 5, 24576, 574, 23684, 23, 6
2025/01/04 21:33:43.340, 5, 24576, 574, 23684, 23, 6
2025/01/04 21:33:43.441, 5, 24576, 574, 23684, 23, 6
2025/01/04 21:33:43.541, 5, 24576, 574, 23684, 23, 6
2025/01/04 21:33:43.642, 5, 24576, 574, 23684, 22, 6
2025/01/04 21:33:43.743, 5, 24576, 574, 23684, 23, 6
2025/01/04 21:33:43.847, 5, 24576, 574, 23684, 23, 6
2025/01/04 21:33:43.947, 5, 24576, 574, 23684, 23, 6
2025/01/04 21:33:44.048, 5, 24576, 574, 23684, 23, 6
2025/01/04 21:33:44.149, 5, 24576, 574, 23684, 23, 6
2025/01/04 21:33:44.250, 5, 24576, 574, 23684, 23, 6
2025/01/04 21:33:44.350, 5, 24576, 574, 23684, 22, 6
2025/01/04 21:33:44.451, 5, 24576, 574, 23684, 22, 6
2025/01/04 21:33:44.552, 5, 24576, 574, 23684, 23, 6
2025/01/04 21:33:44.652, 5, 24576, 574, 23684, 23, 6
2025/01/04 21:33:44.753, 5, 24576, 574, 23684, 23, 6
2025/01/04 21:33:44.854, 5, 24576, 574, 23684, 23, 6
2025/01/04 21:33:44.954, 5, 24576, 574, 23684, 23, 6
2025/01/04 21:33:45.055, 5, 24576, 574, 23684, 23, 6
2025/01/04 21:33:45.156, 5, 24576, 574, 23684, 23, 6
2025/01/04 21:33:45.257, 5, 24576, 574, 23684, 23, 6
2025/01/04 21:33:45.357, 5, 24576, 574, 23684, 23, 6
2025/01/04 21:33:45.458, 5, 24576, 574, 23684, 23, 6
2025/01/04 21:33:45.558, 5, 24576, 574, 23684, 22, 6
2025/01/04 21:33:45.659, 5, 24576, 574, 23684, 22, 6
2025/01/04 21:33:45.760, 5, 24576, 574, 23684, 23, 6
2025/01/04 21:33:45.860, 5, 24576, 574, 23684, 23, 6
2025/01/04 21:33:45.961, 5, 24576, 574, 23684, 23, 6
2025/01/04 21:33:46.062, 5, 24576, 574, 23684, 23, 6
2025/01/04 21:33:46.163, 5, 24576, 574, 23684, 23, 6
2025/01/04 21:33:46.264, 5, 24576, 574, 23684, 23, 6
2025/01/04 21:33:46.365, 5, 24576, 574, 23684, 23, 6
2025/01/04 21:33:46.466, 5, 24576, 574, 23684, 23, 6
2025/01/04 21:33:46.566, 5, 24576, 574, 23684, 23, 6
2025/01/04 21:33:46.667, 5, 24576, 574, 23684, 23, 6
2025/01/04 21:33:46.768, 5, 24576, 574, 23684, 22, 6
2025/01/04 21:33:46.868, 5, 24576, 574, 23684, 22, 6
2025/01/04 21:33:46.969, 5, 24576, 574, 23684, 23, 6
2025/01/04 21:33:47.070, 5, 24576, 574, 23684, 23, 6
2025/01/04 21:33:47.170, 5, 24576, 574, 23684, 23, 6
2025/01/04 21:33:47.271, 5, 24576, 574, 23684, 23, 6
2025/01/04 21:33:47.372, 5, 24576, 574, 23684, 23, 6
2025/01/04 21:33:47.472, 5, 24576, 574, 23684, 23, 6
2025/01/04 21:33:47.573, 5, 24576, 574, 23684, 22, 6
2025/01/04 21:33:47.674, 5, 24576, 574, 23684, 22, 6
2025/01/04 21:33:47.775, 5, 24576, 574, 23684, 23, 6
2025/01/04 21:33:47.875, 5, 24576, 574, 23684, 23, 6
2025/01/04 21:33:47.976, 5, 24576, 574, 23684, 23, 6
2025/01/04 21:33:48.077, 5, 24576, 574, 23684, 23, 6
2025/01/04 21:33:48.177, 5, 24576, 574, 23684, 23, 6
2025/01/04 21:33:48.278, 5, 24576, 574, 23684, 23, 6
2025/01/04 21:33:48.379, 5, 24576, 574, 23684, 23, 6
2025/01/04 21:33:48.479, 5, 24576, 574, 23684, 23, 6
2025/01/04 21:33:48.580, 5, 24576, 574, 23684, 23, 6
2025/01/04 21:33:48.681, 5, 24576, 574, 23684, 23, 6
2025/01/04 21:33:48.782, 5, 24576, 574, 23684, 23, 6
2025/01/04 21:33:48.883, 5, 24576, 574, 23684, 23, 6
2025/01/04 21:33:48.984, 5, 24576, 574, 23684, 23, 6
2025/01/04 21:33:49.084, 5, 24576, 574, 23684, 23, 6
2025/01/04 21:33:49.185, 5, 24576, 574, 23684, 22, 6
2025/01/04 21:33:49.286, 5, 24576, 574, 23684, 22, 6
2025/01/04 21:33:49.386, 5, 24576, 574, 23684, 23, 6
2025/01/04 21:33:49.487, 5, 24576, 574, 23684, 23, 6
2025/01/04 21:33:49.588, 5, 24576, 574, 23684, 23, 6
2025/01/04 21:33:49.689, 5, 24576, 574, 23684, 23, 6
2025/01/04 21:33:49.789, 5, 24576, 574, 23684, 23, 6
2025/01/04 21:33:49.890, 5, 24576, 574, 23684, 23, 6
2025/01/04 21:33:49.991, 5, 24576, 574, 23684, 23, 6
2025/01/04 21:33:50.092, 5, 24576, 574, 23684, 23, 6
2025/01/04 21:33:50.192, 5, 24576, 574, 23684, 23, 6
2025/01/04 21:33:50.293, 5, 24576, 574, 23684, 23, 6
2025/01/04 21:33:50.394, 5, 24576, 574, 23684, 23, 6
2025/01/04 21:33:50.494, 5, 24576, 574, 23684, 23, 6
2025/01/04 21:33:50.595, 5, 24576, 574, 23684, 23, 6
2025/01/04 21:33:50.696, 5, 24576, 574, 23684, 23, 6
2025/01/04 21:33:50.797, 5, 24576, 574, 23684, 23, 6
2025/01/04 21:33:50.897, 5, 24576, 574, 23684, 23, 6
2025/01/04 21:33:50.998, 5, 24576, 574, 23684, 23, 6
2025/01/04 21:33:51.099, 5, 24576, 574, 23684, 23, 6
2025/01/04 21:33:51.200, 5, 24576, 574, 23684, 23, 6
2025/01/04 21:33:51.301, 5, 24576, 574, 23684, 23, 6
2025/01/04 21:33:51.402, 5, 24576, 574, 23684, 21, 5
2025/01/04 21:33:51.503, 5, 24576, 574, 23684, 21, 5
2025/01/04 21:33:51.604, 5, 24576, 574, 23684, 21, 6
2025/01/04 21:33:51.704, 5, 24576, 574, 23684, 21, 6
2025/01/04 21:33:51.805, 5, 24576, 574, 23684, 21, 6
2025/01/04 21:33:51.906, 5, 24576, 574, 23684, 21, 6
2025/01/04 21:33:52.006, 5, 24576, 574, 23684, 21, 5
2025/01/04 21:33:52.107, 5, 24576, 574, 23684, 21, 5
2025/01/04 21:33:52.208, 5, 24576, 574, 23684, 21, 6
2025/01/04 21:33:52.308, 5, 24576, 574, 23684, 21, 6
2025/01/04 21:33:52.409, 5, 24576, 574, 23684, 22, 6
2025/01/04 21:33:52.510, 5, 24576, 574, 23684, 22, 6
2025/01/04 21:33:52.611, 5, 24576, 574, 23684, 23, 6
2025/01/04 21:33:52.711, 5, 24576, 574, 23684, 23, 6
2025/01/04 21:33:52.812, 5, 24576, 574, 23684, 23, 6
2025/01/04 21:33:52.913, 5, 24576, 574, 23684, 23, 6
2025/01/04 21:33:53.013, 5, 24576, 574, 23684, 23, 6
2025/01/04 21:33:53.114, 5, 24576, 574, 23684, 23, 6
2025/01/04 21:33:53.215, 5, 24576, 574, 23684, 23, 6
2025/01/04 21:33:53.316, 5, 24576, 574, 23684, 23, 6
2025/01/04 21:33:53.416, 5, 24576, 574, 23684, 23, 6
2025/01/04 21:33:53.517, 5, 24576, 574, 23684, 23, 6
2025/01/04 21:33:53.618, 5, 24576, 574, 23684, 23, 6
2025/01/04 21:33:53.718, 5, 24576, 574, 23684, 23, 6
2025/01/04 21:33:53.819, 5, 24576, 574, 23684, 21, 6
2025/01/04 21:33:53.920, 5, 24576, 574, 23684, 21, 6
2025/01/04 21:33:54.021, 5, 24576, 574, 23684, 21, 6
2025/01/04 21:33:54.122, 5, 24576, 574, 23684, 21, 6
2025/01/04 21:33:54.223, 5, 24576, 574, 23684, 23, 6
2025/01/04 21:33:54.323, 5, 24576, 574, 23684, 23, 6
2025/01/04 21:33:54.424, 5, 24576, 574, 23684, 23, 6
2025/01/04 21:33:54.525, 5, 24576, 574, 23684, 23, 6
2025/01/04 21:33:54.625, 5, 24576, 574, 23684, 23, 6
2025/01/04 21:33:54.726, 5, 24576, 574, 23684, 23, 6
2025/01/04 21:33:54.827, 5, 24576, 574, 23684, 23, 6
2025/01/04 21:33:54.928, 5, 24576, 574, 23684, 23, 6
2025/01/04 21:33:55.028, 5, 24576, 574, 23684, 23, 6
2025/01/04 21:33:55.129, 5, 24576, 574, 23684, 23, 6
2025/01/04 21:33:55.230, 5, 24576, 574, 23684, 23, 6
2025/01/04 21:33:55.330, 5, 24576, 574, 23684, 23, 6
2025/01/04 21:33:55.432, 5, 24576, 574, 23684, 21, 6
2025/01/04 21:33:55.532, 5, 24576, 574, 23684, 21, 6
2025/01/04 21:33:55.633, 5, 24576, 574, 23684, 21, 6
2025/01/04 21:33:55.734, 5, 24576, 574, 23684, 21, 6
2025/01/04 21:33:55.835, 5, 24576, 574, 23684, 21, 6
2025/01/04 21:33:55.935, 5, 24576, 574, 23684, 21, 6
2025/01/04 21:33:56.036, 5, 24576, 574, 23684, 22, 6
2025/01/04 21:33:56.137, 5, 24576, 574, 23684, 22, 6
2025/01/04 21:33:56.238, 5, 24576, 574, 23684, 23, 6
2025/01/04 21:33:56.338, 5, 24576, 574, 23684, 23, 6
2025/01/04 21:33:56.439, 5, 24576, 574, 23684, 23, 6
2025/01/04 21:33:56.540, 5, 24576, 574, 23684, 23, 6
2025/01/04 21:33:56.646, 5, 24576, 574, 23684, 23, 6
2025/01/04 21:33:56.747, 5, 24576, 574, 23684, 23, 6
2025/01/04 21:33:56.848, 5, 24576, 574, 23684, 23, 6
2025/01/04 21:33:56.948, 5, 24576, 574, 23684, 23, 6
2025/01/04 21:33:57.049, 5, 24576, 574, 23684, 23, 6
2025/01/04 21:33:57.150, 5, 24576, 574, 23684, 23, 6
2025/01/04 21:33:57.250, 5, 24576, 574, 23684, 23, 6
2025/01/04 21:33:57.351, 5, 24576, 574, 23684, 23, 6
2025/01/04 21:33:57.452, 5, 24576, 574, 23684, 23, 6
2025/01/04 21:33:57.552, 5, 24576, 574, 23684, 22, 6
2025/01/04 21:33:57.653, 5, 24576, 574, 23684, 22, 6
2025/01/04 21:33:57.754, 5, 24576, 574, 23684, 23, 6
2025/01/04 21:33:57.854, 5, 24576, 574, 23684, 23, 6
2025/01/04 21:33:57.955, 5, 24576, 574, 23684, 21, 6
2025/01/04 21:33:58.056, 5, 24576, 574, 23684, 21, 6
2025/01/04 21:33:58.157, 5, 24576, 574, 23684, 23, 6
2025/01/04 21:33:58.258, 5, 24576, 574, 23684, 23, 6
2025/01/04 21:33:58.360, 5, 24576, 574, 23684, 23, 6
2025/01/04 21:33:58.461, 5, 24576, 574, 23684, 23, 6
2025/01/04 21:33:58.561, 5, 24576, 574, 23684, 23, 6
2025/01/04 21:33:58.662, 5, 24576, 574, 23684, 23, 6
2025/01/04 21:33:58.763, 5, 24576, 574, 23684, 23, 6
2025/01/04 21:33:58.864, 5, 24576, 574, 23684, 23, 6
2025/01/04 21:33:58.964, 5, 24576, 574, 23684, 23, 6
2025/01/04 21:33:59.065, 5, 24576, 574, 23684, 23, 6
2025/01/04 21:33:59.166, 5, 24576, 574, 23684, 23, 6
2025/01/04 21:33:59.266, 5, 24576, 574, 23684, 23, 6
2025/01/04 21:33:59.367, 5, 24576, 574, 23684, 23, 6
2025/01/04 21:33:59.468, 5, 24576, 574, 23684, 23, 6
2025/01/04 21:33:59.568, 5, 24576, 574, 23684, 23, 6
2025/01/04 21:33:59.669, 5, 24576, 574, 23684, 23, 6
2025/01/04 21:33:59.770, 5, 24576, 574, 23684, 26, 7
2025/01/04 21:33:59.871, 5, 24576, 574, 23684, 26, 7
2025/01/04 21:33:59.972, 5, 24576, 574, 23684, 24, 6
2025/01/04 21:34:00.073, 5, 24576, 574, 23684, 24, 6
2025/01/04 21:34:00.173, 5, 24576, 574, 23684, 23, 6
2025/01/04 21:34:00.274, 5, 24576, 574, 23684, 23, 6
2025/01/04 21:34:00.375, 5, 24576, 574, 23684, 23, 6
2025/01/04 21:34:00.475, 5, 24576, 574, 23684, 23, 6
2025/01/04 21:34:00.576, 5, 24576, 574, 23684, 22, 6
2025/01/04 21:34:00.677, 5, 24576, 574, 23684, 22, 6
2025/01/04 21:34:00.778, 5, 24576, 574, 23684, 22, 6
2025/01/04 21:34:00.879, 5, 24576, 574, 23684, 22, 6
2025/01/04 21:34:00.980, 5, 24576, 574, 23684, 23, 6
2025/01/04 21:34:01.081, 5, 24576, 574, 23684, 23, 6
2025/01/04 21:34:01.181, 5, 24576, 574, 23684, 23, 6
2025/01/04 21:34:01.282, 5, 24576, 574, 23684, 23, 6
2025/01/04 21:34:01.383, 5, 24576, 574, 23684, 23, 6
2025/01/04 21:34:01.483, 5, 24576, 574, 23684, 23, 6
2025/01/04 21:34:01.584, 5, 24576, 574, 23684, 23, 6
2025/01/04 21:34:01.685, 5, 24576, 574, 23684, 23, 6
2025/01/04 21:34:01.786, 5, 24576, 574, 23684, 23, 6
2025/01/04 21:34:01.886, 5, 24576, 574, 23684, 23, 6
2025/01/04 21:34:01.987, 5, 24576, 574, 23684, 23, 6
2025/01/04 21:34:02.088, 5, 24576, 574, 23684, 23, 6
2025/01/04 21:34:02.188, 5, 24576, 574, 23684, 23, 6
2025/01/04 21:34:02.289, 5, 24576, 574, 23684, 23, 6
2025/01/04 21:34:02.390, 5, 24576, 574, 23684, 23, 6
2025/01/04 21:34:02.491, 5, 24576, 574, 23684, 23, 6
2025/01/04 21:34:02.592, 5, 24576, 574, 23684, 24, 6
2025/01/04 21:34:02.692, 5, 24576, 574, 23684, 24, 6
2025/01/04 21:34:02.793, 5, 24576, 574, 23684, 23, 6
2025/01/04 21:34:02.894, 5, 24576, 574, 23684, 23, 6
2025/01/04 21:34:02.994, 5, 24576, 574, 23684, 23, 6
2025/01/04 21:34:03.095, 5, 24576, 574, 23684, 23, 6
2025/01/04 21:34:03.196, 5, 24576, 574, 23684, 23, 6
2025/01/04 21:34:03.297, 5, 24576, 574, 23684, 23, 6
2025/01/04 21:34:03.398, 5, 24576, 574, 23684, 23, 6
2025/01/04 21:34:03.499, 5, 24576, 574, 23684, 23, 6
2025/01/04 21:34:03.600, 5, 24576, 574, 23684, 23, 6
2025/01/04 21:34:03.700, 5, 24576, 574, 23684, 23, 6
2025/01/04 21:34:03.801, 5, 24576, 574, 23684, 23, 6
2025/01/04 21:34:03.902, 5, 24576, 574, 23684, 23, 6
2025/01/04 21:34:04.003, 5, 24576, 574, 23684, 23, 6
2025/01/04 21:34:04.103, 5, 24576, 574, 23684, 23, 6
2025/01/04 21:34:04.204, 5, 24576, 574, 23684, 23, 6
2025/01/04 21:34:04.305, 5, 24576, 574, 23684, 23, 6
2025/01/04 21:34:04.405, 5, 24576, 574, 23684, 23, 6
2025/01/04 21:34:04.506, 5, 24576, 574, 23684, 23, 6
2025/01/04 21:34:04.608, 5, 24576, 574, 23684, 23, 6
2025/01/04 21:34:04.708, 5, 24576, 574, 23684, 23, 6
2025/01/04 21:34:04.809, 5, 24576, 574, 23684, 23, 6
2025/01/04 21:34:04.910, 5, 24576, 574, 23684, 23, 6
2025/01/04 21:34:05.010, 5, 24576, 574, 23684, 22, 6
2025/01/04 21:34:05.111, 5, 24576, 574, 23684, 22, 6
2025/01/04 21:34:05.212, 5, 24576, 574, 23684, 23, 6
2025/01/04 21:34:05.313, 5, 24576, 574, 23684, 23, 6
2025/01/04 21:34:05.413, 5, 24576, 574, 23684, 23, 6
2025/01/04 21:34:05.514, 5, 24576, 574, 23684, 23, 6
2025/01/04 21:34:05.615, 5, 24576, 574, 23684, 21, 6
2025/01/04 21:34:05.715, 5, 24576, 574, 23684, 21, 6
2025/01/04 21:34:05.816, 5, 24576, 574, 23684, 22, 6
2025/01/04 21:34:05.917, 5, 24576, 574, 23684, 22, 6
2025/01/04 21:34:06.018, 5, 24576, 574, 23684, 22, 6
2025/01/04 21:34:06.119, 5, 24576, 574, 23684, 22, 6
2025/01/04 21:34:06.220, 5, 24576, 574, 23684, 23, 6
2025/01/04 21:34:06.320, 5, 24576, 574, 23684, 23, 6
2025/01/04 21:34:06.421, 5, 24576, 574, 23684, 22, 6
2025/01/04 21:34:06.522, 5, 24576, 574, 23684, 22, 6
2025/01/04 21:34:06.623, 5, 24576, 574, 23684, 23, 6
2025/01/04 21:34:06.724, 5, 24576, 574, 23684, 23, 6
2025/01/04 21:34:06.824, 5, 24576, 574, 23684, 22, 6
2025/01/04 21:34:06.925, 5, 24576, 574, 23684, 22, 6
2025/01/04 21:34:07.026, 5, 24576, 574, 23684, 22, 6
2025/01/04 21:34:07.126, 5, 24576, 574, 23684, 22, 6
2025/01/04 21:34:07.227, 5, 24576, 574, 23684, 23, 6
2025/01/04 21:34:07.328, 5, 24576, 574, 23684, 23, 6
2025/01/04 21:34:07.429, 5, 24576, 574, 23684, 23, 6
2025/01/04 21:34:07.529, 5, 24576, 574, 23684, 23, 6
2025/01/04 21:34:07.630, 5, 24576, 574, 23684, 23, 6
2025/01/04 21:34:07.731, 5, 24576, 574, 23684, 23, 6
2025/01/04 21:34:07.832, 5, 24576, 574, 23684, 23, 6
2025/01/04 21:34:07.932, 5, 24576, 574, 23684, 23, 6
2025/01/04 21:34:08.033, 5, 24576, 574, 23684, 23, 6
2025/01/04 21:34:08.134, 5, 24576, 574, 23684, 23, 6
2025/01/04 21:34:08.235, 5, 24576, 574, 23684, 23, 6
2025/01/04 21:34:08.335, 5, 24576, 574, 23684, 23, 6
2025/01/04 21:34:08.439, 5, 24576, 574, 23684, 23, 6
2025/01/04 21:34:08.540, 5, 24576, 574, 23684, 23, 6
2025/01/04 21:34:08.640, 5, 24576, 574, 23684, 23, 6
2025/01/04 21:34:08.741, 5, 24576, 574, 23684, 23, 6
2025/01/04 21:34:08.842, 5, 24576, 574, 23684, 23, 6
2025/01/04 21:34:08.943, 5, 24576, 574, 23684, 23, 6
2025/01/04 21:34:09.043, 5, 24576, 574, 23684, 23, 6
2025/01/04 21:34:09.144, 5, 24576, 574, 23684, 23, 6
2025/01/04 21:34:09.244, 5, 24576, 574, 23684, 23, 6
2025/01/04 21:34:09.345, 5, 24576, 574, 23684, 23, 6
2025/01/04 21:34:09.446, 5, 24576, 574, 23684, 23, 6
2025/01/04 21:34:09.546, 5, 24576, 574, 23684, 23, 6
2025/01/04 21:34:09.647, 5, 24576, 574, 23684, 23, 6
2025/01/04 21:34:09.748, 5, 24576, 574, 23684, 23, 6
2025/01/04 21:34:09.848, 5, 24576, 574, 23684, 23, 6
2025/01/04 21:34:09.949, 5, 24576, 574, 23684, 23, 6
2025/01/04 21:34:10.050, 5, 24576, 574, 23684, 23, 6
2025/01/04 21:34:10.150, 5, 24576, 574, 23684, 23, 6
2025/01/04 21:34:10.251, 5, 24576, 574, 23684, 23, 6
2025/01/04 21:34:10.351, 5, 24576, 574, 23684, 23, 6
2025/01/04 21:34:10.452, 5, 24576, 574, 23684, 23, 6
2025/01/04 21:34:10.553, 5, 24576, 574, 23684, 23, 6
2025/01/04 21:34:10.653, 5, 24576, 574, 23684, 23, 6
2025/01/04 21:34:10.754, 5, 24576, 574, 23684, 23, 6
2025/01/04 21:34:10.855, 5, 24576, 574, 23684, 23, 6
2025/01/04 21:34:10.956, 5, 24576, 574, 23684, 23, 6
2025/01/04 21:34:11.057, 5, 24576, 574, 23684, 23, 6
2025/01/04 21:34:11.158, 5, 24576, 574, 23684, 23, 6
2025/01/04 21:34:11.258, 5, 24576, 574, 23684, 23, 6
2025/01/04 21:34:11.359, 5, 24576, 574, 23684, 23, 6
2025/01/04 21:34:11.460, 5, 24576, 574, 23684, 23, 6
2025/01/04 21:34:11.560, 5, 24576, 574, 23684, 23, 6
2025/01/04 21:34:11.661, 5, 24576, 574, 23684, 23, 6
2025/01/04 21:34:11.762, 5, 24576, 574, 23684, 23, 6
2025/01/04 21:34:11.862, 5, 24576, 574, 23684, 23, 6
2025/01/04 21:34:11.963, 5, 24576, 574, 23684, 23, 6
2025/01/04 21:34:12.064, 5, 24576, 574, 23684, 23, 6
2025/01/04 21:34:12.164, 5, 24576, 574, 23684, 23, 6
2025/01/04 21:34:12.265, 5, 24576, 574, 23684, 23, 6
2025/01/04 21:34:12.366, 5, 24576, 574, 23684, 22, 6
2025/01/04 21:34:12.466, 5, 24576, 574, 23684, 22, 6
2025/01/04 21:34:12.567, 5, 24576, 574, 23684, 23, 6
2025/01/04 21:34:12.668, 5, 24576, 574, 23684, 23, 6
2025/01/04 21:34:12.768, 5, 24576, 574, 23684, 22, 6
2025/01/04 21:34:12.869, 5, 24576, 574, 23684, 22, 6
2025/01/04 21:34:12.970, 5, 24576, 574, 23684, 22, 6
2025/01/04 21:34:13.071, 5, 24576, 574, 23684, 22, 6
2025/01/04 21:34:13.171, 5, 24576, 574, 23684, 23, 6
2025/01/04 21:34:13.272, 5, 24576, 574, 23684, 23, 6
2025/01/04 21:34:13.373, 5, 24576, 574, 23684, 23, 6
2025/01/04 21:34:13.474, 5, 24576, 574, 23684, 23, 6
2025/01/04 21:34:13.575, 5, 24576, 574, 23684, 23, 6
2025/01/04 21:34:13.676, 5, 24576, 574, 23684, 23, 6
2025/01/04 21:34:13.777, 5, 24576, 574, 23684, 23, 6
2025/01/04 21:34:13.877, 5, 24576, 574, 23684, 23, 6
2025/01/04 21:34:13.978, 5, 24576, 574, 23684, 23, 6
2025/01/04 21:34:14.079, 5, 24576, 574, 23684, 23, 6
2025/01/04 21:34:14.179, 5, 24576, 574, 23684, 23, 6
2025/01/04 21:34:14.280, 5, 24576, 574, 23684, 23, 6
2025/01/04 21:34:14.381, 5, 24576, 574, 23684, 22, 6
2025/01/04 21:34:14.482, 5, 24576, 574, 23684, 22, 6
2025/01/04 21:34:14.582, 5, 24576, 574, 23684, 23, 6
2025/01/04 21:34:14.683, 5, 24576, 574, 23684, 23, 6
2025/01/04 21:34:14.784, 5, 24576, 574, 23684, 23, 6
2025/01/04 21:34:14.885, 5, 24576, 574, 23684, 23, 6
2025/01/04 21:34:14.985, 5, 24576, 574, 23684, 23, 6
2025/01/04 21:34:15.086, 5, 24576, 574, 23684, 23, 6
2025/01/04 21:34:15.187, 5, 24576, 574, 23684, 23, 6
2025/01/04 21:34:15.287, 5, 24576, 574, 23684, 23, 6
2025/01/04 21:34:15.388, 5, 24576, 574, 23684, 22, 6
2025/01/04 21:34:15.489, 5, 24576, 574, 23684, 22, 6
2025/01/04 21:34:15.589, 5, 24576, 574, 23684, 22, 6
2025/01/04 21:34:15.690, 5, 24576, 574, 23684, 22, 6
2025/01/04 21:34:15.791, 5, 24576, 574, 23684, 23, 6
2025/01/04 21:34:15.892, 5, 24576, 574, 23684, 23, 6
2025/01/04 21:34:15.992, 5, 24576, 574, 23684, 23, 6
2025/01/04 21:34:16.093, 5, 24576, 574, 23684, 23, 6
2025/01/04 21:34:16.194, 5, 24576, 574, 23684, 23, 6
2025/01/04 21:34:16.295, 5, 24576, 574, 23684, 23, 6
2025/01/04 21:34:16.396, 5, 24576, 574, 23684, 22, 6
2025/01/04 21:34:16.497, 5, 24576, 574, 23684, 22, 6
2025/01/04 21:34:16.598, 5, 24576, 574, 23684, 23, 6
2025/01/04 21:34:16.698, 5, 24576, 574, 23684, 23, 6
2025/01/04 21:34:16.799, 5, 24576, 574, 23684, 23, 6
2025/01/04 21:34:16.900, 5, 24576, 574, 23684, 23, 6
2025/01/04 21:34:17.000, 5, 24576, 574, 23684, 23, 6
2025/01/04 21:34:17.101, 5, 24576, 574, 23684, 23, 6
2025/01/04 21:34:17.202, 5, 24576, 574, 23684, 23, 6
2025/01/04 21:34:17.303, 5, 24576, 574, 23684, 23, 6
2025/01/04 21:34:17.403, 5, 24576, 574, 23684, 23, 6
2025/01/04 21:34:17.504, 5, 24576, 574, 23684, 23, 6
2025/01/04 21:34:17.605, 5, 24576, 574, 23684, 22, 6
2025/01/04 21:34:17.706, 5, 24576, 574, 23684, 22, 6
2025/01/04 21:34:17.806, 5, 24576, 574, 23684, 23, 6
2025/01/04 21:34:17.907, 5, 24576, 574, 23684, 23, 6
2025/01/04 21:34:18.008, 5, 24576, 574, 23684, 11, 3
2025/01/04 21:34:18.108, 5, 24576, 574, 23684, 11, 3
2025/01/04 21:34:18.209, 5, 24576, 574, 23684, 0, 0
2025/01/04 21:34:18.310, 5, 24576, 574, 23684, 0, 0
2025/01/04 21:34:18.411, 5, 24576, 574, 23684, 0, 0
2025/01/04 21:34:18.511, 5, 24576, 574, 23684, 0, 0
2025/01/04 21:34:18.612, 5, 24576, 574, 23684, 0, 0
2025/01/04 21:34:18.713, 5, 24576, 574, 23684, 0, 0
2025/01/04 21:34:18.814, 5, 24576, 574, 23684, 0, 0
2025/01/04 21:34:18.915, 5, 24576, 574, 23684, 0, 0
2025/01/04 21:34:19.016, 5, 24576, 574, 23684, 0, 0
2025/01/04 21:34:19.116, 5, 24576, 574, 23684, 0, 0
2025/01/04 21:34:19.217, 5, 24576, 574, 23684, 0, 0
2025/01/04 21:34:19.318, 5, 24576, 574, 23684, 0, 0
2025/01/04 21:34:19.418, 5, 24576, 574, 23684, 0, 0
2025/01/04 21:34:19.519, 5, 24576, 574, 23684, 0, 0
2025/01/04 21:34:19.620, 5, 24576, 574, 23684, 0, 0
2025/01/04 21:34:19.720, 5, 24576, 574, 23684, 0, 0
2025/01/04 21:34:19.821, 5, 24576, 574, 23684, 0, 0
2025/01/04 21:34:19.922, 5, 24576, 574, 23684, 0, 0
2025/01/04 21:34:20.022, 5, 24576, 574, 23684, 0, 0
2025/01/04 21:34:20.123, 5, 24576, 574, 23684, 0, 0
2025/01/04 21:34:20.224, 5, 24576, 574, 23684, 0, 0
2025/01/04 21:34:20.324, 5, 24576, 574, 23684, 0, 0
2025/01/04 21:34:20.425, 5, 24576, 574, 23684, 0, 0
2025/01/04 21:34:20.526, 5, 24576, 574, 23684, 0, 0
2025/01/04 21:34:20.626, 5, 24576, 574, 23684, 0, 0
2025/01/04 21:34:20.727, 5, 24576, 574, 23684, 0, 0
2025/01/04 21:34:20.828, 5, 24576, 574, 23684, 0, 0
2025/01/04 21:34:20.928, 5, 24576, 574, 23684, 0, 0
2025/01/04 21:34:21.029, 5, 24576, 574, 23684, 0, 0
2025/01/04 21:34:21.129, 5, 24576, 574, 23684, 0, 0
2025/01/04 21:34:21.230, 5, 24576, 574, 23684, 0, 0
2025/01/04 21:34:21.331, 5, 24576, 574, 23684, 0, 0
2025/01/04 21:34:21.431, 5, 24576, 574, 23684, 0, 0
2025/01/04 21:34:21.532, 5, 24576, 574, 23684, 0, 0
2025/01/04 21:34:21.633, 5, 24576, 574, 23684, 0, 0
2025/01/04 21:34:21.734, 5, 24576, 574, 23684, 0, 0
2025/01/04 21:34:21.834, 5, 24576, 574, 23684, 0, 0
2025/01/04 21:34:21.935, 5, 24576, 574, 23684, 0, 0
2025/01/04 21:34:22.036, 5, 24576, 574, 23684, 0, 0
2025/01/04 21:34:22.136, 5, 24576, 574, 23684, 0, 0
2025/01/04 21:34:22.237, 5, 24576, 574, 23684, 0, 0
2025/01/04 21:34:22.337, 5, 24576, 574, 23684, 0, 0
2025/01/04 21:34:22.438, 5, 24576, 574, 23684, 0, 0
2025/01/04 21:34:22.539, 5, 24576, 574, 23684, 0, 0
2025/01/04 21:34:22.639, 5, 24576, 574, 23684, 0, 0
2025/01/04 21:34:22.740, 5, 24576, 574, 23684, 0, 0
2025/01/04 21:34:22.841, 5, 24576, 574, 23684, 0, 0
2025/01/04 21:34:22.942, 5, 24576, 574, 23684, 0, 0
2025/01/04 21:34:23.042, 5, 24576, 574, 23684, 0, 0
2025/01/04 21:34:23.143, 5, 24576, 574, 23684, 0, 0
2025/01/04 21:34:23.243, 5, 24576, 574, 23684, 0, 0
2025/01/04 21:34:23.344, 5, 24576, 574, 23684, 0, 0
2025/01/04 21:34:23.445, 5, 24576, 574, 23684, 0, 0
2025/01/04 21:34:23.545, 5, 24576, 574, 23684, 0, 0
2025/01/04 21:34:23.646, 5, 24576, 574, 23684, 0, 0
2025/01/04 21:34:23.746, 5, 24576, 574, 23684, 0, 0
2025/01/04 21:34:23.847, 5, 24576, 574, 23684, 0, 0
2025/01/04 21:34:23.948, 5, 24576, 574, 23684, 0, 0
2025/01/04 21:34:24.048, 5, 24576, 574, 23684, 0, 0
2025/01/04 21:34:24.149, 5, 24576, 574, 23684, 0, 0
2025/01/04 21:34:24.250, 5, 24576, 574, 23684, 0, 0
2025/01/04 21:34:24.350, 5, 24576, 574, 23684, 0, 0
2025/01/04 21:34:24.451, 5, 24576, 574, 23684, 0, 0
2025/01/04 21:34:24.552, 5, 24576, 574, 23684, 0, 0
2025/01/04 21:34:24.653, 5, 24576, 574, 23684, 0, 0
2025/01/04 21:34:24.754, 5, 24576, 574, 23684, 0, 0
2025/01/04 21:34:24.854, 5, 24576, 574, 23684, 0, 0
2025/01/04 21:34:24.955, 5, 24576, 574, 23684, 0, 0
2025/01/04 21:34:25.056, 5, 24576, 574, 23684, 0, 0
2025/01/04 21:34:25.157, 5, 24576, 574, 23684, 0, 0
2025/01/04 21:34:25.257, 5, 24576, 574, 23684, 0, 0
2025/01/04 21:34:25.358, 5, 24576, 574, 23684, 0, 0
2025/01/04 21:34:25.458, 5, 24576, 574, 23684, 0, 0
2025/01/04 21:34:25.559, 5, 24576, 574, 23684, 0, 0
2025/01/04 21:34:25.660, 5, 24576, 574, 23684, 0, 0
2025/01/04 21:34:25.760, 5, 24576, 574, 23684, 0, 0
2025/01/04 21:34:25.861, 5, 24576, 574, 23684, 0, 0
2025/01/04 21:34:25.962, 5, 24576, 574, 23684, 0, 0
2025/01/04 21:34:26.062, 5, 24576, 574, 23684, 0, 0
2025/01/04 21:34:26.163, 5, 24576, 574, 23684, 0, 0
2025/01/04 21:34:26.264, 5, 24576, 574, 23684, 0, 0
2025/01/04 21:34:26.364, 5, 24576, 574, 23684, 0, 0
2025/01/04 21:34:26.465, 5, 24576, 574, 23684, 0, 0
2025/01/04 21:34:26.565, 5, 24576, 574, 23684, 0, 0
2025/01/04 21:34:26.666, 5, 24576, 574, 23684, 0, 0
2025/01/04 21:34:26.767, 5, 24576, 574, 23684, 0, 0
2025/01/04 21:34:26.867, 5, 24576, 574, 23684, 0, 0
2025/01/04 21:34:26.970, 5, 24576, 574, 23684, 0, 0
2025/01/04 21:34:27.070, 5, 24576, 574, 23684, 0, 0
2025/01/04 21:34:27.171, 5, 24576, 574, 23684, 0, 0
2025/01/04 21:34:27.272, 5, 24576, 574, 23684, 0, 0
2025/01/04 21:34:27.372, 5, 24576, 574, 23684, 0, 0
2025/01/04 21:34:27.473, 5, 24576, 574, 23684, 0, 0
2025/01/04 21:34:27.574, 5, 24576, 574, 23684, 0, 0
2025/01/04 21:34:27.674, 5, 24576, 574, 23684, 0, 0
2025/01/04 21:34:27.77