timestamp, index, memory.total [MiB], memory.used [MiB], memory.free [MiB], utilization.gpu [%], utilization.memory [%]
2025/01/11 10:43:47.393, 4, 24576, 42, 24216, 0, 0
2025/01/11 10:43:47.493, 4, 24576, 42, 24216, 0, 0
2025/01/11 10:43:47.594, 4, 24576, 42, 24216, 1, 0
2025/01/11 10:43:47.695, 4, 24576, 42, 24216, 1, 0
2025/01/11 10:43:47.796, 4, 24576, 42, 24216, 0, 0
2025/01/11 10:43:47.897, 4, 24576, 42, 24216, 0, 0
2025/01/11 10:43:47.998, 4, 24576, 42, 24216, 0, 0
2025/01/11 10:43:48.099, 4, 24576, 42, 24216, 0, 0
2025/01/11 10:43:48.200, 4, 24576, 42, 24216, 0, 0
2025/01/11 10:43:48.300, 4, 24576, 42, 24216, 0, 0
2025/01/11 10:43:48.401, 4, 24576, 42, 24216, 0, 0
2025/01/11 10:43:48.502, 4, 24576, 42, 24216, 0, 0
2025/01/11 10:43:48.603, 4, 24576, 42, 24216, 0, 0
2025/01/11 10:43:48.703, 4, 24576, 42, 24216, 0, 0
2025/01/11 10:43:48.804, 4, 24576, 42, 24216, 0, 0
2025/01/11 10:43:48.905, 4, 24576, 42, 24216, 0, 0
2025/01/11 10:43:49.006, 4, 24576, 42, 24216, 0, 0
2025/01/11 10:43:49.107, 4, 24576, 42, 24216, 0, 0
2025/01/11 10:43:49.208, 4, 24576, 42, 24216, 0, 0
2025/01/11 10:43:49.309, 4, 24576, 42, 24216, 0, 0
2025/01/11 10:43:49.410, 4, 24576, 42, 24216, 0, 0
2025/01/11 10:43:49.510, 4, 24576, 42, 24216, 0, 0
2025/01/11 10:43:49.611, 4, 24576, 42, 24216, 0, 0
2025/01/11 10:43:49.712, 4, 24576, 42, 24216, 0, 0
2025/01/11 10:43:49.813, 4, 24576, 42, 24216, 0, 0
2025/01/11 10:43:49.913, 4, 24576, 42, 24216, 0, 0
2025/01/11 10:43:50.014, 4, 24576, 42, 24216, 0, 0
2025/01/11 10:43:50.115, 4, 24576, 42, 24216, 0, 0
2025/01/11 10:43:50.216, 4, 24576, 42, 24216, 0, 0
2025/01/11 10:43:50.316, 4, 24576, 42, 24216, 0, 0
2025/01/11 10:43:50.417, 4, 24576, 42, 24216, 0, 0
2025/01/11 10:43:50.518, 4, 24576, 42, 24216, 0, 0
2025/01/11 10:43:50.619, 4, 24576, 42, 24216, 0, 0
2025/01/11 10:43:50.719, 4, 24576, 42, 24216, 0, 0
2025/01/11 10:43:50.820, 4, 24576, 52, 24206, 0, 0
2025/01/11 10:43:50.930, 4, 24576, 344, 23914, 0, 0
2025/01/11 10:43:51.031, 4, 24576, 388, 23870, 6, 0
2025/01/11 10:43:51.132, 4, 24576, 428, 23830, 6, 0
2025/01/11 10:43:51.233, 4, 24576, 486, 23772, 5, 0
2025/01/11 10:43:51.334, 4, 24576, 522, 23736, 5, 0
2025/01/11 10:43:51.435, 4, 24576, 558, 23700, 7, 0
2025/01/11 10:43:51.535, 4, 24576, 592, 23666, 7, 0
2025/01/11 10:43:51.636, 4, 24576, 626, 23632, 4, 0
2025/01/11 10:43:51.737, 4, 24576, 660, 23598, 4, 0
2025/01/11 10:43:51.837, 4, 24576, 698, 23560, 4, 0
2025/01/11 10:43:51.938, 4, 24576, 790, 23468, 4, 0
2025/01/11 10:43:52.039, 4, 24576, 1010, 23248, 8, 0
2025/01/11 10:43:52.139, 4, 24576, 1160, 23098, 8, 0
2025/01/11 10:43:52.240, 4, 24576, 1194, 23064, 12, 0
2025/01/11 10:43:52.341, 4, 24576, 1226, 23032, 12, 0
2025/01/11 10:43:52.441, 4, 24576, 1268, 22990, 4, 0
2025/01/11 10:43:52.542, 4, 24576, 1308, 22950, 4, 0
2025/01/11 10:43:52.643, 4, 24576, 1346, 22912, 4, 0
2025/01/11 10:43:52.744, 4, 24576, 1386, 22872, 4, 0
2025/01/11 10:43:52.844, 4, 24576, 1424, 22834, 4, 0
2025/01/11 10:43:52.945, 4, 24576, 1462, 22796, 4, 0
2025/01/11 10:43:53.045, 4, 24576, 1496, 22762, 4, 0
2025/01/11 10:43:53.146, 4, 24576, 2416, 21842, 4, 0
2025/01/11 10:43:53.247, 4, 24576, 2416, 21842, 30, 9
2025/01/11 10:43:53.347, 4, 24576, 2416, 21842, 30, 9
2025/01/11 10:43:53.448, 4, 24576, 2416, 21842, 67, 23
2025/01/11 10:43:53.549, 4, 24576, 2416, 21842, 67, 23
2025/01/11 10:43:53.650, 4, 24576, 2416, 21842, 61, 22
2025/01/11 10:43:53.751, 4, 24576, 2416, 21842, 61, 22
2025/01/11 10:43:53.852, 4, 24576, 2416, 21842, 61, 22
2025/01/11 10:43:53.953, 4, 24576, 2416, 21842, 61, 22
2025/01/11 10:43:54.054, 4, 24576, 2416, 21842, 52, 19
2025/01/11 10:43:54.155, 4, 24576, 2416, 21842, 52, 19
2025/01/11 10:43:54.255, 4, 24576, 2416, 21842, 59, 22
2025/01/11 10:43:54.356, 4, 24576, 2416, 21842, 59, 22
2025/01/11 10:43:54.457, 4, 24576, 2416, 21842, 59, 21
2025/01/11 10:43:54.557, 4, 24576, 2416, 21842, 59, 21
2025/01/11 10:43:54.658, 4, 24576, 2416, 21842, 59, 22
2025/01/11 10:43:54.759, 4, 24576, 2416, 21842, 59, 22
2025/01/11 10:43:54.859, 4, 24576, 2416, 21842, 55, 20
2025/01/11 10:43:54.960, 4, 24576, 2416, 21842, 55, 20
2025/01/11 10:43:55.061, 4, 24576, 2416, 21842, 60, 22
2025/01/11 10:43:55.162, 4, 24576, 2416, 21842, 60, 22
2025/01/11 10:43:55.263, 4, 24576, 2416, 21842, 61, 22
2025/01/11 10:43:55.363, 4, 24576, 2416, 21842, 61, 22
2025/01/11 10:43:55.464, 4, 24576, 2416, 21842, 58, 21
2025/01/11 10:43:55.565, 4, 24576, 2416, 21842, 58, 21
2025/01/11 10:43:55.666, 4, 24576, 2416, 21842, 54, 20
2025/01/11 10:43:55.766, 4, 24576, 2416, 21842, 54, 20
2025/01/11 10:43:55.867, 4, 24576, 2416, 21842, 54, 19
2025/01/11 10:43:55.968, 4, 24576, 2416, 21842, 63, 23
2025/01/11 10:43:56.072, 4, 24576, 2416, 21842, 63, 23
2025/01/11 10:43:56.173, 4, 24576, 2416, 21842, 59, 21
2025/01/11 10:43:56.274, 4, 24576, 2416, 21842, 59, 21
2025/01/11 10:43:56.374, 4, 24576, 2416, 21842, 56, 20
2025/01/11 10:43:56.475, 4, 24576, 2416, 21842, 56, 20
2025/01/11 10:43:56.576, 4, 24576, 2416, 21842, 58, 22
2025/01/11 10:43:56.676, 4, 24576, 2416, 21842, 58, 22
2025/01/11 10:43:56.777, 4, 24576, 2416, 21842, 62, 22
2025/01/11 10:43:56.878, 4, 24576, 2416, 21842, 62, 22
2025/01/11 10:43:56.978, 4, 24576, 2416, 21842, 55, 20
2025/01/11 10:43:57.079, 4, 24576, 2416, 21842, 55, 20
2025/01/11 10:43:57.180, 4, 24576, 2416, 21842, 60, 22
2025/01/11 10:43:57.281, 4, 24576, 2416, 21842, 60, 22
2025/01/11 10:43:57.382, 4, 24576, 2416, 21842, 61, 22
2025/01/11 10:43:57.482, 4, 24576, 2416, 21842, 61, 22
2025/01/11 10:43:57.583, 4, 24576, 2416, 21842, 56, 20
2025/01/11 10:43:57.684, 4, 24576, 2416, 21842, 56, 20
2025/01/11 10:43:57.784, 4, 24576, 2416, 21842, 60, 22
2025/01/11 10:43:57.885, 4, 24576, 2416, 21842, 60, 22
2025/01/11 10:43:57.986, 4, 24576, 2416, 21842, 61, 22
2025/01/11 10:43:58.087, 4, 24576, 2416, 21842, 61, 22
2025/01/11 10:43:58.187, 4, 24576, 2416, 21842, 57, 21
2025/01/11 10:43:58.288, 4, 24576, 2416, 21842, 57, 21
2025/01/11 10:43:58.389, 4, 24576, 2416, 21842, 61, 22
2025/01/11 10:43:58.490, 4, 24576, 2416, 21842, 61, 22
2025/01/11 10:43:58.591, 4, 24576, 2816, 21442, 60, 22
2025/01/11 10:43:58.692, 4, 24576, 3176, 21082, 60, 22
2025/01/11 10:43:58.793, 4, 24576, 3176, 21082, 57, 24
2025/01/11 10:43:58.894, 4, 24576, 3176, 21082, 57, 24
2025/01/11 10:43:58.995, 4, 24576, 3176, 21082, 59, 21
2025/01/11 10:43:59.096, 4, 24576, 3176, 21082, 59, 21
2025/01/11 10:43:59.196, 4, 24576, 3176, 21082, 57, 21
2025/01/11 10:43:59.297, 4, 24576, 3176, 21082, 57, 21
2025/01/11 10:43:59.398, 4, 24576, 3176, 21082, 56, 20
2025/01/11 10:43:59.498, 4, 24576, 3176, 21082, 56, 20
2025/01/11 10:43:59.599, 4, 24576, 3176, 21082, 56, 20
2025/01/11 10:43:59.700, 4, 24576, 3176, 21082, 56, 20
2025/01/11 10:43:59.801, 4, 24576, 3176, 21082, 53, 19
2025/01/11 10:43:59.901, 4, 24576, 3176, 21082, 53, 19
2025/01/11 10:44:00.002, 4, 24576, 3176, 21082, 50, 18
2025/01/11 10:44:00.103, 4, 24576, 3176, 21082, 50, 18
2025/01/11 10:44:00.203, 4, 24576, 3176, 21082, 59, 21
2025/01/11 10:44:00.304, 4, 24576, 3176, 21082, 59, 21
2025/01/11 10:44:00.405, 4, 24576, 3176, 21082, 58, 21
2025/01/11 10:44:00.505, 4, 24576, 3176, 21082, 58, 21
2025/01/11 10:44:00.606, 4, 24576, 3176, 21082, 58, 21
2025/01/11 10:44:00.707, 4, 24576, 3176, 21082, 58, 21
2025/01/11 10:44:00.808, 4, 24576, 3176, 21082, 59, 21
2025/01/11 10:44:00.909, 4, 24576, 3176, 21082, 59, 21
2025/01/11 10:44:01.010, 4, 24576, 3176, 21082, 58, 21
2025/01/11 10:44:01.111, 4, 24576, 3176, 21082, 58, 21
2025/01/11 10:44:01.212, 4, 24576, 3176, 21082, 58, 21
2025/01/11 10:44:01.312, 4, 24576, 3176, 21082, 58, 21
2025/01/11 10:44:01.413, 4, 24576, 3176, 21082, 57, 20
2025/01/11 10:44:01.514, 4, 24576, 3176, 21082, 57, 20
2025/01/11 10:44:01.614, 4, 24576, 3176, 21082, 59, 21
2025/01/11 10:44:01.715, 4, 24576, 3176, 21082, 59, 21
2025/01/11 10:44:01.816, 4, 24576, 3176, 21082, 58, 21
2025/01/11 10:44:01.917, 4, 24576, 3176, 21082, 58, 21
2025/01/11 10:44:02.017, 4, 24576, 3176, 21082, 60, 21
2025/01/11 10:44:02.118, 4, 24576, 3176, 21082, 60, 21
2025/01/11 10:44:02.218, 4, 24576, 3176, 21082, 57, 21
2025/01/11 10:44:02.319, 4, 24576, 3176, 21082, 57, 21
2025/01/11 10:44:02.420, 4, 24576, 3176, 21082, 59, 21
2025/01/11 10:44:02.520, 4, 24576, 3176, 21082, 59, 21
2025/01/11 10:44:02.621, 4, 24576, 3176, 21082, 56, 20
2025/01/11 10:44:02.722, 4, 24576, 3176, 21082, 56, 20
2025/01/11 10:44:02.823, 4, 24576, 3176, 21082, 59, 22
2025/01/11 10:44:02.923, 4, 24576, 3176, 21082, 59, 22
2025/01/11 10:44:03.024, 4, 24576, 3176, 21082, 58, 21
2025/01/11 10:44:03.124, 4, 24576, 3176, 21082, 58, 21
2025/01/11 10:44:03.225, 4, 24576, 3176, 21082, 51, 18
2025/01/11 10:44:03.326, 4, 24576, 3176, 21082, 51, 18
2025/01/11 10:44:03.427, 4, 24576, 3176, 21082, 46, 16
2025/01/11 10:44:03.528, 4, 24576, 3176, 21082, 46, 16
2025/01/11 10:44:03.629, 4, 24576, 3176, 21082, 52, 18
2025/01/11 10:44:03.730, 4, 24576, 3176, 21082, 52, 18
2025/01/11 10:44:03.830, 4, 24576, 3176, 21082, 47, 17
2025/01/11 10:44:03.931, 4, 24576, 3176, 21082, 47, 17
2025/01/11 10:44:04.032, 4, 24576, 3176, 21082, 51, 18
2025/01/11 10:44:04.132, 4, 24576, 3176, 21082, 51, 18
2025/01/11 10:44:04.233, 4, 24576, 3176, 21082, 51, 18
2025/01/11 10:44:04.334, 4, 24576, 3176, 21082, 51, 18
2025/01/11 10:44:04.435, 4, 24576, 3176, 21082, 50, 18
2025/01/11 10:44:04.535, 4, 24576, 3176, 21082, 50, 18
2025/01/11 10:44:04.637, 4, 24576, 3176, 21082, 51, 21
2025/01/11 10:44:04.738, 4, 24576, 3176, 21082, 51, 21
2025/01/11 10:44:04.838, 4, 24576, 3176, 21082, 51, 18
2025/01/11 10:44:04.939, 4, 24576, 3176, 21082, 51, 18
2025/01/11 10:44:05.040, 4, 24576, 3176, 21082, 52, 19
2025/01/11 10:44:05.141, 4, 24576, 3176, 21082, 52, 19
2025/01/11 10:44:05.241, 4, 24576, 3176, 21082, 52, 19
2025/01/11 10:44:05.342, 4, 24576, 3176, 21082, 52, 19
2025/01/11 10:44:05.443, 4, 24576, 3176, 21082, 52, 19
2025/01/11 10:44:05.543, 4, 24576, 3176, 21082, 52, 19
2025/01/11 10:44:05.644, 4, 24576, 3176, 21082, 51, 18
2025/01/11 10:44:05.746, 4, 24576, 3176, 21082, 51, 18
2025/01/11 10:44:05.847, 4, 24576, 3176, 21082, 50, 18
2025/01/11 10:44:05.947, 4, 24576, 3176, 21082, 50, 18
2025/01/11 10:44:06.048, 4, 24576, 3176, 21082, 47, 17
2025/01/11 10:44:06.149, 4, 24576, 3176, 21082, 47, 17
2025/01/11 10:44:06.250, 4, 24576, 3176, 21082, 50, 18
2025/01/11 10:44:06.350, 4, 24576, 3176, 21082, 50, 18
2025/01/11 10:44:06.451, 4, 24576, 3176, 21082, 58, 21
2025/01/11 10:44:06.552, 4, 24576, 3176, 21082, 58, 21
2025/01/11 10:44:06.652, 4, 24576, 3176, 21082, 60, 22
2025/01/11 10:44:06.753, 4, 24576, 3176, 21082, 60, 22
2025/01/11 10:44:06.854, 4, 24576, 3176, 21082, 56, 20
2025/01/11 10:44:06.955, 4, 24576, 3176, 21082, 56, 20
2025/01/11 10:44:07.055, 4, 24576, 3176, 21082, 59, 22
2025/01/11 10:44:07.156, 4, 24576, 3176, 21082, 59, 22
2025/01/11 10:44:07.257, 4, 24576, 3176, 21082, 58, 21
2025/01/11 10:44:07.358, 4, 24576, 3176, 21082, 58, 21
2025/01/11 10:44:07.458, 4, 24576, 3176, 21082, 57, 21
2025/01/11 10:44:07.559, 4, 24576, 3176, 21082, 57, 21
2025/01/11 10:44:07.660, 4, 24576, 3176, 21082, 57, 21
2025/01/11 10:44:07.762, 4, 24576, 3176, 21082, 57, 21
2025/01/11 10:44:07.863, 4, 24576, 3176, 21082, 58, 21
2025/01/11 10:44:07.964, 4, 24576, 3176, 21082, 59, 21
2025/01/11 10:44:08.067, 4, 24576, 3176, 21082, 59, 21
2025/01/11 10:44:08.168, 4, 24576, 3176, 21082, 58, 21
2025/01/11 10:44:08.269, 4, 24576, 3176, 21082, 58, 21
2025/01/11 10:44:08.370, 4, 24576, 3176, 21082, 58, 21
2025/01/11 10:44:08.471, 4, 24576, 3176, 21082, 58, 21
2025/01/11 10:44:08.572, 4, 24576, 3176, 21082, 59, 21
2025/01/11 10:44:08.672, 4, 24576, 3176, 21082, 59, 21
2025/01/11 10:44:08.773, 4, 24576, 3176, 21082, 56, 20
2025/01/11 10:44:08.874, 4, 24576, 3176, 21082, 56, 20
2025/01/11 10:44:08.974, 4, 24576, 3176, 21082, 59, 22
2025/01/11 10:44:09.075, 4, 24576, 3176, 21082, 59, 22
2025/01/11 10:44:09.176, 4, 24576, 3176, 21082, 58, 21
2025/01/11 10:44:09.277, 4, 24576, 3176, 21082, 58, 21
2025/01/11 10:44:09.377, 4, 24576, 3176, 21082, 60, 21
2025/01/11 10:44:09.478, 4, 24576, 3176, 21082, 60, 21
2025/01/11 10:44:09.579, 4, 24576, 3176, 21082, 61, 22
2025/01/11 10:44:09.679, 4, 24576, 3176, 21082, 61, 22
2025/01/11 10:44:09.780, 4, 24576, 3176, 21082, 58, 21
2025/01/11 10:44:09.881, 4, 24576, 3176, 21082, 58, 21
2025/01/11 10:44:09.981, 4, 24576, 3176, 21082, 57, 21
2025/01/11 10:44:10.084, 4, 24576, 3176, 21082, 57, 21
2025/01/11 10:44:10.185, 4, 24576, 3176, 21082, 59, 22
2025/01/11 10:44:10.286, 4, 24576, 3176, 21082, 59, 22
2025/01/11 10:44:10.387, 4, 24576, 3176, 21082, 59, 24
2025/01/11 10:44:10.488, 4, 24576, 3176, 21082, 59, 24
2025/01/11 10:44:10.588, 4, 24576, 3176, 21082, 61, 22
2025/01/11 10:44:10.689, 4, 24576, 3176, 21082, 61, 22
2025/01/11 10:44:10.790, 4, 24576, 3176, 21082, 57, 20
2025/01/11 10:44:10.891, 4, 24576, 3176, 21082, 57, 20
2025/01/11 10:44:10.991, 4, 24576, 3176, 21082, 57, 21
2025/01/11 10:44:11.092, 4, 24576, 3176, 21082, 57, 21
2025/01/11 10:44:11.193, 4, 24576, 3176, 21082, 60, 21
2025/01/11 10:44:11.294, 4, 24576, 3176, 21082, 60, 21
2025/01/11 10:44:11.395, 4, 24576, 3176, 21082, 57, 20
2025/01/11 10:44:11.495, 4, 24576, 3176, 21082, 57, 20
2025/01/11 10:44:11.596, 4, 24576, 3176, 21082, 59, 22
2025/01/11 10:44:11.697, 4, 24576, 3176, 21082, 59, 22
2025/01/11 10:44:11.797, 4, 24576, 3176, 21082, 60, 21
2025/01/11 10:44:11.898, 4, 24576, 3176, 21082, 60, 21
2025/01/11 10:44:11.999, 4, 24576, 3176, 21082, 59, 21
2025/01/11 10:44:12.100, 4, 24576, 3176, 21082, 59, 21
2025/01/11 10:44:12.200, 4, 24576, 3176, 21082, 60, 22
2025/01/11 10:44:12.301, 4, 24576, 3176, 21082, 60, 22
2025/01/11 10:44:12.402, 4, 24576, 3176, 21082, 60, 22
2025/01/11 10:44:12.503, 4, 24576, 3176, 21082, 60, 22
2025/01/11 10:44:12.604, 4, 24576, 3176, 21082, 59, 21
2025/01/11 10:44:12.705, 4, 24576, 3176, 21082, 59, 21
2025/01/11 10:44:12.806, 4, 24576, 3176, 21082, 62, 23
2025/01/11 10:44:12.907, 4, 24576, 3176, 21082, 62, 23
2025/01/11 10:44:13.008, 4, 24576, 3176, 21082, 61, 22
2025/01/11 10:44:13.109, 4, 24576, 3176, 21082, 61, 22
2025/01/11 10:44:13.209, 4, 24576, 3176, 21082, 61, 22
2025/01/11 10:44:13.310, 4, 24576, 3176, 21082, 61, 22
2025/01/11 10:44:13.411, 4, 24576, 3176, 21082, 60, 22
2025/01/11 10:44:13.512, 4, 24576, 3176, 21082, 60, 22
2025/01/11 10:44:13.612, 4, 24576, 3176, 21082, 60, 22
2025/01/11 10:44:13.713, 4, 24576, 3176, 21082, 60, 22
2025/01/11 10:44:13.814, 4, 24576, 3176, 21082, 62, 23
2025/01/11 10:44:13.914, 4, 24576, 3176, 21082, 62, 23
2025/01/11 10:44:14.015, 4, 24576, 3176, 21082, 56, 20
2025/01/11 10:44:14.116, 4, 24576, 3176, 21082, 56, 20
2025/01/11 10:44:14.217, 4, 24576, 3176, 21082, 60, 22
2025/01/11 10:44:14.317, 4, 24576, 3176, 21082, 60, 22
2025/01/11 10:44:14.418, 4, 24576, 3176, 21082, 59, 21
2025/01/11 10:44:14.519, 4, 24576, 3176, 21082, 59, 21
2025/01/11 10:44:14.620, 4, 24576, 3176, 21082, 58, 21
2025/01/11 10:44:14.720, 4, 24576, 3176, 21082, 58, 21
2025/01/11 10:44:14.821, 4, 24576, 3176, 21082, 59, 22
2025/01/11 10:44:14.922, 4, 24576, 3176, 21082, 59, 22
2025/01/11 10:44:15.023, 4, 24576, 3176, 21082, 60, 21
2025/01/11 10:44:15.124, 4, 24576, 3176, 21082, 60, 21
2025/01/11 10:44:15.225, 4, 24576, 3176, 21082, 60, 21
2025/01/11 10:44:15.326, 4, 24576, 3176, 21082, 60, 21
2025/01/11 10:44:15.427, 4, 24576, 3176, 21082, 60, 22
2025/01/11 10:44:15.528, 4, 24576, 3176, 21082, 60, 22
2025/01/11 10:44:15.629, 4, 24576, 3176, 21082, 59, 22
2025/01/11 10:44:15.729, 4, 24576, 3176, 21082, 59, 22
2025/01/11 10:44:15.830, 4, 24576, 3176, 21082, 62, 25
2025/01/11 10:44:15.931, 4, 24576, 3176, 21082, 62, 25
2025/01/11 10:44:16.032, 4, 24576, 3176, 21082, 61, 22
2025/01/11 10:44:16.133, 4, 24576, 3176, 21082, 61, 22
2025/01/11 10:44:16.233, 4, 24576, 3176, 21082, 62, 22
2025/01/11 10:44:16.334, 4, 24576, 3176, 21082, 62, 22
2025/01/11 10:44:16.435, 4, 24576, 3176, 21082, 61, 22
2025/01/11 10:44:16.536, 4, 24576, 3176, 21082, 61, 22
2025/01/11 10:44:16.636, 4, 24576, 3176, 21082, 60, 22
2025/01/11 10:44:16.737, 4, 24576, 3176, 21082, 60, 22
2025/01/11 10:44:16.838, 4, 24576, 3176, 21082, 56, 20
2025/01/11 10:44:16.939, 4, 24576, 3176, 21082, 56, 20
2025/01/11 10:44:17.039, 4, 24576, 3176, 21082, 59, 22
2025/01/11 10:44:17.140, 4, 24576, 3176, 21082, 59, 22
2025/01/11 10:44:17.242, 4, 24576, 3176, 21082, 59, 21
2025/01/11 10:44:17.343, 4, 24576, 3176, 21082, 59, 21
2025/01/11 10:44:17.444, 4, 24576, 3176, 21082, 58, 21
2025/01/11 10:44:17.545, 4, 24576, 3176, 21082, 58, 21
2025/01/11 10:44:17.646, 4, 24576, 3176, 21082, 60, 22
2025/01/11 10:44:17.747, 4, 24576, 3176, 21082, 60, 22
2025/01/11 10:44:17.847, 4, 24576, 3176, 21082, 62, 22
2025/01/11 10:44:17.948, 4, 24576, 3176, 21082, 62, 22
2025/01/11 10:44:18.049, 4, 24576, 3176, 21082, 62, 22
2025/01/11 10:44:18.150, 4, 24576, 3176, 21082, 62, 22
2025/01/11 10:44:18.250, 4, 24576, 3176, 21082, 60, 22
2025/01/11 10:44:18.351, 4, 24576, 3176, 21082, 60, 22
2025/01/11 10:44:18.452, 4, 24576, 3176, 21082, 59, 21
2025/01/11 10:44:18.553, 4, 24576, 3176, 21082, 59, 21
2025/01/11 10:44:18.653, 4, 24576, 3176, 21082, 59, 22
2025/01/11 10:44:18.754, 4, 24576, 3176, 21082, 59, 22
2025/01/11 10:44:18.855, 4, 24576, 3176, 21082, 58, 21
2025/01/11 10:44:18.956, 4, 24576, 3176, 21082, 58, 21
2025/01/11 10:44:19.056, 4, 24576, 3176, 21082, 62, 22
2025/01/11 10:44:19.157, 4, 24576, 3176, 21082, 62, 22
2025/01/11 10:44:19.258, 4, 24576, 3176, 21082, 63, 23
2025/01/11 10:44:19.359, 4, 24576, 3176, 21082, 63, 23
2025/01/11 10:44:19.459, 4, 24576, 3176, 21082, 60, 22
2025/01/11 10:44:19.560, 4, 24576, 3176, 21082, 61, 22
2025/01/11 10:44:19.666, 4, 24576, 3176, 21082, 61, 22
2025/01/11 10:44:19.767, 4, 24576, 3176, 21082, 59, 21
2025/01/11 10:44:19.867, 4, 24576, 3176, 21082, 59, 21
2025/01/11 10:44:19.968, 4, 24576, 3176, 21082, 60, 21
2025/01/11 10:44:20.069, 4, 24576, 3176, 21082, 60, 21
2025/01/11 10:44:20.170, 4, 24576, 3176, 21082, 60, 22
2025/01/11 10:44:20.270, 4, 24576, 3176, 21082, 60, 22
2025/01/11 10:44:20.371, 4, 24576, 3176, 21082, 59, 21
2025/01/11 10:44:20.472, 4, 24576, 3176, 21082, 59, 21
2025/01/11 10:44:20.573, 4, 24576, 3176, 21082, 58, 21
2025/01/11 10:44:20.673, 4, 24576, 3176, 21082, 58, 21
2025/01/11 10:44:20.774, 4, 24576, 3176, 21082, 60, 22
2025/01/11 10:44:20.875, 4, 24576, 3176, 21082, 60, 22
2025/01/11 10:44:20.976, 4, 24576, 3176, 21082, 59, 21
2025/01/11 10:44:21.076, 4, 24576, 3176, 21082, 59, 21
2025/01/11 10:44:21.177, 4, 24576, 3176, 21082, 60, 24
2025/01/11 10:44:21.278, 4, 24576, 3176, 21082, 60, 24
2025/01/11 10:44:21.379, 4, 24576, 3176, 21082, 61, 22
2025/01/11 10:44:21.480, 4, 24576, 3176, 21082, 61, 22
2025/01/11 10:44:21.581, 4, 24576, 3176, 21082, 57, 21
2025/01/11 10:44:21.682, 4, 24576, 3176, 21082, 57, 21
2025/01/11 10:44:21.783, 4, 24576, 3176, 21082, 58, 21
2025/01/11 10:44:21.884, 4, 24576, 3176, 21082, 58, 21
2025/01/11 10:44:21.985, 4, 24576, 3176, 21082, 59, 21
2025/01/11 10:44:22.085, 4, 24576, 3176, 21082, 59, 21
2025/01/11 10:44:22.186, 4, 24576, 3176, 21082, 59, 21
2025/01/11 10:44:22.287, 4, 24576, 3176, 21082, 59, 21
2025/01/11 10:44:22.388, 4, 24576, 3176, 21082, 59, 21
2025/01/11 10:44:22.489, 4, 24576, 3176, 21082, 59, 21
2025/01/11 10:44:22.589, 4, 24576, 3176, 21082, 61, 22
2025/01/11 10:44:22.690, 4, 24576, 3176, 21082, 61, 22
2025/01/11 10:44:22.791, 4, 24576, 3176, 21082, 58, 21
2025/01/11 10:44:22.891, 4, 24576, 3176, 21082, 58, 21
2025/01/11 10:44:22.992, 4, 24576, 3176, 21082, 59, 21
2025/01/11 10:44:23.093, 4, 24576, 3176, 21082, 59, 21
2025/01/11 10:44:23.193, 4, 24576, 3176, 21082, 60, 22
2025/01/11 10:44:23.294, 4, 24576, 3176, 21082, 60, 22
2025/01/11 10:44:23.395, 4, 24576, 3176, 21082, 60, 21
2025/01/11 10:44:23.495, 4, 24576, 3176, 21082, 60, 21
2025/01/11 10:44:23.596, 4, 24576, 3176, 21082, 59, 21
2025/01/11 10:44:23.697, 4, 24576, 3176, 21082, 59, 21
2025/01/11 10:44:23.797, 4, 24576, 3176, 21082, 60, 22
2025/01/11 10:44:23.898, 4, 24576, 3176, 21082, 60, 22
2025/01/11 10:44:23.999, 4, 24576, 3176, 21082, 58, 21
2025/01/11 10:44:24.100, 4, 24576, 3176, 21082, 58, 21
2025/01/11 10:44:24.201, 4, 24576, 3176, 21082, 60, 22
2025/01/11 10:44:24.302, 4, 24576, 3176, 21082, 60, 22
2025/01/11 10:44:24.403, 4, 24576, 3176, 21082, 59, 21
2025/01/11 10:44:24.504, 4, 24576, 3176, 21082, 59, 21
2025/01/11 10:44:24.605, 4, 24576, 3176, 21082, 60, 22
2025/01/11 10:44:24.705, 4, 24576, 3176, 21082, 60, 22
2025/01/11 10:44:24.808, 4, 24576, 3176, 21082, 55, 19
2025/01/11 10:44:24.908, 4, 24576, 3176, 21082, 55, 19
2025/01/11 10:44:25.009, 4, 24576, 3176, 21082, 61, 22
2025/01/11 10:44:25.110, 4, 24576, 3176, 21082, 61, 22
2025/01/11 10:44:25.211, 4, 24576, 3176, 21082, 61, 22
2025/01/11 10:44:25.311, 4, 24576, 3176, 21082, 61, 22
2025/01/11 10:44:25.413, 4, 24576, 3176, 21082, 61, 22
2025/01/11 10:44:25.514, 4, 24576, 3176, 21082, 61, 22
2025/01/11 10:44:25.615, 4, 24576, 3176, 21082, 56, 20
2025/01/11 10:44:25.715, 4, 24576, 3176, 21082, 56, 20
2025/01/11 10:44:25.816, 4, 24576, 3176, 21082, 60, 22
2025/01/11 10:44:25.917, 4, 24576, 3176, 21082, 60, 22
2025/01/11 10:44:26.017, 4, 24576, 3176, 21082, 61, 22
2025/01/11 10:44:26.118, 4, 24576, 3176, 21082, 61, 22
2025/01/11 10:44:26.219, 4, 24576, 3176, 21082, 58, 21
2025/01/11 10:44:26.320, 4, 24576, 3176, 21082, 58, 21
2025/01/11 10:44:26.421, 4, 24576, 3176, 21082, 60, 22
2025/01/11 10:44:26.522, 4, 24576, 3176, 21082, 60, 22
2025/01/11 10:44:26.623, 4, 24576, 3176, 21082, 60, 24
2025/01/11 10:44:26.724, 4, 24576, 3176, 21082, 60, 24
2025/01/11 10:44:26.825, 4, 24576, 3176, 21082, 60, 22
2025/01/11 10:44:26.926, 4, 24576, 3176, 21082, 60, 22
2025/01/11 10:44:27.026, 4, 24576, 3176, 21082, 59, 22
2025/01/11 10:44:27.127, 4, 24576, 3176, 21082, 59, 22
2025/01/11 10:44:27.228, 4, 24576, 3176, 21082, 59, 21
2025/01/11 10:44:27.328, 4, 24576, 3176, 21082, 59, 21
2025/01/11 10:44:27.429, 4, 24576, 3176, 21082, 59, 21
2025/01/11 10:44:27.530, 4, 24576, 3176, 21082, 59, 21
2025/01/11 10:44:27.631, 4, 24576, 3176, 21082, 58, 21
2025/01/11 10:44:27.731, 4, 24576, 3176, 21082, 58, 21
2025/01/11 10:44:27.832, 4, 24576, 3176, 21082, 57, 20
2025/01/11 10:44:27.933, 4, 24576, 3176, 21082, 57, 20
2025/01/11 10:44:28.033, 4, 24576, 3176, 21082, 60, 22
2025/01/11 10:44:28.134, 4, 24576, 3176, 21082, 60, 22
2025/01/11 10:44:28.235, 4, 24576, 3176, 21082, 60, 22
2025/01/11 10:44:28.335, 4, 24576, 3176, 21082, 60, 22
2025/01/11 10:44:28.436, 4, 24576, 3176, 21082, 62, 22
2025/01/11 10:44:28.537, 4, 24576, 3176, 21082, 62, 22
2025/01/11 10:44:28.638, 4, 24576, 3176, 21082, 54, 20
2025/01/11 10:44:28.739, 4, 24576, 3176, 21082, 54, 20
2025/01/11 10:44:28.840, 4, 24576, 3176, 21082, 55, 20
2025/01/11 10:44:28.941, 4, 24576, 3176, 21082, 55, 20
2025/01/11 10:44:29.041, 4, 24576, 3176, 21082, 59, 21
2025/01/11 10:44:29.143, 4, 24576, 3176, 21082, 59, 21
2025/01/11 10:44:29.244, 4, 24576, 3176, 21082, 61, 22
2025/01/11 10:44:29.344, 4, 24576, 3176, 21082, 61, 22
2025/01/11 10:44:29.445, 4, 24576, 3176, 21082, 59, 21
2025/01/11 10:44:29.546, 4, 24576, 3176, 21082, 59, 21
2025/01/11 10:44:29.647, 4, 24576, 3176, 21082, 58, 21
2025/01/11 10:44:29.747, 4, 24576, 3176, 21082, 58, 21
2025/01/11 10:44:29.848, 4, 24576, 3176, 21082, 61, 22
2025/01/11 10:44:29.949, 4, 24576, 3176, 21082, 61, 22
2025/01/11 10:44:30.050, 4, 24576, 3176, 21082, 61, 22
2025/01/11 10:44:30.150, 4, 24576, 3176, 21082, 61, 22
2025/01/11 10:44:30.251, 4, 24576, 3176, 21082, 58, 21
2025/01/11 10:44:30.352, 4, 24576, 3176, 21082, 58, 21
2025/01/11 10:44:30.453, 4, 24576, 3176, 21082, 60, 22
2025/01/11 10:44:30.553, 4, 24576, 3176, 21082, 60, 22
2025/01/11 10:44:30.654, 4, 24576, 3176, 21082, 59, 21
2025/01/11 10:44:30.755, 4, 24576, 3176, 21082, 59, 21
2025/01/11 10:44:30.856, 4, 24576, 3176, 21082, 57, 21
2025/01/11 10:44:30.958, 4, 24576, 3176, 21082, 60, 22
2025/01/11 10:44:31.060, 4, 24576, 3176, 21082, 60, 22
2025/01/11 10:44:31.161, 4, 24576, 3176, 21082, 59, 21
2025/01/11 10:44:31.262, 4, 24576, 3176, 21082, 59, 21
2025/01/11 10:44:31.363, 4, 24576, 3176, 21082, 59, 21
2025/01/11 10:44:31.464, 4, 24576, 3176, 21082, 59, 21
2025/01/11 10:44:31.564, 4, 24576, 3176, 21082, 59, 21
2025/01/11 10:44:31.665, 4, 24576, 3176, 21082, 59, 21
2025/01/11 10:44:31.766, 4, 24576, 3176, 21082, 60, 22
2025/01/11 10:44:31.866, 4, 24576, 3176, 21082, 60, 22
2025/01/11 10:44:31.968, 4, 24576, 3176, 21082, 61, 22
2025/01/11 10:44:32.069, 4, 24576, 3176, 21082, 61, 22
2025/01/11 10:44:32.169, 4, 24576, 3176, 21082, 61, 25
2025/01/11 10:44:32.270, 4, 24576, 3176, 21082, 61, 25
2025/01/11 10:44:32.371, 4, 24576, 3176, 21082, 60, 22
2025/01/11 10:44:32.471, 4, 24576, 3176, 21082, 60, 22
2025/01/11 10:44:32.572, 4, 24576, 3176, 21082, 58, 21
2025/01/11 10:44:32.673, 4, 24576, 3176, 21082, 58, 21
2025/01/11 10:44:32.773, 4, 24576, 3176, 21082, 59, 22
2025/01/11 10:44:32.874, 4, 24576, 3176, 21082, 59, 22
2025/01/11 10:44:32.975, 4, 24576, 3176, 21082, 59, 22
2025/01/11 10:44:33.075, 4, 24576, 3176, 21082, 59, 22
2025/01/11 10:44:33.176, 4, 24576, 3176, 21082, 62, 22
2025/01/11 10:44:33.277, 4, 24576, 3176, 21082, 62, 22
2025/01/11 10:44:33.378, 4, 24576, 3176, 21082, 57, 21
2025/01/11 10:44:33.479, 4, 24576, 3176, 21082, 57, 21
2025/01/11 10:44:33.580, 4, 24576, 3176, 21082, 58, 21
2025/01/11 10:44:33.681, 4, 24576, 3176, 21082, 58, 21
2025/01/11 10:44:33.782, 4, 24576, 3176, 21082, 57, 20
2025/01/11 10:44:33.882, 4, 24576, 3176, 21082, 57, 20
2025/01/11 10:44:33.983, 4, 24576, 3176, 21082, 63, 23
2025/01/11 10:44:34.084, 4, 24576, 3176, 21082, 63, 23
2025/01/11 10:44:34.185, 4, 24576, 3176, 21082, 62, 22
2025/01/11 10:44:34.285, 4, 24576, 3176, 21082, 62, 22
2025/01/11 10:44:34.386, 4, 24576, 3176, 21082, 61, 22
2025/01/11 10:44:34.487, 4, 24576, 3176, 21082, 61, 22
2025/01/11 10:44:34.587, 4, 24576, 3176, 21082, 59, 21
2025/01/11 10:44:34.688, 4, 24576, 3176, 21082, 59, 21
2025/01/11 10:44:34.789, 4, 24576, 3176, 21082, 58, 21
2025/01/11 10:44:34.890, 4, 24576, 3176, 21082, 58, 21
2025/01/11 10:44:34.990, 4, 24576, 3176, 21082, 60, 22
2025/01/11 10:44:35.091, 4, 24576, 3176, 21082, 60, 22
2025/01/11 10:44:35.192, 4, 24576, 3176, 21082, 59, 21
2025/01/11 10:44:35.293, 4, 24576, 3176, 21082, 59, 21
2025/01/11 10:44:35.393, 4, 24576, 3176, 21082, 60, 21
2025/01/11 10:44:35.494, 4, 24576, 3176, 21082, 60, 21
2025/01/11 10:44:35.595, 4, 24576, 3176, 21082, 57, 21
2025/01/11 10:44:35.696, 4, 24576, 3176, 21082, 57, 21
2025/01/11 10:44:35.797, 4, 24576, 3176, 21082, 60, 22
2025/01/11 10:44:35.898, 4, 24576, 3176, 21082, 60, 22
2025/01/11 10:44:35.999, 4, 24576, 3176, 21082, 58, 21
2025/01/11 10:44:36.100, 4, 24576, 3176, 21082, 58, 21
2025/01/11 10:44:36.200, 4, 24576, 3176, 21082, 57, 21
2025/01/11 10:44:36.302, 4, 24576, 3176, 21082, 57, 21
2025/01/11 10:44:36.403, 4, 24576, 3176, 21082, 61, 22
2025/01/11 10:44:36.503, 4, 24576, 3176, 21082, 61, 22
2025/01/11 10:44:36.604, 4, 24576, 3176, 21082, 61, 22
2025/01/11 10:44:36.705, 4, 24576, 3176, 21082, 61, 22
2025/01/11 10:44:36.805, 4, 24576, 3176, 21082, 56, 20
2025/01/11 10:44:36.906, 4, 24576, 3176, 21082, 56, 20
2025/01/11 10:44:37.007, 4, 24576, 3176, 21082, 61, 22
2025/01/11 10:44:37.108, 4, 24576, 3176, 21082, 61, 22
2025/01/11 10:44:37.208, 4, 24576, 3176, 21082, 58, 21
2025/01/11 10:44:37.309, 4, 24576, 3176, 21082, 58, 21
2025/01/11 10:44:37.410, 4, 24576, 3176, 21082, 59, 21
2025/01/11 10:44:37.510, 4, 24576, 3176, 21082, 59, 21
2025/01/11 10:44:37.611, 4, 24576, 3176, 21082, 56, 23
2025/01/11 10:44:37.712, 4, 24576, 3176, 21082, 56, 23
2025/01/11 10:44:37.813, 4, 24576, 3176, 21082, 60, 22
2025/01/11 10:44:37.913, 4, 24576, 3176, 21082, 60, 22
2025/01/11 10:44:38.014, 4, 24576, 3176, 21082, 58, 21
2025/01/11 10:44:38.115, 4, 24576, 3176, 21082, 58, 21
2025/01/11 10:44:38.216, 4, 24576, 3176, 21082, 62, 22
2025/01/11 10:44:38.317, 4, 24576, 3176, 21082, 62, 22
2025/01/11 10:44:38.418, 4, 24576, 3176, 21082, 58, 21
2025/01/11 10:44:38.519, 4, 24576, 3176, 21082, 58, 21
2025/01/11 10:44:38.620, 4, 24576, 3176, 21082, 58, 21
2025/01/11 10:44:38.721, 4, 24576, 3176, 21082, 58, 21
2025/01/11 10:44:38.822, 4, 24576, 3176, 21082, 58, 21
2025/01/11 10:44:38.922, 4, 24576, 3176, 21082, 58, 21
2025/01/11 10:44:39.023, 4, 24576, 3176, 21082, 60, 21
2025/01/11 10:44:39.124, 4, 24576, 3176, 21082, 60, 21
2025/01/11 10:44:39.224, 4, 24576, 3176, 21082, 63, 23
2025/01/11 10:44:39.325, 4, 24576, 3176, 21082, 63, 23
2025/01/11 10:44:39.426, 4, 24576, 3176, 21082, 60, 22
2025/01/11 10:44:39.527, 4, 24576, 3176, 21082, 60, 22
2025/01/11 10:44:39.627, 4, 24576, 3176, 21082, 61, 22
2025/01/11 10:44:39.728, 4, 24576, 3176, 21082, 61, 22
2025/01/11 10:44:39.829, 4, 24576, 3176, 21082, 57, 21
2025/01/11 10:44:39.929, 4, 24576, 3176, 21082, 57, 21
2025/01/11 10:44:40.030, 4, 24576, 3176, 21082, 57, 21
2025/01/11 10:44:40.131, 4, 24576, 3176, 21082, 57, 21
2025/01/11 10:44:40.231, 4, 24576, 3176, 21082, 63, 22
2025/01/11 10:44:40.332, 4, 24576, 3176, 21082, 63, 22
2025/01/11 10:44:40.433, 4, 24576, 3176, 21082, 57, 21
2025/01/11 10:44:40.534, 4, 24576, 3176, 21082, 57, 21
2025/01/11 10:44:40.635, 4, 24576, 3176, 21082, 57, 21
2025/01/11 10:44:40.736, 4, 24576, 3176, 21082, 57, 21
2025/01/11 10:44:40.837, 4, 24576, 3176, 21082, 61, 22
2025/01/11 10:44:40.938, 4, 24576, 3176, 21082, 61, 22
2025/01/11 10:44:41.038, 4, 24576, 3176, 21082, 62, 22
2025/01/11 10:44:41.139, 4, 24576, 3176, 21082, 62, 22
2025/01/11 10:44:41.240, 4, 24576, 3176, 21082, 61, 22
2025/01/11 10:44:41.340, 4, 24576, 3176, 21082, 61, 22
2025/01/11 10:44:41.441, 4, 24576, 3176, 21082, 61, 22
2025/01/11 10:44:41.542, 4, 24576, 3176, 21082, 61, 22
2025/01/11 10:44:41.643, 4, 24576, 3176, 21082, 59, 21
2025/01/11 10:44:41.743, 4, 24576, 3176, 21082, 59, 21
2025/01/11 10:44:41.844, 4, 24576, 3176, 21082, 59, 21
2025/01/11 10:44:41.945, 4, 24576, 3176, 21082, 59, 21
2025/01/11 10:44:42.045, 4, 24576, 3176, 21082, 59, 21
2025/01/11 10:44:42.146, 4, 24576, 3176, 21082, 59, 21
2025/01/11 10:44:42.247, 4, 24576, 3176, 21082, 61, 22
2025/01/11 10:44:42.348, 4, 24576, 3176, 21082, 61, 22
2025/01/11 10:44:42.448, 4, 24576, 3176, 21082, 63, 23
2025/01/11 10:44:42.549, 4, 24576, 3176, 21082, 63, 23
2025/01/11 10:44:42.650, 4, 24576, 3176, 21082, 59, 21
2025/01/11 10:44:42.750, 4, 24576, 3176, 21082, 59, 21
2025/01/11 10:44:42.851, 4, 24576, 3176, 21082, 56, 20
2025/01/11 10:44:42.952, 4, 24576, 3176, 21082, 56, 20
2025/01/11 10:44:43.053, 4, 24576, 3176, 21082, 64, 26
2025/01/11 10:44:43.154, 4, 24576, 3176, 21082, 54, 19
2025/01/11 10:44:43.257, 4, 24576, 3176, 21082, 54, 19
2025/01/11 10:44:43.358, 4, 24576, 3176, 21082, 59, 22
2025/01/11 10:44:43.459, 4, 24576, 3176, 21082, 59, 22
2025/01/11 10:44:43.560, 4, 24576, 3176, 21082, 58, 21
2025/01/11 10:44:43.660, 4, 24576, 3176, 21082, 58, 21
2025/01/11 10:44:43.761, 4, 24576, 3176, 21082, 56, 21
2025/01/11 10:44:43.862, 4, 24576, 3176, 21082, 56, 21
2025/01/11 10:44:43.962, 4, 24576, 3176, 21082, 60, 22
2025/01/11 10:44:44.063, 4, 24576, 3176, 21082, 60, 22
2025/01/11 10:44:44.164, 4, 24576, 3176, 21082, 58, 21
2025/01/11 10:44:44.265, 4, 24576, 3176, 21082, 58, 21
2025/01/11 10:44:44.366, 4, 24576, 3176, 21082, 58, 21
2025/01/11 10:44:44.467, 4, 24576, 3176, 21082, 58, 21
2025/01/11 10:44:44.567, 4, 24576, 3176, 21082, 57, 20
2025/01/11 10:44:44.668, 4, 24576, 3176, 21082, 57, 20
2025/01/11 10:44:44.769, 4, 24576, 3176, 21082, 57, 21
2025/01/11 10:44:44.869, 4, 24576, 3176, 21082, 57, 21
2025/01/11 10:44:44.970, 4, 24576, 3176, 21082, 62, 22
2025/01/11 10:44:45.071, 4, 24576, 3176, 21082, 62, 22
2025/01/11 10:44:45.171, 4, 24576, 3176, 21082, 57, 21
2025/01/11 10:44:45.272, 4, 24576, 3176, 21082, 57, 21
2025/01/11 10:44:45.373, 4, 24576, 3176, 21082, 57, 21
2025/01/11 10:44:45.474, 4, 24576, 3176, 21082, 57, 21
2025/01/11 10:44:45.575, 4, 24576, 3176, 21082, 59, 21
2025/01/11 10:44:45.676, 4, 24576, 3176, 21082, 59, 21
2025/01/11 10:44:45.777, 4, 24576, 3176, 21082, 61, 22
2025/01/11 10:44:45.878, 4, 24576, 3176, 21082, 61, 22
2025/01/11 10:44:45.978, 4, 24576, 3176, 21082, 62, 22
2025/01/11 10:44:46.079, 4, 24576, 3176, 21082, 62, 22
2025/01/11 10:44:46.180, 4, 24576, 3176, 21082, 60, 22
2025/01/11 10:44:46.281, 4, 24576, 3176, 21082, 60, 22
2025/01/11 10:44:46.381, 4, 24576, 3176, 21082, 57, 21
2025/01/11 10:44:46.483, 4, 24576, 3176, 21082, 57, 21
2025/01/11 10:44:46.584, 4, 24576, 3176, 21082, 54, 19
2025/01/11 10:44:46.685, 4, 24576, 3176, 21082, 54, 19
2025/01/11 10:44:46.785, 4, 24576, 3176, 21082, 55, 20
2025/01/11 10:44:46.886, 4, 24576, 3176, 21082, 55, 20
2025/01/11 10:44:46.987, 4, 24576, 3176, 21082, 60, 22
2025/01/11 10:44:47.087, 4, 24576, 3176, 21082, 60, 22
2025/01/11 10:44:47.188, 4, 24576, 3176, 21082, 62, 22
2025/01/11 10:44:47.289, 4, 24576, 3176, 21082, 62, 22
2025/01/11 10:44:47.389, 4, 24576, 3176, 21082, 55, 20
2025/01/11 10:44:47.490, 4, 24576, 3176, 21082, 55, 20
2025/01/11 10:44:47.591, 4, 24576, 3176, 21082, 60, 22
2025/01/11 10:44:47.692, 4, 24576, 3176, 21082, 60, 22
2025/01/11 10:44:47.793, 4, 24576, 3176, 21082, 54, 19
2025/01/11 10:44:47.894, 4, 24576, 3176, 21082, 54, 19
2025/01/11 10:44:47.995, 4, 24576, 3176, 21082, 60, 22
2025/01/11 10:44:48.096, 4, 24576, 3176, 21082, 60, 22
2025/01/11 10:44:48.197, 4, 24576, 3176, 21082, 59, 21
2025/01/11 10:44:48.297, 4, 24576, 3176, 21082, 59, 21
2025/01/11 10:44:48.398, 4, 24576, 3176, 21082, 59, 21
2025/01/11 10:44:48.499, 4, 24576, 3176, 21082, 59, 21
2025/01/11 10:44:48.600, 4, 24576, 3176, 21082, 61, 25
2025/01/11 10:44:48.700, 4, 24576, 3176, 21082, 61, 25
2025/01/11 10:44:48.801, 4, 24576, 3176, 21082, 53, 19
2025/01/11 10:44:48.902, 4, 24576, 3176, 21082, 53, 19
2025/01/11 10:44:49.003, 4, 24576, 3176, 21082, 60, 21
2025/01/11 10:44:49.103, 4, 24576, 3176, 21082, 60, 21
2025/01/11 10:44:49.204, 4, 24576, 3176, 21082, 57, 21
2025/01/11 10:44:49.305, 4, 24576, 3176, 21082, 57, 21
2025/01/11 10:44:49.407, 4, 24576, 3176, 21082, 56, 20
2025/01/11 10:44:49.507, 4, 24576, 3176, 21082, 56, 20
2025/01/11 10:44:49.608, 4, 24576, 3176, 21082, 52, 19
2025/01/11 10:44:49.709, 4, 24576, 3176, 21082, 52, 19
2025/01/11 10:44:49.809, 4, 24576, 3176, 21082, 53, 19
2025/01/11 10:44:49.910, 4, 24576, 3176, 21082, 53, 19
2025/01/11 10:44:50.012, 4, 24576, 3176, 21082, 59, 21
2025/01/11 10:44:50.113, 4, 24576, 3176, 21082, 59, 21
2025/01/11 10:44:50.214, 4, 24576, 3176, 21082, 57, 21
2025/01/11 10:44:50.315, 4, 24576, 3176, 21082, 57, 21
2025/01/11 10:44:50.415, 4, 24576, 3176, 21082, 56, 20
2025/01/11 10:44:50.517, 4, 24576, 3176, 21082, 56, 20
2025/01/11 10:44:50.617, 4, 24576, 3176, 21082, 57, 20
2025/01/11 10:44:50.718, 4, 24576, 3176, 21082, 57, 20
2025/01/11 10:44:50.819, 4, 24576, 3176, 21082, 61, 22
2025/01/11 10:44:50.919, 4, 24576, 3176, 21082, 61, 22
2025/01/11 10:44:51.020, 4, 24576, 3176, 21082, 53, 19
2025/01/11 10:44:51.121, 4, 24576, 3176, 21082, 53, 19
2025/01/11 10:44:51.222, 4, 24576, 3176, 21082, 59, 21
2025/01/11 10:44:51.323, 4, 24576, 3176, 21082, 59, 21
2025/01/11 10:44:51.424, 4, 24576, 3176, 21082, 57, 20
2025/01/11 10:44:51.524, 4, 24576, 3176, 21082, 57, 20
2025/01/11 10:44:51.625, 4, 24576, 3176, 21082, 59, 22
2025/01/11 10:44:51.726, 4, 24576, 3176, 21082, 59, 22
2025/01/11 10:44:51.826, 4, 24576, 3176, 21082, 60, 21
2025/01/11 10:44:51.927, 4, 24576, 3176, 21082, 60, 21
2025/01/11 10:44:52.028, 4, 24576, 3176, 21082, 60, 21
2025/01/11 10:44:52.128, 4, 24576, 3176, 21082, 60, 21
2025/01/11 10:44:52.229, 4, 24576, 3176, 21082, 60, 22
2025/01/11 10:44:52.330, 4, 24576, 3176, 21082, 60, 22
2025/01/11 10:44:52.431, 4, 24576, 3176, 21082, 60, 22
2025/01/11 10:44:52.532, 4, 24576, 3176, 21082, 60, 22
2025/01/11 10:44:52.633, 4, 24576, 3176, 21082, 54, 19
2025/01/11 10:44:52.734, 4, 24576, 3176, 21082, 54, 19
2025/01/11 10:44:52.835, 4, 24576, 3176, 21082, 60, 22
2025/01/11 10:44:52.936, 4, 24576, 3176, 21082, 60, 22
2025/01/11 10:44:53.037, 4, 24576, 3176, 21082, 60, 22
2025/01/11 10:44:53.137, 4, 24576, 3176, 21082, 60, 22
2025/01/11 10:44:53.238, 4, 24576, 3176, 21082, 60, 22
2025/01/11 10:44:53.339, 4, 24576, 3176, 21082, 60, 22
2025/01/11 10:44:53.439, 4, 24576, 3176, 21082, 60, 22
2025/01/11 10:44:53.540, 4, 24576, 3176, 21082, 60, 22
2025/01/11 10:44:53.641, 4, 24576, 3176, 21082, 59, 21
2025/01/11 10:44:53.742, 4, 24576, 3176, 21082, 59, 21
2025/01/11 10:44:53.843, 4, 24576, 3176, 21082, 58, 21
2025/01/11 10:44:53.944, 4, 24576, 3176, 21082, 58, 21
2025/01/11 10:44:54.045, 4, 24576, 3176, 21082, 61, 22
2025/01/11 10:44:54.145, 4, 24576, 3176, 21082, 61, 22
2025/01/11 10:44:54.246, 4, 24576, 3176, 21082, 60, 24
2025/01/11 10:44:54.347, 4, 24576, 3176, 21082, 60, 24
2025/01/11 10:44:54.448, 4, 24576, 3176, 21082, 59, 21
2025/01/11 10:44:54.548, 4, 24576, 3176, 21082, 62, 23
2025/01/11 10:44:54.654, 4, 24576, 3176, 21082, 62, 23
2025/01/11 10:44:54.755, 4, 24576, 3176, 21082, 59, 21
2025/01/11 10:44:54.855, 4, 24576, 3176, 21082, 59, 21
2025/01/11 10:44:54.956, 4, 24576, 3176, 21082, 57, 21
2025/01/11 10:44:55.057, 4, 24576, 3176, 21082, 57, 21
2025/01/11 10:44:55.158, 4, 24576, 3176, 21082, 59, 21
2025/01/11 10:44:55.258, 4, 24576, 3176, 21082, 59, 21
2025/01/11 10:44:55.359, 4, 24576, 3176, 21082, 61, 22
2025/01/11 10:44:55.460, 4, 24576, 3176, 21082, 61, 22
2025/01/11 10:44:55.561, 4, 24576, 3176, 21082, 56, 20
2025/01/11 10:44:55.662, 4, 24576, 3176, 21082, 56, 20
2025/01/11 10:44:55.763, 4, 24576, 3176, 21082, 59, 21
2025/01/11 10:44:55.864, 4, 24576, 3176, 21082, 59, 21
2025/01/11 10:44:55.964, 4, 24576, 3176, 21082, 62, 22
2025/01/11 10:44:56.065, 4, 24576, 3176, 21082, 62, 22
2025/01/11 10:44:56.166, 4, 24576, 3176, 21082, 61, 22
2025/01/11 10:44:56.267, 4, 24576, 3176, 21082, 61, 22
2025/01/11 10:44:56.368, 4, 24576, 3176, 21082, 59, 21
2025/01/11 10:44:56.469, 4, 24576, 3176, 21082, 59, 21
2025/01/11 10:44:56.571, 4, 24576, 3176, 21082, 58, 21
2025/01/11 10:44:56.672, 4, 24576, 3176, 21082, 58, 21
2025/01/11 10:44:56.773, 4, 24576, 3176, 21082, 60, 22
2025/01/11 10:44:56.874, 4, 24576, 3176, 21082, 60, 22
2025/01/11 10:44:56.974, 4, 24576, 3176, 21082, 61, 22
2025/01/11 10:44:57.075, 4, 24576, 3176, 21082, 61, 22
2025/01/11 10:44:57.176, 4, 24576, 3176, 21082, 55, 20
2025/01/11 10:44:57.277, 4, 24576, 3176, 21082, 55, 20
2025/01/11 10:44:57.377, 4, 24576, 3176, 21082, 59, 21
2025/01/11 10:44:57.478, 4, 24576, 3176, 21082, 59, 21
2025/01/11 10:44:57.579, 4, 24576, 3176, 21082, 59, 21
2025/01/11 10:44:57.679, 4, 24576, 3176, 21082, 59, 21
2025/01/11 10:44:57.780, 4, 24576, 3176, 21082, 59, 22
2025/01/11 10:44:57.881, 4, 24576, 3176, 21082, 59, 22
2025/01/11 10:44:57.981, 4, 24576, 3176, 21082, 58, 21
2025/01/11 10:44:58.082, 4, 24576, 3176, 21082, 58, 21
2025/01/11 10:44:58.183, 4, 24576, 3176, 21082, 60, 22
2025/01/11 10:44:58.283, 4, 24576, 3176, 21082, 60, 22
2025/01/11 10:44:58.384, 4, 24576, 3176, 21082, 59, 21
2025/01/11 10:44:58.485, 4, 24576, 3176, 21082, 59, 21
2025/01/11 10:44:58.586, 4, 24576, 3176, 21082, 60, 21
2025/01/11 10:44:58.686, 4, 24576, 3176, 21082, 60, 21
2025/01/11 10:44:58.787, 4, 24576, 3176, 21082, 57, 21
2025/01/11 10:44:58.888, 4, 24576, 3176, 21082, 57, 21
2025/01/11 10:44:58.989, 4, 24576, 3176, 21082, 59, 21
2025/01/11 10:44:59.089, 4, 24576, 3176, 21082, 59, 21
2025/01/11 10:44:59.190, 4, 24576, 3176, 21082, 58, 21
2025/01/11 10:44:59.291, 4, 24576, 3176, 21082, 58, 21
2025/01/11 10:44:59.392, 4, 24576, 3176, 21082, 57, 21
2025/01/11 10:44:59.493, 4, 24576, 3176, 21082, 57, 21
2025/01/11 10:44:59.594, 4, 24576, 3176, 21082, 53, 19
2025/01/11 10:44:59.694, 4, 24576, 3176, 21082, 53, 19
2025/01/11 10:44:59.795, 4, 24576, 3176, 21082, 57, 23
2025/01/11 10:44:59.896, 4, 24576, 3176, 21082, 57, 23
2025/01/11 10:44:59.996, 4, 24576, 3176, 21082, 59, 22
2025/01/11 10:45:00.097, 4, 24576, 3176, 21082, 59, 22
2025/01/11 10:45:00.198, 4, 24576, 3176, 21082, 55, 20
2025/01/11 10:45:00.299, 4, 24576, 3176, 21082, 55, 20
2025/01/11 10:45:00.399, 4, 24576, 3176, 21082, 61, 22
2025/01/11 10:45:00.500, 4, 24576, 3176, 21082, 61, 22
2025/01/11 10:45:00.601, 4, 24576, 3176, 21082, 55, 20
2025/01/11 10:45:00.701, 4, 24576, 3176, 21082, 55, 20
2025/01/11 10:45:00.802, 4, 24576, 3176, 21082, 57, 21
2025/01/11 10:45:00.903, 4, 24576, 3176, 21082, 57, 21
2025/01/11 10:45:01.003, 4, 24576, 3176, 21082, 58, 21
2025/01/11 10:45:01.104, 4, 24576, 3176, 21082, 58, 21
2025/01/11 10:45:01.205, 4, 24576, 3176, 21082, 60, 22
2025/01/11 10:45:01.306, 4, 24576, 3176, 21082, 60, 22
2025/01/11 10:45:01.406, 4, 24576, 3176, 21082, 58, 21
2025/01/11 10:45:01.507, 4, 24576, 3176, 21082, 58, 21
2025/01/11 10:45:01.608, 4, 24576, 3176, 21082, 59, 21
2025/01/11 10:45:01.710, 4, 24576, 3176, 21082, 59, 21
2025/01/11 10:45:01.812, 4, 24576, 3176, 21082, 60, 22
2025/01/11 10:45:01.913, 4, 24576, 3176, 21082, 60, 22
2025/01/11 10:45:02.013, 4, 24576, 3176, 21082, 59, 21
2025/01/11 10:45:02.114, 4, 24576, 3176, 21082, 59, 21
2025/01/11 10:45:02.215, 4, 24576, 3176, 21082, 61, 22
2025/01/11 10:45:02.315, 4, 24576, 3176, 21082, 61, 22
2025/01/11 10:45:02.416, 4, 24576, 3176, 21082, 59, 21
2025/01/11 10:45:02.517, 4, 24576, 3176, 21082, 59, 21
2025/01/11 10:45:02.618, 4, 24576, 3176, 21082, 52, 15
2025/01/11 10:45:02.718, 4, 24576, 3176, 21082, 52, 15
2025/01/11 10:45:02.819, 4, 24576, 3176, 21082, 54, 14
2025/01/11 10:45:02.920, 4, 24576, 3176, 21082, 54, 14
2025/01/11 10:45:03.020, 4, 24576, 3176, 21082, 54, 14
2025/01/11 10:45:03.121, 4, 24576, 3176, 21082, 54, 14
2025/01/11 10:45:03.222, 4, 24576, 3176, 21082, 54, 14
2025/01/11 10:45:03.323, 4, 24576, 3176, 21082, 54, 14
2025/01/11 10:45:03.423, 4, 24576, 3176, 21082, 54, 14
2025/01/11 10:45:03.524, 4, 24576, 3176, 21082, 54, 14
2025/01/11 10:45:03.625, 4, 24576, 3176, 21082, 53, 14
2025/01/11 10:45:03.726, 4, 24576, 3176, 21082, 53, 14
2025/01/11 10:45:03.827, 4, 24576, 3176, 21082, 54, 14
2025/01/11 10:45:03.928, 4, 24576, 3176, 21082, 54, 14
2025/01/11 10:45:04.028, 4, 24576, 3176, 21082, 54, 15
2025/01/11 10:45:04.129, 4, 24576, 3176, 21082, 54, 15
2025/01/11 10:45:04.230, 4, 24576, 3176, 21082, 54, 15
2025/01/11 10:45:04.331, 4, 24576, 3176, 21082, 54, 15
2025/01/11 10:45:04.432, 4, 24576, 3176, 21082, 53, 14
2025/01/11 10:45:04.533, 4, 24576, 3176, 21082, 53, 14
2025/01/11 10:45:04.634, 4, 24576, 3176, 21082, 53, 14
2025/01/11 10:45:04.734, 4, 24576, 3176, 21082, 53, 14
2025/01/11 10:45:04.835, 4, 24576, 3176, 21082, 53, 14
2025/01/11 10:45:04.936, 4, 24576, 3176, 21082, 53, 14
2025/01/11 10:45:05.036, 4, 24576, 3176, 21082, 54, 14
2025/01/11 10:45:05.137, 4, 24576, 3176, 21082, 54, 14
2025/01/11 10:45:05.238, 4, 24576, 3176, 21082, 54, 14
2025/01/11 10:45:05.338, 4, 24576, 3176, 21082, 54, 14
2025/01/11 10:45:05.439, 4, 24576, 3176, 21082, 33, 8
2025/01/11 10:45:05.540, 4, 24576, 3176, 21082, 33, 8
2025/01/11 10:45:05.641, 4, 24576, 3176, 21082, 8, 0
2025/01/11 10:45:05.741, 4, 24576, 3176, 21082, 8, 0
2025/01/11 10:45:05.842, 4, 24576, 3176, 21082, 6, 0
2025/01/11 10:45:05.943, 4, 24576, 3176, 21082, 6, 0
2025/01/11 10:45:06.044, 4, 24576, 3176, 21082, 54, 19
2025/01/11 10:45:06.146, 4, 24576, 3176, 21082, 58, 21
2025/01/11 10:45:06.250, 4, 24576, 3176, 21082, 58, 21
2025/01/11 10:45:06.351, 4, 24576, 3176, 21082, 56, 20
2025/01/11 10:45:06.452, 4, 24576, 3176, 21082, 56, 20
2025/01/11 10:45:06.553, 4, 24576, 3176, 21082, 60, 22
2025/01/11 10:45:06.653, 4, 24576, 3176, 21082, 60, 22
2025/01/11 10:45:06.754, 4, 24576, 3176, 21082, 60, 21
2025/01/11 10:45:06.855, 4, 24576, 3176, 21082, 60, 21
2025/01/11 10:45:06.956, 4, 24576, 3176, 21082, 58, 21
2025/01/11 10:45:07.056, 4, 24576, 3176, 21082, 58, 21
2025/01/11 10:45:07.157, 4, 24576, 3176, 21082, 58, 21
2025/01/11 10:45:07.258, 4, 24576, 3176, 21082, 58, 21
2025/01/11 10:45:07.359, 4, 24576, 3176, 21082, 57, 20
2025/01/11 10:45:07.459, 4, 24576, 3176, 21082, 57, 20
2025/01/11 10:45:07.560, 4, 24576, 3176, 21082, 57, 21
2025/01/11 10:45:07.661, 4, 24576, 3176, 21082, 57, 21
2025/01/11 10:45:07.761, 4, 24576, 3176, 21082, 58, 21
2025/01/11 10:45:07.863, 4, 24576, 3176, 21082, 58, 21
2025/01/11 10:45:07.963, 4, 24576, 3176, 21082, 60, 21
2025/01/11 10:45:08.064, 4, 24576, 3176, 21082, 60, 21
2025/01/11 10:45:08.165, 4, 24576, 3176, 21082, 61, 22
2025/01/11 10:45:08.266, 4, 24576, 3176, 21082, 61, 22
2025/01/11 10:45:08.367, 4, 24576, 3176, 21082, 61, 22
2025/01/11 10:45:08.468, 4, 24576, 3176, 21082, 61, 22
2025/01/11 10:45:08.569, 4, 24576, 3176, 21082, 60, 24
2025/01/11 10:45:08.670, 4, 24576, 3176, 21082, 60, 24
2025/01/11 10:45:08.771, 4, 24576, 3176, 21082, 56, 20
2025/01/11 10:45:08.872, 4, 24576, 3176, 21082, 56, 20
2025/01/11 10:45:08.973, 4, 24576, 3176, 21082, 60, 22
2025/01/11 10:45:09.073, 4, 24576, 3176, 21082, 60, 22
2025/01/11 10:45:09.174, 4, 24576, 3176, 21082, 58, 21
2025/01/11 10:45:09.275, 4, 24576, 3176, 21082, 58, 21
2025/01/11 10:45:09.376, 4, 24576, 3176, 21082, 61, 22
2025/01/11 10:45:09.476, 4, 24576, 3176, 21082, 61, 22
2025/01/11 10:45:09.577, 4, 24576, 3176, 21082, 58, 21
2025/01/11 10:45:09.678, 4, 24576, 3176, 21082, 58, 21
2025/01/11 10:45:09.779, 4, 24576, 3176, 21082, 56, 20
2025/01/11 10:45:09.879, 4, 24576, 3176, 21082, 56, 20
2025/01/11 10:45:09.980, 4, 24576, 3176, 21082, 62, 22
2025/01/11 10:45:10.081, 4, 24576, 3176, 21082, 62, 22
2025/01/11 10:45:10.181, 4, 24576, 3176, 21082, 57, 20
2025/01/11 10:45:10.282, 4, 24576, 3176, 21082, 57, 20
2025/01/11 10:45:10.383, 4, 24576, 3176, 21082, 57, 21
2025/01/11 10:45:10.483, 4, 24576, 3176, 21082, 57, 21
2025/01/11 10:45:10.584, 4, 24576, 3176, 21082, 60, 21
2025/01/11 10:45:10.685, 4, 24576, 3176, 21082, 60, 21
2025/01/11 10:45:10.786, 4, 24576, 3176, 21082, 57, 21
2025/01/11 10:45:10.887, 4, 24576, 3176, 21082, 57, 21
2025/01/11 10:45:10.988, 4, 24576, 3176, 21082, 59, 21
2025/01/11 10:45:11.089, 4, 24576, 3176, 21082, 59, 21
2025/01/11 10:45:11.190, 4, 24576, 3176, 21082, 59, 21
2025/01/11 10:45:11.291, 4, 24576, 3176, 21082, 59, 21
2025/01/11 10:45:11.391, 4, 24576, 3176, 21082, 59, 21
2025/01/11 10:45:11.492, 4, 24576, 3176, 21082, 59, 21
2025/01/11 10:45:11.593, 4, 24576, 3176, 21082, 60, 22
2025/01/11 10:45:11.693, 4, 24576, 3176, 21082, 60, 22
2025/01/11 10:45:11.794, 4, 24576, 3176, 21082, 61, 22
2025/01/11 10:45:11.895, 4, 24576, 3176, 21082, 61, 22
2025/01/11 10:45:11.996, 4, 24576, 3176, 21082, 57, 20
2025/01/11 10:45:12.096, 4, 24576, 3176, 21082, 57, 20
2025/01/11 10:45:12.197, 4, 24576, 3176, 21082, 61, 22
2025/01/11 10:45:12.298, 4, 24576, 3176, 21082, 61, 22
2025/01/11 10:45:12.398, 4, 24576, 3176, 21082, 63, 23
2025/01/11 10:45:12.499, 4, 24576, 3176, 21082, 63, 23
2025/01/11 10:45:12.600, 4, 24576, 3176, 21082, 61, 22
2025/01/11 10:45:12.701, 4, 24576, 3176, 21082, 61, 22
2025/01/11 10:45:12.801, 4, 24576, 3176, 21082, 58, 21
2025/01/11 10:45:12.902, 4, 24576, 3176, 21082, 58, 21
2025/01/11 10:45:13.004, 4, 24576, 3176, 21082, 59, 21
2025/01/11 10:45:13.105, 4, 24576, 3176, 21082, 59, 21
2025/01/11 10:45:13.206, 4, 24576, 3176, 21082, 59, 21
2025/01/11 10:45:13.307, 4, 24576, 3176, 21082, 59, 21
2025/01/11 10:45:13.408, 4, 24576, 3176, 21082, 55, 20
2025/01/11 10:45:13.509, 4, 24576, 3176, 21082, 55, 20
2025/01/11 10:45:13.610, 4, 24576, 3176, 21082, 60, 22
2025/01/11 10:45:13.711, 4, 24576, 3176, 21082, 60, 22
2025/01/11 10:45:13.812, 4, 24576, 3176, 21082, 58, 21
2025/01/11 10:45:13.912, 4, 24576, 3176, 21082, 58, 21
2025/01/11 10:45:14.013, 4, 24576, 3176, 21082, 58, 21
2025/01/11 10:45:14.114, 4, 24576, 3176, 21082, 58, 21
2025/01/11 10:45:14.214, 4, 24576, 3176, 21082, 58, 24
2025/01/11 10:45:14.315, 4, 24576, 3176, 21082, 58, 24
2025/01/11 10:45:14.416, 4, 24576, 3176, 21082, 61, 22
2025/01/11 10:45:14.517, 4, 24576, 3176, 21082, 61, 22
2025/01/11 10:45:14.617, 4, 24576, 3176, 21082, 59, 21
2025/01/11 10:45:14.718, 4, 24576, 3176, 21082, 59, 21
2025/01/11 10:45:14.819, 4, 24576, 3176, 21082, 54, 19
2025/01/11 10:45:14.920, 4, 24576, 3176, 21082, 54, 19
2025/01/11 10:45:15.020, 4, 24576, 3176, 21082, 61, 22
2025/01/11 10:45:15.121, 4, 24576, 3176, 21082, 61, 22
2025/01/11 10:45:15.222, 4, 24576, 3176, 21082, 55, 19
2025/01/11 10:45:15.323, 4, 24576, 3176, 21082, 55, 19
2025/01/11 10:45:15.424, 4, 24576, 3176, 21082, 51, 18
2025/01/11 10:45:15.525, 4, 24576, 3176, 21082, 51, 18
2025/01/11 10:45:15.626, 4, 24576, 3176, 21082, 61, 22
2025/01/11 10:45:15.727, 4, 24576, 3176, 21082, 61, 22
2025/01/11 10:45:15.828, 4, 24576, 3176, 21082, 59, 21
2025/01/11 10:45:15.929, 4, 24576, 3176, 21082, 59, 21
2025/01/11 10:45:16.030, 4, 24576, 3176, 21082, 57, 21
2025/01/11 10:45:16.131, 4, 24576, 3176, 21082, 57, 21
2025/01/11 10:45:16.231, 4, 24576, 3176, 21082, 59, 21
2025/01/11 10:45:16.332, 4, 24576, 3176, 21082, 59, 21
2025/01/11 10:45:16.433, 4, 24576, 3176, 21082, 60, 22
2025/01/11 10:45:16.534, 4, 24576, 3176, 21082, 60, 22
2025/01/11 10:45:16.634, 4, 24576, 3176, 21082, 55, 20
2025/01/11 10:45:16.735, 4, 24576, 3176, 21082, 55, 20
2025/01/11 10:45:16.836, 4, 24576, 3176, 21082, 60, 22
2025/01/11 10:45:16.936, 4, 24576, 3176, 21082, 60, 22
2025/01/11 10:45:17.037, 4, 24576, 3176, 21082, 58, 21
2025/01/11 10:45:17.138, 4, 24576, 3176, 21082, 58, 21
2025/01/11 10:45:17.239, 4, 24576, 3176, 21082, 59, 21
2025/01/11 10:45:17.340, 4, 24576, 3176, 21082, 59, 21
2025/01/11 10:45:17.441, 4, 24576, 3176, 21082, 59, 21
2025/01/11 10:45:17.541, 4, 24576, 3176, 21082, 59, 21
2025/01/11 10:45:17.642, 4, 24576, 3176, 21082, 55, 20
2025/01/11 10:45:17.743, 4, 24576, 3176, 21082, 60, 22
2025/01/11 10:45:17.846, 4, 24576, 3176, 21082, 60, 22
2025/01/11 10:45:17.947, 4, 24576, 3176, 21082, 56, 20
2025/01/11 10:45:18.048, 4, 24576, 3176, 21082, 56, 20
2025/01/11 10:45:18.149, 4, 24576, 3176, 21082, 58, 21
2025/01/11 10:45:18.250, 4, 24576, 3176, 21082, 58, 21
2025/01/11 10:45:18.350, 4, 24576, 3176, 21082, 61, 22
2025/01/11 10:45:18.451, 4, 24576, 3176, 21082, 61, 22
2025/01/11 10:45:18.552, 4, 24576, 3176, 21082, 54, 20
2025/01/11 10:45:18.653, 4, 24576, 3176, 21082, 54, 20
2025/01/11 10:45:18.753, 4, 24576, 3176, 21082, 60, 22
2025/01/11 10:45:18.854, 4, 24576, 3176, 21082, 60, 22
2025/01/11 10:45:18.955, 4, 24576, 3176, 21082, 62, 22
2025/01/11 10:45:19.055, 4, 24576, 3176, 21082, 62, 22
2025/01/11 10:45:19.156, 4, 24576, 3176, 21082, 57, 20
2025/01/11 10:45:19.257, 4, 24576, 3176, 21082, 57, 20
2025/01/11 10:45:19.358, 4, 24576, 3176, 21082, 55, 20
2025/01/11 10:45:19.458, 4, 24576, 3176, 21082, 55, 20
2025/01/11 10:45:19.559, 4, 24576, 3176, 21082, 54, 19
2025/01/11 10:45:19.660, 4, 24576, 3176, 21082, 54, 19
2025/01/11 10:45:19.760, 4, 24576, 3176, 21082, 58, 24
2025/01/11 10:45:19.861, 4, 24576, 3176, 21082, 58, 24
2025/01/11 10:45:19.962, 4, 24576, 3176, 21082, 63, 22
2025/01/11 10:45:20.063, 4, 24576, 3176, 21082, 63, 22
2025/01/11 10:45:20.164, 4, 24576, 3176, 21082, 60, 22
2025/01/11 10:45:20.265, 4, 24576, 3176, 21082, 60, 22
2025/01/11 10:45:20.366, 4, 24576, 3176, 21082, 59, 21
2025/01/11 10:45:20.467, 4, 24576, 3176, 21082, 59, 21
2025/01/11 10:45:20.568, 4, 24576, 3176, 21082, 61, 22
2025/01/11 10:45:20.669, 4, 24576, 3176, 21082, 61, 22
2025/01/11 10:45:20.769, 4, 24576, 3176, 21082, 56, 20
2025/01/11 10:45:20.870, 4, 24576, 3176, 21082, 56, 20
2025/01/11 10:45:20.971, 4, 24576, 3176, 21082, 55, 20
2025/01/11 10:45:21.071, 4, 24576, 3176, 21082, 55, 20
2025/01/11 10:45:21.172, 4, 24576, 3176, 21082, 52, 19
2025/01/11 10:45:21.273, 4, 24576, 3176, 21082, 52, 19
2025/01/11 10:45:21.374, 4, 24576, 3176, 21082, 55, 20
2025/01/11 10:45:21.474, 4, 24576, 3176, 21082, 55, 20
2025/01/11 10:45:21.575, 4, 24576, 3176, 21082, 50, 18
2025/01/11 10:45:21.676, 4, 24576, 3176, 21082, 50, 18
2025/01/11 10:45:21.776, 4, 24576, 3176, 21082, 60, 22
2025/01/11 10:45:21.877, 4, 24576, 3176, 21082, 60, 22
2025/01/11 10:45:21.978, 4, 24576, 3176, 21082, 60, 21
2025/01/11 10:45:22.079, 4, 24576, 3176, 21082, 60, 21
2025/01/11 10:45:22.179, 4, 24576, 3176, 21082, 59, 21
2025/01/11 10:45:22.281, 4, 24576, 3176, 21082, 59, 21
2025/01/11 10:45:22.382, 4, 24576, 3176, 21082, 60, 22
2025/01/11 10:45:22.483, 4, 24576, 3176, 21082, 60, 22
2025/01/11 10:45:22.584, 4, 24576, 3176, 21082, 56, 20
2025/01/11 10:45:22.684, 4, 24576, 3176, 21082, 56, 20
2025/01/11 10:45:22.787, 4, 24576, 3176, 21082, 61, 22
2025/01/11 10:45:22.888, 4, 24576, 3176, 21082, 61, 22
2025/01/11 10:45:22.988, 4, 24576, 3176, 21082, 57, 21
2025/01/11 10:45:23.089, 4, 24576, 3176, 21082, 57, 21
2025/01/11 10:45:23.190, 4, 24576, 3176, 21082, 61, 22
2025/01/11 10:45:23.291, 4, 24576, 3176, 21082, 61, 22
2025/01/11 10:45:23.392, 4, 24576, 3176, 21082, 59, 21
2025/01/11 10:45:23.493, 4, 24576, 3176, 21082, 59, 21
2025/01/11 10:45:23.593, 4, 24576, 3176, 21082, 58, 21
2025/01/11 10:45:23.694, 4, 24576, 3176, 21082, 58, 21
2025/01/11 10:45:23.795, 4, 24576, 3176, 21082, 53, 19
2025/01/11 10:45:23.896, 4, 24576, 3176, 21082, 53, 19
2025/01/11 10:45:23.996, 4, 24576, 3176, 21082, 58, 21
2025/01/11 10:45:24.097, 4, 24576, 3176, 21082, 58, 21
2025/01/11 10:45:24.198, 4, 24576, 3176, 21082, 60, 21
2025/01/11 10:45:24.298, 4, 24576, 3176, 21082, 60, 21
2025/01/11 10:45:24.399, 4, 24576, 3176, 21082, 59, 21
2025/01/11 10:45:24.500, 4, 24576, 3176, 21082, 59, 21
2025/01/11 10:45:24.601, 4, 24576, 3176, 21082, 60, 22
2025/01/11 10:45:24.702, 4, 24576, 3176, 21082, 60, 22
2025/01/11 10:45:24.803, 4, 24576, 3176, 21082, 61, 22
2025/01/11 10:45:24.904, 4, 24576, 3176, 21082, 61, 22
2025/01/11 10:45:25.005, 4, 24576, 3176, 21082, 60, 21
2025/01/11 10:45:25.106, 4, 24576, 3176, 21082, 60, 21
2025/01/11 10:45:25.207, 4, 24576, 3176, 21082, 58, 21
2025/01/11 10:45:25.307, 4, 24576, 3176, 21082, 58, 21
2025/01/11 10:45:25.408, 4, 24576, 3176, 21082, 60, 24
2025/01/11 10:45:25.509, 4, 24576, 3176, 21082, 60, 24
2025/01/11 10:45:25.610, 4, 24576, 3176, 21082, 59, 21
2025/01/11 10:45:25.710, 4, 24576, 3176, 21082, 59, 21
2025/01/11 10:45:25.811, 4, 24576, 3176, 21082, 57, 21
2025/01/11 10:45:25.912, 4, 24576, 3176, 21082, 57, 21
2025/01/11 10:45:26.013, 4, 24576, 3176, 21082, 60, 22
2025/01/11 10:45:26.113, 4, 24576, 3176, 21082, 60, 22
2025/01/11 10:45:26.214, 4, 24576, 3176, 21082, 58, 21
2025/01/11 10:45:26.315, 4, 24576, 3176, 21082, 58, 21
2025/01/11 10:45:26.415, 4, 24576, 3176, 21082, 60, 22
2025/01/11 10:45:26.516, 4, 24576, 3176, 21082, 60, 22
2025/01/11 10:45:26.617, 4, 24576, 3176, 21082, 63, 23
2025/01/11 10:45:26.717, 4, 24576, 3176, 21082, 63, 23
2025/01/11 10:45:26.818, 4, 24576, 3176, 21082, 56, 20
2025/01/11 10:45:26.919, 4, 24576, 3176, 21082, 56, 20
2025/01/11 10:45:27.020, 4, 24576, 3176, 21082, 58, 21
2025/01/11 10:45:27.121, 4, 24576, 3176, 21082, 58, 21
2025/01/11 10:45:27.222, 4, 24576, 3176, 21082, 55, 20
2025/01/11 10:45:27.323, 4, 24576, 3176, 21082, 55, 20
2025/01/11 10:45:27.425, 4, 24576, 3176, 21082, 59, 22
2025/01/11 10:45:27.526, 4, 24576, 3176, 21082, 59, 22
2025/01/11 10:45:27.626, 4, 24576, 3176, 21082, 55, 19
2025/01/11 10:45:27.727, 4, 24576, 3176, 21082, 55, 19
2025/01/11 10:45:27.828, 4, 24576, 3176, 21082, 62, 22
2025/01/11 10:45:27.928, 4, 24576, 3176, 21082, 62, 22
2025/01/11 10:45:28.029, 4, 24576, 3176, 21082, 61, 22
2025/01/11 10:45:28.130, 4, 24576, 3176, 21082, 61, 22
2025/01/11 10:45:28.230, 4, 24576, 3176, 21082, 61, 22
2025/01/11 10:45:28.331, 4, 24576, 3176, 21082, 61, 22
2025/01/11 10:45:28.432, 4, 24576, 3176, 21082, 58, 21
2025/01/11 10:45:28.533, 4, 24576, 3176, 21082, 58, 21
2025/01/11 10:45:28.633, 4, 24576, 3176, 21082, 60, 22
2025/01/11 10:45:28.734, 4, 24576, 3176, 21082, 60, 22
2025/01/11 10:45:28.835, 4, 24576, 3176, 21082, 62, 22
2025/01/11 10:45:28.936, 4, 24576, 3176, 21082, 62, 22
2025/01/11 10:45:29.037, 4, 24576, 3176, 21082, 61, 22
2025/01/11 10:45:29.138, 4, 24576, 3176, 21082, 61, 22
2025/01/11 10:45:29.239, 4, 24576, 3176, 21082, 59, 21
2025/01/11 10:45:29.340, 4, 24576, 3176, 21082, 57, 20
2025/01/11 10:45:29.452, 4, 24576, 3176, 21082, 57, 20
2025/01/11 10:45:29.553, 4, 24576, 3176, 21082, 58, 21
2025/01/11 10:45:29.654, 4, 24576, 3176, 21082, 58, 21
2025/01/11 10:45:29.754, 4, 24576, 3176, 21082, 58, 21
2025/01/11 10:45:29.855, 4, 24576, 3176, 21082, 58, 21
2025/01/11 10:45:29.956, 4, 24576, 3176, 21082, 59, 21
2025/01/11 10:45:30.056, 4, 24576, 3176, 21082, 59, 21
2025/01/11 10:45:30.157, 4, 24576, 3176, 21082, 60, 21
2025/01/11 10:45:30.258, 4, 24576, 3176, 21082, 60, 21
2025/01/11 10:45:30.359, 4, 24576, 3176, 21082, 63, 23
2025/01/11 10:45:30.460, 4, 24576, 3176, 21082, 63, 23
2025/01/11 10:45:30.561, 4, 24576, 3176, 21082, 61, 22
2025/01/11 10:45:30.662, 4, 24576, 3176, 21082, 61, 22
2025/01/11 10:45:30.762, 4, 24576, 3176, 21082, 62, 25
2025/01/11 10:45:30.863, 4, 24576, 3176, 21082, 62, 25
2025/01/11 10:45:30.964, 4, 24576, 3176, 21082, 60, 22
2025/01/11 10:45:31.065, 4, 24576, 3176, 21082, 60, 22
2025/01/11 10:45:31.166, 4, 24576, 3176, 21082, 59, 21
2025/01/11 10:45:31.266, 4, 24576, 3176, 21082, 59, 21
2025/01/11 10:45:31.367, 4, 24576, 3176, 21082, 61, 22
2025/01/11 10:45:31.468, 4, 24576, 3176, 21082, 61, 22
2025/01/11 10:45:31.568, 4, 24576, 3176, 21082, 59, 21
2025/01/11 10:45:31.669, 4, 24576, 3176, 21082, 59, 21
2025/01/11 10:45:31.770, 4, 24576, 3176, 21082, 59, 21
2025/01/11 10:45:31.870, 4, 24576, 3176, 21082, 59, 21
2025/01/11 10:45:31.971, 4, 24576, 3176, 21082, 63, 23
2025/01/11 10:45:32.072, 4, 24576, 3176, 21082, 63, 23
2025/01/11 10:45:32.172, 4, 24576, 3176, 21082, 61, 22
2025/01/11 10:45:32.273, 4, 24576, 3176, 21082, 61, 22
2025/01/11 10:45:32.374, 4, 24576, 3176, 21082, 60, 22
2025/01/11 10:45:32.475, 4, 24576, 3176, 21082, 60, 22
2025/01/11 10:45:32.575, 4, 24576, 3176, 21082, 60, 22
2025/01/11 10:45:32.676, 4, 24576, 3176, 21082, 60, 22
2025/01/11 10:45:32.776, 4, 24576, 3176, 21082, 62, 23
2025/01/11 10:45:32.878, 4, 24576, 3176, 21082, 62, 23
2025/01/11 10:45:32.979, 4, 24576, 3176, 21082, 60, 22
2025/01/11 10:45:33.080, 4, 24576, 3176, 21082, 60, 22
2025/01/11 10:45:33.180, 4, 24576, 3176, 21082, 61, 22
2025/01/11 10:45:33.281, 4, 24576, 3176, 21082, 61, 22
2025/01/11 10:45:33.382, 4, 24576, 3176, 21082, 60, 22
2025/01/11 10:45:33.483, 4, 24576, 3176, 21082, 60, 22
2025/01/11 10:45:33.584, 4, 24576, 3176, 21082, 61, 22
2025/01/11 10:45:33.685, 4, 24576, 3176, 21082, 61, 22
2025/01/11 10:45:33.786, 4, 24576, 3176, 21082, 60, 22
2025/01/11 10:45:33.886, 4, 24576, 3176, 21082, 60, 22
2025/01/11 10:45:33.987, 4, 24576, 3176, 21082, 57, 20
2025/01/11 10:45:34.088, 4, 24576, 3176, 21082, 57, 20
2025/01/11 10:45:34.188, 4, 24576, 3176, 21082, 60, 22
2025/01/11 10:45:34.289, 4, 24576, 3176, 21082, 60, 22
2025/01/11 10:45:34.390, 4, 24576, 3176, 21082, 58, 21
2025/01/11 10:45:34.491, 4, 24576, 3176, 21082, 58, 21
2025/01/11 10:45:34.591, 4, 24576, 3176, 21082, 62, 22
2025/01/11 10:45:34.692, 4, 24576, 3176, 21082, 62, 22
2025/01/11 10:45:34.793, 4, 24576, 3176, 21082, 59, 21
2025/01/11 10:45:34.893, 4, 24576, 3176, 21082, 59, 21
2025/01/11 10:45:34.994, 4, 24576, 3176, 21082, 61, 22
2025/01/11 10:45:35.096, 4, 24576, 3176, 21082, 61, 22
2025/01/11 10:45:35.197, 4, 24576, 3176, 21082, 57, 21
2025/01/11 10:45:35.298, 4, 24576, 3176, 21082, 57, 21
2025/01/11 10:45:35.399, 4, 24576, 3176, 21082, 58, 21
2025/01/11 10:45:35.500, 4, 24576, 3176, 21082, 58, 21
2025/01/11 10:45:35.600, 4, 24576, 3176, 21082, 59, 22
2025/01/11 10:45:35.702, 4, 24576, 3176, 21082, 59, 22
2025/01/11 10:45:35.803, 4, 24576, 3176, 21082, 55, 20
2025/01/11 10:45:35.903, 4, 24576, 3176, 21082, 55, 20
2025/01/11 10:45:36.004, 4, 24576, 3176, 21082, 61, 22
2025/01/11 10:45:36.105, 4, 24576, 3176, 21082, 61, 22
2025/01/11 10:45:36.206, 4, 24576, 3176, 21082, 57, 23
2025/01/11 10:45:36.306, 4, 24576, 3176, 21082, 57, 23
2025/01/11 10:45:36.407, 4, 24576, 3176, 21082, 58, 21
2025/01/11 10:45:36.508, 4, 24576, 3176, 21082, 58, 21
2025/01/11 10:45:36.608, 4, 24576, 3176, 21082, 58, 21
2025/01/11 10:45:36.709, 4, 24576, 3176, 21082, 58, 21
2025/01/11 10:45:36.810, 4, 24576, 3176, 21082, 57, 21
2025/01/11 10:45:36.911, 4, 24576, 3176, 21082, 57, 21
2025/01/11 10:45:37.011, 4, 24576, 3176, 21082, 60, 22
2025/01/11 10:45:37.112, 4, 24576, 3176, 21082, 60, 22
2025/01/11 10:45:37.213, 4, 24576, 3176, 21082, 57, 21
2025/01/11 10:45:37.313, 4, 24576, 3176, 21082, 57, 21
2025/01/11 10:45:37.414, 4, 24576, 3176, 21082, 55, 20
2025/01/11 10:45:37.515, 4, 24576, 3176, 21082, 55, 20
2025/01/11 10:45:37.616, 4, 24576, 3176, 21082, 59, 21
2025/01/11 10:45:37.721, 4, 24576, 3176, 21082, 59, 21
2025/01/11 10:45:37.822, 4, 24576, 3176, 21082, 59, 21
2025/01/11 10:45:37.923, 4, 24576, 3176, 21082, 59, 21
2025/01/11 10:45:38.023, 4, 24576, 3176, 21082, 58, 21
2025/01/11 10:45:38.124, 4, 24576, 3176, 21082, 58, 21
2025/01/11 10:45:38.225, 4, 24576, 3176, 21082, 59, 21
2025/01/11 10:45:38.326, 4, 24576, 3176, 21082, 59, 21
2025/01/11 10:45:38.426, 4, 24576, 3176, 21082, 60, 22
2025/01/11 10:45:38.527, 4, 24576, 3176, 21082, 60, 22
2025/01/11 10:45:38.628, 4, 24576, 3176, 21082, 57, 20
2025/01/11 10:45:38.730, 4, 24576, 3176, 21082, 57, 20
2025/01/11 10:45:38.830, 4, 24576, 3176, 21082, 59, 21
2025/01/11 10:45:38.931, 4, 24576, 3176, 21082, 59, 21
2025/01/11 10:45:39.032, 4, 24576, 3176, 21082, 60, 22
2025/01/11 10:45:39.133, 4, 24576, 3176, 21082, 60, 22
2025/01/11 10:45:39.234, 4, 24576, 3176, 21082, 59, 21
2025/01/11 10:45:39.334, 4, 24576, 3176, 21082, 59, 21
2025/01/11 10:45:39.435, 4, 24576, 3176, 21082, 60, 22
2025/01/11 10:45:39.536, 4, 24576, 3176, 21082, 54, 19
2025/01/11 10:45:39.640, 4, 24576, 3176, 21082, 54, 19
2025/01/11 10:45:39.741, 4, 24576, 3176, 21082, 60, 22
2025/01/11 10:45:39.842, 4, 24576, 3176, 21082, 60, 22
2025/01/11 10:45:39.943, 4, 24576, 3176, 21082, 58, 21
2025/01/11 10:45:40.043, 4, 24576, 3176, 21082, 58, 21
2025/01/11 10:45:40.144, 4, 24576, 3176, 21082, 51, 18
2025/01/11 10:45:40.245, 4, 24576, 3176, 21082, 51, 18
2025/01/11 10:45:40.346, 4, 24576, 3176, 21082, 59, 21
2025/01/11 10:45:40.446, 4, 24576, 3176, 21082, 59, 21
2025/01/11 10:45:40.547, 4, 24576, 3176, 21082, 60, 22
2025/01/11 10:45:40.648, 4, 24576, 3176, 21082, 60, 22
2025/01/11 10:45:40.749, 4, 24576, 3176, 21082, 58, 21
2025/01/11 10:45:40.849, 4, 24576, 3176, 21082, 58, 21
2025/01/11 10:45:40.950, 4, 24576, 3176, 21082, 61, 22
2025/01/11 10:45:41.051, 4, 24576, 3176, 21082, 61, 22
2025/01/11 10:45:41.152, 4, 24576, 3176, 21082, 56, 20
2025/01/11 10:45:41.252, 4, 24576, 3176, 21082, 56, 20
2025/01/11 10:45:41.353, 4, 24576, 3176, 21082, 57, 21
2025/01/11 10:45:41.454, 4, 24576, 3176, 21082, 57, 21
2025/01/11 10:45:41.555, 4, 24576, 3176, 21082, 55, 20
2025/01/11 10:45:41.656, 4, 24576, 3176, 21082, 55, 20
2025/01/11 10:45:41.757, 4, 24576, 3176, 21082, 57, 23
2025/01/11 10:45:41.858, 4, 24576, 3176, 21082, 57, 23
2025/01/11 10:45:41.959, 4, 24576, 3176, 21082, 60, 21
2025/01/11 10:45:42.060, 4, 24576, 3176, 21082, 60, 21
2025/01/11 10:45:42.161, 4, 24576, 3176, 21082, 59, 21
2025/01/11 10:45:42.261, 4, 24576, 3176, 21082, 59, 21
2025/01/11 10:45:42.362, 4, 24576, 3176, 21082, 56, 20
2025/01/11 10:45:42.463, 4, 24576, 3176, 21082, 56, 20
2025/01/11 10:45:42.563, 4, 24576, 3176, 21082, 56, 20
2025/01/11 10:45:42.664, 4, 24576, 3176, 21082, 56, 20
2025/01/11 10:45:42.765, 4, 24576, 3176, 21082, 58, 21
2025/01/11 10:45:42.866, 4, 24576, 3176, 21082, 58, 21
2025/01/11 10:45:42.966, 4, 24576, 3176, 21082, 57, 20
2025/01/11 10:45:43.067, 4, 24576, 3176, 21082, 57, 20
2025/01/11 10:45:43.168, 4, 24576, 3176, 21082, 60, 22
2025/01/11 10:45:43.268, 4, 24576, 3176, 21082, 60, 22
2025/01/11 10:45:43.369, 4, 24576, 3176, 21082, 60, 22
2025/01/11 10:45:43.470, 4, 24576, 3176, 21082, 60, 22
2025/01/11 10:45:43.570, 4, 24576, 3176, 21082, 60, 22
2025/01/11 10:45:43.671, 4, 24576, 3176, 21082, 60, 22
2025/01/11 10:45:43.772, 4, 24576, 3176, 21082, 56, 20
2025/01/11 10:45:43.873, 4, 24576, 3176, 21082, 56, 20
2025/01/11 10:45:43.974, 4, 24576, 3176, 21082, 57, 20
2025/01/11 10:45:44.075, 4, 24576, 3176, 21082, 57, 20
2025/01/11 10:45:44.176, 4, 24576, 3176, 21082, 61, 22
2025/01/11 10:45:44.277, 4, 24576, 3176, 21082, 61, 22
2025/01/11 10:45:44.378, 4, 24576, 3176, 21082, 56, 20
2025/01/11 10:45:44.479, 4, 24576, 3176, 21082, 56, 20
2025/01/11 10:45:44.580, 4, 24576, 3176, 21082, 59, 21
2025/01/11 10:45:44.680, 4, 24576, 3176, 21082, 59, 21
2025/01/11 10:45:44.781, 4, 24576, 3176, 21082, 62, 22
2025/01/11 10:45:44.882, 4, 24576, 3176, 21082, 62, 22
2025/01/11 10:45:44.983, 4, 24576, 3176, 21082, 58, 21
2025/01/11 10:45:45.083, 4, 24576, 3176, 21082, 58, 21
2025/01/11 10:45:45.184, 4, 24576, 3176, 21082, 62, 23
2025/01/11 10:45:45.285, 4, 24576, 3176, 21082, 62, 23
2025/01/11 10:45:45.385, 4, 24576, 3176, 21082, 60, 22
2025/01/11 10:45:45.486, 4, 24576, 3176, 21082, 60, 22
2025/01/11 10:45:45.587, 4, 24576, 3176, 21082, 57, 20
2025/01/11 10:45:45.688, 4, 24576, 3176, 21082, 57, 20
2025/01/11 10:45:45.789, 4, 24576, 3176, 21082, 60, 22
2025/01/11 10:45:45.889, 4, 24576, 3176, 21082, 60, 22
2025/01/11 10:45:45.990, 4, 24576, 3176, 21082, 58, 21
2025/01/11 10:45:46.091, 4, 24576, 3176, 21082, 58, 21
2025/01/11 10:45:46.191, 4, 24576, 3176, 21082, 58, 21
2025/01/11 10:45:46.292, 4, 24576, 3176, 21082, 58, 21
2025/01/11 10:45:46.393, 4, 24576, 3176, 21082, 62, 22
2025/01/11 10:45:46.494, 4, 24576, 3176, 21082, 62, 22
2025/01/11 10:45:46.595, 4, 24576, 3176, 21082, 61, 22
2025/01/11 10:45:46.696, 4, 24576, 3176, 21082, 61, 22
2025/01/11 10:45:46.797, 4, 24576, 3176, 21082, 60, 22
2025/01/11 10:45:46.898, 4, 24576, 3176, 21082, 60, 22
2025/01/11 10:45:46.999, 4, 24576, 3176, 21082, 61, 22
2025/01/11 10:45:47.099, 4, 24576, 3176, 21082, 61, 22
2025/01/11 10:45:47.200, 4, 24576, 3176, 21082, 60, 21
2025/01/11 10:45:47.301, 4, 24576, 3176, 21082, 60, 21
2025/01/11 10:45:47.402, 4, 24576, 3176, 21082, 64, 26
2025/01/11 10:45:47.503, 4, 24576, 3176, 21082, 64, 26
2025/01/11 10:45:47.604, 4, 24576, 3176, 21082, 58, 21
2025/01/11 10:45:47.704, 4, 24576, 3176, 21082, 58, 21
2025/01/11 10:45:47.805, 4, 24576, 3176, 21082, 62, 22
2025/01/11 10:45:47.906, 4, 24576, 3176, 21082, 62, 22
2025/01/11 10:45:48.007, 4, 24576, 3176, 21082, 62, 23
2025/01/11 10:45:48.108, 4, 24576, 3176, 21082, 62, 23
2025/01/11 10:45:48.208, 4, 24576, 3176, 21082, 62, 22
2025/01/11 10:45:48.309, 4, 24576, 3176, 21082, 62, 22
2025/01/11 10:45:48.410, 4, 24576, 3176, 21082, 61, 22
2025/01/11 10:45:48.511, 4, 24576, 3176, 21082, 61, 22
2025/01/11 10:45:48.611, 4, 24576, 3176, 21082, 60, 22
2025/01/11 10:45:48.712, 4, 24576, 3176, 21082, 60, 22
2025/01/11 10:45:48.813, 4, 24576, 3176, 21082, 58, 21
2025/01/11 10:45:48.914, 4, 24576, 3176, 21082, 58, 21
2025/01/11 10:45:49.016, 4, 24576, 3176, 21082, 59, 21
2025/01/11 10:45:49.116, 4, 24576, 3176, 21082, 59, 21
2025/01/11 10:45:49.217, 4, 24576, 3176, 21082, 60, 22
2025/01/11 10:45:49.318, 4, 24576, 3176, 21082, 60, 22
2025/01/11 10:45:49.419, 4, 24576, 3176, 21082, 58, 21
2025/01/11 10:45:49.520, 4, 24576, 3176, 21082, 58, 21
2025/01/11 10:45:49.620, 4, 24576, 3176, 21082, 56, 20
2025/01/11 10:45:49.721, 4, 24576, 3176, 21082, 56, 20
2025/01/11 10:45:49.822, 4, 24576, 3176, 21082, 62, 22
2025/01/11 10:45:49.923, 4, 24576, 3176, 21082, 62, 22
2025/01/11 10:45:50.024, 4, 24576, 3176, 21082, 61, 22
2025/01/11 10:45:50.124, 4, 24576, 3176, 21082, 61, 22
2025/01/11 10:45:50.225, 4, 24576, 3176, 21082, 61, 22
2025/01/11 10:45:50.326, 4, 24576, 3176, 21082, 61, 22
2025/01/11 10:45:50.427, 4, 24576, 3176, 21082, 59, 21
2025/01/11 10:45:50.527, 4, 24576, 3176, 21082, 59, 21
2025/01/11 10:45:50.628, 4, 24576, 3176, 21082, 58, 21
2025/01/11 10:45:50.729, 4, 24576, 3176, 21082, 58, 21
2025/01/11 10:45:50.829, 4, 24576, 3176, 21082, 56, 20
2025/01/11 10:45:50.930, 4, 24576, 3176, 21082, 56, 20
2025/01/11 10:45:51.031, 4, 24576, 3176, 21082, 59, 21
2025/01/11 10:45:51.132, 4, 24576, 3176, 21082, 54, 19
2025/01/11 10:45:51.236, 4, 24576, 3176, 21082, 54, 19
2025/01/11 10:45:51.337, 4, 24576, 3176, 21082, 58, 21
2025/01/11 10:45:51.438, 4, 24576, 3176, 21082, 58, 21
2025/01/11 10:45:51.538, 4, 24576, 3176, 21082, 60, 22
2025/01/11 10:45:51.639, 4, 24576, 3176, 21082, 60, 22
2025/01/11 10:45:51.740, 4, 24576, 3176, 21082, 60, 22
2025/01/11 10:45:51.841, 4, 24576, 3176, 21082, 60, 22
2025/01/11 10:45:51.941, 4, 24576, 3176, 21082, 58, 21
2025/01/11 10:45:52.042, 4, 24576, 3176, 21082, 58, 21
2025/01/11 10:45:52.143, 4, 24576, 3176, 21082, 60, 22
2025/01/11 10:45:52.244, 4, 24576, 3176, 21082, 60, 22
2025/01/11 10:45:52.344, 4, 24576, 3176, 21082, 60, 21
2025/01/11 10:45:52.445, 4, 24576, 3176, 21082, 60, 21
2025/01/11 10:45:52.546, 4, 24576, 3176, 21082, 60, 22
2025/01/11 10:45:52.646, 4, 24576, 3176, 21082, 60, 22
2025/01/11 10:45:52.747, 4, 24576, 3176, 21082, 60, 24
2025/01/11 10:45:52.848, 4, 24576, 3176, 21082, 60, 24
2025/01/11 10:45:52.948, 4, 24576, 3176, 21082, 61, 22
2025/01/11 10:45:53.049, 4, 24576, 3176, 21082, 61, 22
2025/01/11 10:45:53.150, 4, 24576, 3176, 21082, 61, 22
2025/01/11 10:45:53.250, 4, 24576, 3176, 21082, 61, 22
2025/01/11 10:45:53.352, 4, 24576, 3176, 21082, 59, 21
2025/01/11 10:45:53.453, 4, 24576, 3176, 21082, 59, 21
2025/01/11 10:45:53.555, 4, 24576, 3176, 21082, 59, 21
2025/01/11 10:45:53.656, 4, 24576, 3176, 21082, 59, 21
2025/01/11 10:45:53.757, 4, 24576, 3176, 21082, 59, 22
2025/01/11 10:45:53.857, 4, 24576, 3176, 21082, 59, 22
2025/01/11 10:45:53.958, 4, 24576, 3176, 21082, 61, 22
2025/01/11 10:45:54.059, 4, 24576, 3176, 21082, 61, 22
2025/01/11 10:45:54.161, 4, 24576, 3176, 21082, 55, 20
2025/01/11 10:45:54.261, 4, 24576, 3176, 21082, 55, 20
2025/01/11 10:45:54.362, 4, 24576, 3176, 21082, 61, 22
2025/01/11 10:45:54.463, 4, 24576, 3176, 21082, 61, 22
2025/01/11 10:45:54.563, 4, 24576, 3176, 21082, 57, 20
2025/01/11 10:45:54.664, 4, 24576, 3176, 21082, 57, 20
2025/01/11 10:45:54.765, 4, 24576, 3176, 21082, 60, 22
2025/01/11 10:45:54.865, 4, 24576, 3176, 21082, 60, 22
2025/01/11 10:45:54.966, 4, 24576, 3176, 21082, 59, 22
2025/01/11 10:45:55.067, 4, 24576, 3176, 21082, 59, 22
2025/01/11 10:45:55.168, 4, 24576, 3176, 21082, 58, 21
2025/01/11 10:45:55.268, 4, 24576, 3176, 21082, 58, 21
2025/01/11 10:45:55.369, 4, 24576, 3176, 21082, 59, 21
2025/01/11 10:45:55.470, 4, 24576, 3176, 21082, 59, 21
2025/01/11 10:45:55.571, 4, 24576, 3176, 21082, 59, 22
2025/01/11 10:45:55.672, 4, 24576, 3176, 21082, 59, 22
2025/01/11 10:45:55.773, 4, 24576, 3176, 21082, 61, 22
2025/01/11 10:45:55.874, 4, 24576, 3176, 21082, 61, 22
2025/01/11 10:45:55.975, 4, 24576, 3176, 21082, 60, 21
2025/01/11 10:45:56.075, 4, 24576, 3176, 21082, 60, 21
2025/01/11 10:45:56.176, 4, 24576, 3176, 21082, 57, 21
2025/01/11 10:45:56.277, 4, 24576, 3176, 21082, 57, 21
2025/01/11 10:45:56.378, 4, 24576, 3176, 21082, 61, 22
2025/01/11 10:45:56.479, 4, 24576, 3176, 21082, 61, 22
2025/01/11 10:45:56.579, 4, 24576, 3176, 21082, 56, 20
2025/01/11 10:45:56.680, 4, 24576, 3176, 21082, 56, 20
2025/01/11 10:45:56.781, 4, 24576, 3176, 21082, 62, 23
2025/01/11 10:45:56.881, 4, 24576, 3176, 21082, 62, 23
2025/01/11 10:45:56.982, 4, 24576, 3176, 21082, 60, 22
2025/01/11 10:45:57.083, 4, 24576, 3176, 21082, 60, 22
2025/01/11 10:45:57.183, 4, 24576, 3176, 21082, 63, 22
2025/01/11 10:45:57.284, 4, 24576, 3176, 21082, 63, 22
2025/01/11 10:45:57.385, 4, 24576, 3176, 21082, 62, 22
2025/01/11 10:45:57.486, 4, 24576, 3176, 21082, 62, 22
2025/01/11 10:45:57.586, 4, 24576, 3176, 21082, 56, 20
2025/01/11 10:45:57.687, 4, 24576, 3176, 21082, 56, 20
2025/01/11 10:45:57.788, 4, 24576, 3176, 21082, 62, 22
2025/01/11 10:45:57.888, 4, 24576, 3176, 21082, 62, 22
2025/01/11 10:45:57.989, 4, 24576, 3176, 21082, 58, 21
2025/01/11 10:45:58.090, 4, 24576, 3176, 21082, 58, 21
2025/01/11 10:45:58.191, 4, 24576, 3176, 21082, 63, 25
2025/01/11 10:45:58.293, 4, 24576, 3176, 21082, 63, 25
2025/01/11 10:45:58.394, 4, 24576, 3176, 21082, 59, 21
2025/01/11 10:45:58.494, 4, 24576, 3176, 21082, 59, 21
2025/01/11 10:45:58.595, 4, 24576, 3176, 21082, 57, 21
2025/01/11 10:45:58.696, 4, 24576, 3176, 21082, 57, 21
2025/01/11 10:45:58.797, 4, 24576, 3176, 21082, 59, 21
2025/01/11 10:45:58.898, 4, 24576, 3176, 21082, 59, 21
2025/01/11 10:45:58.998, 4, 24576, 3176, 21082, 61, 22
2025/01/11 10:45:59.099, 4, 24576, 3176, 21082, 61, 22
2025/01/11 10:45:59.200, 4, 24576, 3176, 21082, 59, 21
2025/01/11 10:45:59.300, 4, 24576, 3176, 21082, 59, 21
2025/01/11 10:45:59.401, 4, 24576, 3176, 21082, 60, 22
2025/01/11 10:45:59.502, 4, 24576, 3176, 21082, 60, 22
2025/01/11 10:45:59.602, 4, 24576, 3176, 21082, 61, 22
2025/01/11 10:45:59.703, 4, 24576, 3176, 21082, 61, 22
2025/01/11 10:45:59.804, 4, 24576, 3176, 21082, 58, 21
2025/01/11 10:45:59.905, 4, 24576, 3176, 21082, 58, 21
2025/01/11 10:46:00.005, 4, 24576, 3176, 21082, 60, 21
2025/01/11 10:46:00.106, 4, 24576, 3176, 21082, 60, 21
2025/01/11 10:46:00.207, 4, 24576, 3176, 21082, 58, 21
2025/01/11 10:46:00.307, 4, 24576, 3176, 21082, 58, 21
2025/01/11 10:46:00.408, 4, 24576, 3176, 21082, 58, 21
2025/01/11 10:46:00.509, 4, 24576, 3176, 21082, 58, 21
2025/01/11 10:46:00.610, 4, 24576, 3176, 21082, 58, 21
2025/01/11 10:46:00.711, 4, 24576, 3176, 21082, 58, 21
2025/01/11 10:46:00.812, 4, 24576, 3176, 21082, 61, 22
2025/01/11 10:46:00.913, 4, 24576, 3176, 21082, 61, 22
2025/01/11 10:46:01.014, 4, 24576, 3176, 21082, 61, 22
2025/01/11 10:46:01.115, 4, 24576, 3176, 21082, 61, 22
2025/01/11 10:46:01.215, 4, 24576, 3176, 21082, 62, 22
2025/01/11 10:46:01.316, 4, 24576, 3176, 21082, 62, 22
2025/01/11 10:46:01.417, 4, 24576, 3176, 21082, 61, 22
2025/01/11 10:46:01.517, 4, 24576, 3176, 21082, 61, 22
2025/01/11 10:46:01.618, 4, 24576, 3176, 21082, 61, 22
2025/01/11 10:46:01.719, 4, 24576, 3176, 21082, 61, 22
2025/01/11 10:46:01.820, 4, 24576, 3176, 21082, 61, 22
2025/01/11 10:46:01.920, 4, 24576, 3176, 21082, 61, 22
2025/01/11 10:46:02.021, 4, 24576, 3176, 21082, 60, 22
2025/01/11 10:46:02.122, 4, 24576, 3176, 21082, 60, 22
2025/01/11 10:46:02.223, 4, 24576, 3176, 21082, 61, 22
2025/01/11 10:46:02.323, 4, 24576, 3176, 21082, 61, 22
2025/01/11 10:46:02.424, 4, 24576, 3176, 21082, 58, 21
2025/01/11 10:46:02.525, 4, 24576, 3176, 21082, 58, 21
2025/01/11 10:46:02.626, 4, 24576, 3176, 21082, 57, 21
2025/01/11 10:46:02.727, 4, 24576, 3176, 21082, 57, 21
2025/01/11 10:46:02.827, 4, 24576, 3176, 21082, 59, 21
2025/01/11 10:46:02.928, 4, 24576, 3176, 21082, 59, 21
2025/01/11 10:46:03.032, 4, 24576, 3176, 21082, 59, 21
2025/01/11 10:46:03.133, 4, 24576, 3176, 21082, 52, 19
2025/01/11 10:46:03.234, 4, 24576, 3176, 21082, 52, 19
2025/01/11 10:46:03.335, 4, 24576, 3176, 21082, 51, 18
2025/01/11 10:46:03.437, 4, 24576, 3176, 21082, 51, 18
2025/01/11 10:46:03.537, 4, 24576, 3176, 21082, 58, 21
2025/01/11 10:46:03.638, 4, 24576, 3176, 21082, 58, 21
2025/01/11 10:46:03.739, 4, 24576, 3176, 21082, 60, 24
2025/01/11 10:46:03.840, 4, 24576, 3176, 21082, 60, 24
2025/01/11 10:46:03.940, 4, 24576, 3176, 21082, 59, 22
2025/01/11 10:46:04.041, 4, 24576, 3176, 21082, 59, 22
2025/01/11 10:46:04.142, 4, 24576, 3176, 21082, 59, 21
2025/01/11 10:46:04.242, 4, 24576, 3176, 21082, 59, 21
2025/01/11 10:46:04.343, 4, 24576, 3176, 21082, 62, 22
2025/01/11 10:46:04.444, 4, 24576, 3176, 21082, 62, 22
2025/01/11 10:46:04.544, 4, 24576, 3176, 21082, 58, 21
2025/01/11 10:46:04.645, 4, 24576, 3176, 21082, 58, 21
2025/01/11 10:46:04.746, 4, 24576, 3176, 21082, 61, 22
2025/01/11 10:46:04.846, 4, 24576, 3176, 21082, 61, 22
2025/01/11 10:46:04.947, 4, 24576, 3176, 21082, 62, 22
2025/01/11 10:46:05.048, 4, 24576, 3176, 21082, 62, 22
2025/01/11 10:46:05.149, 4, 24576, 3176, 21082, 56, 20
2025/01/11 10:46:05.250, 4, 24576, 3176, 21082, 56, 20
2025/01/11 10:46:05.351, 4, 24576, 3176, 21082, 60, 22
2025/01/11 10:46:05.452, 4, 24576, 3176, 21082, 60, 22
2025/01/11 10:46:05.553, 4, 24576, 3176, 21082, 57, 20
2025/01/11 10:46:05.654, 4, 24576, 3176, 21082, 57, 20
2025/01/11 10:46:05.755, 4, 24576, 3176, 21082, 58, 21
2025/01/11 10:46:05.855, 4, 24576, 3176, 21082, 58, 21
2025/01/11 10:46:05.956, 4, 24576, 3176, 21082, 59, 21
2025/01/11 10:46:06.057, 4, 24576, 3176, 21082, 59, 21
2025/01/11 10:46:06.158, 4, 24576, 3176, 21082, 61, 22
2025/01/11 10:46:06.258, 4, 24576, 3176, 21082, 61, 22
2025/01/11 10:46:06.359, 4, 24576, 3176, 21082, 58, 21
2025/01/11 10:46:06.460, 4, 24576, 3176, 21082, 58, 21
2025/01/11 10:46:06.561, 4, 24576, 3176, 21082, 60, 22
2025/01/11 10:46:06.662, 4, 24576, 3176, 21082, 60, 22
2025/01/11 10:46:06.762, 4, 24576, 3176, 21082, 58, 21
2025/01/11 10:46:06.863, 4, 24576, 3176, 21082, 58, 21
2025/01/11 10:46:06.964, 4, 24576, 3176, 21082, 57, 21
2025/01/11 10:46:07.064, 4, 24576, 3176, 21082, 57, 21
2025/01/11 10:46:07.165, 4, 24576, 3176, 21082, 60, 22
2025/01/11 10:46:07.266, 4, 24576, 3176, 21082, 60, 22
2025/01/11 10:46:07.367, 4, 24576, 3176, 21082, 60, 21
2025/01/11 10:46:07.468, 4, 24576, 3176, 21082, 60, 21
2025/01/11 10:46:07.569, 4, 24576, 3176, 21082, 34, 12
2025/01/11 10:46:07.670, 4, 24576, 42, 24216, 34, 12
2025/01/11 10:46:07.771, 4, 24576, 42, 24216, 36, 2
2025/01/11 10:46:07.871, 4, 24576, 42, 24216, 36, 2
2025/01/11 10:46:07.972, 4, 24576, 42, 24216, 0, 0
2025/01/11 10:46:08.073, 4, 24576, 42, 24216, 0, 0
2025/01/11 10:46:08.173, 4, 24576, 42, 24216, 0, 0
2025/01/11 10:46:08.274, 4, 24576, 42, 24216, 0, 0
2025/01/11 10:46:08.375, 4, 24576, 42, 24216, 0, 0
2025/01/11 10:46:08.475, 4, 24576, 42, 24216, 0, 0
2025/01/11 10:46:08.576, 4, 24576, 42, 24216, 0, 0
2025/01/11 10:46:08.677, 4, 24576, 42, 24216, 0, 0
2025/01/11 10:46:08.778, 4, 24576, 42, 24216, 0, 0
2025/01/11 10:46:08.879, 4, 24576, 42, 24216, 0, 0
2025/01/11 10:46:08.979, 4, 24576, 42, 24216, 0, 0
2025/01/11 10:46:09.080, 4, 24576, 42, 24216, 0, 0
2025/01/11 10:46:09.180, 4, 24576, 42, 24216, 0, 0
2025/01/11 10:46:09.281, 4, 24576, 42, 24216, 0, 0
2025/01/11 10:46:09.382, 4, 24576, 42, 24216, 0, 0
2025/01/11 10:46:09.482, 4, 24576, 42, 24216, 0, 0
2025/01/11 10:46:09.583, 4, 24576, 42, 24216, 0, 0
2025/01/11 10:46:09.684, 4, 24576, 42, 24216, 0, 0
2025/01/11 10:46:09.785, 4, 24576, 42, 24216, 0, 0
2025/01/11 10:46:09.885, 4, 24576, 42, 24216, 0, 0
2025/01/11 10:46:09.986, 4, 24576, 42, 24216, 0, 0
2025/01/11 10:46:10.087, 4, 24576, 42, 24216, 0, 0
2025/01/11 10:46:10.187, 4, 24576, 42, 24216, 0, 0
2025/01/11 10:46:10.288, 4, 24576, 42, 24216, 0, 0
2025/01/11 10:46:10.389, 