timestamp, index, memory.total [MiB], memory.used [MiB], memory.free [MiB], utilization.gpu [%], utilization.memory [%]
2025/01/06 12:55:43.850, 5, 24576, 12, 24247, 0, 0
2025/01/06 12:55:43.950, 5, 24576, 12, 24247, 0, 0
2025/01/06 12:55:44.051, 5, 24576, 12, 24247, 0, 0
2025/01/06 12:55:44.152, 5, 24576, 12, 24247, 0, 0
2025/01/06 12:55:44.253, 5, 24576, 12, 24247, 0, 0
2025/01/06 12:55:44.354, 5, 24576, 12, 24247, 0, 0
2025/01/06 12:55:44.455, 5, 24576, 12, 24247, 0, 0
2025/01/06 12:55:44.556, 5, 24576, 12, 24247, 0, 0
2025/01/06 12:55:44.657, 5, 24576, 12, 24247, 0, 0
2025/01/06 12:55:44.758, 5, 24576, 12, 24247, 0, 0
2025/01/06 12:55:44.859, 5, 24576, 12, 24247, 0, 0
2025/01/06 12:55:44.959, 5, 24576, 12, 24247, 0, 0
2025/01/06 12:55:45.060, 5, 24576, 12, 24247, 0, 0
2025/01/06 12:55:45.161, 5, 24576, 12, 24247, 0, 0
2025/01/06 12:55:45.262, 5, 24576, 12, 24247, 0, 0
2025/01/06 12:55:45.363, 5, 24576, 12, 24247, 0, 0
2025/01/06 12:55:45.464, 5, 24576, 24, 24234, 0, 0
2025/01/06 12:55:45.578, 5, 24576, 326, 23932, 5, 0
2025/01/06 12:55:45.679, 5, 24576, 358, 23900, 5, 0
2025/01/06 12:55:45.779, 5, 24576, 392, 23866, 4, 0
2025/01/06 12:55:45.880, 5, 24576, 416, 23842, 4, 0
2025/01/06 12:55:45.981, 5, 24576, 452, 23806, 5, 0
2025/01/06 12:55:46.081, 5, 24576, 486, 23772, 5, 0
2025/01/06 12:55:46.182, 5, 24576, 524, 23734, 4, 0
2025/01/06 12:55:46.283, 5, 24576, 548, 23710, 4, 0
2025/01/06 12:55:46.383, 5, 24576, 594, 23664, 5, 0
2025/01/06 12:55:46.484, 5, 24576, 626, 23632, 5, 0
2025/01/06 12:55:46.585, 5, 24576, 666, 23592, 4, 0
2025/01/06 12:55:46.686, 5, 24576, 700, 23558, 4, 0
2025/01/06 12:55:46.786, 5, 24576, 702, 23556, 3, 0
2025/01/06 12:55:46.887, 5, 24576, 726, 23532, 3, 0
2025/01/06 12:55:46.988, 5, 24576, 762, 23496, 4, 0
2025/01/06 12:55:47.089, 5, 24576, 798, 23460, 4, 0
2025/01/06 12:55:47.190, 5, 24576, 836, 23422, 4, 0
2025/01/06 12:55:47.291, 5, 24576, 874, 23384, 4, 0
2025/01/06 12:55:47.391, 5, 24576, 910, 23348, 4, 0
2025/01/06 12:55:47.492, 5, 24576, 942, 23316, 4, 0
2025/01/06 12:55:47.593, 5, 24576, 986, 23272, 3, 0
2025/01/06 12:55:47.694, 5, 24576, 1016, 23242, 3, 0
2025/01/06 12:55:47.794, 5, 24576, 1054, 23204, 4, 0
2025/01/06 12:55:47.895, 5, 24576, 1072, 23186, 4, 0
2025/01/06 12:55:47.996, 5, 24576, 1072, 23186, 11, 0
2025/01/06 12:55:48.097, 5, 24576, 1072, 23186, 11, 0
2025/01/06 12:55:48.197, 5, 24576, 1072, 23186, 14, 0
2025/01/06 12:55:48.298, 5, 24576, 1072, 23186, 14, 0
2025/01/06 12:55:48.399, 5, 24576, 1072, 23186, 15, 0
2025/01/06 12:55:48.499, 5, 24576, 1072, 23186, 15, 0
2025/01/06 12:55:48.600, 5, 24576, 1072, 23186, 16, 0
2025/01/06 12:55:48.701, 5, 24576, 1072, 23186, 16, 0
2025/01/06 12:55:48.801, 5, 24576, 1072, 23186, 16, 0
2025/01/06 12:55:48.902, 5, 24576, 1072, 23186, 16, 0
2025/01/06 12:55:49.003, 5, 24576, 1072, 23186, 16, 0
2025/01/06 12:55:49.104, 5, 24576, 1072, 23186, 16, 0
2025/01/06 12:55:49.204, 5, 24576, 1072, 23186, 14, 0
2025/01/06 12:55:49.305, 5, 24576, 1072, 23186, 14, 0
2025/01/06 12:55:49.406, 5, 24576, 1072, 23186, 15, 0
2025/01/06 12:55:49.507, 5, 24576, 1072, 23186, 15, 0
2025/01/06 12:55:49.608, 5, 24576, 1072, 23186, 15, 0
2025/01/06 12:55:49.709, 5, 24576, 1072, 23186, 15, 0
2025/01/06 12:55:49.810, 5, 24576, 1072, 23186, 17, 0
2025/01/06 12:55:49.911, 5, 24576, 1072, 23186, 17, 0
2025/01/06 12:55:50.012, 5, 24576, 1072, 23186, 17, 0
2025/01/06 12:55:50.113, 5, 24576, 1072, 23186, 17, 0
2025/01/06 12:55:50.213, 5, 24576, 1072, 23186, 17, 0
2025/01/06 12:55:50.314, 5, 24576, 1072, 23186, 17, 0
2025/01/06 12:55:50.415, 5, 24576, 1072, 23186, 18, 0
2025/01/06 12:55:50.516, 5, 24576, 1072, 23186, 18, 0
2025/01/06 12:55:50.616, 5, 24576, 1072, 23186, 14, 0
2025/01/06 12:55:50.717, 5, 24576, 1072, 23186, 14, 0
2025/01/06 12:55:50.818, 5, 24576, 1072, 23186, 15, 0
2025/01/06 12:55:50.919, 5, 24576, 1072, 23186, 15, 0
2025/01/06 12:55:51.019, 5, 24576, 1072, 23186, 14, 0
2025/01/06 12:55:51.120, 5, 24576, 1072, 23186, 14, 0
2025/01/06 12:55:51.221, 5, 24576, 1072, 23186, 15, 0
2025/01/06 12:55:51.321, 5, 24576, 1072, 23186, 15, 0
2025/01/06 12:55:51.422, 5, 24576, 1072, 23186, 16, 0
2025/01/06 12:55:51.523, 5, 24576, 1072, 23186, 16, 0
2025/01/06 12:55:51.624, 5, 24576, 1072, 23186, 15, 0
2025/01/06 12:55:51.724, 5, 24576, 1072, 23186, 15, 0
2025/01/06 12:55:51.825, 5, 24576, 1072, 23186, 16, 0
2025/01/06 12:55:51.926, 5, 24576, 1072, 23186, 16, 0
2025/01/06 12:55:52.027, 5, 24576, 1072, 23186, 16, 0
2025/01/06 12:55:52.128, 5, 24576, 1072, 23186, 16, 0
2025/01/06 12:55:52.229, 5, 24576, 1072, 23186, 16, 0
2025/01/06 12:55:52.330, 5, 24576, 1072, 23186, 16, 0
2025/01/06 12:55:52.430, 5, 24576, 1072, 23186, 15, 0
2025/01/06 12:55:52.532, 5, 24576, 1072, 23186, 15, 0
2025/01/06 12:55:52.633, 5, 24576, 1072, 23186, 15, 0
2025/01/06 12:55:52.733, 5, 24576, 1072, 23186, 15, 0
2025/01/06 12:55:52.834, 5, 24576, 1072, 23186, 16, 0
2025/01/06 12:55:52.935, 5, 24576, 1072, 23186, 16, 0
2025/01/06 12:55:53.035, 5, 24576, 1072, 23186, 14, 0
2025/01/06 12:55:53.136, 5, 24576, 1072, 23186, 14, 0
2025/01/06 12:55:53.237, 5, 24576, 1072, 23186, 14, 0
2025/01/06 12:55:53.337, 5, 24576, 1072, 23186, 14, 0
2025/01/06 12:55:53.438, 5, 24576, 1072, 23186, 15, 0
2025/01/06 12:55:53.539, 5, 24576, 1072, 23186, 15, 0
2025/01/06 12:55:53.640, 5, 24576, 1072, 23186, 14, 0
2025/01/06 12:55:53.740, 5, 24576, 1072, 23186, 14, 0
2025/01/06 12:55:53.841, 5, 24576, 1072, 23186, 14, 0
2025/01/06 12:55:53.942, 5, 24576, 1072, 23186, 14, 0
2025/01/06 12:55:54.042, 5, 24576, 1072, 23186, 15, 0
2025/01/06 12:55:54.143, 5, 24576, 1072, 23186, 15, 0
2025/01/06 12:55:54.244, 5, 24576, 1072, 23186, 16, 0
2025/01/06 12:55:54.345, 5, 24576, 1072, 23186, 16, 0
2025/01/06 12:55:54.446, 5, 24576, 1072, 23186, 16, 0
2025/01/06 12:55:54.547, 5, 24576, 1072, 23186, 16, 0
2025/01/06 12:55:54.648, 5, 24576, 1072, 23186, 15, 0
2025/01/06 12:55:54.748, 5, 24576, 1072, 23186, 15, 0
2025/01/06 12:55:54.849, 5, 24576, 1072, 23186, 15, 0
2025/01/06 12:55:54.950, 5, 24576, 1072, 23186, 15, 0
2025/01/06 12:55:55.051, 5, 24576, 1072, 23186, 16, 0
2025/01/06 12:55:55.151, 5, 24576, 1072, 23186, 16, 0
2025/01/06 12:55:55.252, 5, 24576, 1072, 23186, 15, 0
2025/01/06 12:55:55.353, 5, 24576, 1072, 23186, 15, 0
2025/01/06 12:55:55.453, 5, 24576, 1072, 23186, 15, 0
2025/01/06 12:55:55.554, 5, 24576, 1072, 23186, 15, 0
2025/01/06 12:55:55.655, 5, 24576, 1072, 23186, 16, 0
2025/01/06 12:55:55.755, 5, 24576, 1072, 23186, 16, 0
2025/01/06 12:55:55.856, 5, 24576, 1072, 23186, 16, 0
2025/01/06 12:55:55.957, 5, 24576, 1072, 23186, 16, 0
2025/01/06 12:55:56.058, 5, 24576, 1072, 23186, 16, 0
2025/01/06 12:55:56.159, 5, 24576, 1072, 23186, 16, 0
2025/01/06 12:55:56.260, 5, 24576, 1072, 23186, 15, 0
2025/01/06 12:55:56.360, 5, 24576, 1072, 23186, 15, 0
2025/01/06 12:55:56.461, 5, 24576, 1072, 23186, 17, 0
2025/01/06 12:55:56.562, 5, 24576, 1072, 23186, 17, 0
2025/01/06 12:55:56.663, 5, 24576, 1072, 23186, 17, 0
2025/01/06 12:55:56.764, 5, 24576, 1072, 23186, 16, 0
2025/01/06 12:55:56.867, 5, 24576, 1072, 23186, 16, 0
2025/01/06 12:55:56.968, 5, 24576, 1072, 23186, 15, 0
2025/01/06 12:55:57.071, 5, 24576, 1072, 23186, 15, 0
2025/01/06 12:55:57.172, 5, 24576, 1072, 23186, 15, 0
2025/01/06 12:55:57.272, 5, 24576, 1072, 23186, 15, 0
2025/01/06 12:55:57.373, 5, 24576, 1072, 23186, 15, 0
2025/01/06 12:55:57.474, 5, 24576, 1072, 23186, 15, 0
2025/01/06 12:55:57.574, 5, 24576, 1072, 23186, 15, 0
2025/01/06 12:55:57.675, 5, 24576, 1072, 23186, 15, 0
2025/01/06 12:55:57.776, 5, 24576, 1072, 23186, 16, 0
2025/01/06 12:55:57.876, 5, 24576, 1072, 23186, 16, 0
2025/01/06 12:55:57.977, 5, 24576, 1072, 23186, 16, 0
2025/01/06 12:55:58.077, 5, 24576, 1072, 23186, 16, 0
2025/01/06 12:55:58.178, 5, 24576, 1072, 23186, 16, 0
2025/01/06 12:55:58.279, 5, 24576, 1072, 23186, 16, 0
2025/01/06 12:55:58.379, 5, 24576, 1072, 23186, 15, 0
2025/01/06 12:55:58.480, 5, 24576, 1072, 23186, 15, 0
2025/01/06 12:55:58.581, 5, 24576, 1072, 23186, 16, 0
2025/01/06 12:55:58.681, 5, 24576, 1072, 23186, 16, 0
2025/01/06 12:55:58.782, 5, 24576, 1072, 23186, 15, 0
2025/01/06 12:55:58.883, 5, 24576, 1072, 23186, 15, 0
2025/01/06 12:55:58.984, 5, 24576, 1072, 23186, 15, 0
2025/01/06 12:55:59.085, 5, 24576, 1072, 23186, 15, 0
2025/01/06 12:55:59.186, 5, 24576, 1072, 23186, 15, 0
2025/01/06 12:55:59.287, 5, 24576, 1072, 23186, 15, 0
2025/01/06 12:55:59.387, 5, 24576, 1072, 23186, 15, 0
2025/01/06 12:55:59.488, 5, 24576, 1072, 23186, 15, 0
2025/01/06 12:55:59.589, 5, 24576, 1072, 23186, 15, 0
2025/01/06 12:55:59.689, 5, 24576, 1072, 23186, 15, 0
2025/01/06 12:55:59.790, 5, 24576, 1072, 23186, 15, 0
2025/01/06 12:55:59.891, 5, 24576, 1072, 23186, 15, 0
2025/01/06 12:55:59.992, 5, 24576, 1072, 23186, 15, 0
2025/01/06 12:56:00.092, 5, 24576, 1072, 23186, 15, 0
2025/01/06 12:56:00.193, 5, 24576, 1072, 23186, 14, 0
2025/01/06 12:56:00.294, 5, 24576, 1072, 23186, 14, 0
2025/01/06 12:56:00.394, 5, 24576, 1072, 23186, 15, 0
2025/01/06 12:56:00.495, 5, 24576, 1072, 23186, 15, 0
2025/01/06 12:56:00.596, 5, 24576, 1072, 23186, 16, 0
2025/01/06 12:56:00.697, 5, 24576, 1072, 23186, 16, 0
2025/01/06 12:56:00.797, 5, 24576, 1072, 23186, 16, 0
2025/01/06 12:56:00.898, 5, 24576, 1072, 23186, 16, 0
2025/01/06 12:56:00.999, 5, 24576, 1072, 23186, 16, 0
2025/01/06 12:56:01.099, 5, 24576, 1072, 23186, 16, 0
2025/01/06 12:56:01.200, 5, 24576, 1072, 23186, 15, 0
2025/01/06 12:56:01.301, 5, 24576, 1072, 23186, 15, 0
2025/01/06 12:56:01.401, 5, 24576, 1072, 23186, 14, 0
2025/01/06 12:56:01.502, 5, 24576, 1072, 23186, 14, 0
2025/01/06 12:56:01.603, 5, 24576, 1072, 23186, 15, 0
2025/01/06 12:56:01.704, 5, 24576, 1072, 23186, 15, 0
2025/01/06 12:56:01.805, 5, 24576, 1072, 23186, 15, 0
2025/01/06 12:56:01.906, 5, 24576, 1072, 23186, 15, 0
2025/01/06 12:56:02.007, 5, 24576, 1072, 23186, 16, 0
2025/01/06 12:56:02.107, 5, 24576, 1072, 23186, 16, 0
2025/01/06 12:56:02.208, 5, 24576, 1072, 23186, 13, 0
2025/01/06 12:56:02.309, 5, 24576, 1072, 23186, 13, 0
2025/01/06 12:56:02.409, 5, 24576, 1072, 23186, 14, 0
2025/01/06 12:56:02.510, 5, 24576, 1072, 23186, 14, 0
2025/01/06 12:56:02.611, 5, 24576, 1072, 23186, 15, 0
2025/01/06 12:56:02.711, 5, 24576, 1072, 23186, 15, 0
2025/01/06 12:56:02.812, 5, 24576, 1072, 23186, 14, 0
2025/01/06 12:56:02.913, 5, 24576, 1072, 23186, 14, 0
2025/01/06 12:56:03.013, 5, 24576, 1072, 23186, 15, 0
2025/01/06 12:56:03.114, 5, 24576, 1072, 23186, 15, 0
2025/01/06 12:56:03.215, 5, 24576, 1072, 23186, 15, 0
2025/01/06 12:56:03.316, 5, 24576, 1072, 23186, 15, 0
2025/01/06 12:56:03.416, 5, 24576, 1072, 23186, 16, 0
2025/01/06 12:56:03.517, 5, 24576, 1072, 23186, 16, 0
2025/01/06 12:56:03.618, 5, 24576, 1072, 23186, 15, 0
2025/01/06 12:56:03.719, 5, 24576, 1072, 23186, 15, 0
2025/01/06 12:56:03.819, 5, 24576, 1072, 23186, 16, 0
2025/01/06 12:56:03.920, 5, 24576, 1072, 23186, 16, 0
2025/01/06 12:56:04.021, 5, 24576, 1072, 23186, 15, 0
2025/01/06 12:56:04.122, 5, 24576, 1072, 23186, 15, 0
2025/01/06 12:56:04.224, 5, 24576, 1072, 23186, 14, 0
2025/01/06 12:56:04.324, 5, 24576, 1072, 23186, 14, 0
2025/01/06 12:56:04.425, 5, 24576, 1072, 23186, 14, 0
2025/01/06 12:56:04.526, 5, 24576, 1072, 23186, 14, 0
2025/01/06 12:56:04.626, 5, 24576, 1072, 23186, 14, 0
2025/01/06 12:56:04.727, 5, 24576, 1072, 23186, 14, 0
2025/01/06 12:56:04.828, 5, 24576, 1072, 23186, 15, 0
2025/01/06 12:56:04.928, 5, 24576, 1072, 23186, 15, 0
2025/01/06 12:56:05.029, 5, 24576, 1072, 23186, 14, 0
2025/01/06 12:56:05.130, 5, 24576, 1072, 23186, 14, 0
2025/01/06 12:56:05.230, 5, 24576, 1072, 23186, 14, 0
2025/01/06 12:56:05.331, 5, 24576, 1072, 23186, 14, 0
2025/01/06 12:56:05.432, 5, 24576, 1072, 23186, 15, 0
2025/01/06 12:56:05.533, 5, 24576, 1072, 23186, 15, 0
2025/01/06 12:56:05.633, 5, 24576, 1072, 23186, 14, 0
2025/01/06 12:56:05.734, 5, 24576, 1072, 23186, 14, 0
2025/01/06 12:56:05.835, 5, 24576, 1072, 23186, 13, 0
2025/01/06 12:56:05.935, 5, 24576, 1072, 23186, 13, 0
2025/01/06 12:56:06.036, 5, 24576, 1072, 23186, 14, 0
2025/01/06 12:56:06.137, 5, 24576, 1072, 23186, 14, 0
2025/01/06 12:56:06.238, 5, 24576, 1072, 23186, 14, 0
2025/01/06 12:56:06.338, 5, 24576, 1072, 23186, 14, 0
2025/01/06 12:56:06.439, 5, 24576, 1072, 23186, 13, 0
2025/01/06 12:56:06.540, 5, 24576, 1072, 23186, 13, 0
2025/01/06 12:56:06.641, 5, 24576, 1072, 23186, 15, 0
2025/01/06 12:56:06.742, 5, 24576, 1072, 23186, 15, 0
2025/01/06 12:56:06.843, 5, 24576, 1072, 23186, 16, 0
2025/01/06 12:56:06.943, 5, 24576, 1072, 23186, 16, 0
2025/01/06 12:56:07.044, 5, 24576, 1072, 23186, 15, 0
2025/01/06 12:56:07.145, 5, 24576, 1072, 23186, 15, 0
2025/01/06 12:56:07.246, 5, 24576, 1072, 23186, 14, 0
2025/01/06 12:56:07.346, 5, 24576, 1072, 23186, 14, 0
2025/01/06 12:56:07.447, 5, 24576, 1072, 23186, 15, 0
2025/01/06 12:56:07.548, 5, 24576, 1072, 23186, 15, 0
2025/01/06 12:56:07.648, 5, 24576, 1072, 23186, 14, 0
2025/01/06 12:56:07.749, 5, 24576, 1072, 23186, 14, 0
2025/01/06 12:56:07.850, 5, 24576, 1072, 23186, 15, 0
2025/01/06 12:56:07.951, 5, 24576, 1072, 23186, 15, 0
2025/01/06 12:56:08.051, 5, 24576, 1072, 23186, 14, 0
2025/01/06 12:56:08.152, 5, 24576, 1072, 23186, 14, 0
2025/01/06 12:56:08.253, 5, 24576, 1072, 23186, 14, 0
2025/01/06 12:56:08.353, 5, 24576, 1072, 23186, 14, 0
2025/01/06 12:56:08.454, 5, 24576, 1072, 23186, 14, 0
2025/01/06 12:56:08.555, 5, 24576, 1072, 23186, 14, 0
2025/01/06 12:56:08.656, 5, 24576, 1072, 23186, 13, 0
2025/01/06 12:56:08.756, 5, 24576, 1072, 23186, 13, 0
2025/01/06 12:56:08.857, 5, 24576, 1072, 23186, 14, 0
2025/01/06 12:56:08.958, 5, 24576, 1072, 23186, 14, 0
2025/01/06 12:56:09.058, 5, 24576, 1072, 23186, 14, 0
2025/01/06 12:56:09.159, 5, 24576, 1072, 23186, 14, 0
2025/01/06 12:56:09.260, 5, 24576, 1072, 23186, 14, 0
2025/01/06 12:56:09.361, 5, 24576, 1072, 23186, 15, 0
2025/01/06 12:56:09.463, 5, 24576, 1072, 23186, 15, 0
2025/01/06 12:56:09.564, 5, 24576, 1072, 23186, 14, 0
2025/01/06 12:56:09.665, 5, 24576, 1072, 23186, 14, 0
2025/01/06 12:56:09.765, 5, 24576, 1072, 23186, 14, 0
2025/01/06 12:56:09.866, 5, 24576, 1072, 23186, 14, 0
2025/01/06 12:56:09.967, 5, 24576, 1072, 23186, 16, 0
2025/01/06 12:56:10.067, 5, 24576, 1072, 23186, 16, 0
2025/01/06 12:56:10.168, 5, 24576, 1072, 23186, 15, 0
2025/01/06 12:56:10.269, 5, 24576, 1072, 23186, 15, 0
2025/01/06 12:56:10.369, 5, 24576, 1072, 23186, 15, 0
2025/01/06 12:56:10.470, 5, 24576, 1072, 23186, 15, 0
2025/01/06 12:56:10.571, 5, 24576, 1072, 23186, 14, 0
2025/01/06 12:56:10.671, 5, 24576, 1072, 23186, 14, 0
2025/01/06 12:56:10.772, 5, 24576, 1072, 23186, 14, 0
2025/01/06 12:56:10.873, 5, 24576, 1072, 23186, 14, 0
2025/01/06 12:56:10.973, 5, 24576, 1072, 23186, 14, 0
2025/01/06 12:56:11.074, 5, 24576, 1072, 23186, 14, 0
2025/01/06 12:56:11.175, 5, 24576, 1072, 23186, 14, 0
2025/01/06 12:56:11.275, 5, 24576, 1072, 23186, 14, 0
2025/01/06 12:56:11.376, 5, 24576, 1072, 23186, 14, 0
2025/01/06 12:56:11.477, 5, 24576, 1072, 23186, 14, 0
2025/01/06 12:56:11.577, 5, 24576, 1072, 23186, 14, 0
2025/01/06 12:56:11.678, 5, 24576, 1072, 23186, 14, 0
2025/01/06 12:56:11.779, 5, 24576, 1072, 23186, 14, 0
2025/01/06 12:56:11.880, 5, 24576, 1072, 23186, 14, 0
2025/01/06 12:56:11.981, 5, 24576, 1072, 23186, 15, 0
2025/01/06 12:56:12.082, 5, 24576, 1072, 23186, 15, 0
2025/01/06 12:56:12.183, 5, 24576, 1072, 23186, 15, 0
2025/01/06 12:56:12.283, 5, 24576, 1072, 23186, 15, 0
2025/01/06 12:56:12.384, 5, 24576, 1072, 23186, 15, 0
2025/01/06 12:56:12.485, 5, 24576, 1072, 23186, 15, 0
2025/01/06 12:56:12.585, 5, 24576, 1072, 23186, 15, 0
2025/01/06 12:56:12.686, 5, 24576, 1072, 23186, 15, 0
2025/01/06 12:56:12.787, 5, 24576, 1072, 23186, 13, 0
2025/01/06 12:56:12.888, 5, 24576, 1072, 23186, 13, 0
2025/01/06 12:56:12.988, 5, 24576, 1072, 23186, 14, 0
2025/01/06 12:56:13.089, 5, 24576, 1072, 23186, 14, 0
2025/01/06 12:56:13.190, 5, 24576, 1072, 23186, 14, 0
2025/01/06 12:56:13.290, 5, 24576, 1072, 23186, 14, 0
2025/01/06 12:56:13.391, 5, 24576, 1072, 23186, 16, 0
2025/01/06 12:56:13.492, 5, 24576, 1072, 23186, 16, 0
2025/01/06 12:56:13.593, 5, 24576, 1072, 23186, 13, 0
2025/01/06 12:56:13.693, 5, 24576, 1072, 23186, 13, 0
2025/01/06 12:56:13.794, 5, 24576, 1072, 23186, 14, 0
2025/01/06 12:56:13.895, 5, 24576, 1072, 23186, 14, 0
2025/01/06 12:56:13.995, 5, 24576, 1072, 23186, 15, 0
2025/01/06 12:56:14.096, 5, 24576, 1072, 23186, 15, 0
2025/01/06 12:56:14.197, 5, 24576, 1072, 23186, 14, 0
2025/01/06 12:56:14.297, 5, 24576, 1072, 23186, 14, 0
2025/01/06 12:56:14.398, 5, 24576, 1072, 23186, 13, 0
2025/01/06 12:56:14.499, 5, 24576, 1072, 23186, 13, 0
2025/01/06 12:56:14.600, 5, 24576, 1072, 23186, 13, 0
2025/01/06 12:56:14.701, 5, 24576, 1072, 23186, 13, 0
2025/01/06 12:56:14.802, 5, 24576, 1072, 23186, 14, 0
2025/01/06 12:56:14.903, 5, 24576, 1072, 23186, 14, 0
2025/01/06 12:56:15.003, 5, 24576, 1072, 23186, 15, 0
2025/01/06 12:56:15.104, 5, 24576, 1072, 23186, 15, 0
2025/01/06 12:56:15.205, 5, 24576, 1072, 23186, 14, 0
2025/01/06 12:56:15.305, 5, 24576, 1072, 23186, 14, 0
2025/01/06 12:56:15.406, 5, 24576, 1072, 23186, 15, 0
2025/01/06 12:56:15.507, 5, 24576, 1072, 23186, 15, 0
2025/01/06 12:56:15.607, 5, 24576, 1072, 23186, 15, 0
2025/01/06 12:56:15.708, 5, 24576, 1072, 23186, 15, 0
2025/01/06 12:56:15.809, 5, 24576, 1072, 23186, 16, 0
2025/01/06 12:56:15.910, 5, 24576, 1072, 23186, 16, 0
2025/01/06 12:56:16.010, 5, 24576, 1072, 23186, 15, 0
2025/01/06 12:56:16.111, 5, 24576, 1072, 23186, 15, 0
2025/01/06 12:56:16.212, 5, 24576, 1072, 23186, 16, 0
2025/01/06 12:56:16.313, 5, 24576, 1072, 23186, 16, 0
2025/01/06 12:56:16.413, 5, 24576, 1072, 23186, 15, 0
2025/01/06 12:56:16.514, 5, 24576, 1072, 23186, 15, 0
2025/01/06 12:56:16.615, 5, 24576, 1072, 23186, 15, 0
2025/01/06 12:56:16.715, 5, 24576, 1072, 23186, 15, 0
2025/01/06 12:56:16.816, 5, 24576, 1072, 23186, 15, 0
2025/01/06 12:56:16.917, 5, 24576, 1072, 23186, 15, 0
2025/01/06 12:56:17.018, 5, 24576, 1072, 23186, 14, 0
2025/01/06 12:56:17.119, 5, 24576, 1072, 23186, 14, 0
2025/01/06 12:56:17.220, 5, 24576, 1072, 23186, 14, 0
2025/01/06 12:56:17.321, 5, 24576, 1072, 23186, 14, 0
2025/01/06 12:56:17.422, 5, 24576, 1072, 23186, 14, 0
2025/01/06 12:56:17.522, 5, 24576, 1072, 23186, 14, 0
2025/01/06 12:56:17.623, 5, 24576, 1072, 23186, 14, 0
2025/01/06 12:56:17.724, 5, 24576, 1072, 23186, 14, 0
2025/01/06 12:56:17.825, 5, 24576, 1072, 23186, 15, 0
2025/01/06 12:56:17.925, 5, 24576, 1072, 23186, 15, 0
2025/01/06 12:56:18.026, 5, 24576, 1072, 23186, 15, 0
2025/01/06 12:56:18.127, 5, 24576, 1072, 23186, 15, 0
2025/01/06 12:56:18.227, 5, 24576, 1072, 23186, 16, 0
2025/01/06 12:56:18.328, 5, 24576, 1072, 23186, 16, 0
2025/01/06 12:56:18.429, 5, 24576, 1072, 23186, 16, 0
2025/01/06 12:56:18.529, 5, 24576, 1072, 23186, 16, 0
2025/01/06 12:56:18.630, 5, 24576, 1072, 23186, 16, 0
2025/01/06 12:56:18.731, 5, 24576, 1072, 23186, 16, 0
2025/01/06 12:56:18.832, 5, 24576, 1072, 23186, 16, 0
2025/01/06 12:56:18.932, 5, 24576, 1072, 23186, 16, 0
2025/01/06 12:56:19.033, 5, 24576, 1072, 23186, 15, 0
2025/01/06 12:56:19.134, 5, 24576, 1072, 23186, 15, 0
2025/01/06 12:56:19.234, 5, 24576, 1072, 23186, 13, 0
2025/01/06 12:56:19.335, 5, 24576, 1072, 23186, 13, 0
2025/01/06 12:56:19.436, 5, 24576, 1072, 23186, 14, 0
2025/01/06 12:56:19.537, 5, 24576, 1072, 23186, 14, 0
2025/01/06 12:56:19.638, 5, 24576, 1072, 23186, 17, 0
2025/01/06 12:56:19.739, 5, 24576, 1072, 23186, 17, 0
2025/01/06 12:56:19.840, 5, 24576, 1072, 23186, 18, 0
2025/01/06 12:56:19.940, 5, 24576, 1072, 23186, 18, 0
2025/01/06 12:56:20.041, 5, 24576, 1072, 23186, 15, 0
2025/01/06 12:56:20.142, 5, 24576, 1072, 23186, 15, 0
2025/01/06 12:56:20.242, 5, 24576, 1072, 23186, 14, 0
2025/01/06 12:56:20.343, 5, 24576, 1072, 23186, 14, 0
2025/01/06 12:56:20.444, 5, 24576, 1072, 23186, 15, 0
2025/01/06 12:56:20.544, 5, 24576, 1072, 23186, 15, 0
2025/01/06 12:56:20.645, 5, 24576, 1072, 23186, 14, 0
2025/01/06 12:56:20.746, 5, 24576, 1072, 23186, 14, 0
2025/01/06 12:56:20.847, 5, 24576, 1072, 23186, 15, 0
2025/01/06 12:56:20.947, 5, 24576, 1072, 23186, 15, 0
2025/01/06 12:56:21.048, 5, 24576, 1072, 23186, 14, 0
2025/01/06 12:56:21.149, 5, 24576, 1072, 23186, 14, 0
2025/01/06 12:56:21.250, 5, 24576, 1072, 23186, 15, 0
2025/01/06 12:56:21.351, 5, 24576, 1072, 23186, 15, 0
2025/01/06 12:56:21.451, 5, 24576, 1072, 23186, 16, 0
2025/01/06 12:56:21.552, 5, 24576, 1072, 23186, 16, 0
2025/01/06 12:56:21.653, 5, 24576, 1072, 23186, 14, 0
2025/01/06 12:56:21.754, 5, 24576, 1072, 23186, 14, 0
2025/01/06 12:56:21.854, 5, 24576, 1072, 23186, 15, 0
2025/01/06 12:56:21.955, 5, 24576, 1072, 23186, 15, 0
2025/01/06 12:56:22.056, 5, 24576, 1072, 23186, 15, 0
2025/01/06 12:56:22.157, 5, 24576, 1072, 23186, 15, 0
2025/01/06 12:56:22.259, 5, 24576, 1072, 23186, 15, 0
2025/01/06 12:56:22.360, 5, 24576, 1072, 23186, 16, 0
2025/01/06 12:56:22.461, 5, 24576, 1072, 23186, 16, 0
2025/01/06 12:56:22.562, 5, 24576, 1072, 23186, 15, 0
2025/01/06 12:56:22.662, 5, 24576, 1072, 23186, 15, 0
2025/01/06 12:56:22.763, 5, 24576, 1072, 23186, 15, 0
2025/01/06 12:56:22.864, 5, 24576, 1072, 23186, 15, 0
2025/01/06 12:56:22.964, 5, 24576, 1072, 23186, 16, 0
2025/01/06 12:56:23.065, 5, 24576, 1072, 23186, 16, 0
2025/01/06 12:56:23.166, 5, 24576, 1072, 23186, 14, 0
2025/01/06 12:56:23.267, 5, 24576, 1072, 23186, 14, 0
2025/01/06 12:56:23.367, 5, 24576, 1072, 23186, 16, 0
2025/01/06 12:56:23.468, 5, 24576, 1072, 23186, 16, 0
2025/01/06 12:56:23.569, 5, 24576, 1072, 23186, 16, 0
2025/01/06 12:56:23.670, 5, 24576, 1072, 23186, 16, 0
2025/01/06 12:56:23.770, 5, 24576, 1072, 23186, 3, 0
2025/01/06 12:56:23.871, 5, 24576, 1072, 23186, 3, 0
2025/01/06 12:56:23.972, 5, 24576, 1072, 23186, 13, 0
2025/01/06 12:56:24.072, 5, 24576, 1072, 23186, 13, 0
2025/01/06 12:56:24.173, 5, 24576, 1072, 23186, 16, 0
2025/01/06 12:56:24.274, 5, 24576, 1072, 23186, 16, 0
2025/01/06 12:56:24.375, 5, 24576, 1072, 23186, 15, 0
2025/01/06 12:56:24.476, 5, 24576, 1072, 23186, 15, 0
2025/01/06 12:56:24.577, 5, 24576, 1072, 23186, 14, 0
2025/01/06 12:56:24.678, 5, 24576, 1072, 23186, 14, 0
2025/01/06 12:56:24.778, 5, 24576, 1072, 23186, 15, 0
2025/01/06 12:56:24.879, 5, 24576, 1072, 23186, 15, 0
2025/01/06 12:56:24.980, 5, 24576, 1072, 23186, 14, 0
2025/01/06 12:56:25.081, 5, 24576, 1072, 23186, 14, 0
2025/01/06 12:56:25.181, 5, 24576, 1072, 23186, 15, 0
2025/01/06 12:56:25.282, 5, 24576, 1072, 23186, 15, 0
2025/01/06 12:56:25.383, 5, 24576, 1072, 23186, 15, 0
2025/01/06 12:56:25.483, 5, 24576, 1072, 23186, 15, 0
2025/01/06 12:56:25.584, 5, 24576, 1072, 23186, 14, 0
2025/01/06 12:56:25.685, 5, 24576, 1072, 23186, 14, 0
2025/01/06 12:56:25.785, 5, 24576, 1072, 23186, 14, 0
2025/01/06 12:56:25.886, 5, 24576, 1072, 23186, 14, 0
2025/01/06 12:56:25.987, 5, 24576, 1072, 23186, 15, 0
2025/01/06 12:56:26.087, 5, 24576, 1072, 23186, 15, 0
2025/01/06 12:56:26.188, 5, 24576, 1072, 23186, 16, 0
2025/01/06 12:56:26.289, 5, 24576, 1072, 23186, 16, 0
2025/01/06 12:56:26.390, 5, 24576, 1072, 23186, 18, 0
2025/01/06 12:56:26.490, 5, 24576, 1072, 23186, 18, 0
2025/01/06 12:56:26.591, 5, 24576, 1072, 23186, 17, 0
2025/01/06 12:56:26.693, 5, 24576, 1072, 23186, 17, 0
2025/01/06 12:56:26.793, 5, 24576, 1072, 23186, 17, 0
2025/01/06 12:56:26.894, 5, 24576, 1072, 23186, 17, 0
2025/01/06 12:56:26.995, 5, 24576, 1072, 23186, 18, 0
2025/01/06 12:56:27.096, 5, 24576, 1072, 23186, 18, 0
2025/01/06 12:56:27.197, 5, 24576, 1072, 23186, 17, 0
2025/01/06 12:56:27.298, 5, 24576, 1072, 23186, 17, 0
2025/01/06 12:56:27.399, 5, 24576, 1072, 23186, 17, 0
2025/01/06 12:56:27.499, 5, 24576, 1072, 23186, 17, 0
2025/01/06 12:56:27.600, 5, 24576, 1072, 23186, 16, 0
2025/01/06 12:56:27.701, 5, 24576, 1072, 23186, 16, 0
2025/01/06 12:56:27.802, 5, 24576, 1072, 23186, 16, 0
2025/01/06 12:56:27.902, 5, 24576, 1072, 23186, 16, 0
2025/01/06 12:56:28.003, 5, 24576, 1072, 23186, 17, 0
2025/01/06 12:56:28.104, 5, 24576, 1072, 23186, 17, 0
2025/01/06 12:56:28.205, 5, 24576, 1072, 23186, 15, 0
2025/01/06 12:56:28.305, 5, 24576, 1072, 23186, 15, 0
2025/01/06 12:56:28.406, 5, 24576, 1072, 23186, 14, 0
2025/01/06 12:56:28.507, 5, 24576, 1072, 23186, 14, 0
2025/01/06 12:56:28.607, 5, 24576, 1072, 23186, 15, 0
2025/01/06 12:56:28.708, 5, 24576, 1072, 23186, 15, 0
2025/01/06 12:56:28.809, 5, 24576, 1072, 23186, 15, 0
2025/01/06 12:56:28.909, 5, 24576, 1072, 23186, 15, 0
2025/01/06 12:56:29.010, 5, 24576, 1072, 23186, 15, 0
2025/01/06 12:56:29.111, 5, 24576, 1072, 23186, 15, 0
2025/01/06 12:56:29.211, 5, 24576, 1072, 23186, 16, 0
2025/01/06 12:56:29.312, 5, 24576, 1072, 23186, 16, 0
2025/01/06 12:56:29.413, 5, 24576, 1072, 23186, 15, 0
2025/01/06 12:56:29.514, 5, 24576, 1072, 23186, 15, 0
2025/01/06 12:56:29.615, 5, 24576, 1072, 23186, 16, 0
2025/01/06 12:56:29.716, 5, 24576, 1072, 23186, 16, 0
2025/01/06 12:56:29.817, 5, 24576, 1072, 23186, 15, 0
2025/01/06 12:56:29.917, 5, 24576, 1072, 23186, 15, 0
2025/01/06 12:56:30.018, 5, 24576, 1072, 23186, 14, 0
2025/01/06 12:56:30.119, 5, 24576, 1072, 23186, 14, 0
2025/01/06 12:56:30.219, 5, 24576, 1072, 23186, 15, 0
2025/01/06 12:56:30.320, 5, 24576, 1072, 23186, 15, 0
2025/01/06 12:56:30.421, 5, 24576, 1072, 23186, 15, 0
2025/01/06 12:56:30.521, 5, 24576, 1072, 23186, 15, 0
2025/01/06 12:56:30.622, 5, 24576, 1072, 23186, 15, 0
2025/01/06 12:56:30.723, 5, 24576, 1072, 23186, 15, 0
2025/01/06 12:56:30.824, 5, 24576, 1072, 23186, 14, 0
2025/01/06 12:56:30.924, 5, 24576, 1072, 23186, 14, 0
2025/01/06 12:56:31.025, 5, 24576, 1072, 23186, 14, 0
2025/01/06 12:56:31.126, 5, 24576, 1072, 23186, 14, 0
2025/01/06 12:56:31.226, 5, 24576, 1072, 23186, 15, 0
2025/01/06 12:56:31.327, 5, 24576, 1072, 23186, 15, 0
2025/01/06 12:56:31.428, 5, 24576, 1072, 23186, 15, 0
2025/01/06 12:56:31.528, 5, 24576, 1072, 23186, 15, 0
2025/01/06 12:56:31.629, 5, 24576, 1072, 23186, 14, 0
2025/01/06 12:56:31.730, 5, 24576, 1072, 23186, 14, 0
2025/01/06 12:56:31.830, 5, 24576, 1072, 23186, 15, 0
2025/01/06 12:56:31.931, 5, 24576, 1072, 23186, 15, 0
2025/01/06 12:56:32.032, 5, 24576, 1072, 23186, 15, 0
2025/01/06 12:56:32.133, 5, 24576, 1072, 23186, 15, 0
2025/01/06 12:56:32.234, 5, 24576, 1072, 23186, 16, 0
2025/01/06 12:56:32.335, 5, 24576, 1072, 23186, 16, 0
2025/01/06 12:56:32.435, 5, 24576, 1072, 23186, 14, 0
2025/01/06 12:56:32.536, 5, 24576, 1072, 23186, 14, 0
2025/01/06 12:56:32.637, 5, 24576, 1072, 23186, 15, 0
2025/01/06 12:56:32.738, 5, 24576, 1072, 23186, 15, 0
2025/01/06 12:56:32.838, 5, 24576, 1072, 23186, 15, 0
2025/01/06 12:56:32.939, 5, 24576, 1072, 23186, 15, 0
2025/01/06 12:56:33.040, 5, 24576, 1072, 23186, 17, 0
2025/01/06 12:56:33.140, 5, 24576, 1072, 23186, 17, 0
2025/01/06 12:56:33.241, 5, 24576, 1072, 23186, 15, 0
2025/01/06 12:56:33.342, 5, 24576, 1072, 23186, 15, 0
2025/01/06 12:56:33.442, 5, 24576, 1072, 23186, 15, 0
2025/01/06 12:56:33.543, 5, 24576, 1072, 23186, 15, 0
2025/01/06 12:56:33.644, 5, 24576, 1072, 23186, 14, 0
2025/01/06 12:56:33.744, 5, 24576, 1072, 23186, 14, 0
2025/01/06 12:56:33.845, 5, 24576, 1072, 23186, 13, 0
2025/01/06 12:56:33.946, 5, 24576, 1072, 23186, 13, 0
2025/01/06 12:56:34.047, 5, 24576, 1072, 23186, 15, 0
2025/01/06 12:56:34.147, 5, 24576, 1072, 23186, 15, 0
2025/01/06 12:56:34.248, 5, 24576, 1072, 23186, 15, 0
2025/01/06 12:56:34.349, 5, 24576, 1072, 23186, 15, 0
2025/01/06 12:56:34.450, 5, 24576, 1072, 23186, 15, 0
2025/01/06 12:56:34.550, 5, 24576, 1072, 23186, 15, 0
2025/01/06 12:56:34.651, 5, 24576, 1072, 23186, 15, 0
2025/01/06 12:56:34.752, 5, 24576, 1072, 23186, 13, 0
2025/01/06 12:56:34.855, 5, 24576, 1072, 23186, 13, 0
2025/01/06 12:56:34.956, 5, 24576, 1072, 23186, 15, 0
2025/01/06 12:56:35.057, 5, 24576, 1072, 23186, 15, 0
2025/01/06 12:56:35.157, 5, 24576, 1072, 23186, 15, 0
2025/01/06 12:56:35.259, 5, 24576, 1072, 23186, 15, 0
2025/01/06 12:56:35.359, 5, 24576, 1072, 23186, 14, 0
2025/01/06 12:56:35.460, 5, 24576, 1072, 23186, 14, 0
2025/01/06 12:56:35.561, 5, 24576, 1072, 23186, 15, 0
2025/01/06 12:56:35.662, 5, 24576, 1072, 23186, 15, 0
2025/01/06 12:56:35.762, 5, 24576, 1072, 23186, 15, 0
2025/01/06 12:56:35.863, 5, 24576, 1072, 23186, 15, 0
2025/01/06 12:56:35.964, 5, 24576, 1072, 23186, 15, 0
2025/01/06 12:56:36.064, 5, 24576, 1072, 23186, 15, 0
2025/01/06 12:56:36.165, 5, 24576, 1072, 23186, 14, 0
2025/01/06 12:56:36.266, 5, 24576, 1072, 23186, 14, 0
2025/01/06 12:56:36.366, 5, 24576, 1072, 23186, 14, 0
2025/01/06 12:56:36.467, 5, 24576, 1072, 23186, 14, 0
2025/01/06 12:56:36.568, 5, 24576, 1072, 23186, 15, 0
2025/01/06 12:56:36.668, 5, 24576, 1072, 23186, 15, 0
2025/01/06 12:56:36.769, 5, 24576, 1072, 23186, 15, 0
2025/01/06 12:56:36.870, 5, 24576, 1072, 23186, 15, 0
2025/01/06 12:56:36.970, 5, 24576, 1072, 23186, 14, 0
2025/01/06 12:56:37.071, 5, 24576, 1072, 23186, 14, 0
2025/01/06 12:56:37.172, 5, 24576, 1072, 23186, 15, 0
2025/01/06 12:56:37.273, 5, 24576, 1072, 23186, 15, 0
2025/01/06 12:56:37.374, 5, 24576, 1072, 23186, 14, 0
2025/01/06 12:56:37.475, 5, 24576, 1072, 23186, 14, 0
2025/01/06 12:56:37.575, 5, 24576, 1072, 23186, 16, 0
2025/01/06 12:56:37.676, 5, 24576, 1072, 23186, 16, 0
2025/01/06 12:56:37.777, 5, 24576, 1072, 23186, 15, 0
2025/01/06 12:56:37.877, 5, 24576, 1072, 23186, 15, 0
2025/01/06 12:56:37.978, 5, 24576, 1072, 23186, 14, 0
2025/01/06 12:56:38.079, 5, 24576, 1072, 23186, 14, 0
2025/01/06 12:56:38.180, 5, 24576, 1072, 23186, 15, 0
2025/01/06 12:56:38.280, 5, 24576, 1072, 23186, 15, 0
2025/01/06 12:56:38.381, 5, 24576, 1072, 23186, 15, 0
2025/01/06 12:56:38.482, 5, 24576, 1072, 23186, 15, 0
2025/01/06 12:56:38.582, 5, 24576, 1072, 23186, 14, 0
2025/01/06 12:56:38.683, 5, 24576, 1072, 23186, 14, 0
2025/01/06 12:56:38.784, 5, 24576, 1072, 23186, 14, 0
2025/01/06 12:56:38.884, 5, 24576, 1072, 23186, 14, 0
2025/01/06 12:56:38.985, 5, 24576, 1072, 23186, 14, 0
2025/01/06 12:56:39.086, 5, 24576, 1072, 23186, 14, 0
2025/01/06 12:56:39.186, 5, 24576, 1072, 23186, 15, 0
2025/01/06 12:56:39.287, 5, 24576, 1072, 23186, 15, 0
2025/01/06 12:56:39.388, 5, 24576, 1072, 23186, 15, 0
2025/01/06 12:56:39.488, 5, 24576, 1072, 23186, 15, 0
2025/01/06 12:56:39.589, 5, 24576, 1072, 23186, 14, 0
2025/01/06 12:56:39.690, 5, 24576, 1072, 23186, 14, 0
2025/01/06 12:56:39.791, 5, 24576, 1072, 23186, 14, 0
2025/01/06 12:56:39.892, 5, 24576, 1072, 23186, 14, 0
2025/01/06 12:56:39.993, 5, 24576, 1072, 23186, 14, 0
2025/01/06 12:56:40.094, 5, 24576, 1072, 23186, 14, 0
2025/01/06 12:56:40.195, 5, 24576, 1072, 23186, 16, 0
2025/01/06 12:56:40.295, 5, 24576, 1072, 23186, 16, 0
2025/01/06 12:56:40.396, 5, 24576, 1072, 23186, 16, 0
2025/01/06 12:56:40.497, 5, 24576, 1072, 23186, 16, 0
2025/01/06 12:56:40.597, 5, 24576, 1072, 23186, 14, 0
2025/01/06 12:56:40.698, 5, 24576, 1072, 23186, 14, 0
2025/01/06 12:56:40.799, 5, 24576, 1072, 23186, 15, 0
2025/01/06 12:56:40.900, 5, 24576, 1072, 23186, 15, 0
2025/01/06 12:56:41.001, 5, 24576, 1072, 23186, 14, 0
2025/01/06 12:56:41.102, 5, 24576, 1072, 23186, 14, 0
2025/01/06 12:56:41.203, 5, 24576, 1072, 23186, 14, 0
2025/01/06 12:56:41.303, 5, 24576, 1072, 23186, 14, 0
2025/01/06 12:56:41.404, 5, 24576, 1072, 23186, 15, 0
2025/01/06 12:56:41.505, 5, 24576, 1072, 23186, 15, 0
2025/01/06 12:56:41.606, 5, 24576, 1072, 23186, 14, 0
2025/01/06 12:56:41.706, 5, 24576, 1072, 23186, 14, 0
2025/01/06 12:56:41.807, 5, 24576, 1072, 23186, 14, 0
2025/01/06 12:56:41.908, 5, 24576, 1072, 23186, 14, 0
2025/01/06 12:56:42.008, 5, 24576, 1072, 23186, 14, 0
2025/01/06 12:56:42.109, 5, 24576, 1072, 23186, 14, 0
2025/01/06 12:56:42.210, 5, 24576, 1072, 23186, 15, 0
2025/01/06 12:56:42.311, 5, 24576, 1072, 23186, 15, 0
2025/01/06 12:56:42.412, 5, 24576, 1072, 23186, 16, 0
2025/01/06 12:56:42.513, 5, 24576, 1072, 23186, 16, 0
2025/01/06 12:56:42.614, 5, 24576, 1072, 23186, 14, 0
2025/01/06 12:56:42.714, 5, 24576, 1072, 23186, 14, 0
2025/01/06 12:56:42.815, 5, 24576, 1072, 23186, 15, 0
2025/01/06 12:56:42.916, 5, 24576, 1072, 23186, 15, 0
2025/01/06 12:56:43.016, 5, 24576, 1072, 23186, 16, 0
2025/01/06 12:56:43.117, 5, 24576, 1072, 23186, 16, 0
2025/01/06 12:56:43.218, 5, 24576, 1072, 23186, 15, 0
2025/01/06 12:56:43.319, 5, 24576, 1072, 23186, 15, 0
2025/01/06 12:56:43.419, 5, 24576, 1072, 23186, 15, 0
2025/01/06 12:56:43.520, 5, 24576, 1072, 23186, 15, 0
2025/01/06 12:56:43.621, 5, 24576, 1072, 23186, 14, 0
2025/01/06 12:56:43.721, 5, 24576, 1072, 23186, 14, 0
2025/01/06 12:56:43.822, 5, 24576, 1072, 23186, 15, 0
2025/01/06 12:56:43.923, 5, 24576, 1072, 23186, 15, 0
2025/01/06 12:56:44.023, 5, 24576, 1072, 23186, 16, 0
2025/01/06 12:56:44.124, 5, 24576, 1072, 23186, 16, 0
2025/01/06 12:56:44.225, 5, 24576, 1072, 23186, 17, 0
2025/01/06 12:56:44.325, 5, 24576, 1072, 23186, 17, 0
2025/01/06 12:56:44.426, 5, 24576, 1072, 23186, 17, 0
2025/01/06 12:56:44.527, 5, 24576, 1072, 23186, 17, 0
2025/01/06 12:56:44.627, 5, 24576, 1072, 23186, 17, 0
2025/01/06 12:56:44.728, 5, 24576, 1072, 23186, 17, 0
2025/01/06 12:56:44.829, 5, 24576, 1072, 23186, 17, 0
2025/01/06 12:56:44.930, 5, 24576, 1072, 23186, 17, 0
2025/01/06 12:56:45.031, 5, 24576, 1072, 23186, 17, 0
2025/01/06 12:56:45.132, 5, 24576, 1072, 23186, 17, 0
2025/01/06 12:56:45.232, 5, 24576, 1072, 23186, 17, 0
2025/01/06 12:56:45.333, 5, 24576, 1072, 23186, 17, 0
2025/01/06 12:56:45.434, 5, 24576, 1072, 23186, 17, 0
2025/01/06 12:56:45.534, 5, 24576, 1072, 23186, 17, 0
2025/01/06 12:56:45.635, 5, 24576, 1072, 23186, 17, 0
2025/01/06 12:56:45.736, 5, 24576, 1072, 23186, 17, 0
2025/01/06 12:56:45.837, 5, 24576, 1072, 23186, 18, 0
2025/01/06 12:56:45.937, 5, 24576, 1072, 23186, 18, 0
2025/01/06 12:56:46.038, 5, 24576, 1072, 23186, 17, 0
2025/01/06 12:56:46.139, 5, 24576, 1072, 23186, 17, 0
2025/01/06 12:56:46.239, 5, 24576, 1072, 23186, 16, 0
2025/01/06 12:56:46.340, 5, 24576, 1072, 23186, 16, 0
2025/01/06 12:56:46.441, 5, 24576, 1072, 23186, 14, 0
2025/01/06 12:56:46.542, 5, 24576, 1072, 23186, 14, 0
2025/01/06 12:56:46.642, 5, 24576, 1072, 23186, 15, 0
2025/01/06 12:56:46.743, 5, 24576, 1072, 23186, 15, 0
2025/01/06 12:56:46.844, 5, 24576, 1072, 23186, 16, 0
2025/01/06 12:56:46.944, 5, 24576, 1072, 23186, 16, 0
2025/01/06 12:56:47.045, 5, 24576, 1072, 23186, 17, 0
2025/01/06 12:56:47.146, 5, 24576, 1072, 23186, 17, 0
2025/01/06 12:56:47.247, 5, 24576, 1072, 23186, 17, 0
2025/01/06 12:56:47.347, 5, 24576, 1072, 23186, 17, 0
2025/01/06 12:56:47.448, 5, 24576, 1072, 23186, 17, 0
2025/01/06 12:56:47.549, 5, 24576, 1072, 23186, 16, 0
2025/01/06 12:56:47.651, 5, 24576, 1072, 23186, 16, 0
2025/01/06 12:56:47.752, 5, 24576, 1072, 23186, 15, 0
2025/01/06 12:56:47.855, 5, 24576, 1072, 23186, 15, 0
2025/01/06 12:56:47.956, 5, 24576, 1072, 23186, 17, 0
2025/01/06 12:56:48.056, 5, 24576, 1072, 23186, 17, 0
2025/01/06 12:56:48.157, 5, 24576, 1072, 23186, 17, 0
2025/01/06 12:56:48.258, 5, 24576, 1072, 23186, 17, 0
2025/01/06 12:56:48.359, 5, 24576, 1072, 23186, 18, 0
2025/01/06 12:56:48.459, 5, 24576, 1072, 23186, 18, 0
2025/01/06 12:56:48.560, 5, 24576, 1072, 23186, 17, 0
2025/01/06 12:56:48.661, 5, 24576, 1072, 23186, 17, 0
2025/01/06 12:56:48.761, 5, 24576, 1072, 23186, 17, 0
2025/01/06 12:56:48.862, 5, 24576, 1072, 23186, 17, 0
2025/01/06 12:56:48.963, 5, 24576, 1072, 23186, 17, 0
2025/01/06 12:56:49.063, 5, 24576, 1072, 23186, 17, 0
2025/01/06 12:56:49.164, 5, 24576, 1072, 23186, 18, 0
2025/01/06 12:56:49.265, 5, 24576, 1072, 23186, 18, 0
2025/01/06 12:56:49.365, 5, 24576, 1072, 23186, 18, 0
2025/01/06 12:56:49.466, 5, 24576, 1072, 23186, 18, 0
2025/01/06 12:56:49.567, 5, 24576, 1072, 23186, 17, 0
2025/01/06 12:56:49.668, 5, 24576, 1072, 23186, 17, 0
2025/01/06 12:56:49.768, 5, 24576, 1072, 23186, 17, 0
2025/01/06 12:56:49.869, 5, 24576, 1072, 23186, 17, 0
2025/01/06 12:56:49.970, 5, 24576, 1072, 23186, 17, 0
2025/01/06 12:56:50.071, 5, 24576, 1072, 23186, 17, 0
2025/01/06 12:56:50.171, 5, 24576, 1072, 23186, 17, 0
2025/01/06 12:56:50.272, 5, 24576, 1072, 23186, 17, 0
2025/01/06 12:56:50.373, 5, 24576, 1072, 23186, 17, 0
2025/01/06 12:56:50.473, 5, 24576, 1072, 23186, 17, 0
2025/01/06 12:56:50.574, 5, 24576, 1072, 23186, 17, 0
2025/01/06 12:56:50.675, 5, 24576, 1072, 23186, 17, 0
2025/01/06 12:56:50.776, 5, 24576, 1072, 23186, 15, 0
2025/01/06 12:56:50.876, 5, 24576, 1072, 23186, 15, 0
2025/01/06 12:56:50.977, 5, 24576, 1072, 23186, 17, 0
2025/01/06 12:56:51.078, 5, 24576, 1072, 23186, 17, 0
2025/01/06 12:56:51.178, 5, 24576, 1072, 23186, 17, 0
2025/01/06 12:56:51.279, 5, 24576, 1072, 23186, 17, 0
2025/01/06 12:56:51.380, 5, 24576, 1072, 23186, 15, 0
2025/01/06 12:56:51.481, 5, 24576, 1072, 23186, 15, 0
2025/01/06 12:56:51.581, 5, 24576, 1072, 23186, 14, 0
2025/01/06 12:56:51.682, 5, 24576, 1072, 23186, 14, 0
2025/01/06 12:56:51.783, 5, 24576, 1072, 23186, 15, 0
2025/01/06 12:56:51.883, 5, 24576, 1072, 23186, 15, 0
2025/01/06 12:56:51.984, 5, 24576, 1072, 23186, 15, 0
2025/01/06 12:56:52.085, 5, 24576, 1072, 23186, 15, 0
2025/01/06 12:56:52.185, 5, 24576, 1072, 23186, 14, 0
2025/01/06 12:56:52.286, 5, 24576, 1072, 23186, 14, 0
2025/01/06 12:56:52.387, 5, 24576, 1072, 23186, 16, 0
2025/01/06 12:56:52.488, 5, 24576, 1072, 23186, 16, 0
2025/01/06 12:56:52.589, 5, 24576, 1072, 23186, 16, 0
2025/01/06 12:56:52.690, 5, 24576, 1072, 23186, 16, 0
2025/01/06 12:56:52.791, 5, 24576, 1072, 23186, 16, 0
2025/01/06 12:56:52.891, 5, 24576, 1072, 23186, 16, 0
2025/01/06 12:56:52.992, 5, 24576, 1072, 23186, 15, 0
2025/01/06 12:56:53.093, 5, 24576, 1072, 23186, 15, 0
2025/01/06 12:56:53.193, 5, 24576, 1072, 23186, 15, 0
2025/01/06 12:56:53.294, 5, 24576, 1072, 23186, 15, 0
2025/01/06 12:56:53.395, 5, 24576, 1072, 23186, 14, 0
2025/01/06 12:56:53.495, 5, 24576, 1072, 23186, 14, 0
2025/01/06 12:56:53.596, 5, 24576, 1072, 23186, 15, 0
2025/01/06 12:56:53.697, 5, 24576, 1072, 23186, 15, 0
2025/01/06 12:56:53.797, 5, 24576, 1072, 23186, 15, 0
2025/01/06 12:56:53.898, 5, 24576, 1072, 23186, 15, 0
2025/01/06 12:56:53.999, 5, 24576, 1072, 23186, 15, 0
2025/01/06 12:56:54.100, 5, 24576, 1072, 23186, 15, 0
2025/01/06 12:56:54.200, 5, 24576, 1072, 23186, 14, 0
2025/01/06 12:56:54.301, 5, 24576, 1072, 23186, 14, 0
2025/01/06 12:56:54.402, 5, 24576, 1072, 23186, 14, 0
2025/01/06 12:56:54.502, 5, 24576, 1072, 23186, 14, 0
2025/01/06 12:56:54.603, 5, 24576, 1072, 23186, 15, 0
2025/01/06 12:56:54.704, 5, 24576, 1072, 23186, 15, 0
2025/01/06 12:56:54.804, 5, 24576, 1072, 23186, 15, 0
2025/01/06 12:56:54.906, 5, 24576, 1072, 23186, 15, 0
2025/01/06 12:56:55.007, 5, 24576, 1072, 23186, 14, 0
2025/01/06 12:56:55.108, 5, 24576, 1072, 23186, 14, 0
2025/01/06 12:56:55.208, 5, 24576, 1072, 23186, 14, 0
2025/01/06 12:56:55.309, 5, 24576, 1072, 23186, 14, 0
2025/01/06 12:56:55.410, 5, 24576, 1072, 23186, 15, 0
2025/01/06 12:56:55.511, 5, 24576, 1072, 23186, 15, 0
2025/01/06 12:56:55.611, 5, 24576, 1072, 23186, 14, 0
2025/01/06 12:56:55.712, 5, 24576, 1072, 23186, 14, 0
2025/01/06 12:56:55.813, 5, 24576, 1072, 23186, 14, 0
2025/01/06 12:56:55.913, 5, 24576, 1072, 23186, 14, 0
2025/01/06 12:56:56.014, 5, 24576, 1072, 23186, 14, 0
2025/01/06 12:56:56.115, 5, 24576, 1072, 23186, 14, 0
2025/01/06 12:56:56.216, 5, 24576, 1072, 23186, 16, 0
2025/01/06 12:56:56.317, 5, 24576, 1072, 23186, 16, 0
2025/01/06 12:56:56.417, 5, 24576, 1072, 23186, 15, 0
2025/01/06 12:56:56.518, 5, 24576, 1072, 23186, 15, 0
2025/01/06 12:56:56.619, 5, 24576, 1072, 23186, 16, 0
2025/01/06 12:56:56.720, 5, 24576, 1072, 23186, 16, 0
2025/01/06 12:56:56.820, 5, 24576, 1072, 23186, 15, 0
2025/01/06 12:56:56.921, 5, 24576, 1072, 23186, 15, 0
2025/01/06 12:56:57.022, 5, 24576, 1072, 23186, 14, 0
2025/01/06 12:56:57.122, 5, 24576, 1072, 23186, 14, 0
2025/01/06 12:56:57.223, 5, 24576, 1072, 23186, 14, 0
2025/01/06 12:56:57.324, 5, 24576, 1072, 23186, 14, 0
2025/01/06 12:56:57.425, 5, 24576, 1072, 23186, 15, 0
2025/01/06 12:56:57.526, 5, 24576, 1072, 23186, 15, 0
2025/01/06 12:56:57.627, 5, 24576, 1072, 23186, 14, 0
2025/01/06 12:56:57.728, 5, 24576, 1072, 23186, 14, 0
2025/01/06 12:56:57.828, 5, 24576, 1072, 23186, 15, 0
2025/01/06 12:56:57.929, 5, 24576, 1072, 23186, 15, 0
2025/01/06 12:56:58.030, 5, 24576, 1072, 23186, 15, 0
2025/01/06 12:56:58.131, 5, 24576, 1072, 23186, 15, 0
2025/01/06 12:56:58.231, 5, 24576, 1072, 23186, 14, 0
2025/01/06 12:56:58.332, 5, 24576, 1072, 23186, 14, 0
2025/01/06 12:56:58.433, 5, 24576, 1072, 23186, 15, 0
2025/01/06 12:56:58.533, 5, 24576, 1072, 23186, 15, 0
2025/01/06 12:56:58.634, 5, 24576, 1072, 23186, 15, 0
2025/01/06 12:56:58.735, 5, 24576, 1072, 23186, 15, 0
2025/01/06 12:56:58.836, 5, 24576, 1072, 23186, 8, 0
2025/01/06 12:56:58.936, 5, 24576, 1072, 23186, 8, 0
2025/01/06 12:56:59.037, 5, 24576, 1072, 23186, 11, 0
2025/01/06 12:56:59.138, 5, 24576, 1072, 23186, 11, 0
2025/01/06 12:56:59.239, 5, 24576, 1072, 23186, 15, 0
2025/01/06 12:56:59.339, 5, 24576, 1072, 23186, 15, 0
2025/01/06 12:56:59.440, 5, 24576, 1072, 23186, 15, 0
2025/01/06 12:56:59.541, 5, 24576, 1072, 23186, 15, 0
2025/01/06 12:56:59.641, 5, 24576, 1072, 23186, 15, 0
2025/01/06 12:56:59.742, 5, 24576, 1072, 23186, 15, 0
2025/01/06 12:56:59.843, 5, 24576, 1072, 23186, 15, 0
2025/01/06 12:56:59.944, 5, 24576, 1072, 23186, 15, 0
2025/01/06 12:57:00.047, 5, 24576, 1072, 23186, 15, 0
2025/01/06 12:57:00.148, 5, 24576, 1072, 23186, 15, 0
2025/01/06 12:57:00.249, 5, 24576, 1072, 23186, 15, 0
2025/01/06 12:57:00.350, 5, 24576, 1072, 23186, 14, 0
2025/01/06 12:57:00.450, 5, 24576, 1072, 23186, 14, 0
2025/01/06 12:57:00.551, 5, 24576, 1072, 23186, 16, 0
2025/01/06 12:57:00.652, 5, 24576, 1072, 23186, 16, 0
2025/01/06 12:57:00.752, 5, 24576, 1072, 23186, 17, 0
2025/01/06 12:57:00.853, 5, 24576, 1072, 23186, 17, 0
2025/01/06 12:57:00.954, 5, 24576, 1072, 23186, 14, 0
2025/01/06 12:57:01.055, 5, 24576, 1072, 23186, 14, 0
2025/01/06 12:57:01.155, 5, 24576, 1072, 23186, 14, 0
2025/01/06 12:57:01.256, 5, 24576, 1072, 23186, 14, 0
2025/01/06 12:57:01.357, 5, 24576, 1072, 23186, 14, 0
2025/01/06 12:57:01.457, 5, 24576, 1072, 23186, 14, 0
2025/01/06 12:57:01.558, 5, 24576, 1072, 23186, 14, 0
2025/01/06 12:57:01.658, 5, 24576, 1072, 23186, 14, 0
2025/01/06 12:57:01.759, 5, 24576, 1072, 23186, 15, 0
2025/01/06 12:57:01.860, 5, 24576, 1072, 23186, 15, 0
2025/01/06 12:57:01.960, 5, 24576, 1072, 23186, 15, 0
2025/01/06 12:57:02.061, 5, 24576, 1072, 23186, 15, 0
2025/01/06 12:57:02.162, 5, 24576, 1072, 23186, 14, 0
2025/01/06 12:57:02.262, 5, 24576, 1072, 23186, 14, 0
2025/01/06 12:57:02.363, 5, 24576, 1072, 23186, 15, 0
2025/01/06 12:57:02.464, 5, 24576, 1072, 23186, 15, 0
2025/01/06 12:57:02.565, 5, 24576, 1072, 23186, 14, 0
2025/01/06 12:57:02.666, 5, 24576, 1072, 23186, 14, 0
2025/01/06 12:57:02.767, 5, 24576, 1072, 23186, 16, 0
2025/01/06 12:57:02.868, 5, 24576, 1072, 23186, 16, 0
2025/01/06 12:57:02.968, 5, 24576, 1072, 23186, 15, 0
2025/01/06 12:57:03.069, 5, 24576, 1072, 23186, 15, 0
2025/01/06 12:57:03.170, 5, 24576, 1072, 23186, 15, 0
2025/01/06 12:57:03.270, 5, 24576, 1072, 23186, 15, 0
2025/01/06 12:57:03.371, 5, 24576, 1072, 23186, 14, 0
2025/01/06 12:57:03.472, 5, 24576, 1072, 23186, 14, 0
2025/01/06 12:57:03.573, 5, 24576, 1072, 23186, 14, 0
2025/01/06 12:57:03.673, 5, 24576, 1072, 23186, 14, 0
2025/01/06 12:57:03.774, 5, 24576, 1072, 23186, 13, 0
2025/01/06 12:57:03.875, 5, 24576, 1072, 23186, 13, 0
2025/01/06 12:57:03.975, 5, 24576, 1072, 23186, 14, 0
2025/01/06 12:57:04.076, 5, 24576, 1072, 23186, 14, 0
2025/01/06 12:57:04.177, 5, 24576, 1072, 23186, 15, 0
2025/01/06 12:57:04.277, 5, 24576, 1072, 23186, 15, 0
2025/01/06 12:57:04.378, 5, 24576, 1072, 23186, 15, 0
2025/01/06 12:57:04.479, 5, 24576, 1072, 23186, 15, 0
2025/01/06 12:57:04.579, 5, 24576, 1072, 23186, 16, 0
2025/01/06 12:57:04.680, 5, 24576, 1072, 23186, 16, 0
2025/01/06 12:57:04.781, 5, 24576, 1072, 23186, 17, 0
2025/01/06 12:57:04.882, 5, 24576, 1072, 23186, 17, 0
2025/01/06 12:57:04.982, 5, 24576, 1072, 23186, 17, 0
2025/01/06 12:57:05.083, 5, 24576, 1072, 23186, 17, 0
2025/01/06 12:57:05.184, 5, 24576, 1072, 23186, 18, 0
2025/01/06 12:57:05.285, 5, 24576, 1072, 23186, 18, 0
2025/01/06 12:57:05.386, 5, 24576, 1072, 23186, 18, 0
2025/01/06 12:57:05.487, 5, 24576, 1072, 23186, 18, 0
2025/01/06 12:57:05.587, 5, 24576, 1072, 23186, 17, 0
2025/01/06 12:57:05.688, 5, 24576, 1072, 23186, 17, 0
2025/01/06 12:57:05.789, 5, 24576, 1072, 23186, 17, 0
2025/01/06 12:57:05.889, 5, 24576, 1072, 23186, 17, 0
2025/01/06 12:57:05.990, 5, 24576, 1072, 23186, 17, 0
2025/01/06 12:57:06.091, 5, 24576, 1072, 23186, 17, 0
2025/01/06 12:57:06.192, 5, 24576, 1072, 23186, 17, 0
2025/01/06 12:57:06.292, 5, 24576, 1072, 23186, 17, 0
2025/01/06 12:57:06.393, 5, 24576, 1072, 23186, 17, 0
2025/01/06 12:57:06.494, 5, 24576, 1072, 23186, 17, 0
2025/01/06 12:57:06.594, 5, 24576, 1072, 23186, 17, 0
2025/01/06 12:57:06.695, 5, 24576, 1072, 23186, 17, 0
2025/01/06 12:57:06.796, 5, 24576, 1072, 23186, 17, 0
2025/01/06 12:57:06.896, 5, 24576, 1072, 23186, 17, 0
2025/01/06 12:57:06.997, 5, 24576, 1072, 23186, 18, 0
2025/01/06 12:57:07.098, 5, 24576, 1072, 23186, 18, 0
2025/01/06 12:57:07.198, 5, 24576, 1072, 23186, 17, 0
2025/01/06 12:57:07.299, 5, 24576, 1072, 23186, 17, 0
2025/01/06 12:57:07.400, 5, 24576, 1072, 23186, 17, 0
2025/01/06 12:57:07.500, 5, 24576, 1072, 23186, 17, 0
2025/01/06 12:57:07.601, 5, 24576, 1072, 23186, 17, 0
2025/01/06 12:57:07.702, 5, 24576, 1072, 23186, 17, 0
2025/01/06 12:57:07.803, 5, 24576, 1072, 23186, 17, 0
2025/01/06 12:57:07.904, 5, 24576, 1072, 23186, 17, 0
2025/01/06 12:57:08.005, 5, 24576, 1072, 23186, 17, 0
2025/01/06 12:57:08.106, 5, 24576, 1072, 23186, 17, 0
2025/01/06 12:57:08.206, 5, 24576, 1072, 23186, 18, 0
2025/01/06 12:57:08.307, 5, 24576, 1072, 23186, 18, 0
2025/01/06 12:57:08.408, 5, 24576, 1072, 23186, 17, 0
2025/01/06 12:57:08.508, 5, 24576, 1072, 23186, 17, 0
2025/01/06 12:57:08.609, 5, 24576, 1072, 23186, 17, 0
2025/01/06 12:57:08.710, 5, 24576, 1072, 23186, 17, 0
2025/01/06 12:57:08.810, 5, 24576, 1072, 23186, 17, 0
2025/01/06 12:57:08.911, 5, 24576, 1072, 23186, 17, 0
2025/01/06 12:57:09.012, 5, 24576, 1072, 23186, 17, 0
2025/01/06 12:57:09.112, 5, 24576, 1072, 23186, 17, 0
2025/01/06 12:57:09.213, 5, 24576, 1072, 23186, 17, 0
2025/01/06 12:57:09.314, 5, 24576, 1072, 23186, 17, 0
2025/01/06 12:57:09.415, 5, 24576, 1072, 23186, 18, 0
2025/01/06 12:57:09.515, 5, 24576, 1072, 23186, 18, 0
2025/01/06 12:57:09.616, 5, 24576, 1072, 23186, 17, 0
2025/01/06 12:57:09.717, 5, 24576, 1072, 23186, 17, 0
2025/01/06 12:57:09.817, 5, 24576, 1072, 23186, 18, 0
2025/01/06 12:57:09.918, 5, 24576, 1072, 23186, 18, 0
2025/01/06 12:57:10.019, 5, 24576, 1072, 23186, 17, 0
2025/01/06 12:57:10.119, 5, 24576, 1072, 23186, 17, 0
2025/01/06 12:57:10.220, 5, 24576, 1072, 23186, 17, 0
2025/01/06 12:57:10.321, 5, 24576, 1072, 23186, 17, 0
2025/01/06 12:57:10.422, 5, 24576, 1072, 23186, 17, 0
2025/01/06 12:57:10.523, 5, 24576, 1072, 23186, 17, 0
2025/01/06 12:57:10.625, 5, 24576, 1072, 23186, 17, 0
2025/01/06 12:57:10.725, 5, 24576, 1072, 23186, 17, 0
2025/01/06 12:57:10.826, 5, 24576, 1072, 23186, 15, 0
2025/01/06 12:57:10.927, 5, 24576, 1072, 23186, 15, 0
2025/01/06 12:57:11.028, 5, 24576, 1072, 23186, 15, 0
2025/01/06 12:57:11.128, 5, 24576, 1072, 23186, 15, 0
2025/01/06 12:57:11.229, 5, 24576, 1072, 23186, 15, 0
2025/01/06 12:57:11.330, 5, 24576, 1072, 23186, 15, 0
2025/01/06 12:57:11.431, 5, 24576, 1072, 23186, 15, 0
2025/01/06 12:57:11.531, 5, 24576, 1072, 23186, 15, 0
2025/01/06 12:57:11.632, 5, 24576, 1072, 23186, 14, 0
2025/01/06 12:57:11.733, 5, 24576, 1072, 23186, 14, 0
2025/01/06 12:57:11.833, 5, 24576, 1072, 23186, 14, 0
2025/01/06 12:57:11.934, 5, 24576, 1072, 23186, 14, 0
2025/01/06 12:57:12.035, 5, 24576, 1072, 23186, 15, 0
2025/01/06 12:57:12.136, 5, 24576, 1072, 23186, 15, 0
2025/01/06 12:57:12.236, 5, 24576, 1072, 23186, 14, 0
2025/01/06 12:57:12.337, 5, 24576, 1072, 23186, 14, 0
2025/01/06 12:57:12.438, 5, 24576, 1072, 23186, 14, 0
2025/01/06 12:57:12.538, 5, 24576, 1072, 23186, 14, 0
2025/01/06 12:57:12.639, 5, 24576, 1072, 23186, 14, 0
2025/01/06 12:57:12.740, 5, 24576, 1072, 23186, 14, 0
2025/01/06 12:57:12.847, 5, 24576, 1072, 23186, 14, 0
2025/01/06 12:57:12.948, 5, 24576, 1072, 23186, 14, 0
2025/01/06 12:57:13.049, 5, 24576, 1072, 23186, 14, 0
2025/01/06 12:57:13.149, 5, 24576, 1072, 23186, 16, 0
2025/01/06 12:57:13.250, 5, 24576, 1072, 23186, 16, 0
2025/01/06 12:57:13.351, 5, 24576, 1072, 23186, 15, 0
2025/01/06 12:57:13.451, 5, 24576, 1072, 23186, 15, 0
2025/01/06 12:57:13.552, 5, 24576, 1072, 23186, 13, 0
2025/01/06 12:57:13.653, 5, 24576, 1072, 23186, 13, 0
2025/01/06 12:57:13.753, 5, 24576, 1072, 23186, 14, 0
2025/01/06 12:57:13.854, 5, 24576, 1072, 23186, 14, 0
2025/01/06 12:57:13.955, 5, 24576, 1072, 23186, 15, 0
2025/01/06 12:57:14.055, 5, 24576, 1072, 23186, 15, 0
2025/01/06 12:57:14.156, 5, 24576, 1072, 23186, 14, 0
2025/01/06 12:57:14.257, 5, 24576, 1072, 23186, 14, 0
2025/01/06 12:57:14.357, 5, 24576, 1072, 23186, 14, 0
2025/01/06 12:57:14.458, 5, 24576, 1072, 23186, 14, 0
2025/01/06 12:57:14.559, 5, 24576, 1072, 23186, 14, 0
2025/01/06 12:57:14.660, 5, 24576, 1072, 23186, 14, 0
2025/01/06 12:57:14.760, 5, 24576, 1072, 23186, 14, 0
2025/01/06 12:57:14.861, 5, 24576, 1072, 23186, 14, 0
2025/01/06 12:57:14.962, 5, 24576, 1072, 23186, 14, 0
2025/01/06 12:57:15.063, 5, 24576, 1072, 23186, 14, 0
2025/01/06 12:57:15.163, 5, 24576, 1072, 23186, 13, 0
2025/01/06 12:57:15.264, 5, 24576, 1072, 23186, 13, 0
2025/01/06 12:57:15.365, 5, 24576, 1072, 23186, 13, 0
2025/01/06 12:57:15.465, 5, 24576, 1072, 23186, 13, 0
2025/01/06 12:57:15.566, 5, 24576, 1072, 23186, 13, 0
2025/01/06 12:57:15.667, 5, 24576, 1072, 23186, 13, 0
2025/01/06 12:57:15.767, 5, 24576, 1072, 23186, 13, 0
2025/01/06 12:57:15.868, 5, 24576, 1072, 23186, 13, 0
2025/01/06 12:57:15.969, 5, 24576, 1072, 23186, 13, 0
2025/01/06 12:57:16.070, 5, 24576, 1072, 23186, 13, 0
2025/01/06 12:57:16.170, 5, 24576, 1072, 23186, 13, 0
2025/01/06 12:57:16.271, 5, 24576, 1072, 23186, 13, 0
2025/01/06 12:57:16.372, 5, 24576, 1072, 23186, 14, 0
2025/01/06 12:57:16.472, 5, 24576, 1072, 23186, 14, 0
2025/01/06 12:57:16.573, 5, 24576, 1072, 23186, 14, 0
2025/01/06 12:57:16.674, 5, 24576, 1072, 23186, 14, 0
2025/01/06 12:57:16.774, 5, 24576, 1072, 23186, 15, 0
2025/01/06 12:57:16.875, 5, 24576, 1072, 23186, 15, 0
2025/01/06 12:57:16.976, 5, 24576, 1072, 23186, 16, 0
2025/01/06 12:57:17.076, 5, 24576, 1072, 23186, 16, 0
2025/01/06 12:57:17.177, 5, 24576, 1072, 23186, 14, 0
2025/01/06 12:57:17.278, 5, 24576, 1072, 23186, 14, 0
2025/01/06 12:57:17.379, 5, 24576, 1072, 23186, 15, 0
2025/01/06 12:57:17.480, 5, 24576, 1072, 23186, 15, 0
2025/01/06 12:57:17.581, 5, 24576, 1072, 23186, 14, 0
2025/01/06 12:57:17.681, 5, 24576, 1072, 23186, 14, 0
2025/01/06 12:57:17.782, 5, 24576, 1072, 23186, 15, 0
2025/01/06 12:57:17.883, 5, 24576, 1072, 23186, 15, 0
2025/01/06 12:57:17.983, 5, 24576, 1072, 23186, 14, 0
2025/01/06 12:57:18.084, 5, 24576, 1072, 23186, 14, 0
2025/01/06 12:57:18.185, 5, 24576, 1072, 23186, 15, 0
2025/01/06 12:57:18.286, 5, 24576, 1072, 23186, 15, 0
2025/01/06 12:57:18.386, 5, 24576, 1072, 23186, 15, 0
2025/01/06 12:57:18.487, 5, 24576, 1072, 23186, 15, 0
2025/01/06 12:57:18.588, 5, 24576, 1072, 23186, 16, 0
2025/01/06 12:57:18.688, 5, 24576, 1072, 23186, 16, 0
2025/01/06 12:57:18.789, 5, 24576, 1072, 23186, 13, 0
2025/01/06 12:57:18.890, 5, 24576, 1072, 23186, 13, 0
2025/01/06 12:57:18.990, 5, 24576, 1072, 23186, 13, 0
2025/01/06 12:57:19.091, 5, 24576, 1072, 23186, 13, 0
2025/01/06 12:57:19.192, 5, 24576, 1072, 23186, 13, 0
2025/01/06 12:57:19.293, 5, 24576, 1072, 23186, 13, 0
2025/01/06 12:57:19.393, 5, 24576, 1072, 23186, 14, 0
2025/01/06 12:57:19.494, 5, 24576, 1072, 23186, 14, 0
2025/01/06 12:57:19.595, 5, 24576, 1072, 23186, 14, 0
2025/01/06 12:57:19.696, 5, 24576, 1072, 23186, 14, 0
2025/01/06 12:57:19.796, 5, 24576, 1072, 23186, 17, 0
2025/01/06 12:57:19.897, 5, 24576, 1072, 23186, 17, 0
2025/01/06 12:57:19.998, 5, 24576, 1072, 23186, 17, 0
2025/01/06 12:57:20.099, 5, 24576, 1072, 23186, 17, 0
2025/01/06 12:57:20.200, 5, 24576, 1072, 23186, 16, 0
2025/01/06 12:57:20.301, 5, 24576, 1072, 23186, 16, 0
2025/01/06 12:57:20.401, 5, 24576, 1072, 23186, 17, 0
2025/01/06 12:57:20.502, 5, 24576, 1072, 23186, 17, 0
2025/01/06 12:57:20.603, 5, 24576, 1072, 23186, 17, 0
2025/01/06 12:57:20.703, 5, 24576, 1072, 23186, 17, 0
2025/01/06 12:57:20.804, 5, 24576, 1072, 23186, 17, 0
2025/01/06 12:57:20.905, 5, 24576, 1072, 23186, 17, 0
2025/01/06 12:57:21.006, 5, 24576, 1072, 23186, 16, 0
2025/01/06 12:57:21.106, 5, 24576, 1072, 23186, 16, 0
2025/01/06 12:57:21.207, 5, 24576, 1072, 23186, 13, 0
2025/01/06 12:57:21.308, 5, 24576, 1072, 23186, 13, 0
2025/01/06 12:57:21.409, 5, 24576, 1072, 23186, 13, 0
2025/01/06 12:57:21.509, 5, 24576, 1072, 23186, 13, 0
2025/01/06 12:57:21.610, 5, 24576, 1072, 23186, 13, 0
2025/01/06 12:57:21.711, 5, 24576, 1072, 23186, 13, 0
2025/01/06 12:57:21.811, 5, 24576, 1072, 23186, 15, 0
2025/01/06 12:57:21.912, 5, 24576, 1072, 23186, 15, 0
2025/01/06 12:57:22.013, 5, 24576, 1072, 23186, 13, 0
2025/01/06 12:57:22.113, 5, 24576, 1072, 23186, 13, 0
2025/01/06 12:57:22.214, 5, 24576, 1072, 23186, 13, 0
2025/01/06 12:57:22.315, 5, 24576, 1072, 23186, 13, 0
2025/01/06 12:57:22.416, 5, 24576, 1072, 23186, 14, 0
2025/01/06 12:57:22.516, 5, 24576, 1072, 23186, 14, 0
2025/01/06 12:57:22.617, 5, 24576, 1072, 23186, 13, 0
2025/01/06 12:57:22.718, 5, 24576, 1072, 23186, 13, 0
2025/01/06 12:57:22.819, 5, 24576, 1072, 23186, 13, 0
2025/01/06 12:57:22.920, 5, 24576, 1072, 23186, 13, 0
2025/01/06 12:57:23.021, 5, 24576, 1072, 23186, 13, 0
2025/01/06 12:57:23.122, 5, 24576, 1072, 23186, 13, 0
2025/01/06 12:57:23.222, 5, 24576, 1072, 23186, 14, 0
2025/01/06 12:57:23.323, 5, 24576, 1072, 23186, 14, 0
2025/01/06 12:57:23.424, 5, 24576, 1072, 23186, 13, 0
2025/01/06 12:57:23.524, 5, 24576, 1072, 23186, 13, 0
2025/01/06 12:57:23.625, 5, 24576, 1072, 23186, 14, 0
2025/01/06 12:57:23.726, 5, 24576, 1072, 23186, 14, 0
2025/01/06 12:57:23.827, 5, 24576, 1072, 23186, 16, 0
2025/01/06 12:57:23.927, 5, 24576, 1072, 23186, 16, 0
2025/01/06 12:57:24.028, 5, 24576, 1072, 23186, 14, 0
2025/01/06 12:57:24.129, 5, 24576, 1072, 23186, 14, 0
2025/01/06 12:57:24.229, 5, 24576, 1072, 23186, 14, 0
2025/01/06 12:57:24.330, 5, 24576, 1072, 23186, 14, 0
2025/01/06 12:57:24.431, 5, 24576, 1072, 23186, 15, 0
2025/01/06 12:57:24.532, 5, 24576, 1072, 23186, 15, 0
2025/01/06 12:57:24.632, 5, 24576, 1072, 23186, 14, 0
2025/01/06 12:57:24.733, 5, 24576, 1072, 23186, 14, 0
2025/01/06 12:57:24.834, 5, 24576, 1072, 23186, 15, 0
2025/01/06 12:57:24.934, 5, 24576, 1072, 23186, 15, 0
2025/01/06 12:57:25.035, 5, 24576, 1072, 23186, 15, 0
2025/01/06 12:57:25.136, 5, 24576, 1072, 23186, 14, 0
2025/01/06 12:57:25.243, 5, 24576, 1072, 23186, 14, 0
2025/01/06 12:57:25.344, 5, 24576, 1072, 23186, 15, 0
2025/01/06 12:57:25.444, 5, 24576, 1072, 23186, 15, 0
2025/01/06 12:57:25.545, 5, 24576, 1072, 23186, 14, 0
2025/01/06 12:57:25.646, 5, 24576, 1072, 23186, 14, 0
2025/01/06 12:57:25.746, 5, 24576, 1072, 23186, 14, 0
2025/01/06 12:57:25.847, 5, 24576, 1072, 23186, 14, 0
2025/01/06 12:57:25.949, 5, 24576, 1072, 23186, 15, 0
2025/01/06 12:57:26.049, 5, 24576, 1072, 23186, 15, 0
2025/01/06 12:57:26.150, 5, 24576, 1072, 23186, 15, 0
2025/01/06 12:57:26.251, 5, 24576, 1072, 23186, 15, 0
2025/01/06 12:57:26.351, 5, 24576, 1072, 23186, 17, 0
2025/01/06 12:57:26.452, 5, 24576, 1072, 23186, 17, 0
2025/01/06 12:57:26.553, 5, 24576, 1072, 23186, 17, 0
2025/01/06 12:57:26.653, 5, 24576, 1072, 23186, 17, 0
2025/01/06 12:57:26.754, 5, 24576, 1072, 23186, 16, 0
2025/01/06 12:57:26.855, 5, 24576, 1072, 23186, 16, 0
2025/01/06 12:57:26.956, 5, 24576, 1072, 23186, 15, 0
2025/01/06 12:57:27.057, 5, 24576, 1072, 23186, 15, 0
2025/01/06 12:57:27.158, 5, 24576, 1072, 23186, 15, 0
2025/01/06 12:57:27.259, 5, 24576, 1072, 23186, 15, 0
2025/01/06 12:57:27.359, 5, 24576, 1072, 23186, 15, 0
2025/01/06 12:57:27.460, 5, 24576, 1072, 23186, 15, 0
2025/01/06 12:57:27.561, 5, 24576, 1072, 23186, 14, 0
2025/01/06 12:57:27.661, 5, 24576, 1072, 23186, 14, 0
2025/01/06 12:57:27.762, 5, 24576, 1072, 23186, 14, 0
2025/01/06 12:57:27.863, 5, 24576, 1072, 23186, 14, 0
2025/01/06 12:57:27.963, 5, 24576, 1072, 23186, 14, 0
2025/01/06 12:57:28.064, 5, 24576, 1072, 23186, 14, 0
2025/01/06 12:57:28.165, 5, 24576, 1072, 23186, 14, 0
2025/01/06 12:57:28.266, 5, 24576, 1072, 23186, 14, 0
2025/01/06 12:57:28.366, 5, 24576, 1072, 23186, 15, 0
2025/01/06 12:57:28.467, 5, 24576, 1072, 23186, 15, 0
2025/01/06 12:57:28.568, 5, 24576, 1072, 23186, 16, 0
2025/01/06 12:57:28.668, 5, 24576, 1072, 23186, 16, 0
2025/01/06 12:57:28.769, 5, 24576, 1072, 23186, 16, 0
2025/01/06 12:57:28.870, 5, 24576, 1072, 23186, 16, 0
2025/01/06 12:57:28.971, 5, 24576, 1072, 23186, 15, 0
2025/01/06 12:57:29.071, 5, 24576, 1072, 23186, 15, 0
2025/01/06 12:57:29.172, 5, 24576, 1072, 23186, 15, 0
2025/01/06 12:57:29.273, 5, 24576, 1072, 23186, 15, 0
2025/01/06 12:57:29.373, 5, 24576, 1072, 23186, 14, 0
2025/01/06 12:57:29.474, 5, 24576, 1072, 23186, 14, 0
2025/01/06 12:57:29.575, 5, 24576, 1072, 23186, 14, 0
2025/01/06 12:57:29.676, 5, 24576, 1072, 23186, 14, 0
2025/01/06 12:57:29.777, 5, 24576, 1072, 23186, 15, 0
2025/01/06 12:57:29.878, 5, 24576, 1072, 23186, 15, 0
2025/01/06 12:57:29.978, 5, 24576, 1072, 23186, 15, 0
2025/01/06 12:57:30.079, 5, 24576, 1072, 23186, 15, 0
2025/01/06 12:57:30.180, 5, 24576, 1072, 23186, 13, 0
2025/01/06 12:57:30.281, 5, 24576, 1072, 23186, 13, 0
2025/01/06 12:57:30.381, 5, 24576, 1072, 23186, 14, 0
2025/01/06 12:57:30.482, 5, 24576, 1072, 23186, 14, 0
2025/01/06 12:57:30.583, 5, 24576, 1072, 23186, 15, 0
2025/01/06 12:57:30.683, 5, 24576, 1072, 23186, 15, 0
2025/01/06 12:57:30.784, 5, 24576, 1072, 23186, 13, 0
2025/01/06 12:57:30.885, 5, 24576, 1072, 23186, 13, 0
2025/01/06 12:57:30.985, 5, 24576, 1072, 23186, 15, 0
2025/01/06 12:57:31.086, 5, 24576, 1072, 23186, 15, 0
2025/01/06 12:57:31.187, 5, 24576, 1072, 23186, 18, 0
2025/01/06 12:57:31.287, 5, 24576, 1072, 23186, 18, 0
2025/01/06 12:57:31.388, 5, 24576, 1072, 23186, 17, 0
2025/01/06 12:57:31.489, 5, 24576, 1072, 23186, 17, 0
2025/01/06 12:57:31.590, 5, 24576, 1072, 23186, 18, 0
2025/01/06 12:57:31.690, 5, 24576, 1072, 23186, 18, 0
2025/01/06 12:57:31.791, 5, 24576, 1072, 23186, 17, 0
2025/01/06 12:57:31.892, 5, 24576, 1072, 23186, 17, 0
2025/01/06 12:57:31.992, 5, 24576, 1072, 23186, 15, 0
2025/01/06 12:57:32.093, 5, 24576, 1072, 23186, 15, 0
2025/01/06 12:57:32.194, 5, 24576, 1072, 23186, 15, 0
2025/01/06 12:57:32.295, 5, 24576, 1072, 23186, 15, 0
2025/01/06 12:57:32.396, 5, 24576, 1072, 23186, 15, 0
2025/01/06 12:57:32.497, 5, 24576, 1072, 23186, 15, 0
2025/01/06 12:57:32.598, 5, 24576, 1072, 23186, 15, 0
2025/01/06 12:57:32.698, 5, 24576, 1072, 23186, 15, 0
2025/01/06 12:57:32.799, 5, 24576, 1072, 23186, 15, 0
2025/01/06 12:57:32.899, 5, 24576, 1072, 23186, 15, 0
2025/01/06 12:57:33.000, 5, 24576, 1072, 23186, 15, 0
2025/01/06 12:57:33.101, 5, 24576, 1072, 23186, 15, 0
2025/01/06 12:57:33.202, 5, 24576, 1072, 23186, 15, 0
2025/01/06 12:57:33.302, 5, 24576, 1072, 23186, 15, 0
2025/01/06 12:57:33.403, 5, 24576, 1072, 23186, 14, 0
2025/01/06 12:57:33.504, 5, 24576, 1072, 23186, 14, 0
2025/01/06 12:57:33.604, 5, 24576, 1072, 23186, 14, 0
2025/01/06 12:57:33.705, 5, 24576, 1072, 23186, 14, 0
2025/01/06 12:57:33.806, 5, 24576, 1072, 23186, 15, 0
2025/01/06 12:57:33.907, 5, 24576, 1072, 23186, 15, 0
2025/01/06 12:57:34.007, 5, 24576, 1072, 23186, 15, 0
2025/01/06 12:57:34.108, 5, 24576, 1072, 23186, 15, 0
2025/01/06 12:57:34.209, 5, 24576, 1072, 23186, 12, 0
2025/01/06 12:57:34.310, 5, 24576, 1072, 23186, 12, 0
2025/01/06 12:57:34.410, 5, 24576, 1072, 23186, 5, 0
2025/01/06 12:57:34.511, 5, 24576, 1072, 23186, 5, 0
2025/01/06 12:57:34.612, 5, 24576, 1072, 23186, 15, 0
2025/01/06 12:57:34.712, 5, 24576, 1072, 23186, 15, 0
2025/01/06 12:57:34.813, 5, 24576, 1072, 23186, 15, 0
2025/01/06 12:57:34.914, 5, 24576, 1072, 23186, 15, 0
2025/01/06 12:57:35.015, 5, 24576, 1072, 23186, 15, 0
2025/01/06 12:57:35.116, 5, 24576, 1072, 23186, 15, 0
2025/01/06 12:57:35.217, 5, 24576, 1072, 23186, 14, 0
2025/01/06 12:57:35.317, 5, 24576, 1072, 23186, 14, 0
2025/01/06 12:57:35.418, 5, 24576, 1072, 23186, 15, 0
2025/01/06 12:57:35.519, 5, 24576, 1072, 23186, 15, 0
2025/01/06 12:57:35.620, 5, 24576, 1072, 23186, 15, 0
2025/01/06 12:57:35.720, 5, 24576, 1072, 23186, 15, 0
2025/01/06 12:57:35.821, 5, 24576, 1072, 23186, 15, 0
2025/01/06 12:57:35.922, 5, 24576, 1072, 23186, 15, 0
2025/01/06 12:57:36.022, 5, 24576, 1072, 23186, 14, 0
2025/01/06 12:57:36.123, 5, 24576, 1072, 23186, 14, 0
2025/01/06 12:57:36.224, 5, 24576, 1072, 23186, 15, 0
2025/01/06 12:57:36.325, 5, 24576, 1072, 23186, 15, 0
2025/01/06 12:57:36.425, 5, 24576, 1072, 23186, 14, 0
2025/01/06 12:57:36.526, 5, 24576, 1072, 23186, 14, 0
2025/01/06 12:57:36.627, 5, 24576, 1072, 23186, 15, 0
2025/01/06 12:57:36.728, 5, 24576, 1072, 23186, 15, 0
2025/01/06 12:57:36.828, 5, 24576, 1072, 23186, 14, 0
2025/01/06 12:57:36.929, 5, 24576, 1072, 23186, 14, 0
2025/01/06 12:57:37.030, 5, 24576, 1072, 23186, 16, 0
2025/01/06 12:57:37.131, 5, 24576, 1072, 23186, 16, 0
2025/01/06 12:57:37.231, 5, 24576, 1072, 23186, 16, 0
2025/01/06 12:57:37.332, 5, 24576, 1072, 23186, 15, 0
2025/01/06 12:57:37.436, 5, 24576, 1072, 23186, 15, 0
2025/01/06 12:57:37.536, 5, 24576, 1072, 23186, 15, 0
2025/01/06 12:57:37.637, 5, 24576, 1072, 23186, 15, 0
2025/01/06 12:57:37.738, 5, 24576, 1072, 23186, 16, 0
2025/01/06 12:57:37.838, 5, 24576, 1072, 23186, 16, 0
2025/01/06 12:57:37.939, 5, 24576, 1072, 23186, 15, 0
2025/01/06 12:57:38.040, 5, 24576, 1072, 23186, 15, 0
2025/01/06 12:57:38.141, 5, 24576, 1072, 23186, 16, 0
2025/01/06 12:57:38.241, 5, 24576, 1072, 23186, 16, 0
2025/01/06 12:57:38.342, 5, 24576, 1072, 23186, 15, 0
2025/01/06 12:57:38.443, 5, 24576, 1072, 23186, 15, 0
2025/01/06 12:57:38.544, 5, 24576, 1072, 23186, 14, 0
2025/01/06 12:57:38.644, 5, 24576, 1072, 23186, 14, 0
2025/01/06 12:57:38.745, 5, 24576, 1072, 23186, 16, 0
2025/01/06 12:57:38.846, 5, 24576, 1072, 23186, 16, 0
2025/01/06 12:57:38.946, 5, 24576, 1072, 23186, 16, 0
2025/01/06 12:57:39.047, 5, 24576, 1072, 23186, 16, 0
2025/01/06 12:57:39.148, 5, 24576, 1072, 23186, 16, 0
2025/01/06 12:57:39.248, 5, 24576, 1072, 23186, 16, 0
2025/01/06 12:57:39.349, 5, 24576, 1072, 23186, 14, 0
2025/01/06 12:57:39.450, 5, 24576, 1072, 23186, 14, 0
2025/01/06 12:57:39.550, 5, 24576, 1072, 23186, 15, 0
2025/01/06 12:57:39.651, 5, 24576, 1072, 23186, 15, 0
2025/01/06 12:57:39.752, 5, 24576, 1072, 23186, 16, 0
2025/01/06 12:57:39.853, 5, 24576, 1072, 23186, 16, 0
2025/01/06 12:57:39.954, 5, 24576, 1072, 23186, 15, 0
2025/01/06 12:57:40.055, 5, 24576, 1072, 23186, 15, 0
2025/01/06 12:57:40.155, 5, 24576, 1072, 23186, 15, 0
2025/01/06 12:57:40.256, 5, 24576, 1072, 23186, 15, 0
2025/01/06 12:57:40.357, 5, 24576, 1072, 23186, 15, 0
2025/01/06 12:57:40.457, 5, 24576, 1072, 23186, 15, 0
2025/01/06 12:57:40.558, 5, 24576, 1072, 23186, 14, 0
2025/01/06 12:57:40.659, 5, 24576, 1072, 23186, 14, 0
2025/01/06 12:57:40.760, 5, 24576, 1072, 23186, 15, 0
2025/01/06 12:57:40.860, 5, 24576, 1072, 23186, 15, 0
2025/01/06 12:57:40.961, 5, 24576, 1072, 23186, 15, 0
2025/01/06 12:57:41.062, 5, 24576, 1072, 23186, 15, 0
2025/01/06 12:57:41.162, 5, 24576, 1072, 23186, 16, 0
2025/01/06 12:57:41.263, 5, 24576, 1072, 23186, 16, 0
2025/01/06 12:57:41.364, 5, 24576, 1072, 23186, 15, 0
2025/01/06 12:57:41.464, 5, 24576, 1072, 23186, 15, 0
2025/01/06 12:57:41.565, 5, 24576, 1072, 23186, 14, 0
2025/01/06 12:57:41.666, 5, 24576, 1072, 23186, 14, 0
2025/01/06 12:57:41.767, 5, 24576, 1072, 23186, 15, 0
2025/01/06 12:57:41.867, 5, 24576, 1072, 23186, 15, 0
2025/01/06 12:57:41.968, 5, 24576, 1072, 23186, 15, 0
2025/01/06 12:57:42.069, 5, 24576, 1072, 23186, 15, 0
2025/01/06 12:57:42.169, 5, 24576, 1072, 23186, 15, 0
2025/01/06 12:57:42.270, 5, 24576, 1072, 23186, 15, 0
2025/01/06 12:57:42.371, 5, 24576, 1072, 23186, 16, 0
2025/01/06 12:57:42.472, 5, 24576, 1072, 23186, 16, 0
2025/01/06 12:57:42.573, 5, 24576, 1072, 23186, 16, 0
2025/01/06 12:57:42.673, 5, 24576, 1072, 23186, 16, 0
2025/01/06 12:57:42.774, 5, 24576, 1072, 23186, 15, 0
2025/01/06 12:57:42.875, 5, 24576, 1072, 23186, 15, 0
2025/01/06 12:57:42.976, 5, 24576, 1072, 23186, 14, 0
2025/01/06 12:57:43.076, 5, 24576, 1072, 23186, 14, 0
2025/01/06 12:57:43.177, 5, 24576, 1072, 23186, 15, 0
2025/01/06 12:57:43.278, 5, 24576, 1072, 23186, 15, 0
2025/01/06 12:57:43.378, 5, 24576, 1072, 23186, 15, 0
2025/01/06 12:57:43.479, 5, 24576, 1072, 23186, 15, 0
2025/01/06 12:57:43.580, 5, 24576, 1072, 23186, 15, 0
2025/01/06 12:57:43.680, 5, 24576, 1072, 23186, 15, 0
2025/01/06 12:57:43.781, 5, 24576, 1072, 23186, 15, 0
2025/01/06 12:57:43.882, 5, 24576, 1072, 23186, 15, 0
2025/01/06 12:57:43.983, 5, 24576, 1072, 23186, 15, 0
2025/01/06 12:57:44.083, 5, 24576, 1072, 23186, 15, 0
2025/01/06 12:57:44.184, 5, 24576, 1072, 23186, 15, 0
2025/01/06 12:57:44.285, 5, 24576, 1072, 23186, 15, 0
2025/01/06 12:57:44.385, 5, 24576, 1072, 23186, 15, 0
2025/01/06 12:57:44.486, 5, 24576, 1072, 23186, 15, 0
2025/01/06 12:57:44.587, 5, 24576, 1072, 23186, 14, 0
2025/01/06 12:57:44.687, 5, 24576, 1072, 23186, 14, 0
2025/01/06 12:57:44.788, 5, 24576, 1072, 23186, 15, 0
2025/01/06 12:57:44.889, 5, 24576, 1072, 23186, 15, 0
2025/01/06 12:57:44.990, 5, 24576, 1072, 23186, 14, 0
2025/01/06 12:57:45.090, 5, 24576, 1072, 23186, 14, 0
2025/01/06 12:57:45.191, 5, 24576, 1072, 23186, 15, 0
2025/01/06 12:57:45.292, 5, 24576, 1072, 23186, 15, 0
2025/01/06 12:57:45.393, 5, 24576, 1072, 23186, 13, 0
2025/01/06 12:57:45.494, 5, 24576, 1072, 23186, 13, 0
2025/01/06 12:57:45.594, 5, 24576, 1072, 23186, 14, 0
2025/01/06 12:57:45.695, 5, 24576, 1072, 23186, 14, 0
2025/01/06 12:57:45.796, 5, 24576, 1072, 23186, 17, 0
2025/01/06 12:57:45.897, 5, 24576, 1072, 23186, 17, 0
2025/01/06 12:57:45.997, 5, 24576, 1072, 23186, 13, 0
2025/01/06 12:57:46.098, 5, 24576, 1072, 23186, 13, 0
2025/01/06 12:57:46.199, 5, 24576, 1072, 23186, 16, 0
2025/01/06 12:57:46.299, 5, 24576, 1072, 23186, 16, 0
2025/01/06 12:57:46.400, 5, 24576, 1072, 23186, 14, 0
2025/01/06 12:57:46.501, 5, 24576, 1072, 23186, 14, 0
2025/01/06 12:57:46.601, 5, 24576, 1072, 23186, 14, 0
2025/01/06 12:57:46.702, 5, 24576, 1072, 23186, 14, 0
2025/01/06 12:57:46.803, 5, 24576, 1072, 23186, 14, 0
2025/01/06 12:57:46.904, 5, 24576, 1072, 23186, 14, 0
2025/01/06 12:57:47.004, 5, 24576, 1072, 23186, 15, 0
2025/01/06 12:57:47.105, 5, 24576, 1072, 23186, 15, 0
2025/01/06 12:57:47.206, 5, 24576, 1072, 23186, 14, 0
2025/01/06 12:57:47.306, 5, 24576, 1072, 23186, 14, 0
2025/01/06 12:57:47.407, 5, 24576, 1072, 23186, 16, 0
2025/01/06 12:57:47.508, 5, 24576, 1072, 23186, 16, 0
2025/01/06 12:57:47.609, 5, 24576, 1072, 23186, 16, 0
2025/01/06 12:57:47.710, 5, 24576, 1072, 23186, 16, 0
2025/01/06 12:57:47.810, 5, 24576, 1072, 23186, 15, 0
2025/01/06 12:57:47.911, 5, 24576, 1072, 23186, 15, 0
2025/01/06 12:57:48.012, 5, 24576, 1072, 23186, 14, 0
2025/01/06 12:57:48.113, 5, 24576, 1072, 23186, 14, 0
2025/01/06 12:57:48.213, 5, 24576, 1072, 23186, 15, 0
2025/01/06 12:57:48.314, 5, 24576, 1072, 23186, 15, 0
2025/01/06 12:57:48.415, 5, 24576, 1072, 23186, 15, 0
2025/01/06 12:57:48.515, 5, 24576, 1072, 23186, 15, 0
2025/01/06 12:57:48.616, 5, 24576, 1072, 23186, 15, 0
2025/01/06 12:57:48.717, 5, 24576, 1072, 23186, 15, 0
2025/01/06 12:57:48.818, 5, 24576, 1072, 23186, 15, 0
2025/01/06 12:57:48.918, 5, 24576, 1072, 23186, 15, 0
2025/01/06 12:57:49.019, 5, 24576, 1072, 23186, 14, 0
2025/01/06 12:57:49.120, 5, 24576, 1072, 23186, 14, 0
2025/01/06 12:57:49.220, 5, 24576, 1072, 23186, 16, 0
2025/01/06 12:57:49.321, 5, 24576, 1072, 23186, 16, 0
2025/01/06 12:57:49.422, 5, 24576, 1072, 23186, 15, 0
2025/01/06 12:57:49.523, 5, 24576, 1072, 23186, 15, 0
2025/01/06 12:57:49.623, 5, 24576, 1072, 23186, 15, 0
2025/01/06 12:57:49.724, 5, 24576, 1072, 23186, 15, 0
2025/01/06 12:57:49.825, 5, 24576, 1072, 23186, 15, 0
2025/01/06 12:57:49.925, 5, 24576, 1072, 23186, 15, 0
2025/01/06 12:57:50.026, 5, 24576, 1072, 23186, 15, 0
2025/01/06 12:57:50.127, 5, 24576, 1072, 23186, 15, 0
2025/01/06 12:57:50.228, 5, 24576, 1072, 23186, 15, 0
2025/01/06 12:57:50.329, 5, 24576, 1072, 23186, 15, 0
2025/01/06 12:57:50.435, 5, 24576, 1072, 23186, 15, 0
2025/01/06 12:57:50.536, 5, 24576, 1072, 23186, 15, 0
2025/01/06 12:57:50.637, 5, 24576, 1072, 23186, 15, 0
2025/01/06 12:57:50.738, 5, 24576, 1072, 23186, 15, 0
2025/01/06 12:57:50.838, 5, 24576, 1072, 23186, 15, 0
2025/01/06 12:57:50.939, 5, 24576, 1072, 23186, 16, 0
2025/01/06 12:57:51.040, 5, 24576, 1072, 23186, 16, 0
2025/01/06 12:57:51.140, 5, 24576, 1072, 23186, 15, 0
2025/01/06 12:57:51.241, 5, 24576, 1072, 23186, 15, 0
2025/01/06 12:57:51.342, 5, 24576, 1072, 23186, 14, 0
2025/01/06 12:57:51.443, 5, 24576, 1072, 23186, 14, 0
2025/01/06 12:57:51.543, 5, 24576, 1072, 23186, 16, 0
2025/01/06 12:57:51.644, 5, 24576, 1072, 23186, 16, 0
2025/01/06 12:57:51.745, 5, 24576, 1072, 23186, 15, 0
2025/01/06 12:57:51.845, 5, 24576, 1072, 23186, 15, 0
2025/01/06 12:57:51.946, 5, 24576, 1072, 23186, 14, 0
2025/01/06 12:57:52.047, 5, 24576, 1072, 23186, 14, 0
2025/01/06 12:57:52.148, 5, 24576, 1072, 23186, 15, 0
2025/01/06 12:57:52.248, 5, 24576, 1072, 23186, 15, 0
2025/01/06 12:57:52.349, 5, 24576, 1072, 23186, 16, 0
2025/01/06 12:57:52.450, 5, 24576, 1072, 23186, 16, 0
2025/01/06 12:57:52.551, 5, 24576, 1072, 23186, 15, 0
2025/01/06 12:57:52.652, 5, 24576, 1072, 23186, 15, 0
2025/01/06 12:57:52.752, 5, 24576, 1072, 23186, 15, 0
2025/01/06 12:57:52.853, 5, 24576, 1072, 23186, 15, 0
2025/01/06 12:57:52.954, 5, 24576, 1072, 23186, 15, 0
2025/01/06 12:57:53.055, 5, 24576, 1072, 23186, 15, 0
2025/01/06 12:57:53.155, 5, 24576, 1072, 23186, 15, 0
2025/01/06 12:57:53.256, 5, 24576, 1072, 23186, 15, 0
2025/01/06 12:57:53.357, 5, 24576, 1072, 23186, 15, 0
2025/01/06 12:57:53.457, 5, 24576, 1072, 23186, 15, 0
2025/01/06 12:57:53.558, 5, 24576, 1072, 23186, 15, 0
2025/01/06 12:57:53.659, 5, 24576, 1072, 23186, 15, 0
2025/01/06 12:57:53.759, 5, 24576, 1072, 23186, 15, 0
2025/01/06 12:57:53.860, 5, 24576, 1072, 23186, 15, 0
2025/01/06 12:57:53.961, 5, 24576, 1072, 23186, 15, 0
2025/01/06 12:57:54.061, 5, 24576, 1072, 23186, 15, 0
2025/01/06 12:57:54.162, 5, 24576, 1072, 23186, 15, 0
2025/01/06 12:57:54.263, 5, 24576, 1072, 23186, 15, 0
2025/01/06 12:57:54.363, 5, 24576, 1072, 23186, 14, 0
2025/01/06 12:57:54.464, 5, 24576, 1072, 23186, 14, 0
2025/01/06 12:57:54.565, 5, 24576, 1072, 23186, 15, 0
2025/01/06 12:57:54.666, 5, 24576, 1072, 23186, 15, 0
2025/01/06 12:57:54.767, 5, 24576, 1072, 23186, 15, 0
2025/01/06 12:57:54.868, 5, 24576, 1072, 23186, 15, 0
2025/01/06 12:57:54.968, 5, 24576, 1072, 23186, 14, 0
2025/01/06 12:57:55.069, 5, 24576, 1072, 23186, 14, 0
2025/01/06 12:57:55.170, 5, 24576, 1072, 23186, 15, 0
2025/01/06 12:57:55.271, 5, 24576, 1072, 23186, 15, 0
2025/01/06 12:57:55.372, 5, 24576, 1072, 23186, 16, 0
2025/01/06 12:57:55.472, 5, 24576, 1072, 23186, 16, 0
2025/01/06 12:57:55.573, 5, 24576, 1072, 23186, 16, 0
2025/01/06 12:57:55.674, 5, 24576, 1072, 23186, 16, 0
2025/01/06 12:57:55.775, 5, 24576, 1072, 23186, 17, 0
2025/01/06 12:57:55.875, 5, 24576, 1072, 23186, 17, 0
2025/01/06 12:57:55.976, 5, 24576, 1072, 23186, 15, 0
2025/01/06 12:57:56.077, 5, 24576, 1072, 23186, 15, 0
2025/01/06 12:57:56.177, 5, 24576, 1072, 23186, 15, 0
2025/01/06 12:57:56.278, 5, 24576, 1072, 23186, 15, 0
2025/01/06 12:57:56.379, 5, 24576, 1072, 23186, 14, 0
2025/01/06 12:57:56.480, 5, 24576, 1072, 23186, 14, 0
2025/01/06 12:57:56.580, 5, 24576, 1072, 23186, 16, 0
2025/01/06 12:57:56.681, 5, 24576, 1072, 23186, 16, 0
2025/01/06 12:57:56.782, 5, 24576, 1072, 23186, 15, 0
2025/01/06 12:57:56.883, 5, 24576, 1072, 23186, 15, 0
2025/01/06 12:57:56.983, 5, 24576, 1072, 23186, 15, 0
2025/01/06 12:57:57.084, 5, 24576, 1072, 23186, 15, 0
2025/01/06 12:57:57.185, 5, 24576, 1072, 23186, 14, 0
2025/01/06 12:57:57.285, 5, 24576, 1072, 23186, 14, 0
2025/01/06 12:57:57.386, 5, 24576, 1072, 23186, 15, 0
2025/01/06 12:57:57.487, 5, 24576, 1072, 23186, 15, 0
2025/01/06 12:57:57.588, 5, 24576, 1072, 23186, 14, 0
2025/01/06 12:57:57.689, 5, 24576, 1072, 23186, 14, 0
2025/01/06 12:57:57.790, 5, 24576, 1072, 23186, 15, 0
2025/01/06 12:57:57.890, 5, 24576, 1072, 23186, 15, 0
2025/01/06 12:57:57.991, 5, 24576, 1072, 23186, 15, 0
2025/01/06 12:57:58.092, 5, 24576, 1072, 23186, 15, 0
2025/01/06 12:57:58.193, 5, 24576, 1072, 23186, 15, 0
2025/01/06 12:57:58.293, 5, 24576, 1072, 23186, 15, 0
2025/01/06 12:57:58.394, 5, 24576, 1072, 23186, 15, 0
2025/01/06 12:57:58.495, 5, 24576, 1072, 23186, 15, 0
2025/01/06 12:57:58.595, 5, 24576, 1072, 23186, 15, 0
2025/01/06 12:57:58.696, 5, 24576, 1072, 23186, 15, 0
2025/01/06 12:57:58.797, 5, 24576, 1072, 23186, 14, 0
2025/01/06 12:57:58.897, 5, 24576, 1072, 23186, 14, 0
2025/01/06 12:57:58.998, 5, 24576, 1072, 23186, 15, 0
2025/01/06 12:57:59.099, 5, 24576, 1072, 23186, 15, 0
2025/01/06 12:57:59.200, 5, 24576, 1072, 23186, 15, 0
2025/01/06 12:57:59.300, 5, 24576, 1072, 23186, 15, 0
2025/01/06 12:57:59.401, 5, 24576, 1072, 23186, 16, 0
2025/01/06 12:57:59.502, 5, 24576, 1072, 23186, 16, 0
2025/01/06 12:57:59.602, 5, 24576, 1072, 23186, 15, 0
2025/01/06 12:57:59.703, 5, 24576, 1072, 23186, 15, 0
2025/01/06 12:57:59.804, 5, 24576, 1072, 23186, 15, 0
2025/01/06 12:57:59.904, 5, 24576, 1072, 23186, 15, 0
2025/01/06 12:58:00.005, 5, 24576, 1072, 23186, 14, 0
2025/01/06 12:58:00.106, 5, 24576, 1072, 23186, 14, 0
2025/01/06 12:58:00.207, 5, 24576, 1072, 23186, 15, 0
2025/01/06 12:58:00.308, 5, 24576, 1072, 23186, 15, 0
2025/01/06 12:58:00.409, 5, 24576, 1072, 23186, 14, 0
2025/01/06 12:58:00.509, 5, 24576, 1072, 23186, 14, 0
2025/01/06 12:58:00.610, 5, 24576, 1072, 23186, 14, 0
2025/01/06 12:58:00.711, 5, 24576, 1072, 23186, 14, 0
2025/01/06 12:58:00.812, 5, 24576, 1072, 23186, 14, 0
2025/01/06 12:58:00.912, 5, 24576, 1072, 23186, 14, 0
2025/01/06 12:58:01.013, 5, 24576, 1072, 23186, 14, 0
2025/01/06 12:58:01.114, 5, 24576, 1072, 23186, 14, 0
2025/01/06 12:58:01.214, 5, 24576, 1072, 23186, 14, 0
2025/01/06 12:58:01.315, 5, 24576, 1072, 23186, 14, 0
