timestamp, index, memory.total [MiB], memory.used [MiB], memory.free [MiB], utilization.gpu [%], utilization.memory [%]
2025/01/11 11:14:56.007, 4, 24576, 42, 24216, 0, 0
2025/01/11 11:14:56.108, 4, 24576, 42, 24216, 0, 0
2025/01/11 11:14:56.209, 4, 24576, 42, 24216, 0, 0
2025/01/11 11:14:56.310, 4, 24576, 42, 24216, 0, 0
2025/01/11 11:14:56.410, 4, 24576, 42, 24216, 0, 0
2025/01/11 11:14:56.511, 4, 24576, 42, 24216, 0, 0
2025/01/11 11:14:56.613, 4, 24576, 42, 24216, 0, 0
2025/01/11 11:14:56.714, 4, 24576, 42, 24216, 0, 0
2025/01/11 11:14:56.815, 4, 24576, 42, 24216, 0, 0
2025/01/11 11:14:56.915, 4, 24576, 42, 24216, 0, 0
2025/01/11 11:14:57.016, 4, 24576, 42, 24216, 0, 0
2025/01/11 11:14:57.117, 4, 24576, 42, 24216, 0, 0
2025/01/11 11:14:57.218, 4, 24576, 42, 24216, 0, 0
2025/01/11 11:14:57.318, 4, 24576, 42, 24216, 0, 0
2025/01/11 11:14:57.419, 4, 24576, 42, 24216, 0, 0
2025/01/11 11:14:57.520, 4, 24576, 42, 24216, 0, 0
2025/01/11 11:14:57.620, 4, 24576, 42, 24216, 0, 0
2025/01/11 11:14:57.721, 4, 24576, 42, 24216, 0, 0
2025/01/11 11:14:57.822, 4, 24576, 42, 24216, 0, 0
2025/01/11 11:14:57.923, 4, 24576, 42, 24216, 0, 0
2025/01/11 11:14:58.023, 4, 24576, 52, 24206, 0, 0
2025/01/11 11:14:58.126, 4, 24576, 340, 23918, 0, 0
2025/01/11 11:14:58.227, 4, 24576, 340, 23918, 5, 0
2025/01/11 11:14:58.328, 4, 24576, 350, 23908, 5, 0
2025/01/11 11:14:58.428, 4, 24576, 396, 23862, 8, 0
2025/01/11 11:14:58.529, 4, 24576, 396, 23862, 8, 0
2025/01/11 11:14:58.630, 4, 24576, 398, 23860, 2, 0
2025/01/11 11:14:58.730, 4, 24576, 398, 23860, 2, 0
2025/01/11 11:14:58.831, 4, 24576, 624, 23634, 8, 0
2025/01/11 11:14:58.932, 4, 24576, 624, 23634, 8, 0
2025/01/11 11:14:59.033, 4, 24576, 624, 23634, 2, 0
2025/01/11 11:14:59.133, 4, 24576, 624, 23634, 2, 0
2025/01/11 11:14:59.234, 4, 24576, 624, 23634, 0, 0
2025/01/11 11:14:59.335, 4, 24576, 624, 23634, 0, 0
2025/01/11 11:14:59.436, 4, 24576, 624, 23634, 0, 0
2025/01/11 11:14:59.536, 4, 24576, 1262, 22996, 0, 0
2025/01/11 11:14:59.637, 4, 24576, 1262, 22996, 30, 12
2025/01/11 11:14:59.738, 4, 24576, 1262, 22996, 30, 12
2025/01/11 11:14:59.839, 4, 24576, 1262, 22996, 68, 29
2025/01/11 11:14:59.940, 4, 24576, 1262, 22996, 68, 29
2025/01/11 11:15:00.040, 4, 24576, 1262, 22996, 61, 27
2025/01/11 11:15:00.141, 4, 24576, 1262, 22996, 61, 27
2025/01/11 11:15:00.242, 4, 24576, 1262, 22996, 63, 29
2025/01/11 11:15:00.343, 4, 24576, 1262, 22996, 63, 29
2025/01/11 11:15:00.444, 4, 24576, 1262, 22996, 63, 28
2025/01/11 11:15:00.545, 4, 24576, 1262, 22996, 63, 28
2025/01/11 11:15:00.646, 4, 24576, 1262, 22996, 62, 28
2025/01/11 11:15:00.747, 4, 24576, 1262, 22996, 62, 28
2025/01/11 11:15:00.848, 4, 24576, 1262, 22996, 62, 27
2025/01/11 11:15:00.948, 4, 24576, 1262, 22996, 62, 27
2025/01/11 11:15:01.049, 4, 24576, 1262, 22996, 64, 29
2025/01/11 11:15:01.150, 4, 24576, 1262, 22996, 64, 29
2025/01/11 11:15:01.251, 4, 24576, 1262, 22996, 66, 30
2025/01/11 11:15:01.351, 4, 24576, 1262, 22996, 66, 30
2025/01/11 11:15:01.452, 4, 24576, 1262, 22996, 60, 27
2025/01/11 11:15:01.553, 4, 24576, 1262, 22996, 60, 27
2025/01/11 11:15:01.654, 4, 24576, 1262, 22996, 65, 29
2025/01/11 11:15:01.754, 4, 24576, 1262, 22996, 65, 29
2025/01/11 11:15:01.855, 4, 24576, 1262, 22996, 66, 30
2025/01/11 11:15:01.956, 4, 24576, 1262, 22996, 66, 30
2025/01/11 11:15:02.057, 4, 24576, 1262, 22996, 67, 30
2025/01/11 11:15:02.158, 4, 24576, 1262, 22996, 67, 30
2025/01/11 11:15:02.259, 4, 24576, 1262, 22996, 67, 30
2025/01/11 11:15:02.359, 4, 24576, 1262, 22996, 67, 30
2025/01/11 11:15:02.460, 4, 24576, 1262, 22996, 64, 28
2025/01/11 11:15:02.561, 4, 24576, 1262, 22996, 64, 28
2025/01/11 11:15:02.662, 4, 24576, 1262, 22996, 63, 28
2025/01/11 11:15:02.763, 4, 24576, 1262, 22996, 63, 28
2025/01/11 11:15:02.864, 4, 24576, 1262, 22996, 63, 29
2025/01/11 11:15:02.965, 4, 24576, 1262, 22996, 63, 29
2025/01/11 11:15:03.067, 4, 24576, 1262, 22996, 65, 29
2025/01/11 11:15:03.168, 4, 24576, 1262, 22996, 65, 29
2025/01/11 11:15:03.269, 4, 24576, 1262, 22996, 67, 30
2025/01/11 11:15:03.370, 4, 24576, 1262, 22996, 67, 30
2025/01/11 11:15:03.470, 4, 24576, 1262, 22996, 62, 28
2025/01/11 11:15:03.571, 4, 24576, 1262, 22996, 62, 28
2025/01/11 11:15:03.672, 4, 24576, 1262, 22996, 64, 29
2025/01/11 11:15:03.772, 4, 24576, 1262, 22996, 64, 29
2025/01/11 11:15:03.873, 4, 24576, 1262, 22996, 61, 27
2025/01/11 11:15:03.974, 4, 24576, 1262, 22996, 61, 27
2025/01/11 11:15:04.075, 4, 24576, 1262, 22996, 63, 29
2025/01/11 11:15:04.175, 4, 24576, 1262, 22996, 63, 29
2025/01/11 11:15:04.276, 4, 24576, 1262, 22996, 61, 27
2025/01/11 11:15:04.377, 4, 24576, 1262, 22996, 61, 27
2025/01/11 11:15:04.478, 4, 24576, 1262, 22996, 64, 29
2025/01/11 11:15:04.579, 4, 24576, 1262, 22996, 64, 29
2025/01/11 11:15:04.680, 4, 24576, 1262, 22996, 62, 27
2025/01/11 11:15:04.781, 4, 24576, 1262, 22996, 59, 26
2025/01/11 11:15:04.884, 4, 24576, 1262, 22996, 59, 26
2025/01/11 11:15:04.985, 4, 24576, 1262, 22996, 63, 28
2025/01/11 11:15:05.086, 4, 24576, 1262, 22996, 63, 28
2025/01/11 11:15:05.186, 4, 24576, 1262, 22996, 68, 30
2025/01/11 11:15:05.287, 4, 24576, 1262, 22996, 68, 30
2025/01/11 11:15:05.388, 4, 24576, 1262, 22996, 67, 30
2025/01/11 11:15:05.489, 4, 24576, 1262, 22996, 67, 30
2025/01/11 11:15:05.589, 4, 24576, 1262, 22996, 62, 27
2025/01/11 11:15:05.690, 4, 24576, 1262, 22996, 62, 27
2025/01/11 11:15:05.791, 4, 24576, 1262, 22996, 62, 28
2025/01/11 11:15:05.892, 4, 24576, 1262, 22996, 62, 28
2025/01/11 11:15:05.992, 4, 24576, 1262, 22996, 60, 27
2025/01/11 11:15:06.093, 4, 24576, 1262, 22996, 60, 27
2025/01/11 11:15:06.194, 4, 24576, 1262, 22996, 59, 26
2025/01/11 11:15:06.294, 4, 24576, 1262, 22996, 59, 26
2025/01/11 11:15:06.395, 4, 24576, 1262, 22996, 60, 27
2025/01/11 11:15:06.496, 4, 24576, 1262, 22996, 60, 27
2025/01/11 11:15:06.597, 4, 24576, 1262, 22996, 59, 26
2025/01/11 11:15:06.697, 4, 24576, 1262, 22996, 59, 26
2025/01/11 11:15:06.798, 4, 24576, 1262, 22996, 63, 29
2025/01/11 11:15:06.899, 4, 24576, 1262, 22996, 63, 29
2025/01/11 11:15:07.000, 4, 24576, 1262, 22996, 62, 27
2025/01/11 11:15:07.101, 4, 24576, 1262, 22996, 62, 27
2025/01/11 11:15:07.202, 4, 24576, 1262, 22996, 63, 29
2025/01/11 11:15:07.303, 4, 24576, 1262, 22996, 63, 29
2025/01/11 11:15:07.404, 4, 24576, 1262, 22996, 59, 26
2025/01/11 11:15:07.505, 4, 24576, 1262, 22996, 59, 26
2025/01/11 11:15:07.606, 4, 24576, 1262, 22996, 61, 27
2025/01/11 11:15:07.706, 4, 24576, 1262, 22996, 61, 27
2025/01/11 11:15:07.807, 4, 24576, 1262, 22996, 62, 28
2025/01/11 11:15:07.908, 4, 24576, 1262, 22996, 62, 28
2025/01/11 11:15:08.008, 4, 24576, 1262, 22996, 66, 29
2025/01/11 11:15:08.109, 4, 24576, 1262, 22996, 66, 29
2025/01/11 11:15:08.210, 4, 24576, 1262, 22996, 62, 28
2025/01/11 11:15:08.311, 4, 24576, 1262, 22996, 62, 28
2025/01/11 11:15:08.411, 4, 24576, 1262, 22996, 65, 29
2025/01/11 11:15:08.512, 4, 24576, 1262, 22996, 65, 29
2025/01/11 11:15:08.613, 4, 24576, 1262, 22996, 62, 27
2025/01/11 11:15:08.713, 4, 24576, 1262, 22996, 62, 27
2025/01/11 11:15:08.814, 4, 24576, 1262, 22996, 67, 30
2025/01/11 11:15:08.915, 4, 24576, 1262, 22996, 67, 30
2025/01/11 11:15:09.015, 4, 24576, 1262, 22996, 60, 27
2025/01/11 11:15:09.116, 4, 24576, 1262, 22996, 60, 27
2025/01/11 11:15:09.217, 4, 24576, 1262, 22996, 61, 28
2025/01/11 11:15:09.317, 4, 24576, 1262, 22996, 61, 28
2025/01/11 11:15:09.418, 4, 24576, 1262, 22996, 60, 27
2025/01/11 11:15:09.519, 4, 24576, 1262, 22996, 60, 27
2025/01/11 11:15:09.620, 4, 24576, 1262, 22996, 65, 29
2025/01/11 11:15:09.721, 4, 24576, 1262, 22996, 65, 29
2025/01/11 11:15:09.822, 4, 24576, 1262, 22996, 63, 27
2025/01/11 11:15:09.923, 4, 24576, 1262, 22996, 63, 27
2025/01/11 11:15:10.024, 4, 24576, 1262, 22996, 62, 28
2025/01/11 11:15:10.125, 4, 24576, 1262, 22996, 62, 28
2025/01/11 11:15:10.225, 4, 24576, 1262, 22996, 65, 29
2025/01/11 11:15:10.326, 4, 24576, 1262, 22996, 65, 29
2025/01/11 11:15:10.427, 4, 24576, 1262, 22996, 60, 27
2025/01/11 11:15:10.527, 4, 24576, 1262, 22996, 60, 27
2025/01/11 11:15:10.628, 4, 24576, 1262, 22996, 60, 27
2025/01/11 11:15:10.729, 4, 24576, 1262, 22996, 60, 27
2025/01/11 11:15:10.829, 4, 24576, 1262, 22996, 61, 27
2025/01/11 11:15:10.930, 4, 24576, 1262, 22996, 61, 27
2025/01/11 11:15:11.031, 4, 24576, 1262, 22996, 61, 28
2025/01/11 11:15:11.131, 4, 24576, 1262, 22996, 61, 28
2025/01/11 11:15:11.232, 4, 24576, 1262, 22996, 60, 27
2025/01/11 11:15:11.335, 4, 24576, 1262, 22996, 60, 27
2025/01/11 11:15:11.436, 4, 24576, 1262, 22996, 60, 27
2025/01/11 11:15:11.536, 4, 24576, 1262, 22996, 60, 27
2025/01/11 11:15:11.637, 4, 24576, 1262, 22996, 62, 27
2025/01/11 11:15:11.738, 4, 24576, 1262, 22996, 62, 27
2025/01/11 11:15:11.839, 4, 24576, 1262, 22996, 62, 28
2025/01/11 11:15:11.940, 4, 24576, 1262, 22996, 62, 28
2025/01/11 11:15:12.041, 4, 24576, 1262, 22996, 64, 28
2025/01/11 11:15:12.142, 4, 24576, 1262, 22996, 64, 28
2025/01/11 11:15:12.243, 4, 24576, 1262, 22996, 60, 27
2025/01/11 11:15:12.344, 4, 24576, 1262, 22996, 60, 27
2025/01/11 11:15:12.444, 4, 24576, 1262, 22996, 63, 28
2025/01/11 11:15:12.545, 4, 24576, 1262, 22996, 63, 28
2025/01/11 11:15:12.646, 4, 24576, 1262, 22996, 63, 29
2025/01/11 11:15:12.747, 4, 24576, 1262, 22996, 63, 29
2025/01/11 11:15:12.847, 4, 24576, 1262, 22996, 62, 27
2025/01/11 11:15:12.948, 4, 24576, 1262, 22996, 62, 27
2025/01/11 11:15:13.049, 4, 24576, 1262, 22996, 64, 29
2025/01/11 11:15:13.150, 4, 24576, 1262, 22996, 64, 29
2025/01/11 11:15:13.250, 4, 24576, 1262, 22996, 64, 29
2025/01/11 11:15:13.351, 4, 24576, 1262, 22996, 64, 29
2025/01/11 11:15:13.452, 4, 24576, 1262, 22996, 61, 27
2025/01/11 11:15:13.552, 4, 24576, 1262, 22996, 61, 27
2025/01/11 11:15:13.653, 4, 24576, 1262, 22996, 65, 29
2025/01/11 11:15:13.754, 4, 24576, 1262, 22996, 65, 29
2025/01/11 11:15:13.854, 4, 24576, 1262, 22996, 64, 28
2025/01/11 11:15:13.955, 4, 24576, 1262, 22996, 64, 28
2025/01/11 11:15:14.056, 4, 24576, 1262, 22996, 62, 28
2025/01/11 11:15:14.157, 4, 24576, 1262, 22996, 62, 28
2025/01/11 11:15:14.258, 4, 24576, 1262, 22996, 64, 28
2025/01/11 11:15:14.359, 4, 24576, 1262, 22996, 64, 28
2025/01/11 11:15:14.460, 4, 24576, 1262, 22996, 61, 28
2025/01/11 11:15:14.561, 4, 24576, 1262, 22996, 61, 28
2025/01/11 11:15:14.662, 4, 24576, 1262, 22996, 61, 27
2025/01/11 11:15:14.763, 4, 24576, 1262, 22996, 61, 27
2025/01/11 11:15:14.863, 4, 24576, 1262, 22996, 62, 28
2025/01/11 11:15:14.964, 4, 24576, 1262, 22996, 62, 28
2025/01/11 11:15:15.065, 4, 24576, 1262, 22996, 61, 27
2025/01/11 11:15:15.165, 4, 24576, 1262, 22996, 61, 27
2025/01/11 11:15:15.266, 4, 24576, 1262, 22996, 61, 27
2025/01/11 11:15:15.367, 4, 24576, 1262, 22996, 61, 27
2025/01/11 11:15:15.469, 4, 24576, 1262, 22996, 63, 29
2025/01/11 11:15:15.569, 4, 24576, 1262, 22996, 63, 29
2025/01/11 11:15:15.670, 4, 24576, 1262, 22996, 61, 27
2025/01/11 11:15:15.771, 4, 24576, 1262, 22996, 61, 27
2025/01/11 11:15:15.872, 4, 24576, 1262, 22996, 69, 30
2025/01/11 11:15:15.972, 4, 24576, 1262, 22996, 69, 30
2025/01/11 11:15:16.073, 4, 24576, 1262, 22996, 64, 29
2025/01/11 11:15:16.174, 4, 24576, 1262, 22996, 64, 29
2025/01/11 11:15:16.274, 4, 24576, 1262, 22996, 64, 29
2025/01/11 11:15:16.375, 4, 24576, 1262, 22996, 64, 29
2025/01/11 11:15:16.476, 4, 24576, 1262, 22996, 63, 28
2025/01/11 11:15:16.577, 4, 24576, 1262, 22996, 62, 28
2025/01/11 11:15:16.680, 4, 24576, 1262, 22996, 62, 28
2025/01/11 11:15:16.781, 4, 24576, 1262, 22996, 62, 28
2025/01/11 11:15:16.882, 4, 24576, 1262, 22996, 62, 28
2025/01/11 11:15:16.983, 4, 24576, 1262, 22996, 61, 27
2025/01/11 11:15:17.084, 4, 24576, 1262, 22996, 61, 27
2025/01/11 11:15:17.185, 4, 24576, 1262, 22996, 69, 31
2025/01/11 11:15:17.285, 4, 24576, 1262, 22996, 69, 31
2025/01/11 11:15:17.386, 4, 24576, 1262, 22996, 61, 27
2025/01/11 11:15:17.487, 4, 24576, 1262, 22996, 61, 27
2025/01/11 11:15:17.588, 4, 24576, 1262, 22996, 63, 28
2025/01/11 11:15:17.689, 4, 24576, 1262, 22996, 63, 28
2025/01/11 11:15:17.789, 4, 24576, 1262, 22996, 63, 29
2025/01/11 11:15:17.890, 4, 24576, 1262, 22996, 63, 29
2025/01/11 11:15:17.991, 4, 24576, 1262, 22996, 63, 28
2025/01/11 11:15:18.091, 4, 24576, 1262, 22996, 63, 28
2025/01/11 11:15:18.192, 4, 24576, 1262, 22996, 60, 27
2025/01/11 11:15:18.293, 4, 24576, 1262, 22996, 60, 27
2025/01/11 11:15:18.394, 4, 24576, 1262, 22996, 68, 30
2025/01/11 11:15:18.495, 4, 24576, 1262, 22996, 68, 30
2025/01/11 11:15:18.597, 4, 24576, 1262, 22996, 65, 29
2025/01/11 11:15:18.698, 4, 24576, 1262, 22996, 65, 29
2025/01/11 11:15:18.799, 4, 24576, 1262, 22996, 61, 27
2025/01/11 11:15:18.900, 4, 24576, 1262, 22996, 61, 27
2025/01/11 11:15:19.001, 4, 24576, 1262, 22996, 64, 29
2025/01/11 11:15:19.102, 4, 24576, 1262, 22996, 64, 29
2025/01/11 11:15:19.202, 4, 24576, 1262, 22996, 61, 27
2025/01/11 11:15:19.303, 4, 24576, 1262, 22996, 61, 27
2025/01/11 11:15:19.404, 4, 24576, 1262, 22996, 59, 26
2025/01/11 11:15:19.505, 4, 24576, 1262, 22996, 59, 26
2025/01/11 11:15:19.607, 4, 24576, 1262, 22996, 60, 26
2025/01/11 11:15:19.708, 4, 24576, 1262, 22996, 60, 26
2025/01/11 11:15:19.809, 4, 24576, 1262, 22996, 62, 28
2025/01/11 11:15:19.910, 4, 24576, 1262, 22996, 62, 28
2025/01/11 11:15:20.010, 4, 24576, 1262, 22996, 60, 27
2025/01/11 11:15:20.111, 4, 24576, 1262, 22996, 60, 27
2025/01/11 11:15:20.212, 4, 24576, 1262, 22996, 61, 27
2025/01/11 11:15:20.313, 4, 24576, 1262, 22996, 61, 27
2025/01/11 11:15:20.413, 4, 24576, 1262, 22996, 65, 29
2025/01/11 11:15:20.514, 4, 24576, 1262, 22996, 65, 29
2025/01/11 11:15:20.615, 4, 24576, 1262, 22996, 60, 27
2025/01/11 11:15:20.716, 4, 24576, 1262, 22996, 60, 27
2025/01/11 11:15:20.817, 4, 24576, 1262, 22996, 68, 30
2025/01/11 11:15:20.918, 4, 24576, 1262, 22996, 68, 30
2025/01/11 11:15:21.019, 4, 24576, 1262, 22996, 62, 28
2025/01/11 11:15:21.120, 4, 24576, 1262, 22996, 62, 28
2025/01/11 11:15:21.221, 4, 24576, 1262, 22996, 58, 25
2025/01/11 11:15:21.322, 4, 24576, 1262, 22996, 58, 25
2025/01/11 11:15:21.423, 4, 24576, 1262, 22996, 62, 28
2025/01/11 11:15:21.523, 4, 24576, 1262, 22996, 62, 28
2025/01/11 11:15:21.624, 4, 24576, 1262, 22996, 62, 27
2025/01/11 11:15:21.725, 4, 24576, 1262, 22996, 62, 27
2025/01/11 11:15:21.826, 4, 24576, 1262, 22996, 61, 28
2025/01/11 11:15:21.926, 4, 24576, 1262, 22996, 61, 28
2025/01/11 11:15:22.027, 4, 24576, 1262, 22996, 60, 27
2025/01/11 11:15:22.128, 4, 24576, 1262, 22996, 60, 27
2025/01/11 11:15:22.229, 4, 24576, 1262, 22996, 62, 27
2025/01/11 11:15:22.329, 4, 24576, 1262, 22996, 62, 27
2025/01/11 11:15:22.430, 4, 24576, 1262, 22996, 61, 28
2025/01/11 11:15:22.531, 4, 24576, 1262, 22996, 61, 28
2025/01/11 11:15:22.632, 4, 24576, 1262, 22996, 59, 26
2025/01/11 11:15:22.732, 4, 24576, 1262, 22996, 59, 26
2025/01/11 11:15:22.833, 4, 24576, 1262, 22996, 60, 27
2025/01/11 11:15:22.934, 4, 24576, 1262, 22996, 60, 27
2025/01/11 11:15:23.035, 4, 24576, 1262, 22996, 60, 27
2025/01/11 11:15:23.136, 4, 24576, 1262, 22996, 60, 27
2025/01/11 11:15:23.237, 4, 24576, 1262, 22996, 62, 28
2025/01/11 11:15:23.338, 4, 24576, 1262, 22996, 62, 28
2025/01/11 11:15:23.439, 4, 24576, 1262, 22996, 63, 28
2025/01/11 11:15:23.540, 4, 24576, 1262, 22996, 63, 28
2025/01/11 11:15:23.641, 4, 24576, 1262, 22996, 66, 30
2025/01/11 11:15:23.743, 4, 24576, 1262, 22996, 66, 30
2025/01/11 11:15:23.843, 4, 24576, 1262, 22996, 71, 32
2025/01/11 11:15:23.944, 4, 24576, 1262, 22996, 71, 32
2025/01/11 11:15:24.045, 4, 24576, 1262, 22996, 64, 28
2025/01/11 11:15:24.146, 4, 24576, 1262, 22996, 64, 28
2025/01/11 11:15:24.247, 4, 24576, 1262, 22996, 63, 29
2025/01/11 11:15:24.347, 4, 24576, 1262, 22996, 63, 29
2025/01/11 11:15:24.448, 4, 24576, 1262, 22996, 59, 26
2025/01/11 11:15:24.549, 4, 24576, 1262, 22996, 59, 26
2025/01/11 11:15:24.650, 4, 24576, 1262, 22996, 66, 30
2025/01/11 11:15:24.750, 4, 24576, 1262, 22996, 66, 30
2025/01/11 11:15:24.851, 4, 24576, 1262, 22996, 58, 26
2025/01/11 11:15:24.952, 4, 24576, 1262, 22996, 58, 26
2025/01/11 11:15:25.053, 4, 24576, 1262, 22996, 64, 28
2025/01/11 11:15:25.154, 4, 24576, 1262, 22996, 64, 28
2025/01/11 11:15:25.256, 4, 24576, 1262, 22996, 63, 29
2025/01/11 11:15:25.357, 4, 24576, 1262, 22996, 63, 29
2025/01/11 11:15:25.458, 4, 24576, 1262, 22996, 63, 28
2025/01/11 11:15:25.558, 4, 24576, 1262, 22996, 63, 28
2025/01/11 11:15:25.659, 4, 24576, 1262, 22996, 69, 31
2025/01/11 11:15:25.760, 4, 24576, 1262, 22996, 69, 31
2025/01/11 11:15:25.861, 4, 24576, 1262, 22996, 64, 28
2025/01/11 11:15:25.961, 4, 24576, 1262, 22996, 64, 28
2025/01/11 11:15:26.062, 4, 24576, 1262, 22996, 61, 28
2025/01/11 11:15:26.163, 4, 24576, 1262, 22996, 61, 28
2025/01/11 11:15:26.264, 4, 24576, 1262, 22996, 66, 29
2025/01/11 11:15:26.364, 4, 24576, 1262, 22996, 66, 29
2025/01/11 11:15:26.465, 4, 24576, 1262, 22996, 62, 27
2025/01/11 11:15:26.566, 4, 24576, 1262, 22996, 62, 27
2025/01/11 11:15:26.667, 4, 24576, 1262, 22996, 60, 26
2025/01/11 11:15:26.767, 4, 24576, 1262, 22996, 60, 26
2025/01/11 11:15:26.868, 4, 24576, 1262, 22996, 60, 27
2025/01/11 11:15:26.969, 4, 24576, 1262, 22996, 60, 27
2025/01/11 11:15:27.070, 4, 24576, 1262, 22996, 63, 29
2025/01/11 11:15:27.170, 4, 24576, 1262, 22996, 63, 29
2025/01/11 11:15:27.271, 4, 24576, 1262, 22996, 61, 27
2025/01/11 11:15:27.372, 4, 24576, 1262, 22996, 61, 27
2025/01/11 11:15:27.473, 4, 24576, 1262, 22996, 60, 27
2025/01/11 11:15:27.574, 4, 24576, 1262, 22996, 61, 27
2025/01/11 11:15:27.677, 4, 24576, 1262, 22996, 61, 27
2025/01/11 11:15:27.778, 4, 24576, 1262, 22996, 61, 27
2025/01/11 11:15:27.882, 4, 24576, 1262, 22996, 61, 27
2025/01/11 11:15:27.983, 4, 24576, 1262, 22996, 65, 29
2025/01/11 11:15:28.084, 4, 24576, 1262, 22996, 65, 29
2025/01/11 11:15:28.185, 4, 24576, 1262, 22996, 61, 27
2025/01/11 11:15:28.285, 4, 24576, 1262, 22996, 61, 27
2025/01/11 11:15:28.386, 4, 24576, 1262, 22996, 62, 27
2025/01/11 11:15:28.487, 4, 24576, 1262, 22996, 62, 27
2025/01/11 11:15:28.588, 4, 24576, 1262, 22996, 62, 28
2025/01/11 11:15:28.688, 4, 24576, 1262, 22996, 62, 28
2025/01/11 11:15:28.789, 4, 24576, 1262, 22996, 62, 27
2025/01/11 11:15:28.890, 4, 24576, 1262, 22996, 62, 27
2025/01/11 11:15:28.991, 4, 24576, 1262, 22996, 60, 27
2025/01/11 11:15:29.092, 4, 24576, 1262, 22996, 60, 27
2025/01/11 11:15:29.193, 4, 24576, 1262, 22996, 60, 27
2025/01/11 11:15:29.294, 4, 24576, 1262, 22996, 60, 27
2025/01/11 11:15:29.395, 4, 24576, 1262, 22996, 61, 27
2025/01/11 11:15:29.496, 4, 24576, 1262, 22996, 61, 27
2025/01/11 11:15:29.597, 4, 24576, 1262, 22996, 64, 28
2025/01/11 11:15:29.698, 4, 24576, 1262, 22996, 64, 28
2025/01/11 11:15:29.799, 4, 24576, 1262, 22996, 61, 27
2025/01/11 11:15:29.900, 4, 24576, 1262, 22996, 61, 27
2025/01/11 11:15:30.000, 4, 24576, 1262, 22996, 62, 27
2025/01/11 11:15:30.101, 4, 24576, 1262, 22996, 62, 27
2025/01/11 11:15:30.202, 4, 24576, 1262, 22996, 62, 28
2025/01/11 11:15:30.303, 4, 24576, 1262, 22996, 62, 28
2025/01/11 11:15:30.403, 4, 24576, 1262, 22996, 61, 27
2025/01/11 11:15:30.504, 4, 24576, 1262, 22996, 61, 27
2025/01/11 11:15:30.605, 4, 24576, 1262, 22996, 63, 27
2025/01/11 11:15:30.706, 4, 24576, 1262, 22996, 63, 27
2025/01/11 11:15:30.807, 4, 24576, 1262, 22996, 62, 28
2025/01/11 11:15:30.908, 4, 24576, 1262, 22996, 62, 28
2025/01/11 11:15:31.009, 4, 24576, 1262, 22996, 65, 29
2025/01/11 11:15:31.110, 4, 24576, 1262, 22996, 65, 29
2025/01/11 11:15:31.211, 4, 24576, 1262, 22996, 65, 28
2025/01/11 11:15:31.312, 4, 24576, 1262, 22996, 65, 28
2025/01/11 11:15:31.413, 4, 24576, 1262, 22996, 61, 28
2025/01/11 11:15:31.514, 4, 24576, 1262, 22996, 61, 28
2025/01/11 11:15:31.615, 4, 24576, 1262, 22996, 59, 26
2025/01/11 11:15:31.716, 4, 24576, 1262, 22996, 59, 26
2025/01/11 11:15:31.817, 4, 24576, 1262, 22996, 60, 26
2025/01/11 11:15:31.918, 4, 24576, 1262, 22996, 60, 26
2025/01/11 11:15:32.023, 4, 24576, 1262, 22996, 61, 27
2025/01/11 11:15:32.124, 4, 24576, 1262, 22996, 61, 27
2025/01/11 11:15:32.225, 4, 24576, 1262, 22996, 64, 29
2025/01/11 11:15:32.325, 4, 24576, 1262, 22996, 64, 29
2025/01/11 11:15:32.426, 4, 24576, 1262, 22996, 64, 28
2025/01/11 11:15:32.527, 4, 24576, 1262, 22996, 64, 28
2025/01/11 11:15:32.628, 4, 24576, 1262, 22996, 62, 28
2025/01/11 11:15:32.728, 4, 24576, 1262, 22996, 62, 28
2025/01/11 11:15:32.829, 4, 24576, 1262, 22996, 60, 26
2025/01/11 11:15:32.930, 4, 24576, 1262, 22996, 60, 26
2025/01/11 11:15:33.031, 4, 24576, 1262, 22996, 64, 29
2025/01/11 11:15:33.132, 4, 24576, 1262, 22996, 64, 29
2025/01/11 11:15:33.233, 4, 24576, 1262, 22996, 61, 27
2025/01/11 11:15:33.334, 4, 24576, 1262, 22996, 61, 27
2025/01/11 11:15:33.435, 4, 24576, 1262, 22996, 65, 29
2025/01/11 11:15:33.537, 4, 24576, 1262, 22996, 65, 29
2025/01/11 11:15:33.637, 4, 24576, 1262, 22996, 61, 27
2025/01/11 11:15:33.738, 4, 24576, 1262, 22996, 61, 27
2025/01/11 11:15:33.839, 4, 24576, 1262, 22996, 62, 27
2025/01/11 11:15:33.940, 4, 24576, 1262, 22996, 62, 27
2025/01/11 11:15:34.040, 4, 24576, 1262, 22996, 59, 26
2025/01/11 11:15:34.141, 4, 24576, 1262, 22996, 59, 26
2025/01/11 11:15:34.242, 4, 24576, 1262, 22996, 58, 26
2025/01/11 11:15:34.343, 4, 24576, 1262, 22996, 58, 26
2025/01/11 11:15:34.443, 4, 24576, 1262, 22996, 61, 28
2025/01/11 11:15:34.544, 4, 24576, 1262, 22996, 61, 28
2025/01/11 11:15:34.645, 4, 24576, 1262, 22996, 62, 27
2025/01/11 11:15:34.746, 4, 24576, 1262, 22996, 62, 27
2025/01/11 11:15:34.846, 4, 24576, 1262, 22996, 64, 29
2025/01/11 11:15:34.947, 4, 24576, 1262, 22996, 64, 29
2025/01/11 11:15:35.048, 4, 24576, 1262, 22996, 60, 27
2025/01/11 11:15:35.148, 4, 24576, 1262, 22996, 60, 27
2025/01/11 11:15:35.249, 4, 24576, 1262, 22996, 62, 27
2025/01/11 11:15:35.350, 4, 24576, 1262, 22996, 62, 27
2025/01/11 11:15:35.451, 4, 24576, 1262, 22996, 60, 27
2025/01/11 11:15:35.552, 4, 24576, 1262, 22996, 60, 27
2025/01/11 11:15:35.653, 4, 24576, 1262, 22996, 63, 29
2025/01/11 11:15:35.754, 4, 24576, 1262, 22996, 63, 29
2025/01/11 11:15:35.855, 4, 24576, 1262, 22996, 63, 28
2025/01/11 11:15:35.956, 4, 24576, 1262, 22996, 63, 28
2025/01/11 11:15:36.057, 4, 24576, 1262, 22996, 62, 28
2025/01/11 11:15:36.159, 4, 24576, 1262, 22996, 62, 28
2025/01/11 11:15:36.260, 4, 24576, 1262, 22996, 62, 27
2025/01/11 11:15:36.360, 4, 24576, 1262, 22996, 62, 27
2025/01/11 11:15:36.461, 4, 24576, 1262, 22996, 60, 27
2025/01/11 11:15:36.562, 4, 24576, 1262, 22996, 60, 27
2025/01/11 11:15:36.663, 4, 24576, 1262, 22996, 62, 28
2025/01/11 11:15:36.763, 4, 24576, 1262, 22996, 62, 28
2025/01/11 11:15:36.864, 4, 24576, 1262, 22996, 60, 26
2025/01/11 11:15:36.965, 4, 24576, 1262, 22996, 60, 26
2025/01/11 11:15:37.066, 4, 24576, 1262, 22996, 64, 29
2025/01/11 11:15:37.166, 4, 24576, 1262, 22996, 64, 29
2025/01/11 11:15:37.267, 4, 24576, 1262, 22996, 59, 26
2025/01/11 11:15:37.368, 4, 24576, 1262, 22996, 59, 26
2025/01/11 11:15:37.468, 4, 24576, 1262, 22996, 61, 27
2025/01/11 11:15:37.570, 4, 24576, 1262, 22996, 64, 29
2025/01/11 11:15:37.673, 4, 24576, 1262, 22996, 64, 29
2025/01/11 11:15:37.774, 4, 24576, 1262, 22996, 60, 26
2025/01/11 11:15:37.875, 4, 24576, 1262, 22996, 60, 26
2025/01/11 11:15:37.976, 4, 24576, 1262, 22996, 65, 28
2025/01/11 11:15:38.077, 4, 24576, 1262, 22996, 65, 28
2025/01/11 11:15:38.177, 4, 24576, 1262, 22996, 61, 28
2025/01/11 11:15:38.278, 4, 24576, 1262, 22996, 61, 28
2025/01/11 11:15:38.379, 4, 24576, 1262, 22996, 59, 26
2025/01/11 11:15:38.480, 4, 24576, 1262, 22996, 59, 26
2025/01/11 11:15:38.580, 4, 24576, 1262, 22996, 64, 28
2025/01/11 11:15:38.681, 4, 24576, 1262, 22996, 64, 28
2025/01/11 11:15:38.782, 4, 24576, 1262, 22996, 58, 26
2025/01/11 11:15:38.883, 4, 24576, 1262, 22996, 58, 26
2025/01/11 11:15:38.983, 4, 24576, 1262, 22996, 49, 22
2025/01/11 11:15:39.084, 4, 24576, 1262, 22996, 49, 22
2025/01/11 11:15:39.185, 4, 24576, 1262, 22996, 48, 22
2025/01/11 11:15:39.286, 4, 24576, 1262, 22996, 48, 22
2025/01/11 11:15:39.386, 4, 24576, 1262, 22996, 46, 21
2025/01/11 11:15:39.487, 4, 24576, 1262, 22996, 46, 21
2025/01/11 11:15:39.588, 4, 24576, 1262, 22996, 42, 18
2025/01/11 11:15:39.689, 4, 24576, 1262, 22996, 42, 18
2025/01/11 11:15:39.790, 4, 24576, 1262, 22996, 44, 20
2025/01/11 11:15:39.891, 4, 24576, 1262, 22996, 44, 20
2025/01/11 11:15:39.992, 4, 24576, 1262, 22996, 50, 22
2025/01/11 11:15:40.093, 4, 24576, 1262, 22996, 50, 22
2025/01/11 11:15:40.194, 4, 24576, 1262, 22996, 52, 23
2025/01/11 11:15:40.296, 4, 24576, 1262, 22996, 52, 23
2025/01/11 11:15:40.397, 4, 24576, 1262, 22996, 57, 26
2025/01/11 11:15:40.498, 4, 24576, 1262, 22996, 57, 26
2025/01/11 11:15:40.599, 4, 24576, 1262, 22996, 53, 23
2025/01/11 11:15:40.699, 4, 24576, 1262, 22996, 53, 23
2025/01/11 11:15:40.800, 4, 24576, 1262, 22996, 50, 22
2025/01/11 11:15:40.901, 4, 24576, 1262, 22996, 50, 22
2025/01/11 11:15:41.001, 4, 24576, 1262, 22996, 61, 27
2025/01/11 11:15:41.102, 4, 24576, 1262, 22996, 61, 27
2025/01/11 11:15:41.203, 4, 24576, 1262, 22996, 66, 29
2025/01/11 11:15:41.304, 4, 24576, 1262, 22996, 66, 29
2025/01/11 11:15:41.405, 4, 24576, 1262, 22996, 67, 30
2025/01/11 11:15:41.505, 4, 24576, 1262, 22996, 67, 30
2025/01/11 11:15:41.606, 4, 24576, 1262, 22996, 52, 23
2025/01/11 11:15:41.707, 4, 24576, 1262, 22996, 52, 23
2025/01/11 11:15:41.808, 4, 24576, 1262, 22996, 33, 15
2025/01/11 11:15:41.909, 4, 24576, 1262, 22996, 33, 15
2025/01/11 11:15:42.010, 4, 24576, 1262, 22996, 36, 17
2025/01/11 11:15:42.111, 4, 24576, 1262, 22996, 36, 17
2025/01/11 11:15:42.212, 4, 24576, 1262, 22996, 58, 25
2025/01/11 11:15:42.313, 4, 24576, 1262, 22996, 58, 25
2025/01/11 11:15:42.414, 4, 24576, 1262, 22996, 60, 27
2025/01/11 11:15:42.514, 4, 24576, 1262, 22996, 60, 27
2025/01/11 11:15:42.615, 4, 24576, 1262, 22996, 61, 27
2025/01/11 11:15:42.716, 4, 24576, 1262, 22996, 61, 27
2025/01/11 11:15:42.817, 4, 24576, 1262, 22996, 62, 27
2025/01/11 11:15:42.917, 4, 24576, 1262, 22996, 62, 27
2025/01/11 11:15:43.019, 4, 24576, 1262, 22996, 62, 28
2025/01/11 11:15:43.119, 4, 24576, 1262, 22996, 62, 28
2025/01/11 11:15:43.220, 4, 24576, 1262, 22996, 65, 28
2025/01/11 11:15:43.321, 4, 24576, 1262, 22996, 65, 28
2025/01/11 11:15:43.422, 4, 24576, 1262, 22996, 66, 29
2025/01/11 11:15:43.522, 4, 24576, 1262, 22996, 66, 29
2025/01/11 11:15:43.623, 4, 24576, 1262, 22996, 62, 28
2025/01/11 11:15:43.724, 4, 24576, 1262, 22996, 62, 28
2025/01/11 11:15:43.825, 4, 24576, 1262, 22996, 63, 27
2025/01/11 11:15:43.925, 4, 24576, 1262, 22996, 63, 27
2025/01/11 11:15:44.026, 4, 24576, 1262, 22996, 69, 31
2025/01/11 11:15:44.127, 4, 24576, 1262, 22996, 69, 31
2025/01/11 11:15:44.228, 4, 24576, 1262, 22996, 71, 31
2025/01/11 11:15:44.329, 4, 24576, 1262, 22996, 71, 31
2025/01/11 11:15:44.431, 4, 24576, 1262, 22996, 75, 33
2025/01/11 11:15:44.532, 4, 24576, 1262, 22996, 75, 33
2025/01/11 11:15:44.633, 4, 24576, 1262, 22996, 68, 30
2025/01/11 11:15:44.734, 4, 24576, 1262, 22996, 68, 30
2025/01/11 11:15:44.835, 4, 24576, 1262, 22996, 63, 28
2025/01/11 11:15:44.935, 4, 24576, 1262, 22996, 63, 28
2025/01/11 11:15:45.036, 4, 24576, 1262, 22996, 61, 27
2025/01/11 11:15:45.137, 4, 24576, 1262, 22996, 61, 27
2025/01/11 11:15:45.237, 4, 24576, 1262, 22996, 61, 27
2025/01/11 11:15:45.338, 4, 24576, 1262, 22996, 61, 27
2025/01/11 11:15:45.439, 4, 24576, 1262, 22996, 69, 30
2025/01/11 11:15:45.540, 4, 24576, 1262, 22996, 69, 30
2025/01/11 11:15:45.640, 4, 24576, 1262, 22996, 62, 28
2025/01/11 11:15:45.742, 4, 24576, 1262, 22996, 62, 28
2025/01/11 11:15:45.842, 4, 24576, 1262, 22996, 63, 27
2025/01/11 11:15:45.943, 4, 24576, 1262, 22996, 63, 27
2025/01/11 11:15:46.044, 4, 24576, 1262, 22996, 62, 28
2025/01/11 11:15:46.145, 4, 24576, 1262, 22996, 62, 28
2025/01/11 11:15:46.245, 4, 24576, 1262, 22996, 63, 27
2025/01/11 11:15:46.347, 4, 24576, 1262, 22996, 63, 27
2025/01/11 11:15:46.448, 4, 24576, 1262, 22996, 73, 33
2025/01/11 11:15:46.549, 4, 24576, 1262, 22996, 73, 33
2025/01/11 11:15:46.650, 4, 24576, 1262, 22996, 58, 26
2025/01/11 11:15:46.751, 4, 24576, 1262, 22996, 58, 26
2025/01/11 11:15:46.852, 4, 24576, 1262, 22996, 64, 29
2025/01/11 11:15:46.953, 4, 24576, 1262, 22996, 64, 29
2025/01/11 11:15:47.054, 4, 24576, 1262, 22996, 61, 27
2025/01/11 11:15:47.154, 4, 24576, 1262, 22996, 61, 27
2025/01/11 11:15:47.255, 4, 24576, 1262, 22996, 59, 26
2025/01/11 11:15:47.356, 4, 24576, 1262, 22996, 59, 26
2025/01/11 11:15:47.457, 4, 24576, 1262, 22996, 63, 28
2025/01/11 11:15:47.557, 4, 24576, 1262, 22996, 63, 28
2025/01/11 11:15:47.658, 4, 24576, 1262, 22996, 63, 28
2025/01/11 11:15:47.759, 4, 24576, 1262, 22996, 63, 28
2025/01/11 11:15:47.860, 4, 24576, 1262, 22996, 63, 28
2025/01/11 11:15:47.960, 4, 24576, 1262, 22996, 63, 28
2025/01/11 11:15:48.061, 4, 24576, 1262, 22996, 62, 27
2025/01/11 11:15:48.162, 4, 24576, 1262, 22996, 62, 27
2025/01/11 11:15:48.263, 4, 24576, 1262, 22996, 62, 27
2025/01/11 11:15:48.363, 4, 24576, 1262, 22996, 62, 27
2025/01/11 11:15:48.464, 4, 24576, 1262, 22996, 63, 29
2025/01/11 11:15:48.566, 4, 24576, 1262, 22996, 59, 26
2025/01/11 11:15:48.670, 4, 24576, 1262, 22996, 59, 26
2025/01/11 11:15:48.771, 4, 24576, 1262, 22996, 62, 27
2025/01/11 11:15:48.872, 4, 24576, 1262, 22996, 62, 27
2025/01/11 11:15:48.973, 4, 24576, 1262, 22996, 64, 29
2025/01/11 11:15:49.074, 4, 24576, 1262, 22996, 64, 29
2025/01/11 11:15:49.175, 4, 24576, 1262, 22996, 65, 29
2025/01/11 11:15:49.275, 4, 24576, 1262, 22996, 65, 29
2025/01/11 11:15:49.376, 4, 24576, 1262, 22996, 56, 24
2025/01/11 11:15:49.477, 4, 24576, 1262, 22996, 56, 24
2025/01/11 11:15:49.578, 4, 24576, 1262, 22996, 61, 28
2025/01/11 11:15:49.678, 4, 24576, 1262, 22996, 61, 28
2025/01/11 11:15:49.779, 4, 24576, 1262, 22996, 62, 27
2025/01/11 11:15:49.880, 4, 24576, 1262, 22996, 62, 27
2025/01/11 11:15:49.980, 4, 24576, 1262, 22996, 64, 29
2025/01/11 11:15:50.081, 4, 24576, 1262, 22996, 64, 29
2025/01/11 11:15:50.182, 4, 24576, 1262, 22996, 61, 27
2025/01/11 11:15:50.283, 4, 24576, 1262, 22996, 61, 27
2025/01/11 11:15:50.383, 4, 24576, 1262, 22996, 63, 28
2025/01/11 11:15:50.484, 4, 24576, 1262, 22996, 63, 28
2025/01/11 11:15:50.585, 4, 24576, 1262, 22996, 62, 27
2025/01/11 11:15:50.686, 4, 24576, 1262, 22996, 62, 27
2025/01/11 11:15:50.787, 4, 24576, 1262, 22996, 63, 28
2025/01/11 11:15:50.888, 4, 24576, 1262, 22996, 63, 28
2025/01/11 11:15:50.989, 4, 24576, 1262, 22996, 61, 27
2025/01/11 11:15:51.090, 4, 24576, 1262, 22996, 61, 27
2025/01/11 11:15:51.191, 4, 24576, 1262, 22996, 63, 28
2025/01/11 11:15:51.292, 4, 24576, 1262, 22996, 63, 28
2025/01/11 11:15:51.393, 4, 24576, 1262, 22996, 57, 26
2025/01/11 11:15:51.493, 4, 24576, 1262, 22996, 57, 26
2025/01/11 11:15:51.594, 4, 24576, 1262, 22996, 71, 32
2025/01/11 11:15:51.695, 4, 24576, 1262, 22996, 71, 32
2025/01/11 11:15:51.796, 4, 24576, 1262, 22996, 64, 28
2025/01/11 11:15:51.896, 4, 24576, 1262, 22996, 64, 28
2025/01/11 11:15:51.997, 4, 24576, 1262, 22996, 60, 27
2025/01/11 11:15:52.098, 4, 24576, 1262, 22996, 60, 27
2025/01/11 11:15:52.199, 4, 24576, 1262, 22996, 60, 27
2025/01/11 11:15:52.299, 4, 24576, 1262, 22996, 60, 27
2025/01/11 11:15:52.400, 4, 24576, 1262, 22996, 59, 26
2025/01/11 11:15:52.501, 4, 24576, 1262, 22996, 59, 26
2025/01/11 11:15:52.602, 4, 24576, 1262, 22996, 60, 26
2025/01/11 11:15:52.703, 4, 24576, 1262, 22996, 60, 26
2025/01/11 11:15:52.804, 4, 24576, 1262, 22996, 62, 27
2025/01/11 11:15:52.905, 4, 24576, 1262, 22996, 62, 27
2025/01/11 11:15:53.006, 4, 24576, 1262, 22996, 73, 33
2025/01/11 11:15:53.107, 4, 24576, 1262, 22996, 73, 33
2025/01/11 11:15:53.208, 4, 24576, 1262, 22996, 74, 33
2025/01/11 11:15:53.309, 4, 24576, 1262, 22996, 74, 33
2025/01/11 11:15:53.410, 4, 24576, 1262, 22996, 76, 34
2025/01/11 11:15:53.511, 4, 24576, 1262, 22996, 76, 34
2025/01/11 11:15:53.612, 4, 24576, 1262, 22996, 67, 30
2025/01/11 11:15:53.713, 4, 24576, 1262, 22996, 67, 30
2025/01/11 11:15:53.813, 4, 24576, 1262, 22996, 61, 27
2025/01/11 11:15:53.914, 4, 24576, 1262, 22996, 61, 27
2025/01/11 11:15:54.015, 4, 24576, 1262, 22996, 63, 29
2025/01/11 11:15:54.116, 4, 24576, 1262, 22996, 63, 29
2025/01/11 11:15:54.216, 4, 24576, 1262, 22996, 68, 30
2025/01/11 11:15:54.317, 4, 24576, 1262, 22996, 68, 30
2025/01/11 11:15:54.418, 4, 24576, 1262, 22996, 70, 31
2025/01/11 11:15:54.519, 4, 24576, 1262, 22996, 70, 31
2025/01/11 11:15:54.619, 4, 24576, 1262, 22996, 67, 30
2025/01/11 11:15:54.720, 4, 24576, 1262, 22996, 67, 30
2025/01/11 11:15:54.822, 4, 24576, 1262, 22996, 61, 28
2025/01/11 11:15:54.922, 4, 24576, 1262, 22996, 61, 28
2025/01/11 11:15:55.023, 4, 24576, 1262, 22996, 62, 27
2025/01/11 11:15:55.124, 4, 24576, 1262, 22996, 62, 27
2025/01/11 11:15:55.225, 4, 24576, 1262, 22996, 60, 27
2025/01/11 11:15:55.326, 4, 24576, 1262, 22996, 60, 27
2025/01/11 11:15:55.427, 4, 24576, 1262, 22996, 62, 28
2025/01/11 11:15:55.528, 4, 24576, 1262, 22996, 62, 28
2025/01/11 11:15:55.629, 4, 24576, 1262, 22996, 61, 27
2025/01/11 11:15:55.730, 4, 24576, 1262, 22996, 61, 27
2025/01/11 11:15:55.831, 4, 24576, 1262, 22996, 56, 25
2025/01/11 11:15:55.931, 4, 24576, 1262, 22996, 56, 25
2025/01/11 11:15:56.032, 4, 24576, 1262, 22996, 55, 24
2025/01/11 11:15:56.133, 4, 24576, 1262, 22996, 55, 24
2025/01/11 11:15:56.234, 4, 24576, 1262, 22996, 60, 26
2025/01/11 11:15:56.335, 4, 24576, 1262, 22996, 60, 26
2025/01/11 11:15:56.435, 4, 24576, 1262, 22996, 61, 28
2025/01/11 11:15:56.536, 4, 24576, 1262, 22996, 61, 28
2025/01/11 11:15:56.637, 4, 24576, 1262, 22996, 60, 27
2025/01/11 11:15:56.738, 4, 24576, 1262, 22996, 60, 27
2025/01/11 11:15:56.839, 4, 24576, 1262, 22996, 59, 26
2025/01/11 11:15:56.939, 4, 24576, 1262, 22996, 59, 26
2025/01/11 11:15:57.040, 4, 24576, 1262, 22996, 58, 26
2025/01/11 11:15:57.141, 4, 24576, 1262, 22996, 58, 26
2025/01/11 11:15:57.241, 4, 24576, 1262, 22996, 57, 24
2025/01/11 11:15:57.342, 4, 24576, 1262, 22996, 57, 24
2025/01/11 11:15:57.443, 4, 24576, 1262, 22996, 62, 28
2025/01/11 11:15:57.544, 4, 24576, 1262, 22996, 62, 28
2025/01/11 11:15:57.646, 4, 24576, 1262, 22996, 61, 27
2025/01/11 11:15:57.747, 4, 24576, 1262, 22996, 61, 27
2025/01/11 11:15:57.848, 4, 24576, 1262, 22996, 60, 26
2025/01/11 11:15:57.949, 4, 24576, 1262, 22996, 60, 26
2025/01/11 11:15:58.049, 4, 24576, 1262, 22996, 59, 26
2025/01/11 11:15:58.150, 4, 24576, 1262, 22996, 59, 26
2025/01/11 11:15:58.251, 4, 24576, 1262, 22996, 61, 28
2025/01/11 11:15:58.352, 4, 24576, 1262, 22996, 61, 28
2025/01/11 11:15:58.452, 4, 24576, 1262, 22996, 62, 27
2025/01/11 11:15:58.553, 4, 24576, 1262, 22996, 62, 27
2025/01/11 11:15:58.654, 4, 24576, 1262, 22996, 62, 28
2025/01/11 11:15:58.755, 4, 24576, 1262, 22996, 62, 28
2025/01/11 11:15:58.855, 4, 24576, 1262, 22996, 66, 29
2025/01/11 11:15:58.957, 4, 24576, 1262, 22996, 66, 29
2025/01/11 11:15:59.058, 4, 24576, 1262, 22996, 60, 28
2025/01/11 11:15:59.159, 4, 24576, 1262, 22996, 60, 28
2025/01/11 11:15:59.260, 4, 24576, 1262, 22996, 61, 27
2025/01/11 11:15:59.361, 4, 24576, 1262, 22996, 61, 27
2025/01/11 11:15:59.461, 4, 24576, 1262, 22996, 61, 27
2025/01/11 11:15:59.562, 4, 24576, 1262, 22996, 61, 27
2025/01/11 11:15:59.663, 4, 24576, 1262, 22996, 63, 28
2025/01/11 11:15:59.764, 4, 24576, 1262, 22996, 64, 28
2025/01/11 11:15:59.867, 4, 24576, 1262, 22996, 64, 28
2025/01/11 11:15:59.968, 4, 24576, 1262, 22996, 66, 30
2025/01/11 11:16:00.069, 4, 24576, 1262, 22996, 66, 30
2025/01/11 11:16:00.170, 4, 24576, 1262, 22996, 57, 26
2025/01/11 11:16:00.271, 4, 24576, 1262, 22996, 57, 26
2025/01/11 11:16:00.372, 4, 24576, 1262, 22996, 60, 27
2025/01/11 11:16:00.473, 4, 24576, 1262, 22996, 60, 27
2025/01/11 11:16:00.573, 4, 24576, 1262, 22996, 58, 26
2025/01/11 11:16:00.674, 4, 24576, 1262, 22996, 58, 26
2025/01/11 11:16:00.775, 4, 24576, 1262, 22996, 63, 29
2025/01/11 11:16:00.876, 4, 24576, 1262, 22996, 63, 29
2025/01/11 11:16:00.976, 4, 24576, 1262, 22996, 60, 27
2025/01/11 11:16:01.077, 4, 24576, 1262, 22996, 60, 27
2025/01/11 11:16:01.178, 4, 24576, 1262, 22996, 64, 28
2025/01/11 11:16:01.279, 4, 24576, 1262, 22996, 64, 28
2025/01/11 11:16:01.379, 4, 24576, 1262, 22996, 63, 28
2025/01/11 11:16:01.480, 4, 24576, 1262, 22996, 63, 28
2025/01/11 11:16:01.581, 4, 24576, 1262, 22996, 61, 27
2025/01/11 11:16:01.682, 4, 24576, 1262, 22996, 61, 27
2025/01/11 11:16:01.783, 4, 24576, 1262, 22996, 63, 29
2025/01/11 11:16:01.884, 4, 24576, 1262, 22996, 63, 29
2025/01/11 11:16:01.985, 4, 24576, 1262, 22996, 67, 30
2025/01/11 11:16:02.086, 4, 24576, 1262, 22996, 67, 30
2025/01/11 11:16:02.187, 4, 24576, 1262, 22996, 60, 27
2025/01/11 11:16:02.288, 4, 24576, 1262, 22996, 60, 27
2025/01/11 11:16:02.389, 4, 24576, 1262, 22996, 57, 26
2025/01/11 11:16:02.489, 4, 24576, 1262, 22996, 57, 26
2025/01/11 11:16:02.590, 4, 24576, 1262, 22996, 62, 27
2025/01/11 11:16:02.691, 4, 24576, 1262, 22996, 62, 27
2025/01/11 11:16:02.792, 4, 24576, 1262, 22996, 63, 29
2025/01/11 11:16:02.892, 4, 24576, 1262, 22996, 63, 29
2025/01/11 11:16:02.993, 4, 24576, 1262, 22996, 60, 26
2025/01/11 11:16:03.097, 4, 24576, 1262, 22996, 60, 26
2025/01/11 11:16:03.197, 4, 24576, 1262, 22996, 62, 28
2025/01/11 11:16:03.298, 4, 24576, 1262, 22996, 62, 28
2025/01/11 11:16:03.399, 4, 24576, 1262, 22996, 61, 27
2025/01/11 11:16:03.500, 4, 24576, 1262, 22996, 61, 27
2025/01/11 11:16:03.601, 4, 24576, 1262, 22996, 59, 26
2025/01/11 11:16:03.702, 4, 24576, 1262, 22996, 59, 26
2025/01/11 11:16:03.803, 4, 24576, 1262, 22996, 63, 28
2025/01/11 11:16:03.904, 4, 24576, 1262, 22996, 63, 28
2025/01/11 11:16:04.005, 4, 24576, 1262, 22996, 61, 28
2025/01/11 11:16:04.106, 4, 24576, 1262, 22996, 61, 28
2025/01/11 11:16:04.207, 4, 24576, 1262, 22996, 61, 27
2025/01/11 11:16:04.308, 4, 24576, 1262, 22996, 61, 27
2025/01/11 11:16:04.409, 4, 24576, 1262, 22996, 63, 28
2025/01/11 11:16:04.509, 4, 24576, 1262, 22996, 63, 28
2025/01/11 11:16:04.610, 4, 24576, 1262, 22996, 57, 25
2025/01/11 11:16:04.711, 4, 24576, 1262, 22996, 57, 25
2025/01/11 11:16:04.812, 4, 24576, 1262, 22996, 62, 28
2025/01/11 11:16:04.912, 4, 24576, 1262, 22996, 62, 28
2025/01/11 11:16:05.013, 4, 24576, 1262, 22996, 60, 26
2025/01/11 11:16:05.114, 4, 24576, 1262, 22996, 60, 26
2025/01/11 11:16:05.214, 4, 24576, 1262, 22996, 60, 26
2025/01/11 11:16:05.315, 4, 24576, 1262, 22996, 60, 26
2025/01/11 11:16:05.416, 4, 24576, 1262, 22996, 60, 27
2025/01/11 11:16:05.517, 4, 24576, 1262, 22996, 60, 27
2025/01/11 11:16:05.617, 4, 24576, 1262, 22996, 62, 28
2025/01/11 11:16:05.718, 4, 24576, 1262, 22996, 62, 28
2025/01/11 11:16:05.819, 4, 24576, 1262, 22996, 60, 27
2025/01/11 11:16:05.919, 4, 24576, 1262, 22996, 60, 27
2025/01/11 11:16:06.021, 4, 24576, 1262, 22996, 60, 26
2025/01/11 11:16:06.122, 4, 24576, 1262, 22996, 60, 26
2025/01/11 11:16:06.223, 4, 24576, 1262, 22996, 60, 27
2025/01/11 11:16:06.324, 4, 24576, 1262, 22996, 60, 27
2025/01/11 11:16:06.425, 4, 24576, 1262, 22996, 63, 28
2025/01/11 11:16:06.526, 4, 24576, 1262, 22996, 63, 28
2025/01/11 11:16:06.627, 4, 24576, 1262, 22996, 62, 27
2025/01/11 11:16:06.727, 4, 24576, 1262, 22996, 62, 27
2025/01/11 11:16:06.828, 4, 24576, 1262, 22996, 68, 30
2025/01/11 11:16:06.929, 4, 24576, 1262, 22996, 68, 30
2025/01/11 11:16:07.029, 4, 24576, 1262, 22996, 67, 30
2025/01/11 11:16:07.130, 4, 24576, 1262, 22996, 67, 30
2025/01/11 11:16:07.232, 4, 24576, 1262, 22996, 68, 30
2025/01/11 11:16:07.333, 4, 24576, 1262, 22996, 68, 30
2025/01/11 11:16:07.433, 4, 24576, 1262, 22996, 63, 28
2025/01/11 11:16:07.534, 4, 24576, 1262, 22996, 63, 28
2025/01/11 11:16:07.635, 4, 24576, 1262, 22996, 60, 27
2025/01/11 11:16:07.736, 4, 24576, 1262, 22996, 60, 27
2025/01/11 11:16:07.836, 4, 24576, 1262, 22996, 59, 26
2025/01/11 11:16:07.937, 4, 24576, 1262, 22996, 59, 26
2025/01/11 11:16:08.038, 4, 24576, 1262, 22996, 62, 27
2025/01/11 11:16:08.139, 4, 24576, 1262, 22996, 62, 27
2025/01/11 11:16:08.240, 4, 24576, 1262, 22996, 62, 28
2025/01/11 11:16:08.341, 4, 24576, 1262, 22996, 62, 28
2025/01/11 11:16:08.442, 4, 24576, 1262, 22996, 69, 30
2025/01/11 11:16:08.543, 4, 24576, 1262, 22996, 69, 30
2025/01/11 11:16:08.644, 4, 24576, 1262, 22996, 71, 31
2025/01/11 11:16:08.746, 4, 24576, 1262, 22996, 71, 31
2025/01/11 11:16:08.846, 4, 24576, 1262, 22996, 67, 30
2025/01/11 11:16:08.947, 4, 24576, 1318, 22940, 67, 30
2025/01/11 11:16:09.048, 4, 24576, 1318, 22940, 66, 30
2025/01/11 11:16:09.148, 4, 24576, 1318, 22940, 66, 30
2025/01/11 11:16:09.249, 4, 24576, 1318, 22940, 3, 1
2025/01/11 11:16:09.350, 4, 24576, 1318, 22940, 3, 1
2025/01/11 11:16:09.451, 4, 24576, 1318, 22940, 58, 26
2025/01/11 11:16:09.551, 4, 24576, 1318, 22940, 58, 26
2025/01/11 11:16:09.652, 4, 24576, 1318, 22940, 63, 28
2025/01/11 11:16:09.753, 4, 24576, 1318, 22940, 63, 28
2025/01/11 11:16:09.853, 4, 24576, 1318, 22940, 61, 28
2025/01/11 11:16:09.954, 4, 24576, 1318, 22940, 61, 28
2025/01/11 11:16:10.055, 4, 24576, 1318, 22940, 60, 27
2025/01/11 11:16:10.156, 4, 24576, 1318, 22940, 60, 27
2025/01/11 11:16:10.257, 4, 24576, 1318, 22940, 60, 27
2025/01/11 11:16:10.357, 4, 24576, 1318, 22940, 60, 27
2025/01/11 11:16:10.458, 4, 24576, 1318, 22940, 67, 30
2025/01/11 11:16:10.559, 4, 24576, 1318, 22940, 58, 26
2025/01/11 11:16:10.663, 4, 24576, 1318, 22940, 58, 26
2025/01/11 11:16:10.764, 4, 24576, 1318, 22940, 63, 29
2025/01/11 11:16:10.865, 4, 24576, 1318, 22940, 63, 29
2025/01/11 11:16:10.966, 4, 24576, 1318, 22940, 60, 27
2025/01/11 11:16:11.066, 4, 24576, 1318, 22940, 60, 27
2025/01/11 11:16:11.167, 4, 24576, 1318, 22940, 61, 27
2025/01/11 11:16:11.268, 4, 24576, 1318, 22940, 61, 27
2025/01/11 11:16:11.371, 4, 24576, 1318, 22940, 63, 29
2025/01/11 11:16:11.472, 4, 24576, 1318, 22940, 63, 29
2025/01/11 11:16:11.572, 4, 24576, 1318, 22940, 59, 26
2025/01/11 11:16:11.673, 4, 24576, 1318, 22940, 59, 26
2025/01/11 11:16:11.774, 4, 24576, 1318, 22940, 58, 26
2025/01/11 11:16:11.875, 4, 24576, 1318, 22940, 58, 26
2025/01/11 11:16:11.975, 4, 24576, 1318, 22940, 63, 27
2025/01/11 11:16:12.076, 4, 24576, 1318, 22940, 63, 27
2025/01/11 11:16:12.177, 4, 24576, 1318, 22940, 62, 28
2025/01/11 11:16:12.277, 4, 24576, 1318, 22940, 62, 28
2025/01/11 11:16:12.378, 4, 24576, 1318, 22940, 59, 26
2025/01/11 11:16:12.479, 4, 24576, 1318, 22940, 59, 26
2025/01/11 11:16:12.580, 4, 24576, 1318, 22940, 61, 27
2025/01/11 11:16:12.681, 4, 24576, 1318, 22940, 61, 27
2025/01/11 11:16:12.782, 4, 24576, 1318, 22940, 64, 29
2025/01/11 11:16:12.883, 4, 24576, 1318, 22940, 64, 29
2025/01/11 11:16:12.984, 4, 24576, 1318, 22940, 61, 27
2025/01/11 11:16:13.085, 4, 24576, 1318, 22940, 61, 27
2025/01/11 11:16:13.186, 4, 24576, 1318, 22940, 64, 29
2025/01/11 11:16:13.286, 4, 24576, 1318, 22940, 64, 29
2025/01/11 11:16:13.387, 4, 24576, 1318, 22940, 61, 27
2025/01/11 11:16:13.488, 4, 24576, 1318, 22940, 61, 27
2025/01/11 11:16:13.588, 4, 24576, 1318, 22940, 62, 27
2025/01/11 11:16:13.689, 4, 24576, 1318, 22940, 62, 27
2025/01/11 11:16:13.790, 4, 24576, 1318, 22940, 62, 28
2025/01/11 11:16:13.891, 4, 24576, 1318, 22940, 62, 28
2025/01/11 11:16:13.991, 4, 24576, 1318, 22940, 62, 27
2025/01/11 11:16:14.092, 4, 24576, 1318, 22940, 62, 27
2025/01/11 11:16:14.193, 4, 24576, 1318, 22940, 60, 26
2025/01/11 11:16:14.294, 4, 24576, 1318, 22940, 60, 26
2025/01/11 11:16:14.394, 4, 24576, 1318, 22940, 61, 27
2025/01/11 11:16:14.496, 4, 24576, 1318, 22940, 61, 27
2025/01/11 11:16:14.597, 4, 24576, 1318, 22940, 63, 29
2025/01/11 11:16:14.698, 4, 24576, 1318, 22940, 63, 29
2025/01/11 11:16:14.799, 4, 24576, 1318, 22940, 60, 26
2025/01/11 11:16:14.899, 4, 24576, 1318, 22940, 60, 26
2025/01/11 11:16:15.000, 4, 24576, 1318, 22940, 64, 29
2025/01/11 11:16:15.101, 4, 24576, 1318, 22940, 64, 29
2025/01/11 11:16:15.202, 4, 24576, 1318, 22940, 61, 27
2025/01/11 11:16:15.303, 4, 24576, 1318, 22940, 61, 27
2025/01/11 11:16:15.404, 4, 24576, 1318, 22940, 62, 27
2025/01/11 11:16:15.505, 4, 24576, 1318, 22940, 62, 27
2025/01/11 11:16:15.606, 4, 24576, 1318, 22940, 55, 25
2025/01/11 11:16:15.706, 4, 24576, 1318, 22940, 55, 25
2025/01/11 11:16:15.807, 4, 24576, 1318, 22940, 37, 16
2025/01/11 11:16:15.908, 4, 24576, 1318, 22940, 37, 16
2025/01/11 11:16:16.009, 4, 24576, 1318, 22940, 33, 15
2025/01/11 11:16:16.109, 4, 24576, 1318, 22940, 33, 15
2025/01/11 11:16:16.210, 4, 24576, 1318, 22940, 52, 24
2025/01/11 11:16:16.311, 4, 24576, 1318, 22940, 52, 24
2025/01/11 11:16:16.411, 4, 24576, 1318, 22940, 59, 26
2025/01/11 11:16:16.512, 4, 24576, 1318, 22940, 59, 26
2025/01/11 11:16:16.613, 4, 24576, 1318, 22940, 61, 27
2025/01/11 11:16:16.714, 4, 24576, 1318, 22940, 61, 27
2025/01/11 11:16:16.814, 4, 24576, 1318, 22940, 60, 27
2025/01/11 11:16:16.915, 4, 24576, 1318, 22940, 60, 27
2025/01/11 11:16:17.016, 4, 24576, 1318, 22940, 40, 18
2025/01/11 11:16:17.117, 4, 24576, 1318, 22940, 40, 18
2025/01/11 11:16:17.218, 4, 24576, 1318, 22940, 34, 15
2025/01/11 11:16:17.319, 4, 24576, 1318, 22940, 34, 15
2025/01/11 11:16:17.420, 4, 24576, 1318, 22940, 41, 18
2025/01/11 11:16:17.521, 4, 24576, 1318, 22940, 41, 18
2025/01/11 11:16:17.622, 4, 24576, 1318, 22940, 61, 27
2025/01/11 11:16:17.723, 4, 24576, 1318, 22940, 61, 27
2025/01/11 11:16:17.824, 4, 24576, 1318, 22940, 61, 27
2025/01/11 11:16:17.924, 4, 24576, 1318, 22940, 61, 27
2025/01/11 11:16:18.025, 4, 24576, 1318, 22940, 61, 28
2025/01/11 11:16:18.126, 4, 24576, 1318, 22940, 61, 28
2025/01/11 11:16:18.227, 4, 24576, 1318, 22940, 63, 28
2025/01/11 11:16:18.327, 4, 24576, 1318, 22940, 63, 28
2025/01/11 11:16:18.428, 4, 24576, 1318, 22940, 62, 28
2025/01/11 11:16:18.529, 4, 24576, 1318, 22940, 62, 28
2025/01/11 11:16:18.629, 4, 24576, 1318, 22940, 65, 28
2025/01/11 11:16:18.730, 4, 24576, 1318, 22940, 65, 28
2025/01/11 11:16:18.831, 4, 24576, 1318, 22940, 59, 26
2025/01/11 11:16:18.932, 4, 24576, 1318, 22940, 59, 26
2025/01/11 11:16:19.032, 4, 24576, 1318, 22940, 63, 28
2025/01/11 11:16:19.133, 4, 24576, 1318, 22940, 63, 28
2025/01/11 11:16:19.234, 4, 24576, 1318, 22940, 65, 29
2025/01/11 11:16:19.334, 4, 24576, 1318, 22940, 65, 29
2025/01/11 11:16:19.435, 4, 24576, 1318, 22940, 62, 27
2025/01/11 11:16:19.536, 4, 24576, 1318, 22940, 62, 27
2025/01/11 11:16:19.638, 4, 24576, 1318, 22940, 64, 29
2025/01/11 11:16:19.739, 4, 24576, 1318, 22940, 64, 29
2025/01/11 11:16:19.840, 4, 24576, 1318, 22940, 63, 28
2025/01/11 11:16:19.941, 4, 24576, 1318, 22940, 63, 28
2025/01/11 11:16:20.042, 4, 24576, 1318, 22940, 62, 28
2025/01/11 11:16:20.143, 4, 24576, 1318, 22940, 62, 28
2025/01/11 11:16:20.243, 4, 24576, 1318, 22940, 64, 28
2025/01/11 11:16:20.344, 4, 24576, 1318, 22940, 64, 28
2025/01/11 11:16:20.445, 4, 24576, 1318, 22940, 61, 27
2025/01/11 11:16:20.545, 4, 24576, 1318, 22940, 61, 27
2025/01/11 11:16:20.646, 4, 24576, 1318, 22940, 62, 27
2025/01/11 11:16:20.747, 4, 24576, 1318, 22940, 62, 27
2025/01/11 11:16:20.848, 4, 24576, 1318, 22940, 63, 29
2025/01/11 11:16:20.948, 4, 24576, 1318, 22940, 63, 29
2025/01/11 11:16:21.049, 4, 24576, 1318, 22940, 63, 27
2025/01/11 11:16:21.150, 4, 24576, 1318, 22940, 63, 27
2025/01/11 11:16:21.251, 4, 24576, 1318, 22940, 61, 28
2025/01/11 11:16:21.352, 4, 24576, 1318, 22940, 61, 28
2025/01/11 11:16:21.452, 4, 24576, 1318, 22940, 62, 28
2025/01/11 11:16:21.553, 4, 24576, 1318, 22940, 62, 28
2025/01/11 11:16:21.654, 4, 24576, 1318, 22940, 57, 25
2025/01/11 11:16:21.755, 4, 24576, 1318, 22940, 57, 25
2025/01/11 11:16:21.856, 4, 24576, 1318, 22940, 59, 26
2025/01/11 11:16:21.957, 4, 24576, 1318, 22940, 60, 27
2025/01/11 11:16:22.060, 4, 24576, 1318, 22940, 60, 27
2025/01/11 11:16:22.161, 4, 24576, 1318, 22940, 62, 27
2025/01/11 11:16:22.262, 4, 24576, 1318, 22940, 62, 27
2025/01/11 11:16:22.363, 4, 24576, 1318, 22940, 59, 27
2025/01/11 11:16:22.463, 4, 24576, 1318, 22940, 59, 27
2025/01/11 11:16:22.564, 4, 24576, 1318, 22940, 61, 28
2025/01/11 11:16:22.665, 4, 24576, 1318, 22940, 61, 28
2025/01/11 11:16:22.765, 4, 24576, 1318, 22940, 65, 28
2025/01/11 11:16:22.866, 4, 24576, 1318, 22940, 65, 28
2025/01/11 11:16:22.967, 4, 24576, 1318, 22940, 61, 28
2025/01/11 11:16:23.068, 4, 24576, 1318, 22940, 61, 28
2025/01/11 11:16:23.168, 4, 24576, 1318, 22940, 60, 27
2025/01/11 11:16:23.269, 4, 24576, 1318, 22940, 60, 27
2025/01/11 11:16:23.370, 4, 24576, 1318, 22940, 65, 29
2025/01/11 11:16:23.471, 4, 24576, 1318, 22940, 65, 29
2025/01/11 11:16:23.571, 4, 24576, 1318, 22940, 61, 27
2025/01/11 11:16:23.673, 4, 24576, 1318, 22940, 61, 27
2025/01/11 11:16:23.773, 4, 24576, 1318, 22940, 65, 29
2025/01/11 11:16:23.874, 4, 24576, 1318, 22940, 65, 29
2025/01/11 11:16:23.975, 4, 24576, 1318, 22940, 67, 30
2025/01/11 11:16:24.076, 4, 24576, 1318, 22940, 67, 30
2025/01/11 11:16:24.177, 4, 24576, 1318, 22940, 59, 26
2025/01/11 11:16:24.278, 4, 24576, 1318, 22940, 59, 26
2025/01/11 11:16:24.379, 4, 24576, 1318, 22940, 58, 26
2025/01/11 11:16:24.480, 4, 24576, 1318, 22940, 58, 26
2025/01/11 11:16:24.580, 4, 24576, 1318, 22940, 60, 27
2025/01/11 11:16:24.681, 4, 24576, 1318, 22940, 60, 27
2025/01/11 11:16:24.782, 4, 24576, 1318, 22940, 60, 27
2025/01/11 11:16:24.883, 4, 24576, 1318, 22940, 60, 27
2025/01/11 11:16:24.983, 4, 24576, 1318, 22940, 62, 28
2025/01/11 11:16:25.084, 4, 24576, 1318, 22940, 62, 28
2025/01/11 11:16:25.185, 4, 24576, 1318, 22940, 62, 28
2025/01/11 11:16:25.286, 4, 24576, 1318, 22940, 62, 28
2025/01/11 11:16:25.386, 4, 24576, 1318, 22940, 63, 27
2025/01/11 11:16:25.487, 4, 24576, 1318, 22940, 63, 27
2025/01/11 11:16:25.588, 4, 24576, 1318, 22940, 64, 29
2025/01/11 11:16:25.689, 4, 24576, 1318, 22940, 64, 29
2025/01/11 11:16:25.790, 4, 24576, 1318, 22940, 64, 29
2025/01/11 11:16:25.891, 4, 24576, 1318, 22940, 64, 29
2025/01/11 11:16:25.992, 4, 24576, 1318, 22940, 60, 26
2025/01/11 11:16:26.093, 4, 24576, 1318, 22940, 60, 26
2025/01/11 11:16:26.193, 4, 24576, 1318, 22940, 61, 27
2025/01/11 11:16:26.294, 4, 24576, 1318, 22940, 61, 27
2025/01/11 11:16:26.395, 4, 24576, 1318, 22940, 63, 29
2025/01/11 11:16:26.496, 4, 24576, 1318, 22940, 63, 29
2025/01/11 11:16:26.597, 4, 24576, 1318, 22940, 60, 27
2025/01/11 11:16:26.698, 4, 24576, 1318, 22940, 60, 27
2025/01/11 11:16:26.799, 4, 24576, 1318, 22940, 60, 27
2025/01/11 11:16:26.900, 4, 24576, 1318, 22940, 60, 27
2025/01/11 11:16:27.001, 4, 24576, 1318, 22940, 64, 29
2025/01/11 11:16:27.101, 4, 24576, 1318, 22940, 64, 29
2025/01/11 11:16:27.202, 4, 24576, 1318, 22940, 60, 26
2025/01/11 11:16:27.303, 4, 24576, 1318, 22940, 60, 26
2025/01/11 11:16:27.404, 4, 24576, 1318, 22940, 62, 27
2025/01/11 11:16:27.504, 4, 24576, 1318, 22940, 62, 27
2025/01/11 11:16:27.605, 4, 24576, 1318, 22940, 61, 28
2025/01/11 11:16:27.706, 4, 24576, 1318, 22940, 61, 28
2025/01/11 11:16:27.806, 4, 24576, 1318, 22940, 59, 26
2025/01/11 11:16:27.907, 4, 24576, 1318, 22940, 59, 26
2025/01/11 11:16:28.008, 4, 24576, 1318, 22940, 62, 27
2025/01/11 11:16:28.109, 4, 24576, 1318, 22940, 62, 27
2025/01/11 11:16:28.209, 4, 24576, 1318, 22940, 66, 29
2025/01/11 11:16:28.310, 4, 24576, 1318, 22940, 66, 29
2025/01/11 11:16:28.411, 4, 24576, 1318, 22940, 65, 29
2025/01/11 11:16:28.512, 4, 24576, 1318, 22940, 65, 29
2025/01/11 11:16:28.612, 4, 24576, 1318, 22940, 62, 27
2025/01/11 11:16:28.713, 4, 24576, 1318, 22940, 62, 27
2025/01/11 11:16:28.814, 4, 24576, 1318, 22940, 64, 29
2025/01/11 11:16:28.915, 4, 24576, 1318, 22940, 64, 29
2025/01/11 11:16:29.016, 4, 24576, 1318, 22940, 61, 27
2025/01/11 11:16:29.117, 4, 24576, 1318, 22940, 61, 27
2025/01/11 11:16:29.218, 4, 24576, 1318, 22940, 63, 29
2025/01/11 11:16:29.319, 4, 24576, 1318, 22940, 63, 29
2025/01/11 11:16:29.420, 4, 24576, 1318, 22940, 65, 28
2025/01/11 11:16:29.521, 4, 24576, 1318, 22940, 65, 28
2025/01/11 11:16:29.622, 4, 24576, 1318, 22940, 64, 29
2025/01/11 11:16:29.722, 4, 24576, 1318, 22940, 64, 29
2025/01/11 11:16:29.823, 4, 24576, 1318, 22940, 62, 27
2025/01/11 11:16:29.924, 4, 24576, 1318, 22940, 62, 27
2025/01/11 11:16:30.025, 4, 24576, 1318, 22940, 62, 28
2025/01/11 11:16:30.125, 4, 24576, 1318, 22940, 62, 28
2025/01/11 11:16:30.226, 4, 24576, 1318, 22940, 63, 27
2025/01/11 11:16:30.327, 4, 24576, 1318, 22940, 63, 27
2025/01/11 11:16:30.428, 4, 24576, 1318, 22940, 60, 28
2025/01/11 11:16:30.528, 4, 24576, 1318, 22940, 60, 28
2025/01/11 11:16:30.629, 4, 24576, 1318, 22940, 64, 28
2025/01/11 11:16:30.730, 4, 24576, 1318, 22940, 64, 28
2025/01/11 11:16:30.831, 4, 24576, 1318, 22940, 63, 28
2025/01/11 11:16:30.932, 4, 24576, 1318, 22940, 63, 28
2025/01/11 11:16:31.033, 4, 24576, 1318, 22940, 60, 26
2025/01/11 11:16:31.134, 4, 24576, 1318, 22940, 60, 26
2025/01/11 11:16:31.235, 4, 24576, 1318, 22940, 63, 28
2025/01/11 11:16:31.336, 4, 24576, 1318, 22940, 63, 28
2025/01/11 11:16:31.436, 4, 24576, 1318, 22940, 66, 29
2025/01/11 11:16:31.537, 4, 24576, 1318, 22940, 66, 29
2025/01/11 11:16:31.638, 4, 24576, 1318, 22940, 69, 32
2025/01/11 11:16:31.739, 4, 24576, 1318, 22940, 69, 32
2025/01/11 11:16:31.839, 4, 24576, 1318, 22940, 65, 29
2025/01/11 11:16:31.940, 4, 24576, 1318, 22940, 65, 29
2025/01/11 11:16:32.041, 4, 24576, 1318, 22940, 60, 27
2025/01/11 11:16:32.142, 4, 24576, 1318, 22940, 60, 27
2025/01/11 11:16:32.243, 4, 24576, 1318, 22940, 61, 27
2025/01/11 11:16:32.344, 4, 24576, 1318, 22940, 61, 27
2025/01/11 11:16:32.445, 4, 24576, 1318, 22940, 61, 27
2025/01/11 11:16:32.545, 4, 24576, 1318, 22940, 61, 27
2025/01/11 11:16:32.646, 4, 24576, 1318, 22940, 62, 28
2025/01/11 11:16:32.747, 4, 24576, 1318, 22940, 62, 28
2025/01/11 11:16:32.848, 4, 24576, 1318, 22940, 62, 27
2025/01/11 11:16:32.949, 4, 24576, 1318, 22940, 62, 27
2025/01/11 11:16:33.049, 4, 24576, 1318, 22940, 63, 28
2025/01/11 11:16:33.150, 4, 24576, 1318, 22940, 63, 28
2025/01/11 11:16:33.251, 4, 24576, 1318, 22940, 63, 28
2025/01/11 11:16:33.352, 4, 24576, 1318, 22940, 64, 29
2025/01/11 11:16:33.456, 4, 24576, 1318, 22940, 64, 29
2025/01/11 11:16:33.557, 4, 24576, 1318, 22940, 60, 26
2025/01/11 11:16:33.658, 4, 24576, 1318, 22940, 60, 26
2025/01/11 11:16:33.759, 4, 24576, 1318, 22940, 62, 27
2025/01/11 11:16:33.859, 4, 24576, 1318, 22940, 62, 27
2025/01/11 11:16:33.960, 4, 24576, 1318, 22940, 60, 27
2025/01/11 11:16:34.061, 4, 24576, 1318, 22940, 60, 27
2025/01/11 11:16:34.162, 4, 24576, 1318, 22940, 63, 27
2025/01/11 11:16:34.262, 4, 24576, 1318, 22940, 63, 27
2025/01/11 11:16:34.363, 4, 24576, 1318, 22940, 65, 29
2025/01/11 11:16:34.464, 4, 24576, 1318, 22940, 65, 29
2025/01/11 11:16:34.565, 4, 24576, 1318, 22940, 60, 27
2025/01/11 11:16:34.665, 4, 24576, 1318, 22940, 60, 27
2025/01/11 11:16:34.766, 4, 24576, 1318, 22940, 65, 29
2025/01/11 11:16:34.868, 4, 24576, 1318, 22940, 65, 29
2025/01/11 11:16:34.969, 4, 24576, 1318, 22940, 61, 27
2025/01/11 11:16:35.070, 4, 24576, 1318, 22940, 61, 27
2025/01/11 11:16:35.170, 4, 24576, 1318, 22940, 65, 29
2025/01/11 11:16:35.271, 4, 24576, 1318, 22940, 65, 29
2025/01/11 11:16:35.372, 4, 24576, 1318, 22940, 60, 26
2025/01/11 11:16:35.473, 4, 24576, 1318, 22940, 60, 26
2025/01/11 11:16:35.575, 4, 24576, 1318, 22940, 59, 26
2025/01/11 11:16:35.675, 4, 24576, 1318, 22940, 59, 26
2025/01/11 11:16:35.776, 4, 24576, 1318, 22940, 62, 28
2025/01/11 11:16:35.877, 4, 24576, 1318, 22940, 62, 28
2025/01/11 11:16:35.978, 4, 24576, 1318, 22940, 60, 27
2025/01/11 11:16:36.080, 4, 24576, 1318, 22940, 60, 27
2025/01/11 11:16:36.180, 4, 24576, 1318, 22940, 59, 26
2025/01/11 11:16:36.281, 4, 24576, 1318, 22940, 59, 26
2025/01/11 11:16:36.382, 4, 24576, 1318, 22940, 58, 26
2025/01/11 11:16:36.482, 4, 24576, 1318, 22940, 58, 26
2025/01/11 11:16:36.583, 4, 24576, 1318, 22940, 58, 26
2025/01/11 11:16:36.684, 4, 24576, 1318, 22940, 58, 26
2025/01/11 11:16:36.785, 4, 24576, 1318, 22940, 59, 26
2025/01/11 11:16:36.885, 4, 24576, 1318, 22940, 59, 26
2025/01/11 11:16:36.986, 4, 24576, 1318, 22940, 62, 27
2025/01/11 11:16:37.088, 4, 24576, 1318, 22940, 62, 27
2025/01/11 11:16:37.189, 4, 24576, 1318, 22940, 60, 26
2025/01/11 11:16:37.290, 4, 24576, 1318, 22940, 60, 26
2025/01/11 11:16:37.391, 4, 24576, 1318, 22940, 57, 25
2025/01/11 11:16:37.492, 4, 24576, 1318, 22940, 57, 25
2025/01/11 11:16:37.593, 4, 24576, 1318, 22940, 64, 29
2025/01/11 11:16:37.694, 4, 24576, 1318, 22940, 64, 29
2025/01/11 11:16:37.795, 4, 24576, 1318, 22940, 59, 27
2025/01/11 11:16:37.897, 4, 24576, 1318, 22940, 59, 27
2025/01/11 11:16:37.997, 4, 24576, 1318, 22940, 60, 27
2025/01/11 11:16:38.098, 4, 24576, 1318, 22940, 60, 27
2025/01/11 11:16:38.199, 4, 24576, 1318, 22940, 62, 27
2025/01/11 11:16:38.300, 4, 24576, 1318, 22940, 62, 27
2025/01/11 11:16:38.400, 4, 24576, 1318, 22940, 63, 29
2025/01/11 11:16:38.501, 4, 24576, 1318, 22940, 63, 29
2025/01/11 11:16:38.602, 4, 24576, 1318, 22940, 63, 28
2025/01/11 11:16:38.703, 4, 24576, 1318, 22940, 63, 28
2025/01/11 11:16:38.803, 4, 24576, 1318, 22940, 62, 28
2025/01/11 11:16:38.904, 4, 24576, 1318, 22940, 62, 28
2025/01/11 11:16:39.005, 4, 24576, 1318, 22940, 59, 26
2025/01/11 11:16:39.105, 4, 24576, 1318, 22940, 59, 26
2025/01/11 11:16:39.206, 4, 24576, 1318, 22940, 60, 26
2025/01/11 11:16:39.307, 4, 24576, 1318, 22940, 60, 26
2025/01/11 11:16:39.407, 4, 24576, 1318, 22940, 59, 26
2025/01/11 11:16:39.508, 4, 24576, 1318, 22940, 59, 26
2025/01/11 11:16:39.609, 4, 24576, 1318, 22940, 58, 26
2025/01/11 11:16:39.710, 4, 24576, 1318, 22940, 58, 26
2025/01/11 11:16:39.811, 4, 24576, 1318, 22940, 58, 26
2025/01/11 11:16:39.912, 4, 24576, 1318, 22940, 58, 26
2025/01/11 11:16:40.013, 4, 24576, 1318, 22940, 59, 26
2025/01/11 11:16:40.115, 4, 24576, 1318, 22940, 59, 26
2025/01/11 11:16:40.216, 4, 24576, 1318, 22940, 60, 26
2025/01/11 11:16:40.317, 4, 24576, 1318, 22940, 60, 26
2025/01/11 11:16:40.418, 4, 24576, 1318, 22940, 62, 27
2025/01/11 11:16:40.518, 4, 24576, 1318, 22940, 62, 27
2025/01/11 11:16:40.619, 4, 24576, 1318, 22940, 60, 27
2025/01/11 11:16:40.720, 4, 24576, 1318, 22940, 60, 27
2025/01/11 11:16:40.821, 4, 24576, 1318, 22940, 59, 26
2025/01/11 11:16:40.921, 4, 24576, 1318, 22940, 59, 26
2025/01/11 11:16:41.022, 4, 24576, 1318, 22940, 61, 27
2025/01/11 11:16:41.123, 4, 24576, 1318, 22940, 61, 27
2025/01/11 11:16:41.224, 4, 24576, 1318, 22940, 61, 27
2025/01/11 11:16:41.324, 4, 24576, 1318, 22940, 61, 27
2025/01/11 11:16:41.425, 4, 24576, 1318, 22940, 65, 29
2025/01/11 11:16:41.526, 4, 24576, 1318, 22940, 65, 29
2025/01/11 11:16:41.627, 4, 24576, 1318, 22940, 64, 29
2025/01/11 11:16:41.727, 4, 24576, 1318, 22940, 64, 29
2025/01/11 11:16:41.828, 4, 24576, 1318, 22940, 61, 27
2025/01/11 11:16:41.929, 4, 24576, 1318, 22940, 61, 27
2025/01/11 11:16:42.030, 4, 24576, 1318, 22940, 60, 27
2025/01/11 11:16:42.131, 4, 24576, 1318, 22940, 60, 27
2025/01/11 11:16:42.232, 4, 24576, 1318, 22940, 61, 27
2025/01/11 11:16:42.333, 4, 24576, 1318, 22940, 61, 27
2025/01/11 11:16:42.434, 4, 24576, 1318, 22940, 62, 28
2025/01/11 11:16:42.535, 4, 24576, 1318, 22940, 62, 28
2025/01/11 11:16:42.636, 4, 24576, 1318, 22940, 59, 26
2025/01/11 11:16:42.736, 4, 24576, 1318, 22940, 59, 26
2025/01/11 11:16:42.837, 4, 24576, 1318, 22940, 65, 29
2025/01/11 11:16:42.938, 4, 24576, 1318, 22940, 65, 29
2025/01/11 11:16:43.039, 4, 24576, 1318, 22940, 66, 29
2025/01/11 11:16:43.139, 4, 24576, 1318, 22940, 66, 29
2025/01/11 11:16:43.240, 4, 24576, 1318, 22940, 59, 27
2025/01/11 11:16:43.341, 4, 24576, 1318, 22940, 59, 27
2025/01/11 11:16:43.442, 4, 24576, 1318, 22940, 60, 27
2025/01/11 11:16:43.542, 4, 24576, 1318, 22940, 60, 27
2025/01/11 11:16:43.643, 4, 24576, 1318, 22940, 60, 27
2025/01/11 11:16:43.744, 4, 24576, 1318, 22940, 60, 27
2025/01/11 11:16:43.845, 4, 24576, 1318, 22940, 64, 29
2025/01/11 11:16:43.945, 4, 24576, 1318, 22940, 64, 29
2025/01/11 11:16:44.046, 4, 24576, 1318, 22940, 60, 27
2025/01/11 11:16:44.147, 4, 24576, 1318, 22940, 60, 27
2025/01/11 11:16:44.249, 4, 24576, 1318, 22940, 63, 27
2025/01/11 11:16:44.350, 4, 24576, 1318, 22940, 58, 26
2025/01/11 11:16:44.453, 4, 24576, 1318, 22940, 58, 26
2025/01/11 11:16:44.554, 4, 24576, 1318, 22940, 64, 29
2025/01/11 11:16:44.655, 4, 24576, 1318, 22940, 64, 29
2025/01/11 11:16:44.755, 4, 24576, 1318, 22940, 65, 29
2025/01/11 11:16:44.856, 4, 24576, 1318, 22940, 65, 29
2025/01/11 11:16:44.957, 4, 24576, 1318, 22940, 63, 28
2025/01/11 11:16:45.058, 4, 24576, 1318, 22940, 63, 28
2025/01/11 11:16:45.158, 4, 24576, 1318, 22940, 62, 28
2025/01/11 11:16:45.259, 4, 24576, 1318, 22940, 62, 28
2025/01/11 11:16:45.360, 4, 24576, 1318, 22940, 64, 28
2025/01/11 11:16:45.460, 4, 24576, 1318, 22940, 64, 28
2025/01/11 11:16:45.561, 4, 24576, 1318, 22940, 62, 28
2025/01/11 11:16:45.662, 4, 24576, 1318, 22940, 62, 28
2025/01/11 11:16:45.763, 4, 24576, 1318, 22940, 63, 27
2025/01/11 11:16:45.863, 4, 24576, 1318, 22940, 63, 27
2025/01/11 11:16:45.964, 4, 24576, 1318, 22940, 63, 28
2025/01/11 11:16:46.065, 4, 24576, 1318, 22940, 63, 28
2025/01/11 11:16:46.166, 4, 24576, 1318, 22940, 62, 27
2025/01/11 11:16:46.268, 4, 24576, 1318, 22940, 62, 27
2025/01/11 11:16:46.369, 4, 24576, 1318, 22940, 61, 27
2025/01/11 11:16:46.470, 4, 24576, 1318, 22940, 61, 27
2025/01/11 11:16:46.571, 4, 24576, 1318, 22940, 60, 27
2025/01/11 11:16:46.672, 4, 24576, 1318, 22940, 60, 27
2025/01/11 11:16:46.773, 4, 24576, 1318, 22940, 61, 27
2025/01/11 11:16:46.874, 4, 24576, 1318, 22940, 61, 27
2025/01/11 11:16:46.975, 4, 24576, 1318, 22940, 65, 29
2025/01/11 11:16:47.075, 4, 24576, 1318, 22940, 65, 29
2025/01/11 11:16:47.176, 4, 24576, 1318, 22940, 63, 27
2025/01/11 11:16:47.277, 4, 24576, 1318, 22940, 63, 27
2025/01/11 11:16:47.378, 4, 24576, 1318, 22940, 61, 28
2025/01/11 11:16:47.478, 4, 24576, 1318, 22940, 61, 28
2025/01/11 11:16:47.579, 4, 24576, 1318, 22940, 62, 27
2025/01/11 11:16:47.680, 4, 24576, 1318, 22940, 62, 27
2025/01/11 11:16:47.781, 4, 24576, 1318, 22940, 74, 33
2025/01/11 11:16:47.882, 4, 24576, 1318, 22940, 74, 33
2025/01/11 11:16:47.983, 4, 24576, 1318, 22940, 75, 33
2025/01/11 11:16:48.084, 4, 24576, 1318, 22940, 75, 33
2025/01/11 11:16:48.184, 4, 24576, 1318, 22940, 69, 30
2025/01/11 11:16:48.285, 4, 24576, 1318, 22940, 69, 30
2025/01/11 11:16:48.386, 4, 24576, 1318, 22940, 62, 27
2025/01/11 11:16:48.487, 4, 24576, 1318, 22940, 62, 27
2025/01/11 11:16:48.588, 4, 24576, 1318, 22940, 62, 28
2025/01/11 11:16:48.689, 4, 24576, 1318, 22940, 62, 28
2025/01/11 11:16:48.790, 4, 24576, 1318, 22940, 60, 26
2025/01/11 11:16:48.891, 4, 24576, 1318, 22940, 60, 26
2025/01/11 11:16:48.992, 4, 24576, 1318, 22940, 64, 28
2025/01/11 11:16:49.093, 4, 24576, 1318, 22940, 64, 28
2025/01/11 11:16:49.194, 4, 24576, 1318, 22940, 57, 25
2025/01/11 11:16:49.294, 4, 24576, 1318, 22940, 57, 25
2025/01/11 11:16:49.395, 4, 24576, 1318, 22940, 59, 27
2025/01/11 11:16:49.496, 4, 24576, 1318, 22940, 59, 27
2025/01/11 11:16:49.597, 4, 24576, 1318, 22940, 63, 28
2025/01/11 11:16:49.697, 4, 24576, 1318, 22940, 63, 28
2025/01/11 11:16:49.798, 4, 24576, 1318, 22940, 66, 30
2025/01/11 11:16:49.899, 4, 24576, 1318, 22940, 66, 30
2025/01/11 11:16:50.000, 4, 24576, 1318, 22940, 61, 27
2025/01/11 11:16:50.100, 4, 24576, 1318, 22940, 61, 27
2025/01/11 11:16:50.201, 4, 24576, 1318, 22940, 64, 29
2025/01/11 11:16:50.302, 4, 24576, 1318, 22940, 64, 29
2025/01/11 11:16:50.404, 4, 24576, 1318, 22940, 61, 27
2025/01/11 11:16:50.505, 4, 24576, 1318, 22940, 61, 27
2025/01/11 11:16:50.606, 4, 24576, 1318, 22940, 63, 28
2025/01/11 11:16:50.707, 4, 24576, 1318, 22940, 63, 28
2025/01/11 11:16:50.808, 4, 24576, 1318, 22940, 60, 26
2025/01/11 11:16:50.909, 4, 24576, 1318, 22940, 60, 26
2025/01/11 11:16:51.010, 4, 24576, 1318, 22940, 59, 26
2025/01/11 11:16:51.111, 4, 24576, 1318, 22940, 59, 26
2025/01/11 11:16:51.212, 4, 24576, 1318, 22940, 60, 27
2025/01/11 11:16:51.313, 4, 24576, 1318, 22940, 60, 27
2025/01/11 11:16:51.414, 4, 24576, 1318, 22940, 59, 26
2025/01/11 11:16:51.515, 4, 24576, 1318, 22940, 59, 26
2025/01/11 11:16:51.616, 4, 24576, 1318, 22940, 63, 28
2025/01/11 11:16:51.716, 4, 24576, 1318, 22940, 63, 28
2025/01/11 11:16:51.817, 4, 24576, 1318, 22940, 61, 27
2025/01/11 11:16:51.918, 4, 24576, 1318, 22940, 61, 27
2025/01/11 11:16:52.019, 4, 24576, 1318, 22940, 62, 27
2025/01/11 11:16:52.120, 4, 24576, 1318, 22940, 62, 27
2025/01/11 11:16:52.220, 4, 24576, 1318, 22940, 63, 29
2025/01/11 11:16:52.321, 4, 24576, 1318, 22940, 63, 29
2025/01/11 11:16:52.423, 4, 24576, 1318, 22940, 62, 27
2025/01/11 11:16:52.523, 4, 24576, 1318, 22940, 62, 27
2025/01/11 11:16:52.624, 4, 24576, 1318, 22940, 60, 28
2025/01/11 11:16:52.725, 4, 24576, 1318, 22940, 60, 28
2025/01/11 11:16:52.826, 4, 24576, 1318, 22940, 61, 27
2025/01/11 11:16:52.927, 4, 24576, 1318, 22940, 61, 27
2025/01/11 11:16:53.028, 4, 24576, 1318, 22940, 63, 27
2025/01/11 11:16:53.129, 4, 24576, 1318, 22940, 63, 27
2025/01/11 11:16:53.230, 4, 24576, 1318, 22940, 62, 28
2025/01/11 11:16:53.331, 4, 24576, 1318, 22940, 62, 28
2025/01/11 11:16:53.432, 4, 24576, 1318, 22940, 66, 29
2025/01/11 11:16:53.532, 4, 24576, 1318, 22940, 66, 29
2025/01/11 11:16:53.633, 4, 24576, 1318, 22940, 60, 26
2025/01/11 11:16:53.734, 4, 24576, 1318, 22940, 60, 26
2025/01/11 11:16:53.835, 4, 24576, 1318, 22940, 64, 28
2025/01/11 11:16:53.935, 4, 24576, 1318, 22940, 64, 28
2025/01/11 11:16:54.036, 4, 24576, 1318, 22940, 62, 28
2025/01/11 11:16:54.137, 4, 24576, 1318, 22940, 62, 28
2025/01/11 11:16:54.238, 4, 24576, 1318, 22940, 61, 27
2025/01/11 11:16:54.339, 4, 24576, 1318, 22940, 61, 27
2025/01/11 11:16:54.439, 4, 24576, 1318, 22940, 63, 29
2025/01/11 11:16:54.540, 4, 24576, 1318, 22940, 63, 29
2025/01/11 11:16:54.641, 4, 24576, 1318, 22940, 62, 27
2025/01/11 11:16:54.742, 4, 24576, 1318, 22940, 62, 27
2025/01/11 11:16:54.843, 4, 24576, 1318, 22940, 61, 27
2025/01/11 11:16:54.943, 4, 24576, 1318, 22940, 61, 27
2025/01/11 11:16:55.044, 4, 24576, 1318, 22940, 62, 28
2025/01/11 11:16:55.145, 4, 24576, 1318, 22940, 63, 27
2025/01/11 11:16:55.249, 4, 24576, 1318, 22940, 63, 27
2025/01/11 11:16:55.350, 4, 24576, 1318, 22940, 61, 28
2025/01/11 11:16:55.451, 4, 24576, 1318, 22940, 61, 28
2025/01/11 11:16:55.552, 4, 24576, 1318, 22940, 62, 27
2025/01/11 11:16:55.653, 4, 24576, 1318, 22940, 62, 27
2025/01/11 11:16:55.753, 4, 24576, 1318, 22940, 61, 27
2025/01/11 11:16:55.854, 4, 24576, 1318, 22940, 61, 27
2025/01/11 11:16:55.955, 4, 24576, 1318, 22940, 62, 28
2025/01/11 11:16:56.056, 4, 24576, 1318, 22940, 62, 28
2025/01/11 11:16:56.156, 4, 24576, 1318, 22940, 62, 27
2025/01/11 11:16:56.257, 4, 24576, 1318, 22940, 62, 27
2025/01/11 11:16:56.358, 4, 24576, 1318, 22940, 57, 25
2025/01/11 11:16:56.460, 4, 24576, 1318, 22940, 57, 25
2025/01/11 11:16:56.560, 4, 24576, 1318, 22940, 59, 26
2025/01/11 11:16:56.661, 4, 24576, 1318, 22940, 59, 26
2025/01/11 11:16:56.762, 4, 24576, 1318, 22940, 63, 28
2025/01/11 11:16:56.863, 4, 24576, 1318, 22940, 63, 28
2025/01/11 11:16:56.963, 4, 24576, 1318, 22940, 60, 27
2025/01/11 11:16:57.064, 4, 24576, 1318, 22940, 60, 27
2025/01/11 11:16:57.165, 4, 24576, 1318, 22940, 63, 27
2025/01/11 11:16:57.266, 4, 24576, 1318, 22940, 63, 27
2025/01/11 11:16:57.367, 4, 24576, 1318, 22940, 62, 28
2025/01/11 11:16:57.468, 4, 24576, 1318, 22940, 62, 28
2025/01/11 11:16:57.570, 4, 24576, 1318, 22940, 67, 30
2025/01/11 11:16:57.671, 4, 24576, 1318, 22940, 67, 30
2025/01/11 11:16:57.772, 4, 24576, 1318, 22940, 61, 27
2025/01/11 11:16:57.872, 4, 24576, 1318, 22940, 61, 27
2025/01/11 11:16:57.973, 4, 24576, 1318, 22940, 63, 27
2025/01/11 11:16:58.074, 4, 24576, 1318, 22940, 63, 27
2025/01/11 11:16:58.175, 4, 24576, 1318, 22940, 61, 28
2025/01/11 11:16:58.275, 4, 24576, 1318, 22940, 61, 28
2025/01/11 11:16:58.376, 4, 24576, 1318, 22940, 63, 27
2025/01/11 11:16:58.477, 4, 24576, 1318, 22940, 63, 27
2025/01/11 11:16:58.578, 4, 24576, 1318, 22940, 62, 28
2025/01/11 11:16:58.679, 4, 24576, 1318, 22940, 62, 28
2025/01/11 11:16:58.780, 4, 24576, 1318, 22940, 56, 24
2025/01/11 11:16:58.881, 4, 24576, 1318, 22940, 56, 24
2025/01/11 11:16:58.981, 4, 24576, 1318, 22940, 64, 29
2025/01/11 11:16:59.082, 4, 24576, 1318, 22940, 64, 29
2025/01/11 11:16:59.183, 4, 24576, 1318, 22940, 62, 27
2025/01/11 11:16:59.284, 4, 24576, 1318, 22940, 62, 27
2025/01/11 11:16:59.385, 4, 24576, 1318, 22940, 58, 26
2025/01/11 11:16:59.486, 4, 24576, 1318, 22940, 58, 26
2025/01/11 11:16:59.587, 4, 24576, 1318, 22940, 60, 27
2025/01/11 11:16:59.688, 4, 24576, 1318, 22940, 60, 27
2025/01/11 11:16:59.789, 4, 24576, 1318, 22940, 61, 28
2025/01/11 11:16:59.890, 4, 24576, 1318, 22940, 61, 28
2025/01/11 11:16:59.990, 4, 24576, 1318, 22940, 61, 27
2025/01/11 11:17:00.091, 4, 24576, 1318, 22940, 61, 27
2025/01/11 11:17:00.192, 4, 24576, 1318, 22940, 63, 28
2025/01/11 11:17:00.292, 4, 24576, 1318, 22940, 63, 28
2025/01/11 11:17:00.393, 4, 24576, 1318, 22940, 62, 28
2025/01/11 11:17:00.494, 4, 24576, 1318, 22940, 62, 28
2025/01/11 11:17:00.595, 4, 24576, 1318, 22940, 61, 27
2025/01/11 11:17:00.695, 4, 24576, 1318, 22940, 61, 27
2025/01/11 11:17:00.796, 4, 24576, 1318, 22940, 62, 28
2025/01/11 11:17:00.897, 4, 24576, 1318, 22940, 62, 28
2025/01/11 11:17:00.997, 4, 24576, 1318, 22940, 62, 27
2025/01/11 11:17:01.098, 4, 24576, 1318, 22940, 62, 27
2025/01/11 11:17:01.199, 4, 24576, 1318, 22940, 63, 28
2025/01/11 11:17:01.300, 4, 24576, 1318, 22940, 63, 28
2025/01/11 11:17:01.400, 4, 24576, 1318, 22940, 63, 28
2025/01/11 11:17:01.501, 4, 24576, 1318, 22940, 63, 28
2025/01/11 11:17:01.602, 4, 24576, 1318, 22940, 70, 31
2025/01/11 11:17:01.702, 4, 24576, 1318, 22940, 70, 31
2025/01/11 11:17:01.803, 4, 24576, 1318, 22940, 62, 28
2025/01/11 11:17:01.904, 4, 24576, 1318, 22940, 62, 28
2025/01/11 11:17:02.005, 4, 24576, 1318, 22940, 64, 29
2025/01/11 11:17:02.106, 4, 24576, 1318, 22940, 64, 29
2025/01/11 11:17:02.207, 4, 24576, 1318, 22940, 62, 27
2025/01/11 11:17:02.308, 4, 24576, 1318, 22940, 62, 27
2025/01/11 11:17:02.409, 4, 24576, 1318, 22940, 65, 29
2025/01/11 11:17:02.510, 4, 24576, 1318, 22940, 65, 29
2025/01/11 11:17:02.610, 4, 24576, 1318, 22940, 59, 26
2025/01/11 11:17:02.712, 4, 24576, 1318, 22940, 59, 26
2025/01/11 11:17:02.813, 4, 24576, 1318, 22940, 59, 26
2025/01/11 11:17:02.913, 4, 24576, 1318, 22940, 59, 26
2025/01/11 11:17:03.014, 4, 24576, 1318, 22940, 58, 26
2025/01/11 11:17:03.115, 4, 24576, 1318, 22940, 58, 26
2025/01/11 11:17:03.215, 4, 24576, 1318, 22940, 60, 27
2025/01/11 11:17:03.316, 4, 24576, 1318, 22940, 60, 27
2025/01/11 11:17:03.417, 4, 24576, 1318, 22940, 64, 29
2025/01/11 11:17:03.518, 4, 24576, 1318, 22940, 64, 29
2025/01/11 11:17:03.618, 4, 24576, 1318, 22940, 62, 27
2025/01/11 11:17:03.719, 4, 24576, 1318, 22940, 62, 27
2025/01/11 11:17:03.820, 4, 24576, 1318, 22940, 61, 27
2025/01/11 11:17:03.921, 4, 24576, 1318, 22940, 61, 27
2025/01/11 11:17:04.021, 4, 24576, 1318, 22940, 62, 28
2025/01/11 11:17:04.122, 4, 24576, 1318, 22940, 62, 28
2025/01/11 11:17:04.224, 4, 24576, 1318, 22940, 62, 27
2025/01/11 11:17:04.324, 4, 24576, 1318, 22940, 62, 27
2025/01/11 11:17:04.425, 4, 24576, 1318, 22940, 61, 28
2025/01/11 11:17:04.526, 4, 24576, 1318, 22940, 61, 28
2025/01/11 11:17:04.627, 4, 24576, 1318, 22940, 64, 28
2025/01/11 11:17:04.728, 4, 24576, 1318, 22940, 64, 28
2025/01/11 11:17:04.829, 4, 24576, 1318, 22940, 67, 30
2025/01/11 11:17:04.930, 4, 24576, 1318, 22940, 67, 30
2025/01/11 11:17:05.030, 4, 24576, 1318, 22940, 70, 32
2025/01/11 11:17:05.131, 4, 24576, 1318, 22940, 70, 32
2025/01/11 11:17:05.232, 4, 24576, 1318, 22940, 66, 29
2025/01/11 11:17:05.332, 4, 24576, 1318, 22940, 66, 29
2025/01/11 11:17:05.433, 4, 24576, 1318, 22940, 67, 30
2025/01/11 11:17:05.534, 4, 24576, 1318, 22940, 67, 30
2025/01/11 11:17:05.635, 4, 24576, 1318, 22940, 59, 26
2025/01/11 11:17:05.736, 4, 24576, 1318, 22940, 59, 26
2025/01/11 11:17:05.836, 4, 24576, 1318, 22940, 59, 26
2025/01/11 11:17:05.937, 4, 24576, 1318, 22940, 59, 26
2025/01/11 11:17:06.038, 4, 24576, 1318, 22940, 63, 27
2025/01/11 11:17:06.138, 4, 24576, 1318, 22940, 63, 27
2025/01/11 11:17:06.239, 4, 24576, 1318, 22940, 62, 28
2025/01/11 11:17:06.340, 4, 24576, 1318, 22940, 62, 28
2025/01/11 11:17:06.441, 4, 24576, 1318, 22940, 64, 28
2025/01/11 11:17:06.542, 4, 24576, 1318, 22940, 63, 29
2025/01/11 11:17:06.646, 4, 24576, 1318, 22940, 63, 29
2025/01/11 11:17:06.747, 4, 24576, 1318, 22940, 64, 28
2025/01/11 11:17:06.848, 4, 24576, 1318, 22940, 64, 28
2025/01/11 11:17:06.949, 4, 24576, 1318, 22940, 61, 27
2025/01/11 11:17:07.050, 4, 24576, 1318, 22940, 61, 27
2025/01/11 11:17:07.151, 4, 24576, 1318, 22940, 63, 27
2025/01/11 11:17:07.251, 4, 24576, 1318, 22940, 63, 27
2025/01/11 11:17:07.352, 4, 24576, 1318, 22940, 63, 29
2025/01/11 11:17:07.453, 4, 24576, 1318, 22940, 63, 29
2025/01/11 11:17:07.554, 4, 24576, 1318, 22940, 63, 27
2025/01/11 11:17:07.654, 4, 24576, 1318, 22940, 63, 27
2025/01/11 11:17:07.755, 4, 24576, 1318, 22940, 62, 28
2025/01/11 11:17:07.856, 4, 24576, 1318, 22940, 62, 28
2025/01/11 11:17:07.956, 4, 24576, 1318, 22940, 61, 27
2025/01/11 11:17:08.057, 4, 24576, 1318, 22940, 61, 27
2025/01/11 11:17:08.158, 4, 24576, 1318, 22940, 63, 29
2025/01/11 11:17:08.259, 4, 24576, 1318, 22940, 63, 29
2025/01/11 11:17:08.359, 4, 24576, 1318, 22940, 59, 26
2025/01/11 11:17:08.460, 4, 24576, 1318, 22940, 59, 26
2025/01/11 11:17:08.561, 4, 24576, 1318, 22940, 59, 26
2025/01/11 11:17:08.662, 4, 24576, 1318, 22940, 59, 26
2025/01/11 11:17:08.763, 4, 24576, 1318, 22940, 64, 28
2025/01/11 11:17:08.864, 4, 24576, 1318, 22940, 64, 28
2025/01/11 11:17:08.966, 4, 24576, 1318, 22940, 59, 27
2025/01/11 11:17:09.067, 4, 24576, 1318, 22940, 59, 27
2025/01/11 11:17:09.167, 4, 24576, 1318, 22940, 57, 25
2025/01/11 11:17:09.268, 4, 24576, 1318, 22940, 57, 25
2025/01/11 11:17:09.369, 4, 24576, 1318, 22940, 62, 28
2025/01/11 11:17:09.470, 4, 24576, 1318, 22940, 62, 28
2025/01/11 11:17:09.570, 4, 24576, 1318, 22940, 62, 27
2025/01/11 11:17:09.671, 4, 24576, 1318, 22940, 62, 27
2025/01/11 11:17:09.772, 4, 24576, 1318, 22940, 61, 27
2025/01/11 11:17:09.872, 4, 24576, 1318, 22940, 61, 27
2025/01/11 11:17:09.973, 4, 24576, 1318, 22940, 66, 29
2025/01/11 11:17:10.074, 4, 24576, 1318, 22940, 66, 29
2025/01/11 11:17:10.174, 4, 24576, 1318, 22940, 61, 28
2025/01/11 11:17:10.275, 4, 24576, 1318, 22940, 61, 28
2025/01/11 11:17:10.376, 4, 24576, 1318, 22940, 62, 27
2025/01/11 11:17:10.477, 4, 24576, 1318, 22940, 62, 27
2025/01/11 11:17:10.577, 4, 24576, 1318, 22940, 69, 30
2025/01/11 11:17:10.678, 4, 24576, 1318, 22940, 69, 30
2025/01/11 11:17:10.779, 4, 24576, 1318, 22940, 62, 28
2025/01/11 11:17:10.879, 4, 24576, 1318, 22940, 62, 28
2025/01/11 11:17:10.980, 4, 24576, 1318, 22940, 65, 29
2025/01/11 11:17:11.081, 4, 24576, 1318, 22940, 65, 29
2025/01/11 11:17:11.182, 4, 24576, 1318, 22940, 66, 29
2025/01/11 11:17:11.283, 4, 24576, 1318, 22940, 66, 29
2025/01/11 11:17:11.384, 4, 24576, 1318, 22940, 62, 28
2025/01/11 11:17:11.485, 4, 24576, 1318, 22940, 62, 28
2025/01/11 11:17:11.586, 4, 24576, 1318, 22940, 58, 26
2025/01/11 11:17:11.687, 4, 24576, 1318, 22940, 58, 26
2025/01/11 11:17:11.788, 4, 24576, 1318, 22940, 64, 28
2025/01/11 11:17:11.889, 4, 24576, 1318, 22940, 64, 28
2025/01/11 11:17:11.989, 4, 24576, 1318, 22940, 64, 28
2025/01/11 11:17:12.090, 4, 24576, 1318, 22940, 64, 28
2025/01/11 11:17:12.191, 4, 24576, 1318, 22940, 64, 29
2025/01/11 11:17:12.291, 4, 24576, 1318, 22940, 64, 29
2025/01/11 11:17:12.392, 4, 24576, 1318, 22940, 62, 27
2025/01/11 11:17:12.493, 4, 24576, 1318, 22940, 62, 27
2025/01/11 11:17:12.593, 4, 24576, 1318, 22940, 63, 28
2025/01/11 11:17:12.694, 4, 24576, 1318, 22940, 63, 28
2025/01/11 11:17:12.795, 4, 24576, 1318, 22940, 60, 27
2025/01/11 11:17:12.895, 4, 24576, 1318, 22940, 60, 27
2025/01/11 11:17:12.997, 4, 24576, 1318, 22940, 59, 26
2025/01/11 11:17:13.098, 4, 24576, 1318, 22940, 59, 26
2025/01/11 11:17:13.198, 4, 24576, 1318, 22940, 60, 27
2025/01/11 11:17:13.299, 4, 24576, 1318, 22940, 60, 27
2025/01/11 11:17:13.400, 4, 24576, 1318, 22940, 62, 28
2025/01/11 11:17:13.501, 4, 24576, 1318, 22940, 62, 28
2025/01/11 11:17:13.602, 4, 24576, 1318, 22940, 60, 27
2025/01/11 11:17:13.703, 4, 24576, 1318, 22940, 60, 27
2025/01/11 11:17:13.804, 4, 24576, 1318, 22940, 65, 29
2025/01/11 11:17:13.905, 4, 24576, 1318, 22940, 65, 29
2025/01/11 11:17:14.006, 4, 24576, 1318, 22940, 63, 28
2025/01/11 11:17:14.106, 4, 24576, 1318, 22940, 63, 28
2025/01/11 11:17:14.207, 4, 24576, 1318, 22940, 69, 31
2025/01/11 11:17:14.308, 4, 24576, 1318, 22940, 69, 31
2025/01/11 11:17:14.409, 4, 24576, 1318, 22940, 65, 29
2025/01/11 11:17:14.509, 4, 24576, 1318, 22940, 65, 29
2025/01/11 11:17:14.610, 4, 24576, 1318, 22940, 69, 30
2025/01/11 11:17:14.711, 4, 24576, 1318, 22940, 69, 30
2025/01/11 11:17:14.812, 4, 24576, 1318, 22940, 67, 30
2025/01/11 11:17:14.912, 4, 24576, 1318, 22940, 67, 30
2025/01/11 11:17:15.013, 4, 24576, 1318, 22940, 62, 28
2025/01/11 11:17:15.114, 4, 24576, 1318, 22940, 62, 28
2025/01/11 11:17:15.215, 4, 24576, 1318, 22940, 58, 26
2025/01/11 11:17:15.315, 4, 24576, 1318, 22940, 58, 26
2025/01/11 11:17:15.416, 4, 24576, 1318, 22940, 58, 26
2025/01/11 11:17:15.517, 4, 24576, 1318, 22940, 58, 26
2025/01/11 11:17:15.618, 4, 24576, 1318, 22940, 62, 27
2025/01/11 11:17:15.718, 4, 24576, 1318, 22940, 62, 27
2025/01/11 11:17:15.819, 4, 24576, 1318, 22940, 62, 28
2025/01/11 11:17:15.920, 4, 24576, 1318, 22940, 62, 28
2025/01/11 11:17:16.022, 4, 24576, 1318, 22940, 62, 27
2025/01/11 11:17:16.123, 4, 24576, 1318, 22940, 62, 27
2025/01/11 11:17:16.224, 4, 24576, 42, 24216, 40, 18
2025/01/11 11:17:16.324, 4, 24576, 42, 24216, 40, 18
2025/01/11 11:17:16.425, 4, 24576, 42, 24216, 15, 1
2025/01/11 11:17:16.526, 4, 24576, 42, 24216, 15, 1
2025/01/11 11:17:16.627, 4, 24576, 42, 24216, 0, 0
2025/01/11 11:17:16.727, 4, 24576, 42, 24216, 0, 0
2025/01/11 11:17:16.828, 4, 24576, 42, 24216, 0, 0
2025/01/11 11:17:16.929, 4, 24576, 42, 24216, 0, 0
2025/01/11 11:17:17.029, 4, 24576, 42, 24216, 0, 0
2025/01/11 11:17:17.130, 4, 24576, 42, 24216, 0, 0
2025/01/11 11:17:17.231, 4, 24576, 42, 24216, 0, 0
2025/01/11 11:17:17.332, 4, 24576, 42, 24216, 0, 0
2025/01/11 11:17:17.432, 4, 24576, 42, 24216, 0, 0
2025/01/11 11:17:17.533, 4, 24576, 42, 24216, 0, 0
2025/01/11 11:17:17.633, 4, 24576, 42, 24216, 0, 0
2025/01/11 11:17:17.734, 4, 24576, 42, 24216, 0, 0
2025/01/11 11:17:17.835, 4, 24576, 42, 24216, 0, 0
2025/01/11 11:17:17.935, 4, 24576, 42, 24216, 0, 0
2025/01/11 11:17:18.036, 4, 24576, 42, 24216, 0, 0
2025/01/11 11:17:18.137, 4, 24576, 42, 24216, 0, 0
2025/01/11 11:17:18.237, 4, 24576, 42, 24216, 0, 0
2025/01/11 11:17:18.338, 4, 24576, 42, 24216, 0, 0
2025/01/11 11:17:18.439, 4, 24576, 42, 24216, 0, 0
2025/01/11 11:17:18.539, 4, 24576, 42, 24216, 0, 0
2025/01/11 11:17:18.640, 4, 24576, 42, 24216, 0, 0
2025/01/11 11:17:18.741, 4, 24576, 42, 24216, 0, 0
2025/01/11 11:17:18.842, 4, 24576, 42, 24216, 0, 0
202