timestamp, index, memory.total [MiB], memory.used [MiB], memory.free [MiB], utilization.gpu [%], utilization.memory [%]
2025/01/06 12:29:06.481, 5, 24576, 12, 24247, 0, 0
2025/01/06 12:29:06.582, 5, 24576, 12, 24247, 0, 0
2025/01/06 12:29:06.682, 5, 24576, 12, 24247, 0, 0
2025/01/06 12:29:06.783, 5, 24576, 12, 24247, 0, 0
2025/01/06 12:29:06.884, 5, 24576, 12, 24247, 0, 0
2025/01/06 12:29:06.985, 5, 24576, 12, 24247, 0, 0
2025/01/06 12:29:07.086, 5, 24576, 12, 24247, 0, 0
2025/01/06 12:29:07.186, 5, 24576, 12, 24247, 0, 0
2025/01/06 12:29:07.287, 5, 24576, 12, 24247, 0, 0
2025/01/06 12:29:07.388, 5, 24576, 12, 24247, 0, 0
2025/01/06 12:29:07.489, 5, 24576, 12, 24247, 0, 0
2025/01/06 12:29:07.590, 5, 24576, 12, 24247, 0, 0
2025/01/06 12:29:07.691, 5, 24576, 12, 24247, 0, 0
2025/01/06 12:29:07.791, 5, 24576, 12, 24247, 0, 0
2025/01/06 12:29:07.892, 5, 24576, 12, 24247, 0, 0
2025/01/06 12:29:07.993, 5, 24576, 12, 24247, 0, 0
2025/01/06 12:29:08.094, 5, 24576, 14, 24244, 0, 0
2025/01/06 12:29:08.195, 5, 24576, 26, 24232, 0, 0
2025/01/06 12:29:08.304, 5, 24576, 312, 23946, 2, 0
2025/01/06 12:29:08.405, 5, 24576, 312, 23946, 2, 0
2025/01/06 12:29:08.505, 5, 24576, 312, 23946, 3, 0
2025/01/06 12:29:08.606, 5, 24576, 342, 23916, 3, 0
2025/01/06 12:29:08.707, 5, 24576, 368, 23890, 9, 0
2025/01/06 12:29:08.808, 5, 24576, 370, 23888, 9, 0
2025/01/06 12:29:08.909, 5, 24576, 398, 23860, 1, 0
2025/01/06 12:29:09.010, 5, 24576, 398, 23860, 1, 0
2025/01/06 12:29:09.110, 5, 24576, 398, 23860, 2, 0
2025/01/06 12:29:09.211, 5, 24576, 398, 23860, 2, 0
2025/01/06 12:29:09.312, 5, 24576, 398, 23860, 0, 0
2025/01/06 12:29:09.412, 5, 24576, 398, 23860, 0, 0
2025/01/06 12:29:09.513, 5, 24576, 398, 23860, 0, 0
2025/01/06 12:29:09.614, 5, 24576, 398, 23860, 0, 0
2025/01/06 12:29:09.715, 5, 24576, 398, 23860, 0, 0
2025/01/06 12:29:09.815, 5, 24576, 398, 23860, 0, 0
2025/01/06 12:29:09.916, 5, 24576, 398, 23860, 0, 0
2025/01/06 12:29:10.017, 5, 24576, 398, 23860, 0, 0
2025/01/06 12:29:10.117, 5, 24576, 398, 23860, 0, 0
2025/01/06 12:29:10.218, 5, 24576, 398, 23860, 0, 0
2025/01/06 12:29:10.319, 5, 24576, 398, 23860, 0, 0
2025/01/06 12:29:10.419, 5, 24576, 398, 23860, 0, 0
2025/01/06 12:29:10.520, 5, 24576, 398, 23860, 0, 0
2025/01/06 12:29:10.621, 5, 24576, 398, 23860, 0, 0
2025/01/06 12:29:10.721, 5, 24576, 398, 23860, 0, 0
2025/01/06 12:29:10.822, 5, 24576, 402, 23856, 0, 0
2025/01/06 12:29:10.923, 5, 24576, 402, 23856, 0, 0
2025/01/06 12:29:11.023, 5, 24576, 402, 23856, 0, 0
2025/01/06 12:29:11.124, 5, 24576, 402, 23856, 0, 0
2025/01/06 12:29:11.225, 5, 24576, 402, 23856, 0, 0
2025/01/06 12:29:11.326, 5, 24576, 410, 23848, 0, 0
2025/01/06 12:29:11.427, 5, 24576, 412, 23846, 0, 0
2025/01/06 12:29:11.528, 5, 24576, 412, 23846, 1, 0
2025/01/06 12:29:11.628, 5, 24576, 412, 23846, 1, 0
2025/01/06 12:29:11.729, 5, 24576, 680, 23578, 1, 0
2025/01/06 12:29:11.830, 5, 24576, 694, 23564, 1, 0
2025/01/06 12:29:11.931, 5, 24576, 694, 23564, 20, 5
2025/01/06 12:29:12.031, 5, 24576, 694, 23564, 20, 5
2025/01/06 12:29:12.132, 5, 24576, 694, 23564, 31, 8
2025/01/06 12:29:12.233, 5, 24576, 694, 23564, 31, 8
2025/01/06 12:29:12.334, 5, 24576, 694, 23564, 32, 8
2025/01/06 12:29:12.434, 5, 24576, 694, 23564, 32, 8
2025/01/06 12:29:12.535, 5, 24576, 694, 23564, 32, 8
2025/01/06 12:29:12.636, 5, 24576, 694, 23564, 32, 8
2025/01/06 12:29:12.736, 5, 24576, 694, 23564, 33, 8
2025/01/06 12:29:12.837, 5, 24576, 694, 23564, 33, 8
2025/01/06 12:29:12.938, 5, 24576, 694, 23564, 33, 8
2025/01/06 12:29:13.039, 5, 24576, 694, 23564, 33, 8
2025/01/06 12:29:13.139, 5, 24576, 694, 23564, 30, 7
2025/01/06 12:29:13.240, 5, 24576, 694, 23564, 30, 7
2025/01/06 12:29:13.341, 5, 24576, 694, 23564, 33, 8
2025/01/06 12:29:13.441, 5, 24576, 694, 23564, 33, 8
2025/01/06 12:29:13.542, 5, 24576, 694, 23564, 33, 8
2025/01/06 12:29:13.643, 5, 24576, 694, 23564, 33, 8
2025/01/06 12:29:13.743, 5, 24576, 694, 23564, 34, 8
2025/01/06 12:29:13.844, 5, 24576, 694, 23564, 34, 8
2025/01/06 12:29:13.945, 5, 24576, 694, 23564, 32, 8
2025/01/06 12:29:14.046, 5, 24576, 694, 23564, 32, 8
2025/01/06 12:29:14.147, 5, 24576, 694, 23564, 34, 8
2025/01/06 12:29:14.248, 5, 24576, 694, 23564, 34, 8
2025/01/06 12:29:14.348, 5, 24576, 694, 23564, 31, 8
2025/01/06 12:29:14.449, 5, 24576, 694, 23564, 31, 8
2025/01/06 12:29:14.550, 5, 24576, 694, 23564, 32, 8
2025/01/06 12:29:14.651, 5, 24576, 694, 23564, 32, 8
2025/01/06 12:29:14.751, 5, 24576, 694, 23564, 31, 8
2025/01/06 12:29:14.852, 5, 24576, 694, 23564, 31, 8
2025/01/06 12:29:14.953, 5, 24576, 694, 23564, 33, 8
2025/01/06 12:29:15.053, 5, 24576, 694, 23564, 33, 8
2025/01/06 12:29:15.154, 5, 24576, 694, 23564, 31, 8
2025/01/06 12:29:15.255, 5, 24576, 694, 23564, 31, 8
2025/01/06 12:29:15.356, 5, 24576, 694, 23564, 31, 8
2025/01/06 12:29:15.456, 5, 24576, 694, 23564, 31, 8
2025/01/06 12:29:15.557, 5, 24576, 694, 23564, 27, 6
2025/01/06 12:29:15.658, 5, 24576, 694, 23564, 27, 6
2025/01/06 12:29:15.758, 5, 24576, 694, 23564, 27, 7
2025/01/06 12:29:15.859, 5, 24576, 694, 23564, 27, 7
2025/01/06 12:29:15.960, 5, 24576, 694, 23564, 27, 7
2025/01/06 12:29:16.061, 5, 24576, 694, 23564, 27, 7
2025/01/06 12:29:16.162, 5, 24576, 694, 23564, 28, 7
2025/01/06 12:29:16.262, 5, 24576, 694, 23564, 28, 7
2025/01/06 12:29:16.363, 5, 24576, 694, 23564, 28, 7
2025/01/06 12:29:16.464, 5, 24576, 694, 23564, 29, 7
2025/01/06 12:29:16.567, 5, 24576, 694, 23564, 29, 7
2025/01/06 12:29:16.668, 5, 24576, 694, 23564, 28, 7
2025/01/06 12:29:16.770, 5, 24576, 694, 23564, 28, 7
2025/01/06 12:29:16.871, 5, 24576, 694, 23564, 27, 7
2025/01/06 12:29:16.972, 5, 24576, 694, 23564, 27, 7
2025/01/06 12:29:17.072, 5, 24576, 694, 23564, 28, 7
2025/01/06 12:29:17.173, 5, 24576, 694, 23564, 28, 7
2025/01/06 12:29:17.274, 5, 24576, 694, 23564, 24, 6
2025/01/06 12:29:17.374, 5, 24576, 694, 23564, 24, 6
2025/01/06 12:29:17.475, 5, 24576, 694, 23564, 25, 6
2025/01/06 12:29:17.576, 5, 24576, 694, 23564, 25, 6
2025/01/06 12:29:17.676, 5, 24576, 694, 23564, 25, 6
2025/01/06 12:29:17.777, 5, 24576, 694, 23564, 25, 6
2025/01/06 12:29:17.878, 5, 24576, 694, 23564, 29, 7
2025/01/06 12:29:17.978, 5, 24576, 694, 23564, 29, 7
2025/01/06 12:29:18.079, 5, 24576, 694, 23564, 30, 7
2025/01/06 12:29:18.180, 5, 24576, 694, 23564, 30, 7
2025/01/06 12:29:18.280, 5, 24576, 694, 23564, 25, 6
2025/01/06 12:29:18.381, 5, 24576, 694, 23564, 25, 6
2025/01/06 12:29:18.481, 5, 24576, 694, 23564, 23, 5
2025/01/06 12:29:18.582, 5, 24576, 694, 23564, 23, 5
2025/01/06 12:29:18.683, 5, 24576, 694, 23564, 30, 7
2025/01/06 12:29:18.784, 5, 24576, 694, 23564, 30, 7
2025/01/06 12:29:18.885, 5, 24576, 694, 23564, 29, 7
2025/01/06 12:29:18.986, 5, 24576, 694, 23564, 29, 7
2025/01/06 12:29:19.086, 5, 24576, 694, 23564, 26, 6
2025/01/06 12:29:19.187, 5, 24576, 694, 23564, 26, 6
2025/01/06 12:29:19.288, 5, 24576, 694, 23564, 25, 6
2025/01/06 12:29:19.389, 5, 24576, 694, 23564, 25, 6
2025/01/06 12:29:19.489, 5, 24576, 694, 23564, 28, 7
2025/01/06 12:29:19.590, 5, 24576, 694, 23564, 28, 7
2025/01/06 12:29:19.691, 5, 24576, 694, 23564, 30, 7
2025/01/06 12:29:19.791, 5, 24576, 694, 23564, 30, 7
2025/01/06 12:29:19.892, 5, 24576, 694, 23564, 26, 6
2025/01/06 12:29:19.993, 5, 24576, 694, 23564, 26, 6
2025/01/06 12:29:20.093, 5, 24576, 694, 23564, 26, 6
2025/01/06 12:29:20.194, 5, 24576, 694, 23564, 26, 6
2025/01/06 12:29:20.295, 5, 24576, 694, 23564, 25, 6
2025/01/06 12:29:20.395, 5, 24576, 694, 23564, 25, 6
2025/01/06 12:29:20.496, 5, 24576, 694, 23564, 23, 6
2025/01/06 12:29:20.597, 5, 24576, 694, 23564, 23, 6
2025/01/06 12:29:20.698, 5, 24576, 694, 23564, 26, 6
2025/01/06 12:29:20.798, 5, 24576, 694, 23564, 26, 6
2025/01/06 12:29:20.899, 5, 24576, 694, 23564, 23, 6
2025/01/06 12:29:21.000, 5, 24576, 694, 23564, 23, 6
2025/01/06 12:29:21.100, 5, 24576, 694, 23564, 25, 6
2025/01/06 12:29:21.201, 5, 24576, 694, 23564, 25, 6
2025/01/06 12:29:21.302, 5, 24576, 694, 23564, 24, 6
2025/01/06 12:29:21.403, 5, 24576, 694, 23564, 24, 6
2025/01/06 12:29:21.504, 5, 24576, 694, 23564, 22, 5
2025/01/06 12:29:21.605, 5, 24576, 694, 23564, 22, 5
2025/01/06 12:29:21.705, 5, 24576, 694, 23564, 22, 5
2025/01/06 12:29:21.806, 5, 24576, 694, 23564, 22, 5
2025/01/06 12:29:21.907, 5, 24576, 694, 23564, 24, 6
2025/01/06 12:29:22.008, 5, 24576, 694, 23564, 24, 6
2025/01/06 12:29:22.108, 5, 24576, 694, 23564, 22, 5
2025/01/06 12:29:22.209, 5, 24576, 694, 23564, 22, 5
2025/01/06 12:29:22.310, 5, 24576, 694, 23564, 26, 6
2025/01/06 12:29:22.410, 5, 24576, 694, 23564, 26, 6
2025/01/06 12:29:22.511, 5, 24576, 694, 23564, 27, 7
2025/01/06 12:29:22.612, 5, 24576, 694, 23564, 27, 7
2025/01/06 12:29:22.713, 5, 24576, 694, 23564, 25, 6
2025/01/06 12:29:22.813, 5, 24576, 694, 23564, 25, 6
2025/01/06 12:29:22.914, 5, 24576, 694, 23564, 26, 6
2025/01/06 12:29:23.015, 5, 24576, 694, 23564, 26, 6
2025/01/06 12:29:23.116, 5, 24576, 694, 23564, 24, 6
2025/01/06 12:29:23.216, 5, 24576, 694, 23564, 24, 6
2025/01/06 12:29:23.317, 5, 24576, 694, 23564, 31, 8
2025/01/06 12:29:23.418, 5, 24576, 694, 23564, 31, 8
2025/01/06 12:29:23.518, 5, 24576, 694, 23564, 29, 7
2025/01/06 12:29:23.619, 5, 24576, 694, 23564, 29, 7
2025/01/06 12:29:23.720, 5, 24576, 694, 23564, 25, 6
2025/01/06 12:29:23.821, 5, 24576, 694, 23564, 25, 6
2025/01/06 12:29:23.922, 5, 24576, 694, 23564, 26, 6
2025/01/06 12:29:24.023, 5, 24576, 694, 23564, 26, 6
2025/01/06 12:29:24.124, 5, 24576, 694, 23564, 25, 6
2025/01/06 12:29:24.224, 5, 24576, 694, 23564, 25, 6
2025/01/06 12:29:24.325, 5, 24576, 694, 23564, 23, 6
2025/01/06 12:29:24.426, 5, 24576, 694, 23564, 23, 6
2025/01/06 12:29:24.526, 5, 24576, 694, 23564, 25, 6
2025/01/06 12:29:24.627, 5, 24576, 694, 23564, 25, 6
2025/01/06 12:29:24.728, 5, 24576, 694, 23564, 24, 6
2025/01/06 12:29:24.828, 5, 24576, 694, 23564, 24, 6
2025/01/06 12:29:24.929, 5, 24576, 694, 23564, 26, 6
2025/01/06 12:29:25.030, 5, 24576, 694, 23564, 26, 6
2025/01/06 12:29:25.131, 5, 24576, 694, 23564, 26, 6
2025/01/06 12:29:25.231, 5, 24576, 694, 23564, 26, 6
2025/01/06 12:29:25.332, 5, 24576, 694, 23564, 26, 6
2025/01/06 12:29:25.433, 5, 24576, 694, 23564, 26, 6
2025/01/06 12:29:25.534, 5, 24576, 694, 23564, 25, 6
2025/01/06 12:29:25.634, 5, 24576, 694, 23564, 25, 6
2025/01/06 12:29:25.735, 5, 24576, 694, 23564, 23, 6
2025/01/06 12:29:25.836, 5, 24576, 694, 23564, 23, 6
2025/01/06 12:29:25.936, 5, 24576, 694, 23564, 25, 6
2025/01/06 12:29:26.037, 5, 24576, 694, 23564, 25, 6
2025/01/06 12:29:26.138, 5, 24576, 694, 23564, 24, 6
2025/01/06 12:29:26.239, 5, 24576, 694, 23564, 24, 6
2025/01/06 12:29:26.339, 5, 24576, 694, 23564, 25, 6
2025/01/06 12:29:26.440, 5, 24576, 694, 23564, 25, 6
2025/01/06 12:29:26.541, 5, 24576, 694, 23564, 27, 7
2025/01/06 12:29:26.642, 5, 24576, 694, 23564, 27, 7
2025/01/06 12:29:26.743, 5, 24576, 694, 23564, 24, 6
2025/01/06 12:29:26.844, 5, 24576, 694, 23564, 24, 6
2025/01/06 12:29:26.945, 5, 24576, 694, 23564, 26, 6
2025/01/06 12:29:27.045, 5, 24576, 694, 23564, 26, 6
2025/01/06 12:29:27.146, 5, 24576, 694, 23564, 25, 6
2025/01/06 12:29:27.247, 5, 24576, 694, 23564, 25, 6
2025/01/06 12:29:27.347, 5, 24576, 694, 23564, 28, 7
2025/01/06 12:29:27.448, 5, 24576, 694, 23564, 28, 7
2025/01/06 12:29:27.549, 5, 24576, 694, 23564, 27, 6
2025/01/06 12:29:27.649, 5, 24576, 694, 23564, 27, 6
2025/01/06 12:29:27.750, 5, 24576, 694, 23564, 28, 7
2025/01/06 12:29:27.851, 5, 24576, 694, 23564, 28, 7
2025/01/06 12:29:27.951, 5, 24576, 694, 23564, 26, 6
2025/01/06 12:29:28.052, 5, 24576, 694, 23564, 26, 6
2025/01/06 12:29:28.153, 5, 24576, 694, 23564, 30, 7
2025/01/06 12:29:28.254, 5, 24576, 694, 23564, 30, 7
2025/01/06 12:29:28.355, 5, 24576, 694, 23564, 31, 7
2025/01/06 12:29:28.455, 5, 24576, 694, 23564, 31, 7
2025/01/06 12:29:28.556, 5, 24576, 694, 23564, 29, 7
2025/01/06 12:29:28.657, 5, 24576, 694, 23564, 29, 7
2025/01/06 12:29:28.757, 5, 24576, 694, 23564, 27, 7
2025/01/06 12:29:28.858, 5, 24576, 694, 23564, 27, 7
2025/01/06 12:29:28.959, 5, 24576, 694, 23564, 26, 6
2025/01/06 12:29:29.060, 5, 24576, 694, 23564, 29, 7
2025/01/06 12:29:29.166, 5, 24576, 694, 23564, 29, 7
2025/01/06 12:29:29.267, 5, 24576, 694, 23564, 32, 8
2025/01/06 12:29:29.368, 5, 24576, 694, 23564, 32, 8
2025/01/06 12:29:29.468, 5, 24576, 694, 23564, 32, 8
2025/01/06 12:29:29.569, 5, 24576, 694, 23564, 32, 8
2025/01/06 12:29:29.670, 5, 24576, 694, 23564, 32, 8
2025/01/06 12:29:29.770, 5, 24576, 694, 23564, 32, 8
2025/01/06 12:29:29.871, 5, 24576, 694, 23564, 28, 7
2025/01/06 12:29:29.972, 5, 24576, 694, 23564, 28, 7
2025/01/06 12:29:30.072, 5, 24576, 694, 23564, 29, 7
2025/01/06 12:29:30.173, 5, 24576, 694, 23564, 29, 7
2025/01/06 12:29:30.274, 5, 24576, 694, 23564, 24, 6
2025/01/06 12:29:30.374, 5, 24576, 694, 23564, 24, 6
2025/01/06 12:29:30.475, 5, 24576, 694, 23564, 27, 7
2025/01/06 12:29:30.576, 5, 24576, 694, 23564, 27, 7
2025/01/06 12:29:30.676, 5, 24576, 694, 23564, 26, 6
2025/01/06 12:29:30.777, 5, 24576, 694, 23564, 26, 6
2025/01/06 12:29:30.878, 5, 24576, 694, 23564, 25, 6
2025/01/06 12:29:30.979, 5, 24576, 694, 23564, 25, 6
2025/01/06 12:29:31.080, 5, 24576, 694, 23564, 27, 7
2025/01/06 12:29:31.181, 5, 24576, 694, 23564, 27, 7
2025/01/06 12:29:31.282, 5, 24576, 694, 23564, 27, 7
2025/01/06 12:29:31.383, 5, 24576, 694, 23564, 27, 7
2025/01/06 12:29:31.483, 5, 24576, 694, 23564, 28, 7
2025/01/06 12:29:31.584, 5, 24576, 694, 23564, 28, 7
2025/01/06 12:29:31.685, 5, 24576, 694, 23564, 26, 6
2025/01/06 12:29:31.785, 5, 24576, 694, 23564, 26, 6
2025/01/06 12:29:31.887, 5, 24576, 694, 23564, 26, 6
2025/01/06 12:29:31.987, 5, 24576, 694, 23564, 26, 6
2025/01/06 12:29:32.088, 5, 24576, 694, 23564, 26, 6
2025/01/06 12:29:32.189, 5, 24576, 694, 23564, 26, 6
2025/01/06 12:29:32.289, 5, 24576, 694, 23564, 29, 7
2025/01/06 12:29:32.390, 5, 24576, 694, 23564, 29, 7
2025/01/06 12:29:32.491, 5, 24576, 694, 23564, 31, 8
2025/01/06 12:29:32.592, 5, 24576, 694, 23564, 31, 8
2025/01/06 12:29:32.692, 5, 24576, 694, 23564, 31, 7
2025/01/06 12:29:32.793, 5, 24576, 694, 23564, 31, 7
2025/01/06 12:29:32.894, 5, 24576, 694, 23564, 30, 7
2025/01/06 12:29:32.994, 5, 24576, 694, 23564, 30, 7
2025/01/06 12:29:33.095, 5, 24576, 694, 23564, 31, 8
2025/01/06 12:29:33.196, 5, 24576, 694, 23564, 31, 8
2025/01/06 12:29:33.296, 5, 24576, 694, 23564, 32, 8
2025/01/06 12:29:33.397, 5, 24576, 694, 23564, 32, 8
2025/01/06 12:29:33.498, 5, 24576, 694, 23564, 32, 8
2025/01/06 12:29:33.599, 5, 24576, 694, 23564, 32, 8
2025/01/06 12:29:33.700, 5, 24576, 694, 23564, 31, 8
2025/01/06 12:29:33.801, 5, 24576, 694, 23564, 31, 8
2025/01/06 12:29:33.902, 5, 24576, 694, 23564, 34, 8
2025/01/06 12:29:34.002, 5, 24576, 694, 23564, 34, 8
2025/01/06 12:29:34.103, 5, 24576, 694, 23564, 33, 8
2025/01/06 12:29:34.204, 5, 24576, 694, 23564, 33, 8
2025/01/06 12:29:34.304, 5, 24576, 694, 23564, 31, 8
2025/01/06 12:29:34.405, 5, 24576, 694, 23564, 31, 8
2025/01/06 12:29:34.506, 5, 24576, 694, 23564, 29, 7
2025/01/06 12:29:34.607, 5, 24576, 694, 23564, 29, 7
2025/01/06 12:29:34.707, 5, 24576, 694, 23564, 25, 6
2025/01/06 12:29:34.808, 5, 24576, 694, 23564, 25, 6
2025/01/06 12:29:34.909, 5, 24576, 694, 23564, 26, 6
2025/01/06 12:29:35.009, 5, 24576, 694, 23564, 26, 6
2025/01/06 12:29:35.110, 5, 24576, 694, 23564, 29, 7
2025/01/06 12:29:35.211, 5, 24576, 694, 23564, 29, 7
2025/01/06 12:29:35.312, 5, 24576, 694, 23564, 27, 6
2025/01/06 12:29:35.412, 5, 24576, 694, 23564, 27, 6
2025/01/06 12:29:35.513, 5, 24576, 694, 23564, 25, 6
2025/01/06 12:29:35.614, 5, 24576, 694, 23564, 25, 6
2025/01/06 12:29:35.715, 5, 24576, 694, 23564, 27, 6
2025/01/06 12:29:35.815, 5, 24576, 694, 23564, 27, 6
2025/01/06 12:29:35.916, 5, 24576, 694, 23564, 28, 7
2025/01/06 12:29:36.017, 5, 24576, 694, 23564, 28, 7
2025/01/06 12:29:36.118, 5, 24576, 694, 23564, 27, 7
2025/01/06 12:29:36.219, 5, 24576, 694, 23564, 27, 7
2025/01/06 12:29:36.320, 5, 24576, 694, 23564, 26, 6
2025/01/06 12:29:36.421, 5, 24576, 694, 23564, 26, 6
2025/01/06 12:29:36.522, 5, 24576, 694, 23564, 26, 6
2025/01/06 12:29:36.622, 5, 24576, 694, 23564, 26, 6
2025/01/06 12:29:36.723, 5, 24576, 694, 23564, 26, 6
2025/01/06 12:29:36.824, 5, 24576, 694, 23564, 26, 6
2025/01/06 12:29:36.924, 5, 24576, 694, 23564, 27, 6
2025/01/06 12:29:37.025, 5, 24576, 694, 23564, 27, 6
2025/01/06 12:29:37.126, 5, 24576, 694, 23564, 26, 6
2025/01/06 12:29:37.226, 5, 24576, 694, 23564, 26, 6
2025/01/06 12:29:37.327, 5, 24576, 694, 23564, 27, 6
2025/01/06 12:29:37.428, 5, 24576, 694, 23564, 27, 6
2025/01/06 12:29:37.528, 5, 24576, 694, 23564, 26, 6
2025/01/06 12:29:37.629, 5, 24576, 694, 23564, 26, 6
2025/01/06 12:29:37.730, 5, 24576, 694, 23564, 26, 6
2025/01/06 12:29:37.831, 5, 24576, 694, 23564, 26, 6
2025/01/06 12:29:37.931, 5, 24576, 694, 23564, 26, 6
2025/01/06 12:29:38.033, 5, 24576, 694, 23564, 26, 6
2025/01/06 12:29:38.133, 5, 24576, 694, 23564, 29, 7
2025/01/06 12:29:38.234, 5, 24576, 694, 23564, 29, 7
2025/01/06 12:29:38.335, 5, 24576, 694, 23564, 30, 7
2025/01/06 12:29:38.435, 5, 24576, 694, 23564, 30, 7
2025/01/06 12:29:38.536, 5, 24576, 694, 23564, 28, 7
2025/01/06 12:29:38.637, 5, 24576, 694, 23564, 28, 7
2025/01/06 12:29:38.738, 5, 24576, 694, 23564, 23, 6
2025/01/06 12:29:38.839, 5, 24576, 694, 23564, 23, 6
2025/01/06 12:29:38.940, 5, 24576, 694, 23564, 25, 6
2025/01/06 12:29:39.041, 5, 24576, 694, 23564, 25, 6
2025/01/06 12:29:39.141, 5, 24576, 694, 23564, 27, 7
2025/01/06 12:29:39.242, 5, 24576, 694, 23564, 27, 7
2025/01/06 12:29:39.343, 5, 24576, 694, 23564, 24, 6
2025/01/06 12:29:39.443, 5, 24576, 694, 23564, 24, 6
2025/01/06 12:29:39.544, 5, 24576, 694, 23564, 24, 6
2025/01/06 12:29:39.645, 5, 24576, 694, 23564, 24, 6
2025/01/06 12:29:39.746, 5, 24576, 694, 23564, 23, 5
2025/01/06 12:29:39.846, 5, 24576, 694, 23564, 23, 5
2025/01/06 12:29:39.947, 5, 24576, 694, 23564, 26, 6
2025/01/06 12:29:40.048, 5, 24576, 694, 23564, 26, 6
2025/01/06 12:29:40.148, 5, 24576, 694, 23564, 26, 6
2025/01/06 12:29:40.249, 5, 24576, 694, 23564, 26, 6
2025/01/06 12:29:40.350, 5, 24576, 694, 23564, 26, 6
2025/01/06 12:29:40.451, 5, 24576, 694, 23564, 26, 6
2025/01/06 12:29:40.551, 5, 24576, 694, 23564, 26, 6
2025/01/06 12:29:40.652, 5, 24576, 694, 23564, 26, 6
2025/01/06 12:29:40.753, 5, 24576, 694, 23564, 26, 6
2025/01/06 12:29:40.853, 5, 24576, 694, 23564, 26, 6
2025/01/06 12:29:40.954, 5, 24576, 694, 23564, 26, 6
2025/01/06 12:29:41.055, 5, 24576, 694, 23564, 26, 6
2025/01/06 12:29:41.156, 5, 24576, 694, 23564, 26, 6
2025/01/06 12:29:41.257, 5, 24576, 694, 23564, 26, 6
2025/01/06 12:29:41.363, 5, 24576, 694, 23564, 26, 6
2025/01/06 12:29:41.464, 5, 24576, 694, 23564, 28, 7
2025/01/06 12:29:41.564, 5, 24576, 694, 23564, 28, 7
2025/01/06 12:29:41.665, 5, 24576, 694, 23564, 13, 3
2025/01/06 12:29:41.766, 5, 24576, 694, 23564, 13, 3
2025/01/06 12:29:41.866, 5, 24576, 694, 23564, 10, 3
2025/01/06 12:29:41.967, 5, 24576, 694, 23564, 10, 3
2025/01/06 12:29:42.068, 5, 24576, 694, 23564, 26, 6
2025/01/06 12:29:42.168, 5, 24576, 694, 23564, 26, 6
2025/01/06 12:29:42.269, 5, 24576, 694, 23564, 28, 7
2025/01/06 12:29:42.370, 5, 24576, 694, 23564, 28, 7
2025/01/06 12:29:42.470, 5, 24576, 694, 23564, 28, 7
2025/01/06 12:29:42.571, 5, 24576, 694, 23564, 28, 7
2025/01/06 12:29:42.672, 5, 24576, 694, 23564, 25, 6
2025/01/06 12:29:42.772, 5, 24576, 694, 23564, 25, 6
2025/01/06 12:29:42.873, 5, 24576, 694, 23564, 25, 6
2025/01/06 12:29:42.974, 5, 24576, 694, 23564, 25, 6
2025/01/06 12:29:43.074, 5, 24576, 694, 23564, 25, 6
2025/01/06 12:29:43.175, 5, 24576, 694, 23564, 25, 6
2025/01/06 12:29:43.276, 5, 24576, 694, 23564, 24, 6
2025/01/06 12:29:43.377, 5, 24576, 694, 23564, 24, 6
2025/01/06 12:29:43.478, 5, 24576, 694, 23564, 28, 7
2025/01/06 12:29:43.579, 5, 24576, 694, 23564, 28, 7
2025/01/06 12:29:43.679, 5, 24576, 694, 23564, 30, 7
2025/01/06 12:29:43.780, 5, 24576, 694, 23564, 30, 7
2025/01/06 12:29:43.881, 5, 24576, 694, 23564, 25, 6
2025/01/06 12:29:43.981, 5, 24576, 694, 23564, 25, 6
2025/01/06 12:29:44.082, 5, 24576, 694, 23564, 26, 6
2025/01/06 12:29:44.183, 5, 24576, 694, 23564, 26, 6
2025/01/06 12:29:44.283, 5, 24576, 694, 23564, 27, 7
2025/01/06 12:29:44.384, 5, 24576, 694, 23564, 27, 7
2025/01/06 12:29:44.485, 5, 24576, 694, 23564, 25, 6
2025/01/06 12:29:44.585, 5, 24576, 694, 23564, 25, 6
2025/01/06 12:29:44.686, 5, 24576, 694, 23564, 28, 7
2025/01/06 12:29:44.787, 5, 24576, 694, 23564, 28, 7
2025/01/06 12:29:44.887, 5, 24576, 694, 23564, 29, 7
2025/01/06 12:29:44.988, 5, 24576, 694, 23564, 29, 7
2025/01/06 12:29:45.089, 5, 24576, 694, 23564, 28, 7
2025/01/06 12:29:45.189, 5, 24576, 694, 23564, 28, 7
2025/01/06 12:29:45.290, 5, 24576, 694, 23564, 24, 6
2025/01/06 12:29:45.391, 5, 24576, 694, 23564, 24, 6
2025/01/06 12:29:45.492, 5, 24576, 694, 23564, 26, 6
2025/01/06 12:29:45.592, 5, 24576, 694, 23564, 26, 6
2025/01/06 12:29:45.693, 5, 24576, 694, 23564, 27, 7
2025/01/06 12:29:45.794, 5, 24576, 694, 23564, 27, 7
2025/01/06 12:29:45.895, 5, 24576, 694, 23564, 29, 7
2025/01/06 12:29:45.996, 5, 24576, 694, 23564, 29, 7
2025/01/06 12:29:46.097, 5, 24576, 694, 23564, 29, 7
2025/01/06 12:29:46.197, 5, 24576, 694, 23564, 29, 7
2025/01/06 12:29:46.298, 5, 24576, 694, 23564, 26, 6
2025/01/06 12:29:46.399, 5, 24576, 694, 23564, 26, 6
2025/01/06 12:29:46.500, 5, 24576, 694, 23564, 24, 6
2025/01/06 12:29:46.600, 5, 24576, 694, 23564, 24, 6
2025/01/06 12:29:46.701, 5, 24576, 694, 23564, 25, 6
2025/01/06 12:29:46.802, 5, 24576, 694, 23564, 25, 6
2025/01/06 12:29:46.902, 5, 24576, 694, 23564, 25, 6
2025/01/06 12:29:47.003, 5, 24576, 694, 23564, 25, 6
2025/01/06 12:29:47.104, 5, 24576, 694, 23564, 24, 6
2025/01/06 12:29:47.205, 5, 24576, 694, 23564, 24, 6
2025/01/06 12:29:47.305, 5, 24576, 694, 23564, 26, 6
2025/01/06 12:29:47.406, 5, 24576, 694, 23564, 26, 6
2025/01/06 12:29:47.507, 5, 24576, 694, 23564, 24, 6
2025/01/06 12:29:47.608, 5, 24576, 694, 23564, 24, 6
2025/01/06 12:29:47.708, 5, 24576, 694, 23564, 25, 6
2025/01/06 12:29:47.809, 5, 24576, 694, 23564, 25, 6
2025/01/06 12:29:47.910, 5, 24576, 694, 23564, 25, 6
2025/01/06 12:29:48.011, 5, 24576, 694, 23564, 25, 6
2025/01/06 12:29:48.111, 5, 24576, 694, 23564, 23, 6
2025/01/06 12:29:48.212, 5, 24576, 694, 23564, 23, 6
2025/01/06 12:29:48.313, 5, 24576, 694, 23564, 24, 6
2025/01/06 12:29:48.414, 5, 24576, 694, 23564, 24, 6
2025/01/06 12:29:48.515, 5, 24576, 694, 23564, 26, 6
2025/01/06 12:29:48.616, 5, 24576, 694, 23564, 26, 6
2025/01/06 12:29:48.717, 5, 24576, 694, 23564, 27, 7
2025/01/06 12:29:48.818, 5, 24576, 694, 23564, 27, 7
2025/01/06 12:29:48.918, 5, 24576, 694, 23564, 33, 8
2025/01/06 12:29:49.019, 5, 24576, 694, 23564, 33, 8
2025/01/06 12:29:49.120, 5, 24576, 694, 23564, 37, 9
2025/01/06 12:29:49.220, 5, 24576, 694, 23564, 37, 9
2025/01/06 12:29:49.321, 5, 24576, 694, 23564, 32, 8
2025/01/06 12:29:49.422, 5, 24576, 694, 23564, 32, 8
2025/01/06 12:29:49.523, 5, 24576, 694, 23564, 29, 7
2025/01/06 12:29:49.623, 5, 24576, 694, 23564, 29, 7
2025/01/06 12:29:49.724, 5, 24576, 694, 23564, 26, 6
2025/01/06 12:29:49.825, 5, 24576, 694, 23564, 26, 6
2025/01/06 12:29:49.926, 5, 24576, 694, 23564, 25, 6
2025/01/06 12:29:50.026, 5, 24576, 694, 23564, 25, 6
2025/01/06 12:29:50.127, 5, 24576, 694, 23564, 25, 6
2025/01/06 12:29:50.228, 5, 24576, 694, 23564, 25, 6
2025/01/06 12:29:50.328, 5, 24576, 694, 23564, 26, 6
2025/01/06 12:29:50.429, 5, 24576, 694, 23564, 26, 6
2025/01/06 12:29:50.530, 5, 24576, 694, 23564, 25, 6
2025/01/06 12:29:50.630, 5, 24576, 694, 23564, 25, 6
2025/01/06 12:29:50.731, 5, 24576, 694, 23564, 34, 8
2025/01/06 12:29:50.832, 5, 24576, 694, 23564, 34, 8
2025/01/06 12:29:50.933, 5, 24576, 694, 23564, 37, 9
2025/01/06 12:29:51.034, 5, 24576, 694, 23564, 37, 9
2025/01/06 12:29:51.135, 5, 24576, 694, 23564, 36, 9
2025/01/06 12:29:51.236, 5, 24576, 694, 23564, 36, 9
2025/01/06 12:29:51.336, 5, 24576, 694, 23564, 27, 7
2025/01/06 12:29:51.437, 5, 24576, 694, 23564, 27, 7
2025/01/06 12:29:51.538, 5, 24576, 694, 23564, 25, 6
2025/01/06 12:29:51.638, 5, 24576, 694, 23564, 25, 6
2025/01/06 12:29:51.739, 5, 24576, 694, 23564, 24, 6
2025/01/06 12:29:51.840, 5, 24576, 694, 23564, 24, 6
2025/01/06 12:29:51.941, 5, 24576, 694, 23564, 26, 6
2025/01/06 12:29:52.041, 5, 24576, 694, 23564, 26, 6
2025/01/06 12:29:52.142, 5, 24576, 694, 23564, 26, 6
2025/01/06 12:29:52.243, 5, 24576, 694, 23564, 26, 6
2025/01/06 12:29:52.344, 5, 24576, 694, 23564, 26, 6
2025/01/06 12:29:52.444, 5, 24576, 694, 23564, 26, 6
2025/01/06 12:29:52.545, 5, 24576, 694, 23564, 27, 6
2025/01/06 12:29:52.646, 5, 24576, 694, 23564, 27, 6
2025/01/06 12:29:52.747, 5, 24576, 694, 23564, 31, 7
2025/01/06 12:29:52.847, 5, 24576, 694, 23564, 31, 7
2025/01/06 12:29:52.948, 5, 24576, 694, 23564, 27, 7
2025/01/06 12:29:53.049, 5, 24576, 694, 23564, 27, 7
2025/01/06 12:29:53.149, 5, 24576, 694, 23564, 27, 6
2025/01/06 12:29:53.250, 5, 24576, 694, 23564, 27, 6
2025/01/06 12:29:53.351, 5, 24576, 694, 23564, 25, 6
2025/01/06 12:29:53.452, 5, 24576, 694, 23564, 25, 6
2025/01/06 12:29:53.559, 5, 24576, 694, 23564, 25, 6
2025/01/06 12:29:53.659, 5, 24576, 694, 23564, 25, 6
2025/01/06 12:29:53.760, 5, 24576, 694, 23564, 25, 6
2025/01/06 12:29:53.861, 5, 24576, 694, 23564, 27, 6
2025/01/06 12:29:53.961, 5, 24576, 694, 23564, 27, 6
2025/01/06 12:29:54.062, 5, 24576, 694, 23564, 26, 6
2025/01/06 12:29:54.162, 5, 24576, 694, 23564, 26, 6
2025/01/06 12:29:54.263, 5, 24576, 694, 23564, 26, 6
2025/01/06 12:29:54.364, 5, 24576, 694, 23564, 26, 6
2025/01/06 12:29:54.464, 5, 24576, 694, 23564, 25, 6
2025/01/06 12:29:54.565, 5, 24576, 694, 23564, 25, 6
2025/01/06 12:29:54.666, 5, 24576, 694, 23564, 26, 6
2025/01/06 12:29:54.766, 5, 24576, 694, 23564, 26, 6
2025/01/06 12:29:54.867, 5, 24576, 694, 23564, 25, 6
2025/01/06 12:29:54.968, 5, 24576, 694, 23564, 25, 6
2025/01/06 12:29:55.068, 5, 24576, 694, 23564, 25, 6
2025/01/06 12:29:55.169, 5, 24576, 694, 23564, 25, 6
2025/01/06 12:29:55.270, 5, 24576, 694, 23564, 26, 6
2025/01/06 12:29:55.370, 5, 24576, 694, 23564, 26, 6
2025/01/06 12:29:55.471, 5, 24576, 694, 23564, 27, 6
2025/01/06 12:29:55.572, 5, 24576, 694, 23564, 27, 6
2025/01/06 12:29:55.673, 5, 24576, 694, 23564, 24, 6
2025/01/06 12:29:55.774, 5, 24576, 694, 23564, 24, 6
2025/01/06 12:29:55.875, 5, 24576, 694, 23564, 27, 6
2025/01/06 12:29:55.975, 5, 24576, 694, 23564, 27, 6
2025/01/06 12:29:56.076, 5, 24576, 694, 23564, 26, 6
2025/01/06 12:29:56.177, 5, 24576, 694, 23564, 26, 6
2025/01/06 12:29:56.278, 5, 24576, 694, 23564, 25, 6
2025/01/06 12:29:56.378, 5, 24576, 694, 23564, 25, 6
2025/01/06 12:29:56.479, 5, 24576, 694, 23564, 25, 6
2025/01/06 12:29:56.580, 5, 24576, 694, 23564, 25, 6
2025/01/06 12:29:56.680, 5, 24576, 694, 23564, 24, 6
2025/01/06 12:29:56.781, 5, 24576, 694, 23564, 24, 6
2025/01/06 12:29:56.882, 5, 24576, 694, 23564, 25, 6
2025/01/06 12:29:56.983, 5, 24576, 694, 23564, 25, 6
2025/01/06 12:29:57.083, 5, 24576, 694, 23564, 26, 6
2025/01/06 12:29:57.184, 5, 24576, 694, 23564, 26, 6
2025/01/06 12:29:57.285, 5, 24576, 694, 23564, 26, 6
2025/01/06 12:29:57.385, 5, 24576, 694, 23564, 26, 6
2025/01/06 12:29:57.486, 5, 24576, 694, 23564, 26, 6
2025/01/06 12:29:57.587, 5, 24576, 694, 23564, 26, 6
2025/01/06 12:29:57.687, 5, 24576, 694, 23564, 26, 6
2025/01/06 12:29:57.788, 5, 24576, 694, 23564, 26, 6
2025/01/06 12:29:57.889, 5, 24576, 694, 23564, 27, 6
2025/01/06 12:29:57.989, 5, 24576, 694, 23564, 27, 6
2025/01/06 12:29:58.090, 5, 24576, 694, 23564, 23, 6
2025/01/06 12:29:58.191, 5, 24576, 694, 23564, 23, 6
2025/01/06 12:29:58.292, 5, 24576, 694, 23564, 29, 7
2025/01/06 12:29:58.393, 5, 24576, 694, 23564, 29, 7
2025/01/06 12:29:58.494, 5, 24576, 694, 23564, 26, 6
2025/01/06 12:29:58.595, 5, 24576, 694, 23564, 26, 6
2025/01/06 12:29:58.695, 5, 24576, 694, 23564, 26, 6
2025/01/06 12:29:58.796, 5, 24576, 694, 23564, 26, 6
2025/01/06 12:29:58.897, 5, 24576, 694, 23564, 28, 7
2025/01/06 12:29:58.997, 5, 24576, 694, 23564, 28, 7
2025/01/06 12:29:59.098, 5, 24576, 694, 23564, 31, 7
2025/01/06 12:29:59.199, 5, 24576, 694, 23564, 31, 7
2025/01/06 12:29:59.300, 5, 24576, 694, 23564, 37, 9
2025/01/06 12:29:59.400, 5, 24576, 694, 23564, 37, 9
2025/01/06 12:29:59.501, 5, 24576, 694, 23564, 27, 7
2025/01/06 12:29:59.602, 5, 24576, 694, 23564, 27, 7
2025/01/06 12:29:59.702, 5, 24576, 694, 23564, 25, 6
2025/01/06 12:29:59.803, 5, 24576, 694, 23564, 25, 6
2025/01/06 12:29:59.903, 5, 24576, 694, 23564, 27, 7
2025/01/06 12:30:00.004, 5, 24576, 694, 23564, 27, 7
2025/01/06 12:30:00.105, 5, 24576, 694, 23564, 25, 6
2025/01/06 12:30:00.206, 5, 24576, 694, 23564, 25, 6
2025/01/06 12:30:00.306, 5, 24576, 694, 23564, 25, 6
2025/01/06 12:30:00.407, 5, 24576, 694, 23564, 25, 6
2025/01/06 12:30:00.508, 5, 24576, 694, 23564, 25, 6
2025/01/06 12:30:00.608, 5, 24576, 694, 23564, 25, 6
2025/01/06 12:30:00.709, 5, 24576, 694, 23564, 27, 7
2025/01/06 12:30:00.810, 5, 24576, 694, 23564, 27, 7
2025/01/06 12:30:00.911, 5, 24576, 694, 23564, 24, 6
2025/01/06 12:30:01.012, 5, 24576, 694, 23564, 24, 6
2025/01/06 12:30:01.113, 5, 24576, 694, 23564, 27, 7
2025/01/06 12:30:01.214, 5, 24576, 694, 23564, 27, 7
2025/01/06 12:30:01.314, 5, 24576, 694, 23564, 25, 6
2025/01/06 12:30:01.415, 5, 24576, 694, 23564, 25, 6
2025/01/06 12:30:01.516, 5, 24576, 694, 23564, 24, 6
2025/01/06 12:30:01.616, 5, 24576, 694, 23564, 24, 6
2025/01/06 12:30:01.717, 5, 24576, 694, 23564, 27, 6
2025/01/06 12:30:01.818, 5, 24576, 694, 23564, 27, 6
2025/01/06 12:30:01.918, 5, 24576, 694, 23564, 26, 6
2025/01/06 12:30:02.019, 5, 24576, 694, 23564, 26, 6
2025/01/06 12:30:02.120, 5, 24576, 694, 23564, 26, 6
2025/01/06 12:30:02.220, 5, 24576, 694, 23564, 26, 6
2025/01/06 12:30:02.321, 5, 24576, 694, 23564, 24, 6
2025/01/06 12:30:02.422, 5, 24576, 694, 23564, 24, 6
2025/01/06 12:30:02.522, 5, 24576, 694, 23564, 26, 6
2025/01/06 12:30:02.623, 5, 24576, 694, 23564, 26, 6
2025/01/06 12:30:02.724, 5, 24576, 694, 23564, 25, 6
2025/01/06 12:30:02.825, 5, 24576, 694, 23564, 25, 6
2025/01/06 12:30:02.925, 5, 24576, 694, 23564, 25, 6
2025/01/06 12:30:03.026, 5, 24576, 694, 23564, 25, 6
2025/01/06 12:30:03.127, 5, 24576, 694, 23564, 24, 6
2025/01/06 12:30:03.227, 5, 24576, 694, 23564, 24, 6
2025/01/06 12:30:03.328, 5, 24576, 694, 23564, 25, 6
2025/01/06 12:30:03.429, 5, 24576, 694, 23564, 25, 6
2025/01/06 12:30:03.531, 5, 24576, 694, 23564, 25, 6
2025/01/06 12:30:03.632, 5, 24576, 694, 23564, 25, 6
2025/01/06 12:30:03.732, 5, 24576, 694, 23564, 25, 6
2025/01/06 12:30:03.833, 5, 24576, 694, 23564, 25, 6
2025/01/06 12:30:03.934, 5, 24576, 694, 23564, 25, 6
2025/01/06 12:30:04.035, 5, 24576, 694, 23564, 25, 6
2025/01/06 12:30:04.135, 5, 24576, 694, 23564, 26, 6
2025/01/06 12:30:04.236, 5, 24576, 694, 23564, 26, 6
2025/01/06 12:30:04.337, 5, 24576, 694, 23564, 24, 6
2025/01/06 12:30:04.437, 5, 24576, 694, 23564, 24, 6
2025/01/06 12:30:04.538, 5, 24576, 694, 23564, 28, 7
2025/01/06 12:30:04.639, 5, 24576, 694, 23564, 28, 7
2025/01/06 12:30:04.739, 5, 24576, 694, 23564, 25, 6
2025/01/06 12:30:04.840, 5, 24576, 694, 23564, 25, 6
2025/01/06 12:30:04.941, 5, 24576, 694, 23564, 28, 7
2025/01/06 12:30:05.041, 5, 24576, 694, 23564, 28, 7
2025/01/06 12:30:05.142, 5, 24576, 694, 23564, 26, 6
2025/01/06 12:30:05.243, 5, 24576, 694, 23564, 26, 6
2025/01/06 12:30:05.344, 5, 24576, 694, 23564, 23, 6
2025/01/06 12:30:05.444, 5, 24576, 694, 23564, 23, 6
2025/01/06 12:30:05.545, 5, 24576, 694, 23564, 28, 7
2025/01/06 12:30:05.646, 5, 24576, 694, 23564, 28, 7
2025/01/06 12:30:05.747, 5, 24576, 694, 23564, 24, 6
2025/01/06 12:30:05.847, 5, 24576, 694, 23564, 24, 6
2025/01/06 12:30:05.948, 5, 24576, 694, 23564, 26, 6
2025/01/06 12:30:06.049, 5, 24576, 694, 23564, 23, 6
2025/01/06 12:30:06.155, 5, 24576, 694, 23564, 23, 6
2025/01/06 12:30:06.256, 5, 24576, 694, 23564, 26, 6
2025/01/06 12:30:06.356, 5, 24576, 694, 23564, 26, 6
2025/01/06 12:30:06.457, 5, 24576, 694, 23564, 25, 6
2025/01/06 12:30:06.558, 5, 24576, 694, 23564, 25, 6
2025/01/06 12:30:06.658, 5, 24576, 694, 23564, 25, 6
2025/01/06 12:30:06.759, 5, 24576, 694, 23564, 25, 6
2025/01/06 12:30:06.860, 5, 24576, 694, 23564, 25, 6
2025/01/06 12:30:06.960, 5, 24576, 694, 23564, 25, 6
2025/01/06 12:30:07.061, 5, 24576, 694, 23564, 24, 6
2025/01/06 12:30:07.161, 5, 24576, 694, 23564, 24, 6
2025/01/06 12:30:07.262, 5, 24576, 694, 23564, 25, 6
2025/01/06 12:30:07.363, 5, 24576, 694, 23564, 25, 6
2025/01/06 12:30:07.464, 5, 24576, 694, 23564, 26, 6
2025/01/06 12:30:07.564, 5, 24576, 694, 23564, 26, 6
2025/01/06 12:30:07.665, 5, 24576, 694, 23564, 26, 6
2025/01/06 12:30:07.765, 5, 24576, 694, 23564, 26, 6
2025/01/06 12:30:07.866, 5, 24576, 694, 23564, 25, 6
2025/01/06 12:30:07.967, 5, 24576, 694, 23564, 25, 6
2025/01/06 12:30:08.068, 5, 24576, 694, 23564, 26, 6
2025/01/06 12:30:08.169, 5, 24576, 694, 23564, 26, 6
2025/01/06 12:30:08.270, 5, 24576, 694, 23564, 26, 6
2025/01/06 12:30:08.371, 5, 24576, 694, 23564, 26, 6
2025/01/06 12:30:08.471, 5, 24576, 694, 23564, 24, 6
2025/01/06 12:30:08.572, 5, 24576, 694, 23564, 24, 6
2025/01/06 12:30:08.673, 5, 24576, 694, 23564, 26, 6
2025/01/06 12:30:08.773, 5, 24576, 694, 23564, 26, 6
2025/01/06 12:30:08.874, 5, 24576, 694, 23564, 24, 6
2025/01/06 12:30:08.975, 5, 24576, 694, 23564, 24, 6
2025/01/06 12:30:09.076, 5, 24576, 694, 23564, 23, 6
2025/01/06 12:30:09.176, 5, 24576, 694, 23564, 23, 6
2025/01/06 12:30:09.277, 5, 24576, 694, 23564, 25, 6
2025/01/06 12:30:09.378, 5, 24576, 694, 23564, 25, 6
2025/01/06 12:30:09.478, 5, 24576, 694, 23564, 24, 6
2025/01/06 12:30:09.579, 5, 24576, 694, 23564, 24, 6
2025/01/06 12:30:09.680, 5, 24576, 694, 23564, 29, 7
2025/01/06 12:30:09.780, 5, 24576, 694, 23564, 29, 7
2025/01/06 12:30:09.881, 5, 24576, 694, 23564, 28, 7
2025/01/06 12:30:09.982, 5, 24576, 694, 23564, 28, 7
2025/01/06 12:30:10.083, 5, 24576, 694, 23564, 27, 7
2025/01/06 12:30:10.183, 5, 24576, 694, 23564, 27, 7
2025/01/06 12:30:10.284, 5, 24576, 694, 23564, 24, 6
2025/01/06 12:30:10.385, 5, 24576, 694, 23564, 24, 6
2025/01/06 12:30:10.485, 5, 24576, 694, 23564, 34, 8
2025/01/06 12:30:10.586, 5, 24576, 694, 23564, 34, 8
2025/01/06 12:30:10.687, 5, 24576, 694, 23564, 32, 8
2025/01/06 12:30:10.789, 5, 24576, 694, 23564, 32, 8
2025/01/06 12:30:10.889, 5, 24576, 694, 23564, 27, 6
2025/01/06 12:30:10.990, 5, 24576, 694, 23564, 27, 6
2025/01/06 12:30:11.091, 5, 24576, 694, 23564, 24, 6
2025/01/06 12:30:11.191, 5, 24576, 694, 23564, 24, 6
2025/01/06 12:30:11.292, 5, 24576, 694, 23564, 24, 6
2025/01/06 12:30:11.393, 5, 24576, 694, 23564, 24, 6
2025/01/06 12:30:11.494, 5, 24576, 694, 23564, 25, 6
2025/01/06 12:30:11.595, 5, 24576, 694, 23564, 25, 6
2025/01/06 12:30:11.695, 5, 24576, 694, 23564, 27, 7
2025/01/06 12:30:11.796, 5, 24576, 694, 23564, 27, 7
2025/01/06 12:30:11.897, 5, 24576, 694, 23564, 26, 6
2025/01/06 12:30:11.997, 5, 24576, 694, 23564, 26, 6
2025/01/06 12:30:12.098, 5, 24576, 694, 23564, 27, 7
2025/01/06 12:30:12.199, 5, 24576, 694, 23564, 27, 7
2025/01/06 12:30:12.300, 5, 24576, 694, 23564, 29, 7
2025/01/06 12:30:12.400, 5, 24576, 694, 23564, 29, 7
2025/01/06 12:30:12.501, 5, 24576, 694, 23564, 27, 6
2025/01/06 12:30:12.602, 5, 24576, 694, 23564, 27, 6
2025/01/06 12:30:12.702, 5, 24576, 694, 23564, 23, 6
2025/01/06 12:30:12.803, 5, 24576, 694, 23564, 23, 6
2025/01/06 12:30:12.904, 5, 24576, 694, 23564, 23, 5
2025/01/06 12:30:13.005, 5, 24576, 694, 23564, 23, 5
2025/01/06 12:30:13.105, 5, 24576, 694, 23564, 0, 0
2025/01/06 12:30:13.207, 5, 24576, 694, 23564, 0, 0
2025/01/06 12:30:13.307, 5, 24576, 694, 23564, 26, 6
2025/01/06 12:30:13.408, 5, 24576, 694, 23564, 26, 6
2025/01/06 12:30:13.509, 5, 24576, 694, 23564, 29, 7
2025/01/06 12:30:13.610, 5, 24576, 694, 23564, 29, 7
2025/01/06 12:30:13.711, 5, 24576, 694, 23564, 25, 6
2025/01/06 12:30:13.811, 5, 24576, 694, 23564, 25, 6
2025/01/06 12:30:13.912, 5, 24576, 694, 23564, 27, 6
2025/01/06 12:30:14.013, 5, 24576, 694, 23564, 27, 6
2025/01/06 12:30:14.114, 5, 24576, 694, 23564, 25, 6
2025/01/06 12:30:14.214, 5, 24576, 694, 23564, 25, 6
2025/01/06 12:30:14.315, 5, 24576, 694, 23564, 23, 6
2025/01/06 12:30:14.416, 5, 24576, 694, 23564, 23, 6
2025/01/06 12:30:14.516, 5, 24576, 694, 23564, 24, 6
2025/01/06 12:30:14.617, 5, 24576, 694, 23564, 24, 6
2025/01/06 12:30:14.718, 5, 24576, 694, 23564, 22, 5
2025/01/06 12:30:14.818, 5, 24576, 694, 23564, 22, 5
2025/01/06 12:30:14.919, 5, 24576, 694, 23564, 24, 6
2025/01/06 12:30:15.020, 5, 24576, 694, 23564, 24, 6
2025/01/06 12:30:15.120, 5, 24576, 694, 23564, 22, 5
2025/01/06 12:30:15.221, 5, 24576, 694, 23564, 22, 5
2025/01/06 12:30:15.322, 5, 24576, 694, 23564, 24, 6
2025/01/06 12:30:15.423, 5, 24576, 694, 23564, 24, 6
2025/01/06 12:30:15.523, 5, 24576, 694, 23564, 26, 6
2025/01/06 12:30:15.624, 5, 24576, 694, 23564, 26, 6
2025/01/06 12:30:15.725, 5, 24576, 694, 23564, 30, 7
2025/01/06 12:30:15.826, 5, 24576, 694, 23564, 30, 7
2025/01/06 12:30:15.927, 5, 24576, 694, 23564, 24, 6
2025/01/06 12:30:16.028, 5, 24576, 694, 23564, 24, 6
2025/01/06 12:30:16.128, 5, 24576, 694, 23564, 23, 5
2025/01/06 12:30:16.229, 5, 24576, 694, 23564, 23, 5
2025/01/06 12:30:16.330, 5, 24576, 694, 23564, 23, 6
2025/01/06 12:30:16.431, 5, 24576, 694, 23564, 23, 6
2025/01/06 12:30:16.531, 5, 24576, 694, 23564, 24, 6
2025/01/06 12:30:16.632, 5, 24576, 694, 23564, 24, 6
2025/01/06 12:30:16.733, 5, 24576, 694, 23564, 22, 5
2025/01/06 12:30:16.833, 5, 24576, 694, 23564, 22, 5
2025/01/06 12:30:16.934, 5, 24576, 694, 23564, 24, 6
2025/01/06 12:30:17.035, 5, 24576, 694, 23564, 24, 6
2025/01/06 12:30:17.136, 5, 24576, 694, 23564, 22, 5
2025/01/06 12:30:17.236, 5, 24576, 694, 23564, 22, 5
2025/01/06 12:30:17.337, 5, 24576, 694, 23564, 25, 6
2025/01/06 12:30:17.438, 5, 24576, 694, 23564, 25, 6
2025/01/06 12:30:17.539, 5, 24576, 694, 23564, 23, 6
2025/01/06 12:30:17.639, 5, 24576, 694, 23564, 23, 6
2025/01/06 12:30:17.740, 5, 24576, 694, 23564, 22, 5
2025/01/06 12:30:17.841, 5, 24576, 694, 23564, 22, 5
2025/01/06 12:30:17.941, 5, 24576, 694, 23564, 22, 5
2025/01/06 12:30:18.042, 5, 24576, 694, 23564, 22, 5
2025/01/06 12:30:18.143, 5, 24576, 694, 23564, 24, 6
2025/01/06 12:30:18.244, 5, 24576, 694, 23564, 23, 5
2025/01/06 12:30:18.348, 5, 24576, 694, 23564, 23, 5
2025/01/06 12:30:18.448, 5, 24576, 694, 23564, 22, 5
2025/01/06 12:30:18.551, 5, 24576, 694, 23564, 22, 5
2025/01/06 12:30:18.652, 5, 24576, 694, 23564, 23, 6
2025/01/06 12:30:18.753, 5, 24576, 694, 23564, 23, 6
2025/01/06 12:30:18.853, 5, 24576, 694, 23564, 24, 6
2025/01/06 12:30:18.954, 5, 24576, 694, 23564, 24, 6
2025/01/06 12:30:19.055, 5, 24576, 694, 23564, 23, 5
2025/01/06 12:30:19.155, 5, 24576, 694, 23564, 23, 5
2025/01/06 12:30:19.256, 5, 24576, 694, 23564, 21, 5
2025/01/06 12:30:19.357, 5, 24576, 694, 23564, 21, 5
2025/01/06 12:30:19.457, 5, 24576, 694, 23564, 24, 6
2025/01/06 12:30:19.558, 5, 24576, 694, 23564, 24, 6
2025/01/06 12:30:19.659, 5, 24576, 694, 23564, 31, 8
2025/01/06 12:30:19.759, 5, 24576, 694, 23564, 31, 8
2025/01/06 12:30:19.860, 5, 24576, 694, 23564, 24, 6
2025/01/06 12:30:19.961, 5, 24576, 694, 23564, 24, 6
2025/01/06 12:30:20.062, 5, 24576, 694, 23564, 25, 6
2025/01/06 12:30:20.162, 5, 24576, 694, 23564, 25, 6
2025/01/06 12:30:20.263, 5, 24576, 694, 23564, 23, 6
2025/01/06 12:30:20.364, 5, 24576, 694, 23564, 23, 6
2025/01/06 12:30:20.465, 5, 24576, 694, 23564, 23, 6
2025/01/06 12:30:20.566, 5, 24576, 694, 23564, 23, 6
2025/01/06 12:30:20.667, 5, 24576, 694, 23564, 23, 6
2025/01/06 12:30:20.768, 5, 24576, 694, 23564, 23, 6
2025/01/06 12:30:20.869, 5, 24576, 694, 23564, 22, 5
2025/01/06 12:30:20.970, 5, 24576, 694, 23564, 22, 5
2025/01/06 12:30:21.071, 5, 24576, 694, 23564, 22, 5
2025/01/06 12:30:21.171, 5, 24576, 694, 23564, 22, 5
2025/01/06 12:30:21.272, 5, 24576, 694, 23564, 22, 5
2025/01/06 12:30:21.373, 5, 24576, 694, 23564, 22, 5
2025/01/06 12:30:21.473, 5, 24576, 694, 23564, 24, 6
2025/01/06 12:30:21.574, 5, 24576, 694, 23564, 24, 6
2025/01/06 12:30:21.675, 5, 24576, 694, 23564, 26, 6
2025/01/06 12:30:21.776, 5, 24576, 694, 23564, 26, 6
2025/01/06 12:30:21.876, 5, 24576, 694, 23564, 26, 6
2025/01/06 12:30:21.977, 5, 24576, 694, 23564, 26, 6
2025/01/06 12:30:22.078, 5, 24576, 694, 23564, 25, 6
2025/01/06 12:30:22.178, 5, 24576, 694, 23564, 25, 6
2025/01/06 12:30:22.279, 5, 24576, 694, 23564, 27, 7
2025/01/06 12:30:22.380, 5, 24576, 694, 23564, 27, 7
2025/01/06 12:30:22.480, 5, 24576, 694, 23564, 25, 6
2025/01/06 12:30:22.581, 5, 24576, 694, 23564, 25, 6
2025/01/06 12:30:22.682, 5, 24576, 694, 23564, 24, 6
2025/01/06 12:30:22.783, 5, 24576, 694, 23564, 24, 6
2025/01/06 12:30:22.884, 5, 24576, 694, 23564, 25, 6
2025/01/06 12:30:22.985, 5, 24576, 694, 23564, 25, 6
2025/01/06 12:30:23.086, 5, 24576, 694, 23564, 24, 6
2025/01/06 12:30:23.186, 5, 24576, 694, 23564, 24, 6
2025/01/06 12:30:23.287, 5, 24576, 694, 23564, 25, 6
2025/01/06 12:30:23.388, 5, 24576, 694, 23564, 25, 6
2025/01/06 12:30:23.489, 5, 24576, 694, 23564, 24, 6
2025/01/06 12:30:23.589, 5, 24576, 694, 23564, 24, 6
2025/01/06 12:30:23.690, 5, 24576, 694, 23564, 24, 6
2025/01/06 12:30:23.791, 5, 24576, 694, 23564, 24, 6
2025/01/06 12:30:23.891, 5, 24576, 694, 23564, 24, 6
2025/01/06 12:30:23.992, 5, 24576, 694, 23564, 24, 6
2025/01/06 12:30:24.093, 5, 24576, 694, 23564, 26, 6
2025/01/06 12:30:24.193, 5, 24576, 694, 23564, 26, 6
2025/01/06 12:30:24.294, 5, 24576, 694, 23564, 25, 6
2025/01/06 12:30:24.395, 5, 24576, 694, 23564, 25, 6
2025/01/06 12:30:24.496, 5, 24576, 694, 23564, 27, 6
2025/01/06 12:30:24.596, 5, 24576, 694, 23564, 27, 6
2025/01/06 12:30:24.697, 5, 24576, 694, 23564, 26, 6
2025/01/06 12:30:24.798, 5, 24576, 694, 23564, 26, 6
2025/01/06 12:30:24.899, 5, 24576, 694, 23564, 25, 6
2025/01/06 12:30:24.999, 5, 24576, 694, 23564, 25, 6
2025/01/06 12:30:25.100, 5, 24576, 694, 23564, 25, 6
2025/01/06 12:30:25.201, 5, 24576, 694, 23564, 25, 6
2025/01/06 12:30:25.301, 5, 24576, 694, 23564, 25, 6
2025/01/06 12:30:25.402, 5, 24576, 694, 23564, 25, 6
2025/01/06 12:30:25.503, 5, 24576, 694, 23564, 25, 6
2025/01/06 12:30:25.604, 5, 24576, 694, 23564, 25, 6
2025/01/06 12:30:25.705, 5, 24576, 694, 23564, 27, 7
2025/01/06 12:30:25.806, 5, 24576, 694, 23564, 27, 7
2025/01/06 12:30:25.907, 5, 24576, 694, 23564, 25, 6
2025/01/06 12:30:26.007, 5, 24576, 694, 23564, 25, 6
2025/01/06 12:30:26.108, 5, 24576, 694, 23564, 25, 6
2025/01/06 12:30:26.209, 5, 24576, 694, 23564, 25, 6
2025/01/06 12:30:26.309, 5, 24576, 694, 23564, 27, 7
2025/01/06 12:30:26.410, 5, 24576, 694, 23564, 27, 7
2025/01/06 12:30:26.511, 5, 24576, 694, 23564, 24, 6
2025/01/06 12:30:26.612, 5, 24576, 694, 23564, 24, 6
2025/01/06 12:30:26.712, 5, 24576, 694, 23564, 25, 6
2025/01/06 12:30:26.813, 5, 24576, 694, 23564, 25, 6
2025/01/06 12:30:26.914, 5, 24576, 694, 23564, 28, 7
2025/01/06 12:30:27.014, 5, 24576, 694, 23564, 28, 7
2025/01/06 12:30:27.115, 5, 24576, 694, 23564, 24, 6
2025/01/06 12:30:27.216, 5, 24576, 694, 23564, 24, 6
2025/01/06 12:30:27.316, 5, 24576, 694, 23564, 27, 7
2025/01/06 12:30:27.417, 5, 24576, 694, 23564, 27, 7
2025/01/06 12:30:27.518, 5, 24576, 694, 23564, 24, 6
2025/01/06 12:30:27.619, 5, 24576, 694, 23564, 24, 6
2025/01/06 12:30:27.719, 5, 24576, 694, 23564, 24, 6
2025/01/06 12:30:27.820, 5, 24576, 694, 23564, 24, 6
2025/01/06 12:30:27.921, 5, 24576, 694, 23564, 26, 6
2025/01/06 12:30:28.022, 5, 24576, 694, 23564, 26, 6
2025/01/06 12:30:28.123, 5, 24576, 694, 23564, 26, 6
2025/01/06 12:30:28.224, 5, 24576, 694, 23564, 26, 6
2025/01/06 12:30:28.324, 5, 24576, 694, 23564, 26, 6
2025/01/06 12:30:28.425, 5, 24576, 694, 23564, 26, 6
2025/01/06 12:30:28.526, 5, 24576, 694, 23564, 26, 6
2025/01/06 12:30:28.627, 5, 24576, 694, 23564, 26, 6
2025/01/06 12:30:28.727, 5, 24576, 694, 23564, 26, 6
2025/01/06 12:30:28.828, 5, 24576, 694, 23564, 26, 6
2025/01/06 12:30:28.929, 5, 24576, 694, 23564, 24, 6
2025/01/06 12:30:29.029, 5, 24576, 694, 23564, 24, 6
2025/01/06 12:30:29.130, 5, 24576, 694, 23564, 26, 6
2025/01/06 12:30:29.231, 5, 24576, 694, 23564, 26, 6
2025/01/06 12:30:29.331, 5, 24576, 694, 23564, 29, 7
2025/01/06 12:30:29.432, 5, 24576, 694, 23564, 29, 7
2025/01/06 12:30:29.533, 5, 24576, 694, 23564, 29, 7
2025/01/06 12:30:29.634, 5, 24576, 694, 23564, 29, 7
2025/01/06 12:30:29.734, 5, 24576, 694, 23564, 37, 9
2025/01/06 12:30:29.835, 5, 24576, 694, 23564, 37, 9
2025/01/06 12:30:29.936, 5, 24576, 694, 23564, 38, 9
2025/01/06 12:30:30.037, 5, 24576, 694, 23564, 38, 9
2025/01/06 12:30:30.137, 5, 24576, 694, 23564, 34, 8
2025/01/06 12:30:30.238, 5, 24576, 694, 23564, 34, 8
2025/01/06 12:30:30.339, 5, 24576, 694, 23564, 26, 6
2025/01/06 12:30:30.439, 5, 24576, 694, 23564, 26, 6
2025/01/06 12:30:30.540, 5, 24576, 694, 23564, 26, 6
2025/01/06 12:30:30.641, 5, 24576, 694, 23564, 29, 7
2025/01/06 12:30:30.747, 5, 24576, 694, 23564, 29, 7
2025/01/06 12:30:30.848, 5, 24576, 694, 23564, 26, 6
2025/01/06 12:30:30.949, 5, 24576, 694, 23564, 26, 6
2025/01/06 12:30:31.049, 5, 24576, 694, 23564, 24, 6
2025/01/06 12:30:31.150, 5, 24576, 694, 23564, 24, 6
2025/01/06 12:30:31.251, 5, 24576, 694, 23564, 25, 6
2025/01/06 12:30:31.351, 5, 24576, 694, 23564, 25, 6
2025/01/06 12:30:31.452, 5, 24576, 694, 23564, 28, 7
2025/01/06 12:30:31.553, 5, 24576, 694, 23564, 28, 7
2025/01/06 12:30:31.653, 5, 24576, 694, 23564, 26, 6
2025/01/06 12:30:31.754, 5, 24576, 694, 23564, 26, 6
2025/01/06 12:30:31.855, 5, 24576, 694, 23564, 28, 7
2025/01/06 12:30:31.955, 5, 24576, 694, 23564, 28, 7
2025/01/06 12:30:32.056, 5, 24576, 694, 23564, 27, 7
2025/01/06 12:30:32.157, 5, 24576, 694, 23564, 27, 7
2025/01/06 12:30:32.257, 5, 24576, 694, 23564, 25, 6
2025/01/06 12:30:32.358, 5, 24576, 694, 23564, 25, 6
2025/01/06 12:30:32.459, 5, 24576, 694, 23564, 24, 6
2025/01/06 12:30:32.560, 5, 24576, 694, 23564, 24, 6
2025/01/06 12:30:32.661, 5, 24576, 694, 23564, 26, 7
2025/01/06 12:30:32.762, 5, 24576, 694, 23564, 26, 7
2025/01/06 12:30:32.862, 5, 24576, 694, 23564, 30, 7
2025/01/06 12:30:32.963, 5, 24576, 694, 23564, 30, 7
2025/01/06 12:30:33.064, 5, 24576, 694, 23564, 26, 6
2025/01/06 12:30:33.164, 5, 24576, 694, 23564, 26, 6
2025/01/06 12:30:33.265, 5, 24576, 694, 23564, 28, 7
2025/01/06 12:30:33.366, 5, 24576, 694, 23564, 28, 7
2025/01/06 12:30:33.467, 5, 24576, 694, 23564, 27, 7
2025/01/06 12:30:33.567, 5, 24576, 694, 23564, 27, 7
2025/01/06 12:30:33.668, 5, 24576, 694, 23564, 25, 6
2025/01/06 12:30:33.769, 5, 24576, 694, 23564, 25, 6
2025/01/06 12:30:33.869, 5, 24576, 694, 23564, 26, 6
2025/01/06 12:30:33.970, 5, 24576, 694, 23564, 26, 6
2025/01/06 12:30:34.071, 5, 24576, 694, 23564, 26, 6
2025/01/06 12:30:34.172, 5, 24576, 694, 23564, 26, 6
2025/01/06 12:30:34.273, 5, 24576, 694, 23564, 25, 6
2025/01/06 12:30:34.374, 5, 24576, 694, 23564, 25, 6
2025/01/06 12:30:34.474, 5, 24576, 694, 23564, 25, 6
2025/01/06 12:30:34.575, 5, 24576, 694, 23564, 25, 6
2025/01/06 12:30:34.676, 5, 24576, 694, 23564, 28, 7
2025/01/06 12:30:34.777, 5, 24576, 694, 23564, 28, 7
2025/01/06 12:30:34.877, 5, 24576, 694, 23564, 25, 6
2025/01/06 12:30:34.978, 5, 24576, 694, 23564, 25, 6
2025/01/06 12:30:35.079, 5, 24576, 694, 23564, 27, 7
2025/01/06 12:30:35.180, 5, 24576, 694, 23564, 27, 7
2025/01/06 12:30:35.281, 5, 24576, 694, 23564, 28, 7
2025/01/06 12:30:35.382, 5, 24576, 694, 23564, 28, 7
2025/01/06 12:30:35.483, 5, 24576, 694, 23564, 27, 7
2025/01/06 12:30:35.584, 5, 24576, 694, 23564, 27, 7
2025/01/06 12:30:35.684, 5, 24576, 694, 23564, 29, 7
2025/01/06 12:30:35.785, 5, 24576, 694, 23564, 29, 7
2025/01/06 12:30:35.886, 5, 24576, 694, 23564, 28, 7
2025/01/06 12:30:35.987, 5, 24576, 694, 23564, 28, 7
2025/01/06 12:30:36.087, 5, 24576, 694, 23564, 25, 6
2025/01/06 12:30:36.188, 5, 24576, 694, 23564, 25, 6
2025/01/06 12:30:36.289, 5, 24576, 694, 23564, 26, 6
2025/01/06 12:30:36.390, 5, 24576, 694, 23564, 26, 6
2025/01/06 12:30:36.490, 5, 24576, 694, 23564, 28, 7
2025/01/06 12:30:36.591, 5, 24576, 694, 23564, 28, 7
2025/01/06 12:30:36.692, 5, 24576, 694, 23564, 28, 7
2025/01/06 12:30:36.793, 5, 24576, 694, 23564, 28, 7
2025/01/06 12:30:36.893, 5, 24576, 694, 23564, 24, 6
2025/01/06 12:30:36.994, 5, 24576, 694, 23564, 24, 6
2025/01/06 12:30:37.095, 5, 24576, 694, 23564, 25, 6
2025/01/06 12:30:37.195, 5, 24576, 694, 23564, 25, 6
2025/01/06 12:30:37.296, 5, 24576, 694, 23564, 25, 6
2025/01/06 12:30:37.397, 5, 24576, 694, 23564, 25, 6
2025/01/06 12:30:37.497, 5, 24576, 694, 23564, 28, 7
2025/01/06 12:30:37.598, 5, 24576, 694, 23564, 28, 7
2025/01/06 12:30:37.699, 5, 24576, 694, 23564, 27, 6
2025/01/06 12:30:37.800, 5, 24576, 694, 23564, 27, 6
2025/01/06 12:30:37.901, 5, 24576, 694, 23564, 25, 6
2025/01/06 12:30:38.002, 5, 24576, 694, 23564, 25, 6
2025/01/06 12:30:38.103, 5, 24576, 694, 23564, 25, 6
2025/01/06 12:30:38.203, 5, 24576, 694, 23564, 25, 6
2025/01/06 12:30:38.304, 5, 24576, 694, 23564, 25, 6
2025/01/06 12:30:38.405, 5, 24576, 694, 23564, 25, 6
2025/01/06 12:30:38.505, 5, 24576, 694, 23564, 28, 7
2025/01/06 12:30:38.606, 5, 24576, 694, 23564, 28, 7
2025/01/06 12:30:38.707, 5, 24576, 694, 23564, 26, 6
2025/01/06 12:30:38.808, 5, 24576, 694, 23564, 26, 6
2025/01/06 12:30:38.908, 5, 24576, 694, 23564, 26, 6
2025/01/06 12:30:39.009, 5, 24576, 694, 23564, 26, 6
2025/01/06 12:30:39.110, 5, 24576, 694, 23564, 26, 6
2025/01/06 12:30:39.210, 5, 24576, 694, 23564, 26, 6
2025/01/06 12:30:39.311, 5, 24576, 694, 23564, 25, 6
2025/01/06 12:30:39.412, 5, 24576, 694, 23564, 25, 6
2025/01/06 12:30:39.512, 5, 24576, 694, 23564, 27, 7
2025/01/06 12:30:39.613, 5, 24576, 694, 23564, 27, 7
2025/01/06 12:30:39.714, 5, 24576, 694, 23564, 26, 6
2025/01/06 12:30:39.815, 5, 24576, 694, 23564, 26, 6
2025/01/06 12:30:39.915, 5, 24576, 694, 23564, 25, 6
2025/01/06 12:30:40.016, 5, 24576, 694, 23564, 25, 6
2025/01/06 12:30:40.117, 5, 24576, 694, 23564, 25, 6
2025/01/06 12:30:40.218, 5, 24576, 694, 23564, 25, 6
2025/01/06 12:30:40.319, 5, 24576, 694, 23564, 25, 6
2025/01/06 12:30:40.420, 5, 24576, 694, 23564, 25, 6
2025/01/06 12:30:40.521, 5, 24576, 694, 23564, 26, 6
2025/01/06 12:30:40.621, 5, 24576, 694, 23564, 26, 6
2025/01/06 12:30:40.722, 5, 24576, 694, 23564, 26, 6
2025/01/06 12:30:40.823, 5, 24576, 694, 23564, 26, 6
2025/01/06 12:30:40.923, 5, 24576, 694, 23564, 26, 6
2025/01/06 12:30:41.024, 5, 24576, 694, 23564, 26, 6
2025/01/06 12:30:41.125, 5, 24576, 694, 23564, 25, 6
2025/01/06 12:30:41.226, 5, 24576, 694, 23564, 25, 6
2025/01/06 12:30:41.326, 5, 24576, 694, 23564, 25, 6
2025/01/06 12:30:41.427, 5, 24576, 694, 23564, 25, 6
2025/01/06 12:30:41.528, 5, 24576, 694, 23564, 25, 6
2025/01/06 12:30:41.628, 5, 24576, 694, 23564, 25, 6
2025/01/06 12:30:41.729, 5, 24576, 694, 23564, 26, 6
2025/01/06 12:30:41.830, 5, 24576, 694, 23564, 26, 6
2025/01/06 12:30:41.931, 5, 24576, 694, 23564, 26, 6
2025/01/06 12:30:42.031, 5, 24576, 694, 23564, 26, 6
2025/01/06 12:30:42.132, 5, 24576, 694, 23564, 26, 6
2025/01/06 12:30:42.233, 5, 24576, 694, 23564, 26, 6
2025/01/06 12:30:42.334, 5, 24576, 694, 23564, 26, 6
2025/01/06 12:30:42.435, 5, 24576, 694, 23564, 26, 6
2025/01/06 12:30:42.535, 5, 24576, 694, 23564, 26, 6
2025/01/06 12:30:42.636, 5, 24576, 694, 23564, 27, 6
2025/01/06 12:30:42.744, 5, 24576, 694, 23564, 27, 6
2025/01/06 12:30:42.844, 5, 24576, 694, 23564, 29, 7
2025/01/06 12:30:42.945, 5, 24576, 694, 23564, 29, 7
2025/01/06 12:30:43.046, 5, 24576, 694, 23564, 26, 6
2025/01/06 12:30:43.146, 5, 24576, 694, 23564, 26, 6
2025/01/06 12:30:43.247, 5, 24576, 694, 23564, 24, 6
2025/01/06 12:30:43.348, 5, 24576, 694, 23564, 24, 6
2025/01/06 12:30:43.449, 5, 24576, 694, 23564, 25, 6
2025/01/06 12:30:43.550, 5, 24576, 694, 23564, 25, 6
2025/01/06 12:30:43.650, 5, 24576, 694, 23564, 27, 7
2025/01/06 12:30:43.751, 5, 24576, 694, 23564, 27, 7
2025/01/06 12:30:43.852, 5, 24576, 694, 23564, 23, 5
2025/01/06 12:30:43.952, 5, 24576, 694, 23564, 23, 5
2025/01/06 12:30:44.053, 5, 24576, 694, 23564, 25, 6
2025/01/06 12:30:44.154, 5, 24576, 694, 23564, 25, 6
2025/01/06 12:30:44.254, 5, 24576, 694, 23564, 27, 6
2025/01/06 12:30:44.355, 5, 24576, 694, 23564, 27, 6
2025/01/06 12:30:44.456, 5, 24576, 694, 23564, 26, 6
2025/01/06 12:30:44.557, 5, 24576, 694, 23564, 26, 6
2025/01/06 12:30:44.658, 5, 24576, 694, 23564, 26, 6
2025/01/06 12:30:44.759, 5, 24576, 694, 23564, 26, 6
2025/01/06 12:30:44.859, 5, 24576, 694, 23564, 24, 6
2025/01/06 12:30:44.960, 5, 24576, 694, 23564, 24, 6
2025/01/06 12:30:45.061, 5, 24576, 694, 23564, 24, 6
2025/01/06 12:30:45.161, 5, 24576, 694, 23564, 24, 6
2025/01/06 12:30:45.262, 5, 24576, 694, 23564, 0, 0
2025/01/06 12:30:45.363, 5, 24576, 694, 23564, 0, 0
2025/01/06 12:30:45.464, 5, 24576, 694, 23564, 15, 3
2025/01/06 12:30:45.564, 5, 24576, 694, 23564, 15, 3
2025/01/06 12:30:45.665, 5, 24576, 694, 23564, 28, 7
2025/01/06 12:30:45.766, 5, 24576, 694, 23564, 28, 7
2025/01/06 12:30:45.866, 5, 24576, 694, 23564, 26, 6
2025/01/06 12:30:45.967, 5, 24576, 694, 23564, 26, 6
2025/01/06 12:30:46.068, 5, 24576, 694, 23564, 27, 6
2025/01/06 12:30:46.168, 5, 24576, 694, 23564, 27, 6
2025/01/06 12:30:46.269, 5, 24576, 694, 23564, 27, 6
2025/01/06 12:30:46.370, 5, 24576, 694, 23564, 27, 6
2025/01/06 12:30:46.471, 5, 24576, 694, 23564, 30, 7
2025/01/06 12:30:46.571, 5, 24576, 694, 23564, 30, 7
2025/01/06 12:30:46.672, 5, 24576, 694, 23564, 28, 7
2025/01/06 12:30:46.773, 5, 24576, 694, 23564, 28, 7
2025/01/06 12:30:46.873, 5, 24576, 694, 23564, 27, 6
2025/01/06 12:30:46.974, 5, 24576, 694, 23564, 27, 6
2025/01/06 12:30:47.075, 5, 24576, 694, 23564, 27, 7
2025/01/06 12:30:47.176, 5, 24576, 694, 23564, 27, 7
2025/01/06 12:30:47.277, 5, 24576, 694, 23564, 23, 6
2025/01/06 12:30:47.378, 5, 24576, 694, 23564, 23, 6
2025/01/06 12:30:47.479, 5, 24576, 694, 23564, 25, 6
2025/01/06 12:30:47.579, 5, 24576, 694, 23564, 25, 6
2025/01/06 12:30:47.680, 5, 24576, 694, 23564, 27, 6
2025/01/06 12:30:47.781, 5, 24576, 694, 23564, 27, 6
2025/01/06 12:30:47.882, 5, 24576, 694, 23564, 25, 6
2025/01/06 12:30:47.982, 5, 24576, 694, 23564, 25, 6
2025/01/06 12:30:48.083, 5, 24576, 694, 23564, 25, 6
2025/01/06 12:30:48.184, 5, 24576, 694, 23564, 25, 6
2025/01/06 12:30:48.284, 5, 24576, 694, 23564, 25, 6
2025/01/06 12:30:48.385, 5, 24576, 694, 23564, 25, 6
2025/01/06 12:30:48.486, 5, 24576, 694, 23564, 25, 6
2025/01/06 12:30:48.586, 5, 24576, 694, 23564, 25, 6
2025/01/06 12:30:48.687, 5, 24576, 694, 23564, 27, 6
2025/01/06 12:30:48.788, 5, 24576, 694, 23564, 27, 6
2025/01/06 12:30:48.889, 5, 24576, 694, 23564, 30, 7
2025/01/06 12:30:48.990, 5, 24576, 694, 23564, 30, 7
2025/01/06 12:30:49.090, 5, 24576, 694, 23564, 25, 6
2025/01/06 12:30:49.191, 5, 24576, 694, 23564, 25, 6
2025/01/06 12:30:49.292, 5, 24576, 694, 23564, 25, 6
2025/01/06 12:30:49.393, 5, 24576, 694, 23564, 25, 6
2025/01/06 12:30:49.493, 5, 24576, 694, 23564, 24, 6
2025/01/06 12:30:49.594, 5, 24576, 694, 23564, 24, 6
2025/01/06 12:30:49.696, 5, 24576, 694, 23564, 28, 7
2025/01/06 12:30:49.796, 5, 24576, 694, 23564, 28, 7
2025/01/06 12:30:49.897, 5, 24576, 694, 23564, 26, 6
2025/01/06 12:30:49.998, 5, 24576, 694, 23564, 26, 6
2025/01/06 12:30:50.099, 5, 24576, 694, 23564, 24, 6
2025/01/06 12:30:50.199, 5, 24576, 694, 23564, 24, 6
2025/01/06 12:30:50.300, 5, 24576, 694, 23564, 23, 6
2025/01/06 12:30:50.401, 5, 24576, 694, 23564, 23, 6
2025/01/06 12:30:50.501, 5, 24576, 694, 23564, 24, 6
2025/01/06 12:30:50.602, 5, 24576, 694, 23564, 24, 6
2025/01/06 12:30:50.703, 5, 24576, 694, 23564, 26, 6
2025/01/06 12:30:50.804, 5, 24576, 694, 23564, 26, 6
2025/01/06 12:30:50.904, 5, 24576, 694, 23564, 25, 6
2025/01/06 12:30:51.005, 5, 24576, 694, 23564, 25, 6
2025/01/06 12:30:51.106, 5, 24576, 694, 23564, 24, 6
2025/01/06 12:30:51.207, 5, 24576, 694, 23564, 24, 6
2025/01/06 12:30:51.307, 5, 24576, 694, 23564, 24, 6
2025/01/06 12:30:51.408, 5, 24576, 694, 23564, 24, 6
2025/01/06 12:30:51.509, 5, 24576, 694, 23564, 25, 6
2025/01/06 12:30:51.610, 5, 24576, 694, 23564, 25, 6
2025/01/06 12:30:51.710, 5, 24576, 694, 23564, 25, 6
2025/01/06 12:30:51.811, 5, 24576, 694, 23564, 25, 6
2025/01/06 12:30:51.912, 5, 24576, 694, 23564, 23, 6
2025/01/06 12:30:52.012, 5, 24576, 694, 23564, 23, 6
2025/01/06 12:30:52.113, 5, 24576, 694, 23564, 26, 6
2025/01/06 12:30:52.214, 5, 24576, 694, 23564, 26, 6
2025/01/06 12:30:52.315, 5, 24576, 694, 23564, 26, 6
2025/01/06 12:30:52.416, 5, 24576, 694, 23564, 26, 6
2025/01/06 12:30:52.517, 5, 24576, 694, 23564, 29, 7
2025/01/06 12:30:52.618, 5, 24576, 694, 23564, 29, 7
2025/01/06 12:30:52.718, 5, 24576, 694, 23564, 29, 7
2025/01/06 12:30:52.819, 5, 24576, 694, 23564, 29, 7
2025/01/06 12:30:52.920, 5, 24576, 694, 23564, 30, 7
2025/01/06 12:30:53.020, 5, 24576, 694, 23564, 30, 7
2025/01/06 12:30:53.121, 5, 24576, 694, 23564, 28, 7
2025/01/06 12:30:53.222, 5, 24576, 694, 23564, 28, 7
2025/01/06 12:30:53.323, 5, 24576, 694, 23564, 26, 6
2025/01/06 12:30:53.423, 5, 24576, 694, 23564, 26, 6
2025/01/06 12:30:53.524, 5, 24576, 694, 23564, 24, 6
2025/01/06 12:30:53.625, 5, 24576, 694, 23564, 24, 6
2025/01/06 12:30:53.725, 5, 24576, 694, 23564, 24, 6
2025/01/06 12:30:53.826, 5, 24576, 694, 23564, 24, 6
2025/01/06 12:30:53.927, 5, 24576, 694, 23564, 27, 7
2025/01/06 12:30:54.028, 5, 24576, 694, 23564, 27, 7
2025/01/06 12:30:54.128, 5, 24576, 694, 23564, 26, 6
2025/01/06 12:30:54.229, 5, 24576, 694, 23564, 26, 6
2025/01/06 12:30:54.330, 5, 24576, 694, 23564, 26, 6
2025/01/06 12:30:54.431, 5, 24576, 694, 23564, 26, 6
2025/01/06 12:30:54.531, 5, 24576, 694, 23564, 27, 6
2025/01/06 12:30:54.632, 5, 24576, 694, 23564, 27, 6
2025/01/06 12:30:54.733, 5, 24576, 694, 23564, 29, 7
2025/01/06 12:30:54.834, 5, 24576, 694, 23564, 27, 7
2025/01/06 12:30:54.939, 5, 24576, 694, 23564, 27, 7
2025/01/06 12:30:55.040, 5, 24576, 694, 23564, 26, 6
2025/01/06 12:30:55.142, 5, 24576, 694, 23564, 26, 6
2025/01/06 12:30:55.242, 5, 24576, 694, 23564, 26, 6
2025/01/06 12:30:55.343, 5, 24576, 694, 23564, 26, 6
2025/01/06 12:30:55.444, 5, 24576, 694, 23564, 26, 7
2025/01/06 12:30:55.544, 5, 24576, 694, 23564, 26, 7
2025/01/06 12:30:55.645, 5, 24576, 694, 23564, 25, 6
2025/01/06 12:30:55.746, 5, 24576, 694, 23564, 25, 6
2025/01/06 12:30:55.847, 5, 24576, 694, 23564, 26, 6
2025/01/06 12:30:55.947, 5, 24576, 694, 23564, 26, 6
2025/01/06 12:30:56.048, 5, 24576, 694, 23564, 26, 6
2025/01/06 12:30:56.149, 5, 24576, 694, 23564, 26, 6
2025/01/06 12:30:56.249, 5, 24576, 694, 23564, 26, 6
2025/01/06 12:30:56.350, 5, 24576, 694, 23564, 26, 6
2025/01/06 12:30:56.451, 5, 24576, 694, 23564, 25, 6
2025/01/06 12:30:56.552, 5, 24576, 694, 23564, 25, 6
2025/01/06 12:30:56.652, 5, 24576, 694, 23564, 27, 7
2025/01/06 12:30:56.753, 5, 24576, 694, 23564, 27, 7
2025/01/06 12:30:56.854, 5, 24576, 694, 23564, 26, 6
2025/01/06 12:30:56.955, 5, 24576, 694, 23564, 26, 6
2025/01/06 12:30:57.056, 5, 24576, 694, 23564, 25, 6
2025/01/06 12:30:57.157, 5, 24576, 694, 23564, 25, 6
2025/01/06 12:30:57.257, 5, 24576, 694, 23564, 26, 6
2025/01/06 12:30:57.358, 5, 24576, 694, 23564, 26, 6
2025/01/06 12:30:57.459, 5, 24576, 694, 23564, 27, 7
2025/01/06 12:30:57.559, 5, 24576, 694, 23564, 27, 7
2025/01/06 12:30:57.661, 5, 24576, 694, 23564, 25, 6
2025/01/06 12:30:57.761, 5, 24576, 694, 23564, 25, 6
2025/01/06 12:30:57.862, 5, 24576, 694, 23564, 25, 6
2025/01/06 12:30:57.963, 5, 24576, 694, 23564, 25, 6
2025/01/06 12:30:58.063, 5, 24576, 694, 23564, 25, 6
2025/01/06 12:30:58.164, 5, 24576, 694, 23564, 25, 6
2025/01/06 12:30:58.265, 5, 24576, 694, 23564, 28, 7
2025/01/06 12:30:58.365, 5, 24576, 694, 23564, 28, 7
2025/01/06 12:30:58.466, 5, 24576, 694, 23564, 25, 6
2025/01/06 12:30:58.567, 5, 24576, 694, 23564, 25, 6
2025/01/06 12:30:58.668, 5, 24576, 694, 23564, 25, 6
2025/01/06 12:30:58.769, 5, 24576, 694, 23564, 25, 6
2025/01/06 12:30:58.870, 5, 24576, 694, 23564, 25, 6
2025/01/06 12:30:58.971, 5, 24576, 694, 23564, 25, 6
2025/01/06 12:30:59.072, 5, 24576, 694, 23564, 24, 6
2025/01/06 12:30:59.172, 5, 24576, 694, 23564, 24, 6
2025/01/06 12:30:59.273, 5, 24576, 694, 23564, 26, 6
2025/01/06 12:30:59.374, 5, 24576, 694, 23564, 26, 6
2025/01/06 12:30:59.475, 5, 24576, 694, 23564, 28, 7
2025/01/06 12:30:59.576, 5, 24576, 694, 23564, 28, 7
2025/01/06 12:30:59.676, 5, 24576, 694, 23564, 25, 6
2025/01/06 12:30:59.777, 5, 24576, 694, 23564, 25, 6
2025/01/06 12:30:59.878, 5, 24576, 694, 23564, 27, 6
2025/01/06 12:30:59.978, 5, 24576, 694, 23564, 27, 6
2025/01/06 12:31:00.079, 5, 24576, 694, 23564, 27, 7
2025/01/06 12:31:00.180, 5, 24576, 694, 23564, 27, 7
2025/01/06 12:31:00.281, 5, 24576, 694, 23564, 24, 6
2025/01/06 12:31:00.381, 5, 24576, 694, 23564, 24, 6
2025/01/06 12:31:00.482, 5, 24576, 694, 23564, 25, 6
2025/01/06 12:31:00.583, 5, 24576, 694, 23564, 25, 6
2025/01/06 12:31:00.683, 5, 24576, 694, 23564, 25, 6
2025/01/06 12:31:00.784, 5, 24576, 694, 23564, 25, 6
2025/01/06 12:31:00.885, 5, 24576, 694, 23564, 26, 6
2025/01/06 12:31:00.986, 5, 24576, 694, 23564, 26, 6
2025/01/06 12:31:01.086, 5, 24576, 694, 23564, 26, 6
2025/01/06 12:31:01.187, 5, 24576, 694, 23564, 26, 6
2025/01/06 12:31:01.288, 5, 24576, 694, 23564, 26, 6
2025/01/06 12:31:01.389, 5, 24576, 694, 23564, 26, 6
2025/01/06 12:31:01.489, 5, 24576, 694, 23564, 26, 6
2025/01/06 12:31:01.590, 5, 24576, 694, 23564, 26, 6
2025/01/06 12:31:01.691, 5, 24576, 694, 23564, 25, 6
2025/01/06 12:31:01.792, 5, 24576, 694, 23564, 25, 6
2025/01/06 12:31:01.893, 5, 24576, 694, 23564, 22, 6
2025/01/06 12:31:01.994, 5, 24576, 694, 23564, 22, 6
2025/01/06 12:31:02.095, 5, 24576, 694, 23564, 26, 6
2025/01/06 12:31:02.195, 5, 24576, 694, 23564, 26, 6
2025/01/06 12:31:02.296, 5, 24576, 694, 23564, 24, 6
2025/01/06 12:31:02.397, 5, 24576, 694, 23564, 24, 6
2025/01/06 12:31:02.497, 5, 24576, 694, 23564, 25, 6
2025/01/06 12:31:02.598, 5, 24576, 694, 23564, 25, 6
2025/01/06 12:31:02.699, 5, 24576, 694, 23564, 25, 6
2025/01/06 12:31:02.800, 5, 24576, 694, 23564, 25, 6
2025/01/06 12:31:02.900, 5, 24576, 694, 23564, 25, 6
2025/01/06 12:31:03.001, 5, 24576, 694, 23564, 25, 6
2025/01/06 12:31:03.102, 5, 24576, 694, 23564, 25, 6
2025/01/06 12:31:03.203, 5, 24576, 694, 23564, 25, 6
2025/01/06 12:31:03.303, 5, 24576, 694, 23564, 30, 7
2025/01/06 12:31:03.404, 5, 24576, 694, 23564, 30, 7
2025/01/06 12:31:03.505, 5, 24576, 694, 23564, 29, 7
2025/01/06 12:31:03.605, 5, 24576, 694, 23564, 29, 7
2025/01/06 12:31:03.706, 5, 24576, 694, 23564, 24, 6
2025/01/06 12:31:03.807, 5, 24576, 694, 23564, 24, 6
2025/01/06 12:31:03.907, 5, 24576, 694, 23564, 23, 6
2025/01/06 12:31:04.008, 5, 24576, 694, 23564, 23, 6
2025/01/06 12:31:04.109, 5, 24576, 694, 23564, 24, 6
2025/01/06 12:31:04.210, 5, 24576, 694, 23564, 24, 6
2025/01/06 12:31:04.311, 5, 24576, 694, 23564, 25, 6
2025/01/06 12:31:04.412, 5, 24576, 694, 23564, 25, 6
2025/01/06 12:31:04.513, 5, 24576, 694, 23564, 23, 6
2025/01/06 12:31:04.613, 5, 24576, 694, 23564, 23, 6
2025/01/06 12:31:04.714, 5, 24576, 694, 23564, 25, 6
2025/01/06 12:31:04.815, 5, 24576, 694, 23564, 25, 6
2025/01/06 12:31:04.915, 5, 24576, 694, 23564, 27, 7
2025/01/06 12:31:05.016, 5, 24576, 694, 23564, 27, 7
2025/01/06 12:31:05.117, 5, 24576, 694, 23564, 25, 6
2025/01/06 12:31:05.217, 5, 24576, 694, 23564, 25, 6
2025/01/06 12:31:05.318, 5, 24576, 694, 23564, 26, 6
2025/01/06 12:31:05.419, 5, 24576, 694, 23564, 26, 6
2025/01/06 12:31:05.520, 5, 24576, 694, 23564, 26, 6
2025/01/06 12:31:05.620, 5, 24576, 694, 23564, 26, 6
2025/01/06 12:31:05.721, 5, 24576, 694, 23564, 24, 6
2025/01/06 12:31:05.822, 5, 24576, 694, 23564, 24, 6
2025/01/06 12:31:05.923, 5, 24576, 694, 23564, 28, 7
2025/01/06 12:31:06.024, 5, 24576, 694, 23564, 28, 7
2025/01/06 12:31:06.124, 5, 24576, 694, 23564, 25, 6
2025/01/06 12:31:06.225, 5, 24576, 694, 23564, 25, 6
2025/01/06 12:31:06.326, 5, 24576, 694, 23564, 24, 6
2025/01/06 12:31:06.426, 5, 24576, 694, 23564, 24, 6
2025/01/06 12:31:06.527, 5, 24576, 694, 23564, 24, 6
2025/01/06 12:31:06.628, 5, 24576, 694, 23564, 24, 6
2025/01/06 12:31:06.729, 5, 24576, 694, 23564, 28, 7
2025/01/06 12:31:06.830, 5, 24576, 694, 23564, 27, 7
2025/01/06 12:31:06.932, 5, 24576, 694, 23564, 27, 7
2025/01/06 12:31:07.033, 5, 24576, 694, 23564, 29, 7
2025/01/06 12:31:07.136, 5, 24576, 694, 23564, 29, 7
2025/01/06 12:31:07.237, 5, 24576, 694, 23564, 27, 6
2025/01/06 12:31:07.337, 5, 24576, 694, 23564, 27, 6
2025/01/06 12:31:07.438, 5, 24576, 694, 23564, 24, 6
2025/01/06 12:31:07.539, 5, 24576, 694, 23564, 24, 6
2025/01/06 12:31:07.639, 5, 24576, 694, 23564, 25, 6
2025/01/06 12:31:07.740, 5, 24576, 694, 23564, 25, 6
2025/01/06 12:31:07.841, 5, 24576, 694, 23564, 24, 6
2025/01/06 12:31:07.941, 5, 24576, 694, 23564, 24, 6
2025/01/06 12:31:08.042, 5, 24576, 694, 23564, 26, 6
2025/01/06 12:31:08.143, 5, 24576, 694, 23564, 26, 6
2025/01/06 12:31:08.243, 5, 24576, 694, 23564, 25, 6
2025/01/06 12:31:08.344, 5, 24576, 694, 23564, 25, 6
2025/01/06 12:31:08.445, 5, 24576, 694, 23564, 26, 6
2025/01/06 12:31:08.546, 5, 24576, 694, 23564, 26, 6
2025/01/06 12:31:08.646, 5, 24576, 694, 23564, 24, 6
2025/01/06 12:31:08.747, 5, 24576, 694, 23564, 24, 6
2025/01/06 12:31:08.848, 5, 24576, 694, 23564, 26, 6
2025/01/06 12:31:08.949, 5, 24576, 694, 23564, 26, 6
2025/01/06 12:31:09.049, 5, 24576, 694, 23564, 26, 6
2025/01/06 12:31:09.150, 5, 24576, 694, 23564, 26, 6
2025/01/06 12:31:09.251, 5, 24576, 694, 23564, 25, 6
2025/01/06 12:31:09.352, 5, 24576, 694, 23564, 25, 6
2025/01/06 12:31:09.453, 5, 24576, 694, 23564, 29, 7
2025/01/06 12:31:09.553, 5, 24576, 694, 23564, 29, 7
2025/01/06 12:31:09.654, 5, 24576, 694, 23564, 27, 6
2025/01/06 12:31:09.755, 5, 24576, 694, 23564, 27, 6
2025/01/06 12:31:09.855, 5, 24576, 694, 23564, 26, 6
2025/01/06 12:31:09.956, 5, 24576, 694, 23564, 26, 6
2025/01/06 12:31:10.057, 5, 24576, 694, 23564, 30, 8
2025/01/06 12:31:10.157, 5, 24576, 694, 23564, 30, 8
2025/01/06 12:31:10.258, 5, 24576, 694, 23564, 25, 6
2025/01/06 12:31:10.359, 5, 24576, 694, 23564, 25, 6
2025/01/06 12:31:10.460, 5, 24576, 694, 23564, 25, 6
2025/01/06 12:31:10.560, 5, 24576, 694, 23564, 25, 6
2025/01/06 12:31:10.661, 5, 24576, 694, 23564, 25, 6
2025/01/06 12:31:10.762, 5, 24576, 694, 23564, 25, 6
2025/01/06 12:31:10.862, 5, 24576, 694, 23564, 25, 6
2025/01/06 12:31:10.963, 5, 24576, 694, 23564, 25, 6
2025/01/06 12:31:11.064, 5, 24576, 694, 23564, 24, 6
2025/01/06 12:31:11.165, 5, 24576, 694, 23564, 24, 6
2025/01/06 12:31:11.265, 5, 24576, 694, 23564, 25, 6
2025/01/06 12:31:11.366, 5, 24576, 694, 23564, 25, 6
2025/01/06 12:31:11.467, 5, 24576, 694, 23564, 29, 7
2025/01/06 12:31:11.568, 5, 24576, 694, 23564, 29, 7
2025/01/06 12:31:11.669, 5, 24576, 694, 23564, 26, 6
2025/01/06 12:31:11.770, 5, 24576, 694, 23564, 26, 6
2025/01/06 12:31:11.870, 5, 24576, 694, 23564, 26, 6
2025/01/06 12:31:11.971, 5, 24576, 694, 23564, 26, 6
2025/01/06 12:31:12.072, 5, 24576, 694, 23564, 25, 6
2025/01/06 12:31:12.172, 5, 24576, 694, 23564, 25, 6
2025/01/06 12:31:12.273, 5, 24576, 694, 23564, 27, 7
2025/01/06 12:31:12.374, 5, 24576, 694, 23564, 27, 7
2025/01/06 12:31:12.475, 5, 24576, 694, 23564, 29, 7
2025/01/06 12:31:12.575, 5, 24576, 694, 23564, 29, 7
2025/01/06 12:31:12.676, 5, 24576, 694, 23564, 29, 7
2025/01/06 12:31:12.777, 5, 24576, 694, 23564, 29, 7
2025/01/06 12:31:12.878, 5, 24576, 694, 23564, 30, 7
2025/01/06 12:31:12.979, 5, 24576, 694, 23564, 30, 7
2025/01/06 12:31:13.079, 5, 24576, 694, 23564, 28, 7
2025/01/06 12:31:13.180, 5, 24576, 694, 23564, 28, 7
2025/01/06 12:31:13.281, 5, 24576, 694, 23564, 29, 7
2025/01/06 12:31:13.382, 5, 24576, 694, 23564, 29, 7
2025/01/06 12:31:13.483, 5, 24576, 694, 23564, 29, 7
2025/01/06 12:31:13.583, 5, 24576, 694, 23564, 29, 7
2025/01/06 12:31:13.684, 5, 24576, 694, 23564, 30, 7
2025/01/06 12:31:13.785, 5, 24576, 694, 23564, 30, 7
2025/01/06 12:31:13.885, 5, 24576, 694, 23564, 27, 7
2025/01/06 12:31:13.986, 5, 24576, 694, 23564, 27, 7
2025/01/06 12:31:14.087, 5, 24576, 694, 23564, 26, 6
2025/01/06 12:31:14.188, 5, 24576, 694, 23564, 26, 6
2025/01/06 12:31:14.289, 5, 24576, 694, 23564, 22, 5
2025/01/06 12:31:14.390, 5, 24576, 694, 23564, 22, 5
2025/01/06 12:31:14.490, 5, 24576, 694, 23564, 25, 6
2025/01/06 12:31:14.591, 5, 24576, 694, 23564, 25, 6
2025/01/06 12:31:14.692, 5, 24576, 694, 23564, 24, 6
2025/01/06 12:31:14.793, 5, 24576, 694, 23564, 24, 6
2025/01/06 12:31:14.893, 5, 24576, 694, 23564, 25, 6
2025/01/06 12:31:14.994, 5, 24576, 694, 23564, 25, 6
2025/01/06 12:31:15.095, 5, 24576, 694, 23564, 25, 6
2025/01/06 12:31:15.196, 5, 24576, 694, 23564, 25, 6
2025/01/06 12:31:15.296, 5, 24576, 694, 23564, 27, 6
2025/01/06 12:31:15.397, 5, 24576, 694, 23564, 27, 6
2025/01/06 12:31:15.498, 5, 24576, 694, 23564, 22, 5
2025/01/06 12:31:15.598, 5, 24576, 694, 23564, 22, 5
2025/01/06 12:31:15.699, 5, 24576, 694, 23564, 23, 5
2025/01/06 12:31:15.800, 5, 24576, 694, 23564, 23, 5
2025/01/06 12:31:15.900, 5, 24576, 694, 23564, 22, 5
2025/01/06 12:31:16.001, 5, 24576, 694, 23564, 22, 5
2025/01/06 12:31:16.102, 5, 24576, 694, 23564, 26, 6
2025/01/06 12:31:16.203, 5, 24576, 694, 23564, 26, 6
2025/01/06 12:31:16.303, 5, 24576, 694, 23564, 22, 5
2025/01/06 12:31:16.404, 5, 24576, 694, 23564, 22, 5
2025/01/06 12:31:16.505, 5, 24576, 694, 23564, 24, 6
2025/01/06 12:31:16.606, 5, 24576, 694, 23564, 24, 6
2025/01/06 12:31:16.707, 5, 24576, 694, 23564, 25, 6
2025/01/06 12:31:16.808, 5, 24576, 694, 23564, 25, 6
2025/01/06 12:31:16.909, 5, 24576, 694, 23564, 23, 6
2025/01/06 12:31:17.009, 5, 24576, 694, 23564, 23, 6
2025/01/06 12:31:17.110, 5, 24576, 694, 23564, 28, 7
2025/01/06 12:31:17.211, 5, 24576, 694, 23564, 28, 7
2025/01/06 12:31:17.312, 5, 24576, 694, 23564, 0, 0
2025/01/06 12:31:17.412, 5, 24576, 694, 23564, 0, 0
2025/01/06 12:31:17.513, 5, 24576, 694, 23564, 14, 3
2025/01/06 12:31:17.614, 5, 24576, 694, 23564, 14, 3
2025/01/06 12:31:17.714, 5, 24576, 694, 23564, 24, 6
2025/01/06 12:31:17.815, 5, 24576, 694, 23564, 24, 6
2025/01/06 12:31:17.916, 5, 24576, 694, 23564, 24, 6
2025/01/06 12:31:18.016, 5, 24576, 694, 23564, 24, 6
2025/01/06 12:31:18.117, 5, 24576, 694, 23564, 23, 6
2025/01/06 12:31:18.218, 5, 24576, 694, 23564, 23, 6
2025/01/06 12:31:18.319, 5, 24576, 694, 23564, 24, 6
2025/01/06 12:31:18.419, 5, 24576, 694, 23564, 24, 6
2025/01/06 12:31:18.520, 5, 24576, 694, 23564, 25, 6
2025/01/06 12:31:18.621, 5, 24576, 694, 23564, 25, 6
2025/01/06 12:31:18.722, 5, 24576, 694, 23564, 26, 6
2025/01/06 12:31:18.822, 5, 24576, 694, 23564, 26, 6
2025/01/06 12:31:18.923, 5, 24576, 694, 23564, 26, 6
2025/01/06 12:31:19.024, 5, 24576, 694, 23564, 26, 6
2025/01/06 12:31:19.125, 5, 24576, 694, 23564, 28, 7
2025/01/06 12:31:19.226, 5, 24576, 694, 23564, 26, 6
2025/01/06 12:31:19.332, 5, 24576, 694, 23564, 26, 6
2025/01/06 12:31:19.433, 5, 24576, 694, 23564, 25, 6
2025/01/06 12:31:19.534, 5, 24576, 694, 23564, 25, 6
2025/01/06 12:31:19.634, 5, 24576, 694, 23564, 24, 6
2025/01/06 12:31:19.735, 5, 24576, 694, 23564, 24, 6
2025/01/06 12:31:19.836, 5, 24576, 694, 23564, 23, 6
2025/01/06 12:31:19.937, 5, 24576, 694, 23564, 23, 6
2025/01/06 12:31:20.037, 5, 24576, 694, 23564, 25, 6
2025/01/06 12:31:20.138, 5, 24576, 694, 23564, 25, 6
2025/01/06 12:31:20.239, 5, 24576, 694, 23564, 24, 6
2025/01/06 12:31:20.339, 5, 24576, 694, 23564, 24, 6
2025/01/06 12:31:20.440, 5, 24576, 694, 23564, 27, 6
2025/01/06 12:31:20.541, 5, 24576, 694, 23564, 27, 6
2025/01/06 12:31:20.641, 5, 24576, 694, 23564, 24, 6
2025/01/06 12:31:20.742, 5, 24576, 694, 23564, 24, 6
2025/01/06 12:31:20.843, 5, 24576, 694, 23564, 24, 6
2025/01/06 12:31:20.944, 5, 24576, 694, 23564, 24, 6
2025/01/06 12:31:21.045, 5, 24576, 694, 23564, 27, 6
2025/01/06 12:31:21.147, 5, 24576, 694, 23564, 27, 6
2025/01/06 12:31:21.248, 5, 24576, 694, 23564, 27, 7
2025/01/06 12:31:21.348, 5, 24576, 694, 23564, 27, 7
2025/01/06 12:31:21.449, 5, 24576, 694, 23564, 26, 6
2025/01/06 12:31:21.550, 5, 24576, 694, 23564, 26, 6
2025/01/06 12:31:21.650, 5, 24576, 694, 23564, 26, 6
2025/01/06 12:31:21.751, 5, 24576, 694, 23564, 26, 6
2025/01/06 12:31:21.852, 5, 24576, 694, 23564, 27, 7
2025/01/06 12:31:21.953, 5, 24576, 694, 23564, 27, 7
2025/01/06 12:31:22.053, 5, 24576, 694, 23564, 26, 6
2025/01/06 12:31:22.155, 5, 24576, 694, 23564, 26, 6
2025/01/06 12:31:22.255, 5, 24576, 694, 23564, 25, 6
2025/01/06 12:31:22.356, 5, 24576, 694, 23564, 25, 6
2025/01/06 12:31:22.457, 5, 24576, 694, 23564, 25, 6
2025/01/06 12:31:22.557, 5, 24576, 694, 23564, 25, 6
2025/01/06 12:31:22.658, 5, 24576, 694, 23564, 25, 6
2025/01/06 12:31:22.759, 5, 24576, 694, 23564, 25, 6
2025/01/06 12:31:22.860, 5, 24576, 694, 23564, 24, 6
2025/01/06 12:31:22.960, 5, 24576, 694, 23564, 24, 6
2025/01/06 12:31:23.061, 5, 24576, 694, 23564, 24, 6
2025/01/06 12:31:23.162, 5, 24576, 694, 23564, 24, 6
2025/01/06 12:31:23.262, 5, 24576, 694, 23564, 23, 5
2025/01/06 12:31:23.363, 5, 24576, 694, 23564, 23, 5
2025/01/06 12:31:23.464, 5, 24576, 694, 23564, 22, 5
2025/01/06 12:31:23.565, 5, 24576, 694, 23564, 22, 5
2025/01/06 12:31:23.666, 5, 24576, 694, 23564, 26, 6
2025/01/06 12:31:23.767, 5, 24576, 694, 23564, 26, 6
2025/01/06 12:31:23.868, 5, 24576, 694, 23564, 32, 8
2025/01/06 12:31:23.968, 5, 24576, 694, 23564, 32, 8
2025/01/06 12:31:24.069, 5, 24576, 694, 23564, 25, 6
2025/01/06 12:31:24.170, 5, 24576, 694, 23564, 25, 6
2025/01/06 12:31:24.271, 5, 24576, 694, 23564, 25, 6
2025/01/06 12:31:24.372, 5, 24576, 694, 23564, 25, 6
2025/01/06 12:31:24.472, 5, 24576, 694, 23564, 27, 6
2025/01/06 12:31:24.573, 5, 24576, 694, 23564, 27, 6
2025/01/06 12:31:24.674, 5, 24576, 694, 23564, 27, 7
2025/01/06 12:31:24.775, 5, 24576, 694, 23564, 27, 7
2025/01/06 12:31:24.875, 5, 24576, 694, 23564, 29, 7
2025/01/06 12:31:24.976, 5, 24576, 694, 23564, 29, 7
2025/01/06 12:31:25.077, 5, 24576, 694, 23564, 28, 7
2025/01/06 12:31:25.177, 5, 24576, 694, 23564, 28, 7
2025/01/06 12:31:25.278, 5, 24576, 694, 23564, 27, 7
2025/01/06 12:31:25.379, 5, 24576, 694, 23564, 27, 7
2025/01/06 12:31:25.480, 5, 24576, 694, 23564, 27, 6
2025/01/06 12:31:25.580, 5, 24576, 694, 23564, 27, 6
2025/01/06 12:31:25.681, 5, 24576, 694, 23564, 26, 6
2025/01/06 12:31:25.782, 5, 24576, 694, 23564, 26, 6
2025/01/06 12:31:25.883, 5, 24576, 694, 23564, 24, 6
2025/01/06 12:31:25.984, 5, 24576, 694, 23564, 24, 6
2025/01/06 12:31:26.086, 5, 24576, 694, 23564, 23, 6
2025/01/06 12:31:26.186, 5, 24576, 694, 23564, 23, 6
2025/01/06 12:31:26.287, 5, 24576, 694, 23564, 23, 6
2025/01/06 12:31:26.388, 5, 24576, 694, 23564, 23, 6
2025/01/06 12:31:26.489, 5, 24576, 694, 23564, 26, 6
2025/01/06 12:31