timestamp, index, memory.total [MiB], memory.used [MiB], memory.free [MiB], utilization.gpu [%], utilization.memory [%]
2025/01/11 11:01:48.042, 4, 24576, 42, 24216, 0, 0
2025/01/11 11:01:48.143, 4, 24576, 42, 24216, 0, 0
2025/01/11 11:01:48.244, 4, 24576, 42, 24216, 0, 0
2025/01/11 11:01:48.345, 4, 24576, 42, 24216, 0, 0
2025/01/11 11:01:48.446, 4, 24576, 42, 24216, 0, 0
2025/01/11 11:01:48.546, 4, 24576, 42, 24216, 0, 0
2025/01/11 11:01:48.647, 4, 24576, 42, 24216, 0, 0
2025/01/11 11:01:48.748, 4, 24576, 42, 24216, 0, 0
2025/01/11 11:01:48.849, 4, 24576, 42, 24216, 0, 0
2025/01/11 11:01:48.951, 4, 24576, 42, 24216, 0, 0
2025/01/11 11:01:49.052, 4, 24576, 42, 24216, 0, 0
2025/01/11 11:01:49.153, 4, 24576, 42, 24216, 0, 0
2025/01/11 11:01:49.253, 4, 24576, 42, 24216, 0, 0
2025/01/11 11:01:49.357, 4, 24576, 42, 24216, 0, 0
2025/01/11 11:01:49.457, 4, 24576, 42, 24216, 0, 0
2025/01/11 11:01:49.558, 4, 24576, 42, 24216, 0, 0
2025/01/11 11:01:49.659, 4, 24576, 42, 24216, 0, 0
2025/01/11 11:01:49.760, 4, 24576, 42, 24216, 0, 0
2025/01/11 11:01:49.860, 4, 24576, 42, 24216, 0, 0
2025/01/11 11:01:49.961, 4, 24576, 42, 24216, 0, 0
2025/01/11 11:01:50.062, 4, 24576, 52, 24206, 0, 0
2025/01/11 11:01:50.166, 4, 24576, 340, 23918, 0, 0
2025/01/11 11:01:50.267, 4, 24576, 356, 23902, 5, 0
2025/01/11 11:01:50.368, 4, 24576, 396, 23862, 5, 0
2025/01/11 11:01:50.469, 4, 24576, 396, 23862, 9, 0
2025/01/11 11:01:50.570, 4, 24576, 398, 23860, 9, 0
2025/01/11 11:01:50.671, 4, 24576, 398, 23860, 1, 0
2025/01/11 11:01:50.772, 4, 24576, 398, 23860, 1, 0
2025/01/11 11:01:50.873, 4, 24576, 516, 23742, 5, 0
2025/01/11 11:01:50.974, 4, 24576, 516, 23742, 5, 0
2025/01/11 11:01:51.074, 4, 24576, 542, 23716, 0, 0
2025/01/11 11:01:51.175, 4, 24576, 546, 23712, 0, 0
2025/01/11 11:01:51.277, 4, 24576, 546, 23712, 0, 0
2025/01/11 11:01:51.377, 4, 24576, 546, 23712, 0, 0
2025/01/11 11:01:51.478, 4, 24576, 546, 23712, 0, 0
2025/01/11 11:01:51.579, 4, 24576, 546, 23712, 0, 0
2025/01/11 11:01:51.680, 4, 24576, 554, 23704, 0, 0
2025/01/11 11:01:51.780, 4, 24576, 554, 23704, 0, 0
2025/01/11 11:01:51.881, 4, 24576, 556, 23702, 0, 0
2025/01/11 11:01:51.982, 4, 24576, 556, 23702, 0, 0
2025/01/11 11:01:52.082, 4, 24576, 1356, 22902, 1, 0
2025/01/11 11:01:52.183, 4, 24576, 1512, 22746, 1, 0
2025/01/11 11:01:52.284, 4, 24576, 1650, 22608, 28, 15
2025/01/11 11:01:52.385, 4, 24576, 1650, 22608, 28, 15
2025/01/11 11:01:52.486, 4, 24576, 1650, 22608, 69, 38
2025/01/11 11:01:52.586, 4, 24576, 1650, 22608, 69, 38
2025/01/11 11:01:52.687, 4, 24576, 1650, 22608, 66, 39
2025/01/11 11:01:52.788, 4, 24576, 1650, 22608, 66, 39
2025/01/11 11:01:52.889, 4, 24576, 1650, 22608, 66, 39
2025/01/11 11:01:52.990, 4, 24576, 1650, 22608, 66, 39
2025/01/11 11:01:53.091, 4, 24576, 1650, 22608, 64, 38
2025/01/11 11:01:53.193, 4, 24576, 1650, 22608, 64, 38
2025/01/11 11:01:53.294, 4, 24576, 1650, 22608, 64, 38
2025/01/11 11:01:53.395, 4, 24576, 1650, 22608, 64, 38
2025/01/11 11:01:53.495, 4, 24576, 1650, 22608, 66, 39
2025/01/11 11:01:53.596, 4, 24576, 1650, 22608, 66, 39
2025/01/11 11:01:53.697, 4, 24576, 1650, 22608, 65, 39
2025/01/11 11:01:53.798, 4, 24576, 1650, 22608, 65, 39
2025/01/11 11:01:53.898, 4, 24576, 1650, 22608, 64, 37
2025/01/11 11:01:53.999, 4, 24576, 1650, 22608, 64, 37
2025/01/11 11:01:54.100, 4, 24576, 1650, 22608, 65, 38
2025/01/11 11:01:54.201, 4, 24576, 1650, 22608, 65, 38
2025/01/11 11:01:54.301, 4, 24576, 1650, 22608, 61, 36
2025/01/11 11:01:54.402, 4, 24576, 1650, 22608, 61, 36
2025/01/11 11:01:54.503, 4, 24576, 1650, 22608, 66, 39
2025/01/11 11:01:54.604, 4, 24576, 1650, 22608, 66, 39
2025/01/11 11:01:54.704, 4, 24576, 1650, 22608, 61, 35
2025/01/11 11:01:54.805, 4, 24576, 1650, 22608, 61, 35
2025/01/11 11:01:54.906, 4, 24576, 1650, 22608, 68, 40
2025/01/11 11:01:55.007, 4, 24576, 1650, 22608, 68, 40
2025/01/11 11:01:55.108, 4, 24576, 1650, 22608, 64, 38
2025/01/11 11:01:55.209, 4, 24576, 1650, 22608, 64, 38
2025/01/11 11:01:55.310, 4, 24576, 1650, 22608, 64, 38
2025/01/11 11:01:55.411, 4, 24576, 1650, 22608, 64, 38
2025/01/11 11:01:55.512, 4, 24576, 1650, 22608, 62, 37
2025/01/11 11:01:55.613, 4, 24576, 1650, 22608, 62, 37
2025/01/11 11:01:55.714, 4, 24576, 1650, 22608, 68, 40
2025/01/11 11:01:55.814, 4, 24576, 1650, 22608, 68, 40
2025/01/11 11:01:55.915, 4, 24576, 1650, 22608, 69, 41
2025/01/11 11:01:56.016, 4, 24576, 1650, 22608, 69, 41
2025/01/11 11:01:56.117, 4, 24576, 1650, 22608, 75, 44
2025/01/11 11:01:56.217, 4, 24576, 1650, 22608, 75, 44
2025/01/11 11:01:56.318, 4, 24576, 1650, 22608, 61, 36
2025/01/11 11:01:56.419, 4, 24576, 1650, 22608, 61, 36
2025/01/11 11:01:56.520, 4, 24576, 1650, 22608, 65, 39
2025/01/11 11:01:56.620, 4, 24576, 1650, 22608, 65, 39
2025/01/11 11:01:56.721, 4, 24576, 1650, 22608, 67, 40
2025/01/11 11:01:56.822, 4, 24576, 1650, 22608, 67, 40
2025/01/11 11:01:56.923, 4, 24576, 1650, 22608, 65, 39
2025/01/11 11:01:57.024, 4, 24576, 1650, 22608, 65, 39
2025/01/11 11:01:57.124, 4, 24576, 1650, 22608, 63, 37
2025/01/11 11:01:57.225, 4, 24576, 1650, 22608, 63, 37
2025/01/11 11:01:57.326, 4, 24576, 1650, 22608, 58, 35
2025/01/11 11:01:57.427, 4, 24576, 1650, 22608, 58, 35
2025/01/11 11:01:57.528, 4, 24576, 1650, 22608, 64, 38
2025/01/11 11:01:57.629, 4, 24576, 1650, 22608, 65, 38
2025/01/11 11:01:57.732, 4, 24576, 1650, 22608, 65, 38
2025/01/11 11:01:57.834, 4, 24576, 1650, 22608, 69, 41
2025/01/11 11:01:57.934, 4, 24576, 1650, 22608, 69, 41
2025/01/11 11:01:58.035, 4, 24576, 1650, 22608, 65, 38
2025/01/11 11:01:58.136, 4, 24576, 1650, 22608, 65, 38
2025/01/11 11:01:58.237, 4, 24576, 1650, 22608, 64, 38
2025/01/11 11:01:58.337, 4, 24576, 1650, 22608, 64, 38
2025/01/11 11:01:58.438, 4, 24576, 1650, 22608, 62, 37
2025/01/11 11:01:58.539, 4, 24576, 1650, 22608, 62, 37
2025/01/11 11:01:58.640, 4, 24576, 1650, 22608, 64, 38
2025/01/11 11:01:58.740, 4, 24576, 1650, 22608, 64, 38
2025/01/11 11:01:58.841, 4, 24576, 1650, 22608, 65, 38
2025/01/11 11:01:58.942, 4, 24576, 1650, 22608, 65, 38
2025/01/11 11:01:59.043, 4, 24576, 1650, 22608, 64, 38
2025/01/11 11:01:59.143, 4, 24576, 1650, 22608, 64, 38
2025/01/11 11:01:59.244, 4, 24576, 1650, 22608, 57, 34
2025/01/11 11:01:59.345, 4, 24576, 1650, 22608, 57, 34
2025/01/11 11:01:59.445, 4, 24576, 1650, 22608, 61, 37
2025/01/11 11:01:59.546, 4, 24576, 1650, 22608, 61, 37
2025/01/11 11:01:59.647, 4, 24576, 1650, 22608, 65, 38
2025/01/11 11:01:59.748, 4, 24576, 1650, 22608, 65, 38
2025/01/11 11:01:59.849, 4, 24576, 1650, 22608, 63, 37
2025/01/11 11:01:59.950, 4, 24576, 1650, 22608, 63, 37
2025/01/11 11:02:00.051, 4, 24576, 1650, 22608, 60, 36
2025/01/11 11:02:00.152, 4, 24576, 1650, 22608, 60, 36
2025/01/11 11:02:00.253, 4, 24576, 1650, 22608, 68, 41
2025/01/11 11:02:00.354, 4, 24576, 1650, 22608, 68, 41
2025/01/11 11:02:00.454, 4, 24576, 1650, 22608, 69, 40
2025/01/11 11:02:00.556, 4, 24576, 1650, 22608, 69, 40
2025/01/11 11:02:00.656, 4, 24576, 1650, 22608, 64, 38
2025/01/11 11:02:00.757, 4, 24576, 1650, 22608, 64, 38
2025/01/11 11:02:00.858, 4, 24576, 1650, 22608, 66, 39
2025/01/11 11:02:00.959, 4, 24576, 1650, 22608, 66, 39
2025/01/11 11:02:01.059, 4, 24576, 1650, 22608, 60, 35
2025/01/11 11:02:01.160, 4, 24576, 1650, 22608, 60, 35
2025/01/11 11:02:01.261, 4, 24576, 1650, 22608, 61, 37
2025/01/11 11:02:01.363, 4, 24576, 1650, 22608, 61, 37
2025/01/11 11:02:01.463, 4, 24576, 1650, 22608, 59, 35
2025/01/11 11:02:01.564, 4, 24576, 1650, 22608, 59, 35
2025/01/11 11:02:01.665, 4, 24576, 1650, 22608, 56, 33
2025/01/11 11:02:01.766, 4, 24576, 1650, 22608, 56, 33
2025/01/11 11:02:01.867, 4, 24576, 1650, 22608, 56, 33
2025/01/11 11:02:01.968, 4, 24576, 1650, 22608, 56, 33
2025/01/11 11:02:02.069, 4, 24576, 1650, 22608, 56, 33
2025/01/11 11:02:02.170, 4, 24576, 1650, 22608, 56, 33
2025/01/11 11:02:02.271, 4, 24576, 1650, 22608, 53, 32
2025/01/11 11:02:02.371, 4, 24576, 1650, 22608, 53, 32
2025/01/11 11:02:02.472, 4, 24576, 1650, 22608, 55, 32
2025/01/11 11:02:02.573, 4, 24576, 1650, 22608, 55, 32
2025/01/11 11:02:02.673, 4, 24576, 1650, 22608, 59, 35
2025/01/11 11:02:02.774, 4, 24576, 1650, 22608, 59, 35
2025/01/11 11:02:02.875, 4, 24576, 1650, 22608, 61, 36
2025/01/11 11:02:02.976, 4, 24576, 1650, 22608, 61, 36
2025/01/11 11:02:03.076, 4, 24576, 1650, 22608, 62, 36
2025/01/11 11:02:03.177, 4, 24576, 1650, 22608, 62, 36
2025/01/11 11:02:03.278, 4, 24576, 1650, 22608, 62, 37
2025/01/11 11:02:03.379, 4, 24576, 1650, 22608, 62, 37
2025/01/11 11:02:03.479, 4, 24576, 1650, 22608, 63, 37
2025/01/11 11:02:03.580, 4, 24576, 1650, 22608, 63, 37
2025/01/11 11:02:03.681, 4, 24576, 1650, 22608, 60, 36
2025/01/11 11:02:03.782, 4, 24576, 1650, 22608, 60, 36
2025/01/11 11:02:03.882, 4, 24576, 1650, 22608, 60, 35
2025/01/11 11:02:03.983, 4, 24576, 1650, 22608, 60, 35
2025/01/11 11:02:04.084, 4, 24576, 1650, 22608, 62, 37
2025/01/11 11:02:04.185, 4, 24576, 1650, 22608, 62, 37
2025/01/11 11:02:04.285, 4, 24576, 1650, 22608, 65, 38
2025/01/11 11:02:04.386, 4, 24576, 1650, 22608, 65, 38
2025/01/11 11:02:04.487, 4, 24576, 1650, 22608, 60, 36
2025/01/11 11:02:04.588, 4, 24576, 1650, 22608, 60, 36
2025/01/11 11:02:04.689, 4, 24576, 1650, 22608, 64, 37
2025/01/11 11:02:04.790, 4, 24576, 1650, 22608, 64, 37
2025/01/11 11:02:04.891, 4, 24576, 1650, 22608, 62, 36
2025/01/11 11:02:04.992, 4, 24576, 1650, 22608, 62, 36
2025/01/11 11:02:05.092, 4, 24576, 1650, 22608, 65, 39
2025/01/11 11:02:05.193, 4, 24576, 1650, 22608, 65, 39
2025/01/11 11:02:05.294, 4, 24576, 1650, 22608, 66, 39
2025/01/11 11:02:05.394, 4, 24576, 1650, 22608, 66, 39
2025/01/11 11:02:05.495, 4, 24576, 1650, 22608, 61, 36
2025/01/11 11:02:05.596, 4, 24576, 1650, 22608, 61, 36
2025/01/11 11:02:05.697, 4, 24576, 1650, 22608, 63, 37
2025/01/11 11:02:05.797, 4, 24576, 1650, 22608, 63, 37
2025/01/11 11:02:05.898, 4, 24576, 1650, 22608, 66, 39
2025/01/11 11:02:05.999, 4, 24576, 1650, 22608, 66, 39
2025/01/11 11:02:06.099, 4, 24576, 1650, 22608, 63, 37
2025/01/11 11:02:06.200, 4, 24576, 1650, 22608, 63, 37
2025/01/11 11:02:06.301, 4, 24576, 1650, 22608, 62, 36
2025/01/11 11:02:06.402, 4, 24576, 1650, 22608, 62, 36
2025/01/11 11:02:06.503, 4, 24576, 1650, 22608, 62, 37
2025/01/11 11:02:06.603, 4, 24576, 1650, 22608, 62, 37
2025/01/11 11:02:06.704, 4, 24576, 1650, 22608, 65, 38
2025/01/11 11:02:06.805, 4, 24576, 1650, 22608, 65, 38
2025/01/11 11:02:06.906, 4, 24576, 1650, 22608, 62, 37
2025/01/11 11:02:07.007, 4, 24576, 1650, 22608, 62, 37
2025/01/11 11:02:07.108, 4, 24576, 1650, 22608, 64, 38
2025/01/11 11:02:07.209, 4, 24576, 1650, 22608, 64, 38
2025/01/11 11:02:07.310, 4, 24576, 1650, 22608, 63, 37
2025/01/11 11:02:07.411, 4, 24576, 1650, 22608, 63, 37
2025/01/11 11:02:07.512, 4, 24576, 1650, 22608, 62, 36
2025/01/11 11:02:07.614, 4, 24576, 1650, 22608, 62, 36
2025/01/11 11:02:07.714, 4, 24576, 1650, 22608, 64, 39
2025/01/11 11:02:07.815, 4, 24576, 1650, 22608, 64, 39
2025/01/11 11:02:07.916, 4, 24576, 1650, 22608, 53, 31
2025/01/11 11:02:08.016, 4, 24576, 1650, 22608, 53, 31
2025/01/11 11:02:08.117, 4, 24576, 1650, 22608, 53, 4
2025/01/11 11:02:08.218, 4, 24576, 1650, 22608, 53, 4
2025/01/11 11:02:08.319, 4, 24576, 1650, 22608, 63, 38
2025/01/11 11:02:08.419, 4, 24576, 1650, 22608, 63, 38
2025/01/11 11:02:08.520, 4, 24576, 1650, 22608, 67, 39
2025/01/11 11:02:08.621, 4, 24576, 1650, 22608, 67, 39
2025/01/11 11:02:08.723, 4, 24576, 1650, 22608, 66, 39
2025/01/11 11:02:08.824, 4, 24576, 1650, 22608, 66, 39
2025/01/11 11:02:08.925, 4, 24576, 1650, 22608, 64, 38
2025/01/11 11:02:09.026, 4, 24576, 1650, 22608, 68, 40
2025/01/11 11:02:09.129, 4, 24576, 1650, 22608, 68, 40
2025/01/11 11:02:09.229, 4, 24576, 1650, 22608, 65, 38
2025/01/11 11:02:09.331, 4, 24576, 1650, 22608, 65, 38
2025/01/11 11:02:09.431, 4, 24576, 1650, 22608, 59, 35
2025/01/11 11:02:09.532, 4, 24576, 1650, 22608, 59, 35
2025/01/11 11:02:09.633, 4, 24576, 1650, 22608, 64, 38
2025/01/11 11:02:09.734, 4, 24576, 1650, 22608, 64, 38
2025/01/11 11:02:09.834, 4, 24576, 1650, 22608, 67, 39
2025/01/11 11:02:09.935, 4, 24576, 1650, 22608, 67, 39
2025/01/11 11:02:10.036, 4, 24576, 1650, 22608, 62, 36
2025/01/11 11:02:10.137, 4, 24576, 1650, 22608, 62, 36
2025/01/11 11:02:10.237, 4, 24576, 1650, 22608, 64, 38
2025/01/11 11:02:10.338, 4, 24576, 1650, 22608, 64, 38
2025/01/11 11:02:10.439, 4, 24576, 1650, 22608, 65, 38
2025/01/11 11:02:10.540, 4, 24576, 1650, 22608, 65, 38
2025/01/11 11:02:10.640, 4, 24576, 1650, 22608, 64, 38
2025/01/11 11:02:10.741, 4, 24576, 1650, 22608, 64, 38
2025/01/11 11:02:10.842, 4, 24576, 1650, 22608, 65, 38
2025/01/11 11:02:10.942, 4, 24576, 1650, 22608, 65, 38
2025/01/11 11:02:11.044, 4, 24576, 1650, 22608, 65, 39
2025/01/11 11:02:11.145, 4, 24576, 1650, 22608, 65, 39
2025/01/11 11:02:11.246, 4, 24576, 1650, 22608, 62, 37
2025/01/11 11:02:11.347, 4, 24576, 1650, 22608, 62, 37
2025/01/11 11:02:11.448, 4, 24576, 1650, 22608, 67, 40
2025/01/11 11:02:11.548, 4, 24576, 1650, 22608, 67, 40
2025/01/11 11:02:11.649, 4, 24576, 1650, 22608, 64, 37
2025/01/11 11:02:11.750, 4, 24576, 1650, 22608, 64, 37
2025/01/11 11:02:11.851, 4, 24576, 1650, 22608, 64, 38
2025/01/11 11:02:11.952, 4, 24576, 1650, 22608, 64, 38
2025/01/11 11:02:12.052, 4, 24576, 1650, 22608, 66, 39
2025/01/11 11:02:12.153, 4, 24576, 1650, 22608, 66, 39
2025/01/11 11:02:12.254, 4, 24576, 1650, 22608, 66, 39
2025/01/11 11:02:12.355, 4, 24576, 1650, 22608, 66, 39
2025/01/11 11:02:12.455, 4, 24576, 1650, 22608, 69, 40
2025/01/11 11:02:12.556, 4, 24576, 1650, 22608, 69, 40
2025/01/11 11:02:12.657, 4, 24576, 1650, 22608, 66, 39
2025/01/11 11:02:12.758, 4, 24576, 1650, 22608, 66, 39
2025/01/11 11:02:12.859, 4, 24576, 1650, 22608, 65, 39
2025/01/11 11:02:12.959, 4, 24576, 1650, 22608, 65, 39
2025/01/11 11:02:13.061, 4, 24576, 1650, 22608, 65, 38
2025/01/11 11:02:13.162, 4, 24576, 1650, 22608, 65, 38
2025/01/11 11:02:13.263, 4, 24576, 1650, 22608, 69, 41
2025/01/11 11:02:13.364, 4, 24576, 1650, 22608, 69, 41
2025/01/11 11:02:13.465, 4, 24576, 1650, 22608, 66, 39
2025/01/11 11:02:13.566, 4, 24576, 1650, 22608, 66, 39
2025/01/11 11:02:13.667, 4, 24576, 1650, 22608, 67, 39
2025/01/11 11:02:13.768, 4, 24576, 1650, 22608, 67, 39
2025/01/11 11:02:13.869, 4, 24576, 1650, 22608, 66, 39
2025/01/11 11:02:13.969, 4, 24576, 1650, 22608, 66, 39
2025/01/11 11:02:14.070, 4, 24576, 1650, 22608, 62, 36
2025/01/11 11:02:14.171, 4, 24576, 1650, 22608, 62, 36
2025/01/11 11:02:14.272, 4, 24576, 1650, 22608, 61, 36
2025/01/11 11:02:14.373, 4, 24576, 1650, 22608, 61, 36
2025/01/11 11:02:14.473, 4, 24576, 1650, 22608, 65, 38
2025/01/11 11:02:14.574, 4, 24576, 1650, 22608, 65, 38
2025/01/11 11:02:14.675, 4, 24576, 1650, 22608, 62, 37
2025/01/11 11:02:14.776, 4, 24576, 1650, 22608, 62, 37
2025/01/11 11:02:14.877, 4, 24576, 1650, 22608, 68, 40
2025/01/11 11:02:14.978, 4, 24576, 1650, 22608, 68, 40
2025/01/11 11:02:15.079, 4, 24576, 1650, 22608, 67, 40
2025/01/11 11:02:15.179, 4, 24576, 1650, 22608, 67, 40
2025/01/11 11:02:15.280, 4, 24576, 1650, 22608, 64, 38
2025/01/11 11:02:15.381, 4, 24576, 1650, 22608, 64, 38
2025/01/11 11:02:15.482, 4, 24576, 1650, 22608, 66, 38
2025/01/11 11:02:15.583, 4, 24576, 1650, 22608, 66, 38
2025/01/11 11:02:15.684, 4, 24576, 1650, 22608, 65, 39
2025/01/11 11:02:15.786, 4, 24576, 1650, 22608, 65, 39
2025/01/11 11:02:15.886, 4, 24576, 1650, 22608, 62, 36
2025/01/11 11:02:15.987, 4, 24576, 1650, 22608, 62, 36
2025/01/11 11:02:16.088, 4, 24576, 1650, 22608, 67, 39
2025/01/11 11:02:16.189, 4, 24576, 1650, 22608, 67, 39
2025/01/11 11:02:16.289, 4, 24576, 1650, 22608, 66, 39
2025/01/11 11:02:16.390, 4, 24576, 1650, 22608, 66, 39
2025/01/11 11:02:16.491, 4, 24576, 1650, 22608, 64, 38
2025/01/11 11:02:16.592, 4, 24576, 1650, 22608, 64, 38
2025/01/11 11:02:16.692, 4, 24576, 1650, 22608, 65, 38
2025/01/11 11:02:16.793, 4, 24576, 1650, 22608, 65, 38
2025/01/11 11:02:16.894, 4, 24576, 1650, 22608, 64, 38
2025/01/11 11:02:16.995, 4, 24576, 1650, 22608, 64, 38
2025/01/11 11:02:17.095, 4, 24576, 1650, 22608, 66, 39
2025/01/11 11:02:17.196, 4, 24576, 1650, 22608, 66, 39
2025/01/11 11:02:17.297, 4, 24576, 1650, 22608, 70, 42
2025/01/11 11:02:17.398, 4, 24576, 1650, 22608, 70, 42
2025/01/11 11:02:17.498, 4, 24576, 1650, 22608, 70, 41
2025/01/11 11:02:17.599, 4, 24576, 1650, 22608, 70, 41
2025/01/11 11:02:17.700, 4, 24576, 1650, 22608, 71, 42
2025/01/11 11:02:17.801, 4, 24576, 1650, 22608, 71, 42
2025/01/11 11:02:17.902, 4, 24576, 1650, 22608, 66, 39
2025/01/11 11:02:18.003, 4, 24576, 1650, 22608, 66, 39
2025/01/11 11:02:18.104, 4, 24576, 1650, 22608, 67, 40
2025/01/11 11:02:18.205, 4, 24576, 1650, 22608, 67, 40
2025/01/11 11:02:18.306, 4, 24576, 1650, 22608, 66, 39
2025/01/11 11:02:18.406, 4, 24576, 1650, 22608, 66, 39
2025/01/11 11:02:18.507, 4, 24576, 1650, 22608, 63, 37
2025/01/11 11:02:18.608, 4, 24576, 1650, 22608, 63, 37
2025/01/11 11:02:18.709, 4, 24576, 1650, 22608, 67, 39
2025/01/11 11:02:18.809, 4, 24576, 1650, 22608, 67, 39
2025/01/11 11:02:18.910, 4, 24576, 1650, 22608, 65, 38
2025/01/11 11:02:19.011, 4, 24576, 1650, 22608, 65, 38
2025/01/11 11:02:19.111, 4, 24576, 1650, 22608, 67, 40
2025/01/11 11:02:19.212, 4, 24576, 1650, 22608, 67, 40
2025/01/11 11:02:19.313, 4, 24576, 1650, 22608, 76, 45
2025/01/11 11:02:19.414, 4, 24576, 1650, 22608, 76, 45
2025/01/11 11:02:19.514, 4, 24576, 1650, 22608, 74, 43
2025/01/11 11:02:19.615, 4, 24576, 1650, 22608, 74, 43
2025/01/11 11:02:19.716, 4, 24576, 1650, 22608, 70, 42
2025/01/11 11:02:19.817, 4, 24576, 1650, 22608, 70, 42
2025/01/11 11:02:19.918, 4, 24576, 1650, 22608, 65, 38
2025/01/11 11:02:20.018, 4, 24576, 1650, 22608, 65, 38
2025/01/11 11:02:20.119, 4, 24576, 1650, 22608, 65, 38
2025/01/11 11:02:20.220, 4, 24576, 1650, 22608, 65, 38
2025/01/11 11:02:20.321, 4, 24576, 1650, 22608, 69, 41
2025/01/11 11:02:20.422, 4, 24576, 1650, 22608, 67, 39
2025/01/11 11:02:20.525, 4, 24576, 1650, 22608, 67, 39
2025/01/11 11:02:20.625, 4, 24576, 1650, 22608, 66, 39
2025/01/11 11:02:20.726, 4, 24576, 1650, 22608, 66, 39
2025/01/11 11:02:20.827, 4, 24576, 1650, 22608, 65, 38
2025/01/11 11:02:20.927, 4, 24576, 1650, 22608, 65, 38
2025/01/11 11:02:21.028, 4, 24576, 1650, 22608, 69, 41
2025/01/11 11:02:21.129, 4, 24576, 1650, 22608, 69, 41
2025/01/11 11:02:21.230, 4, 24576, 1650, 22608, 62, 36
2025/01/11 11:02:21.331, 4, 24576, 1650, 22608, 62, 36
2025/01/11 11:02:21.431, 4, 24576, 1650, 22608, 63, 38
2025/01/11 11:02:21.532, 4, 24576, 1650, 22608, 63, 38
2025/01/11 11:02:21.633, 4, 24576, 1650, 22608, 65, 38
2025/01/11 11:02:21.734, 4, 24576, 1650, 22608, 65, 38
2025/01/11 11:02:21.834, 4, 24576, 1650, 22608, 60, 36
2025/01/11 11:02:21.935, 4, 24576, 1650, 22608, 60, 36
2025/01/11 11:02:22.036, 4, 24576, 1650, 22608, 66, 39
2025/01/11 11:02:22.137, 4, 24576, 1650, 22608, 66, 39
2025/01/11 11:02:22.237, 4, 24576, 1650, 22608, 67, 40
2025/01/11 11:02:22.338, 4, 24576, 1650, 22608, 67, 40
2025/01/11 11:02:22.439, 4, 24576, 1650, 22608, 64, 37
2025/01/11 11:02:22.540, 4, 24576, 1650, 22608, 64, 37
2025/01/11 11:02:22.641, 4, 24576, 1650, 22608, 62, 36
2025/01/11 11:02:22.742, 4, 24576, 1650, 22608, 62, 36
2025/01/11 11:02:22.843, 4, 24576, 1650, 22608, 65, 39
2025/01/11 11:02:22.944, 4, 24576, 1650, 22608, 65, 39
2025/01/11 11:02:23.044, 4, 24576, 1650, 22608, 68, 40
2025/01/11 11:02:23.145, 4, 24576, 1650, 22608, 68, 40
2025/01/11 11:02:23.246, 4, 24576, 1650, 22608, 63, 37
2025/01/11 11:02:23.347, 4, 24576, 1650, 22608, 63, 37
2025/01/11 11:02:23.448, 4, 24576, 1650, 22608, 60, 35
2025/01/11 11:02:23.548, 4, 24576, 1650, 22608, 60, 35
2025/01/11 11:02:23.649, 4, 24576, 1650, 22608, 68, 40
2025/01/11 11:02:23.750, 4, 24576, 1650, 22608, 68, 40
2025/01/11 11:02:23.851, 4, 24576, 1650, 22608, 62, 37
2025/01/11 11:02:23.953, 4, 24576, 1650, 22608, 62, 37
2025/01/11 11:02:24.053, 4, 24576, 1650, 22608, 58, 34
2025/01/11 11:02:24.154, 4, 24576, 1650, 22608, 58, 34
2025/01/11 11:02:24.255, 4, 24576, 1650, 22608, 65, 39
2025/01/11 11:02:24.356, 4, 24576, 1650, 22608, 65, 39
2025/01/11 11:02:24.456, 4, 24576, 1650, 22608, 65, 38
2025/01/11 11:02:24.557, 4, 24576, 1650, 22608, 65, 38
2025/01/11 11:02:24.658, 4, 24576, 1650, 22608, 63, 37
2025/01/11 11:02:24.759, 4, 24576, 1650, 22608, 63, 37
2025/01/11 11:02:24.859, 4, 24576, 1650, 22608, 63, 38
2025/01/11 11:02:24.961, 4, 24576, 1650, 22608, 63, 38
2025/01/11 11:02:25.061, 4, 24576, 1650, 22608, 61, 35
2025/01/11 11:02:25.163, 4, 24576, 1650, 22608, 61, 35
2025/01/11 11:02:25.264, 4, 24576, 1650, 22608, 59, 35
2025/01/11 11:02:25.364, 4, 24576, 1650, 22608, 59, 35
2025/01/11 11:02:25.465, 4, 24576, 1650, 22608, 57, 34
2025/01/11 11:02:25.566, 4, 24576, 1650, 22608, 57, 34
2025/01/11 11:02:25.667, 4, 24576, 1650, 22608, 65, 38
2025/01/11 11:02:25.767, 4, 24576, 1650, 22608, 65, 38
2025/01/11 11:02:25.868, 4, 24576, 1650, 22608, 63, 37
2025/01/11 11:02:25.969, 4, 24576, 1650, 22608, 63, 37
2025/01/11 11:02:26.070, 4, 24576, 1650, 22608, 63, 37
2025/01/11 11:02:26.171, 4, 24576, 1650, 22608, 63, 37
2025/01/11 11:02:26.272, 4, 24576, 1650, 22608, 64, 37
2025/01/11 11:02:26.372, 4, 24576, 1650, 22608, 64, 37
2025/01/11 11:02:26.473, 4, 24576, 1650, 22608, 63, 37
2025/01/11 11:02:26.574, 4, 24576, 1650, 22608, 63, 37
2025/01/11 11:02:26.675, 4, 24576, 1650, 22608, 62, 37
2025/01/11 11:02:26.775, 4, 24576, 1650, 22608, 62, 37
2025/01/11 11:02:26.876, 4, 24576, 1650, 22608, 68, 40
2025/01/11 11:02:26.977, 4, 24576, 1650, 22608, 68, 40
2025/01/11 11:02:27.078, 4, 24576, 1650, 22608, 66, 39
2025/01/11 11:02:27.179, 4, 24576, 1650, 22608, 66, 39
2025/01/11 11:02:27.280, 4, 24576, 1650, 22608, 67, 39
2025/01/11 11:02:27.381, 4, 24576, 1650, 22608, 67, 39
2025/01/11 11:02:27.482, 4, 24576, 1650, 22608, 66, 39
2025/01/11 11:02:27.583, 4, 24576, 1650, 22608, 66, 39
2025/01/11 11:02:27.684, 4, 24576, 1650, 22608, 67, 40
2025/01/11 11:02:27.784, 4, 24576, 1650, 22608, 67, 40
2025/01/11 11:02:27.885, 4, 24576, 1650, 22608, 65, 38
2025/01/11 11:02:27.986, 4, 24576, 1650, 22608, 65, 38
2025/01/11 11:02:28.087, 4, 24576, 1650, 22608, 68, 40
2025/01/11 11:02:28.187, 4, 24576, 1650, 22608, 68, 40
2025/01/11 11:02:28.288, 4, 24576, 1650, 22608, 67, 40
2025/01/11 11:02:28.389, 4, 24576, 1650, 22608, 67, 40
2025/01/11 11:02:28.490, 4, 24576, 1650, 22608, 62, 37
2025/01/11 11:02:28.590, 4, 24576, 1650, 22608, 62, 37
2025/01/11 11:02:28.691, 4, 24576, 1650, 22608, 67, 40
2025/01/11 11:02:28.792, 4, 24576, 1650, 22608, 67, 40
2025/01/11 11:02:28.893, 4, 24576, 1650, 22608, 67, 39
2025/01/11 11:02:28.993, 4, 24576, 1650, 22608, 67, 39
2025/01/11 11:02:29.096, 4, 24576, 1650, 22608, 65, 39
2025/01/11 11:02:29.196, 4, 24576, 1650, 22608, 65, 39
2025/01/11 11:02:29.297, 4, 24576, 1650, 22608, 62, 37
2025/01/11 11:02:29.398, 4, 24576, 1650, 22608, 62, 37
2025/01/11 11:02:29.499, 4, 24576, 1650, 22608, 62, 36
2025/01/11 11:02:29.600, 4, 24576, 1650, 22608, 62, 36
2025/01/11 11:02:29.701, 4, 24576, 1650, 22608, 64, 39
2025/01/11 11:02:29.802, 4, 24576, 1650, 22608, 64, 39
2025/01/11 11:02:29.903, 4, 24576, 1650, 22608, 68, 40
2025/01/11 11:02:30.003, 4, 24576, 1650, 22608, 68, 40
2025/01/11 11:02:30.105, 4, 24576, 1650, 22608, 63, 37
2025/01/11 11:02:30.206, 4, 24576, 1650, 22608, 63, 37
2025/01/11 11:02:30.306, 4, 24576, 1650, 22608, 64, 37
2025/01/11 11:02:30.407, 4, 24576, 1650, 22608, 64, 37
2025/01/11 11:02:30.508, 4, 24576, 1650, 22608, 65, 38
2025/01/11 11:02:30.609, 4, 24576, 1650, 22608, 65, 38
2025/01/11 11:02:30.709, 4, 24576, 1650, 22608, 64, 38
2025/01/11 11:02:30.810, 4, 24576, 1650, 22608, 64, 38
2025/01/11 11:02:30.911, 4, 24576, 1650, 22608, 67, 39
2025/01/11 11:02:31.012, 4, 24576, 1650, 22608, 67, 39
2025/01/11 11:02:31.112, 4, 24576, 1650, 22608, 64, 37
2025/01/11 11:02:31.213, 4, 24576, 1650, 22608, 64, 37
2025/01/11 11:02:31.314, 4, 24576, 1650, 22608, 63, 37
2025/01/11 11:02:31.415, 4, 24576, 1650, 22608, 63, 37
2025/01/11 11:02:31.516, 4, 24576, 1650, 22608, 64, 38
2025/01/11 11:02:31.616, 4, 24576, 1650, 22608, 64, 38
2025/01/11 11:02:31.718, 4, 24576, 1650, 22608, 64, 38
2025/01/11 11:02:31.819, 4, 24576, 1650, 22608, 64, 38
2025/01/11 11:02:31.921, 4, 24576, 1650, 22608, 64, 38
2025/01/11 11:02:32.022, 4, 24576, 1650, 22608, 63, 37
2025/01/11 11:02:32.123, 4, 24576, 1650, 22608, 63, 37
2025/01/11 11:02:32.224, 4, 24576, 1650, 22608, 66, 39
2025/01/11 11:02:32.324, 4, 24576, 1650, 22608, 66, 39
2025/01/11 11:02:32.425, 4, 24576, 1650, 22608, 66, 39
2025/01/11 11:02:32.526, 4, 24576, 1650, 22608, 66, 39
2025/01/11 11:02:32.627, 4, 24576, 1650, 22608, 67, 40
2025/01/11 11:02:32.727, 4, 24576, 1650, 22608, 67, 40
2025/01/11 11:02:32.828, 4, 24576, 1650, 22608, 67, 40
2025/01/11 11:02:32.929, 4, 24576, 1650, 22608, 67, 40
2025/01/11 11:02:33.029, 4, 24576, 1650, 22608, 67, 39
2025/01/11 11:02:33.130, 4, 24576, 1650, 22608, 67, 39
2025/01/11 11:02:33.231, 4, 24576, 1650, 22608, 67, 40
2025/01/11 11:02:33.332, 4, 24576, 1650, 22608, 67, 40
2025/01/11 11:02:33.432, 4, 24576, 1650, 22608, 67, 40
2025/01/11 11:02:33.533, 4, 24576, 1650, 22608, 67, 40
2025/01/11 11:02:33.634, 4, 24576, 1650, 22608, 67, 40
2025/01/11 11:02:33.735, 4, 24576, 1650, 22608, 67, 40
2025/01/11 11:02:33.835, 4, 24576, 1650, 22608, 65, 38
2025/01/11 11:02:33.936, 4, 24576, 1650, 22608, 65, 38
2025/01/11 11:02:34.037, 4, 24576, 1650, 22608, 67, 39
2025/01/11 11:02:34.138, 4, 24576, 1650, 22608, 67, 39
2025/01/11 11:02:34.239, 4, 24576, 1650, 22608, 58, 35
2025/01/11 11:02:34.340, 4, 24576, 1650, 22608, 58, 35
2025/01/11 11:02:34.441, 4, 24576, 1650, 22608, 61, 36
2025/01/11 11:02:34.542, 4, 24576, 1650, 22608, 61, 36
2025/01/11 11:02:34.643, 4, 24576, 1650, 22608, 62, 37
2025/01/11 11:02:34.743, 4, 24576, 1650, 22608, 62, 37
2025/01/11 11:02:34.844, 4, 24576, 1650, 22608, 66, 39
2025/01/11 11:02:34.945, 4, 24576, 1650, 22608, 66, 39
2025/01/11 11:02:35.046, 4, 24576, 1650, 22608, 63, 36
2025/01/11 11:02:35.146, 4, 24576, 1650, 22608, 63, 36
2025/01/11 11:02:35.247, 4, 24576, 1650, 22608, 65, 38
2025/01/11 11:02:35.348, 4, 24576, 1650, 22608, 65, 38
2025/01/11 11:02:35.449, 4, 24576, 1650, 22608, 62, 37
2025/01/11 11:02:35.549, 4, 24576, 1650, 22608, 62, 37
2025/01/11 11:02:35.650, 4, 24576, 1650, 22608, 62, 36
2025/01/11 11:02:35.751, 4, 24576, 1650, 22608, 62, 36
2025/01/11 11:02:35.852, 4, 24576, 1650, 22608, 67, 40
2025/01/11 11:02:35.952, 4, 24576, 1650, 22608, 67, 40
2025/01/11 11:02:36.053, 4, 24576, 1650, 22608, 59, 35
2025/01/11 11:02:36.154, 4, 24576, 1650, 22608, 59, 35
2025/01/11 11:02:36.254, 4, 24576, 1650, 22608, 64, 37
2025/01/11 11:02:36.355, 4, 24576, 1650, 22608, 64, 37
2025/01/11 11:02:36.456, 4, 24576, 1650, 22608, 69, 41
2025/01/11 11:02:36.557, 4, 24576, 1650, 22608, 69, 41
2025/01/11 11:02:36.658, 4, 24576, 1650, 22608, 56, 33
2025/01/11 11:02:36.759, 4, 24576, 1650, 22608, 56, 33
2025/01/11 11:02:36.860, 4, 24576, 1650, 22608, 62, 36
2025/01/11 11:02:36.961, 4, 24576, 1650, 22608, 62, 36
2025/01/11 11:02:37.062, 4, 24576, 1650, 22608, 67, 39
2025/01/11 11:02:37.162, 4, 24576, 1650, 22608, 67, 39
2025/01/11 11:02:37.263, 4, 24576, 1650, 22608, 65, 39
2025/01/11 11:02:37.364, 4, 24576, 1650, 22608, 65, 39
2025/01/11 11:02:37.464, 4, 24576, 1650, 22608, 67, 40
2025/01/11 11:02:37.565, 4, 24576, 1650, 22608, 67, 40
2025/01/11 11:02:37.666, 4, 24576, 1650, 22608, 74, 43
2025/01/11 11:02:37.767, 4, 24576, 1650, 22608, 74, 43
2025/01/11 11:02:37.867, 4, 24576, 1650, 22608, 63, 37
2025/01/11 11:02:37.968, 4, 24576, 1650, 22608, 63, 37
2025/01/11 11:02:38.069, 4, 24576, 1650, 22608, 65, 38
2025/01/11 11:02:38.170, 4, 24576, 1650, 22608, 65, 38
2025/01/11 11:02:38.271, 4, 24576, 1650, 22608, 66, 39
2025/01/11 11:02:38.372, 4, 24576, 1650, 22608, 66, 39
2025/01/11 11:02:38.473, 4, 24576, 1650, 22608, 63, 37
2025/01/11 11:02:38.573, 4, 24576, 1650, 22608, 63, 37
2025/01/11 11:02:38.674, 4, 24576, 1650, 22608, 58, 34
2025/01/11 11:02:38.775, 4, 24576, 1650, 22608, 58, 34
2025/01/11 11:02:38.876, 4, 24576, 1650, 22608, 63, 37
2025/01/11 11:02:38.977, 4, 24576, 1650, 22608, 63, 37
2025/01/11 11:02:39.078, 4, 24576, 1650, 22608, 64, 38
2025/01/11 11:02:39.179, 4, 24576, 1650, 22608, 64, 38
2025/01/11 11:02:39.280, 4, 24576, 1650, 22608, 72, 43
2025/01/11 11:02:39.381, 4, 24576, 1650, 22608, 72, 43
2025/01/11 11:02:39.482, 4, 24576, 1650, 22608, 65, 38
2025/01/11 11:02:39.582, 4, 24576, 1650, 22608, 65, 38
2025/01/11 11:02:39.683, 4, 24576, 1650, 22608, 59, 35
2025/01/11 11:02:39.784, 4, 24576, 1650, 22608, 59, 35
2025/01/11 11:02:39.885, 4, 24576, 1650, 22608, 60, 35
2025/01/11 11:02:39.985, 4, 24576, 1650, 22608, 60, 35
2025/01/11 11:02:40.086, 4, 24576, 1650, 22608, 65, 39
2025/01/11 11:02:40.187, 4, 24576, 1650, 22608, 65, 39
2025/01/11 11:02:40.289, 4, 24576, 1650, 22608, 64, 37
2025/01/11 11:02:40.389, 4, 24576, 1650, 22608, 64, 37
2025/01/11 11:02:40.490, 4, 24576, 1650, 22608, 61, 36
2025/01/11 11:02:40.591, 4, 24576, 1650, 22608, 61, 36
2025/01/11 11:02:40.692, 4, 24576, 1650, 22608, 66, 39
2025/01/11 11:02:40.792, 4, 24576, 1650, 22608, 66, 39
2025/01/11 11:02:40.893, 4, 24576, 1650, 22608, 67, 39
2025/01/11 11:02:40.994, 4, 24576, 1650, 22608, 67, 39
2025/01/11 11:02:41.095, 4, 24576, 1650, 22608, 67, 39
2025/01/11 11:02:41.196, 4, 24576, 1650, 22608, 67, 39
2025/01/11 11:02:41.297, 4, 24576, 1650, 22608, 64, 37
2025/01/11 11:02:41.398, 4, 24576, 1650, 22608, 64, 37
2025/01/11 11:02:41.499, 4, 24576, 1650, 22608, 65, 38
2025/01/11 11:02:41.601, 4, 24576, 1650, 22608, 65, 38
2025/01/11 11:02:41.701, 4, 24576, 1650, 22608, 66, 39
2025/01/11 11:02:41.802, 4, 24576, 1650, 22608, 66, 39
2025/01/11 11:02:41.903, 4, 24576, 1650, 22608, 61, 37
2025/01/11 11:02:42.004, 4, 24576, 1650, 22608, 61, 37
2025/01/11 11:02:42.104, 4, 24576, 1650, 22608, 61, 35
2025/01/11 11:02:42.205, 4, 24576, 1650, 22608, 61, 35
2025/01/11 11:02:42.306, 4, 24576, 1650, 22608, 67, 39
2025/01/11 11:02:42.407, 4, 24576, 1650, 22608, 67, 39
2025/01/11 11:02:42.507, 4, 24576, 1650, 22608, 68, 40
2025/01/11 11:02:42.608, 4, 24576, 1650, 22608, 68, 40
2025/01/11 11:02:42.709, 4, 24576, 1650, 22608, 63, 37
2025/01/11 11:02:42.810, 4, 24576, 1650, 22608, 63, 37
2025/01/11 11:02:42.910, 4, 24576, 1650, 22608, 62, 36
2025/01/11 11:02:43.011, 4, 24576, 1650, 22608, 62, 36
2025/01/11 11:02:43.112, 4, 24576, 1650, 22608, 65, 38
2025/01/11 11:02:43.213, 4, 24576, 1650, 22608, 65, 38
2025/01/11 11:02:43.314, 4, 24576, 1650, 22608, 69, 41
2025/01/11 11:02:43.415, 4, 24576, 1650, 22608, 71, 42
2025/01/11 11:02:43.518, 4, 24576, 1650, 22608, 71, 42
2025/01/11 11:02:43.618, 4, 24576, 1650, 22608, 66, 39
2025/01/11 11:02:43.719, 4, 24576, 1650, 22608, 66, 39
2025/01/11 11:02:43.820, 4, 24576, 1650, 22608, 60, 34
2025/01/11 11:02:43.921, 4, 24576, 1650, 22608, 60, 34
2025/01/11 11:02:44.021, 4, 24576, 1650, 22608, 64, 38
2025/01/11 11:02:44.122, 4, 24576, 1650, 22608, 64, 38
2025/01/11 11:02:44.223, 4, 24576, 1650, 22608, 63, 37
2025/01/11 11:02:44.323, 4, 24576, 1650, 22608, 63, 37
2025/01/11 11:02:44.424, 4, 24576, 1650, 22608, 62, 36
2025/01/11 11:02:44.525, 4, 24576, 1650, 22608, 62, 36
2025/01/11 11:02:44.626, 4, 24576, 1650, 22608, 67, 39
2025/01/11 11:02:44.726, 4, 24576, 1650, 22608, 67, 39
2025/01/11 11:02:44.827, 4, 24576, 1650, 22608, 67, 39
2025/01/11 11:02:44.928, 4, 24576, 1650, 22608, 67, 39
2025/01/11 11:02:45.029, 4, 24576, 1650, 22608, 65, 39
2025/01/11 11:02:45.129, 4, 24576, 1650, 22608, 65, 39
2025/01/11 11:02:45.230, 4, 24576, 1650, 22608, 63, 37
2025/01/11 11:02:45.331, 4, 24576, 1650, 22608, 63, 37
2025/01/11 11:02:45.431, 4, 24576, 1650, 22608, 62, 36
2025/01/11 11:02:45.532, 4, 24576, 1650, 22608, 62, 36
2025/01/11 11:02:45.633, 4, 24576, 1650, 22608, 62, 37
2025/01/11 11:02:45.734, 4, 24576, 1650, 22608, 62, 37
2025/01/11 11:02:45.835, 4, 24576, 1650, 22608, 56, 33
2025/01/11 11:02:45.936, 4, 24576, 1650, 22608, 56, 33
2025/01/11 11:02:46.037, 4, 24576, 1650, 22608, 65, 38
2025/01/11 11:02:46.138, 4, 24576, 1650, 22608, 65, 38
2025/01/11 11:02:46.239, 4, 24576, 1650, 22608, 62, 37
2025/01/11 11:02:46.340, 4, 24576, 1650, 22608, 62, 37
2025/01/11 11:02:46.440, 4, 24576, 1650, 22608, 64, 38
2025/01/11 11:02:46.541, 4, 24576, 1650, 22608, 64, 38
2025/01/11 11:02:46.642, 4, 24576, 1650, 22608, 65, 39
2025/01/11 11:02:46.743, 4, 24576, 1650, 22608, 65, 39
2025/01/11 11:02:46.844, 4, 24576, 1650, 22608, 61, 36
2025/01/11 11:02:46.944, 4, 24576, 1650, 22608, 61, 36
2025/01/11 11:02:47.045, 4, 24576, 1650, 22608, 65, 39
2025/01/11 11:02:47.146, 4, 24576, 1650, 22608, 65, 39
2025/01/11 11:02:47.247, 4, 24576, 1650, 22608, 64, 37
2025/01/11 11:02:47.347, 4, 24576, 1650, 22608, 64, 37
2025/01/11 11:02:47.448, 4, 24576, 1650, 22608, 62, 36
2025/01/11 11:02:47.549, 4, 24576, 1650, 22608, 62, 36
2025/01/11 11:02:47.650, 4, 24576, 1650, 22608, 66, 39
2025/01/11 11:02:47.751, 4, 24576, 1650, 22608, 66, 39
2025/01/11 11:02:47.851, 4, 24576, 1650, 22608, 67, 39
2025/01/11 11:02:47.952, 4, 24576, 1650, 22608, 67, 39
2025/01/11 11:02:48.053, 4, 24576, 1650, 22608, 66, 39
2025/01/11 11:02:48.154, 4, 24576, 1650, 22608, 66, 39
2025/01/11 11:02:48.255, 4, 24576, 1650, 22608, 63, 37
2025/01/11 11:02:48.356, 4, 24576, 1650, 22608, 63, 37
2025/01/11 11:02:48.457, 4, 24576, 1650, 22608, 56, 33
2025/01/11 11:02:48.558, 4, 24576, 1650, 22608, 56, 33
2025/01/11 11:02:48.659, 4, 24576, 1650, 22608, 60, 35
2025/01/11 11:02:48.760, 4, 24576, 1650, 22608, 60, 35
2025/01/11 11:02:48.860, 4, 24576, 1650, 22608, 63, 37
2025/01/11 11:02:48.961, 4, 24576, 1650, 22608, 63, 37
2025/01/11 11:02:49.062, 4, 24576, 1650, 22608, 64, 38
2025/01/11 11:02:49.163, 4, 24576, 1650, 22608, 64, 38
2025/01/11 11:02:49.263, 4, 24576, 1650, 22608, 17, 10
2025/01/11 11:02:49.364, 4, 24576, 1650, 22608, 17, 10
2025/01/11 11:02:49.465, 4, 24576, 1650, 22608, 57, 33
2025/01/11 11:02:49.566, 4, 24576, 1650, 22608, 57, 33
2025/01/11 11:02:49.666, 4, 24576, 1650, 22608, 56, 33
2025/01/11 11:02:49.767, 4, 24576, 1650, 22608, 56, 33
2025/01/11 11:02:49.868, 4, 24576, 1650, 22608, 58, 34
2025/01/11 11:02:49.969, 4, 24576, 1650, 22608, 58, 34
2025/01/11 11:02:50.070, 4, 24576, 1650, 22608, 62, 37
2025/01/11 11:02:50.170, 4, 24576, 1650, 22608, 62, 37
2025/01/11 11:02:50.271, 4, 24576, 1650, 22608, 63, 37
2025/01/11 11:02:50.372, 4, 24576, 1650, 22608, 63, 37
2025/01/11 11:02:50.473, 4, 24576, 1650, 22608, 65, 38
2025/01/11 11:02:50.574, 4, 24576, 1650, 22608, 65, 38
2025/01/11 11:02:50.675, 4, 24576, 1650, 22608, 70, 42
2025/01/11 11:02:50.776, 4, 24576, 1650, 22608, 70, 42
2025/01/11 11:02:50.877, 4, 24576, 1650, 22608, 66, 39
2025/01/11 11:02:50.978, 4, 24576, 1650, 22608, 66, 39
2025/01/11 11:02:51.078, 4, 24576, 1650, 22608, 62, 37
2025/01/11 11:02:51.179, 4, 24576, 1650, 22608, 62, 37
2025/01/11 11:02:51.280, 4, 24576, 1650, 22608, 57, 33
2025/01/11 11:02:51.381, 4, 24576, 1650, 22608, 57, 33
2025/01/11 11:02:51.481, 4, 24576, 1650, 22608, 63, 38
2025/01/11 11:02:51.582, 4, 24576, 1650, 22608, 63, 38
2025/01/11 11:02:51.683, 4, 24576, 1650, 22608, 55, 32
2025/01/11 11:02:51.784, 4, 24576, 1650, 22608, 55, 32
2025/01/11 11:02:51.885, 4, 24576, 1650, 22608, 65, 38
2025/01/11 11:02:51.986, 4, 24576, 1650, 22608, 65, 38
2025/01/11 11:02:52.086, 4, 24576, 1650, 22608, 63, 37
2025/01/11 11:02:52.187, 4, 24576, 1650, 22608, 63, 37
2025/01/11 11:02:52.288, 4, 24576, 1650, 22608, 60, 36
2025/01/11 11:02:52.389, 4, 24576, 1650, 22608, 60, 36
2025/01/11 11:02:52.489, 4, 24576, 1650, 22608, 58, 34
2025/01/11 11:02:52.590, 4, 24576, 1650, 22608, 58, 34
2025/01/11 11:02:52.691, 4, 24576, 1650, 22608, 61, 36
2025/01/11 11:02:52.792, 4, 24576, 1650, 22608, 61, 36
2025/01/11 11:02:52.893, 4, 24576, 1650, 22608, 65, 39
2025/01/11 11:02:52.994, 4, 24576, 1650, 22608, 65, 39
2025/01/11 11:02:53.095, 4, 24576, 1650, 22608, 65, 38
2025/01/11 11:02:53.196, 4, 24576, 1650, 22608, 65, 38
2025/01/11 11:02:53.297, 4, 24576, 1650, 22608, 66, 39
2025/01/11 11:02:53.398, 4, 24576, 1650, 22608, 66, 39
2025/01/11 11:02:53.498, 4, 24576, 1650, 22608, 66, 39
2025/01/11 11:02:53.599, 4, 24576, 1650, 22608, 66, 39
2025/01/11 11:02:53.700, 4, 24576, 1650, 22608, 60, 36
2025/01/11 11:02:53.801, 4, 24576, 1650, 22608, 60, 36
2025/01/11 11:02:53.902, 4, 24576, 1650, 22608, 71, 41
2025/01/11 11:02:54.003, 4, 24576, 1650, 22608, 71, 41
2025/01/11 11:02:54.104, 4, 24576, 1650, 22608, 68, 41
2025/01/11 11:02:54.205, 4, 24576, 1650, 22608, 68, 41
2025/01/11 11:02:54.305, 4, 24576, 1650, 22608, 67, 39
2025/01/11 11:02:54.406, 4, 24576, 1650, 22608, 67, 39
2025/01/11 11:02:54.507, 4, 24576, 1650, 22608, 61, 36
2025/01/11 11:02:54.608, 4, 24576, 1650, 22608, 61, 36
2025/01/11 11:02:54.708, 4, 24576, 1650, 22608, 64, 37
2025/01/11 11:02:54.809, 4, 24576, 1650, 22608, 64, 37
2025/01/11 11:02:54.910, 4, 24576, 1650, 22608, 66, 39
2025/01/11 11:02:55.011, 4, 24576, 1650, 22608, 61, 36
2025/01/11 11:02:55.114, 4, 24576, 1650, 22608, 61, 36
2025/01/11 11:02:55.215, 4, 24576, 1650, 22608, 67, 40
2025/01/11 11:02:55.317, 4, 24576, 1650, 22608, 67, 40
2025/01/11 11:02:55.417, 4, 24576, 1650, 22608, 66, 39
2025/01/11 11:02:55.518, 4, 24576, 1650, 22608, 66, 39
2025/01/11 11:02:55.619, 4, 24576, 1650, 22608, 65, 38
2025/01/11 11:02:55.719, 4, 24576, 1650, 22608, 65, 38
2025/01/11 11:02:55.820, 4, 24576, 1650, 22608, 59, 35
2025/01/11 11:02:55.921, 4, 24576, 1650, 22608, 59, 35
2025/01/11 11:02:56.022, 4, 24576, 1650, 22608, 61, 36
2025/01/11 11:02:56.122, 4, 24576, 1650, 22608, 61, 36
2025/01/11 11:02:56.223, 4, 24576, 1650, 22608, 63, 37
2025/01/11 11:02:56.324, 4, 24576, 1650, 22608, 63, 37
2025/01/11 11:02:56.425, 4, 24576, 1650, 22608, 66, 39
2025/01/11 11:02:56.525, 4, 24576, 1650, 22608, 66, 39
2025/01/11 11:02:56.626, 4, 24576, 1650, 22608, 66, 39
2025/01/11 11:02:56.727, 4, 24576, 1650, 22608, 66, 39
2025/01/11 11:02:56.828, 4, 24576, 1650, 22608, 64, 37
2025/01/11 11:02:56.929, 4, 24576, 1650, 22608, 64, 37
2025/01/11 11:02:57.030, 4, 24576, 1650, 22608, 67, 39
2025/01/11 11:02:57.131, 4, 24576, 1650, 22608, 67, 39
2025/01/11 11:02:57.232, 4, 24576, 1650, 22608, 57, 33
2025/01/11 11:02:57.333, 4, 24576, 1650, 22608, 57, 33
2025/01/11 11:02:57.434, 4, 24576, 1650, 22608, 61, 36
2025/01/11 11:02:57.535, 4, 24576, 1650, 22608, 61, 36
2025/01/11 11:02:57.635, 4, 24576, 1650, 22608, 62, 37
2025/01/11 11:02:57.736, 4, 24576, 1650, 22608, 62, 37
2025/01/11 11:02:57.837, 4, 24576, 1650, 22608, 66, 39
2025/01/11 11:02:57.938, 4, 24576, 1650, 22608, 66, 39
2025/01/11 11:02:58.038, 4, 24576, 1650, 22608, 64, 37
2025/01/11 11:02:58.139, 4, 24576, 1650, 22608, 64, 37
2025/01/11 11:02:58.240, 4, 24576, 1650, 22608, 65, 38
2025/01/11 11:02:58.341, 4, 24576, 1650, 22608, 65, 38
2025/01/11 11:02:58.442, 4, 24576, 1650, 22608, 63, 38
2025/01/11 11:02:58.542, 4, 24576, 1650, 22608, 63, 38
2025/01/11 11:02:58.643, 4, 24576, 1650, 22608, 67, 39
2025/01/11 11:02:58.744, 4, 24576, 1650, 22608, 67, 39
2025/01/11 11:02:58.845, 4, 24576, 1650, 22608, 66, 38
2025/01/11 11:02:58.946, 4, 24576, 1650, 22608, 66, 38
2025/01/11 11:02:59.046, 4, 24576, 1650, 22608, 65, 39
2025/01/11 11:02:59.147, 4, 24576, 1650, 22608, 65, 39
2025/01/11 11:02:59.248, 4, 24576, 1650, 22608, 66, 39
2025/01/11 11:02:59.349, 4, 24576, 1650, 22608, 66, 39
2025/01/11 11:02:59.450, 4, 24576, 1650, 22608, 64, 37
2025/01/11 11:02:59.551, 4, 24576, 1650, 22608, 64, 37
2025/01/11 11:02:59.652, 4, 24576, 1650, 22608, 64, 38
2025/01/11 11:02:59.753, 4, 24576, 1650, 22608, 64, 38
2025/01/11 11:02:59.854, 4, 24576, 1650, 22608, 67, 39
2025/01/11 11:02:59.955, 4, 24576, 1650, 22608, 67, 39
2025/01/11 11:03:00.055, 4, 24576, 1650, 22608, 65, 38
2025/01/11 11:03:00.156, 4, 24576, 1650, 22608, 65, 38
2025/01/11 11:03:00.257, 4, 24576, 1650, 22608, 66, 39
2025/01/11 11:03:00.358, 4, 24576, 1650, 22608, 66, 39
2025/01/11 11:03:00.458, 4, 24576, 1650, 22608, 66, 39
2025/01/11 11:03:00.559, 4, 24576, 1650, 22608, 66, 39
2025/01/11 11:03:00.660, 4, 24576, 1650, 22608, 63, 37
2025/01/11 11:03:00.761, 4, 24576, 1650, 22608, 63, 37
2025/01/11 11:03:00.862, 4, 24576, 1650, 22608, 60, 35
2025/01/11 11:03:00.962, 4, 24576, 1650, 22608, 60, 35
2025/01/11 11:03:01.063, 4, 24576, 1650, 22608, 60, 35
2025/01/11 11:03:01.164, 4, 24576, 1650, 22608, 60, 35
2025/01/11 11:03:01.265, 4, 24576, 1650, 22608, 59, 34
2025/01/11 11:03:01.365, 4, 24576, 1650, 22608, 59, 34
2025/01/11 11:03:01.466, 4, 24576, 1650, 22608, 61, 36
2025/01/11 11:03:01.567, 4, 24576, 1650, 22608, 61, 36
2025/01/11 11:03:01.668, 4, 24576, 1650, 22608, 61, 36
2025/01/11 11:03:01.769, 4, 24576, 1650, 22608, 61, 36
2025/01/11 11:03:01.870, 4, 24576, 1650, 22608, 67, 39
2025/01/11 11:03:01.971, 4, 24576, 1650, 22608, 67, 39
2025/01/11 11:03:02.072, 4, 24576, 1650, 22608, 65, 39
2025/01/11 11:03:02.172, 4, 24576, 1650, 22608, 65, 39
2025/01/11 11:03:02.273, 4, 24576, 1650, 22608, 64, 38
2025/01/11 11:03:02.374, 4, 24576, 1650, 22608, 64, 38
2025/01/11 11:03:02.475, 4, 24576, 1650, 22608, 68, 41
2025/01/11 11:03:02.576, 4, 24576, 1650, 22608, 68, 41
2025/01/11 11:03:02.676, 4, 24576, 1650, 22608, 65, 38
2025/01/11 11:03:02.777, 4, 24576, 1650, 22608, 65, 38
2025/01/11 11:03:02.879, 4, 24576, 1650, 22608, 65, 38
2025/01/11 11:03:02.979, 4, 24576, 1650, 22608, 65, 38
2025/01/11 11:03:03.080, 4, 24576, 1650, 22608, 63, 37
2025/01/11 11:03:03.181, 4, 24576, 1650, 22608, 63, 37
2025/01/11 11:03:03.282, 4, 24576, 1650, 22608, 64, 38
2025/01/11 11:03:03.383, 4, 24576, 1650, 22608, 64, 38
2025/01/11 11:03:03.483, 4, 24576, 1650, 22608, 65, 38
2025/01/11 11:03:03.584, 4, 24576, 1650, 22608, 65, 38
2025/01/11 11:03:03.685, 4, 24576, 1650, 22608, 63, 37
2025/01/11 11:03:03.786, 4, 24576, 1650, 22608, 63, 37
2025/01/11 11:03:03.887, 4, 24576, 1650, 22608, 64, 38
2025/01/11 11:03:03.988, 4, 24576, 1650, 22608, 64, 38
2025/01/11 11:03:04.089, 4, 24576, 1650, 22608, 61, 36
2025/01/11 11:03:04.190, 4, 24576, 1650, 22608, 61, 36
2025/01/11 11:03:04.291, 4, 24576, 1650, 22608, 60, 36
2025/01/11 11:03:04.391, 4, 24576, 1650, 22608, 60, 36
2025/01/11 11:03:04.492, 4, 24576, 1650, 22608, 64, 38
2025/01/11 11:03:04.593, 4, 24576, 1650, 22608, 64, 38
2025/01/11 11:03:04.694, 4, 24576, 1650, 22608, 63, 37
2025/01/11 11:03:04.794, 4, 24576, 1650, 22608, 63, 37
2025/01/11 11:03:04.897, 4, 24576, 1650, 22608, 66, 39
2025/01/11 11:03:04.997, 4, 24576, 1650, 22608, 66, 39
2025/01/11 11:03:05.098, 4, 24576, 1650, 22608, 64, 38
2025/01/11 11:03:05.199, 4, 24576, 1650, 22608, 64, 38
2025/01/11 11:03:05.300, 4, 24576, 1650, 22608, 62, 36
2025/01/11 11:03:05.401, 4, 24576, 1650, 22608, 62, 36
2025/01/11 11:03:05.501, 4, 24576, 1650, 22608, 63, 37
2025/01/11 11:03:05.602, 4, 24576, 1650, 22608, 63, 37
2025/01/11 11:03:05.703, 4, 24576, 1650, 22608, 62, 37
2025/01/11 11:03:05.804, 4, 24576, 1650, 22608, 62, 37
2025/01/11 11:03:05.905, 4, 24576, 1650, 22608, 67, 39
2025/01/11 11:03:06.005, 4, 24576, 1650, 22608, 67, 39
2025/01/11 11:03:06.106, 4, 24576, 1650, 22608, 60, 36
2025/01/11 11:03:06.207, 4, 24576, 1650, 22608, 63, 37
2025/01/11 11:03:06.311, 4, 24576, 1650, 22608, 63, 37
2025/01/11 11:03:06.411, 4, 24576, 1650, 22608, 60, 36
2025/01/11 11:03:06.512, 4, 24576, 1650, 22608, 60, 36
2025/01/11 11:03:06.613, 4, 24576, 1650, 22608, 64, 38
2025/01/11 11:03:06.713, 4, 24576, 1650, 22608, 64, 38
2025/01/11 11:03:06.814, 4, 24576, 1650, 22608, 65, 39
2025/01/11 11:03:06.915, 4, 24576, 1650, 22608, 65, 39
2025/01/11 11:03:07.016, 4, 24576, 1650, 22608, 64, 37
2025/01/11 11:03:07.116, 4, 24576, 1650, 22608, 64, 37
2025/01/11 11:03:07.217, 4, 24576, 1650, 22608, 61, 36
2025/01/11 11:03:07.318, 4, 24576, 1650, 22608, 61, 36
2025/01/11 11:03:07.419, 4, 24576, 1650, 22608, 57, 34
2025/01/11 11:03:07.519, 4, 24576, 1650, 22608, 57, 34
2025/01/11 11:03:07.620, 4, 24576, 1650, 22608, 57, 34
2025/01/11 11:03:07.721, 4, 24576, 1650, 22608, 57, 34
2025/01/11 11:03:07.822, 4, 24576, 1650, 22608, 63, 37
2025/01/11 11:03:07.922, 4, 24576, 1650, 22608, 63, 37
2025/01/11 11:03:08.023, 4, 24576, 1650, 22608, 64, 37
2025/01/11 11:03:08.124, 4, 24576, 1650, 22608, 64, 37
2025/01/11 11:03:08.225, 4, 24576, 1650, 22608, 61, 36
2025/01/11 11:03:08.326, 4, 24576, 1650, 22608, 61, 36
2025/01/11 11:03:08.427, 4, 24576, 1650, 22608, 26, 15
2025/01/11 11:03:08.528, 4, 24576, 1650, 22608, 26, 15
2025/01/11 11:03:08.629, 4, 24576, 1650, 22608, 61, 36
2025/01/11 11:03:08.730, 4, 24576, 1650, 22608, 61, 36
2025/01/11 11:03:08.831, 4, 24576, 1650, 22608, 64, 37
2025/01/11 11:03:08.931, 4, 24576, 1650, 22608, 64, 37
2025/01/11 11:03:09.032, 4, 24576, 1650, 22608, 65, 39
2025/01/11 11:03:09.133, 4, 24576, 1650, 22608, 65, 39
2025/01/11 11:03:09.234, 4, 24576, 1650, 22608, 64, 37
2025/01/11 11:03:09.335, 4, 24576, 1650, 22608, 64, 37
2025/01/11 11:03:09.435, 4, 24576, 1650, 22608, 66, 39
2025/01/11 11:03:09.536, 4, 24576, 1650, 22608, 66, 39
2025/01/11 11:03:09.637, 4, 24576, 1650, 22608, 65, 38
2025/01/11 11:03:09.738, 4, 24576, 1650, 22608, 65, 38
2025/01/11 11:03:09.839, 4, 24576, 1650, 22608, 63, 37
2025/01/11 11:03:09.939, 4, 24576, 1650, 22608, 63, 37
2025/01/11 11:03:10.040, 4, 24576, 1650, 22608, 66, 39
2025/01/11 11:03:10.141, 4, 24576, 1650, 22608, 66, 39
2025/01/11 11:03:10.242, 4, 24576, 1650, 22608, 63, 37
2025/01/11 11:03:10.343, 4, 24576, 1650, 22608, 63, 37
2025/01/11 11:03:10.443, 4, 24576, 1650, 22608, 65, 38
2025/01/11 11:03:10.544, 4, 24576, 1650, 22608, 65, 38
2025/01/11 11:03:10.645, 4, 24576, 1650, 22608, 68, 40
2025/01/11 11:03:10.746, 4, 24576, 1650, 22608, 68, 40
2025/01/11 11:03:10.847, 4, 24576, 1650, 22608, 63, 37
2025/01/11 11:03:10.948, 4, 24576, 1650, 22608, 63, 37
2025/01/11 11:03:11.049, 4, 24576, 1650, 22608, 66, 39
2025/01/11 11:03:11.150, 4, 24576, 1650, 22608, 66, 39
2025/01/11 11:03:11.251, 4, 24576, 1650, 22608, 64, 38
2025/01/11 11:03:11.352, 4, 24576, 1650, 22608, 64, 38
2025/01/11 11:03:11.452, 4, 24576, 1650, 22608, 65, 38
2025/01/11 11:03:11.553, 4, 24576, 1650, 22608, 65, 38
2025/01/11 11:03:11.654, 4, 24576, 1650, 22608, 66, 39
2025/01/11 11:03:11.755, 4, 24576, 1650, 22608, 66, 39
2025/01/11 11:03:11.855, 4, 24576, 1650, 22608, 65, 38
2025/01/11 11:03:11.956, 4, 24576, 1650, 22608, 65, 38
2025/01/11 11:03:12.057, 4, 24576, 1650, 22608, 67, 40
2025/01/11 11:03:12.158, 4, 24576, 1650, 22608, 67, 40
2025/01/11 11:03:12.259, 4, 24576, 1650, 22608, 64, 38
2025/01/11 11:03:12.360, 4, 24576, 1650, 22608, 64, 38
2025/01/11 11:03:12.461, 4, 24576, 1650, 22608, 66, 39
2025/01/11 11:03:12.561, 4, 24576, 1650, 22608, 66, 39
2025/01/11 11:03:12.662, 4, 24576, 1650, 22608, 64, 38
2025/01/11 11:03:12.763, 4, 24576, 1650, 22608, 64, 38
2025/01/11 11:03:12.864, 4, 24576, 1650, 22608, 64, 37
2025/01/11 11:03:12.964, 4, 24576, 1650, 22608, 64, 37
2025/01/11 11:03:13.066, 4, 24576, 1650, 22608, 64, 38
2025/01/11 11:03:13.167, 4, 24576, 1650, 22608, 64, 38
2025/01/11 11:03:13.268, 4, 24576, 1650, 22608, 64, 38
2025/01/11 11:03:13.369, 4, 24576, 1650, 22608, 64, 38
2025/01/11 11:03:13.469, 4, 24576, 1650, 22608, 63, 37
2025/01/11 11:03:13.570, 4, 24576, 1650, 22608, 63, 37
2025/01/11 11:03:13.671, 4, 24576, 1650, 22608, 63, 37
2025/01/11 11:03:13.772, 4, 24576, 1650, 22608, 63, 37
2025/01/11 11:03:13.872, 4, 24576, 1650, 22608, 64, 38
2025/01/11 11:03:13.973, 4, 24576, 1650, 22608, 64, 38
2025/01/11 11:03:14.074, 4, 24576, 1650, 22608, 64, 38
2025/01/11 11:03:14.175, 4, 24576, 1650, 22608, 64, 38
2025/01/11 11:03:14.275, 4, 24576, 1650, 22608, 67, 39
2025/01/11 11:03:14.376, 4, 24576, 1650, 22608, 67, 39
2025/01/11 11:03:14.477, 4, 24576, 1650, 22608, 66, 39
2025/01/11 11:03:14.578, 4, 24576, 1650, 22608, 66, 39
2025/01/11 11:03:14.679, 4, 24576, 1650, 22608, 61, 36
2025/01/11 11:03:14.779, 4, 24576, 1650, 22608, 61, 36
2025/01/11 11:03:14.880, 4, 24576, 1650, 22608, 66, 39
2025/01/11 11:03:14.981, 4, 24576, 1650, 22608, 66, 39
2025/01/11 11:03:15.082, 4, 24576, 1650, 22608, 65, 39
2025/01/11 11:03:15.183, 4, 24576, 1650, 22608, 65, 39
2025/01/11 11:03:15.284, 4, 24576, 1650, 22608, 66, 39
2025/01/11 11:03:15.385, 4, 24576, 1650, 22608, 66, 39
2025/01/11 11:03:15.486, 4, 24576, 1650, 22608, 60, 35
2025/01/11 11:03:15.587, 4, 24576, 1650, 22608, 60, 35
2025/01/11 11:03:15.688, 4, 24576, 1650, 22608, 66, 39
2025/01/11 11:03:15.789, 4, 24576, 1650, 22608, 66, 39
2025/01/11 11:03:15.889, 4, 24576, 1650, 22608, 62, 36
2025/01/11 11:03:15.990, 4, 24576, 1650, 22608, 62, 36
2025/01/11 11:03:16.091, 4, 24576, 1650, 22608, 66, 39
2025/01/11 11:03:16.192, 4, 24576, 1650, 22608, 66, 39
2025/01/11 11:03:16.293, 4, 24576, 1650, 22608, 65, 39
2025/01/11 11:03:16.393, 4, 24576, 1650, 22608, 65, 39
2025/01/11 11:03:16.494, 4, 24576, 1650, 22608, 60, 36
2025/01/11 11:03:16.595, 4, 24576, 1650, 22608, 60, 36
2025/01/11 11:03:16.696, 4, 24576, 1650, 22608, 63, 37
2025/01/11 11:03:16.796, 4, 24576, 1650, 22608, 63, 37
2025/01/11 11:03:16.897, 4, 24576, 1650, 22608, 65, 39
2025/01/11 11:03:16.998, 4, 24576, 1650, 22608, 65, 39
2025/01/11 11:03:17.099, 4, 24576, 1650, 22608, 65, 38
2025/01/11 11:03:17.200, 4, 24576, 1650, 22608, 65, 38
2025/01/11 11:03:17.301, 4, 24576, 1650, 22608, 64, 37
2025/01/11 11:03:17.401, 4, 24576, 1650, 22608, 64, 37
2025/01/11 11:03:17.502, 4, 24576, 1650, 22608, 67, 39
2025/01/11 11:03:17.603, 4, 24576, 1650, 22608, 62, 36
2025/01/11 11:03:17.707, 4, 24576, 1650, 22608, 62, 36
2025/01/11 11:03:17.808, 4, 24576, 1650, 22608, 65, 39
2025/01/11 11:03:17.909, 4, 24576, 1650, 22608, 65, 39
2025/01/11 11:03:18.009, 4, 24576, 1650, 22608, 67, 39
2025/01/11 11:03:18.110, 4, 24576, 1650, 22608, 67, 39
2025/01/11 11:03:18.211, 4, 24576, 1650, 22608, 67, 39
2025/01/11 11:03:18.312, 4, 24576, 1650, 22608, 67, 39
2025/01/11 11:03:18.413, 4, 24576, 1650, 22608, 67, 39
2025/01/11 11:03:18.513, 4, 24576, 1650, 22608, 67, 39
2025/01/11 11:03:18.614, 4, 24576, 1650, 22608, 58, 34
2025/01/11 11:03:18.715, 4, 24576, 1650, 22608, 58, 34
2025/01/11 11:03:18.816, 4, 24576, 1650, 22608, 64, 38
2025/01/11 11:03:18.916, 4, 24576, 1650, 22608, 64, 38
2025/01/11 11:03:19.017, 4, 24576, 1650, 22608, 66, 39
2025/01/11 11:03:19.118, 4, 24576, 1650, 22608, 66, 39
2025/01/11 11:03:19.219, 4, 24576, 1650, 22608, 67, 39
2025/01/11 11:03:19.320, 4, 24576, 1650, 22608, 67, 39
2025/01/11 11:03:19.420, 4, 24576, 1650, 22608, 62, 36
2025/01/11 11:03:19.521, 4, 24576, 1650, 22608, 62, 36
2025/01/11 11:03:19.622, 4, 24576, 1650, 22608, 64, 38
2025/01/11 11:03:19.723, 4, 24576, 1650, 22608, 64, 38
2025/01/11 11:03:19.824, 4, 24576, 1650, 22608, 63, 37
2025/01/11 11:03:19.925, 4, 24576, 1650, 22608, 63, 37
2025/01/11 11:03:20.026, 4, 24576, 1650, 22608, 66, 38
2025/01/11 11:03:20.127, 4, 24576, 1650, 22608, 66, 38
2025/01/11 11:03:20.228, 4, 24576, 1650, 22608, 68, 41
2025/01/11 11:03:20.329, 4, 24576, 1650, 22608, 68, 41
2025/01/11 11:03:20.430, 4, 24576, 1650, 22608, 63, 37
2025/01/11 11:03:20.531, 4, 24576, 1650, 22608, 63, 37
2025/01/11 11:03:20.632, 4, 24576, 1650, 22608, 61, 36
2025/01/11 11:03:20.732, 4, 24576, 1650, 22608, 61, 36
2025/01/11 11:03:20.833, 4, 24576, 1650, 22608, 62, 36
2025/01/11 11:03:20.934, 4, 24576, 1650, 22608, 62, 36
2025/01/11 11:03:21.035, 4, 24576, 1650, 22608, 67, 40
2025/01/11 11:03:21.135, 4, 24576, 1650, 22608, 67, 40
2025/01/11 11:03:21.236, 4, 24576, 1650, 22608, 66, 39
2025/01/11 11:03:21.337, 4, 24576, 1650, 22608, 66, 39
2025/01/11 11:03:21.438, 4, 24576, 1650, 22608, 63, 37
2025/01/11 11:03:21.539, 4, 24576, 1650, 22608, 63, 37
2025/01/11 11:03:21.639, 4, 24576, 1650, 22608, 67, 39
2025/01/11 11:03:21.740, 4, 24576, 1650, 22608, 67, 39
2025/01/11 11:03:21.841, 4, 24576, 1650, 22608, 62, 36
2025/01/11 11:03:21.942, 4, 24576, 1650, 22608, 62, 36
2025/01/11 11:03:22.043, 4, 24576, 1650, 22608, 68, 40
2025/01/11 11:03:22.144, 4, 24576, 1650, 22608, 68, 40
2025/01/11 11:03:22.245, 4, 24576, 1662, 22596, 69, 41
2025/01/11 11:03:22.347, 4, 24576, 1662, 22596, 69, 41
2025/01/11 11:03:22.448, 4, 24576, 1662, 22596, 9, 5
2025/01/11 11:03:22.548, 4, 24576, 1662, 22596, 9, 5
2025/01/11 11:03:22.649, 4, 24576, 1662, 22596, 0, 0
2025/01/11 11:03:22.750, 4, 24576, 1662, 22596, 0, 0
2025/01/11 11:03:22.850, 4, 24576, 1662, 22596, 50, 29
2025/01/11 11:03:22.951, 4, 24576, 1662, 22596, 50, 29
2025/01/11 11:03:23.052, 4, 24576, 1662, 22596, 62, 37
2025/01/11 11:03:23.152, 4, 24576, 1662, 22596, 62, 37
2025/01/11 11:03:23.253, 4, 24576, 1662, 22596, 65, 38
2025/01/11 11:03:23.354, 4, 24576, 1662, 22596, 65, 38
2025/01/11 11:03:23.455, 4, 24576, 1662, 22596, 60, 36
2025/01/11 11:03:23.555, 4, 24576, 1662, 22596, 60, 36
2025/01/11 11:03:23.656, 4, 24576, 1662, 22596, 65, 38
2025/01/11 11:03:23.757, 4, 24576, 1662, 22596, 65, 38
2025/01/11 11:03:23.858, 4, 24576, 1662, 22596, 62, 36
2025/01/11 11:03:23.958, 4, 24576, 1662, 22596, 62, 36
2025/01/11 11:03:24.059, 4, 24576, 1662, 22596, 63, 38
2025/01/11 11:03:24.160, 4, 24576, 1662, 22596, 63, 38
2025/01/11 11:03:24.261, 4, 24576, 1662, 22596, 60, 35
2025/01/11 11:03:24.362, 4, 24576, 1662, 22596, 60, 35
2025/01/11 11:03:24.463, 4, 24576, 1662, 22596, 65, 38
2025/01/11 11:03:24.564, 4, 24576, 1662, 22596, 65, 38
2025/01/11 11:03:24.665, 4, 24576, 1662, 22596, 59, 35
2025/01/11 11:03:24.766, 4, 24576, 1662, 22596, 59, 35
2025/01/11 11:03:24.867, 4, 24576, 1662, 22596, 60, 36
2025/01/11 11:03:24.967, 4, 24576, 1662, 22596, 60, 36
2025/01/11 11:03:25.068, 4, 24576, 1662, 22596, 61, 36
2025/01/11 11:03:25.169, 4, 24576, 1662, 22596, 61, 36
2025/01/11 11:03:25.269, 4, 24576, 1662, 22596, 65, 39
2025/01/11 11:03:25.370, 4, 24576, 1662, 22596, 65, 39
2025/01/11 11:03:25.471, 4, 24576, 1662, 22596, 63, 37
2025/01/11 11:03:25.571, 4, 24576, 1662, 22596, 63, 37
2025/01/11 11:03:25.672, 4, 24576, 1662, 22596, 63, 37
2025/01/11 11:03:25.773, 4, 24576, 1662, 22596, 63, 37
2025/01/11 11:03:25.874, 4, 24576, 1662, 22596, 61, 36
2025/01/11 11:03:25.974, 4, 24576, 1662, 22596, 61, 36
2025/01/11 11:03:26.075, 4, 24576, 1662, 22596, 68, 40
2025/01/11 11:03:26.176, 4, 24576, 1662, 22596, 68, 40
2025/01/11 11:03:26.277, 4, 24576, 1662, 22596, 64, 38
2025/01/11 11:03:26.377, 4, 24576, 1662, 22596, 64, 38
2025/01/11 11:03:26.478, 4, 24576, 1662, 22596, 62, 37
2025/01/11 11:03:26.579, 4, 24576, 1662, 22596, 62, 37
2025/01/11 11:03:26.679, 4, 24576, 1662, 22596, 58, 34
2025/01/11 11:03:26.780, 4, 24576, 1662, 22596, 58, 34
2025/01/11 11:03:26.881, 4, 24576, 1662, 22596, 63, 38
2025/01/11 11:03:26.982, 4, 24576, 1662, 22596, 63, 38
2025/01/11 11:03:27.083, 4, 24576, 1662, 22596, 64, 37
2025/01/11 11:03:27.184, 4, 24576, 1662, 22596, 64, 37
2025/01/11 11:03:27.285, 4, 24576, 1662, 22596, 56, 33
2025/01/11 11:03:27.385, 4, 24576, 1662, 22596, 56, 33
2025/01/11 11:03:27.486, 4, 24576, 1662, 22596, 66, 39
2025/01/11 11:03:27.587, 4, 24576, 1662, 22596, 66, 39
2025/01/11 11:03:27.688, 4, 24576, 1662, 22596, 61, 36
2025/01/11 11:03:27.788, 4, 24576, 1662, 22596, 61, 36
2025/01/11 11:03:27.889, 4, 24576, 1662, 22596, 59, 34
2025/01/11 11:03:27.990, 4, 24576, 1662, 22596, 59, 34
2025/01/11 11:03:28.090, 4, 24576, 1662, 22596, 64, 38
2025/01/11 11:03:28.191, 4, 24576, 1662, 22596, 64, 38
2025/01/11 11:03:28.292, 4, 24576, 1662, 22596, 56, 33
2025/01/11 11:03:28.393, 4, 24576, 1662, 22596, 56, 33
2025/01/11 11:03:28.494, 4, 24576, 1662, 22596, 60, 34
2025/01/11 11:03:28.595, 4, 24576, 1662, 22596, 60, 34
2025/01/11 11:03:28.695, 4, 24576, 1662, 22596, 63, 37
2025/01/11 11:03:28.796, 4, 24576, 1662, 22596, 63, 37
2025/01/11 11:03:28.897, 4, 24576, 1662, 22596, 66, 39
2025/01/11 11:03:28.998, 4, 24576, 1662, 22596, 66, 39
2025/01/11 11:03:29.098, 4, 24576, 1662, 22596, 66, 39
2025/01/11 11:03:29.199, 4, 24576, 1662, 22596, 62, 36
2025/01/11 11:03:29.303, 4, 24576, 1662, 22596, 62, 36
2025/01/11 11:03:29.404, 4, 24576, 1662, 22596, 63, 38
2025/01/11 11:03:29.505, 4, 24576, 1662, 22596, 63, 38
2025/01/11 11:03:29.606, 4, 24576, 1662, 22596, 63, 37
2025/01/11 11:03:29.706, 4, 24576, 1662, 22596, 63, 37
2025/01/11 11:03:29.807, 4, 24576, 1662, 22596, 65, 38
2025/01/11 11:03:29.908, 4, 24576, 1662, 22596, 65, 38
2025/01/11 11:03:30.008, 4, 24576, 1662, 22596, 62, 37
2025/01/11 11:03:30.109, 4, 24576, 1662, 22596, 62, 37
2025/01/11 11:03:30.210, 4, 24576, 1662, 22596, 66, 38
2025/01/11 11:03:30.310, 4, 24576, 1662, 22596, 66, 38
2025/01/11 11:03:30.411, 4, 24576, 1662, 22596, 63, 37
2025/01/11 11:03:30.511, 4, 24576, 1662, 22596, 63, 37
2025/01/11 11:03:30.612, 4, 24576, 1662, 22596, 65, 38
2025/01/11 11:03:30.713, 4, 24576, 1662, 22596, 65, 38
2025/01/11 11:03:30.813, 4, 24576, 1662, 22596, 64, 38
2025/01/11 11:03:30.914, 4, 24576, 1662, 22596, 64, 38
2025/01/11 11:03:31.015, 4, 24576, 1662, 22596, 63, 37
2025/01/11 11:03:31.115, 4, 24576, 1662, 22596, 63, 37
2025/01/11 11:03:31.216, 4, 24576, 1662, 22596, 60, 36
2025/01/11 11:03:31.317, 4, 24576, 1662, 22596, 60, 36
2025/01/11 11:03:31.417, 4, 24576, 1662, 22596, 65, 38
2025/01/11 11:03:31.518, 4, 24576, 1662, 22596, 65, 38
2025/01/11 11:03:31.619, 4, 24576, 1662, 22596, 60, 35
2025/01/11 11:03:31.721, 4, 24576, 1662, 22596, 60, 35
2025/01/11 11:03:31.822, 4, 24576, 1662, 22596, 63, 37
2025/01/11 11:03:31.923, 4, 24576, 1662, 22596, 63, 37
2025/01/11 11:03:32.023, 4, 24576, 1662, 22596, 66, 39
2025/01/11 11:03:32.124, 4, 24576, 1662, 22596, 66, 39
2025/01/11 11:03:32.225, 4, 24576, 1662, 22596, 60, 36
2025/01/11 11:03:32.325, 4, 24576, 1662, 22596, 60, 36
2025/01/11 11:03:32.426, 4, 24576, 1662, 22596, 60, 34
2025/01/11 11:03:32.527, 4, 24576, 1662, 22596, 60, 34
2025/01/11 11:03:32.628, 4, 24576, 1662, 22596, 64, 38
2025/01/11 11:03:32.728, 4, 24576, 1662, 22596, 64, 38
2025/01/11 11:03:32.829, 4, 24576, 1662, 22596, 65, 39
2025/01/11 11:03:32.930, 4, 24576, 1662, 22596, 65, 39
2025/01/11 11:03:33.030, 4, 24576, 1662, 22596, 60, 35
2025/01/11 11:03:33.131, 4, 24576, 1662, 22596, 60, 35
2025/01/11 11:03:33.232, 4, 24576, 1662, 22596, 60, 36
2025/01/11 11:03:33.333, 4, 24576, 1662, 22596, 60, 36
2025/01/11 11:03:33.433, 4, 24576, 1662, 22596, 66, 39
2025/01/11 11:03:33.534, 4, 24576, 1662, 22596, 66, 39
2025/01/11 11:03:33.635, 4, 24576, 1662, 22596, 57, 34
2025/01/11 11:03:33.735, 4, 24576, 1662, 22596, 57, 34
2025/01/11 11:03:33.836, 4, 24576, 1662, 22596, 62, 36
2025/01/11 11:03:33.937, 4, 24576, 1662, 22596, 62, 36
2025/01/11 11:03:34.038, 4, 24576, 1662, 22596, 65, 39
2025/01/11 11:03:34.139, 4, 24576, 1662, 22596, 65, 39
2025/01/11 11:03:34.240, 4, 24576, 1662, 22596, 62, 36
2025/01/11 11:03:34.341, 4, 24576, 1662, 22596, 62, 36
2025/01/11 11:03:34.442, 4, 24576, 1662, 22596, 63, 37
2025/01/11 11:03:34.543, 4, 24576, 1662, 22596, 63, 37
2025/01/11 11:03:34.644, 4, 24576, 1662, 22596, 61, 36
2025/01/11 11:03:34.745, 4, 24576, 1662, 22596, 61, 36
2025/01/11 11:03:34.845, 4, 24576, 1662, 22596, 60, 36
2025/01/11 11:03:34.946, 4, 24576, 1662, 22596, 60, 36
2025/01/11 11:03:35.047, 4, 24576, 1662, 22596, 63, 37
2025/01/11 11:03:35.147, 4, 24576, 1662, 22596, 63, 37
2025/01/11 11:03:35.248, 4, 24576, 1662, 22596, 63, 37
2025/01/11 11:03:35.349, 4, 24576, 1662, 22596, 63, 37
2025/01/11 11:03:35.450, 4, 24576, 1662, 22596, 65, 38
2025/01/11 11:03:35.551, 4, 24576, 1662, 22596, 65, 38
2025/01/11 11:03:35.653, 4, 24576, 1662, 22596, 71, 42
2025/01/11 11:03:35.754, 4, 24576, 1662, 22596, 71, 42
2025/01/11 11:03:35.854, 4, 24576, 1662, 22596, 63, 37
2025/01/11 11:03:35.955, 4, 24576, 1662, 22596, 63, 37
2025/01/11 11:03:36.056, 4, 24576, 1662, 22596, 69, 40
2025/01/11 11:03:36.157, 4, 24576, 1662, 22596, 69, 40
2025/01/11 11:03:36.258, 4, 24576, 1662, 22596, 61, 36
2025/01/11 11:03:36.359, 4, 24576, 1662, 22596, 61, 36
2025/01/11 11:03:36.460, 4, 24576, 1662, 22596, 58, 35
2025/01/11 11:03:36.561, 4, 24576, 1662, 22596, 58, 35
2025/01/11 11:03:36.662, 4, 24576, 1662, 22596, 61, 35
2025/01/11 11:03:36.763, 4, 24576, 1662, 22596, 61, 35
2025/01/11 11:03:36.864, 4, 24576, 1662, 22596, 61, 37
2025/01/11 11:03:36.964, 4, 24576, 1662, 22596, 61, 37
2025/01/11 11:03:37.065, 4, 24576, 1662, 22596, 60, 35
2025/01/11 11:03:37.166, 4, 24576, 1662, 22596, 60, 35
2025/01/11 11:03:37.266, 4, 24576, 1662, 22596, 61, 36
2025/01/11 11:03:37.368, 4, 24576, 1662, 22596, 61, 36
2025/01/11 11:03:37.468, 4, 24576, 1662, 22596, 61, 36
2025/01/11 11:03:37.569, 4, 24576, 1662, 22596, 61, 36
2025/01/11 11:03:37.670, 4, 24576, 1662, 22596, 64, 38
2025/01/11 11:03:37.771, 4, 24576, 1662, 22596, 64, 38
2025/01/11 11:03:37.872, 4, 24576, 1662, 22596, 69, 40
2025/01/11 11:03:37.972, 4, 24576, 1662, 22596, 69, 40
2025/01/11 11:03:38.073, 4, 24576, 1662, 22596, 66, 39
2025/01/11 11:03:38.174, 4, 24576, 1662, 22596, 66, 39
2025/01/11 11:03:38.274, 4, 24576, 1662, 22596, 63, 37
2025/01/11 11:03:38.375, 4, 24576, 1662, 22596, 63, 37
2025/01/11 11:03:38.476, 4, 24576, 1662, 22596, 63, 37
2025/01/11 11:03:38.577, 4, 24576, 1662, 22596, 63, 37
2025/01/11 11:03:38.678, 4, 24576, 1662, 22596, 65, 39
2025/01/11 11:03:38.779, 4, 24576, 1662, 22596, 65, 39
2025/01/11 11:03:38.880, 4, 24576, 1662, 22596, 66, 39
2025/01/11 11:03:38.981, 4, 24576, 1662, 22596, 66, 39
2025/01/11 11:03:39.081, 4, 24576, 1662, 22596, 64, 38
2025/01/11 11:03:39.182, 4, 24576, 1662, 22596, 64, 38
2025/01/11 11:03:39.283, 4, 24576, 1662, 22596, 61, 36
2025/01/11 11:03:39.384, 4, 24576, 1662, 22596, 61, 36
2025/01/11 11:03:39.484, 4, 24576, 1662, 22596, 65, 39
2025/01/11 11:03:39.585, 4, 24576, 1662, 22596, 65, 39
2025/01/11 11:03:39.686, 4, 24576, 1662, 22596, 62, 36
2025/01/11 11:03:39.786, 4, 24576, 1662, 22596, 62, 36
2025/01/11 11:03:39.887, 4, 24576, 1662, 22596, 63, 37
2025/01/11 11:03:39.988, 4, 24576, 1662, 22596, 63, 37
2025/01/11 11:03:40.089, 4, 24576, 1662, 22596, 63, 38
2025/01/11 11:03:40.190, 4, 24576, 1662, 22596, 63, 38
2025/01/11 11:03:40.290, 4, 24576, 1662, 22596, 58, 34
2025/01/11 11:03:40.391, 4, 24576, 1662, 22596, 58, 34
2025/01/11 11:03:40.492, 4, 24576, 1662, 22596, 62, 37
2025/01/11 11:03:40.592, 4, 24576, 1662, 22596, 62, 37
2025/01/11 11:03:40.693, 4, 24576, 1662, 22596, 62, 36
2025/01/11 11:03:40.794, 4, 24576, 1662, 22596, 62, 36
2025/01/11 11:03:40.895, 4, 24576, 1662, 22596, 62, 37
2025/01/11 11:03:40.996, 4, 24576, 1662, 22596, 59, 35
2025/01/11 11:03:41.099, 4, 24576, 1662, 22596, 59, 35
2025/01/11 11:03:41.200, 4, 24576, 1662, 22596, 75, 44
2025/01/11 11:03:41.303, 4, 24576, 1662, 22596, 75, 44
2025/01/11 11:03:41.403, 4, 24576, 1662, 22596, 63, 37
2025/01/11 11:03:41.504, 4, 24576, 1662, 22596, 63, 37
2025/01/11 11:03:41.605, 4, 24576, 1662, 22596, 63, 37
2025/01/11 11:03:41.705, 4, 24576, 1662, 22596, 63, 37
2025/01/11 11:03:41.806, 4, 24576, 1662, 22596, 65, 39
2025/01/11 11:03:41.907, 4, 24576, 1662, 22596, 65, 39
2025/01/11 11:03:42.008, 4, 24576, 1662, 22596, 65, 38
2025/01/11 11:03:42.109, 4, 24576, 1662, 22596, 65, 38
2025/01/11 11:03:42.209, 4, 24576, 1662, 22596, 61, 36
2025/01/11 11:03:42.310, 4, 24576, 1662, 22596, 61, 36
2025/01/11 11:03:42.411, 4, 24576, 1662, 22596, 64, 38
2025/01/11 11:03:42.511, 4, 24576, 1662, 22596, 64, 38
2025/01/11 11:03:42.612, 4, 24576, 1662, 22596, 64, 37
2025/01/11 11:03:42.713, 4, 24576, 1662, 22596, 64, 37
2025/01/11 11:03:42.815, 4, 24576, 1662, 22596, 61, 36
2025/01/11 11:03:42.916, 4, 24576, 1662, 22596, 61, 36
2025/01/11 11:03:43.017, 4, 24576, 1662, 22596, 64, 38
2025/01/11 11:03:43.118, 4, 24576, 1662, 22596, 64, 38
2025/01/11 11:03:43.219, 4, 24576, 1662, 22596, 65, 38
2025/01/11 11:03:43.319, 4, 24576, 1662, 22596, 65, 38
2025/01/11 11:03:43.420, 4, 24576, 1662, 22596, 63, 37
2025/01/11 11:03:43.521, 4, 24576, 1662, 22596, 63, 37
2025/01/11 11:03:43.622, 4, 24576, 1662, 22596, 60, 36
2025/01/11 11:03:43.723, 4, 24576, 1662, 22596, 60, 36
2025/01/11 11:03:43.824, 4, 24576, 1662, 22596, 65, 38
2025/01/11 11:03:43.924, 4, 24576, 1662, 22596, 65, 38
2025/01/11 11:03:44.025, 4, 24576, 1662, 22596, 59, 35
2025/01/11 11:03:44.126, 4, 24576, 1662, 22596, 59, 35
2025/01/11 11:03:44.227, 4, 24576, 1662, 22596, 62, 36
2025/01/11 11:03:44.327, 4, 24576, 1662, 22596, 62, 36
2025/01/11 11:03:44.428, 4, 24576, 1662, 22596, 64, 38
2025/01/11 11:03:44.529, 4, 24576, 1662, 22596, 64, 38
2025/01/11 11:03:44.630, 4, 24576, 1662, 22596, 63, 37
2025/01/11 11:03:44.730, 4, 24576, 1662, 22596, 63, 37
2025/01/11 11:03:44.831, 4, 24576, 1662, 22596, 61, 35
2025/01/11 11:03:44.932, 4, 24576, 1662, 22596, 61, 35
2025/01/11 11:03:45.032, 4, 24576, 1662, 22596, 66, 39
2025/01/11 11:03:45.133, 4, 24576, 1662, 22596, 66, 39
2025/01/11 11:03:45.234, 4, 24576, 1662, 22596, 64, 37
2025/01/11 11:03:45.335, 4, 24576, 1662, 22596, 64, 37
2025/01/11 11:03:45.436, 4, 24576, 1662, 22596, 63, 36
2025/01/11 11:03:45.537, 4, 24576, 1662, 22596, 63, 36
2025/01/11 11:03:45.638, 4, 24576, 1662, 22596, 61, 36
2025/01/11 11:03:45.739, 4, 24576, 1662, 22596, 61, 36
2025/01/11 11:03:45.839, 4, 24576, 1662, 22596, 62, 36
2025/01/11 11:03:45.940, 4, 24576, 1662, 22596, 62, 36
2025/01/11 11:03:46.041, 4, 24576, 1662, 22596, 72, 43
2025/01/11 11:03:46.142, 4, 24576, 1662, 22596, 72, 43
2025/01/11 11:03:46.242, 4, 24576, 1662, 22596, 73, 43
2025/01/11 11:03:46.343, 4, 24576, 1662, 22596, 73, 43
2025/01/11 11:03:46.444, 4, 24576, 1662, 22596, 71, 42
2025/01/11 11:03:46.544, 4, 24576, 1662, 22596, 71, 42
2025/01/11 11:03:46.645, 4, 24576, 1662, 22596, 73, 43
2025/01/11 11:03:46.746, 4, 24576, 1662, 22596, 73, 43
2025/01/11 11:03:46.847, 4, 24576, 1662, 22596, 63, 37
2025/01/11 11:03:46.947, 4, 24576, 1662, 22596, 63, 37
2025/01/11 11:03:47.048, 4, 24576, 1662, 22596, 61, 36
2025/01/11 11:03:47.149, 4, 24576, 1662, 22596, 61, 36
2025/01/11 11:03:47.249, 4, 24576, 1662, 22596, 63, 37
2025/01/11 11:03:47.350, 4, 24576, 1662, 22596, 63, 37
2025/01/11 11:03:47.451, 4, 24576, 1662, 22596, 59, 35
2025/01/11 11:03:47.552, 4, 24576, 1662, 22596, 59, 35
2025/01/11 11:03:47.652, 4, 24576, 1662, 22596, 63, 37
2025/01/11 11:03:47.753, 4, 24576, 1662, 22596, 63, 37
2025/01/11 11:03:47.854, 4, 24576, 1662, 22596, 62, 36
2025/01/11 11:03:47.956, 4, 24576, 1662, 22596, 62, 36
2025/01/11 11:03:48.057, 4, 24576, 1662, 22596, 64, 38
2025/01/11 11:03:48.158, 4, 24576, 1662, 22596, 64, 38
2025/01/11 11:03:48.259, 4, 24576, 1662, 22596, 64, 37
2025/01/11 11:03:48.360, 4, 24576, 1662, 22596, 64, 37
2025/01/11 11:03:48.460, 4, 24576, 1662, 22596, 65, 38
2025/01/11 11:03:48.561, 4, 24576, 1662, 22596, 65, 38
2025/01/11 11:03:48.662, 4, 24576, 1662, 22596, 62, 37
2025/01/11 11:03:48.763, 4, 24576, 1662, 22596, 62, 37
2025/01/11 11:03:48.864, 4, 24576, 1662, 22596, 65, 38
2025/01/11 11:03:48.964, 4, 24576, 1662, 22596, 65, 38
2025/01/11 11:03:49.065, 4, 24576, 1662, 22596, 61, 35
2025/01/11 11:03:49.166, 4, 24576, 1662, 22596, 61, 35
2025/01/11 11:03:49.267, 4, 24576, 1662, 22596, 55, 32
2025/01/11 11:03:49.367, 4, 24576, 1662, 22596, 55, 32
2025/01/11 11:03:49.468, 4, 24576, 1662, 22596, 55, 33
2025/01/11 11:03:49.569, 4, 24576, 1662, 22596, 55, 33
2025/01/11 11:03:49.670, 4, 24576, 1662, 22596, 60, 35
2025/01/11 11:03:49.770, 4, 24576, 1662, 22596, 60, 35
2025/01/11 11:03:49.871, 4, 24576, 1662, 22596, 62, 37
2025/01/11 11:03:49.972, 4, 24576, 1662, 22596, 62, 37
2025/01/11 11:03:50.073, 4, 24576, 1662, 22596, 62, 36
2025/01/11 11:03:50.174, 4, 24576, 1662, 22596, 62, 36
2025/01/11 11:03:50.275, 4, 24576, 1662, 22596, 64, 38
2025/01/11 11:03:50.376, 4, 24576, 1662, 22596, 64, 38
2025/01/11 11:03:50.476, 4, 24576, 1662, 22596, 66, 39
2025/01/11 11:03:50.578, 4, 24576, 1662, 22596, 66, 39
2025/01/11 11:03:50.678, 4, 24576, 1662, 22596, 66, 39
2025/01/11 11:03:50.779, 4, 24576, 1662, 22596, 66, 39
2025/01/11 11:03:50.880, 4, 24576, 1662, 22596, 65, 38
2025/01/11 11:03:50.982, 4, 24576, 1662, 22596, 65, 38
2025/01/11 11:03:51.083, 4, 24576, 1662, 22596, 62, 36
2025/01/11 11:03:51.183, 4, 24576, 1662, 22596, 62, 36
2025/01/11 11:03:51.284, 4, 24576, 1662, 22596, 58, 34
2025/01/11 11:03:51.385, 4, 24576, 1662, 22596, 58, 34
2025/01/11 11:03:51.485, 4, 24576, 1662, 22596, 63, 37
2025/01/11 11:03:51.586, 4, 24576, 1662, 22596, 63, 37
2025/01/11 11:03:51.687, 4, 24576, 1662, 22596, 62, 37
2025/01/11 11:03:51.788, 4, 24576, 1662, 22596, 62, 37
2025/01/11 11:03:51.889, 4, 24576, 1662, 22596, 58, 34
2025/01/11 11:03:51.989, 4, 24576, 1662, 22596, 58, 34
2025/01/11 11:03:52.090, 4, 24576, 1662, 22596, 64, 38
2025/01/11 11:03:52.191, 4, 24576, 1662, 22596, 64, 38
2025/01/11 11:03:52.292, 4, 24576, 1662, 22596, 64, 37
2025/01/11 11:03:52.393, 4, 24576, 1662, 22596, 62, 37
2025/01/11 11:03:52.496, 4, 24576, 1662, 22596, 62, 37
2025/01/11 11:03:52.597, 4, 24576, 1662, 22596, 66, 39
2025/01/11 11:03:52.698, 4, 24576, 1662, 22596, 66, 39
2025/01/11 11:03:52.798, 4, 24576, 1662, 22596, 56, 33
2025/01/11 11:03:52.899, 4, 24576, 1662, 22596, 56, 33
2025/01/11 11:03:53.001, 4, 24576, 1662, 22596, 60, 35
2025/01/11 11:03:53.101, 4, 24576, 1662, 22596, 60, 35
2025/01/11 11:03:53.202, 4, 24576, 1662, 22596, 60, 35
2025/01/11 11:03:53.303, 4, 24576, 1662, 22596, 60, 35
2025/01/11 11:03:53.403, 4, 24576, 1662, 22596, 63, 37
2025/01/11 11:03:53.504, 4, 24576, 1662, 22596, 63, 37
2025/01/11 11:03:53.605, 4, 24576, 1662, 22596, 64, 37
2025/01/11 11:03:53.706, 4, 24576, 1662, 22596, 64, 37
2025/01/11 11:03:53.807, 4, 24576, 1662, 22596, 59, 35
2025/01/11 11:03:53.907, 4, 24576, 1662, 22596, 59, 35
2025/01/11 11:03:54.008, 4, 24576, 1662, 22596, 66, 38
2025/01/11 11:03:54.109, 4, 24576, 1662, 22596, 66, 38
2025/01/11 11:03:54.210, 4, 24576, 1662, 22596, 61, 36
2025/01/11 11:03:54.310, 4, 24576, 1662, 22596, 61, 36
2025/01/11 11:03:54.411, 4, 24576, 1662, 22596, 67, 39
2025/01/11 11:03:54.512, 4, 24576, 1662, 22596, 67, 39
2025/01/11 11:03:54.613, 4, 24576, 1662, 22596, 66, 39
2025/01/11 11:03:54.714, 4, 24576, 1662, 22596, 66, 39
2025/01/11 11:03:54.816, 4, 24576, 1662, 22596, 62, 37
2025/01/11 11:03:54.916, 4, 24576, 1662, 22596, 62, 37
2025/01/11 11:03:55.018, 4, 24576, 1662, 22596, 60, 35
2025/01/11 11:03:55.119, 4, 24576, 1662, 22596, 60, 35
2025/01/11 11:03:55.219, 4, 24576, 1662, 22596, 65, 38
2025/01/11 11:03:55.320, 4, 24576, 1662, 22596, 65, 38
2025/01/11 11:03:55.421, 4, 24576, 1662, 22596, 62, 36
2025/01/11 11:03:55.522, 4, 24576, 1662, 22596, 62, 36
2025/01/11 11:03:55.622, 4, 24576, 1662, 22596, 65, 39
2025/01/11 11:03:55.723, 4, 24576, 1662, 22596, 65, 39
2025/01/11 11:03:55.824, 4, 24576, 1662, 22596, 64, 38
2025/01/11 11:03:55.925, 4, 24576, 1662, 22596, 64, 38
2025/01/11 11:03:56.025, 4, 24576, 1662, 22596, 62, 36
2025/01/11 11:03:56.126, 4, 24576, 1662, 22596, 62, 36
2025/01/11 11:03:56.227, 4, 24576, 1662, 22596, 63, 37
2025/01/11 11:03:56.327, 4, 24576, 1662, 22596, 63, 37
2025/01/11 11:03:56.428, 4, 24576, 1662, 22596, 64, 37
2025/01/11 11:03:56.529, 4, 24576, 1662, 22596, 64, 37
2025/01/11 11:03:56.630, 4, 24576, 1662, 22596, 63, 37
2025/01/11 11:03:56.731, 4, 24576, 1662, 22596, 63, 37
2025/01/11 11:03:56.832, 4, 24576, 1662, 22596, 63, 38
2025/01/11 11:03:56.933, 4, 24576, 1662, 22596, 63, 38
2025/01/11 11:03:57.034, 4, 24576, 1662, 22596, 64, 37
2025/01/11 11:03:57.135, 4, 24576, 1662, 22596, 64, 37
2025/01/11 11:03:57.236, 4, 24576, 1662, 22596, 65, 38
2025/01/11 11:03:57.337, 4, 24576, 1662, 22596, 65, 38
2025/01/11 11:03:57.437, 4, 24576, 1662, 22596, 59, 35
2025/01/11 11:03:57.538, 4, 24576, 1662, 22596, 59, 35
2025/01/11 11:03:57.639, 4, 24576, 1662, 22596, 58, 34
2025/01/11 11:03:57.739, 4, 24576, 1662, 22596, 58, 34
2025/01/11 11:03:57.840, 4, 24576, 1662, 22596, 63, 37
2025/01/11 11:03:57.941, 4, 24576, 1662, 22596, 63, 37
2025/01/11 11:03:58.041, 4, 24576, 1662, 22596, 61, 36
2025/01/11 11:03:58.142, 4, 24576, 1662, 22596, 61, 36
2025/01/11 11:03:58.243, 4, 24576, 1662, 22596, 64, 38
2025/01/11 11:03:58.344, 4, 24576, 1662, 22596, 64, 38
2025/01/11 11:03:58.444, 4, 24576, 1662, 22596, 64, 37
2025/01/11 11:03:58.545, 4, 24576, 1662, 22596, 64, 37
2025/01/11 11:03:58.646, 4, 24576, 1662, 22596, 66, 39
2025/01/11 11:03:58.746, 4, 24576, 1662, 22596, 66, 39
2025/01/11 11:03:58.847, 4, 24576, 1662, 22596, 71, 42
2025/01/11 11:03:58.948, 4, 24576, 1662, 22596, 71, 42
2025/01/11 11:03:59.049, 4, 24576, 1662, 22596, 65, 38
2025/01/11 11:03:59.150, 4, 24576, 1662, 22596, 65, 38
2025/01/11 11:03:59.251, 4, 24576, 1662, 22596, 64, 37
2025/01/11 11:03:59.352, 4, 24576, 1662, 22596, 64, 37
2025/01/11 11:03:59.453, 4, 24576, 1662, 22596, 61, 36
2025/01/11 11:03:59.554, 4, 24576, 1662, 22596, 61, 36
2025/01/11 11:03:59.655, 4, 24576, 1662, 22596, 61, 35
2025/01/11 11:03:59.756, 4, 24576, 1662, 22596, 61, 35
2025/01/11 11:03:59.856, 4, 24576, 1662, 22596, 64, 38
2025/01/11 11:03:59.957, 4, 24576, 1662, 22596, 64, 38
2025/01/11 11:04:00.058, 4, 24576, 1662, 22596, 64, 37
2025/01/11 11:04:00.159, 4, 24576, 1662, 22596, 64, 37
2025/01/11 11:04:00.259, 4, 24576, 1662, 22596, 59, 35
2025/01/11 11:04:00.360, 4, 24576, 1662, 22596, 59, 35
2025/01/11 11:04:00.461, 4, 24576, 1662, 22596, 65, 38
2025/01/11 11:04:00.562, 4, 24576, 1662, 22596, 65, 38
2025/01/11 11:04:00.662, 4, 24576, 1662, 22596, 61, 35
2025/01/11 11:04:00.763, 4, 24576, 1662, 22596, 61, 35
2025/01/11 11:04:00.864, 4, 24576, 1662, 22596, 64, 38
2025/01/11 11:04:00.965, 4, 24576, 1662, 22596, 64, 38
2025/01/11 11:04:01.065, 4, 24576, 1662, 22596, 65, 38
2025/01/11 11:04:01.166, 4, 24576, 1662, 22596, 65, 38
2025/01/11 11:04:01.267, 4, 24576, 1662, 22596, 60, 36
2025/01/11 11:04:01.367, 4, 24576, 1662, 22596, 60, 36
2025/01/11 11:04:01.468, 4, 24576, 1662, 22596, 62, 37
2025/01/11 11:04:01.569, 4, 24576, 1662, 22596, 62, 37
2025/01/11 11:04:01.670, 4, 24576, 1662, 22596, 65, 38
2025/01/11 11:04:01.771, 4, 24576, 1662, 22596, 65, 38
2025/01/11 11:04:01.872, 4, 24576, 1662, 22596, 61, 36
2025/01/11 11:04:01.973, 4, 24576, 1662, 22596, 61, 36
2025/01/11 11:04:02.073, 4, 24576, 1662, 22596, 64, 37
2025/01/11 11:04:02.174, 4, 24576, 1662, 22596, 64, 37
2025/01/11 11:04:02.275, 4, 24576, 1662, 22596, 59, 35
2025/01/11 11:04:02.376, 4, 24576, 1662, 22596, 59, 35
2025/01/11 11:04:02.476, 4, 24576, 1662, 22596, 65, 38
2025/01/11 11:04:02.577, 4, 24576, 1662, 22596, 65, 38
2025/01/11 11:04:02.678, 4, 24576, 1662, 22596, 59, 35
2025/01/11 11:04:02.778, 4, 24576, 1662, 22596, 59, 35
2025/01/11 11:04:02.879, 4, 24576, 1662, 22596, 59, 34
2025/01/11 11:04:02.980, 4, 24576, 1662, 22596, 59, 34
2025/01/11 11:04:03.081, 4, 24576, 1662, 22596, 64, 38
2025/01/11 11:04:03.181, 4, 24576, 1662, 22596, 64, 38
2025/01/11 11:04:03.283, 4, 24576, 1662, 22596, 57, 33
2025/01/11 11:04:03.384, 4, 24576, 1662, 22596, 57, 33
2025/01/11 11:04:03.484, 4, 24576, 1662, 22596, 66, 39
2025/01/11 11:04:03.585, 4, 24576, 1662, 22596, 66, 39
2025/01/11 11:04:03.686, 4, 24576, 1662, 22596, 61, 35
2025/01/11 11:04:03.787, 4, 24576, 1662, 22596, 61, 35
2025/01/11 11:04:03.887, 4, 24576, 1662, 22596, 61, 37
2025/01/11 11:04:03.988, 4, 24576, 1662, 22596, 59, 34
2025/01/11 11:04:04.092, 4, 24576, 1662, 22596, 59, 34
2025/01/11 11:04:04.193, 4, 24576, 1662, 22596, 60, 36
2025/01/11 11:04:04.294, 4, 24576, 1662, 22596, 60, 36
2025/01/11 11:04:04.394, 4, 24576, 1662, 22596, 65, 38
2025/01/11 11:04:04.495, 4, 24576, 1662, 22596, 65, 38
2025/01/11 11:04:04.596, 4, 24576, 1662, 22596, 63, 38
2025/01/11 11:04:04.696, 4, 24576, 1662, 22596, 63, 38
2025/01/11 11:04:04.797, 4, 24576, 1662, 22596, 64, 37
2025/01/11 11:04:04.898, 4, 24576, 1662, 22596, 64, 37
2025/01/11 11:04:04.999, 4, 24576, 1662, 22596, 64, 37
2025/01/11 11:04:05.099, 4, 24576, 1662, 22596, 64, 37
2025/01/11 11:04:05.200, 4, 24576, 1662, 22596, 60, 36
2025/01/11 11:04:05.301, 4, 24576, 1662, 22596, 60, 36
2025/01/11 11:04:05.401, 4, 24576, 1662, 22596, 65, 39
2025/01/11 11:04:05.502, 4, 24576, 1662, 22596, 65, 39
2025/01/11 11:04:05.603, 4, 24576, 1662, 22596, 67, 39
2025/01/11 11:04:05.704, 4, 24576, 1662, 22596, 67, 39
2025/01/11 11:04:05.804, 4, 24576, 1662, 22596, 64, 37
2025/01/11 11:04:05.905, 4, 24576, 1662, 22596, 64, 37
2025/01/11 11:04:06.006, 4, 24576, 1662, 22596, 60, 36
2025/01/11 11:04:06.107, 4, 24576, 1662, 22596, 60, 36
2025/01/11 11:04:06.208, 4, 24576, 1662, 22596, 62, 36
2025/01/11 11:04:06.309, 4, 24576, 1662, 22596, 62, 36
2025/01/11 11:04:06.411, 4, 24576, 1662, 22596, 71, 42
2025/01/11 11:04:06.512, 4, 24576, 1662, 22596, 71, 42
2025/01/11 11:04:06.613, 4, 24576, 1662, 22596, 62, 37
2025/01/11 11:04:06.713, 4, 24576, 1662, 22596, 62, 37
2025/01/11 11:04:06.814, 4, 24576, 1662, 22596, 64, 37
2025/01/11 11:04:06.915, 4, 24576, 1662, 22596, 64, 37
2025/01/11 11:04:07.016, 4, 24576, 1662, 22596, 61, 36
2025/01/11 11:04:07.116, 4, 24576, 1662, 22596, 61, 36
2025/01/11 11:04:07.217, 4, 24576, 1662, 22596, 64, 38
2025/01/11 11:04:07.318, 4, 24576, 1662, 22596, 64, 38
2025/01/11 11:04:07.419, 4, 24576, 1662, 22596, 65, 38
2025/01/11 11:04:07.520, 4, 24576, 1662, 22596, 65, 38
2025/01/11 11:04:07.621, 4, 24576, 1662, 22596, 58, 35
2025/01/11 11:04:07.721, 4, 24576, 1662, 22596, 58, 35
2025/01/11 11:04:07.822, 4, 24576, 1662, 22596, 65, 38
2025/01/11 11:04:07.923, 4, 24576, 1662, 22596, 65, 38
2025/01/11 11:04:08.023, 4, 24576, 1662, 22596, 64, 38
2025/01/11 11:04:08.124, 4, 24576, 1662, 22596, 64, 38
2025/01/11 11:04:08.225, 4, 24576, 1662, 22596, 39, 24
2025/01/11 11:04:08.326, 4, 24576, 42, 24216, 39, 24
2025/01/11 11:04:08.427, 4, 24576, 42, 24216, 19, 1
2025/01/11 11:04:08.528, 4, 24576, 42, 24216, 19, 1
2025/01/11 11:04:08.629, 4, 24576, 42, 24216, 0, 0
2025/01/11 11:04:08.730, 4, 24576, 42, 24216, 0, 0
2025/01/11 11:04:08.831, 4, 24576, 42, 24216, 0, 0
2025/01/11 11:04:08.932, 4, 24576, 42, 24216, 0, 0
2025/01/11 11:04:09.033, 4, 24576, 42, 24216, 0, 0
2025/01/11 11:04:09.133, 4, 24576, 42, 24216, 0, 0
2025/01/11 11:04:09.234, 4, 24576, 42, 24216, 0, 0
2025/01/11 11:04:09.335, 4, 24576, 42, 24216, 0, 0
2025/01/11 11:04:09.435, 4, 24576, 42, 24216, 0, 0
2025/01/11 11:04:09.536, 4, 24576, 42, 24216, 0, 0
2025/01/11 11:04:09.636, 4, 24576, 42, 24216, 0, 0
2025/01/11 11:04:09.737, 4, 24576, 42, 24216, 0, 0
2025/01/11 11:04:09.838, 4, 24576, 42, 24216, 0, 0
2025/01/11 11:04:09.939, 4, 24576, 42, 24216, 0, 0
2025/01/11 11:04:10.039, 4, 24576, 42, 24216, 0, 0
2025/01/11 11:04:10.140, 4, 24576, 42, 24216, 0, 0
2025/01/11 11:04:10.241, 4, 24576, 42, 24216, 0, 0
2025/01/11 11:04:10.342, 4, 24576, 42, 24216, 0, 0
2025/01/11 11:04:10.442, 4, 24576, 42, 24216, 0, 0
2025/01/11 11:04:10.543, 4, 24576, 42, 24216, 0, 0
2025/01/11 11:04:10.644, 4, 24576, 42, 24216, 0, 0
2025/01/11 11:04:10.744, 4, 24576, 42, 24216, 0, 0
2025/01/11 11:04:10.845, 4, 24576, 42, 24216, 0, 0
2025/01/11 11:04:10.946, 4