timestamp, index, memory.total [MiB], memory.used [MiB], memory.free [MiB], utilization.gpu [%], utilization.memory [%]
2025/01/06 13:15:05.586, 5, 24576, 12, 24247, 0, 0
2025/01/06 13:15:05.687, 5, 24576, 12, 24247, 0, 0
2025/01/06 13:15:05.788, 5, 24576, 12, 24247, 0, 0
2025/01/06 13:15:05.889, 5, 24576, 12, 24247, 0, 0
2025/01/06 13:15:05.990, 5, 24576, 12, 24247, 0, 0
2025/01/06 13:15:06.091, 5, 24576, 12, 24247, 0, 0
2025/01/06 13:15:06.191, 5, 24576, 12, 24247, 0, 0
2025/01/06 13:15:06.292, 5, 24576, 12, 24247, 0, 0
2025/01/06 13:15:06.393, 5, 24576, 12, 24247, 0, 0
2025/01/06 13:15:06.494, 5, 24576, 12, 24247, 0, 0
2025/01/06 13:15:06.594, 5, 24576, 12, 24247, 0, 0
2025/01/06 13:15:06.695, 5, 24576, 12, 24247, 0, 0
2025/01/06 13:15:06.796, 5, 24576, 12, 24247, 0, 0
2025/01/06 13:15:06.897, 5, 24576, 12, 24247, 0, 0
2025/01/06 13:15:06.997, 5, 24576, 12, 24247, 0, 0
2025/01/06 13:15:07.098, 5, 24576, 12, 24247, 0, 0
2025/01/06 13:15:07.199, 5, 24576, 12, 24247, 0, 0
2025/01/06 13:15:07.299, 5, 24576, 12, 24247, 0, 0
2025/01/06 13:15:07.400, 5, 24576, 12, 24247, 0, 0
2025/01/06 13:15:07.501, 5, 24576, 12, 24247, 0, 0
2025/01/06 13:15:07.601, 5, 24576, 12, 24247, 0, 0
2025/01/06 13:15:07.702, 5, 24576, 12, 24247, 1, 0
2025/01/06 13:15:07.803, 5, 24576, 12, 24247, 1, 0
2025/01/06 13:15:07.904, 5, 24576, 12, 24247, 0, 0
2025/01/06 13:15:08.004, 5, 24576, 12, 24247, 0, 0
2025/01/06 13:15:08.105, 5, 24576, 12, 24247, 0, 0
2025/01/06 13:15:08.206, 5, 24576, 12, 24247, 0, 0
2025/01/06 13:15:08.307, 5, 24576, 12, 24247, 0, 0
2025/01/06 13:15:08.407, 5, 24576, 12, 24247, 0, 0
2025/01/06 13:15:08.508, 5, 24576, 12, 24247, 0, 0
2025/01/06 13:15:08.609, 5, 24576, 12, 24247, 0, 0
2025/01/06 13:15:08.710, 5, 24576, 12, 24247, 0, 0
2025/01/06 13:15:08.810, 5, 24576, 12, 24247, 0, 0
2025/01/06 13:15:08.911, 5, 24576, 12, 24247, 0, 0
2025/01/06 13:15:09.012, 5, 24576, 12, 24247, 0, 0
2025/01/06 13:15:09.112, 5, 24576, 12, 24247, 0, 0
2025/01/06 13:15:09.213, 5, 24576, 12, 24247, 0, 0
2025/01/06 13:15:09.314, 5, 24576, 12, 24247, 0, 0
2025/01/06 13:15:09.415, 5, 24576, 12, 24247, 0, 0
2025/01/06 13:15:09.515, 5, 24576, 12, 24247, 0, 0
2025/01/06 13:15:09.616, 5, 24576, 12, 24247, 0, 0
2025/01/06 13:15:09.717, 5, 24576, 12, 24247, 0, 0
2025/01/06 13:15:09.818, 5, 24576, 12, 24247, 0, 0
2025/01/06 13:15:09.918, 5, 24576, 12, 24247, 0, 0
2025/01/06 13:15:10.019, 5, 24576, 12, 24247, 0, 0
2025/01/06 13:15:10.120, 5, 24576, 12, 24247, 0, 0
2025/01/06 13:15:10.220, 5, 24576, 12, 24247, 0, 0
2025/01/06 13:15:10.321, 5, 24576, 12, 24247, 0, 0
2025/01/06 13:15:10.422, 5, 24576, 12, 24247, 0, 0
2025/01/06 13:15:10.523, 5, 24576, 12, 24247, 0, 0
2025/01/06 13:15:10.623, 5, 24576, 12, 24247, 0, 0
2025/01/06 13:15:10.724, 5, 24576, 12, 24247, 0, 0
2025/01/06 13:15:10.825, 5, 24576, 12, 24247, 0, 0
2025/01/06 13:15:10.926, 5, 24576, 12, 24247, 0, 0
2025/01/06 13:15:11.026, 5, 24576, 12, 24247, 0, 0
2025/01/06 13:15:11.127, 5, 24576, 12, 24247, 0, 0
2025/01/06 13:15:11.228, 5, 24576, 12, 24247, 0, 0
2025/01/06 13:15:11.329, 5, 24576, 12, 24247, 0, 0
2025/01/06 13:15:11.429, 5, 24576, 12, 24247, 0, 0
2025/01/06 13:15:11.530, 5, 24576, 12, 24247, 0, 0
2025/01/06 13:15:11.631, 5, 24576, 12, 24247, 0, 0
2025/01/06 13:15:11.732, 5, 24576, 12, 24247, 0, 0
2025/01/06 13:15:11.832, 5, 24576, 12, 24247, 0, 0
2025/01/06 13:15:11.933, 5, 24576, 12, 24247, 0, 0
2025/01/06 13:15:12.034, 5, 24576, 12, 24247, 0, 0
2025/01/06 13:15:12.134, 5, 24576, 12, 24247, 0, 0
2025/01/06 13:15:12.235, 5, 24576, 12, 24247, 0, 0
2025/01/06 13:15:12.336, 5, 24576, 12, 24247, 0, 0
2025/01/06 13:15:12.437, 5, 24576, 12, 24247, 0, 0
2025/01/06 13:15:12.537, 5, 24576, 12, 24247, 0, 0
2025/01/06 13:15:12.638, 5, 24576, 12, 24247, 0, 0
2025/01/06 13:15:12.739, 5, 24576, 12, 24247, 0, 0
2025/01/06 13:15:12.840, 5, 24576, 12, 24247, 0, 0
2025/01/06 13:15:12.940, 5, 24576, 12, 24247, 0, 0
2025/01/06 13:15:13.041, 5, 24576, 12, 24247, 0, 0
2025/01/06 13:15:13.142, 5, 24576, 12, 24247, 0, 0
2025/01/06 13:15:13.243, 5, 24576, 12, 24247, 0, 0
2025/01/06 13:15:13.343, 5, 24576, 12, 24247, 0, 0
2025/01/06 13:15:13.444, 5, 24576, 12, 24247, 0, 0
2025/01/06 13:15:13.545, 5, 24576, 24, 24234, 0, 0
2025/01/06 13:15:13.660, 5, 24576, 324, 23934, 1, 0
2025/01/06 13:15:13.761, 5, 24576, 362, 23896, 1, 0
2025/01/06 13:15:13.861, 5, 24576, 396, 23862, 7, 0
2025/01/06 13:15:13.962, 5, 24576, 430, 23828, 7, 0
2025/01/06 13:15:14.063, 5, 24576, 468, 23790, 4, 0
2025/01/06 13:15:14.164, 5, 24576, 476, 23782, 4, 0
2025/01/06 13:15:14.265, 5, 24576, 538, 23720, 2, 0
2025/01/06 13:15:14.366, 5, 24576, 572, 23686, 2, 0
2025/01/06 13:15:14.466, 5, 24576, 614, 23644, 7, 0
2025/01/06 13:15:14.567, 5, 24576, 652, 23606, 7, 0
2025/01/06 13:15:14.668, 5, 24576, 680, 23578, 4, 0
2025/01/06 13:15:14.769, 5, 24576, 848, 23410, 4, 0
2025/01/06 13:15:14.869, 5, 24576, 970, 23288, 9, 0
2025/01/06 13:15:14.970, 5, 24576, 1210, 23048, 9, 0
2025/01/06 13:15:15.071, 5, 24576, 1252, 23006, 16, 0
2025/01/06 13:15:15.171, 5, 24576, 1288, 22970, 16, 0
2025/01/06 13:15:15.272, 5, 24576, 1322, 22936, 5, 0
2025/01/06 13:15:15.373, 5, 24576, 1358, 22900, 5, 0
2025/01/06 13:15:15.473, 5, 24576, 1394, 22864, 4, 0
2025/01/06 13:15:15.574, 5, 24576, 1434, 22824, 4, 0
2025/01/06 13:15:15.675, 5, 24576, 1474, 22784, 4, 0
2025/01/06 13:15:15.775, 5, 24576, 1512, 22746, 4, 0
2025/01/06 13:15:15.876, 5, 24576, 1550, 22708, 4, 0
2025/01/06 13:15:15.977, 5, 24576, 3140, 21118, 4, 0
2025/01/06 13:15:16.077, 5, 24576, 3610, 20648, 29, 14
2025/01/06 13:15:16.179, 5, 24576, 3610, 20648, 29, 14
2025/01/06 13:15:16.279, 5, 24576, 3610, 20648, 71, 43
2025/01/06 13:15:16.380, 5, 24576, 3610, 20648, 71, 43
2025/01/06 13:15:16.481, 5, 24576, 3610, 20648, 67, 40
2025/01/06 13:15:16.582, 5, 24576, 3610, 20648, 67, 40
2025/01/06 13:15:16.683, 5, 24576, 3610, 20648, 74, 47
2025/01/06 13:15:16.784, 5, 24576, 3610, 20648, 74, 47
2025/01/06 13:15:16.885, 5, 24576, 3610, 20648, 74, 47
2025/01/06 13:15:16.986, 5, 24576, 3610, 20648, 74, 47
2025/01/06 13:15:17.087, 5, 24576, 3610, 20648, 72, 45
2025/01/06 13:15:17.187, 5, 24576, 3610, 20648, 72, 45
2025/01/06 13:15:17.288, 5, 24576, 3610, 20648, 73, 44
2025/01/06 13:15:17.389, 5, 24576, 3610, 20648, 73, 44
2025/01/06 13:15:17.490, 5, 24576, 3610, 20648, 72, 45
2025/01/06 13:15:17.590, 5, 24576, 3610, 20648, 72, 45
2025/01/06 13:15:17.691, 5, 24576, 3610, 20648, 74, 47
2025/01/06 13:15:17.792, 5, 24576, 3610, 20648, 74, 47
2025/01/06 13:15:17.892, 5, 24576, 3610, 20648, 65, 39
2025/01/06 13:15:17.993, 5, 24576, 3610, 20648, 65, 39
2025/01/06 13:15:18.094, 5, 24576, 3610, 20648, 76, 47
2025/01/06 13:15:18.194, 5, 24576, 3610, 20648, 76, 47
2025/01/06 13:15:18.295, 5, 24576, 3610, 20648, 74, 46
2025/01/06 13:15:18.396, 5, 24576, 3610, 20648, 74, 46
2025/01/06 13:15:18.497, 5, 24576, 3610, 20648, 73, 46
2025/01/06 13:15:18.597, 5, 24576, 3610, 20648, 73, 46
2025/01/06 13:15:18.698, 5, 24576, 3610, 20648, 74, 47
2025/01/06 13:15:18.799, 5, 24576, 3610, 20648, 74, 47
2025/01/06 13:15:18.899, 5, 24576, 3610, 20648, 74, 46
2025/01/06 13:15:19.000, 5, 24576, 3610, 20648, 74, 46
2025/01/06 13:15:19.101, 5, 24576, 3610, 20648, 70, 41
2025/01/06 13:15:19.202, 5, 24576, 3610, 20648, 74, 46
2025/01/06 13:15:19.305, 5, 24576, 3610, 20648, 74, 46
2025/01/06 13:15:19.407, 5, 24576, 3610, 20648, 77, 48
2025/01/06 13:15:19.508, 5, 24576, 3610, 20648, 77, 48
2025/01/06 13:15:19.609, 5, 24576, 3610, 20648, 73, 46
2025/01/06 13:15:19.709, 5, 24576, 3610, 20648, 73, 46
2025/01/06 13:15:19.810, 5, 24576, 3610, 20648, 72, 46
2025/01/06 13:15:19.911, 5, 24576, 3610, 20648, 72, 46
2025/01/06 13:15:20.012, 5, 24576, 3610, 20648, 70, 42
2025/01/06 13:15:20.119, 5, 24576, 3610, 20648, 70, 42
2025/01/06 13:15:20.220, 5, 24576, 3610, 20648, 74, 46
2025/01/06 13:15:20.321, 5, 24576, 3610, 20648, 74, 46
2025/01/06 13:15:20.422, 5, 24576, 3610, 20648, 61, 38
2025/01/06 13:15:20.523, 5, 24576, 3610, 20648, 61, 38
2025/01/06 13:15:20.624, 5, 24576, 3610, 20648, 70, 43
2025/01/06 13:15:20.725, 5, 24576, 3610, 20648, 70, 43
2025/01/06 13:15:20.826, 5, 24576, 3610, 20648, 64, 40
2025/01/06 13:15:20.927, 5, 24576, 3610, 20648, 64, 40
2025/01/06 13:15:21.028, 5, 24576, 3610, 20648, 71, 44
2025/01/06 13:15:21.128, 5, 24576, 3610, 20648, 71, 44
2025/01/06 13:15:21.229, 5, 24576, 3610, 20648, 71, 45
2025/01/06 13:15:21.330, 5, 24576, 3610, 20648, 71, 45
2025/01/06 13:15:21.431, 5, 24576, 3610, 20648, 64, 38
2025/01/06 13:15:21.531, 5, 24576, 3610, 20648, 64, 38
2025/01/06 13:15:21.632, 5, 24576, 3610, 20648, 71, 45
2025/01/06 13:15:21.733, 5, 24576, 3610, 20648, 71, 45
2025/01/06 13:15:21.834, 5, 24576, 3610, 20648, 71, 44
2025/01/06 13:15:21.934, 5, 24576, 3610, 20648, 71, 44
2025/01/06 13:15:22.035, 5, 24576, 3610, 20648, 69, 41
2025/01/06 13:15:22.136, 5, 24576, 3610, 20648, 69, 41
2025/01/06 13:15:22.237, 5, 24576, 3610, 20648, 71, 45
2025/01/06 13:15:22.337, 5, 24576, 3610, 20648, 71, 45
2025/01/06 13:15:22.438, 5, 24576, 3610, 20648, 67, 39
2025/01/06 13:15:22.539, 5, 24576, 3610, 20648, 67, 39
2025/01/06 13:15:22.640, 5, 24576, 3610, 20648, 77, 48
2025/01/06 13:15:22.741, 5, 24576, 3610, 20648, 77, 48
2025/01/06 13:15:22.842, 5, 24576, 3610, 20648, 79, 50
2025/01/06 13:15:22.943, 5, 24576, 3610, 20648, 79, 50
2025/01/06 13:15:23.044, 5, 24576, 3610, 20648, 74, 46
2025/01/06 13:15:23.144, 5, 24576, 3610, 20648, 74, 46
2025/01/06 13:15:23.245, 5, 24576, 3610, 20648, 74, 46
2025/01/06 13:15:23.346, 5, 24576, 3610, 20648, 74, 46
2025/01/06 13:15:23.447, 5, 24576, 3610, 20648, 73, 46
2025/01/06 13:15:23.547, 5, 24576, 3610, 20648, 73, 46
2025/01/06 13:15:23.648, 5, 24576, 3610, 20648, 75, 47
2025/01/06 13:15:23.749, 5, 24576, 3610, 20648, 75, 47
2025/01/06 13:15:23.850, 5, 24576, 3610, 20648, 72, 44
2025/01/06 13:15:23.950, 5, 24576, 3610, 20648, 72, 44
2025/01/06 13:15:24.051, 5, 24576, 3610, 20648, 72, 43
2025/01/06 13:15:24.152, 5, 24576, 3610, 20648, 72, 43
2025/01/06 13:15:24.252, 5, 24576, 3610, 20648, 71, 45
2025/01/06 13:15:24.353, 5, 24576, 3610, 20648, 71, 45
2025/01/06 13:15:24.454, 5, 24576, 3610, 20648, 79, 48
2025/01/06 13:15:24.554, 5, 24576, 3610, 20648, 79, 48
2025/01/06 13:15:24.655, 5, 24576, 3610, 20648, 81, 50
2025/01/06 13:15:24.756, 5, 24576, 3610, 20648, 81, 50
2025/01/06 13:15:24.857, 5, 24576, 3610, 20648, 72, 45
2025/01/06 13:15:24.957, 5, 24576, 3610, 20648, 72, 45
2025/01/06 13:15:25.058, 5, 24576, 3610, 20648, 71, 45
2025/01/06 13:15:25.159, 5, 24576, 3610, 20648, 71, 45
2025/01/06 13:15:25.260, 5, 24576, 3610, 20648, 74, 46
2025/01/06 13:15:25.361, 5, 24576, 3610, 20648, 74, 46
2025/01/06 13:15:25.462, 5, 24576, 3610, 20648, 71, 42
2025/01/06 13:15:25.563, 5, 24576, 3610, 20648, 71, 42
2025/01/06 13:15:25.664, 5, 24576, 3610, 20648, 73, 46
2025/01/06 13:15:25.765, 5, 24576, 3610, 20648, 73, 46
2025/01/06 13:15:25.866, 5, 24576, 3610, 20648, 72, 46
2025/01/06 13:15:25.966, 5, 24576, 3610, 20648, 72, 46
2025/01/06 13:15:26.067, 5, 24576, 3610, 20648, 72, 45
2025/01/06 13:15:26.168, 5, 24576, 3610, 20648, 72, 45
2025/01/06 13:15:26.268, 5, 24576, 3610, 20648, 72, 42
2025/01/06 13:15:26.369, 5, 24576, 3610, 20648, 72, 42
2025/01/06 13:15:26.470, 5, 24576, 3610, 20648, 73, 46
2025/01/06 13:15:26.571, 5, 24576, 3610, 20648, 73, 46
2025/01/06 13:15:26.671, 5, 24576, 3610, 20648, 70, 45
2025/01/06 13:15:26.772, 5, 24576, 3610, 20648, 70, 45
2025/01/06 13:15:26.873, 5, 24576, 3610, 20648, 68, 40
2025/01/06 13:15:26.973, 5, 24576, 3610, 20648, 68, 40
2025/01/06 13:15:27.074, 5, 24576, 3610, 20648, 70, 45
2025/01/06 13:15:27.175, 5, 24576, 3610, 20648, 70, 45
2025/01/06 13:15:27.275, 5, 24576, 3610, 20648, 74, 47
2025/01/06 13:15:27.376, 5, 24576, 3610, 20648, 74, 47
2025/01/06 13:15:27.477, 5, 24576, 3610, 20648, 69, 41
2025/01/06 13:15:27.578, 5, 24576, 3610, 20648, 69, 41
2025/01/06 13:15:27.679, 5, 24576, 3610, 20648, 68, 43
2025/01/06 13:15:27.780, 5, 24576, 3610, 20648, 68, 43
2025/01/06 13:15:27.881, 5, 24576, 3610, 20648, 74, 47
2025/01/06 13:15:27.981, 5, 24576, 3610, 20648, 74, 47
2025/01/06 13:15:28.082, 5, 24576, 3610, 20648, 73, 45
2025/01/06 13:15:28.183, 5, 24576, 3610, 20648, 73, 45
2025/01/06 13:15:28.284, 5, 24576, 3610, 20648, 72, 43
2025/01/06 13:15:28.385, 5, 24576, 3610, 20648, 72, 43
2025/01/06 13:15:28.486, 5, 24576, 3610, 20648, 75, 47
2025/01/06 13:15:28.587, 5, 24576, 3610, 20648, 75, 47
2025/01/06 13:15:28.687, 5, 24576, 3610, 20648, 73, 46
2025/01/06 13:15:28.788, 5, 24576, 3610, 20648, 73, 46
2025/01/06 13:15:28.889, 5, 24576, 3610, 20648, 74, 46
2025/01/06 13:15:28.989, 5, 24576, 3610, 20648, 74, 46
2025/01/06 13:15:29.090, 5, 24576, 3610, 20648, 70, 44
2025/01/06 13:15:29.191, 5, 24576, 3610, 20648, 70, 44
2025/01/06 13:15:29.292, 5, 24576, 3610, 20648, 67, 40
2025/01/06 13:15:29.392, 5, 24576, 3610, 20648, 67, 40
2025/01/06 13:15:29.493, 5, 24576, 3610, 20648, 72, 46
2025/01/06 13:15:29.594, 5, 24576, 3610, 20648, 72, 46
2025/01/06 13:15:29.695, 5, 24576, 3610, 20648, 76, 47
2025/01/06 13:15:29.795, 5, 24576, 3610, 20648, 76, 47
2025/01/06 13:15:29.896, 5, 24576, 3610, 20648, 75, 47
2025/01/06 13:15:29.997, 5, 24576, 3610, 20648, 75, 47
2025/01/06 13:15:30.098, 5, 24576, 3610, 20648, 75, 45
2025/01/06 13:15:30.199, 5, 24576, 3610, 20648, 72, 43
2025/01/06 13:15:30.302, 5, 24576, 3610, 20648, 72, 43
2025/01/06 13:15:30.403, 5, 24576, 3610, 20648, 77, 48
2025/01/06 13:15:30.504, 5, 24576, 3610, 20648, 77, 48
2025/01/06 13:15:30.604, 5, 24576, 3610, 20648, 71, 45
2025/01/06 13:15:30.705, 5, 24576, 3610, 20648, 71, 45
2025/01/06 13:15:30.806, 5, 24576, 3610, 20648, 72, 46
2025/01/06 13:15:30.906, 5, 24576, 3610, 20648, 72, 46
2025/01/06 13:15:31.007, 5, 24576, 3610, 20648, 75, 47
2025/01/06 13:15:31.108, 5, 24576, 3610, 20648, 75, 47
2025/01/06 13:15:31.208, 5, 24576, 3610, 20648, 73, 44
2025/01/06 13:15:31.309, 5, 24576, 3610, 20648, 73, 44
2025/01/06 13:15:31.410, 5, 24576, 3610, 20648, 68, 42
2025/01/06 13:15:31.511, 5, 24576, 3610, 20648, 68, 42
2025/01/06 13:15:31.611, 5, 24576, 3610, 20648, 72, 46
2025/01/06 13:15:31.712, 5, 24576, 3610, 20648, 72, 46
2025/01/06 13:15:31.813, 5, 24576, 3610, 20648, 68, 40
2025/01/06 13:15:31.913, 5, 24576, 3610, 20648, 68, 40
2025/01/06 13:15:32.014, 5, 24576, 3610, 20648, 68, 44
2025/01/06 13:15:32.115, 5, 24576, 3610, 20648, 68, 44
2025/01/06 13:15:32.216, 5, 24576, 3610, 20648, 75, 47
2025/01/06 13:15:32.317, 5, 24576, 3610, 20648, 75, 47
2025/01/06 13:15:32.418, 5, 24576, 3610, 20648, 71, 43
2025/01/06 13:15:32.519, 5, 24576, 3610, 20648, 71, 43
2025/01/06 13:15:32.620, 5, 24576, 3610, 20648, 76, 46
2025/01/06 13:15:32.721, 5, 24576, 3610, 20648, 76, 46
2025/01/06 13:15:32.822, 5, 24576, 3610, 20648, 75, 47
2025/01/06 13:15:32.923, 5, 24576, 3610, 20648, 75, 47
2025/01/06 13:15:33.023, 5, 24576, 3610, 20648, 74, 46
2025/01/06 13:15:33.124, 5, 24576, 3610, 20648, 74, 46
2025/01/06 13:15:33.225, 5, 24576, 3610, 20648, 72, 46
2025/01/06 13:15:33.326, 5, 24576, 3610, 20648, 72, 46
2025/01/06 13:15:33.426, 5, 24576, 3610, 20648, 72, 46
2025/01/06 13:15:33.527, 5, 24576, 3610, 20648, 72, 46
2025/01/06 13:15:33.628, 5, 24576, 3610, 20648, 76, 47
2025/01/06 13:15:33.728, 5, 24576, 3610, 20648, 76, 47
2025/01/06 13:15:33.829, 5, 24576, 3610, 20648, 71, 42
2025/01/06 13:15:33.930, 5, 24576, 3610, 20648, 71, 42
2025/01/06 13:15:34.030, 5, 24576, 3610, 20648, 73, 46
2025/01/06 13:15:34.131, 5, 24576, 3610, 20648, 73, 46
2025/01/06 13:15:34.232, 5, 24576, 3610, 20648, 75, 47
2025/01/06 13:15:34.333, 5, 24576, 3610, 20648, 75, 47
2025/01/06 13:15:34.433, 5, 24576, 3610, 20648, 74, 46
2025/01/06 13:15:34.534, 5, 24576, 3610, 20648, 74, 46
2025/01/06 13:15:34.635, 5, 24576, 3610, 20648, 77, 48
2025/01/06 13:15:34.737, 5, 24576, 3610, 20648, 77, 48
2025/01/06 13:15:34.838, 5, 24576, 3610, 20648, 70, 42
2025/01/06 13:15:34.939, 5, 24576, 3610, 20648, 70, 42
2025/01/06 13:15:35.040, 5, 24576, 3610, 20648, 74, 45
2025/01/06 13:15:35.141, 5, 24576, 3610, 20648, 74, 45
2025/01/06 13:15:35.242, 5, 24576, 3610, 20648, 70, 45
2025/01/06 13:15:35.343, 5, 24576, 3610, 20648, 70, 45
2025/01/06 13:15:35.443, 5, 24576, 3610, 20648, 69, 43
2025/01/06 13:15:35.544, 5, 24576, 3610, 20648, 69, 43
2025/01/06 13:15:35.645, 5, 24576, 3610, 20648, 73, 44
2025/01/06 13:15:35.746, 5, 24576, 3610, 20648, 73, 44
2025/01/06 13:15:35.847, 5, 24576, 3610, 20648, 75, 46
2025/01/06 13:15:35.948, 5, 24576, 3610, 20648, 75, 46
2025/01/06 13:15:36.048, 5, 24576, 3610, 20648, 79, 49
2025/01/06 13:15:36.149, 5, 24576, 3610, 20648, 79, 49
2025/01/06 13:15:36.250, 5, 24576, 3610, 20648, 74, 46
2025/01/06 13:15:36.351, 5, 24576, 3610, 20648, 74, 46
2025/01/06 13:15:36.451, 5, 24576, 3610, 20648, 75, 47
2025/01/06 13:15:36.552, 5, 24576, 3610, 20648, 75, 47
2025/01/06 13:15:36.653, 5, 24576, 3610, 20648, 77, 47
2025/01/06 13:15:36.753, 5, 24576, 3610, 20648, 77, 47
2025/01/06 13:15:36.854, 5, 24576, 3610, 20648, 76, 47
2025/01/06 13:15:36.955, 5, 24576, 3610, 20648, 76, 47
2025/01/06 13:15:37.056, 5, 24576, 3610, 20648, 75, 47
2025/01/06 13:15:37.157, 5, 24576, 3610, 20648, 75, 47
2025/01/06 13:15:37.258, 5, 24576, 3610, 20648, 75, 47
2025/01/06 13:15:37.359, 5, 24576, 3610, 20648, 75, 47
2025/01/06 13:15:37.460, 5, 24576, 3610, 20648, 73, 46
2025/01/06 13:15:37.561, 5, 24576, 3610, 20648, 73, 46
2025/01/06 13:15:37.661, 5, 24576, 3610, 20648, 75, 45
2025/01/06 13:15:37.762, 5, 24576, 3610, 20648, 75, 45
2025/01/06 13:15:37.863, 5, 24576, 3610, 20648, 74, 45
2025/01/06 13:15:37.963, 5, 24576, 3610, 20648, 74, 45
2025/01/06 13:15:38.064, 5, 24576, 3610, 20648, 76, 47
2025/01/06 13:15:38.165, 5, 24576, 3610, 20648, 76, 47
2025/01/06 13:15:38.266, 5, 24576, 3610, 20648, 75, 47
2025/01/06 13:15:38.367, 5, 24576, 3610, 20648, 75, 47
2025/01/06 13:15:38.467, 5, 24576, 3610, 20648, 75, 47
2025/01/06 13:15:38.568, 5, 24576, 3610, 20648, 75, 47
2025/01/06 13:15:38.669, 5, 24576, 3610, 20648, 76, 47
2025/01/06 13:15:38.770, 5, 24576, 3610, 20648, 76, 47
2025/01/06 13:15:38.870, 5, 24576, 3610, 20648, 74, 47
2025/01/06 13:15:38.971, 5, 24576, 3610, 20648, 74, 47
2025/01/06 13:15:39.072, 5, 24576, 3610, 20648, 76, 47
2025/01/06 13:15:39.172, 5, 24576, 3610, 20648, 76, 47
2025/01/06 13:15:39.273, 5, 24576, 3610, 20648, 76, 47
2025/01/06 13:15:39.374, 5, 24576, 3610, 20648, 76, 47
2025/01/06 13:15:39.475, 5, 24576, 3610, 20648, 73, 46
2025/01/06 13:15:39.576, 5, 24576, 3610, 20648, 73, 46
2025/01/06 13:15:39.677, 5, 24576, 3610, 20648, 77, 47
2025/01/06 13:15:39.778, 5, 24576, 3610, 20648, 77, 47
2025/01/06 13:15:39.879, 5, 24576, 3610, 20648, 78, 49
2025/01/06 13:15:39.980, 5, 24576, 3610, 20648, 78, 49
2025/01/06 13:15:40.080, 5, 24576, 3610, 20648, 74, 45
2025/01/06 13:15:40.181, 5, 24576, 3610, 20648, 74, 45
2025/01/06 13:15:40.282, 5, 24576, 3610, 20648, 76, 47
2025/01/06 13:15:40.383, 5, 24576, 3610, 20648, 76, 47
2025/01/06 13:15:40.483, 5, 24576, 3610, 20648, 69, 42
2025/01/06 13:15:40.584, 5, 24576, 3610, 20648, 69, 42
2025/01/06 13:15:40.685, 5, 24576, 3610, 20648, 72, 46
2025/01/06 13:15:40.786, 5, 24576, 3610, 20648, 72, 46
2025/01/06 13:15:40.886, 5, 24576, 3610, 20648, 75, 47
2025/01/06 13:15:40.987, 5, 24576, 3610, 20648, 75, 47
2025/01/06 13:15:41.088, 5, 24576, 3610, 20648, 71, 42
2025/01/06 13:15:41.188, 5, 24576, 3610, 20648, 71, 42
2025/01/06 13:15:41.289, 5, 24576, 3610, 20648, 74, 46
2025/01/06 13:15:41.390, 5, 24576, 3610, 20648, 74, 46
2025/01/06 13:15:41.491, 5, 24576, 3610, 20648, 70, 45
2025/01/06 13:15:41.591, 5, 24576, 3610, 20648, 70, 45
2025/01/06 13:15:41.692, 5, 24576, 3610, 20648, 68, 41
2025/01/06 13:15:41.793, 5, 24576, 3610, 20648, 68, 41
2025/01/06 13:15:41.895, 5, 24576, 3610, 20648, 74, 45
2025/01/06 13:15:41.996, 5, 24576, 3610, 20648, 75, 47
2025/01/06 13:15:42.098, 5, 24576, 3610, 20648, 75, 47
2025/01/06 13:15:42.199, 5, 24576, 3610, 20648, 72, 46
2025/01/06 13:15:42.300, 5, 24576, 3610, 20648, 72, 46
2025/01/06 13:15:42.401, 5, 24576, 3610, 20648, 74, 46
2025/01/06 13:15:42.502, 5, 24576, 3610, 20648, 74, 46
2025/01/06 13:15:42.602, 5, 24576, 3610, 20648, 75, 45
2025/01/06 13:15:42.703, 5, 24576, 3610, 20648, 75, 45
2025/01/06 13:15:42.804, 5, 24576, 3610, 20648, 74, 44
2025/01/06 13:15:42.905, 5, 24576, 3610, 20648, 74, 44
2025/01/06 13:15:43.006, 5, 24576, 3610, 20648, 76, 47
2025/01/06 13:15:43.107, 5, 24576, 3610, 20648, 76, 47
2025/01/06 13:15:43.208, 5, 24576, 3610, 20648, 77, 47
2025/01/06 13:15:43.309, 5, 24576, 3610, 20648, 77, 47
2025/01/06 13:15:43.409, 5, 24576, 3610, 20648, 72, 45
2025/01/06 13:15:43.510, 5, 24576, 3610, 20648, 72, 45
2025/01/06 13:15:43.611, 5, 24576, 3610, 20648, 75, 47
2025/01/06 13:15:43.711, 5, 24576, 3610, 20648, 75, 47
2025/01/06 13:15:43.812, 5, 24576, 3610, 20648, 75, 47
2025/01/06 13:15:43.913, 5, 24576, 3610, 20648, 75, 47
2025/01/06 13:15:44.014, 5, 24576, 3610, 20648, 76, 47
2025/01/06 13:15:44.115, 5, 24576, 3610, 20648, 76, 47
2025/01/06 13:15:44.216, 5, 24576, 3610, 20648, 75, 47
2025/01/06 13:15:44.317, 5, 24576, 3610, 20648, 75, 47
2025/01/06 13:15:44.418, 5, 24576, 3610, 20648, 72, 42
2025/01/06 13:15:44.519, 5, 24576, 3610, 20648, 72, 42
2025/01/06 13:15:44.620, 5, 24576, 3610, 20648, 74, 46
2025/01/06 13:15:44.720, 5, 24576, 3610, 20648, 74, 46
2025/01/06 13:15:44.821, 5, 24576, 3610, 20648, 73, 46
2025/01/06 13:15:44.922, 5, 24576, 3610, 20648, 73, 46
2025/01/06 13:15:45.022, 5, 24576, 3610, 20648, 76, 47
2025/01/06 13:15:45.123, 5, 24576, 3610, 20648, 76, 47
2025/01/06 13:15:45.224, 5, 24576, 3610, 20648, 73, 46
2025/01/06 13:15:45.325, 5, 24576, 3610, 20648, 73, 46
2025/01/06 13:15:45.425, 5, 24576, 3610, 20648, 74, 46
2025/01/06 13:15:45.526, 5, 24576, 3610, 20648, 74, 46
2025/01/06 13:15:45.627, 5, 24576, 3610, 20648, 81, 50
2025/01/06 13:15:45.727, 5, 24576, 3610, 20648, 81, 50
2025/01/06 13:15:45.828, 5, 24576, 3610, 20648, 76, 47
2025/01/06 13:15:45.929, 5, 24576, 3610, 20648, 76, 47
2025/01/06 13:15:46.029, 5, 24576, 3610, 20648, 76, 46
2025/01/06 13:15:46.130, 5, 24576, 3610, 20648, 76, 46
2025/01/06 13:15:46.231, 5, 24576, 3610, 20648, 75, 46
2025/01/06 13:15:46.331, 5, 24576, 3610, 20648, 75, 46
2025/01/06 13:15:46.432, 5, 24576, 3610, 20648, 74, 45
2025/01/06 13:15:46.533, 5, 24576, 3610, 20648, 74, 45
2025/01/06 13:15:46.634, 5, 24576, 3610, 20648, 74, 46
2025/01/06 13:15:46.735, 5, 24576, 3610, 20648, 74, 46
2025/01/06 13:15:46.836, 5, 24576, 3610, 20648, 73, 46
2025/01/06 13:15:46.937, 5, 24576, 3610, 20648, 73, 46
2025/01/06 13:15:47.038, 5, 24576, 3610, 20648, 76, 47
2025/01/06 13:15:47.139, 5, 24576, 3610, 20648, 76, 47
2025/01/06 13:15:47.240, 5, 24576, 3610, 20648, 74, 47
2025/01/06 13:15:47.340, 5, 24576, 3610, 20648, 74, 47
2025/01/06 13:15:47.441, 5, 24576, 3610, 20648, 77, 47
2025/01/06 13:15:47.542, 5, 24576, 3610, 20648, 77, 47
2025/01/06 13:15:47.643, 5, 24576, 3610, 20648, 79, 48
2025/01/06 13:15:47.743, 5, 24576, 3610, 20648, 79, 48
2025/01/06 13:15:47.844, 5, 24576, 3610, 20648, 80, 49
2025/01/06 13:15:47.945, 5, 24576, 3610, 20648, 80, 49
2025/01/06 13:15:48.045, 5, 24576, 3610, 20648, 76, 47
2025/01/06 13:15:48.146, 5, 24576, 3610, 20648, 76, 47
2025/01/06 13:15:48.247, 5, 24576, 3610, 20648, 74, 46
2025/01/06 13:15:48.348, 5, 24576, 3610, 20648, 74, 46
2025/01/06 13:15:48.448, 5, 24576, 3610, 20648, 76, 46
2025/01/06 13:15:48.549, 5, 24576, 3610, 20648, 76, 46
2025/01/06 13:15:48.650, 5, 24576, 3610, 20648, 74, 44
2025/01/06 13:15:48.751, 5, 24576, 3610, 20648, 74, 44
2025/01/06 13:15:48.852, 5, 24576, 3610, 20648, 76, 47
2025/01/06 13:15:48.953, 5, 24576, 3610, 20648, 76, 47
2025/01/06 13:15:49.054, 5, 24576, 3610, 20648, 76, 47
2025/01/06 13:15:49.155, 5, 24576, 3610, 20648, 76, 47
2025/01/06 13:15:49.256, 5, 24576, 3610, 20648, 72, 46
2025/01/06 13:15:49.357, 5, 24576, 3610, 20648, 72, 46
2025/01/06 13:15:49.458, 5, 24576, 3610, 20648, 73, 46
2025/01/06 13:15:49.558, 5, 24576, 3610, 20648, 73, 46
2025/01/06 13:15:49.659, 5, 24576, 3610, 20648, 72, 44
2025/01/06 13:15:49.760, 5, 24576, 3610, 20648, 72, 44
2025/01/06 13:15:49.861, 5, 24576, 3610, 20648, 74, 44
2025/01/06 13:15:49.961, 5, 24576, 3610, 20648, 74, 44
2025/01/06 13:15:50.062, 5, 24576, 3610, 20648, 76, 47
2025/01/06 13:15:50.163, 5, 24576, 3610, 20648, 76, 47
2025/01/06 13:15:50.264, 5, 24576, 3610, 20648, 76, 47
2025/01/06 13:15:50.364, 5, 24576, 3610, 20648, 76, 47
2025/01/06 13:15:50.465, 5, 24576, 3610, 20648, 75, 47
2025/01/06 13:15:50.566, 5, 24576, 3610, 20648, 75, 47
2025/01/06 13:15:50.667, 5, 24576, 3610, 20648, 74, 46
2025/01/06 13:15:50.767, 5, 24576, 3610, 20648, 74, 46
2025/01/06 13:15:50.868, 5, 24576, 3610, 20648, 71, 45
2025/01/06 13:15:50.969, 5, 24576, 3610, 20648, 71, 45
2025/01/06 13:15:51.070, 5, 24576, 3610, 20648, 67, 39
2025/01/06 13:15:51.171, 5, 24576, 3610, 20648, 67, 39
2025/01/06 13:15:51.272, 5, 24576, 3610, 20648, 69, 45
2025/01/06 13:15:51.373, 5, 24576, 3610, 20648, 69, 45
2025/01/06 13:15:51.474, 5, 24576, 3610, 20648, 69, 40
2025/01/06 13:15:51.575, 5, 24576, 3610, 20648, 69, 40
2025/01/06 13:15:51.676, 5, 24576, 3610, 20648, 63, 40
2025/01/06 13:15:51.777, 5, 24576, 3610, 20648, 63, 40
2025/01/06 13:15:51.878, 5, 24576, 3610, 20648, 70, 42
2025/01/06 13:15:51.978, 5, 24576, 3610, 20648, 70, 42
2025/01/06 13:15:52.079, 5, 24576, 3610, 20648, 74, 46
2025/01/06 13:15:52.180, 5, 24576, 3610, 20648, 74, 46
2025/01/06 13:15:52.280, 5, 24576, 3610, 20648, 75, 47
2025/01/06 13:15:52.381, 5, 24576, 3610, 20648, 75, 47
2025/01/06 13:15:52.482, 5, 24576, 3610, 20648, 79, 48
2025/01/06 13:15:52.583, 5, 24576, 3610, 20648, 79, 48
2025/01/06 13:15:52.683, 5, 24576, 3610, 20648, 80, 49
2025/01/06 13:15:52.784, 5, 24576, 3610, 20648, 80, 49
2025/01/06 13:15:52.885, 5, 24576, 3610, 20648, 73, 46
2025/01/06 13:15:52.985, 5, 24576, 3610, 20648, 73, 46
2025/01/06 13:15:53.086, 5, 24576, 3610, 20648, 75, 47
2025/01/06 13:15:53.187, 5, 24576, 3610, 20648, 75, 47
2025/01/06 13:15:53.288, 5, 24576, 3610, 20648, 76, 47
2025/01/06 13:15:53.389, 5, 24576, 3610, 20648, 76, 47
2025/01/06 13:15:53.489, 5, 24576, 3610, 20648, 73, 44
2025/01/06 13:15:53.590, 5, 24576, 3610, 20648, 74, 44
2025/01/06 13:15:53.694, 5, 24576, 3610, 20648, 74, 44
2025/01/06 13:15:53.795, 5, 24576, 3610, 20648, 74, 46
2025/01/06 13:15:53.896, 5, 24576, 3610, 20648, 74, 46
2025/01/06 13:15:53.997, 5, 24576, 3610, 20648, 73, 46
2025/01/06 13:15:54.098, 5, 24576, 3610, 20648, 73, 46
2025/01/06 13:15:54.199, 5, 24576, 3610, 20648, 75, 47
2025/01/06 13:15:54.299, 5, 24576, 3610, 20648, 75, 47
2025/01/06 13:15:54.400, 5, 24576, 3610, 20648, 78, 48
2025/01/06 13:15:54.501, 5, 24576, 3610, 20648, 78, 48
2025/01/06 13:15:54.602, 5, 24576, 3610, 20648, 76, 47
2025/01/06 13:15:54.702, 5, 24576, 3610, 20648, 76, 47
2025/01/06 13:15:54.803, 5, 24576, 3610, 20648, 73, 45
2025/01/06 13:15:54.904, 5, 24576, 3610, 20648, 73, 45
2025/01/06 13:15:55.004, 5, 24576, 3610, 20648, 75, 46
2025/01/06 13:15:55.105, 5, 24576, 3610, 20648, 75, 46
2025/01/06 13:15:55.206, 5, 24576, 3610, 20648, 76, 46
2025/01/06 13:15:55.306, 5, 24576, 3610, 20648, 76, 46
2025/01/06 13:15:55.407, 5, 24576, 3610, 20648, 76, 47
2025/01/06 13:15:55.508, 5, 24576, 3610, 20648, 76, 47
2025/01/06 13:15:55.609, 5, 24576, 3610, 20648, 70, 44
2025/01/06 13:15:55.710, 5, 24576, 3610, 20648, 70, 44
2025/01/06 13:15:55.811, 5, 24576, 3610, 20648, 76, 47
2025/01/06 13:15:55.912, 5, 24576, 3610, 20648, 76, 47
2025/01/06 13:15:56.012, 5, 24576, 3610, 20648, 75, 47
2025/01/06 13:15:56.113, 5, 24576, 3610, 20648, 75, 47
2025/01/06 13:15:56.214, 5, 24576, 3610, 20648, 74, 46
2025/01/06 13:15:56.315, 5, 24576, 3610, 20648, 74, 46
2025/01/06 13:15:56.416, 5, 24576, 3610, 20648, 76, 46
2025/01/06 13:15:56.517, 5, 24576, 3610, 20648, 76, 46
2025/01/06 13:15:56.618, 5, 24576, 3610, 20648, 76, 46
2025/01/06 13:15:56.718, 5, 24576, 3610, 20648, 76, 46
2025/01/06 13:15:56.819, 5, 24576, 3610, 20648, 73, 44
2025/01/06 13:15:56.920, 5, 24576, 3610, 20648, 73, 44
2025/01/06 13:15:57.020, 5, 24576, 3610, 20648, 75, 47
2025/01/06 13:15:57.121, 5, 24576, 3610, 20648, 75, 47
2025/01/06 13:15:57.222, 5, 24576, 3610, 20648, 72, 46
2025/01/06 13:15:57.323, 5, 24576, 3610, 20648, 72, 46
2025/01/06 13:15:57.423, 5, 24576, 3610, 20648, 76, 47
2025/01/06 13:15:57.524, 5, 24576, 3610, 20648, 76, 47
2025/01/06 13:15:57.625, 5, 24576, 3610, 20648, 77, 47
2025/01/06 13:15:57.726, 5, 24576, 3610, 20648, 77, 47
2025/01/06 13:15:57.826, 5, 24576, 3610, 20648, 73, 45
2025/01/06 13:15:57.927, 5, 24576, 3610, 20648, 73, 45
2025/01/06 13:15:58.028, 5, 24576, 3610, 20648, 73, 43
2025/01/06 13:15:58.129, 5, 24576, 3610, 20648, 73, 43
2025/01/06 13:15:58.230, 5, 24576, 3610, 20648, 76, 47
2025/01/06 13:15:58.331, 5, 24576, 3610, 20648, 76, 47
2025/01/06 13:15:58.432, 5, 24576, 3610, 20648, 77, 47
2025/01/06 13:15:58.533, 5, 24576, 3610, 20648, 77, 47
2025/01/06 13:15:58.634, 5, 24576, 3610, 20648, 75, 47
2025/01/06 13:15:58.735, 5, 24576, 3610, 20648, 75, 47
2025/01/06 13:15:58.835, 5, 24576, 3610, 20648, 74, 46
2025/01/06 13:15:58.936, 5, 24576, 3610, 20648, 74, 46
2025/01/06 13:15:59.037, 5, 24576, 3610, 20648, 76, 47
2025/01/06 13:15:59.138, 5, 24576, 3610, 20648, 76, 47
2025/01/06 13:15:59.239, 5, 24576, 3610, 20648, 76, 47
2025/01/06 13:15:59.339, 5, 24576, 3610, 20648, 76, 47
2025/01/06 13:15:59.440, 5, 24576, 3610, 20648, 74, 47
2025/01/06 13:15:59.541, 5, 24576, 3610, 20648, 74, 47
2025/01/06 13:15:59.642, 5, 24576, 3610, 20648, 76, 46
2025/01/06 13:15:59.743, 5, 24576, 3610, 20648, 76, 46
2025/01/06 13:15:59.843, 5, 24576, 3610, 20648, 72, 42
2025/01/06 13:15:59.944, 5, 24576, 3610, 20648, 72, 42
2025/01/06 13:16:00.045, 5, 24576, 3610, 20648, 74, 46
2025/01/06 13:16:00.145, 5, 24576, 3610, 20648, 74, 46
2025/01/06 13:16:00.247, 5, 24576, 3610, 20648, 73, 46
2025/01/06 13:16:00.347, 5, 24576, 3610, 20648, 73, 46
2025/01/06 13:16:00.448, 5, 24576, 3610, 20648, 76, 47
2025/01/06 13:16:00.549, 5, 24576, 3610, 20648, 76, 47
2025/01/06 13:16:00.650, 5, 24576, 3610, 20648, 76, 47
2025/01/06 13:16:00.751, 5, 24576, 3610, 20648, 76, 47
2025/01/06 13:16:00.852, 5, 24576, 3610, 20648, 76, 47
2025/01/06 13:16:00.953, 5, 24576, 3610, 20648, 76, 47
2025/01/06 13:16:01.054, 5, 24576, 3610, 20648, 73, 44
2025/01/06 13:16:01.155, 5, 24576, 3610, 20648, 73, 44
2025/01/06 13:16:01.255, 5, 24576, 3610, 20648, 72, 43
2025/01/06 13:16:01.356, 5, 24576, 3610, 20648, 72, 43
2025/01/06 13:16:01.457, 5, 24576, 3610, 20648, 74, 46
2025/01/06 13:16:01.558, 5, 24576, 3610, 20648, 74, 46
2025/01/06 13:16:01.658, 5, 24576, 3610, 20648, 75, 47
2025/01/06 13:16:01.759, 5, 24576, 3610, 20648, 75, 47
2025/01/06 13:16:01.860, 5, 24576, 3610, 20648, 73, 46
2025/01/06 13:16:01.960, 5, 24576, 3610, 20648, 73, 46
2025/01/06 13:16:02.061, 5, 24576, 3610, 20648, 69, 41
2025/01/06 13:16:02.162, 5, 24576, 3610, 20648, 69, 41
2025/01/06 13:16:02.263, 5, 24576, 3610, 20648, 77, 48
2025/01/06 13:16:02.363, 5, 24576, 3610, 20648, 77, 48
2025/01/06 13:16:02.464, 5, 24576, 3610, 20648, 73, 46
2025/01/06 13:16:02.565, 5, 24576, 3610, 20648, 73, 46
2025/01/06 13:16:02.666, 5, 24576, 3610, 20648, 74, 46
2025/01/06 13:16:02.767, 5, 24576, 3610, 20648, 74, 46
2025/01/06 13:16:02.868, 5, 24576, 3610, 20648, 73, 46
2025/01/06 13:16:02.969, 5, 24576, 3610, 20648, 73, 46
2025/01/06 13:16:03.069, 5, 24576, 3610, 20648, 74, 45
2025/01/06 13:16:03.171, 5, 24576, 3610, 20648, 74, 45
2025/01/06 13:16:03.271, 5, 24576, 3610, 20648, 73, 44
2025/01/06 13:16:03.373, 5, 24576, 3610, 20648, 73, 44
2025/01/06 13:16:03.473, 5, 24576, 3610, 20648, 73, 46
2025/01/06 13:16:03.574, 5, 24576, 3610, 20648, 73, 46
2025/01/06 13:16:03.675, 5, 24576, 3610, 20648, 75, 47
2025/01/06 13:16:03.775, 5, 24576, 3610, 20648, 75, 47
2025/01/06 13:16:03.876, 5, 24576, 3610, 20648, 72, 46
2025/01/06 13:16:03.977, 5, 24576, 3610, 20648, 72, 46
2025/01/06 13:16:04.078, 5, 24576, 3610, 20648, 69, 40
2025/01/06 13:16:04.178, 5, 24576, 3610, 20648, 69, 40
2025/01/06 13:16:04.279, 5, 24576, 3610, 20648, 66, 43
2025/01/06 13:16:04.380, 5, 24576, 3610, 20648, 66, 43
2025/01/06 13:16:04.481, 5, 24576, 3610, 20648, 71, 42
2025/01/06 13:16:04.581, 5, 24576, 3610, 20648, 71, 42
2025/01/06 13:16:04.682, 5, 24576, 3610, 20648, 75, 46
2025/01/06 13:16:04.783, 5, 24576, 3610, 20648, 75, 46
2025/01/06 13:16:04.883, 5, 24576, 3610, 20648, 67, 43
2025/01/06 13:16:04.984, 5, 24576, 3610, 20648, 67, 43
2025/01/06 13:16:05.085, 5, 24576, 3610, 20648, 79, 48
2025/01/06 13:16:05.186, 5, 24576, 3610, 20648, 79, 48
2025/01/06 13:16:05.287, 5, 24576, 3610, 20648, 70, 43
2025/01/06 13:16:05.388, 5, 24576, 3610, 20648, 72, 44
2025/01/06 13:16:05.491, 5, 24576, 3610, 20648, 72, 44
2025/01/06 13:16:05.592, 5, 24576, 3610, 20648, 64, 41
2025/01/06 13:16:05.693, 5, 24576, 3610, 20648, 64, 41
2025/01/06 13:16:05.794, 5, 24576, 3610, 20648, 74, 44
2025/01/06 13:16:05.895, 5, 24576, 3610, 20648, 74, 44
2025/01/06 13:16:05.995, 5, 24576, 3610, 20648, 78, 48
2025/01/06 13:16:06.096, 5, 24576, 3610, 20648, 78, 48
2025/01/06 13:16:06.197, 5, 24576, 3610, 20648, 80, 50
2025/01/06 13:16:06.298, 5, 24576, 3610, 20648, 80, 50
2025/01/06 13:16:06.399, 5, 24576, 3610, 20648, 74, 45
2025/01/06 13:16:06.499, 5, 24576, 3610, 20648, 74, 45
2025/01/06 13:16:06.600, 5, 24576, 3610, 20648, 75, 47
2025/01/06 13:16:06.701, 5, 24576, 3610, 20648, 75, 47
2025/01/06 13:16:06.801, 5, 24576, 3610, 20648, 71, 45
2025/01/06 13:16:06.902, 5, 24576, 3610, 20648, 71, 45
2025/01/06 13:16:07.003, 5, 24576, 3610, 20648, 70, 43
2025/01/06 13:16:07.104, 5, 24576, 3610, 20648, 70, 43
2025/01/06 13:16:07.204, 5, 24576, 3610, 20648, 73, 44
2025/01/06 13:16:07.305, 5, 24576, 3610, 20648, 73, 44
2025/01/06 13:16:07.406, 5, 24576, 3610, 20648, 72, 45
2025/01/06 13:16:07.507, 5, 24576, 3610, 20648, 72, 45
2025/01/06 13:16:07.608, 5, 24576, 3610, 20648, 69, 43
2025/01/06 13:16:07.709, 5, 24576, 3610, 20648, 69, 43
2025/01/06 13:16:07.810, 5, 24576, 3610, 20648, 73, 43
2025/01/06 13:16:07.911, 5, 24576, 3610, 20648, 73, 43
2025/01/06 13:16:08.012, 5, 24576, 3610, 20648, 76, 47
2025/01/06 13:16:08.113, 5, 24576, 3610, 20648, 76, 47
2025/01/06 13:16:08.213, 5, 24576, 3610, 20648, 70, 45
2025/01/06 13:16:08.314, 5, 24576, 3610, 20648, 70, 45
2025/01/06 13:16:08.415, 5, 24576, 3610, 20648, 74, 46
2025/01/06 13:16:08.515, 5, 24576, 3610, 20648, 74, 46
2025/01/06 13:16:08.616, 5, 24576, 3610, 20648, 70, 41
2025/01/06 13:16:08.717, 5, 24576, 3610, 20648, 70, 41
2025/01/06 13:16:08.818, 5, 24576, 3610, 20648, 75, 46
2025/01/06 13:16:08.918, 5, 24576, 3610, 20648, 75, 46
2025/01/06 13:16:09.019, 5, 24576, 3610, 20648, 72, 46
2025/01/06 13:16:09.120, 5, 24576, 3610, 20648, 72, 46
2025/01/06 13:16:09.220, 5, 24576, 3610, 20648, 75, 47
2025/01/06 13:16:09.321, 5, 24576, 3610, 20648, 75, 47
2025/01/06 13:16:09.422, 5, 24576, 3610, 20648, 74, 47
2025/01/06 13:16:09.523, 5, 24576, 3610, 20648, 74, 47
2025/01/06 13:16:09.624, 5, 24576, 3610, 20648, 75, 45
2025/01/06 13:16:09.724, 5, 24576, 3610, 20648, 75, 45
2025/01/06 13:16:09.825, 5, 24576, 3610, 20648, 73, 43
2025/01/06 13:16:09.926, 5, 24576, 3610, 20648, 73, 43
2025/01/06 13:16:10.027, 5, 24576, 3610, 20648, 73, 46
2025/01/06 13:16:10.128, 5, 24576, 3610, 20648, 73, 46
2025/01/06 13:16:10.229, 5, 24576, 3610, 20648, 76, 47
2025/01/06 13:16:10.330, 5, 24576, 3610, 20648, 76, 47
2025/01/06 13:16:10.431, 5, 24576, 3610, 20648, 75, 47
2025/01/06 13:16:10.532, 5, 24576, 3610, 20648, 75, 47
2025/01/06 13:16:10.632, 5, 24576, 3610, 20648, 75, 47
2025/01/06 13:16:10.733, 5, 24576, 3610, 20648, 75, 47
2025/01/06 13:16:10.834, 5, 24576, 3610, 20648, 76, 47
2025/01/06 13:16:10.935, 5, 24576, 3610, 20648, 76, 47
2025/01/06 13:16:11.035, 5, 24576, 3610, 20648, 72, 42
2025/01/06 13:16:11.136, 5, 24576, 3610, 20648, 72, 42
2025/01/06 13:16:11.237, 5, 24576, 3610, 20648, 78, 49
2025/01/06 13:16:11.338, 5, 24576, 3610, 20648, 78, 49
2025/01/06 13:16:11.438, 5, 24576, 3610, 20648, 83, 52
2025/01/06 13:16:11.539, 5, 24576, 3610, 20648, 83, 52
2025/01/06 13:16:11.640, 5, 24576, 3610, 20648, 80, 49
2025/01/06 13:16:11.741, 5, 24576, 3610, 20648, 80, 49
2025/01/06 13:16:11.841, 5, 24576, 3610, 20648, 71, 43
2025/01/06 13:16:11.942, 5, 24576, 3610, 20648, 71, 43
2025/01/06 13:16:12.043, 5, 24576, 3610, 20648, 74, 44
2025/01/06 13:16:12.143, 5, 24576, 3610, 20648, 74, 44
2025/01/06 13:16:12.244, 5, 24576, 3610, 20648, 75, 46
2025/01/06 13:16:12.345, 5, 24576, 3610, 20648, 75, 46
2025/01/06 13:16:12.446, 5, 24576, 3610, 20648, 73, 46
2025/01/06 13:16:12.547, 5, 24576, 3610, 20648, 73, 46
2025/01/06 13:16:12.648, 5, 24576, 3610, 20648, 75, 47
2025/01/06 13:16:12.750, 5, 24576, 3610, 20648, 75, 47
2025/01/06 13:16:12.850, 5, 24576, 3610, 20648, 75, 47
2025/01/06 13:16:12.951, 5, 24576, 3610, 20648, 75, 47
2025/01/06 13:16:13.052, 5, 24576, 3610, 20648, 80, 48
2025/01/06 13:16:13.153, 5, 24576, 3610, 20648, 80, 48
2025/01/06 13:16:13.253, 5, 24576, 3610, 20648, 80, 49
2025/01/06 13:16:13.354, 5, 24576, 3610, 20648, 80, 49
2025/01/06 13:16:13.455, 5, 24576, 3610, 20648, 72, 45
2025/01/06 13:16:13.555, 5, 24576, 3610, 20648, 72, 45
2025/01/06 13:16:13.656, 5, 24576, 3610, 20648, 71, 42
2025/01/06 13:16:13.757, 5, 24576, 3610, 20648, 71, 42
2025/01/06 13:16:13.858, 5, 24576, 3610, 20648, 77, 48
2025/01/06 13:16:13.958, 5, 24576, 3610, 20648, 77, 48
2025/01/06 13:16:14.059, 5, 24576, 3610, 20648, 73, 46
2025/01/06 13:16:14.160, 5, 24576, 3610, 20648, 73, 46
2025/01/06 13:16:14.260, 5, 24576, 3610, 20648, 71, 45
2025/01/06 13:16:14.361, 5, 24576, 3610, 20648, 71, 45
2025/01/06 13:16:14.462, 5, 24576, 3610, 20648, 73, 45
2025/01/06 13:16:14.563, 5, 24576, 3610, 20648, 73, 45
2025/01/06 13:16:14.664, 5, 24576, 3610, 20648, 75, 45
2025/01/06 13:16:14.765, 5, 24576, 3610, 20648, 75, 45
2025/01/06 13:16:14.866, 5, 24576, 3610, 20648, 75, 45
2025/01/06 13:16:14.967, 5, 24576, 3610, 20648, 75, 45
2025/01/06 13:16:15.068, 5, 24576, 3610, 20648, 73, 46
2025/01/06 13:16:15.169, 5, 24576, 3610, 20648, 73, 46
2025/01/06 13:16:15.270, 5, 24576, 3610, 20648, 75, 47
2025/01/06 13:16:15.371, 5, 24576, 3610, 20648, 75, 47
2025/01/06 13:16:15.471, 5, 24576, 3610, 20648, 76, 47
2025/01/06 13:16:15.572, 5, 24576, 3610, 20648, 76, 47
2025/01/06 13:16:15.673, 5, 24576, 3610, 20648, 76, 47
2025/01/06 13:16:15.774, 5, 24576, 3610, 20648, 76, 47
2025/01/06 13:16:15.874, 5, 24576, 3610, 20648, 74, 46
2025/01/06 13:16:15.975, 5, 24576, 3610, 20648, 74, 46
2025/01/06 13:16:16.076, 5, 24576, 3610, 20648, 71, 42
2025/01/06 13:16:16.176, 5, 24576, 3610, 20648, 71, 42
2025/01/06 13:16:16.277, 5, 24576, 3610, 20648, 76, 47
2025/01/06 13:16:16.378, 5, 24576, 3610, 20648, 76, 47
2025/01/06 13:16:16.479, 5, 24576, 3610, 20648, 74, 46
2025/01/06 13:16:16.579, 5, 24576, 3610, 20648, 74, 46
2025/01/06 13:16:16.680, 5, 24576, 3610, 20648, 72, 46
2025/01/06 13:16:16.781, 5, 24576, 3610, 20648, 72, 46
2025/01/06 13:16:16.882, 5, 24576, 3610, 20648, 69, 41
2025/01/06 13:16:16.983, 5, 24576, 3610, 20648, 76, 47
2025/01/06 13:16:17.087, 5, 24576, 3610, 20648, 76, 47
2025/01/06 13:16:17.188, 5, 24576, 3610, 20648, 73, 46
2025/01/06 13:16:17.289, 5, 24576, 3610, 20648, 73, 46
2025/01/06 13:16:17.390, 5, 24576, 3610, 20648, 73, 46
2025/01/06 13:16:17.491, 5, 24576, 3610, 20648, 73, 46
2025/01/06 13:16:17.591, 5, 24576, 3610, 20648, 67, 40
2025/01/06 13:16:17.692, 5, 24576, 3610, 20648, 67, 40
2025/01/06 13:16:17.793, 5, 24576, 3610, 20648, 69, 44
2025/01/06 13:16:17.894, 5, 24576, 3610, 20648, 69, 44
2025/01/06 13:16:17.994, 5, 24576, 3610, 20648, 69, 43
2025/01/06 13:16:18.095, 5, 24576, 3610, 20648, 69, 43
2025/01/06 13:16:18.196, 5, 24576, 3610, 20648, 69, 42
2025/01/06 13:16:18.296, 5, 24576, 3610, 20648, 69, 42
2025/01/06 13:16:18.397, 5, 24576, 3610, 20648, 70, 45
2025/01/06 13:16:18.498, 5, 24576, 3610, 20648, 70, 45
2025/01/06 13:16:18.599, 5, 24576, 3610, 20648, 67, 39
2025/01/06 13:16:18.699, 5, 24576, 3610, 20648, 67, 39
2025/01/06 13:16:18.800, 5, 24576, 3610, 20648, 73, 46
2025/01/06 13:16:18.901, 5, 24576, 3610, 20648, 73, 46
2025/01/06 13:16:19.002, 5, 24576, 3610, 20648, 83, 50
2025/01/06 13:16:19.103, 5, 24576, 3610, 20648, 83, 50
2025/01/06 13:16:19.204, 5, 24576, 3610, 20648, 70, 45
2025/01/06 13:16:19.305, 5, 24576, 3610, 20648, 70, 45
2025/01/06 13:16:19.406, 5, 24576, 3610, 20648, 71, 43
2025/01/06 13:16:19.506, 5, 24576, 3610, 20648, 71, 43
2025/01/06 13:16:19.607, 5, 24576, 3610, 20648, 75, 45
2025/01/06 13:16:19.708, 5, 24576, 3610, 20648, 75, 45
2025/01/06 13:16:19.809, 5, 24576, 3610, 20648, 77, 47
2025/01/06 13:16:19.909, 5, 24576, 3610, 20648, 77, 47
2025/01/06 13:16:20.010, 5, 24576, 3610, 20648, 71, 45
2025/01/06 13:16:20.111, 5, 24576, 3610, 20648, 71, 45
2025/01/06 13:16:20.212, 5, 24576, 3610, 20648, 74, 46
2025/01/06 13:16:20.312, 5, 24576, 3610, 20648, 74, 46
2025/01/06 13:16:20.413, 5, 24576, 3610, 20648, 70, 41
2025/01/06 13:16:20.514, 5, 24576, 3610, 20648, 70, 41
2025/01/06 13:16:20.614, 5, 24576, 3610, 20648, 70, 44
2025/01/06 13:16:20.715, 5, 24576, 3610, 20648, 70, 44
2025/01/06 13:16:20.816, 5, 24576, 3610, 20648, 69, 43
2025/01/06 13:16:20.917, 5, 24576, 3610, 20648, 69, 43
2025/01/06 13:16:21.017, 5, 24576, 3610, 20648, 75, 45
2025/01/06 13:16:21.118, 5, 24576, 3610, 20648, 75, 45
2025/01/06 13:16:21.219, 5, 24576, 3610, 20648, 75, 46
2025/01/06 13:16:21.320, 5, 24576, 3610, 20648, 75, 46
2025/01/06 13:16:21.420, 5, 24576, 3610, 20648, 73, 45
2025/01/06 13:16:21.521, 5, 24576, 3610, 20648, 73, 45
2025/01/06 13:16:21.622, 5, 24576, 3610, 20648, 75, 46
2025/01/06 13:16:21.723, 5, 24576, 3610, 20648, 75, 46
2025/01/06 13:16:21.824, 5, 24576, 3610, 20648, 75, 47
2025/01/06 13:16:21.925, 5, 24576, 3610, 20648, 75, 47
2025/01/06 13:16:22.027, 5, 24576, 3610, 20648, 72, 44
2025/01/06 13:16:22.128, 5, 24576, 3610, 20648, 72, 44
2025/01/06 13:16:22.228, 5, 24576, 3610, 20648, 74, 44
2025/01/06 13:16:22.329, 5, 24576, 3610, 20648, 74, 44
2025/01/06 13:16:22.430, 5, 24576, 3610, 20648, 77, 47
2025/01/06 13:16:22.530, 5, 24576, 3610, 20648, 77, 47
2025/01/06 13:16:22.631, 5, 24576, 3610, 20648, 75, 46
2025/01/06 13:16:22.732, 5, 24576, 3610, 20648, 75, 46
2025/01/06 13:16:22.832, 5, 24576, 3610, 20648, 76, 47
2025/01/06 13:16:22.933, 5, 24576, 3610, 20648, 76, 47
2025/01/06 13:16:23.034, 5, 24576, 3610, 20648, 75, 47
2025/01/06 13:16:23.135, 5, 24576, 3610, 20648, 75, 47
2025/01/06 13:16:23.235, 5, 24576, 3610, 20648, 75, 47
2025/01/06 13:16:23.336, 5, 24576, 3610, 20648, 75, 47
2025/01/06 13:16:23.437, 5, 24576, 3610, 20648, 77, 47
2025/01/06 13:16:23.537, 5, 24576, 3610, 20648, 77, 47
2025/01/06 13:16:23.638, 5, 24576, 3610, 20648, 76, 47
2025/01/06 13:16:23.739, 5, 24576, 3610, 20648, 76, 47
2025/01/06 13:16:23.840, 5, 24576, 3610, 20648, 75, 45
2025/01/06 13:16:23.940, 5, 24576, 3610, 20648, 75, 45
2025/01/06 13:16:24.041, 5, 24576, 3610, 20648, 75, 45
2025/01/06 13:16:24.143, 5, 24576, 3610, 20648, 75, 45
2025/01/06 13:16:24.244, 5, 24576, 3610, 20648, 74, 46
2025/01/06 13:16:24.344, 5, 24576, 3610, 20648, 74, 46
2025/01/06 13:16:24.446, 5, 24576, 3610, 20648, 74, 46
2025/01/06 13:16:24.547, 5, 24576, 3610, 20648, 74, 46
2025/01/06 13:16:24.647, 5, 24576, 3610, 20648, 76, 47
2025/01/06 13:16:24.748, 5, 24576, 3610, 20648, 76, 47
2025/01/06 13:16:24.849, 5, 24576, 3610, 20648, 76, 47
2025/01/06 13:16:24.949, 5, 24576, 3610, 20648, 76, 47
2025/01/06 13:16:25.050, 5, 24576, 3610, 20648, 75, 47
2025/01/06 13:16:25.151, 5, 24576, 3610, 20648, 75, 47
2025/01/06 13:16:25.252, 5, 24576, 3610, 20648, 75, 46
2025/01/06 13:16:25.352, 5, 24576, 3610, 20648, 75, 46
2025/01/06 13:16:25.453, 5, 24576, 3610, 20648, 72, 43
2025/01/06 13:16:25.554, 5, 24576, 3610, 20648, 72, 43
2025/01/06 13:16:25.654, 5, 24576, 3610, 20648, 74, 46
2025/01/06 13:16:25.755, 5, 24576, 3610, 20648, 74, 46
2025/01/06 13:16:25.856, 5, 24576, 3610, 20648, 74, 46
2025/01/06 13:16:25.957, 5, 24576, 3610, 20648, 74, 46
2025/01/06 13:16:26.057, 5, 24576, 3610, 20648, 75, 47
2025/01/06 13:16:26.158, 5, 24576, 3610, 20648, 75, 47
2025/01/06 13:16:26.259, 5, 24576, 3610, 20648, 76, 47
2025/01/06 13:16:26.359, 5, 24576, 3610, 20648, 76, 47
2025/01/06 13:16:26.460, 5, 24576, 3610, 20648, 76, 47
2025/01/06 13:16:26.561, 5, 24576, 3610, 20648, 76, 47
2025/01/06 13:16:26.662, 5, 24576, 3610, 20648, 75, 45
2025/01/06 13:16:26.763, 5, 24576, 3610, 20648, 75, 45
2025/01/06 13:16:26.864, 5, 24576, 3610, 20648, 74, 44
2025/01/06 13:16:26.965, 5, 24576, 3610, 20648, 74, 44
2025/01/06 13:16:27.066, 5, 24576, 3610, 20648, 77, 48
2025/01/06 13:16:27.166, 5, 24576, 3610, 20648, 77, 48
2025/01/06 13:16:27.267, 5, 24576, 3610, 20648, 75, 46
2025/01/06 13:16:27.368, 5, 24576, 3610, 20648, 75, 46
2025/01/06 13:16:27.469, 5, 24576, 3610, 20648, 74, 46
2025/01/06 13:16:27.569, 5, 24576, 3610, 20648, 74, 46
2025/01/06 13:16:27.670, 5, 24576, 3610, 20648, 70, 45
2025/01/06 13:16:27.771, 5, 24576, 3610, 20648, 70, 45
2025/01/06 13:16:27.871, 5, 24576, 3610, 20648, 73, 43
2025/01/06 13:16:27.972, 5, 24576, 3610, 20648, 73, 43
2025/01/06 13:16:28.073, 5, 24576, 3610, 20648, 79, 49
2025/01/06 13:16:28.174, 5, 24576, 3610, 20648, 79, 49
2025/01/06 13:16:28.275, 5, 24576, 3610, 20648, 83, 52
2025/01/06 13:16:28.375, 5, 24576, 3610, 20648, 83, 52
2025/01/06 13:16:28.476, 5, 24576, 3610, 20648, 81, 49
2025/01/06 13:16:28.577, 5, 24576, 3610, 20648, 81, 49
2025/01/06 13:16:28.678, 5, 24576, 3610, 20648, 73, 46
2025/01/06 13:16:28.779, 5, 24576, 3610, 20648, 73, 46
2025/01/06 13:16:28.880, 5, 24576, 3610, 20648, 71, 42
2025/01/06 13:16:28.980, 5, 24576, 3610, 20648, 72, 45
2025/01/06 13:16:29.083, 5, 24576, 3610, 20648, 72, 45
2025/01/06 13:16:29.184, 5, 24576, 3610, 20648, 75, 47
2025/01/06 13:16:29.285, 5, 24576, 3610, 20648, 75, 47
2025/01/06 13:16:29.386, 5, 24576, 3610, 20648, 73, 46
2025/01/06 13:16:29.487, 5, 24576, 3610, 20648, 73, 46
2025/01/06 13:16:29.588, 5, 24576, 3610, 20648, 74, 44
2025/01/06 13:16:29.688, 5, 24576, 3610, 20648, 74, 44
2025/01/06 13:16:29.789, 5, 24576, 3610, 20648, 69, 42
2025/01/06 13:16:29.890, 5, 24576, 3610, 20648, 69, 42
2025/01/06 13:16:29.990, 5, 24576, 3610, 20648, 70, 45
2025/01/06 13:16:30.091, 5, 24576, 3610, 20648, 70, 45
2025/01/06 13:16:30.192, 5, 24576, 3610, 20648, 74, 45
2025/01/06 13:16:30.292, 5, 24576, 3610, 20648, 74, 45
2025/01/06 13:16:30.393, 5, 24576, 3610, 20648, 76, 46
2025/01/06 13:16:30.494, 5, 24576, 3610, 20648, 76, 46
2025/01/06 13:16:30.595, 5, 24576, 3610, 20648, 76, 46
2025/01/06 13:16:30.695, 5, 24576, 3610, 20648, 76, 46
2025/01/06 13:16:30.796, 5, 24576, 3610, 20648, 74, 46
2025/01/06 13:16:30.897, 5, 24576, 3610, 20648, 74, 46
2025/01/06 13:16:30.998, 5, 24576, 3610, 20648, 81, 49
2025/01/06 13:16:31.098, 5, 24576, 3610, 20648, 81, 49
2025/01/06 13:16:31.199, 5, 24576, 3610, 20648, 77, 47
2025/01/06 13:16:31.301, 5, 24576, 3610, 20648, 77, 47
2025/01/06 13:16:31.402, 5, 24576, 3610, 20648, 74, 46
2025/01/06 13:16:31.503, 5, 24576, 3610, 20648, 74, 46
2025/01/06 13:16:31.604, 5, 24576, 3610, 20648, 74, 46
2025/01/06 13:16:31.705, 5, 24576, 3610, 20648, 74, 46
2025/01/06 13:16:31.805, 5, 24576, 3610, 20648, 74, 46
2025/01/06 13:16:31.906, 5, 24576, 3610, 20648, 74, 46
2025/01/06 13:16:32.007, 5, 24576, 3610, 20648, 76, 46
2025/01/06 13:16:32.107, 5, 24576, 3610, 20648, 76, 46
2025/01/06 13:16:32.208, 5, 24576, 3610, 20648, 73, 43
2025/01/06 13:16:32.309, 5, 24576, 3610, 20648, 73, 43
2025/01/06 13:16:32.409, 5, 24576, 3610, 20648, 77, 47
2025/01/06 13:16:32.510, 5, 24576, 3610, 20648, 77, 47
2025/01/06 13:16:32.611, 5, 24576, 3610, 20648, 75, 46
2025/01/06 13:16:32.711, 5, 24576, 3610, 20648, 75, 46
2025/01/06 13:16:32.812, 5, 24576, 3610, 20648, 75, 47
2025/01/06 13:16:32.913, 5, 24576, 3610, 20648, 75, 47
2025/01/06 13:16:33.014, 5, 24576, 3610, 20648, 75, 47
2025/01/06 13:16:33.114, 5, 24576, 3610, 20648, 75, 47
2025/01/06 13:16:33.215, 5, 24576, 3610, 20648, 75, 47
2025/01/06 13:16:33.316, 5, 24576, 3610, 20648, 75, 47
2025/01/06 13:16:33.417, 5, 24576, 3610, 20648, 77, 47
2025/01/06 13:16:33.518, 5, 24576, 3610, 20648, 77, 47
2025/01/06 13:16:33.619, 5, 24576, 3610, 20648, 70, 41
2025/01/06 13:16:33.720, 5, 24576, 3610, 20648, 70, 41
2025/01/06 13:16:33.821, 5, 24576, 3610, 20648, 76, 46
2025/01/06 13:16:33.921, 5, 24576, 3610, 20648, 76, 46
2025/01/06 13:16:34.022, 5, 24576, 3610, 20648, 74, 46
2025/01/06 13:16:34.124, 5, 24576, 3610, 20648, 74, 46
2025/01/06 13:16:34.224, 5, 24576, 3610, 20648, 75, 47
2025/01/06 13:16:34.325, 5, 24576, 3610, 20648, 75, 47
2025/01/06 13:16:34.426, 5, 24576, 3610, 20648, 75, 47
2025/01/06 13:16:34.526, 5, 24576, 3610, 20648, 75, 47
2025/01/06 13:16:34.627, 5, 24576, 3610, 20648, 76, 47
2025/01/06 13:16:34.729, 5, 24576, 3610, 20648, 76, 47
2025/01/06 13:16:34.829, 5, 24576, 3610, 20648, 70, 41
2025/01/06 13:16:34.930, 5, 24576, 3610, 20648, 70, 41
2025/01/06 13:16:35.031, 5, 24576, 3610, 20648, 77, 47
2025/01/06 13:16:35.131, 5, 24576, 3610, 20648, 77, 47
2025/01/06 13:16:35.232, 5, 24576, 3610, 20648, 70, 45
2025/01/06 13:16:35.333, 5, 24576, 3610, 20648, 70, 45
2025/01/06 13:16:35.434, 5, 24576, 3610, 20648, 73, 46
2025/01/06 13:16:35.534, 5, 24576, 3610, 20648, 73, 46
2025/01/06 13:16:35.635, 5, 24576, 3610, 20648, 72, 42
2025/01/06 13:16:35.736, 5, 24576, 3610, 20648, 72, 42
2025/01/06 13:16:35.836, 5, 24576, 3610, 20648, 70, 44
2025/01/06 13:16:35.937, 5, 24576, 3610, 20648, 70, 44
2025/01/06 13:16:36.038, 5, 24576, 3610, 20648, 71, 45
2025/01/06 13:16:36.139, 5, 24576, 3610, 20648, 71, 45
2025/01/06 13:16:36.240, 5, 24576, 3610, 20648, 72, 42
2025/01/06 13:16:36.341, 5, 24576, 3610, 20648, 72, 42
2025/01/06 13:16:36.442, 5, 24576, 3610, 20648, 76, 47
2025/01/06 13:16:36.543, 5, 24576, 3610, 20648, 76, 47
2025/01/06 13:16:36.644, 5, 24576, 3610, 20648, 75, 46
2025/01/06 13:16:36.746, 5, 24576, 3610, 20648, 75, 46
2025/01/06 13:16:36.846, 5, 24576, 3610, 20648, 73, 46
2025/01/06 13:16:36.947, 5, 24576, 3610, 20648, 73, 46
2025/01/06 13:16:37.048, 5, 24576, 3610, 20648, 76, 47
2025/01/06 13:16:37.149, 5, 24576, 3610, 20648, 76, 47
2025/01/06 13:16:37.249, 5, 24576, 3610, 20648, 76, 47
2025/01/06 13:16:37.350, 5, 24576, 3610, 20648, 76, 47
2025/01/06 13:16:37.451, 5, 24576, 3610, 20648, 75, 46
2025/01/06 13:16:37.551, 5, 24576, 3610, 20648, 75, 46
2025/01/06 13:16:37.652, 5, 24576, 3610, 20648, 70, 41
2025/01/06 13:16:37.753, 5, 24576, 3610, 20648, 70, 41
2025/01/06 13:16:37.854, 5, 24576, 3610, 20648, 70, 45
2025/01/06 13:16:37.954, 5, 24576, 3610, 20648, 70, 45
2025/01/06 13:16:38.055, 5, 24576, 3610, 20648, 76, 47
2025/01/06 13:16:38.156, 5, 24576, 3610, 20648, 76, 47
2025/01/06 13:16:38.257, 5, 24576, 3610, 20648, 74, 46
2025/01/06 13:16:38.358, 5, 24576, 3610, 20648, 74, 46
2025/01/06 13:16:38.459, 5, 24576, 3610, 20648, 72, 42
2025/01/06 13:16:38.560, 5, 24576, 3610, 20648, 72, 42
2025/01/06 13:16:38.661, 5, 24576, 3610, 20648, 76, 47
2025/01/06 13:16:38.762, 5, 24576, 3610, 20648, 76, 47
2025/01/06 13:16:38.862, 5, 24576, 3610, 20648, 74, 46
2025/01/06 13:16:38.963, 5, 24576, 3610, 20648, 74, 46
2025/01/06 13:16:39.064, 5, 24576, 3610, 20648, 74, 46
2025/01/06 13:16:39.165, 5, 24576, 3610, 20648, 74, 46
2025/01/06 13:16:39.265, 5, 24576, 3610, 20648, 72, 45
2025/01/06 13:16:39.366, 5, 24576, 3610, 20648, 72, 45
2025/01/06 13:16:39.467, 5, 24576, 3610, 20648, 73, 43
2025/01/06 13:16:39.567, 5, 24576, 3610, 20648, 73, 43
2025/01/06 13:16:39.668, 5, 24576, 3610, 20648, 77, 47
2025/01/06 13:16:39.769, 5, 24576, 3610, 20648, 77, 47
2025/01/06 13:16:39.869, 5, 24576, 3610, 20648, 73, 45
2025/01/06 13:16:39.970, 5, 24576, 3610, 20648, 73, 45
2025/01/06 13:16:40.071, 5, 24576, 3610, 20648, 75, 47
2025/01/06 13:16:40.171, 5, 24576, 3610, 20648, 75, 47
2025/01/06 13:16:40.272, 5, 24576, 3610, 20648, 73, 46
2025/01/06 13:16:40.373, 5, 24576, 3610, 20648, 73, 46
2025/01/06 13:16:40.474, 5, 24576, 3610, 20648, 72, 42
2025/01/06 13:16:40.575, 5, 24576, 3610, 20648, 72, 42
2025/01/06 13:16:40.675, 5, 24576, 3610, 20648, 76, 46
2025/01/06 13:16:40.777, 5, 24576, 3610, 20648, 74, 46
2025/01/06 13:16:40.880, 5, 24576, 3610, 20648, 74, 46
2025/01/06 13:16:40.981, 5, 24576, 3610, 20648, 73, 46
2025/01/06 13:16:41.082, 5, 24576, 3610, 20648, 73, 46
2025/01/06 13:16:41.183, 5, 24576, 3610, 20648, 76, 47
2025/01/06 13:16:41.283, 5, 24576, 3610, 20648, 76, 47
2025/01/06 13:16:41.384, 5, 24576, 3610, 20648, 76, 47
2025/01/06 13:16:41.485, 5, 24576, 3610, 20648, 76, 47
2025/01/06 13:16:41.585, 5, 24576, 3610, 20648, 72, 42
2025/01/06 13:16:41.686, 5, 24576, 3610, 20648, 72, 42
2025/01/06 13:16:41.787, 5, 24576, 3610, 20648, 76, 46
2025/01/06 13:16:41.888, 5, 24576, 3610, 20648, 76, 46
2025/01/06 13:16:41.989, 5, 24576, 3610, 20648, 75, 47
2025/01/06 13:16:42.089, 5, 24576, 3610, 20648, 75, 47
2025/01/06 13:16:42.190, 5, 24576, 3610, 20648, 76, 47
2025/01/06 13:16:42.291, 5, 24576, 3610, 20648, 76, 47
2025/01/06 13:16:42.392, 5, 24576, 3610, 20648, 75, 46
2025/01/06 13:16:42.492, 5, 24576, 3610, 20648, 75, 46
2025/01/06 13:16:42.593, 5, 24576, 3610, 20648, 76, 47
2025/01/06 13:16:42.694, 5, 24576, 3610, 20648, 76, 47
2025/01/06 13:16:42.794, 5, 24576, 3610, 20648, 76, 47
2025/01/06 13:16:42.895, 5, 24576, 3610, 20648, 76, 47
2025/01/06 13:16:42.996, 5, 24576, 3610, 20648, 81, 49
2025/01/06 13:16:43.097, 5, 24576, 3610, 20648, 81, 49
2025/01/06 13:16:43.198, 5, 24576, 3610, 20648, 82, 49
2025/01/06 13:16:43.299, 5, 24576, 3610, 20648, 82, 49
2025/01/06 13:16:43.400, 5, 24576, 3610, 20648, 76, 47
2025/01/06 13:16:43.501, 5, 24576, 3610, 20648, 76, 47
2025/01/06 13:16:43.602, 5, 24576, 3610, 20648, 75, 47
2025/01/06 13:16:43.703, 5, 24576, 3610, 20648, 75, 47
2025/01/06 13:16:43.803, 5, 24576, 3610, 20648, 76, 47
2025/01/06 13:16:43.904, 5, 24576, 3610, 20648, 76, 47
2025/01/06 13:16:44.005, 5, 24576, 3610, 20648, 77, 47
2025/01/06 13:16:44.105, 5, 24576, 3610, 20648, 77, 47
2025/01/06 13:16:44.206, 5, 24576, 3610, 20648, 76, 47
2025/01/06 13:16:44.307, 5, 24576, 3610, 20648, 76, 47
2025/01/06 13:16:44.407, 5, 24576, 3610, 20648, 73, 43
2025/01/06 13:16:44.508, 5, 24576, 3610, 20648, 73, 43
2025/01/06 13:16:44.609, 5, 24576, 3610, 20648, 75, 46
2025/01/06 13:16:44.710, 5, 24576, 3610, 20648, 75, 46
2025/01/06 13:16:44.810, 5, 24576, 3610, 20648, 75, 46
2025/01/06 13:16:44.911, 5, 24576, 3610, 20648, 75, 46
2025/01/06 13:16:45.012, 5, 24576, 3610, 20648, 72, 46
2025/01/06 13:16:45.112, 5, 24576, 3610, 20648, 72, 46
2025/01/06 13:16:45.213, 5, 24576, 3610, 20648, 68, 41
2025/01/06 13:16:45.314, 5, 24576, 3610, 20648, 68, 41
2025/01/06 13:16:45.415, 5, 24576, 3610, 20648, 76, 46
2025/01/06 13:16:45.516, 5, 24576, 3610, 20648, 76, 46
2025/01/06 13:16:45.617, 5, 24576, 3610, 20648, 76, 47
2025/01/06 13:16:45.718, 5, 24576, 3610, 20648, 76, 47
2025/01/06 13:16:45.819, 5, 24576, 3610, 20648, 76, 47
2025/01/06 13:16:45.920, 5, 24576, 3610, 20648, 76, 47
2025/01/06 13:16:46.020, 5, 24576, 3610, 20648, 74, 46
2025/01/06 13:16:46.121, 5, 24576, 3610, 20648, 74, 46
2025/01/06 13:16:46.222, 5, 24576, 3610, 20648, 75, 47
2025/01/06 13:16:46.323, 5, 24576, 3610, 20648, 75, 47
2025/01/06 13:16:46.424, 5, 24576, 3610, 20648, 77, 47
2025/01/06 13:16:46.524, 5, 24576, 3610, 20648, 77, 47
2025/01/06 13:16:46.625, 5, 24576, 3610, 20648, 70, 41
2025/01/06 13:16:46.726, 5, 24576, 3610, 20648, 70, 41
2025/01/06 13:16:46.826, 5, 24576, 3610, 20648, 77, 47
2025/01/06 13:16:46.927, 5, 24576, 3610, 20648, 77, 47
2025/01/06 13:16:47.028, 5, 24576, 3610, 20648, 75, 46
2025/01/06 13:16:47.129, 5, 24576, 3610, 20648, 75, 46
2025/01/06 13:16:47.229, 5, 24576, 3610, 20648, 66, 42
2025/01/06 13:16:47.330, 5, 24576, 3610, 20648, 66, 42
2025/01/06 13:16:47.431, 5, 24576, 3610, 20648, 72, 42
2025/01/06 13:16:47.532, 5, 24576, 3610, 20648, 72, 42
2025/01/06 13:16:47.632, 5, 24576, 3610, 20648, 77, 47
2025/01/06 13:16:47.733, 5, 24576, 3610, 20648, 77, 47
2025/01/06 13:16:47.834, 5, 24576, 3610, 20648, 77, 47
2025/01/06 13:16:47.935, 5, 24576, 3610, 20648, 77, 47
2025/01/06 13:16:48.036, 5, 24576, 3610, 20648, 76, 47
2025/01/06 13:16:48.137, 5, 24576, 3610, 20648, 76, 47
2025/01/06 13:16:48.238, 5, 24576, 3610, 20648, 74, 46
2025/01/06 13:16:48.339, 5, 24576, 3610, 20648, 74, 46
2025/01/06 13:16:48.440, 5, 24576, 3610, 20648, 77, 48
2025/01/06 13:16:48.541, 5, 24576, 3610, 20648, 77, 48
2025/01/06 13:16:48.641, 5, 24576, 3610, 20648, 77, 47
2025/01/06 13:16:48.742, 5, 24576, 3610, 20648, 77, 47
2025/01/06 13:16:48.843, 5, 24576, 3610, 20648, 76, 47
2025/01/06 13:16:48.943, 5, 24576, 3610, 20648, 76, 47
2025/01/06 13:16:49.044, 5, 24576, 3610, 20648, 75, 46
2025/01/06 13:16:49.145, 5, 24576, 3610, 20648, 75, 46
2025/01/06 13:16:49.245, 5, 24576, 3610, 20648, 74, 44
2025/01/06 13:16:49.346, 5, 24576, 3610, 20648, 74, 44
2025/01/06 13:16:49.447, 5, 24576, 3610, 20648, 75, 45
2025/01/06 13:16:49.548, 5, 24576, 3610, 20648, 75, 45
2025/01/06 13:16:49.648, 5, 24576, 3610, 20648, 77, 47
2025/01/06 13:16:49.749, 5, 24576, 3610, 20648, 77, 47
2025/01/06 13:16:49.850, 5, 24576, 3610, 20648, 73, 45
2025/01/06 13:16:49.950, 5, 24576, 3610, 20648, 73, 45
2025/01/06 13:16:50.051, 5, 24576, 3610, 20648, 74, 46
2025/01/06 13:16:50.152, 5, 24576, 3610, 20648, 74, 46
2025/01/06 13:16:50.253, 5, 24576, 3610, 20648, 76, 47
2025/01/06 13:16:50.354, 5, 24576, 3610, 20648, 76, 47
2025/01/06 13:16:50.455, 5, 24576, 3610, 20648, 77, 47
2025/01/06 13:16:50.556, 5, 24576, 3610, 20648, 77, 47
2025/01/06 13:16:50.657, 5, 24576, 3610, 20648, 71, 41
2025/01/06 13:16:50.758, 5, 24576, 3610, 20648, 71, 41
2025/01/06 13:16:50.859, 5, 24576, 3610, 20648, 75, 46
2025/01/06 13:16:50.959, 5, 24576, 3610, 20648, 75, 46
2025/01/06 13:16:51.060, 5, 24576, 3610, 20648, 70, 45
2025/01/06 13:16:51.161, 5, 24576, 3610, 20648, 70, 45
2025/01/06 13:16:51.262, 5, 24576, 3610, 20648, 76, 47
2025/01/06 13:16:51.363, 5, 24576, 3610, 20648, 76, 47
2025/01/06 13:16:51.463, 5, 24576, 3610, 20648, 73, 44
2025/01/06 13:16:51.564, 5, 24576, 3610, 20648, 73, 44
2025/01/06 13:16:51.665, 5, 24576, 3610, 20648, 73, 44
2025/01/06 13:16:51.766, 5, 24576, 3610, 20648, 73, 44
2025/01/06 13:16:51.866, 5, 24576, 3610, 20648, 73, 45
2025/01/06 13:16:51.967, 5, 24576, 3610, 20648, 73, 45
2025/01/06 13:16:52.068, 5, 24576, 3610, 20648, 73, 46
2025/01/06 13:16:52.168, 5, 24576, 3610, 20648, 73, 46
2025/01/06 13:16:52.269, 5, 24576, 3610, 20648, 76, 47
2025/01/06 13:16:52.370, 5, 24576, 3610, 20648, 76, 47
2025/01/06 13:16:52.471, 5, 24576, 3610, 20648, 73, 44
2025/01/06 13:16:52.572, 5, 24576, 3610, 20648, 75, 45
2025/01/06 13:16:52.673, 5, 24576, 3610, 20648, 75, 45
2025/01/06 13:16:52.774, 5, 24576, 3610, 20648, 76, 47
2025/01/06 13:16:52.876, 5, 24576, 3610, 20648, 76, 47
2025/01/06 13:16:52.977, 5, 24576, 3610, 20648, 75, 46
2025/01/06 13:16:53.078, 5, 24576, 3610, 20648, 75, 46
2025/01/06 13:16:53.179, 5, 24576, 3610, 20648, 76, 47
2025/01/06 13:16:53.279, 5, 24576, 3610, 20648, 76, 47
2025/01/06 13:16:53.380, 5, 24576, 3610, 20648, 75, 46
2025/01/06 13:16:53.481, 5, 24576, 3610, 20648, 75, 46
2025/01/06 13:16:53.582, 5, 24576, 3610, 20648, 75, 47
2025/01/06 13:16:53.683, 5, 24576, 3610, 20648, 75, 47
2025/01/06 13:16:53.783, 5, 24576, 3610, 20648, 69, 40
2025/01/06 13:16:53.884, 5, 24576, 3610, 20648, 69, 40
2025/01/06 13:16:53.985, 5, 24576, 3610, 20648, 69, 44
2025/01/06 13:16:54.085, 5, 24576, 3610, 20648, 69, 44
2025/01/06 13:16:54.186, 5, 24576, 3610, 20648, 69, 41
2025/01/06 13:16:54.287, 5, 24576, 3610, 20648, 69, 41
2025/01/06 13:16:54.388, 5, 24576, 3610, 20648, 71, 44
2025/01/06 13:16:54.489, 5, 24576, 3610, 20648, 71, 44
2025/01/06 13:16:54.590, 5, 24576, 3610, 20648, 74, 46
2025/01/06 13:16:54.690, 5, 24576, 3610, 20648, 74, 46
2025/01/06 13:16:54.791, 5, 24576, 3610, 20648, 72, 45
2025/01/06 13:16:54.892, 5, 24576, 3610, 20648, 72, 45
2025/01/06 13:16:54.993, 5, 24576, 3610, 20648, 71, 42
2025/01/06 13:16:55.094, 5, 24576, 3610, 20648, 71, 42
2025/01/06 13:16:55.195, 5, 24576, 3610, 20648, 72, 45
2025/01/06 13:16:55.296, 5, 24576, 3610, 20648, 72, 45
2025/01/06 13:16:55.397, 5, 24576, 3610, 20648, 74, 46
2025/01/06 13:16:55.498, 5, 24576, 3610, 20648, 74, 46
2025/01/06 13:16:55.598, 5, 24576, 3610, 20648, 69, 41
2025/01/06 13:16:55.699, 5, 24576, 3610, 20648, 69, 41
2025/01/06 13:16:55.800, 5, 24576, 3610, 20648, 76, 46
2025/01/06 13:16:55.901, 5, 24576, 3610, 20648, 76, 46
2025/01/06 13:16:56.001, 5, 24576, 3610, 20648, 75, 46
2025/01/06 13:16:56.102, 5, 24576, 3610, 20648, 75, 46
2025/01/06 13:16:56.203, 5, 24576, 3610, 20648, 71, 45
2025/01/06 13:16:56.303, 5, 24576, 3610, 20648, 71, 45
2025/01/06 13:16:56.404, 5, 24576, 3610, 20648, 73, 45
2025/01/06 13:16:56.505, 5, 24576, 3610, 20648, 73, 45
2025/01/06 13:16:56.605, 5, 24576, 3610, 20648, 73, 43
2025/01/06 13:16:56.706, 5, 24576, 3610, 20648, 73, 43
2025/01/06 13:16:56.807, 5, 24576, 3610, 20648, 73, 45
2025/01/06 13:16:56.907, 5, 24576, 3610, 20648, 73, 45
2025/01/06 13:16:57.008, 5, 24576, 3610, 20648, 74, 46
2025/01/06 13:16:57.109, 5, 24576, 3610, 20648, 74, 46
2025/01/06 13:16:57.210, 5, 24576, 3610, 20648, 75, 47
2025/01/06 13:16:57.311, 5, 24576, 3610, 20648, 75, 47
2025/01/06 13:16:57.412, 5, 24576, 3610, 20648, 74, 45
2025/01/06 13:16:57.513, 5, 24576, 3610, 20648, 74, 45
2025/01/06 13:16:57.614, 5, 24576, 3610, 20648, 75, 44
2025/01/06 13:16:57.715, 5, 24576, 3610, 20648, 75, 44
2025/01/06 13:16:57.816, 5, 24576, 3610, 20648, 77, 46
2025/01/06 13:16:57.916, 5, 24576, 3610, 20648, 77, 46
2025/01/06 13:16:58.017, 5, 24576, 3610, 20648, 72, 45
2025/01/06 13:16:58.118, 5, 24576, 3610, 20648, 72, 45
2025/01/06 13:16:58.219, 5, 24576, 3610, 20648, 72, 46
2025/01/06 13:16:58.319, 5, 24576, 3610, 20648, 72, 46
2025/01/06 13:16:58.420, 5, 24576, 3610, 20648, 69, 40
2025/01/06 13:16:58.521, 5, 24576, 3610, 20648, 69, 40
2025/01/06 13:16:58.621, 5, 24576, 3610, 20648, 77, 47
2025/01/06 13:16:58.722, 5, 24576, 3610, 20648, 77, 47
2025/01/06 13:16:58.823, 5, 24576, 3610, 20648, 74, 46
2025/01/06 13:16:58.923, 5, 24576, 3610, 20648, 74, 46
2025/01/06 13:16:59.024, 5, 24576, 3610, 20648, 72, 46
2025/01/06 13:16:59.125, 5, 24576, 3610, 20648, 72, 46
2025/01/06 13:16:59.226, 5, 24576, 3610, 20648, 76, 47
2025/01/06 13:16:59.326, 5, 24576, 3610, 20648, 76, 47
2025/01/06 13:16:59.427, 5, 24576, 3610, 20648, 79, 48
2025/01/06 13:16:59.528, 5, 24576, 3610, 20648, 79, 48
2025/01/06 13:16:59.628, 5, 24576, 3610, 20648, 74, 45
2025/01/06 13:16:59.729, 5, 24576, 3610, 20648, 74, 45
2025/01/06 13:16:59.830, 5, 24576, 3610, 20648, 73, 43
2025/01/06 13:16:59.931, 5, 24576, 3610, 20648, 73, 43
2025/01/06 13:17:00.032, 5, 24576, 3610, 20648, 77, 47
2025/01/06 13:17:00.133, 5, 24576, 3610, 20648, 77, 47
2025/01/06 13:17:00.234, 5, 24576, 3610, 20648, 74, 46
2025/01/06 13:17:00.335, 5, 24576, 3610, 20648, 74, 46
2025/01/06 13:17:00.436, 5, 24576, 3610, 20648, 75, 46
2025/01/06 13:17:00.536, 5, 24576, 3610, 20648, 75, 46
2025/01/06 13:17:00.637, 5, 24576, 3610, 20648, 74, 46
2025/01/06 13:17:00.738, 5, 24576, 3610, 20648, 74, 46
2025/01/06 13:17:00.838, 5, 24576, 3610, 20648, 73, 44
2025/01/06 13:17:00.939, 5, 24576, 3610, 20648, 73, 44
2025/01/06 13:17:01.040, 5, 24576, 3610, 20648, 75, 45
2025/01/06 13:17:01.140, 5, 24576, 3610, 20648, 75, 45
2025/01/06 13:17:01.241, 5, 24576, 3610, 20648, 76, 46
2025/01/06 13:17:01.342, 5, 24576, 3610, 20648, 76, 46
2025/01/06 13:17:01.442, 5, 24576, 3610, 20648, 76, 47
2025/01/06 13:17:01.543, 5, 24576, 3610, 20648, 76, 47
2025/01/06 13:17:01.644, 5, 24576, 3610, 20648, 71, 45
2025/01/06 13:17:01.745, 5, 24576, 3610, 20648, 71, 45
2025/01/06 13:17:01.845, 5, 24576, 3610, 20648, 75, 47
2025/01/06 13:17:01.946, 5, 24576, 3610, 20648, 75, 47
2025/01/06 13:17:02.047, 5, 24576, 3610, 20648, 76, 47
2025/01/06 13:17:02.147, 5, 24576, 3610, 20648, 76, 47
2025/01/06 13:17:02.248, 5, 24576, 3610, 20648, 75, 46
2025/01/06 13:17:02.349, 5, 24576, 3610, 20648, 75, 46
2025/01/06 13:17:02.450, 5, 24576, 3610, 20648, 74, 43
2025/01/06 13:17:02.552, 5, 24576, 3610, 20648, 74, 43
2025/01/06 13:17:02.653, 5, 24576, 3610, 20648, 76, 46
2025/01/06 13:17:02.753, 5, 24576, 3610, 20648, 76, 46
2025/01/06 13:17:02.855, 5, 24576, 3610, 20648, 73, 45
2025/01/06 13:17:02.955, 5, 24576, 3610, 20648, 73, 45
2025/01/06 13:17:03.056, 5, 24576, 3610, 20648, 73, 46
2025/01/06 13:17:03.157, 5, 24576, 3610, 20648, 73, 46
2025/01/06 13:17:03.258, 5, 24576, 3610, 20648, 75, 47
2025/01/06 13:17:03.358, 5, 24576, 3610, 20648, 75, 47
2025/01/06 13:17:03.459, 5, 24576, 3610, 20648, 73, 43
2025/01/06 13:17:03.560, 5, 24576, 3610, 20648, 73, 43
2025/01/06 13:17:03.660, 5, 24576, 3610, 20648, 75, 45
2025/01/06 13:17:03.761, 5, 24576, 3610, 20648, 75, 45
2025/01/06 13:17:03.862, 5, 24576, 3610, 20648, 70, 44
2025/01/06 13:17:03.963, 5, 24576, 3610, 20648, 70, 44
2025/01/06 13:17:04.064, 5, 24576, 3610, 20648, 73, 46
2025/01/06 13:17:04.164, 5, 24576, 3610, 20648, 73, 46
2025/01/06 13:17:04.265, 5, 24576, 3610, 20648, 70, 41
2025/01/06 13:17:04.366, 5, 24576, 3610, 20648, 70, 41
2025/01/06 13:17:04.466, 5, 24576, 3610, 20648, 70, 44
2025/01/06 13:17:04.567, 5, 24576, 3610, 20648, 70, 44
2025/01/06 13:17:04.668, 5, 24576, 3610, 20648, 73, 46
2025/01/06 13:17:04.769, 5, 24576, 3610, 20648, 69, 40
2025/01/06 13:17:04.872, 5, 24576, 3610, 20648, 69, 40
2025/01/06 13:17:04.973, 5, 24576, 3610, 20648, 70, 45
2025/01/06 13:17:05.074, 5, 24576, 3610, 20648, 70, 45
2025/01/06 13:17:05.175, 5, 24576, 3610, 20648, 73, 46
2025/01/06 13:17:05.276, 5, 24576, 3610, 20648, 73, 46
2025/01/06 13:17:05.377, 5, 24576, 3610, 20648, 71, 41
2025/01/06 13:17:05.477, 5, 24576, 3610, 20648, 71, 41
2025/01/06 13:17:05.578, 5, 24576, 3610, 20648, 76, 47
2025/01/06 13:17:05.679, 5, 24576, 3610, 20648, 76, 47
2025/01/06 13:17:05.780, 5, 24576, 3610, 20648, 70, 44
2025/01/06 13:17:05.880, 5, 24576, 3610, 20648, 70, 44
2025/01/06 13:17:05.981, 5, 24576, 3610, 20648, 66, 39
2025/01/06 13:17:06.082, 5, 24576, 3610, 20648, 66, 39
2025/01/06 13:17:06.183, 5, 24576, 3610, 20648, 73, 46
2025/01/06 13:17:06.283, 5, 24576, 3610, 20648, 73, 46
2025/01/06 13:17:06.384, 5, 24576, 3610, 20648, 70, 45
2025/01/06 13:17:06.485, 5, 24576, 3610, 20648, 70, 45
2025/01/06 13:17:06.586, 5, 24576, 3610, 20648, 72, 43
2025/01/06 13:17:06.686, 5, 24576, 3610, 20648, 72, 43
2025/01/06 13:17:06.787, 5, 24576, 3610, 20648, 72, 44
2025/01/06 13:17:06.888, 5, 24576, 3610, 20648, 72, 44
2025/01/06 13:17:06.989, 5, 24576, 3610, 20648, 67, 43
2025/01/06 13:17:07.090, 5, 24576, 3610, 20648, 67, 43
2025/01/06 13:17:07.191, 5, 24576, 3610, 20648, 74, 43
2025/01/06 13:17:07.292, 5, 24576, 3610, 20648, 74, 43
2025/01/06 13:17:07.393, 5, 24576, 3610, 20648, 73, 45
2025/01/06 13:17:07.494, 5, 24576, 3610, 20648, 73, 45
2025/01/06 13:17:07.595, 5, 24576, 3610, 20648, 68, 44
2025/01/06 13:17:07.695, 5, 24576, 3610, 20648, 68, 44
2025/01/06 13:17:07.796, 5, 24576, 3610, 20648, 70, 41
2025/01/06 13:17:07.897, 5, 24576, 3610, 20648, 70, 41
2025/01/06 13:17:07.998, 5, 24576, 3610, 20648, 71, 45
2025/01/06 13:17:08.098, 5, 24576, 3610, 20648, 71, 45
2025/01/06 13:17:08.199, 5, 24576, 3610, 20648, 71, 45
2025/01/06 13:17:08.300, 5, 24576, 3610, 20648, 71, 45
2025/01/06 13:17:08.400, 5, 24576, 3610, 20648, 71, 41
2025/01/06 13:17:08.501, 5, 24576, 3610, 20648, 71, 41
2025/01/06 13:17:08.602, 5, 24576, 3610, 20648, 74, 46
2025/01/06 13:17:08.702, 5, 24576, 3610, 20648, 74, 46
2025/01/06 13:17:08.803, 5, 24576, 3610, 20648, 72, 46
2025/01/06 13:17:08.904, 5, 24576, 3610, 20648, 72, 46
2025/01/06 13:17:09.005, 5, 24576, 3610, 20648, 75, 47
2025/01/06 13:17:09.105, 5, 24576, 3610, 20648, 75, 47
2025/01/06 13:17:09.206, 5, 24576, 3610, 20648, 70, 41
2025/01/06 13:17:09.307, 5, 24576, 3610, 20648, 70, 41
2025/01/06 13:17:09.408, 5, 24576, 3610, 20648, 74, 45
2025/01/06 13:17:09.509, 5, 24576, 3610, 20648, 74, 45
2025/01/06 13:17:09.610, 5, 24576, 3610, 20648, 71, 45
2025/01/06 13:17:09.711, 5, 24576, 3610, 20648, 71, 45
2025/01/06 13:17:09.812, 5, 24576, 3610, 20648, 74, 46
2025/01/06 13:17:09.913, 5, 24576, 3610, 20648, 74, 46
2025/01/06 13:17:10.014, 5, 24576, 3610, 20648, 72, 43
2025/01/06 13:17:10.115, 5, 24576, 3610, 20648, 72, 43
2025/01/06 13:17:10.215, 5, 24576, 3610, 20648, 74, 44
2025/01/06 13:17:10.316, 5, 24576, 3610, 20648, 74, 44
2025/01/06 13:17:10.417, 5, 24576, 3610, 20648, 71, 45
2025/01/06 13:17:10.517, 5, 24576, 3610, 20648, 71, 45
2025/01/06 13:17:10.618, 5, 24576, 3610, 20648, 73, 46
2025/01/06 13:17:10.719, 5, 24576, 3610, 20648, 73, 46
2025/01/06 13:17:10.820, 5, 24576, 3610, 20648, 71, 42
2025/01/06 13:17:10.920, 5, 24576, 3610, 20648, 71, 42
2025/01/06 13:17:11.021, 5, 24576, 3610, 20648, 76, 46
2025/01/06 13:17:11.122, 5, 24576, 3610, 20648, 76, 46
2025/01/06 13:17:11.222, 5, 24576, 3610, 20648, 73, 46
2025/01/06 13:17:11.323, 5, 24576, 3610, 20648, 73, 46
2025/01/06 13:17:11.424, 5, 24576, 3610, 20648, 72, 46
2025/01/06 13:17:11.524, 5, 24576, 3610, 20648, 72, 46
2025/01/06 13:17:11.625, 5, 24576, 3610, 20648, 72, 43
2025/01/06 13:17:11.726, 5, 24576, 3610, 20648, 72, 43
2025/01/06 13:17:11.827, 5, 24576, 3610, 20648, 70, 43
2025/01/06 13:17:11.928, 5, 24576, 3610, 20648, 70, 43
2025/01/06 13:17:12.029, 5, 24576, 3610, 20648, 74, 46
2025/01/06 13:17:12.130, 5, 24576, 3610, 20648, 74, 46
2025/01/06 13:17:12.231, 5, 24576, 3610, 20648, 74, 46
2025/01/06 13:17:12.332, 5, 24576, 3610, 20648, 74, 46
2025/01/06 13:17:12.432, 5, 24576, 3610, 20648, 74, 45
2025/01/06 13:17:12.533, 5, 24576, 3610, 20648, 74, 45
2025/01/06 13:17:12.634, 5, 24576, 3610, 20648, 74, 44
2025/01/06 13:17:12.735, 5, 24576, 3610, 20648, 74, 44
2025/01/06 13:17:12.835, 5, 24576, 3610, 20648, 72, 45
2025/01/06 13:17:12.936, 5, 24576, 3610, 20648, 72, 45
2025/01/06 13:17:13.037, 5, 24576, 3610, 20648, 71, 45
2025/01/06 13:17:13.138, 5, 24576, 3610, 20648, 71, 45
2025/01/06 13:17:13.238, 5, 24576, 3610, 20648, 75, 47
2025/01/06 13:17:13.339, 5, 24576, 3610, 20648, 75, 47
2025/01/06 13:17:13.440, 5, 24576, 3610, 20648, 73, 42
2025/01/06 13:17:13.540, 5, 24576, 3610, 20648, 73, 42
2025/01/06 13:17:13.641, 5, 24576, 3610, 20648, 72, 45
2025/01/06 13:17:13.742, 5, 24576, 3610, 20648, 72, 45
2025/01/06 13:17:13.843, 5, 24576, 3610, 20648, 73, 46
2025/01/06 13:17:13.943, 5, 24576, 3610, 20648, 73, 46
2025/01/06 13:17:14.044, 5, 24576, 3610, 20648, 74, 46
2025/01/06 13:17:14.145, 5, 24576, 3610, 20648, 74, 46
2025/01/06 13:17:14.246, 5, 24576, 3610, 20648, 72, 42
2025/01/06 13:17:14.347, 5, 24576, 3610, 20648, 72, 42
2025/01/06 13:17:14.448, 5, 24576, 3610, 20648, 76, 47
2025/01/06 13:17:14.549, 5, 24576, 3610, 20648, 76, 47
2025/01/06 13:17:14.650, 5, 24576, 3610, 20648, 71, 45
2025/01/06 13:17:14.751, 5, 24576, 3610, 20648, 71, 45
2025/01/06 13:17:14.852, 5, 24576, 3610, 20648, 74, 46
2025/01/06 13:17:14.953, 5, 24576, 3610, 20648, 74, 46
2025/01/06 13:17:15.053, 5, 24576, 3610, 20648, 71, 43
2025/01/06 13:17:15.154, 5, 24576, 3610, 20648, 71, 43
2025/01/06 13:17:15.255, 5, 24576, 3610, 20648, 74, 44
2025/01/06 13:17:15.355, 5, 24576, 3610, 20648, 74, 44
2025/01/06 13:17:15.456, 5, 24576, 3610, 20648, 74, 46
2025/01/06 13:17:15.557, 5, 24576, 3610, 20648, 74, 46
2025/01/06 13:17:15.657, 5, 24576, 3610, 20648, 71, 45
2025/01/06 13:17:15.758, 5, 24576, 3610, 20648, 71, 45
2025/01/06 13:17:15.859, 5, 24576, 3610, 20648, 69, 40
2025/01/06 13:17:15.960, 5, 24576, 3610, 20648, 69, 40
2025/01/06 13:17:16.060, 5, 24576, 3610, 20648, 72, 45
2025/01/06 13:17:16.161, 5, 24576, 3610, 20648, 72, 45
2025/01/06 13:17:16.262, 5, 24576, 3610, 20648, 74, 46
2025/01/06 13:17:16.363, 5, 24576, 3610, 20648, 74, 46
2025/01/06 13:17:16.463, 5, 24576, 3610, 20648, 75, 47
2025/01/06 13:17:16.565, 5, 24576, 3610, 20648, 72, 43
2025/01/06 13:17:16.669, 5, 24576, 3610, 20648, 72, 43
2025/01/06 13:17:16.770, 5, 24576, 3610, 20648, 76, 46
2025/01/06 13:17:16.871, 5, 24576, 3610, 20648, 76, 46
2025/01/06 13:17:16.972, 5, 24576, 3610, 20648, 82, 52
2025/01/06 13:17:17.073, 5, 24576, 3610, 20648, 82, 52
2025/01/06 13:17:17.173, 5, 24576, 3610, 20648, 73, 43
2025/01/06 13:17:17.274, 5, 24576, 3610, 20648, 73, 43
2025/01/06 13:17:17.375, 5, 24576, 3610, 20648, 73, 45
2025/01/06 13:17:17.475, 5, 24576, 3610, 20648, 73, 45
2025/01/06 13:17:17.576, 5, 24576, 3610, 20648, 71, 45
2025/01/06 13:17:17.677, 5, 24576, 3610, 20648, 71, 45
2025/01/06 13:17:17.778, 5, 24576, 3610, 20648, 73, 44
2025/01/06 13:17:17.879, 5, 24576, 3610, 20648, 73, 44
2025/01/06 13:17:17.979, 5, 24576, 3610, 20648, 74, 44
2025/01/06 13:17:18.080, 5, 24576, 3610, 20648, 74, 44
2025/01/06 13:17:18.181, 5, 24576, 3610, 20648, 76, 47
2025/01/06 13:17:18.282, 5, 24576, 3610, 20648, 76, 47
2025/01/06 13:17:18.382, 5, 24576, 3610, 20648, 71, 45
2025/01/06 13:17:18.483, 5, 24576, 3610, 20648, 71, 45
2025/01/06 13:17:18.584, 5, 24576, 3610, 20648, 72, 45
2025/01/06 13:17:18.685, 5, 24576, 3610, 20648, 72, 45
2025/01/06 13:17:18.786, 5, 24576, 3610, 20648, 73, 43
2025/01/06 13:17:18.887, 5, 24576, 3610, 20648, 73, 43
2025/01/06 13:17:18.988, 5, 24576, 3610, 20648, 76, 47
2025/01/06 13:17:19.089, 5, 24576, 3610, 20648, 76, 47
2025/01/06 13:17:19.190, 5, 24576, 3610, 20648, 76, 47
2025/01/06 13:17:19.291, 5, 24576, 3610, 20648, 76, 47
2025/01/06 13:17:19.391, 5, 24576, 3610, 20648, 72, 45
2025/01/06 13:17:19.492, 5, 24576, 3610, 20648, 72, 45
2025/01/06 13:17:19.593, 5, 24576, 3610, 20648, 74, 46
2025/01/06 13:17:19.694, 5, 24576, 3610, 20648, 74, 46
2025/01/06 13:17:19.794, 5, 24576, 3610, 20648, 70, 41
2025/01/06 13:17:19.895, 5, 24576, 3610, 20648, 70, 41
2025/01/06 13:17:19.996, 5, 24576, 3610, 20648, 73, 45
2025/01/06 13:17:20.096, 5, 24576, 3610, 20648, 73, 45
2025/01/06 13:17:20.197, 5, 24576, 3610, 20648, 72, 46
2025/01/06 13:17:20.298, 5, 24576, 3610, 20648, 72, 46
2025/01/06 13:17:20.399, 5, 24576, 3610, 20648, 73, 45
2025/01/06 13:17:20.499, 5, 24576, 3610, 20648, 73, 45
2025/01/06 13:17:20.600, 5, 24576, 3610, 20648, 72, 43
2025/01/06 13:17:20.701, 5, 24576, 3610, 20648, 72, 43
2025/01/06 13:17:20.801, 5, 24576, 3610, 20648, 74, 46
2025/01/06 13:17:20.902, 5, 24576, 3610, 20648, 74, 46
2025/01/06 13:17:21.003, 5, 24576, 3610, 20648, 74, 46
2025/01/06 13:17:21.104, 5, 24576, 3610, 20648, 74, 46
2025/01/06 13:17:21.205, 5, 24576, 3610, 20648, 75, 47
2025/01/06 13:17:21.306, 5, 24576, 3610, 20648, 75, 47
2025/01/06 13:17:21.408, 5, 24576, 3610, 20648, 73, 45
2025/01/06 13:17:21.509, 5, 24576, 3610, 20648, 73, 45
2025/01/06 13:17:21.609, 5, 24576, 3610, 20648, 72, 42
2025/01/06 13:17:21.710, 5, 24576, 3610, 20648, 72, 42
2025/01/06 13:17:21.811, 5, 24576, 3610, 20648, 70, 45
2025/01/06 13:17:21.911, 5, 24576, 3610, 20648, 70, 45
2025/01/06 13:17:22.012, 5, 24576, 3610, 20648, 75, 47
2025/01/06 13:17:22.113, 5, 24576, 3610, 20648, 75, 47
2025/01/06 13:17:22.213, 5, 24576, 3610, 20648, 74, 45
2025/01/06 13:17:22.314, 5, 24576, 3610, 20648, 74, 45
2025/01/06 13:17:22.415, 5, 24576, 3610, 20648, 74, 44
2025/01/06 13:17:22.516, 5, 24576, 3610, 20648, 74, 44
2025/01/06 13:17:22.616, 5, 24576, 3610, 20648, 75, 46
2025/01/06 13:17:22.717, 5, 24576, 3610, 20648, 75, 46
2025/01/06 13:17:22.818, 5, 24576, 3610, 20648, 71, 45
2025/01/06 13:17:22.918, 5, 24576, 3610, 20648, 71, 45
2025/01/06 13:17:23.019, 5, 24576, 3610, 20648, 71, 45
2025/01/06 13:17:23.120, 5, 24576, 3610, 20648, 71, 45
2025/01/06 13:17:23.221, 5, 24576, 3610, 20648, 73, 43
2025/01/06 13:17:23.321, 5, 24576, 3610, 20648, 73, 43
2025/01/06 13:17:23.422, 5, 24576, 3610, 20648, 76, 47
2025/01/06 13:17:23.523, 5, 24576, 3610, 20648, 76, 47
2025/01/06 13:17:23.624, 5, 24576, 3610, 20648, 76, 46
2025/01/06 13:17:23.725, 5, 24576, 3610, 20648, 76, 46
2025/01/06 13:17:23.826, 5, 24576, 3610, 20648, 74, 46
2025/01/06 13:17:23.927, 5, 24576, 3610, 20648, 74, 46
2025/01/06 13:17:24.029, 5, 24576, 3610, 20648, 74, 46
2025/01/06 13:17:24.130, 5, 24576, 3610, 20648, 74, 46
2025/01/06 13:17:24.230, 5, 24576, 3610, 20648, 73, 45
2025/01/06 13:17:24.331, 5, 24576, 3610, 20648, 73, 45
2025/01/06 13:17:24.432, 5, 24576, 3610, 20648, 74, 44
2025/01/06 13:17:24.532, 5, 24576, 3610, 20648, 74, 44
2025/01/06 13:17:24.633, 5, 24576, 3610, 20648, 76, 46
2025/01/06 13:17:24.734, 5, 24576, 3610, 20648, 76, 46
2025/01/06 13:17:24.835, 5, 24576, 3610, 20648, 74, 46
2025/01/06 13:17:24.935, 5, 24576, 3610, 20648, 74, 46
2025/01/06 13:17:25.037, 5, 24576, 3610, 20648, 72, 45
2025/01/06 13:17:25.137, 5, 24576, 3610, 20648, 72, 45
2025/01/06 13:17:25.238, 5, 24576, 3610, 20648, 71, 43
2025/01/06 13:17:25.339, 5, 24576, 3610, 20648, 71, 43
2025/01/06 13:17:25.439, 5, 24576, 3610, 20648, 75, 45
2025/01/06 13:17:25.540, 5, 24576, 3610, 20648, 75, 45
2025/01/06 13:17:25.641, 5, 24576, 3610, 20648, 77, 47
2025/01/06 13:17:25.742, 5, 24576, 3610, 20648, 77, 47
2025/01/06 13:17:25.843, 5, 24576, 12, 24247, 29, 20
2025/01/06 13:17:25.956, 5, 24576, 12, 24247, 29, 20
2025/01/06 13:17:26.057, 5, 24576, 12, 24247, 42, 3
2025/01/06 13:17:26.158, 5, 24576, 12, 24247, 42, 3
2025/01/06 13:17:26.259, 5, 24576, 12, 24247, 0, 0
2025/01/06 13:17:26.360, 5, 24576, 12, 24247, 0, 0
2025/01/06 13:17:26.460, 5, 24576, 12, 24247, 0, 0
2025/01/06 13:17:26.561, 5, 24576, 12, 24247, 0, 0
2025/01/06 13:17:26.668, 5, 24576, 12, 24247, 0, 0
2025/01/06 13:17:26.769, 5, 24576, 12, 24247, 0, 0
2025/01/06 13:17:26.870, 5, 24576, 12, 24247, 0, 0
2025/01/06 13:17:26.970, 5, 24576, 12, 24247, 0, 0
2025/01/06 13:17:27.071, 5, 24576, 12, 24247, 0, 0
2025/01/06 13:17:27.172, 5, 24576, 12, 24247, 0, 0
2025/01/06 13:17:27.272, 5, 24576, 12, 24247, 0, 0
2025/01/06 13:17:27.373, 5, 24576, 12, 24247, 0, 0
2025/01/06 13:17:27.473, 5, 24576, 12, 24247, 0, 0
2025/01/06 13:17:27.574, 5, 24576, 12, 24247, 0, 0
2025/01/06 13:17:27.675, 5, 24576, 12, 24247, 0, 0
2025/01/06 13:17:27.775, 5, 24576, 12, 24247, 0, 0
2025/01/06 13:17:27.876, 5, 24576, 12, 24247, 0, 0
2025/01/06 13:17:27.977, 5, 24576, 12, 24247, 0, 0
2025/01/06 13:17:28.077, 5, 24576, 12, 24247, 0, 0
2025/01/06 13:17:28.178, 5, 24576, 12, 24247, 0, 0
2025/01/06 13:17:28.279, 5, 24576, 12, 24247, 0, 0
2025/01/06 13:17:28.379, 5, 24576, 12, 24247, 0, 0
2025/01/06 13:17:28.480, 5, 24576, 12, 24247, 0, 0
2025/01/06 13:17:28.581, 5, 24576, 12, 24247, 0, 0
2025/01/06 13:17:28.681, 5, 24576, 12, 24247, 0, 0
2025/01/06 13:17:28.782, 5, 24576, 12, 24247, 0, 0
2025/01/06 13:17:28.883, 5, 24576, 12, 242