timestamp, index, memory.total [MiB], memory.used [MiB], memory.free [MiB], utilization.gpu [%], utilization.memory [%]
2025/01/06 13:24:46.457, 5, 24576, 12, 24247, 0, 0
2025/01/06 13:24:46.557, 5, 24576, 12, 24247, 0, 0
2025/01/06 13:24:46.658, 5, 24576, 12, 24247, 0, 0
2025/01/06 13:24:46.759, 5, 24576, 12, 24247, 0, 0
2025/01/06 13:24:46.859, 5, 24576, 12, 24247, 0, 0
2025/01/06 13:24:46.960, 5, 24576, 12, 24247, 0, 0
2025/01/06 13:24:47.060, 5, 24576, 12, 24247, 0, 0
2025/01/06 13:24:47.161, 5, 24576, 12, 24247, 0, 0
2025/01/06 13:24:47.262, 5, 24576, 12, 24247, 0, 0
2025/01/06 13:24:47.362, 5, 24576, 12, 24247, 0, 0
2025/01/06 13:24:47.463, 5, 24576, 12, 24247, 0, 0
2025/01/06 13:24:47.570, 5, 24576, 14, 24244, 0, 0
2025/01/06 13:24:47.671, 5, 24576, 14, 24244, 0, 0
2025/01/06 13:24:47.772, 5, 24576, 14, 24244, 0, 0
2025/01/06 13:24:47.873, 5, 24576, 14, 24244, 0, 0
2025/01/06 13:24:47.973, 5, 24576, 14, 24244, 0, 0
2025/01/06 13:24:48.074, 5, 24576, 14, 24244, 0, 0
2025/01/06 13:24:48.175, 5, 24576, 24, 24234, 0, 0
2025/01/06 13:24:48.295, 5, 24576, 324, 23934, 1, 0
2025/01/06 13:24:48.396, 5, 24576, 348, 23910, 1, 0
2025/01/06 13:24:48.496, 5, 24576, 380, 23878, 8, 0
2025/01/06 13:24:48.597, 5, 24576, 412, 23846, 8, 0
2025/01/06 13:24:48.698, 5, 24576, 446, 23812, 4, 0
2025/01/06 13:24:48.799, 5, 24576, 492, 23766, 4, 0
2025/01/06 13:24:48.899, 5, 24576, 518, 23740, 4, 0
2025/01/06 13:24:49.000, 5, 24576, 572, 23686, 4, 0
2025/01/06 13:24:49.101, 5, 24576, 598, 23660, 4, 0
2025/01/06 13:24:49.201, 5, 24576, 638, 23620, 4, 0
2025/01/06 13:24:49.302, 5, 24576, 674, 23584, 5, 0
2025/01/06 13:24:49.403, 5, 24576, 742, 23516, 5, 0
2025/01/06 13:24:49.504, 5, 24576, 912, 23346, 6, 0
2025/01/06 13:24:49.605, 5, 24576, 946, 23312, 6, 0
2025/01/06 13:24:49.706, 5, 24576, 984, 23274, 7, 0
2025/01/06 13:24:49.806, 5, 24576, 1020, 23238, 7, 0
2025/01/06 13:24:49.907, 5, 24576, 1060, 23198, 4, 0
2025/01/06 13:24:50.008, 5, 24576, 1098, 23160, 4, 0
2025/01/06 13:24:50.109, 5, 24576, 1132, 23126, 4, 0
2025/01/06 13:24:50.209, 5, 24576, 1174, 23084, 4, 0
2025/01/06 13:24:50.310, 5, 24576, 1210, 23048, 4, 0
2025/01/06 13:24:50.411, 5, 24576, 1246, 23012, 4, 0
2025/01/06 13:24:50.511, 5, 24576, 1282, 22976, 4, 0
2025/01/06 13:24:50.612, 5, 24576, 1324, 22934, 4, 0
2025/01/06 13:24:50.713, 5, 24576, 1356, 22902, 4, 0
2025/01/06 13:24:50.814, 5, 24576, 1394, 22864, 4, 0
2025/01/06 13:24:50.914, 5, 24576, 1436, 22822, 4, 0
2025/01/06 13:24:51.015, 5, 24576, 1474, 22784, 4, 0
2025/01/06 13:24:51.116, 5, 24576, 1514, 22744, 5, 0
2025/01/06 13:24:51.217, 5, 24576, 1786, 22472, 5, 0
2025/01/06 13:24:51.318, 5, 24576, 5264, 18994, 7, 1
2025/01/06 13:24:51.418, 5, 24576, 5362, 18896, 7, 1
2025/01/06 13:24:51.519, 5, 24576, 5550, 18708, 21, 11
2025/01/06 13:24:51.620, 5, 24576, 5922, 18336, 21, 11
2025/01/06 13:24:51.721, 5, 24576, 6050, 18208, 86, 46
2025/01/06 13:24:51.821, 5, 24576, 6050, 18208, 86, 46
2025/01/06 13:24:51.922, 5, 24576, 6050, 18208, 84, 47
2025/01/06 13:24:52.023, 5, 24576, 6050, 18208, 92, 52
2025/01/06 13:24:52.127, 5, 24576, 6050, 18208, 92, 52
2025/01/06 13:24:52.227, 5, 24576, 6050, 18208, 85, 47
2025/01/06 13:24:52.330, 5, 24576, 6050, 18208, 85, 47
2025/01/06 13:24:52.430, 5, 24576, 6050, 18208, 91, 52
2025/01/06 13:24:52.532, 5, 24576, 6050, 18208, 91, 52
2025/01/06 13:24:52.632, 5, 24576, 6050, 18208, 84, 48
2025/01/06 13:24:52.733, 5, 24576, 6050, 18208, 84, 48
2025/01/06 13:24:52.834, 5, 24576, 6050, 18208, 91, 51
2025/01/06 13:24:52.934, 5, 24576, 6050, 18208, 91, 51
2025/01/06 13:24:53.035, 5, 24576, 6050, 18208, 85, 48
2025/01/06 13:24:53.136, 5, 24576, 6050, 18208, 85, 48
2025/01/06 13:24:53.236, 5, 24576, 6050, 18208, 89, 50
2025/01/06 13:24:53.337, 5, 24576, 6050, 18208, 89, 50
2025/01/06 13:24:53.438, 5, 24576, 6050, 18208, 88, 50
2025/01/06 13:24:53.538, 5, 24576, 6050, 18208, 88, 50
2025/01/06 13:24:53.639, 5, 24576, 6050, 18208, 85, 47
2025/01/06 13:24:53.740, 5, 24576, 6050, 18208, 85, 47
2025/01/06 13:24:53.840, 5, 24576, 6050, 18208, 90, 52
2025/01/06 13:24:53.941, 5, 24576, 6050, 18208, 90, 52
2025/01/06 13:24:54.042, 5, 24576, 6050, 18208, 85, 48
2025/01/06 13:24:54.143, 5, 24576, 6050, 18208, 85, 48
2025/01/06 13:24:54.244, 5, 24576, 6050, 18208, 91, 53
2025/01/06 13:24:54.345, 5, 24576, 6050, 18208, 91, 53
2025/01/06 13:24:54.446, 5, 24576, 6050, 18208, 84, 47
2025/01/06 13:24:54.548, 5, 24576, 6050, 18208, 84, 47
2025/01/06 13:24:54.648, 5, 24576, 6050, 18208, 89, 51
2025/01/06 13:24:54.749, 5, 24576, 6050, 18208, 89, 51
2025/01/06 13:24:54.850, 5, 24576, 6050, 18208, 85, 48
2025/01/06 13:24:54.950, 5, 24576, 6050, 18208, 85, 48
2025/01/06 13:24:55.051, 5, 24576, 6050, 18208, 91, 53
2025/01/06 13:24:55.152, 5, 24576, 6050, 18208, 91, 53
2025/01/06 13:24:55.253, 5, 24576, 6050, 18208, 85, 47
2025/01/06 13:24:55.353, 5, 24576, 6050, 18208, 85, 47
2025/01/06 13:24:55.454, 5, 24576, 6050, 18208, 91, 52
2025/01/06 13:24:55.555, 5, 24576, 6050, 18208, 91, 52
2025/01/06 13:24:55.656, 5, 24576, 6050, 18208, 84, 47
2025/01/06 13:24:55.756, 5, 24576, 6050, 18208, 84, 47
2025/01/06 13:24:55.857, 5, 24576, 6050, 18208, 92, 52
2025/01/06 13:24:55.958, 5, 24576, 6050, 18208, 92, 52
2025/01/06 13:24:56.059, 5, 24576, 6050, 18208, 84, 47
2025/01/06 13:24:56.160, 5, 24576, 6050, 18208, 84, 47
2025/01/06 13:24:56.261, 5, 24576, 6050, 18208, 90, 51
2025/01/06 13:24:56.362, 5, 24576, 6050, 18208, 90, 51
2025/01/06 13:24:56.463, 5, 24576, 6050, 18208, 86, 49
2025/01/06 13:24:56.564, 5, 24576, 6050, 18208, 86, 49
2025/01/06 13:24:56.665, 5, 24576, 6050, 18208, 87, 49
2025/01/06 13:24:56.766, 5, 24576, 6050, 18208, 87, 49
2025/01/06 13:24:56.867, 5, 24576, 6050, 18208, 87, 50
2025/01/06 13:24:56.968, 5, 24576, 6050, 18208, 87, 50
2025/01/06 13:24:57.068, 5, 24576, 6050, 18208, 86, 47
2025/01/06 13:24:57.169, 5, 24576, 6050, 18208, 86, 47
2025/01/06 13:24:57.270, 5, 24576, 6050, 18208, 90, 51
2025/01/06 13:24:57.370, 5, 24576, 6050, 18208, 90, 51
2025/01/06 13:24:57.471, 5, 24576, 6050, 18208, 85, 47
2025/01/06 13:24:57.572, 5, 24576, 6050, 18208, 85, 47
2025/01/06 13:24:57.672, 5, 24576, 6050, 18208, 90, 52
2025/01/06 13:24:57.773, 5, 24576, 6050, 18208, 90, 52
2025/01/06 13:24:57.874, 5, 24576, 6050, 18208, 85, 46
2025/01/06 13:24:57.974, 5, 24576, 6050, 18208, 85, 46
2025/01/06 13:24:58.075, 5, 24576, 6050, 18208, 91, 52
2025/01/06 13:24:58.176, 5, 24576, 6050, 18208, 91, 52
2025/01/06 13:24:58.276, 5, 24576, 6050, 18208, 85, 47
2025/01/06 13:24:58.377, 5, 24576, 6050, 18208, 85, 47
2025/01/06 13:24:58.478, 5, 24576, 6050, 18208, 91, 53
2025/01/06 13:24:58.578, 5, 24576, 6050, 18208, 91, 53
2025/01/06 13:24:58.679, 5, 24576, 6050, 18208, 85, 47
2025/01/06 13:24:58.780, 5, 24576, 6050, 18208, 85, 47
2025/01/06 13:24:58.881, 5, 24576, 6050, 18208, 91, 52
2025/01/06 13:24:58.982, 5, 24576, 6050, 18208, 91, 52
2025/01/06 13:24:59.083, 5, 24576, 6050, 18208, 83, 47
2025/01/06 13:24:59.183, 5, 24576, 6050, 18208, 83, 47
2025/01/06 13:24:59.284, 5, 24576, 6050, 18208, 92, 52
2025/01/06 13:24:59.385, 5, 24576, 6050, 18208, 92, 52
2025/01/06 13:24:59.486, 5, 24576, 6050, 18208, 84, 48
2025/01/06 13:24:59.587, 5, 24576, 6050, 18208, 84, 48
2025/01/06 13:24:59.687, 5, 24576, 6050, 18208, 92, 52
2025/01/06 13:24:59.788, 5, 24576, 6050, 18208, 92, 52
2025/01/06 13:24:59.889, 5, 24576, 6050, 18208, 86, 48
2025/01/06 13:24:59.990, 5, 24576, 6050, 18208, 86, 48
2025/01/06 13:25:00.090, 5, 24576, 6050, 18208, 88, 49
2025/01/06 13:25:00.191, 5, 24576, 6050, 18208, 88, 49
2025/01/06 13:25:00.292, 5, 24576, 6050, 18208, 89, 51
2025/01/06 13:25:00.392, 5, 24576, 6050, 18208, 89, 51
2025/01/06 13:25:00.493, 5, 24576, 6050, 18208, 85, 47
2025/01/06 13:25:00.594, 5, 24576, 6050, 18208, 85, 47
2025/01/06 13:25:00.695, 5, 24576, 6050, 18208, 92, 53
2025/01/06 13:25:00.795, 5, 24576, 6050, 18208, 92, 53
2025/01/06 13:25:00.896, 5, 24576, 6050, 18208, 86, 47
2025/01/06 13:25:00.997, 5, 24576, 6050, 18208, 86, 47
2025/01/06 13:25:01.097, 5, 24576, 6050, 18208, 92, 53
2025/01/06 13:25:01.198, 5, 24576, 6050, 18208, 92, 53
2025/01/06 13:25:01.299, 5, 24576, 6050, 18208, 85, 48
2025/01/06 13:25:01.400, 5, 24576, 6050, 18208, 85, 48
2025/01/06 13:25:01.501, 5, 24576, 6050, 18208, 92, 53
2025/01/06 13:25:01.602, 5, 24576, 6050, 18208, 92, 53
2025/01/06 13:25:01.704, 5, 24576, 6050, 18208, 85, 47
2025/01/06 13:25:01.805, 5, 24576, 6050, 18208, 85, 47
2025/01/06 13:25:01.906, 5, 24576, 6050, 18208, 92, 52
2025/01/06 13:25:02.007, 5, 24576, 6050, 18208, 92, 52
2025/01/06 13:25:02.107, 5, 24576, 6050, 18208, 84, 47
2025/01/06 13:25:02.208, 5, 24576, 6050, 18208, 84, 47
2025/01/06 13:25:02.309, 5, 24576, 6050, 18208, 91, 51
2025/01/06 13:25:02.410, 5, 24576, 6050, 18208, 91, 51
2025/01/06 13:25:02.510, 5, 24576, 6050, 18208, 86, 48
2025/01/06 13:25:02.611, 5, 24576, 6050, 18208, 86, 48
2025/01/06 13:25:02.712, 5, 24576, 6050, 18208, 88, 49
2025/01/06 13:25:02.813, 5, 24576, 6050, 18208, 88, 49
2025/01/06 13:25:02.914, 5, 24576, 6050, 18208, 89, 51
2025/01/06 13:25:03.014, 5, 24576, 6050, 18208, 89, 51
2025/01/06 13:25:03.115, 5, 24576, 6050, 18208, 85, 47
2025/01/06 13:25:03.216, 5, 24576, 6050, 18208, 85, 47
2025/01/06 13:25:03.317, 5, 24576, 6050, 18208, 90, 52
2025/01/06 13:25:03.418, 5, 24576, 6050, 18208, 90, 52
2025/01/06 13:25:03.519, 5, 24576, 6050, 18208, 86, 47
2025/01/06 13:25:03.620, 5, 24576, 6050, 18208, 92, 53
2025/01/06 13:25:03.723, 5, 24576, 6050, 18208, 92, 53
2025/01/06 13:25:03.824, 5, 24576, 6050, 18208, 85, 47
2025/01/06 13:25:03.927, 5, 24576, 6050, 18208, 85, 47
2025/01/06 13:25:04.028, 5, 24576, 6050, 18208, 92, 53
2025/01/06 13:25:04.128, 5, 24576, 6050, 18208, 92, 53
2025/01/06 13:25:04.229, 5, 24576, 6050, 18208, 85, 47
2025/01/06 13:25:04.330, 5, 24576, 6050, 18208, 85, 47
2025/01/06 13:25:04.430, 5, 24576, 6050, 18208, 92, 52
2025/01/06 13:25:04.531, 5, 24576, 6050, 18208, 92, 52
2025/01/06 13:25:04.632, 5, 24576, 6050, 18208, 85, 47
2025/01/06 13:25:04.732, 5, 24576, 6050, 18208, 85, 47
2025/01/06 13:25:04.833, 5, 24576, 6050, 18208, 92, 52
2025/01/06 13:25:04.934, 5, 24576, 6050, 18208, 92, 52
2025/01/06 13:25:05.034, 5, 24576, 6050, 18208, 84, 47
2025/01/06 13:25:05.135, 5, 24576, 6050, 18208, 84, 47
2025/01/06 13:25:05.236, 5, 24576, 6050, 18208, 92, 52
2025/01/06 13:25:05.336, 5, 24576, 6050, 18208, 92, 52
2025/01/06 13:25:05.437, 5, 24576, 6050, 18208, 85, 48
2025/01/06 13:25:05.538, 5, 24576, 6050, 18208, 85, 48
2025/01/06 13:25:05.639, 5, 24576, 6050, 18208, 89, 50
2025/01/06 13:25:05.740, 5, 24576, 6050, 18208, 89, 50
2025/01/06 13:25:05.840, 5, 24576, 6050, 18208, 87, 50
2025/01/06 13:25:05.941, 5, 24576, 6050, 18208, 87, 50
2025/01/06 13:25:06.042, 5, 24576, 6050, 18208, 86, 47
2025/01/06 13:25:06.143, 5, 24576, 6050, 18208, 86, 47
2025/01/06 13:25:06.244, 5, 24576, 6050, 18208, 89, 51
2025/01/06 13:25:06.345, 5, 24576, 6050, 18208, 89, 51
2025/01/06 13:25:06.445, 5, 24576, 6050, 18208, 85, 47
2025/01/06 13:25:06.546, 5, 24576, 6050, 18208, 85, 47
2025/01/06 13:25:06.647, 5, 24576, 6050, 18208, 91, 52
2025/01/06 13:25:06.748, 5, 24576, 6050, 18208, 91, 52
2025/01/06 13:25:06.848, 5, 24576, 6050, 18208, 85, 47
2025/01/06 13:25:06.949, 5, 24576, 6050, 18208, 85, 47
2025/01/06 13:25:07.050, 5, 24576, 6050, 18208, 92, 53
2025/01/06 13:25:07.151, 5, 24576, 6050, 18208, 92, 53
2025/01/06 13:25:07.251, 5, 24576, 6050, 18208, 85, 47
2025/01/06 13:25:07.352, 5, 24576, 6050, 18208, 85, 47
2025/01/06 13:25:07.453, 5, 24576, 6050, 18208, 91, 52
2025/01/06 13:25:07.554, 5, 24576, 6050, 18208, 91, 52
2025/01/06 13:25:07.654, 5, 24576, 6050, 18208, 85, 47
2025/01/06 13:25:07.755, 5, 24576, 6050, 18208, 85, 47
2025/01/06 13:25:07.856, 5, 24576, 6050, 18208, 91, 52
2025/01/06 13:25:07.956, 5, 24576, 6050, 18208, 91, 52
2025/01/06 13:25:08.057, 5, 24576, 6050, 18208, 85, 47
2025/01/06 13:25:08.158, 5, 24576, 6050, 18208, 85, 47
2025/01/06 13:25:08.259, 5, 24576, 6050, 18208, 92, 51
2025/01/06 13:25:08.360, 5, 24576, 6050, 18208, 92, 51
2025/01/06 13:25:08.461, 5, 24576, 6050, 18208, 85, 48
2025/01/06 13:25:08.562, 5, 24576, 6050, 18208, 85, 48
2025/01/06 13:25:08.663, 5, 24576, 6050, 18208, 92, 52
2025/01/06 13:25:08.764, 5, 24576, 6050, 18208, 92, 52
2025/01/06 13:25:08.864, 5, 24576, 6050, 18208, 85, 47
2025/01/06 13:25:08.965, 5, 24576, 6050, 18208, 85, 47
2025/01/06 13:25:09.066, 5, 24576, 6050, 18208, 90, 50
2025/01/06 13:25:09.166, 5, 24576, 6050, 18208, 90, 50
2025/01/06 13:25:09.267, 5, 24576, 6050, 18208, 87, 50
2025/01/06 13:25:09.368, 5, 24576, 6050, 18208, 87, 50
2025/01/06 13:25:09.468, 5, 24576, 6050, 18208, 87, 48
2025/01/06 13:25:09.569, 5, 24576, 6050, 18208, 87, 48
2025/01/06 13:25:09.670, 5, 24576, 6050, 18208, 91, 52
2025/01/06 13:25:09.770, 5, 24576, 6050, 18208, 91, 52
2025/01/06 13:25:09.871, 5, 24576, 6050, 18208, 86, 47
2025/01/06 13:25:09.972, 5, 24576, 6050, 18208, 86, 47
2025/01/06 13:25:10.072, 5, 24576, 6050, 18208, 92, 53
2025/01/06 13:25:10.173, 5, 24576, 6050, 18208, 92, 53
2025/01/06 13:25:10.274, 5, 24576, 6050, 18208, 86, 47
2025/01/06 13:25:10.375, 5, 24576, 6050, 18208, 86, 47
2025/01/06 13:25:10.475, 5, 24576, 6050, 18208, 92, 53
2025/01/06 13:25:10.576, 5, 24576, 6050, 18208, 92, 53
2025/01/06 13:25:10.677, 5, 24576, 6050, 18208, 85, 48
2025/01/06 13:25:10.778, 5, 24576, 6050, 18208, 85, 48
2025/01/06 13:25:10.879, 5, 24576, 6050, 18208, 92, 52
2025/01/06 13:25:10.980, 5, 24576, 6050, 18208, 92, 52
2025/01/06 13:25:11.081, 5, 24576, 6050, 18208, 85, 47
2025/01/06 13:25:11.182, 5, 24576, 6050, 18208, 85, 47
2025/01/06 13:25:11.283, 5, 24576, 6050, 18208, 92, 52
2025/01/06 13:25:11.383, 5, 24576, 6050, 18208, 92, 52
2025/01/06 13:25:11.484, 5, 24576, 6050, 18208, 85, 47
2025/01/06 13:25:11.585, 5, 24576, 6050, 18208, 85, 47
2025/01/06 13:25:11.685, 5, 24576, 6050, 18208, 91, 51
2025/01/06 13:25:11.786, 5, 24576, 6050, 18208, 91, 51
2025/01/06 13:25:11.887, 5, 24576, 6050, 18208, 87, 49
2025/01/06 13:25:11.987, 5, 24576, 6050, 18208, 87, 49
2025/01/06 13:25:12.088, 5, 24576, 6050, 18208, 88, 49
2025/01/06 13:25:12.189, 5, 24576, 6050, 18208, 88, 49
2025/01/06 13:25:12.289, 5, 24576, 6050, 18208, 90, 51
2025/01/06 13:25:12.390, 5, 24576, 6050, 18208, 90, 51
2025/01/06 13:25:12.491, 5, 24576, 6050, 18208, 85, 47
2025/01/06 13:25:12.592, 5, 24576, 6050, 18208, 85, 47
2025/01/06 13:25:12.692, 5, 24576, 6050, 18208, 91, 52
2025/01/06 13:25:12.793, 5, 24576, 6050, 18208, 91, 52
2025/01/06 13:25:12.893, 5, 24576, 6050, 18208, 86, 47
2025/01/06 13:25:12.994, 5, 24576, 6050, 18208, 86, 47
2025/01/06 13:25:13.095, 5, 24576, 6050, 18208, 91, 53
2025/01/06 13:25:13.196, 5, 24576, 6050, 18208, 91, 53
2025/01/06 13:25:13.297, 5, 24576, 6050, 18208, 85, 47
2025/01/06 13:25:13.397, 5, 24576, 6050, 18208, 85, 47
2025/01/06 13:25:13.498, 5, 24576, 6050, 18208, 92, 52
2025/01/06 13:25:13.599, 5, 24576, 6050, 18208, 92, 52
2025/01/06 13:25:13.700, 5, 24576, 6050, 18208, 85, 47
2025/01/06 13:25:13.801, 5, 24576, 6050, 18208, 85, 47
2025/01/06 13:25:13.902, 5, 24576, 6050, 18208, 92, 52
2025/01/06 13:25:14.002, 5, 24576, 6050, 18208, 92, 52
2025/01/06 13:25:14.103, 5, 24576, 6050, 18208, 85, 47
2025/01/06 13:25:14.204, 5, 24576, 6050, 18208, 85, 47
2025/01/06 13:25:14.305, 5, 24576, 6050, 18208, 91, 51
2025/01/06 13:25:14.405, 5, 24576, 6050, 18208, 91, 51
2025/01/06 13:25:14.506, 5, 24576, 6050, 18208, 85, 47
2025/01/06 13:25:14.607, 5, 24576, 6050, 18208, 85, 47
2025/01/06 13:25:14.707, 5, 24576, 6050, 18208, 92, 52
2025/01/06 13:25:14.808, 5, 24576, 6050, 18208, 92, 52
2025/01/06 13:25:14.909, 5, 24576, 6050, 18208, 85, 47
2025/01/06 13:25:15.009, 5, 24576, 6050, 18208, 85, 47
2025/01/06 13:25:15.110, 5, 24576, 6050, 18208, 90, 51
2025/01/06 13:25:15.211, 5, 24576, 6050, 18208, 90, 51
2025/01/06 13:25:15.311, 5, 24576, 6050, 18208, 87, 50
2025/01/06 13:25:15.412, 5, 24576, 6050, 18208, 87, 50
2025/01/06 13:25:15.513, 5, 24576, 6050, 18208, 87, 48
2025/01/06 13:25:15.614, 5, 24576, 6050, 18208, 87, 48
2025/01/06 13:25:15.715, 5, 24576, 6050, 18208, 87, 50
2025/01/06 13:25:15.816, 5, 24576, 6050, 18208, 86, 47
2025/01/06 13:25:15.919, 5, 24576, 6050, 18208, 86, 47
2025/01/06 13:25:16.020, 5, 24576, 6050, 18208, 91, 51
2025/01/06 13:25:16.121, 5, 24576, 6050, 18208, 91, 51
2025/01/06 13:25:16.222, 5, 24576, 6050, 18208, 84, 47
2025/01/06 13:25:16.323, 5, 24576, 6050, 18208, 84, 47
2025/01/06 13:25:16.423, 5, 24576, 6050, 18208, 90, 52
2025/01/06 13:25:16.524, 5, 24576, 6050, 18208, 90, 52
2025/01/06 13:25:16.625, 5, 24576, 6050, 18208, 84, 46
2025/01/06 13:25:16.725, 5, 24576, 6050, 18208, 84, 46
2025/01/06 13:25:16.826, 5, 24576, 6050, 18208, 91, 53
2025/01/06 13:25:16.927, 5, 24576, 6050, 18208, 91, 53
2025/01/06 13:25:17.027, 5, 24576, 6050, 18208, 84, 46
2025/01/06 13:25:17.128, 5, 24576, 6050, 18208, 84, 46
2025/01/06 13:25:17.228, 5, 24576, 6050, 18208, 91, 52
2025/01/06 13:25:17.329, 5, 24576, 6050, 18208, 91, 52
2025/01/06 13:25:17.430, 5, 24576, 6050, 18208, 84, 46
2025/01/06 13:25:17.530, 5, 24576, 6050, 18208, 84, 46
2025/01/06 13:25:17.631, 5, 24576, 6050, 18208, 91, 52
2025/01/06 13:25:17.732, 5, 24576, 6050, 18208, 91, 52
2025/01/06 13:25:17.833, 5, 24576, 6050, 18208, 85, 47
2025/01/06 13:25:17.933, 5, 24576, 6050, 18208, 85, 47
2025/01/06 13:25:18.034, 5, 24576, 6050, 18208, 92, 53
2025/01/06 13:25:18.135, 5, 24576, 6050, 18208, 92, 53
2025/01/06 13:25:18.236, 5, 24576, 6050, 18208, 85, 47
2025/01/06 13:25:18.337, 5, 24576, 6050, 18208, 85, 47
2025/01/06 13:25:18.438, 5, 24576, 6050, 18208, 91, 52
2025/01/06 13:25:18.539, 5, 24576, 6050, 18208, 91, 52
2025/01/06 13:25:18.639, 5, 24576, 6050, 18208, 84, 47
2025/01/06 13:25:18.740, 5, 24576, 6050, 18208, 84, 47
2025/01/06 13:25:18.841, 5, 24576, 6050, 18208, 92, 52
2025/01/06 13:25:18.942, 5, 24576, 6050, 18208, 92, 52
2025/01/06 13:25:19.042, 5, 24576, 6050, 18208, 84, 47
2025/01/06 13:25:19.143, 5, 24576, 6050, 18208, 84, 47
2025/01/06 13:25:19.244, 5, 24576, 6050, 18208, 92, 52
2025/01/06 13:25:19.344, 5, 24576, 6050, 18208, 92, 52
2025/01/06 13:25:19.445, 5, 24576, 6050, 18208, 85, 47
2025/01/06 13:25:19.546, 5, 24576, 6050, 18208, 85, 47
2025/01/06 13:25:19.647, 5, 24576, 6050, 18208, 88, 50
2025/01/06 13:25:19.747, 5, 24576, 6050, 18208, 88, 50
2025/01/06 13:25:19.848, 5, 24576, 6050, 18208, 84, 46
2025/01/06 13:25:19.949, 5, 24576, 6050, 18208, 84, 46
2025/01/06 13:25:20.050, 5, 24576, 6050, 18208, 91, 51
2025/01/06 13:25:20.150, 5, 24576, 6050, 18208, 91, 51
2025/01/06 13:25:20.251, 5, 24576, 6050, 18208, 86, 48
2025/01/06 13:25:20.352, 5, 24576, 6050, 18208, 86, 48
2025/01/06 13:25:20.452, 5, 24576, 6050, 18208, 88, 49
2025/01/06 13:25:20.553, 5, 24576, 6050, 18208, 88, 49
2025/01/06 13:25:20.654, 5, 24576, 6050, 18208, 88, 50
2025/01/06 13:25:20.756, 5, 24576, 6050, 18208, 88, 50
2025/01/06 13:25:20.857, 5, 24576, 6050, 18208, 85, 47
2025/01/06 13:25:20.958, 5, 24576, 6050, 18208, 85, 47
2025/01/06 13:25:21.059, 5, 24576, 6050, 18208, 90, 51
2025/01/06 13:25:21.159, 5, 24576, 6050, 18208, 90, 51
2025/01/06 13:25:21.260, 5, 24576, 6050, 18208, 85, 47
2025/01/06 13:25:21.361, 5, 24576, 6050, 18208, 85, 47
2025/01/06 13:25:21.461, 5, 24576, 6050, 18208, 91, 53
2025/01/06 13:25:21.562, 5, 24576, 6050, 18208, 91, 53
2025/01/06 13:25:21.663, 5, 24576, 6050, 18208, 85, 46
2025/01/06 13:25:21.763, 5, 24576, 6050, 18208, 85, 46
2025/01/06 13:25:21.864, 5, 24576, 6050, 18208, 91, 52
2025/01/06 13:25:21.965, 5, 24576, 6050, 18208, 91, 52
2025/01/06 13:25:22.066, 5, 24576, 6050, 18208, 85, 47
2025/01/06 13:25:22.166, 5, 24576, 6050, 18208, 85, 47
2025/01/06 13:25:22.267, 5, 24576, 6050, 18208, 92, 52
2025/01/06 13:25:22.368, 5, 24576, 6050, 18208, 92, 52
2025/01/06 13:25:22.468, 5, 24576, 6050, 18208, 85, 47
2025/01/06 13:25:22.569, 5, 24576, 6050, 18208, 85, 47
2025/01/06 13:25:22.670, 5, 24576, 6050, 18208, 91, 52
2025/01/06 13:25:22.770, 5, 24576, 6050, 18208, 91, 52
2025/01/06 13:25:22.871, 5, 24576, 6050, 18208, 84, 46
2025/01/06 13:25:22.972, 5, 24576, 6050, 18208, 84, 46
2025/01/06 13:25:23.073, 5, 24576, 6050, 18208, 91, 51
2025/01/06 13:25:23.174, 5, 24576, 6050, 18208, 91, 51
2025/01/06 13:25:23.275, 5, 24576, 6050, 18208, 83, 46
2025/01/06 13:25:23.376, 5, 24576, 6050, 18208, 83, 46
2025/01/06 13:25:23.477, 5, 24576, 6050, 18208, 91, 51
2025/01/06 13:25:23.578, 5, 24576, 6050, 18208, 91, 51
2025/01/06 13:25:23.678, 5, 24576, 6050, 18208, 85, 47
2025/01/06 13:25:23.779, 5, 24576, 6050, 18208, 85, 47
2025/01/06 13:25:23.880, 5, 24576, 6050, 18208, 91, 51
2025/01/06 13:25:23.980, 5, 24576, 6050, 18208, 91, 51
2025/01/06 13:25:24.081, 5, 24576, 6050, 18208, 85, 47
2025/01/06 13:25:24.182, 5, 24576, 6050, 18208, 85, 47
2025/01/06 13:25:24.283, 5, 24576, 6050, 18208, 93, 52
2025/01/06 13:25:24.383, 5, 24576, 6050, 18208, 93, 52
2025/01/06 13:25:24.484, 5, 24576, 6050, 18208, 84, 47
2025/01/06 13:25:24.585, 5, 24576, 6050, 18208, 84, 47
2025/01/06 13:25:24.685, 5, 24576, 6050, 18208, 91, 51
2025/01/06 13:25:24.786, 5, 24576, 6050, 18208, 91, 51
2025/01/06 13:25:24.887, 5, 24576, 6050, 18208, 86, 48
2025/01/06 13:25:24.987, 5, 24576, 6050, 18208, 86, 48
2025/01/06 13:25:25.088, 5, 24576, 6050, 18208, 89, 49
2025/01/06 13:25:25.189, 5, 24576, 6050, 18208, 89, 49
2025/01/06 13:25:25.290, 5, 24576, 6050, 18208, 89, 50
2025/01/06 13:25:25.390, 5, 24576, 6050, 18208, 89, 50
2025/01/06 13:25:25.491, 5, 24576, 6050, 18208, 85, 47
2025/01/06 13:25:25.592, 5, 24576, 6050, 18208, 85, 47
2025/01/06 13:25:25.693, 5, 24576, 6050, 18208, 91, 52
2025/01/06 13:25:25.794, 5, 24576, 6050, 18208, 91, 52
2025/01/06 13:25:25.895, 5, 24576, 6050, 18208, 86, 47
2025/01/06 13:25:25.996, 5, 24576, 6050, 18208, 86, 47
2025/01/06 13:25:26.097, 5, 24576, 6050, 18208, 92, 53
2025/01/06 13:25:26.198, 5, 24576, 6050, 18208, 92, 53
2025/01/06 13:25:26.298, 5, 24576, 6050, 18208, 86, 47
2025/01/06 13:25:26.399, 5, 24576, 6050, 18208, 86, 47
2025/01/06 13:25:26.500, 5, 24576, 6050, 18208, 92, 52
2025/01/06 13:25:26.600, 5, 24576, 6050, 18208, 92, 52
2025/01/06 13:25:26.701, 5, 24576, 6050, 18208, 86, 48
2025/01/06 13:25:26.802, 5, 24576, 6050, 18208, 86, 48
2025/01/06 13:25:26.903, 5, 24576, 6050, 18208, 92, 52
2025/01/06 13:25:27.004, 5, 24576, 6050, 18208, 92, 52
2025/01/06 13:25:27.104, 5, 24576, 6050, 18208, 85, 47
2025/01/06 13:25:27.205, 5, 24576, 6050, 18208, 85, 47
2025/01/06 13:25:27.306, 5, 24576, 6050, 18208, 92, 51
2025/01/06 13:25:27.407, 5, 24576, 6050, 18208, 92, 51
2025/01/06 13:25:27.507, 5, 24576, 6050, 18208, 84, 47
2025/01/06 13:25:27.608, 5, 24576, 6050, 18208, 84, 47
2025/01/06 13:25:27.709, 5, 24576, 6050, 18208, 92, 52
2025/01/06 13:25:27.810, 5, 24576, 6050, 18208, 92, 52
2025/01/06 13:25:27.911, 5, 24576, 6050, 18208, 84, 47
2025/01/06 13:25:28.012, 5, 24576, 6050, 18208, 90, 51
2025/01/06 13:25:28.115, 5, 24576, 6050, 18208, 90, 51
2025/01/06 13:25:28.216, 5, 24576, 6050, 18208, 86, 48
2025/01/06 13:25:28.317, 5, 24576, 6050, 18208, 86, 48
2025/01/06 13:25:28.418, 5, 24576, 6050, 18208, 89, 49
2025/01/06 13:25:28.519, 5, 24576, 6050, 18208, 89, 49
2025/01/06 13:25:28.619, 5, 24576, 6050, 18208, 89, 50
2025/01/06 13:25:28.720, 5, 24576, 6050, 18208, 89, 50
2025/01/06 13:25:28.821, 5, 24576, 6050, 18208, 85, 47
2025/01/06 13:25:28.922, 5, 24576, 6050, 18208, 85, 47
2025/01/06 13:25:29.022, 5, 24576, 6050, 18208, 92, 52
2025/01/06 13:25:29.123, 5, 24576, 6050, 18208, 92, 52
2025/01/06 13:25:29.224, 5, 24576, 6050, 18208, 84, 46
2025/01/06 13:25:29.324, 5, 24576, 6050, 18208, 84, 46
2025/01/06 13:25:29.425, 5, 24576, 6050, 18208, 92, 53
2025/01/06 13:25:29.526, 5, 24576, 6050, 18208, 92, 53
2025/01/06 13:25:29.627, 5, 24576, 6050, 18208, 85, 46
2025/01/06 13:25:29.727, 5, 24576, 6050, 18208, 85, 46
2025/01/06 13:25:29.828, 5, 24576, 6050, 18208, 91, 52
2025/01/06 13:25:29.929, 5, 24576, 6050, 18208, 91, 52
2025/01/06 13:25:30.029, 5, 24576, 6050, 18208, 86, 47
2025/01/06 13:25:30.131, 5, 24576, 6050, 18208, 86, 47
2025/01/06 13:25:30.232, 5, 24576, 6050, 18208, 91, 52
2025/01/06 13:25:30.332, 5, 24576, 6050, 18208, 91, 52
2025/01/06 13:25:30.433, 5, 24576, 6050, 18208, 85, 47
2025/01/06 13:25:30.534, 5, 24576, 6050, 18208, 85, 47
2025/01/06 13:25:30.635, 5, 24576, 6050, 18208, 91, 51
2025/01/06 13:25:30.736, 5, 24576, 6050, 18208, 91, 51
2025/01/06 13:25:30.837, 5, 24576, 6050, 18208, 85, 47
2025/01/06 13:25:30.938, 5, 24576, 6050, 18208, 85, 47
2025/01/06 13:25:31.038, 5, 24576, 6050, 18208, 91, 51
2025/01/06 13:25:31.139, 5, 24576, 6050, 18208, 91, 51
2025/01/06 13:25:31.240, 5, 24576, 6050, 18208, 84, 47
2025/01/06 13:25:31.341, 5, 24576, 6050, 18208, 84, 47
2025/01/06 13:25:31.442, 5, 24576, 6050, 18208, 92, 52
2025/01/06 13:25:31.543, 5, 24576, 6050, 18208, 92, 52
2025/01/06 13:25:31.643, 5, 24576, 6050, 18208, 85, 47
2025/01/06 13:25:31.744, 5, 24576, 6050, 18208, 85, 47
2025/01/06 13:25:31.845, 5, 24576, 6050, 18208, 91, 51
2025/01/06 13:25:31.945, 5, 24576, 6050, 18208, 91, 51
2025/01/06 13:25:32.046, 5, 24576, 6050, 18208, 86, 48
2025/01/06 13:25:32.147, 5, 24576, 6050, 18208, 86, 48
2025/01/06 13:25:32.248, 5, 24576, 6050, 18208, 89, 49
2025/01/06 13:25:32.348, 5, 24576, 6050, 18208, 89, 49
2025/01/06 13:25:32.449, 5, 24576, 6050, 18208, 88, 50
2025/01/06 13:25:32.550, 5, 24576, 6050, 18208, 88, 50
2025/01/06 13:25:32.651, 5, 24576, 6050, 18208, 86, 47
2025/01/06 13:25:32.752, 5, 24576, 6050, 18208, 86, 47
2025/01/06 13:25:32.853, 5, 24576, 6050, 18208, 91, 52
2025/01/06 13:25:32.954, 5, 24576, 6050, 18208, 91, 52
2025/01/06 13:25:33.055, 5, 24576, 6050, 18208, 86, 47
2025/01/06 13:25:33.156, 5, 24576, 6050, 18208, 86, 47
2025/01/06 13:25:33.256, 5, 24576, 6050, 18208, 92, 53
2025/01/06 13:25:33.357, 5, 24576, 6050, 18208, 92, 53
2025/01/06 13:25:33.458, 5, 24576, 6050, 18208, 85, 46
2025/01/06 13:25:33.559, 5, 24576, 6050, 18208, 85, 46
2025/01/06 13:25:33.659, 5, 24576, 6050, 18208, 92, 52
2025/01/06 13:25:33.760, 5, 24576, 6050, 18208, 92, 52
2025/01/06 13:25:33.861, 5, 24576, 6050, 18208, 86, 47
2025/01/06 13:25:33.962, 5, 24576, 6050, 18208, 86, 47
2025/01/06 13:25:34.062, 5, 24576, 6050, 18208, 92, 53
2025/01/06 13:25:34.163, 5, 24576, 6050, 18208, 92, 53
2025/01/06 13:25:34.264, 5, 24576, 6050, 18208, 85, 47
2025/01/06 13:25:34.365, 5, 24576, 6050, 18208, 85, 47
2025/01/06 13:25:34.466, 5, 24576, 6050, 18208, 92, 51
2025/01/06 13:25:34.566, 5, 24576, 6050, 18208, 92, 51
2025/01/06 13:25:34.667, 5, 24576, 6050, 18208, 85, 48
2025/01/06 13:25:34.768, 5, 24576, 6050, 18208, 85, 48
2025/01/06 13:25:34.869, 5, 24576, 6050, 18208, 93, 52
2025/01/06 13:25:34.970, 5, 24576, 6050, 18208, 93, 52
2025/01/06 13:25:35.071, 5, 24576, 6050, 18208, 85, 47
2025/01/06 13:25:35.172, 5, 24576, 6050, 18208, 85, 47
2025/01/06 13:25:35.272, 5, 24576, 6050, 18208, 90, 51
2025/01/06 13:25:35.373, 5, 24576, 6050, 18208, 90, 51
2025/01/06 13:25:35.475, 5, 24576, 6050, 18208, 87, 50
2025/01/06 13:25:35.575, 5, 24576, 6050, 18208, 87, 50
2025/01/06 13:25:35.676, 5, 24576, 6050, 18208, 88, 48
2025/01/06 13:25:35.777, 5, 24576, 6050, 18208, 88, 48
2025/01/06 13:25:35.878, 5, 24576, 6050, 18208, 88, 50
2025/01/06 13:25:35.978, 5, 24576, 6050, 18208, 88, 50
2025/01/06 13:25:36.079, 5, 24576, 6050, 18208, 85, 47
2025/01/06 13:25:36.180, 5, 24576, 6050, 18208, 85, 47
2025/01/06 13:25:36.281, 5, 24576, 6050, 18208, 90, 51
2025/01/06 13:25:36.381, 5, 24576, 6050, 18208, 90, 51
2025/01/06 13:25:36.482, 5, 24576, 6050, 18208, 85, 47
2025/01/06 13:25:36.583, 5, 24576, 6050, 18208, 85, 47
2025/01/06 13:25:36.684, 5, 24576, 6050, 18208, 92, 53
2025/01/06 13:25:36.784, 5, 24576, 6050, 18208, 92, 53
2025/01/06 13:25:36.885, 5, 24576, 6050, 18208, 86, 47
2025/01/06 13:25:36.986, 5, 24576, 6050, 18208, 86, 47
2025/01/06 13:25:37.086, 5, 24576, 6050, 18208, 92, 53
2025/01/06 13:25:37.187, 5, 24576, 6050, 18208, 92, 53
2025/01/06 13:25:37.288, 5, 24576, 6050, 18208, 86, 47
2025/01/06 13:25:37.389, 5, 24576, 6050, 18208, 86, 47
2025/01/06 13:25:37.490, 5, 24576, 6050, 18208, 92, 53
2025/01/06 13:25:37.591, 5, 24576, 6050, 18208, 92, 53
2025/01/06 13:25:37.692, 5, 24576, 6050, 18208, 86, 47
2025/01/06 13:25:37.793, 5, 24576, 6050, 18208, 86, 47
2025/01/06 13:25:37.894, 5, 24576, 6050, 18208, 92, 52
2025/01/06 13:25:37.995, 5, 24576, 6050, 18208, 92, 52
2025/01/06 13:25:38.096, 5, 24576, 6050, 18208, 85, 47
2025/01/06 13:25:38.196, 5, 24576, 6050, 18208, 85, 47
2025/01/06 13:25:38.297, 5, 24576, 6050, 18208, 92, 52
2025/01/06 13:25:38.398, 5, 24576, 6050, 18208, 92, 52
2025/01/06 13:25:38.498, 5, 24576, 6050, 18208, 84, 47
2025/01/06 13:25:38.599, 5, 24576, 6050, 18208, 84, 47
2025/01/06 13:25:38.700, 5, 24576, 6050, 18208, 91, 51
2025/01/06 13:25:38.801, 5, 24576, 6050, 18208, 91, 51
2025/01/06 13:25:38.902, 5, 24576, 6050, 18208, 87, 49
2025/01/06 13:25:39.002, 5, 24576, 6050, 18208, 87, 49
2025/01/06 13:25:39.103, 5, 24576, 6050, 18208, 88, 49
2025/01/06 13:25:39.204, 5, 24576, 6050, 18208, 88, 49
2025/01/06 13:25:39.304, 5, 24576, 6050, 18208, 90, 51
2025/01/06 13:25:39.405, 5, 24576, 6050, 18208, 90, 51
2025/01/06 13:25:39.507, 5, 24576, 6050, 18208, 86, 47
2025/01/06 13:25:39.608, 5, 24576, 6050, 18208, 91, 52
2025/01/06 13:25:39.712, 5, 24576, 6050, 18208, 91, 52
2025/01/06 13:25:39.812, 5, 24576, 6050, 18208, 86, 47
2025/01/06 13:25:39.913, 5, 24576, 6050, 18208, 86, 47
2025/01/06 13:25:40.014, 5, 24576, 6050, 18208, 92, 52
2025/01/06 13:25:40.115, 5, 24576, 6050, 18208, 92, 52
2025/01/06 13:25:40.216, 5, 24576, 6050, 18208, 85, 47
2025/01/06 13:25:40.316, 5, 24576, 6050, 18208, 85, 47
2025/01/06 13:25:40.417, 5, 24576, 6050, 18208, 92, 52
2025/01/06 13:25:40.518, 5, 24576, 6050, 18208, 92, 52
2025/01/06 13:25:40.618, 5, 24576, 6050, 18208, 85, 48
2025/01/06 13:25:40.719, 5, 24576, 6050, 18208, 85, 48
2025/01/06 13:25:40.820, 5, 24576, 6050, 18208, 92, 52
2025/01/06 13:25:40.920, 5, 24576, 6050, 18208, 92, 52
2025/01/06 13:25:41.021, 5, 24576, 6050, 18208, 86, 48
2025/01/06 13:25:41.122, 5, 24576, 6050, 18208, 86, 48
2025/01/06 13:25:41.223, 5, 24576, 6050, 18208, 92, 51
2025/01/06 13:25:41.323, 5, 24576, 6050, 18208, 92, 51
2025/01/06 13:25:41.424, 5, 24576, 6050, 18208, 85, 48
2025/01/06 13:25:41.525, 5, 24576, 6050, 18208, 85, 48
2025/01/06 13:25:41.625, 5, 24576, 6050, 18208, 92, 52
2025/01/06 13:25:41.726, 5, 24576, 6050, 18208, 92, 52
2025/01/06 13:25:41.827, 5, 24576, 6050, 18208, 85, 47
2025/01/06 13:25:41.928, 5, 24576, 6050, 18208, 85, 47
2025/01/06 13:25:42.029, 5, 24576, 6050, 18208, 90, 50
2025/01/06 13:25:42.130, 5, 24576, 6050, 18208, 90, 50
2025/01/06 13:25:42.231, 5, 24576, 6050, 18208, 87, 50
2025/01/06 13:25:42.332, 5, 24576, 6050, 18208, 87, 50
2025/01/06 13:25:42.433, 5, 24576, 6050, 18208, 87, 48
2025/01/06 13:25:42.533, 5, 24576, 6050, 18208, 87, 48
2025/01/06 13:25:42.634, 5, 24576, 6050, 18208, 91, 51
2025/01/06 13:25:42.735, 5, 24576, 6050, 18208, 91, 51
2025/01/06 13:25:42.836, 5, 24576, 6050, 18208, 86, 47
2025/01/06 13:25:42.937, 5, 24576, 6050, 18208, 86, 47
2025/01/06 13:25:43.037, 5, 24576, 6050, 18208, 92, 53
2025/01/06 13:25:43.138, 5, 24576, 6050, 18208, 92, 53
2025/01/06 13:25:43.239, 5, 24576, 6050, 18208, 86, 46
2025/01/06 13:25:43.340, 5, 24576, 6050, 18208, 86, 46
2025/01/06 13:25:43.440, 5, 24576, 6050, 18208, 92, 52
2025/01/06 13:25:43.541, 5, 24576, 6050, 18208, 92, 52
2025/01/06 13:25:43.642, 5, 24576, 6050, 18208, 85, 47
2025/01/06 13:25:43.743, 5, 24576, 6050, 18208, 85, 47
2025/01/06 13:25:43.843, 5, 24576, 6050, 18208, 92, 53
2025/01/06 13:25:43.944, 5, 24576, 6050, 18208, 92, 53
2025/01/06 13:25:44.045, 5, 24576, 6050, 18208, 86, 48
2025/01/06 13:25:44.146, 5, 24576, 6050, 18208, 86, 48
2025/01/06 13:25:44.247, 5, 24576, 6050, 18208, 92, 52
2025/01/06 13:25:44.348, 5, 24576, 6050, 18208, 92, 52
2025/01/06 13:25:44.449, 5, 24576, 6050, 18208, 84, 47
2025/01/06 13:25:44.549, 5, 24576, 6050, 18208, 84, 47
2025/01/06 13:25:44.651, 5, 24576, 6050, 18208, 92, 51
2025/01/06 13:25:44.752, 5, 24576, 6050, 18208, 92, 51
2025/01/06 13:25:44.853, 5, 24576, 6050, 18208, 85, 47
2025/01/06 13:25:44.953, 5, 24576, 6050, 18208, 85, 47
2025/01/06 13:25:45.054, 5, 24576, 6050, 18208, 92, 51
2025/01/06 13:25:45.155, 5, 24576, 6050, 18208, 92, 51
2025/01/06 13:25:45.255, 5, 24576, 6050, 18208, 86, 48
2025/01/06 13:25:45.356, 5, 24576, 6050, 18208, 86, 48
2025/01/06 13:25:45.457, 5, 24576, 6050, 18208, 89, 49
2025/01/06 13:25:45.558, 5, 24576, 6050, 18208, 89, 49
2025/01/06 13:25:45.658, 5, 24576, 6050, 18208, 88, 50
2025/01/06 13:25:45.759, 5, 24576, 6050, 18208, 88, 50
2025/01/06 13:25:45.860, 5, 24576, 6050, 18208, 86, 47
2025/01/06 13:25:45.961, 5, 24576, 6050, 18208, 86, 47
2025/01/06 13:25:46.061, 5, 24576, 6050, 18208, 92, 52
2025/01/06 13:25:46.162, 5, 24576, 6050, 18208, 92, 52
2025/01/06 13:25:46.263, 5, 24576, 6050, 18208, 86, 47
2025/01/06 13:25:46.363, 5, 24576, 6050, 18208, 86, 47
2025/01/06 13:25:46.464, 5, 24576, 6050, 18208, 91, 53
2025/01/06 13:25:46.565, 5, 24576, 6050, 18208, 91, 53
2025/01/06 13:25:46.666, 5, 24576, 6050, 18208, 86, 47
2025/01/06 13:25:46.767, 5, 24576, 6050, 18208, 86, 47
2025/01/06 13:25:46.868, 5, 24576, 6050, 18208, 92, 52
2025/01/06 13:25:46.969, 5, 24576, 6050, 18208, 92, 52
2025/01/06 13:25:47.070, 5, 24576, 6050, 18208, 86, 48
2025/01/06 13:25:47.171, 5, 24576, 6050, 18208, 86, 48
2025/01/06 13:25:47.272, 5, 24576, 6050, 18208, 91, 52
2025/01/06 13:25:47.373, 5, 24576, 6050, 18208, 91, 52
2025/01/06 13:25:47.474, 5, 24576, 6050, 18208, 86, 48
2025/01/06 13:25:47.574, 5, 24576, 6050, 18208, 86, 48
2025/01/06 13:25:47.675, 5, 24576, 6050, 18208, 92, 51
2025/01/06 13:25:47.776, 5, 24576, 6050, 18208, 92, 51
2025/01/06 13:25:47.877, 5, 24576, 6050, 18208, 85, 48
2025/01/06 13:25:47.978, 5, 24576, 6050, 18208, 85, 48
2025/01/06 13:25:48.078, 5, 24576, 6050, 18208, 93, 52
2025/01/06 13:25:48.179, 5, 24576, 6050, 18208, 93, 52
2025/01/06 13:25:48.280, 5, 24576, 6050, 18208, 85, 47
2025/01/06 13:25:48.381, 5, 24576, 6050, 18208, 85, 47
2025/01/06 13:25:48.481, 5, 24576, 6050, 18208, 90, 50
2025/01/06 13:25:48.582, 5, 24576, 6050, 18208, 90, 50
2025/01/06 13:25:48.684, 5, 24576, 6050, 18208, 87, 50
2025/01/06 13:25:48.785, 5, 24576, 6050, 18208, 87, 50
2025/01/06 13:25:48.886, 5, 24576, 6050, 18208, 87, 48
2025/01/06 13:25:48.987, 5, 24576, 6050, 18208, 87, 48
2025/01/06 13:25:49.088, 5, 24576, 6050, 18208, 88, 50
2025/01/06 13:25:49.189, 5, 24576, 6050, 18208, 88, 50
2025/01/06 13:25:49.290, 5, 24576, 6050, 18208, 86, 47
2025/01/06 13:25:49.390, 5, 24576, 6050, 18208, 86, 47
2025/01/06 13:25:49.491, 5, 24576, 6050, 18208, 92, 52
2025/01/06 13:25:49.592, 5, 24576, 6050, 18208, 92, 52
2025/01/06 13:25:49.693, 5, 24576, 6050, 18208, 86, 47
2025/01/06 13:25:49.793, 5, 24576, 6050, 18208, 86, 47
2025/01/06 13:25:49.894, 5, 24576, 6050, 18208, 92, 53
2025/01/06 13:25:49.995, 5, 24576, 6050, 18208, 92, 53
2025/01/06 13:25:50.095, 5, 24576, 6050, 18208, 85, 47
2025/01/06 13:25:50.196, 5, 24576, 6050, 18208, 85, 47
2025/01/06 13:25:50.297, 5, 24576, 6050, 18208, 91, 52
2025/01/06 13:25:50.397, 5, 24576, 6050, 18208, 91, 52
2025/01/06 13:25:50.498, 5, 24576, 6050, 18208, 86, 47
2025/01/06 13:25:50.599, 5, 24576, 6050, 18208, 86, 47
2025/01/06 13:25:50.699, 5, 24576, 6050, 18208, 91, 52
2025/01/06 13:25:50.800, 5, 24576, 6050, 18208, 91, 52
2025/01/06 13:25:50.901, 5, 24576, 6050, 18208, 85, 47
2025/01/06 13:25:51.002, 5, 24576, 6050, 18208, 85, 47
2025/01/06 13:25:51.102, 5, 24576, 6050, 18208, 90, 51
2025/01/06 13:25:51.203, 5, 24576, 6050, 18208, 90, 51
2025/01/06 13:25:51.304, 5, 24576, 6050, 18208, 86, 47
2025/01/06 13:25:51.405, 5, 24576, 6050, 18208, 90, 51
2025/01/06 13:25:51.508, 5, 24576, 6050, 18208, 90, 51
2025/01/06 13:25:51.609, 5, 24576, 6050, 18208, 85, 47
2025/01/06 13:25:51.710, 5, 24576, 6050, 18208, 85, 47
2025/01/06 13:25:51.810, 5, 24576, 6050, 18208, 92, 51
2025/01/06 13:25:51.911, 5, 24576, 6050, 18208, 92, 51
2025/01/06 13:25:52.012, 5, 24576, 6050, 18208, 85, 47
2025/01/06 13:25:52.112, 5, 24576, 6050, 18208, 85, 47
2025/01/06 13:25:52.213, 5, 24576, 6050, 18208, 92, 52
2025/01/06 13:25:52.313, 5, 24576, 6050, 18208, 92, 52
2025/01/06 13:25:52.414, 5, 24576, 6050, 18208, 85, 47
2025/01/06 13:25:52.515, 5, 24576, 6050, 18208, 85, 47
2025/01/06 13:25:52.615, 5, 24576, 6050, 18208, 90, 51
2025/01/06 13:25:52.716, 5, 24576, 6050, 18208, 90, 51
2025/01/06 13:25:52.817, 5, 24576, 6050, 18208, 84, 47
2025/01/06 13:25:52.917, 5, 24576, 6050, 18208, 84, 47
2025/01/06 13:25:53.018, 5, 24576, 6050, 18208, 90, 50
2025/01/06 13:25:53.119, 5, 24576, 6050, 18208, 90, 50
2025/01/06 13:25:53.219, 5, 24576, 6050, 18208, 86, 49
2025/01/06 13:25:53.320, 5, 24576, 6050, 18208, 86, 49
2025/01/06 13:25:53.421, 5, 24576, 6050, 18208, 88, 49
2025/01/06 13:25:53.521, 5, 24576, 6050, 18208, 88, 49
2025/01/06 13:25:53.622, 5, 24576, 6050, 18208, 87, 49
2025/01/06 13:25:53.723, 5, 24576, 6050, 18208, 87, 49
2025/01/06 13:25:53.824, 5, 24576, 6050, 18208, 87, 48
2025/01/06 13:25:53.925, 5, 24576, 6050, 18208, 87, 48
2025/01/06 13:25:54.026, 5, 24576, 6050, 18208, 88, 50
2025/01/06 13:25:54.126, 5, 24576, 6050, 18208, 88, 50
2025/01/06 13:25:54.228, 5, 24576, 6050, 18208, 86, 47
2025/01/06 13:25:54.328, 5, 24576, 6050, 18208, 86, 47
2025/01/06 13:25:54.429, 5, 24576, 6050, 18208, 91, 51
2025/01/06 13:25:54.530, 5, 24576, 6050, 18208, 91, 51
2025/01/06 13:25:54.631, 5, 24576, 6050, 18208, 85, 47
2025/01/06 13:25:54.731, 5, 24576, 6050, 18208, 85, 47
2025/01/06 13:25:54.832, 5, 24576, 6050, 18208, 92, 52
2025/01/06 13:25:54.933, 5, 24576, 6050, 18208, 92, 52
2025/01/06 13:25:55.034, 5, 24576, 6050, 18208, 85, 47
2025/01/06 13:25:55.134, 5, 24576, 6050, 18208, 85, 47
2025/01/06 13:25:55.235, 5, 24576, 6050, 18208, 92, 53
2025/01/06 13:25:55.336, 5, 24576, 6050, 18208, 92, 53
2025/01/06 13:25:55.437, 5, 24576, 6050, 18208, 85, 47
2025/01/06 13:25:55.537, 5, 24576, 6050, 18208, 85, 47
2025/01/06 13:25:55.638, 5, 24576, 6050, 18208, 91, 51
2025/01/06 13:25:55.739, 5, 24576, 6050, 18208, 91, 51
2025/01/06 13:25:55.840, 5, 24576, 6050, 18208, 86, 47
2025/01/06 13:25:55.940, 5, 24576, 6050, 18208, 86, 47
2025/01/06 13:25:56.041, 5, 24576, 6050, 18208, 92, 52
2025/01/06 13:25:56.142, 5, 24576, 6050, 18208, 92, 52
2025/01/06 13:25:56.243, 5, 24576, 6050, 18208, 86, 47
2025/01/06 13:25:56.344, 5, 24576, 6050, 18208, 86, 47
2025/01/06 13:25:56.445, 5, 24576, 6050, 18208, 92, 52
2025/01/06 13:25:56.546, 5, 24576, 6050, 18208, 92, 52
2025/01/06 13:25:56.647, 5, 24576, 6050, 18208, 85, 47
2025/01/06 13:25:56.748, 5, 24576, 6050, 18208, 85, 47
2025/01/06 13:25:56.850, 5, 24576, 6050, 18208, 93, 51
2025/01/06 13:25:56.951, 5, 24576, 6050, 18208, 93, 51
2025/01/06 13:25:57.051, 5, 24576, 6050, 18208, 85, 47
2025/01/06 13:25:57.152, 5, 24576, 6050, 18208, 85, 47
2025/01/06 13:25:57.253, 5, 24576, 6050, 18208, 92, 52
2025/01/06 13:25:57.353, 5, 24576, 6050, 18208, 92, 52
2025/01/06 13:25:57.454, 5, 24576, 6050, 18208, 85, 47
2025/01/06 13:25:57.555, 5, 24576, 6050, 18208, 85, 47
2025/01/06 13:25:57.656, 5, 24576, 6050, 18208, 90, 51
2025/01/06 13:25:57.756, 5, 24576, 6050, 18208, 90, 51
2025/01/06 13:25:57.857, 5, 24576, 6050, 18208, 87, 49
2025/01/06 13:25:57.958, 5, 24576, 6050, 18208, 87, 49
2025/01/06 13:25:58.059, 5, 24576, 6050, 18208, 88, 48
2025/01/06 13:25:58.159, 5, 24576, 6050, 18208, 88, 48
2025/01/06 13:25:58.260, 5, 24576, 6050, 18208, 89, 50
2025/01/06 13:25:58.361, 5, 24576, 6050, 18208, 89, 50
2025/01/06 13:25:58.462, 5, 24576, 6050, 18208, 86, 47
2025/01/06 13:25:58.563, 5, 24576, 6050, 18208, 86, 47
2025/01/06 13:25:58.664, 5, 24576, 6050, 18208, 92, 52
2025/01/06 13:25:58.765, 5, 24576, 6050, 18208, 92, 52
2025/01/06 13:25:58.866, 5, 24576, 6050, 18208, 86, 47
2025/01/06 13:25:58.967, 5, 24576, 6050, 18208, 86, 47
2025/01/06 13:25:59.067, 5, 24576, 6050, 18208, 92, 53
2025/01/06 13:25:59.168, 5, 24576, 6050, 18208, 92, 53
2025/01/06 13:25:59.269, 5, 24576, 6050, 18208, 86, 47
2025/01/06 13:25:59.370, 5, 24576, 6050, 18208, 86, 47
2025/01/06 13:25:59.470, 5, 24576, 6050, 18208, 92, 52
2025/01/06 13:25:59.571, 5, 24576, 6050, 18208, 92, 52
2025/01/06 13:25:59.672, 5, 24576, 6050, 18208, 85, 47
2025/01/06 13:25:59.773, 5, 24576, 6050, 18208, 85, 47
2025/01/06 13:25:59.874, 5, 24576, 6050, 18208, 92, 52
2025/01/06 13:25:59.974, 5, 24576, 6050, 18208, 92, 52
2025/01/06 13:26:00.075, 5, 24576, 6050, 18208, 80, 44
2025/01/06 13:26:00.176, 5, 24576, 6050, 18208, 80, 44
2025/01/06 13:26:00.277, 5, 24576, 6050, 18208, 84, 47
2025/01/06 13:26:00.377, 5, 24576, 6050, 18208, 84, 47
2025/01/06 13:26:00.478, 5, 24576, 6050, 18208, 80, 44
2025/01/06 13:26:00.579, 5, 24576, 6050, 18208, 80, 44
2025/01/06 13:26:00.680, 5, 24576, 6050, 18208, 91, 51
2025/01/06 13:26:00.781, 5, 24576, 6050, 18208, 91, 51
2025/01/06 13:26:00.882, 5, 24576, 6050, 18208, 85, 47
2025/01/06 13:26:00.983, 5, 24576, 6050, 18208, 85, 47
2025/01/06 13:26:01.084, 5, 24576, 6050, 18208, 91, 52
2025/01/06 13:26:01.185, 5, 24576, 6050, 18208, 91, 52
2025/01/06 13:26:01.286, 5, 24576, 6050, 18208, 86, 47
2025/01/06 13:26:01.387, 5, 24576, 6050, 18208, 86, 47
2025/01/06 13:26:01.487, 5, 24576, 6050, 18208, 90, 52
2025/01/06 13:26:01.588, 5, 24576, 6050, 18208, 90, 52
2025/01/06 13:26:01.689, 5, 24576, 6050, 18208, 85, 46
2025/01/06 13:26:01.790, 5, 24576, 6050, 18208, 85, 46
2025/01/06 13:26:01.891, 5, 24576, 6050, 18208, 91, 52
2025/01/06 13:26:01.991, 5, 24576, 6050, 18208, 91, 52
2025/01/06 13:26:02.092, 5, 24576, 6050, 18208, 85, 46
2025/01/06 13:26:02.193, 5, 24576, 6050, 18208, 85, 46
2025/01/06 13:26:02.294, 5, 24576, 6050, 18208, 91, 51
2025/01/06 13:26:02.395, 5, 24576, 6050, 18208, 91, 51
2025/01/06 13:26:02.495, 5, 24576, 6050, 18208, 83, 46
2025/01/06 13:26:02.596, 5, 24576, 6050, 18208, 83, 46
2025/01/06 13:26:02.697, 5, 24576, 6050, 18208, 92, 52
2025/01/06 13:26:02.797, 5, 24576, 6050, 18208, 92, 52
2025/01/06 13:26:02.899, 5, 24576, 6050, 18208, 85, 47
2025/01/06 13:26:02.999, 5, 24576, 6050, 18208, 85, 47
2025/01/06 13:26:03.100, 5, 24576, 6050, 18208, 90, 51
2025/01/06 13:26:03.201, 5, 24576, 6050, 18208, 85, 47
2025/01/06 13:26:03.304, 5, 24576, 6050, 18208, 85, 47
2025/01/06 13:26:03.405, 5, 24576, 6050, 18208, 92, 52
2025/01/06 13:26:03.506, 5, 24576, 6050, 18208, 92, 52
2025/01/06 13:26:03.607, 5, 24576, 6050, 18208, 85, 47
2025/01/06 13:26:03.708, 5, 24576, 6050, 18208, 85, 47
2025/01/06 13:26:03.809, 5, 24576, 6050, 18208, 92, 51
2025/01/06 13:26:03.910, 5, 24576, 6050, 18208, 92, 51
2025/01/06 13:26:04.010, 5, 24576, 6050, 18208, 85, 47
2025/01/06 13:26:04.111, 5, 24576, 6050, 18208, 85, 47
2025/01/06 13:26:04.212, 5, 24576, 6050, 18208, 92, 51
2025/01/06 13:26:04.313, 5, 24576, 6050, 18208, 92, 51
2025/01/06 13:26:04.413, 5, 24576, 6050, 18208, 84, 47
2025/01/06 13:26:04.514, 5, 24576, 6050, 18208, 84, 47
2025/01/06 13:26:04.615, 5, 24576, 6050, 18208, 92, 51
2025/01/06 13:26:04.715, 5, 24576, 6050, 18208, 92, 51
2025/01/06 13:26:04.816, 5, 24576, 6050, 18208, 85, 47
2025/01/06 13:26:04.917, 5, 24576, 6050, 18208, 85, 47
2025/01/06 13:26:05.018, 5, 24576, 6050, 18208, 90, 50
2025/01/06 13:26:05.118, 5, 24576, 6050, 18208, 90, 50
2025/01/06 13:26:05.219, 5, 24576, 6050, 18208, 86, 48
2025/01/06 13:26:05.320, 5, 24576, 6050, 18208, 86, 48
2025/01/06 13:26:05.421, 5, 24576, 6050, 18208, 89, 49
2025/01/06 13:26:05.522, 5, 24576, 6050, 18208, 89, 49
2025/01/06 13:26:05.623, 5, 24576, 6050, 18208, 88, 50
2025/01/06 13:26:05.724, 5, 24576, 6050, 18208, 88, 50
2025/01/06 13:26:05.825, 5, 24576, 6050, 18208, 87, 47
2025/01/06 13:26:05.926, 5, 24576, 6050, 18208, 87, 47
2025/01/06 13:26:06.027, 5, 24576, 6050, 18208, 88, 50
2025/01/06 13:26:06.128, 5, 24576, 6050, 18208, 88, 50
2025/01/06 13:26:06.228, 5, 24576, 6050, 18208, 86, 47
2025/01/06 13:26:06.329, 5, 24576, 6050, 18208, 86, 47
2025/01/06 13:26:06.430, 5, 24576, 6050, 18208, 88, 50
2025/01/06 13:26:06.531, 5, 24576, 6050, 18208, 88, 50
2025/01/06 13:26:06.631, 5, 24576, 6050, 18208, 86, 47
2025/01/06 13:26:06.732, 5, 24576, 6050, 18208, 86, 47
2025/01/06 13:26:06.833, 5, 24576, 6050, 18208, 91, 51
2025/01/06 13:26:06.934, 5, 24576, 6050, 18208, 91, 51
2025/01/06 13:26:07.034, 5, 24576, 6050, 18208, 84, 47
2025/01/06 13:26:07.135, 5, 24576, 6050, 18208, 84, 47
2025/01/06 13:26:07.236, 5, 24576, 6050, 18208, 91, 52
2025/01/06 13:26:07.337, 5, 24576, 6050, 18208, 91, 52
2025/01/06 13:26:07.437, 5, 24576, 6050, 18208, 85, 46
2025/01/06 13:26:07.538, 5, 24576, 6050, 18208, 85, 46
2025/01/06 13:26:07.639, 5, 24576, 6050, 18208, 91, 52
2025/01/06 13:26:07.740, 5, 24576, 6050, 18208, 91, 52
2025/01/06 13:26:07.841, 5, 24576, 6050, 18208, 84, 46
2025/01/06 13:26:07.942, 5, 24576, 6050, 18208, 84, 46
2025/01/06 13:26:08.043, 5, 24576, 6050, 18208, 91, 53
2025/01/06 13:26:08.144, 5, 24576, 6050, 18208, 91, 53
2025/01/06 13:26:08.245, 5, 24576, 6050, 18208, 86, 47
2025/01/06 13:26:08.346, 5, 24576, 6050, 18208, 86, 47
2025/01/06 13:26:08.447, 5, 24576, 6050, 18208, 91, 52
2025/01/06 13:26:08.547, 5, 24576, 6050, 18208, 91, 52
2025/01/06 13:26:08.648, 5, 24576, 6050, 18208, 85, 47
2025/01/06 13:26:08.749, 5, 24576, 6050, 18208, 85, 47
2025/01/06 13:26:08.850, 5, 24576, 6050, 18208, 91, 52
2025/01/06 13:26:08.950, 5, 24576, 6050, 18208, 91, 52
2025/01/06 13:26:09.051, 5, 24576, 6050, 18208, 86, 48
2025/01/06 13:26:09.152, 5, 24576, 6050, 18208, 86, 48
2025/01/06 13:26:09.253, 5, 24576, 6050, 18208, 92, 52
2025/01/06 13:26:09.353, 5, 24576, 6050, 18208, 92, 52
2025/01/06 13:26:09.454, 5, 24576, 6050, 18208, 86, 47
2025/01/06 13:26:09.555, 5, 24576, 6050, 18208, 86, 47
2025/01/06 13:26:09.655, 5, 24576, 6050, 18208, 92, 51
2025/01/06 13:26:09.756, 5, 24576, 6050, 18208, 92, 51
2025/01/06 13:26:09.857, 5, 24576, 6050, 18208, 85, 47
2025/01/06 13:26:09.958, 5, 24576, 6050, 18208, 85, 47
2025/01/06 13:26:10.059, 5, 24576, 6050, 18208, 92, 51
2025/01/06 13:26:10.160, 5, 24576, 6050, 18208, 92, 51
2025/01/06 13:26:10.261, 5, 24576, 6050, 18208, 85, 47
2025/01/06 13:26:10.362, 5, 24576, 6050, 18208, 85, 47
2025/01/06 13:26:10.463, 5, 24576, 6050, 18208, 92, 51
2025/01/06 13:26:10.563, 5, 24576, 6050, 18208, 92, 51
2025/01/06 13:26:10.664, 5, 24576, 6050, 18208, 86, 48
2025/01/06 13:26:10.765, 5, 24576, 6050, 18208, 86, 48
2025/01/06 13:26:10.866, 5, 24576, 6050, 18208, 89, 49
2025/01/06 13:26:10.966, 5, 24576, 6050, 18208, 89, 49
2025/01/06 13:26:11.067, 5, 24576, 6050, 18208, 87, 49
2025/01/06 13:26:11.168, 5, 24576, 6050, 18208, 87, 49
2025/01/06 13:26:11.268, 5, 24576, 6050, 18208, 89, 49
2025/01/06 13:26:11.369, 5, 24576, 6050, 18208, 89, 49
2025/01/06 13:26:11.470, 5, 24576, 6050, 18208, 88, 50
2025/01/06 13:26:11.570, 5, 24576, 6050, 18208, 88, 50
2025/01/06 13:26:11.671, 5, 24576, 6050, 18208, 86, 47
2025/01/06 13:26:11.772, 5, 24576, 6050, 18208, 86, 47
2025/01/06 13:26:11.873, 5, 24576, 6050, 18208, 91, 51
2025/01/06 13:26:11.973, 5, 24576, 6050, 18208, 91, 51
2025/01/06 13:26:12.074, 5, 24576, 6050, 18208, 86, 47
2025/01/06 13:26:12.175, 5, 24576, 6050, 18208, 86, 47
2025/01/06 13:26:12.276, 5, 24576, 6050, 18208, 92, 53
2025/01/06 13:26:12.376, 5, 24576, 6050, 18208, 92, 53
2025/01/06 13:26:12.477, 5, 24576, 6050, 18208, 84, 45
2025/01/06 13:26:12.578, 5, 24576, 6050, 18208, 84, 45
2025/01/06 13:26:12.679, 5, 24576, 6050, 18208, 90, 52
2025/01/06 13:26:12.780, 5, 24576, 6050, 18208, 90, 52
2025/01/06 13:26:12.881, 5, 24576, 6050, 18208, 85, 46
2025/01/06 13:26:12.982, 5, 24576, 6050, 18208, 85, 46
2025/01/06 13:26:13.083, 5, 24576, 6050, 18208, 91, 52
2025/01/06 13:26:13.183, 5, 24576, 6050, 18208, 91, 52
2025/01/06 13:26:13.284, 5, 24576, 6050, 18208, 85, 47
2025/01/06 13:26:13.385, 5, 24576, 6050, 18208, 85, 47
2025/01/06 13:26:13.486, 5, 24576, 6050, 18208, 91, 51
2025/01/06 13:26:13.586, 5, 24576, 6050, 18208, 91, 51
2025/01/06 13:26:13.687, 5, 24576, 6050, 18208, 85, 46
2025/01/06 13:26:13.788, 5, 24576, 6050, 18208, 85, 46
2025/01/06 13:26:13.889, 5, 24576, 6050, 18208, 91, 52
2025/01/06 13:26:13.989, 5, 24576, 6050, 18208, 91, 52
2025/01/06 13:26:14.090, 5, 24576, 6050, 18208, 85, 47
2025/01/06 13:26:14.191, 5, 24576, 6050, 18208, 85, 47
2025/01/06 13:26:14.291, 5, 24576, 6050, 18208, 91, 51
2025/01/06 13:26:14.392, 5, 24576, 6050, 18208, 91, 51
2025/01/06 13:26:14.493, 5, 24576, 6050, 18208, 84, 46
2025/01/06 13:26:14.594, 5, 24576, 6050, 18208, 84, 46
2025/01/06 13:26:14.695, 5, 24576, 6050, 18208, 91, 51
2025/01/06 13:26:14.795, 5, 24576, 6050, 18208, 91, 51
2025/01/06 13:26:14.896, 5, 24576, 6050, 18208, 85, 47
2025/01/06 13:26:14.998, 5, 24576, 6050, 18208, 91, 51
2025/01/06 13:26:15.101, 5, 24576, 6050, 18208, 91, 51
2025/01/06 13:26:15.202, 5, 24576, 6050, 18208, 84, 47
2025/01/06 13:26:15.302, 5, 24576, 6050, 18208, 84, 47
2025/01/06 13:26:15.403, 5, 24576, 6050, 18208, 92, 52
2025/01/06 13:26:15.504, 5, 24576, 6050, 18208, 92, 52
2025/01/06 13:26:15.604, 5, 24576, 6050, 18208, 84, 47
2025/01/06 13:26:15.705, 5, 24576, 6050, 18208, 84, 47
2025/01/06 13:26:15.806, 5, 24576, 6050, 18208, 92, 51
2025/01/06 13:26:15.906, 5, 24576, 6050, 18208, 92, 51
2025/01/06 13:26:16.007, 5, 24576, 6050, 18208, 85, 47
2025/01/06 13:26:16.108, 5, 24576, 6050, 18208, 85, 47
2025/01/06 13:26:16.208, 5, 24576, 6050, 18208, 90, 51
2025/01/06 13:26:16.309, 5, 24576, 6050, 18208, 90, 51
2025/01/06 13:26:16.410, 5, 24576, 6050, 18208, 86, 48
2025/01/06 13:26:16.510, 5, 24576, 6050, 18208, 86, 48
2025/01/06 13:26:16.611, 5, 24576, 6050, 18208, 89, 49
2025/01/06 13:26:16.712, 5, 24576, 6050, 18208, 89, 49
2025/01/06 13:26:16.812, 5, 24576, 6050, 18208, 87, 50
2025/01/06 13:26:16.913, 5, 24576, 6050, 18208, 87, 50
2025/01/06 13:26:17.014, 5, 24576, 6050, 18208, 87, 48
2025/01/06 13:26:17.114, 5, 24576, 6050, 18208, 87, 48
2025/01/06 13:26:17.215, 5, 24576, 6050, 18208, 89, 50
2025/01/06 13:26:17.316, 5, 24576, 6050, 18208, 89, 50
2025/01/06 13:26:17.417, 5, 24576, 6050, 18208, 85, 47
2025/01/06 13:26:17.518, 5, 24576, 6050, 18208, 85, 47
2025/01/06 13:26:17.619, 5, 24576, 6050, 18208, 92, 52
2025/01/06 13:26:17.719, 5, 24576, 6050, 18208, 92, 52
2025/01/06 13:26:17.820, 5, 24576, 6050, 18208, 85, 46
2025/01/06 13:26:17.921, 5, 24576, 6050, 18208, 85, 46
2025/01/06 13:26:18.022, 5, 24576, 6050, 18208, 92, 52
2025/01/06 13:26:18.123, 5, 24576, 6050, 18208, 92, 52
2025/01/06 13:26:18.224, 5, 24576, 6050, 18208, 85, 46
2025/01/06 13:26:18.324, 5, 24576, 6050, 18208, 85, 46
2025/01/06 13:26:18.425, 5, 24576, 6050, 18208, 91, 53
2025/01/06 13:26:18.526, 5, 24576, 6050, 18208, 91, 53
2025/01/06 13:26:18.626, 5, 24576, 6050, 18208, 85, 46
2025/01/06 13:26:18.727, 5, 24576, 6050, 18208, 85, 46
2025/01/06 13:26:18.828, 5, 24576, 6050, 18208, 92, 52
2025/01/06 13:26:18.928, 5, 24576, 6050, 18208, 92, 52
2025/01/06 13:26:19.029, 5, 24576, 6050, 18208, 84, 47
2025/01/06 13:26:19.130, 5, 24576, 6050, 18208, 84, 47
2025/01/06 13:26:19.230, 5, 24576, 6050, 18208, 92, 52
2025/01/06 13:26:19.331, 5, 24576, 6050, 18208, 92, 52
2025/01/06 13:26:19.432, 5, 24576, 6050, 18208, 78, 43
2025/01/06 13:26:19.532, 5, 24576, 6050, 18208, 78, 43
2025/01/06 13:26:19.633, 5, 24576, 6050, 18208, 91, 52
2025/01/06 13:26:19.734, 5, 24576, 6050, 18208, 91, 52
2025/01/06 13:26:19.835, 5, 24576, 6050, 18208, 85, 46
2025/01/06 13:26:19.936, 5, 24576, 6050, 18208, 85, 46
2025/01/06 13:26:20.037, 5, 24576, 6050, 18208, 92, 52
2025/01/06 13:26:20.137, 5, 24576, 6050, 18208, 92, 52
2025/01/06 13:26:20.238, 5, 24576, 6050, 18208, 85, 47
2025/01/06 13:26:20.339, 5, 24576, 6050, 18208, 85, 47
2025/01/06 13:26:20.440, 5, 24576, 6050, 18208, 92, 53
2025/01/06 13:26:20.541, 5, 24576, 6050, 18208, 92, 53
2025/01/06 13:26:20.642, 5, 24576, 6050, 18208, 86, 47
2025/01/06 13:26:20.742, 5, 24576, 6050, 18208, 86, 47
2025/01/06 13:26:20.843, 5, 24576, 6050, 18208, 92, 52
2025/01/06 13:26:20.944, 5, 24576, 6050, 18208, 92, 52
2025/01/06 13:26:21.044, 5, 24576, 6050, 18208, 85, 47
2025/01/06 13:26:21.145, 5, 24576, 6050, 18208, 85, 47
2025/01/06 13:26:21.246, 5, 24576, 6050, 18208, 93, 51
2025/01/06 13:26:21.346, 5, 24576, 6050, 18208, 93, 51
2025/01/06 13:26:21.447, 5, 24576, 6050, 18208, 85, 47
2025/01/06 13:26:21.548, 5, 24576, 6050, 18208, 85, 47
2025/01/06 13:26:21.649, 5, 24576, 6050, 18208, 93, 52
2025/01/06 13:26:21.749, 5, 24576, 6050, 18208, 93, 52
2025/01/06 13:26:21.850, 5, 24576, 6050, 18208, 85, 47
2025/01/06 13:26:21.951, 5, 24576, 6050, 18208, 85, 47
2025/01/06 13:26:22.052, 5, 24576, 6050, 18208, 90, 50
2025/01/06 13:26:22.152, 5, 24576, 6050, 18208, 90, 50
2025/01/06 13:26:22.253, 5, 24576, 6050, 18208, 87, 49
2025/01/06 13:26:22.353, 5, 24576, 6050, 18208, 87, 49
2025/01/06 13:26:22.454, 5, 24576, 6050, 18208, 88, 48
2025/01/06 13:26:22.555, 5, 24576, 6050, 18208, 88, 48
2025/01/06 13:26:22.656, 5, 24576, 6050, 18208, 89, 50
2025/01/06 13:26:22.757, 5, 24576, 6050, 18208, 89, 50
2025/01/06 13:26:22.858, 5, 24576, 6050, 18208, 83, 46
2025/01/06 13:26:22.959, 5, 24576, 6050, 18208, 83, 46
2025/01/06 13:26:23.060, 5, 24576, 6050, 18208, 87, 49
2025/01/06 13:26:23.160, 5, 24576, 6050, 18208, 87, 49
2025/01/06 13:26:23.261, 5, 24576, 6050, 18208, 88, 48
2025/01/06 13:26:23.362, 5, 24576, 6050, 18208, 88, 48
2025/01/06 13:26:23.463, 5, 24576, 6050, 18208, 88, 50
2025/01/06 13:26:23.563, 5, 24576, 6050, 18208, 88, 50
2025/01/06 13:26:23.664, 5, 24576, 6050, 18208, 86, 47
2025/01/06 13:26:23.765, 5, 24576, 6050, 18208, 86, 47
2025/01/06 13:26:23.865, 5, 24576, 6050, 18208, 90, 51
2025/01/06 13:26:23.966, 5, 24576, 6050, 18208, 90, 51
2025/01/06 13:26:24.067, 5, 24576, 6050, 18208, 85, 47
2025/01/06 13:26:24.167, 5, 24576, 6050, 18208, 85, 47
2025/01/06 13:26:24.268, 5, 24576, 6050, 18208, 92, 52
2025/01/06 13:26:24.369, 5, 24576, 6050, 18208, 92, 52
2025/01/06 13:26:24.469, 5, 24576, 6050, 18208, 84, 46
2025/01/06 13:26:24.570, 5, 24576, 6050, 18208, 84, 46
2025/01/06 13:26:24.671, 5, 24576, 6050, 18208, 91, 52
2025/01/06 13:26:24.771, 5, 24576, 6050, 18208, 91, 52
2025/01/06 13:26:24.872, 5, 24576, 6050, 18208, 85, 47
2025/01/06 13:26:24.973, 5, 24576, 6050, 18208, 85, 47
2025/01/06 13:26:25.074, 5, 24576, 6050, 18208, 90, 52
2025/01/06 13:26:25.175, 5, 24576, 6050, 18208, 90, 52
2025/01/06 13:26:25.276, 5, 24576, 6050, 18208, 85, 46
2025/01/06 13:26:25.376, 5, 24576, 6050, 18208, 85, 46
2025/01/06 13:26:25.477, 5, 24576, 6050, 18208, 90, 51
2025/01/06 13:26:25.578, 5, 24576, 6050, 18208, 90, 51
2025/01/06 13:26:25.679, 5, 24576, 6050, 18208, 85, 46
2025/01/06 13:26:25.780, 5, 24576, 6050, 18208, 85, 46
2025/01/06 13:26:25.881, 5, 24576, 6050, 18208, 91, 52
2025/01/06 13:26:25.981, 5, 24576, 6050, 18208, 91, 52
2025/01/06 13:26:26.082, 5, 24576, 6050, 18208, 85, 47
2025/01/06 13:26:26.183, 5, 24576, 6050, 18208, 85, 47
2025/01/06 13:26:26.284, 5, 24576, 6050, 18208, 91, 52
2025/01/06 13:26:26.385, 5, 24576, 6050, 18208, 91, 52
2025/01/06 13:26:26.485, 5, 24576, 6050, 18208, 85, 47
2025/01/06 13:26:26.586, 5, 24576, 6050, 18208, 85, 47
2025/01/06 13:26:26.687, 5, 24576, 6050, 18208, 91, 52
2025/01/06 13:26:26.787, 5, 24576, 6050, 18208, 91, 52
2025/01/06 13:26:26.888, 5, 24576, 6050, 18208, 85, 47
2025/01/06 13:26:26.989, 5, 24576, 6050, 18208, 85, 47
2025/01/06 13:26:27.089, 5, 24576, 6050, 18208, 91, 51
2025/01/06 13:26:27.190, 5, 24576, 6050, 18208, 91, 51
2025/01/06 13:26:27.291, 5, 24576, 6050, 18208, 85, 47
2025/01/06 13:26:27.392, 5, 24576, 6050, 18208, 85, 47
2025/01/06 13:26:27.493, 5, 24576, 6050, 18208, 91, 51
2025/01/06 13:26:27.594, 5, 24576, 6050, 18208, 85, 47
2025/01/06 13:26:27.697, 5, 24576, 6050, 18208, 85, 47
2025/01/06 13:26:27.798, 5, 24576, 6050, 18208, 92, 52
2025/01/06 13:26:27.899, 5, 24576, 6050, 18208, 92, 52
2025/01/06 13:26:27.999, 5, 24576, 6050, 18208, 85, 47
2025/01/06 13:26:28.100, 5, 24576, 6050, 18208, 85, 47
2025/01/06 13:26:28.201, 5, 24576, 6050, 18208, 91, 51
2025/01/06 13:26:28.302, 5, 24576, 6050, 18208, 91, 51
2025/01/06 13:26:28.402, 5, 24576, 6050, 18208, 85, 46
2025/01/06 13:26:28.503, 5, 24576, 6050, 18208, 85, 46
2025/01/06 13:26:28.604, 5, 24576, 6050, 18208, 91, 51
2025/01/06 13:26:28.704, 5, 24576, 6050, 18208, 91, 51
2025/01/06 13:26:28.805, 5, 24576, 6050, 18208, 87, 49
2025/01/06 13:26:28.906, 5, 24576, 6050, 18208, 87, 49
2025/01/06 13:26:29.007, 5, 24576, 6050, 18208, 88, 49
2025/01/06 13:26:29.107, 5, 24576, 6050, 18208, 88, 49
2025/01/06 13:26:29.208, 5, 24576, 6050, 18208, 89, 50
2025/01/06 13:26:29.309, 5, 24576, 6050, 18208, 89, 50
2025/01/06 13:26:29.410, 5, 24576, 6050, 18208, 86, 47
2025/01/06 13:26:29.510, 5, 24576, 6050, 18208, 86, 47
2025/01/06 13:26:29.611, 5, 24576, 6050, 18208, 90, 51
2025/01/06 13:26:29.712, 5, 24576, 6050, 18208, 90, 51
2025/01/06 13:26:29.813, 5, 24576, 6050, 18208, 85, 47
2025/01/06 13:26:29.914, 5, 24576, 6050, 18208, 85, 47
2025/01/06 13:26:30.015, 5, 24576, 6050, 18208, 91, 51
2025/01/06 13:26:30.116, 5, 24576, 6050, 18208, 91, 51
2025/01/06 13:26:30.217, 5, 24576, 6050, 18208, 85, 46
2025/01/06 13:26:30.318, 5, 24576, 6050, 18208, 85, 46
2025/01/06 13:26:30.419, 5, 24576, 6050, 18208, 91, 53
2025/01/06 13:26:30.520, 5, 24576, 6050, 18208, 91, 53
2025/01/06 13:26:30.621, 5, 24576, 6050, 18208, 85, 46
2025/01/06 13:26:30.721, 5, 24576, 6050, 18208, 85, 46
2025/01/06 13:26:30.822, 5, 24576, 6050, 18208, 92, 52
2025/01/06 13:26:30.923, 5, 24576, 6050, 18208, 92, 52
2025/01/06 13:26:31.024, 5, 24576, 6050, 18208, 86, 47
2025/01/06 13:26:31.124, 5, 24576, 6050, 18208, 86, 47
2025/01/06 13:26:31.225, 5, 24576, 6050, 18208, 92, 52
2025/01/06 13:26:31.326, 5, 24576, 6050, 18208, 92, 52
2025/01/06 13:26:31.427, 5, 24576, 6050, 18208, 86, 47
2025/01/06 13:26:31.528, 5, 24576, 6050, 18208, 86, 47
2025/01/06 13:26:31.628, 5, 24576, 6050, 18208, 91, 52
2025/01/06 13:26:31.729, 5, 24576, 6050, 18208, 91, 52
2025/01/06 13:26:31.830, 5, 24576, 6050, 18208, 85, 47
2025/01/06 13:26:31.931, 5, 24576, 6050, 18208, 85, 47
2025/01/06 13:26:32.032, 5, 24576, 6050, 18208, 92, 52
2025/01/06 13:26:32.133, 5, 24576, 6050, 18208, 92, 52
2025/01/06 13:26:32.234, 5, 24576, 6050, 18208, 85, 47
2025/01/06 13:26:32.335, 5, 24576, 6050, 18208, 85, 47
2025/01/06 13:26:32.436, 5, 24576, 6050, 18208, 90, 50
2025/01/06 13:26:32.537, 5, 24576, 6050, 18208, 90, 50
2025/01/06 13:26:32.637, 5, 24576, 6050, 18208, 85, 48
2025/01/06 13:26:32.738, 5, 24576, 6050, 18208, 85, 48
2025/01/06 13:26:32.839, 5, 24576, 6050, 18208, 92, 52
2025/01/06 13:26:32.940, 5, 24576, 6050, 18208, 92, 52
2025/01/06 13:26:33.040, 5, 24576, 6050, 18208, 84, 47
2025/01/06 13:26:33.141, 5, 24576, 6050, 18208, 84, 47
2025/01/06 13:26:33.242, 5, 24576, 6050, 18208, 91, 51
2025/01/06 13:26:33.343, 5, 24576, 6050, 18208, 91, 51
2025/01/06 13:26:33.443, 5, 24576, 6050, 18208, 85, 47
2025/01/06 13:26:33.544, 5, 24576, 6050, 18208, 85, 47
2025/01/06 13:26:33.645, 5, 24576, 6050, 18208, 90, 50
2025/01/06 13:26:33.746, 5, 24576, 6050, 18208, 90, 50
2025/01/06 13:26:33.846, 5, 24576, 6050, 18208, 87, 49
2025/01/06 13:26:33.947, 5, 24576, 6050, 18208, 87, 49
2025/01/06 13:26:34.048, 5, 24576, 6050, 18208, 89, 49
2025/01/06 13:26:34.149, 5, 24576, 6050, 18208, 89, 49
2025/01/06 13:26:34.249, 5, 24576, 6050, 18208, 89, 50
2025/01/06 13:26:34.350, 5, 24576, 6050, 18208, 89, 50
2025/01/06 13:26:34.451, 5, 24576, 6050, 18208, 85, 47
2025/01/06 13:26:34.552, 5, 24576, 6050, 18208, 85, 47
2025/01/06 13:26:34.653, 5, 24576, 6050, 18208, 90, 51
2025/01/06 13:26:34.754, 5, 24576, 6050, 18208, 90, 51
2025/01/06 13:26:34.855, 5, 24576, 6050, 18208, 85, 47
2025/01/06 13:26:34.956, 5, 24576, 6050, 18208, 85, 47
2025/01/06 13:26:35.057, 5, 24576, 6050, 18208, 91, 51
2025/01/06 13:26:35.158, 5, 24576, 6050, 18208, 91, 51
2025/01/06 13:26:35.258, 5, 24576, 6050, 18208, 86, 47
2025/01/06 13:26:35.359, 5, 24576, 6050, 18208, 86, 47
2025/01/06 13:26:35.460, 5, 24576, 6050, 18208, 92, 53
2025/01/06 13:26:35.561, 5, 24576, 6050, 18208, 92, 53
2025/01/06 13:26:35.662, 5, 24576, 6050, 18208, 84, 45
2025/01/06 13:26:35.762, 5, 24576, 6050, 18208, 84, 45
2025/01/06 13:26:35.863, 5, 24576, 6050, 18208, 78, 44
2025/01/06 13:26:35.964, 5, 24576, 6050, 18208, 78, 44
2025/01/06 13:26:36.065, 5, 24576, 6050, 18208, 90, 50
2025/01/06 13:26:36.165, 5, 24576, 6050, 18208, 90, 50
2025/01/06 13:26:36.266, 5, 24576, 6050, 18208, 88, 50
2025/01/06 13:26:36.367, 5, 24576, 6050, 18208, 88, 50
2025/01/06 13:26:36.468, 5, 24576, 6050, 18208, 87, 48
2025/01/06 13:26:36.568, 5, 24576, 6050, 18208, 87, 48
2025/01/06 13:26:36.670, 5, 24576, 6050, 18208, 91, 51
2025/01/06 13:26:36.771, 5, 24576, 6050, 18208, 91, 51
2025/01/06 13:26:36.872, 5, 24576, 6050, 18208, 85, 47
2025/01/06 13:26:36.973, 5, 24576, 6050, 18208, 85, 47
2025/01/06 13:26:37.074, 5, 24576, 6050, 18208, 92, 52
2025/01/06 13:26:37.175, 5, 24576, 6050, 18208, 92, 52
2025/01/06 13:26:37.275, 5, 24576, 6050, 18208, 86, 47
2025/01/06 13:26:37.376, 5, 24576, 6050, 18208, 86, 47
2025/01/06 13:26:37.477, 5, 24576, 6050, 18208, 92, 52
2025/01/06 13:26:37.578, 5, 24576, 6050, 18208, 92, 52
2025/01/06 13:26:37.678, 5, 24576, 6050, 18208, 85, 47
2025/01/06 13:26:37.779, 5, 24576, 6050, 18208, 85, 47
2025/01/06 13:26:37.880, 5, 24576, 6050, 18208, 91, 51
2025/01/06 13:26:37.981, 5, 24576, 6050, 18208, 91, 51
2025/01/06 13:26:38.081, 5, 24576, 6050, 18208, 86, 47
2025/01/06 13:26:38.182, 5, 24576, 6050, 18208, 86, 47
2025/01/06 13:26:38.283, 5, 24576, 6050, 18208, 92, 53
2025/01/06 13:26:38.384, 5, 24576, 6050, 18208, 92, 53
2025/01/06 13:26:38.484, 5, 24576, 6050, 18208, 86, 47
2025/01/06 13:26:38.585, 5, 24576, 6050, 18208, 86, 47
2025/01/06 13:26:38.686, 5, 24576, 6050, 18208, 91, 52
2025/01/06 13:26:38.787, 5, 24576, 6050, 18208, 91, 52
2025/01/06 13:26:38.887, 5, 24576, 6050, 18208, 85, 47
2025/01/06 13:26:38.988, 5, 24576, 6050, 18208, 85, 47
2025/01/06 13:26:39.089, 5, 24576, 6050, 18208, 93, 52
2025/01/06 13:26:39.190, 5, 24576, 6050, 18208, 85, 47
2025/01/06 13:26:39.294, 5, 24576, 6050, 18208, 85, 47
2025/01/06 13:26:39.395, 5, 24576, 6050, 18208, 92, 52
2025/01/06 13:26:39.496, 5, 24576, 6050, 18208, 92, 52
2025/01/06 13:26:39.597, 5, 24576, 6050, 18208, 85, 47
2025/01/06 13:26:39.697, 5, 24576, 6050, 18208, 85, 47
2025/01/06 13:26:39.798, 5, 24576, 6050, 18208, 91, 51
2025/01/06 13:26:39.899, 5, 24576, 6050, 18208, 91, 51
2025/01/06 13:26:39.999, 5, 24576, 6050, 18208, 88, 50
2025/01/06 13:26:40.100, 5, 24576, 6050, 18208, 88, 50
2025/01/06 13:26:40.201, 5, 24576, 6050, 18208, 88, 48
2025/01/06 13:26:40.302, 5, 24576, 6050, 18208, 88, 48
2025/01/06 13:26:40.402, 5, 24576, 6050, 18208, 91, 51
2025/01/06 13:26:40.503, 5, 24576, 6050, 18208, 91, 51
2025/01/06 13:26:40.604, 5, 24576, 6050, 18208, 86, 47
2025/01/06 13:26:40.704, 5, 24576, 6050, 18208, 86, 47
2025/01/06 13:26:40.805, 5, 24576, 6050, 18208, 92, 53
2025/01/06 13:26:40.906, 5, 24576, 6050, 18208, 92, 53
2025/01/06 13:26:41.006, 5, 24576, 6050, 18208, 86, 47
2025/01/06 13:26:41.107, 5, 24576, 6050, 18208, 86, 47
2025/01/06 13:26:41.208, 5, 24576, 6050, 18208, 92, 52
2025/01/06 13:26:41.309, 5, 24576, 6050, 18208, 92, 52
2025/01/06 13:26:41.410, 5, 24576, 6050, 18208, 86, 47
2025/01/06 13:26:41.511, 5, 24576, 6050, 18208, 86, 47
2025/01/06 13:26:41.612, 5, 24576, 6050, 18208, 92, 52
2025/01/06 13:26:41.713, 5, 24576, 6050, 18208, 92, 52
2025/01/06 13:26:41.814, 5, 24576, 6050, 18208, 86, 48
2025/01/06 13:26:41.915, 5, 24576, 6050, 18208, 86, 48
2025/01/06 13:26:42.015, 5, 24576, 6050, 18208, 92, 52
2025/01/06 13:26:42.116, 5, 24576, 6050, 18208, 92, 52
2025/01/06 13:26:42.217, 5, 24576, 6050, 18208, 86, 47
2025/01/06 13:26:42.318, 5, 24576, 6050, 18208, 86, 47
2025/01/06 13:26:42.418, 5, 24576, 6050, 18208, 92, 51
2025/01/06 13:26:42.519, 5, 24576, 6050, 18208, 92, 51
2025/01/06 13:26:42.620, 5, 24576, 6050, 18208, 85, 47
2025/01/06 13:26:42.720, 5, 24576, 6050, 18208, 85, 47
2025/01/06 13:26:42.821, 5, 24576, 6050, 18208, 92, 52
2025/01/06 13:26:42.922, 5, 24576, 6050, 18208, 92, 52
2025/01/06 13:26:43.022, 5, 24576, 6050, 18208, 85, 47
2025/01/06 13:26:43.123, 5, 24576, 6050, 18208, 85, 47
2025/01/06 13:26:43.224, 5, 24576, 6050, 18208, 92, 51
2025/01/06 13:26:43.324, 5, 24576, 6050, 18208, 92, 51
2025/01/06 13:26:43.425, 5, 24576, 6050, 18208, 85, 47
2025/01/06 13:26:43.526, 5, 24576, 6050, 18208, 85, 47
2025/01/06 13:26:43.627, 5, 24576, 6050, 18208, 90, 50
2025/01/06 13:26:43.727, 5, 24576, 6050, 18208, 90, 50
2025/01/06 13:26:43.829, 5, 24576, 6050, 18208, 88, 50
2025/01/06 13:26:43.930, 5, 24576, 6050, 18208, 88, 50
2025/01/06 13:26:44.031, 5, 24576, 6050, 18208, 88, 48
2025/01/06 13:26:44.132, 5, 24576, 6050, 18208, 88, 48
2025/01/06 13:26:44.232, 5, 24576, 6050, 18208, 90, 51
2025/01/06 13:26:44.333, 5, 24576, 6050, 18208, 90, 51
2025/01/06 13:26:44.434, 5, 24576, 6050, 18208, 86, 47
2025/01/06 13:26:44.535, 5, 24576, 6050, 18208, 86, 47
2025/01/06 13:26:44.635, 5, 24576, 6050, 18208, 92, 52
2025/01/06 13:26:44.736, 5, 24576, 6050, 18208, 92, 52
2025/01/06 13:26:44.837, 5, 24576, 6050, 18208, 86, 47
2025/01/06 13:26:44.938, 5, 24576, 6050, 18208, 86, 47
2025/01/06 13:26:45.039, 5, 24576, 6050, 18208, 91, 52
2025/01/06 13:26:45.139, 5, 24576, 6050, 18208, 91, 52
2025/01/06 13:26:45.240, 5, 24576, 6050, 18208, 85, 46
2025/01/06 13:26:45.340, 5, 24576, 6050, 18208, 85, 46
2025/01/06 13:26:45.441, 5, 24576, 6050, 18208, 92, 52
2025/01/06 13:26:45.542, 5, 24576, 6050, 18208, 92, 52
2025/01/06 13:26:45.643, 5, 24576, 6050, 18208, 84, 46
2025/01/06 13:26:45.743, 5, 24576, 6050, 18208, 84, 46
2025/01/06 13:26:45.844, 5, 24576, 6050, 18208, 91, 51
2025/01/06 13:26:45.944, 5, 24576, 6050, 18208, 91, 51
2025/01/06 13:26:46.045, 5, 24576, 6050, 18208, 85, 47
2025/01/06 13:26:46.146, 5, 24576, 6050, 18208, 85, 47
2025/01/06 13:26:46.247, 5, 24576, 6050, 18208, 91, 52
2025/01/06 13:26:46.348, 5, 24576, 6050, 18208, 91, 52
2025/01/06 13:26:46.449, 5, 24576, 6050, 18208, 85, 47
2025/01/06 13:26:46.550, 5, 24576, 6050, 18208, 85, 47
2025/01/06 13:26:46.651, 5, 24576, 6050, 18208, 90, 51
2025/01/06 13:26:46.752, 5, 24576, 6050, 18208, 90, 51
2025/01/06 13:26:46.853, 5, 24576, 6050, 18208, 84, 47
2025/01/06 13:26:46.953, 5, 24576, 6050, 18208, 84, 47
2025/01/06 13:26:47.054, 5, 24576, 6050, 18208, 92, 52
2025/01/06 13:26:47.155, 5, 24576, 6050, 18208, 92, 52
2025/01/06 13:26:47.256, 5, 24576, 6050, 18208, 85, 47
2025/01/06 13:26:47.356, 5, 24576, 6050, 18208, 85, 47
2025/01/06 13:26:47.457, 5, 24576, 6050, 18208, 91, 51
2025/01/06 13:26:47.558, 5, 24576, 6050, 18208, 91, 51
2025/01/06 13:26:47.659, 5, 24576, 6050, 18208, 85, 47
2025/01/06 13:26:47.759, 5, 24576, 6050, 18208, 85, 47
2025/01/06 13:26:47.860, 5, 24576, 6050, 18208, 93, 52
2025/01/06 13:26:47.961, 5, 24576, 6050, 18208, 93, 52
2025/01/06 13:26:48.061, 5, 24576, 6050, 18208, 85, 47
2025/01/06 13:26:48.162, 5, 24576, 6050, 18208, 85, 47
2025/01/06 13:26:48.263, 5, 24576, 6050, 18208, 92, 51
2025/01/06 13:26:48.364, 5, 24576, 6050, 18208, 92, 51
2025/01/06 13:26:48.464, 5, 24576, 6050, 18208, 86, 48
2025/01/06 13:26:48.565, 5, 24576, 6050, 18208, 86, 48
2025/01/06 13:26:48.666, 5, 24576, 6050, 18208, 89, 49
2025/01/06 13:26:48.767, 5, 24576, 6050, 18208, 89, 49
2025/01/06 13:26:48.869, 5, 24576, 6050, 18208, 88, 50
2025/01/06 13:26:48.971, 5, 24576, 6050, 18208, 88, 50
2025/01/06 13:26:49.072, 5, 24576, 6050, 18208, 86, 47
2025/01/06 13:26:49.172, 5, 24576, 6050, 18208, 86, 47
2025/01/06 13:26:49.273, 5, 24576, 6050, 18208, 92, 52
2025/01/06 13:26:49.374, 5, 24576, 6050, 18208, 92, 52
2025/01/06 13:26:49.475, 5, 24576, 6050, 18208, 86, 47
2025/01/06 13:26:49.575, 5, 24576, 6050, 18208, 86, 47
2025/01/06 13:26:49.676, 5, 24576, 6050, 18208, 92, 53
2025/01/06 13:26:49.777, 5, 24576, 6050, 18208, 92, 53
2025/01/06 13:26:49.878, 5, 24576, 6050, 18208, 86, 46
2025/01/06 13:26:49.978, 5, 24576, 6050, 18208, 86, 46
2025/01/06 13:26:50.079, 5, 24576, 6050, 18208, 92, 52
2025/01/06 13:26:50.180, 5, 24576, 6050, 18208, 92, 52
2025/01/06 13:26:50.281, 5, 24576, 6050, 18208, 86, 47
2025/01/06 13:26:50.382, 5, 24576, 6050, 18208, 86, 47
2025/01/06 13:26:50.482, 5, 24576, 6050, 18208, 92, 52
2025/01/06 13:26:50.583, 5, 24576, 6050, 18208, 92, 52
2025/01/06 13:26:50.684, 5, 24576, 6050, 18208, 85, 47
2025/01/06 13:26:50.785, 5, 24576, 6050, 18208, 92, 52
2025/01/06 13:26:50.886, 5, 24576, 6050, 18208, 92, 52
2025/01/06 13:26:50.987, 5, 24576, 6050, 18208, 85, 47
2025/01/06 13:26:51.089, 5, 24576, 6050, 18208, 85, 47
2025/01/06 13:26:51.191, 5, 24576, 6050, 18208, 92, 51
2025/01/06 13:26:51.291, 5, 24576, 6050, 18208, 92, 51
2025/01/06 13:26:51.392, 5, 24576, 6050, 18208, 84, 47
2025/01/06 13:26:51.493, 5, 24576, 6050, 18208, 84, 47
2025/01/06 13:26:51.594, 5, 24576, 6050, 18208, 92, 51
2025/01/06 13:26:51.694, 5, 24576, 6050, 18208, 92, 51
2025/01/06 13:26:51.795, 5, 24576, 6050, 18208, 84, 47
2025/01/06 13:26:51.896, 5, 24576, 6050, 18208, 84, 47
2025/01/06 13:26:51.996, 5, 24576, 6050, 18208, 92, 51
2025/01/06 13:26:52.097, 5, 24576, 6050, 18208, 92, 51
2025/01/06 13:26:52.198, 5, 24576, 6050, 18208, 85, 47
2025/01/06 13:26:52.298, 5, 24576, 6050, 18208, 85, 47
2025/01/06 13:26:52.399, 5, 24576, 6050, 18208, 90, 50
2025/01/06 13:26:52.500, 5, 24576, 6050, 18208, 90, 50
2025/01/06 13:26:52.601, 5, 24576, 6050, 18208, 86, 48
2025/01/06 13:26:52.702, 5, 24576, 6050, 18208, 86, 48
2025/01/06 13:26:52.802, 5, 24576, 6050, 18208, 89, 49
2025/01/06 13:26:52.903, 5, 24576, 6050, 18208, 89, 49
2025/01/06 13:26:53.004, 5, 24576, 6050, 18208, 89, 50
2025/01/06 13:26:53.105, 5, 24576, 6050, 18208, 89, 50
2025/01/06 13:26:53.206, 5, 24576, 6050, 18208, 86, 47
2025/01/06 13:26:53.307, 5, 24576, 6050, 18208, 86, 47
2025/01/06 13:26:53.408, 5, 24576, 6050, 18208, 91, 51
2025/01/06 13:26:53.509, 5, 24576, 6050, 18208, 91, 51
2025/01/06 13:26:53.609, 5, 24576, 6050, 18208, 86, 47
2025/01/06 13:26:53.710, 5, 24576, 6050, 18208, 86, 47
2025/01/06 13:26:53.811, 5, 24576, 6050, 18208, 92, 53
2025/01/06 13:26:53.912, 5, 24576, 6050, 18208, 92, 53
2025/01/06 13:26:54.012, 5, 24576, 6050, 18208, 86, 46
2025/01/06 13:26:54.113, 5, 24576, 6050, 18208, 86, 46
2025/01/06 13:26:54.214, 5, 24576, 6050, 18208, 92, 53
2025/01/06 13:26:54.315, 5, 24576, 6050, 18208, 92, 53
2025/01/06 13:26:54.415, 5, 24576, 6050, 18208, 84, 47
2025/01/06 13:26:54.516, 5, 24576, 6050, 18208, 84, 47
2025/01/06 13:26:54.617, 5, 24576, 6050, 18208, 92, 52
2025/01/06 13:26:54.717, 5, 24576, 6050, 18208, 92, 52
2025/01/06 13:26:54.818, 5, 24576, 6050, 18208, 86, 48
2025/01/06 13:26:54.919, 5, 24576, 6050, 18208, 86, 48
2025/01/06 13:26:55.020, 5, 24576, 6050, 18208, 92, 52
2025/01/06 13:26:55.120, 5, 24576, 6050, 18208, 92, 52
2025/01/06 13:26:55.221, 5, 24576, 6050, 18208, 85, 47
2025/01/06 13:26:55.322, 5, 24576, 6050, 18208, 85, 47
2025/01/06 13:26:55.423, 5, 24576, 6050, 18208, 91, 51
2025/01/06 13:26:55.524, 5, 24576, 6050, 18208, 91, 51
2025/01/06 13:26:55.625, 5, 24576, 6050, 18208, 84, 46
2025/01/06 13:26:55.726, 5, 24576, 6050, 18208, 84, 46
2025/01/06 13:26:55.827, 5, 24576, 6050, 18208, 92, 51
2025/01/06 13:26:55.928, 5, 24576, 6050, 18208, 92, 51
2025/01/06 13:26:56.029, 5, 24576, 6050, 18208, 85, 47
2025/01/06 13:26:56.130, 5, 24576, 6050, 18208, 85, 47
2025/01/06 13:26:56.231, 5, 24576, 6050, 18208, 92, 52
2025/01/06 13:26:56.331, 5, 24576, 6050, 18208, 92, 52
2025/01/06 13:26:56.432, 5, 24576, 6050, 18208, 85, 47
2025/01/06 13:26:56.533, 5, 24576, 6050, 18208, 85, 47
2025/01/06 13:26:56.633, 5, 24576, 6050, 18208, 91, 51
2025/01/06 13:26:56.734, 5, 24576, 6050, 18208, 91, 51
2025/01/06 13:26:56.835, 5, 24576, 6050, 18208, 85, 48
2025/01/06 13:26:56.936, 5, 24576, 6050, 18208, 85, 48
2025/01/06 13:26:57.037, 5, 24576, 6050, 18208, 89, 50
2025/01/06 13:26:57.138, 5, 24576, 6050, 18208, 89, 50
2025/01/06 13:26:57.239, 5, 24576, 6050, 18208, 88, 50
2025/01/06 13:26:57.339, 5, 24576, 6050, 18208, 88, 50
2025/01/06 13:26:57.440, 5, 24576, 6050, 18208, 87, 48
2025/01/06 13:26:57.541, 5, 24576, 6050, 18208, 87, 48
2025/01/06 13:26:57.642, 5, 24576, 6050, 18208, 90, 51
2025/01/06 13:26:57.742, 5, 24576, 6050, 18208, 90, 51
2025/01/06 13:26:57.843, 5, 24576, 6050, 18208, 84, 47
2025/01/06 13:26:57.944, 5, 24576, 6050, 18208, 84, 47
2025/01/06 13:26:58.048, 5, 24576, 6050, 18208, 91, 51
2025/01/06 13:26:58.149, 5, 24576, 6050, 18208, 91, 51
2025/01/06 13:26:58.250, 5, 24576, 6050, 18208, 86, 47
2025/01/06 13:26:58.351, 5, 24576, 6050, 18208, 86, 47
2025/01/06 13:26:58.451, 5, 24576, 6050, 18208, 92, 53
2025/01/06 13:26:58.552, 5, 24576, 6050, 18208, 92, 53
2025/01/06 13:26:58.653, 5, 24576, 6050, 18208, 85, 46
2025/01/06 13:26:58.754, 5, 24576, 6050, 18208, 85, 46
2025/01/06 13:26:58.854, 5, 24576, 6050, 18208, 91, 52
2025/01/06 13:26:58.955, 5, 24576, 6050, 18208, 91, 52
2025/01/06 13:26:59.056, 5, 24576, 6050, 18208, 85, 47
2025/01/06 13:26:59.157, 5, 24576, 6050, 18208, 85, 47
2025/01/06 13:26:59.257, 5, 24576, 6050, 18208, 91, 51
2025/01/06 13:26:59.358, 5, 24576, 6050, 18208, 91, 51
2025/01/06 13:26:59.459, 5, 24576, 6050, 18208, 85, 47
2025/01/06 13:26:59.560, 5, 24576, 6050, 18208, 85, 47
2025/01/06 13:26:59.660, 5, 24576, 6050, 18208, 91, 52
2025/01/06 13:26:59.761, 5, 24576, 6050, 18208, 91, 52
2025/01/06 13:26:59.862, 5, 24576, 6050, 18208, 86, 47
2025/01/06 13:26:59.963, 5, 24576, 6050, 18208, 86, 47
2025/01/06 13:27:00.064, 5, 24576, 6050, 18208, 92, 52
2025/01/06 13:27:00.165, 5, 24576, 6050, 18208, 92, 52
2025/01/06 13:27:00.266, 5, 24576, 6050, 18208, 85, 47
2025/01/06 13:27:00.367, 5, 24576, 6050, 18208, 85, 47
2025/01/06 13:27:00.468, 5, 24576, 6050, 18208, 92, 51
2025/01/06 13:27:00.568, 5, 24576, 6050, 18208, 92, 51
2025/01/06 13:27:00.669, 5, 24576, 6050, 18208, 85, 48
2025/01/06 13:27:00.770, 5, 24576, 6050, 18208, 85, 48
2025/01/06 13:27:00.871, 5, 24576, 6050, 18208, 92, 51
2025/01/06 13:27:00.971, 5, 24576, 6050, 18208, 92, 51
2025/01/06 13:27:01.072, 5, 24576, 6050, 18208, 84, 47
2025/01/06 13:27:01.173, 5, 24576, 6050, 18208, 84, 47
2025/01/06 13:27:01.273, 5, 24576, 6050, 18208, 90, 51
2025/01/06 13:27:01.374, 5, 24576, 6050, 18208, 90, 51
2025/01/06 13:27:01.475, 5, 24576, 6050, 18208, 85, 48
2025/01/06 13:27:01.575, 5, 24576, 6050, 18208, 85, 48
2025/01/06 13:27:01.676, 5, 24576, 6050, 18208, 89, 50
2025/01/06 13:27:01.777, 5, 24576, 6050, 18208, 89, 50
2025/01/06 13:27:01.878, 5, 24576, 6050, 18208, 87, 49
2025/01/06 13:27:01.978, 5, 24576, 6050, 18208, 87, 49
2025/01/06 13:27:02.079, 5, 24576, 6050, 18208, 88, 48
2025/01/06 13:27:02.180, 5, 24576, 6050, 18208, 88, 48
2025/01/06 13:27:02.281, 5, 24576, 6050, 18208, 87, 49
2025/01/06 13:27:02.382, 5, 24576, 6050, 18208, 87, 48
2025/01/06 13:27:02.486, 5, 24576, 6050, 18208, 87, 48
2025/01/06 13:27:02.587, 5, 24576, 6050, 18208, 90, 51
2025/01/06 13:27:02.688, 5, 24576, 6050, 18208, 90, 51
2025/01/06 13:27:02.788, 5, 24576, 6050, 18208, 86, 47
2025/01/06 13:27:02.889, 5, 24576, 6050, 18208, 86, 47
2025/01/06 13:27:02.990, 5, 24576, 6050, 18208, 92, 52
2025/01/06 13:27:03.090, 5, 24576, 6050, 18208, 92, 52
2025/01/06 13:27:03.191, 5, 24576, 6050, 18208, 85, 46
2025/01/06 13:27:03.292, 5, 24576, 6050, 18208, 85, 46
2025/01/06 13:27:03.393, 5, 24576, 6050, 18208, 91, 52
2025/01/06 13:27:03.493, 5, 24576, 6050, 18208, 91, 52
2025/01/06 13:27:03.594, 5, 24576, 6050, 18208, 85, 46
2025/01/06 13:27:03.695, 5, 24576, 6050, 18208, 85, 46
2025/01/06 13:27:03.796, 5, 24576, 6050, 18208, 92, 52
2025/01/06 13:27:03.896, 5, 24576, 6050, 18208, 92, 52
2025/01/06 13:27:03.997, 5, 24576, 6050, 18208, 86, 48
2025/01/06 13:27:04.098, 5, 24576, 6050, 18208, 86, 48
2025/01/06 13:27:04.198, 5, 24576, 6050, 18208, 91, 52
2025/01/06 13:27:04.299, 5, 24576, 6050, 18208, 91, 52
2025/01/06 13:27:04.400, 5, 24576, 6050, 18208, 82, 44
2025/01/06 13:27:04.501, 5, 24576, 6050, 18208, 82, 44
2025/01/06 13:27:04.602, 5, 24576, 6050, 18208, 92, 53
2025/01/06 13:27:04.703, 5, 24576, 6050, 18208, 92, 53
2025/01/06 13:27:04.804, 5, 24576, 6050, 18208, 85, 47
2025/01/06 13:27:04.904, 5, 24576, 6050, 18208, 85, 47
2025/01/06 13:27:05.005, 5, 24576, 6050, 18208, 92, 52
2025/01/06 13:27:05.107, 5, 24576, 6050, 18208, 92, 52
2025/01/06 13:27:05.207, 5, 24576, 6050, 18208, 85, 47
2025/01/06 13:27:05.308, 5, 24576, 6050, 18208, 85, 47
2025/01/06 13:27:05.409, 5, 24576, 6050, 18208, 92, 51
2025/01/06 13:27:05.510, 5, 24576, 6050, 18208, 92, 51
2025/01/06 13:27:05.611, 5, 24576, 6050, 18208, 85, 47
2025/01/06 13:27:05.711, 5, 24576, 6050, 18208, 85, 47
2025/01/06 13:27:05.812, 5, 24576, 6050, 18208, 92, 52
2025/01/06 13:27:05.913, 5, 24576, 6050, 18208, 92, 52
2025/01/06 13:27:06.014, 5, 24576, 6050, 18208, 85, 47
2025/01/06 13:27:06.114, 5, 24576, 6050, 18208, 85, 47
2025/01/06 13:27:06.215, 5, 24576, 6050, 18208, 91, 51
2025/01/06 13:27:06.316, 5, 24576, 6050, 18208, 91, 51
2025/01/06 13:27:06.417, 5, 24576, 6050, 18208, 84, 47
2025/01/06 13:27:06.518, 5, 24576, 6050, 18208, 84, 47
2025/01/06 13:27:06.618, 5, 24576, 6050, 18208, 56, 32
2025/01/06 13:27:06.719, 5, 24576, 6050, 18208, 56, 32
2025/01/06 13:27:06.820, 5, 24576, 12, 24247, 1, 0
2025/01/06 13:27:06.979, 5, 24576, 12, 24247, 1, 0
2025/01/06 13:27:07.080, 5, 24576, 12, 24247, 70, 4
2025/01/06 13:27:07.181, 5, 24576, 12, 24247, 0, 0
2025/01/06 13:27:07.284, 5, 24576, 12, 24247, 0, 0
2025/01/06 13:27:07.385, 5, 24576, 12, 24247, 0, 0
2025/01/06 13:27:07.490, 5, 24576, 12, 24247, 0, 0
2025/01/06 13:27:07.591, 5, 24576, 12, 24247, 0, 0
2025/01/06 13:27:07.691, 5, 24576, 12, 24247, 0, 0
2025/01/06 13:27:07.792, 5, 24576, 12, 24247, 0, 0
2025/01/06 13:27:07.893, 5, 24576, 12, 24247, 0, 0
2025/01/06 13:27:07.993, 5, 24576, 12, 24247, 0, 0
2025/01/06 13:27:08.094, 5, 24576, 12, 24247, 0, 0
2025/01/06 13:27:08.194, 5, 24576, 12, 24247, 0, 0
2025/01/06 13:27:08.295, 5, 24576, 12, 24247, 0, 0
2025/01/06 13:27:08.396, 5, 24576, 12, 24247, 0, 0
2025/01/06 13:27:08.496, 5, 24576, 12, 24247, 0, 0
2025/01/06 13:27:08.597, 5, 24576, 12, 24247, 0, 0
2025/01/06 13:27:08.697, 5, 24576, 12, 24247, 0, 0
2025/01/06 13:27:08.798, 5, 24576, 12, 24247, 0, 0
2025/01/06 13:27:08.899, 5, 24576, 12, 24247, 0, 0
2025/01/06 13:27:08.999, 5, 24576, 12, 24247, 0, 0
2025/01/06 13:27:09.100, 5, 24576, 12, 24247, 0, 0
2025/01/06 13:27:09.201, 5, 24576, 12, 24247, 0, 0
2025/01/06 13:27:09.302, 5, 24576, 12, 24247, 0, 0
2025/01/06 13:27:09