timestamp, index, memory.total [MiB], memory.used [MiB], memory.free [MiB], utilization.gpu [%], utilization.memory [%]
2025/01/06 12:02:29.056, 5, 24576, 12, 24247, 0, 0
2025/01/06 12:02:29.157, 5, 24576, 12, 24247, 0, 0
2025/01/06 12:02:29.258, 5, 24576, 12, 24247, 0, 0
2025/01/06 12:02:29.358, 5, 24576, 12, 24247, 0, 0
2025/01/06 12:02:29.459, 5, 24576, 12, 24247, 0, 0
2025/01/06 12:02:29.560, 5, 24576, 12, 24247, 0, 0
2025/01/06 12:02:29.662, 5, 24576, 12, 24247, 0, 0
2025/01/06 12:02:29.762, 5, 24576, 12, 24247, 0, 0
2025/01/06 12:02:29.863, 5, 24576, 12, 24247, 0, 0
2025/01/06 12:02:29.964, 5, 24576, 12, 24247, 0, 0
2025/01/06 12:02:30.065, 5, 24576, 12, 24247, 0, 0
2025/01/06 12:02:30.166, 5, 24576, 12, 24247, 0, 0
2025/01/06 12:02:30.267, 5, 24576, 12, 24247, 0, 0
2025/01/06 12:02:30.367, 5, 24576, 12, 24247, 0, 0
2025/01/06 12:02:30.468, 5, 24576, 12, 24247, 0, 0
2025/01/06 12:02:30.569, 5, 24576, 12, 24247, 0, 0
2025/01/06 12:02:30.670, 5, 24576, 12, 24247, 0, 0
2025/01/06 12:02:30.771, 5, 24576, 12, 24247, 0, 0
2025/01/06 12:02:30.872, 5, 24576, 12, 24247, 0, 0
2025/01/06 12:02:30.973, 5, 24576, 12, 24247, 0, 0
2025/01/06 12:02:31.074, 5, 24576, 12, 24247, 0, 0
2025/01/06 12:02:31.174, 5, 24576, 24, 24234, 0, 0
2025/01/06 12:02:31.295, 5, 24576, 312, 23946, 0, 0
2025/01/06 12:02:31.396, 5, 24576, 312, 23946, 5, 0
2025/01/06 12:02:31.497, 5, 24576, 312, 23946, 5, 0
2025/01/06 12:02:31.597, 5, 24576, 316, 23942, 1, 0
2025/01/06 12:02:31.699, 5, 24576, 370, 23888, 1, 0
2025/01/06 12:02:31.799, 5, 24576, 370, 23888, 9, 0
2025/01/06 12:02:31.900, 5, 24576, 370, 23888, 9, 0
2025/01/06 12:02:32.001, 5, 24576, 516, 23742, 7, 0
2025/01/06 12:02:32.101, 5, 24576, 516, 23742, 7, 0
2025/01/06 12:02:32.202, 5, 24576, 516, 23742, 0, 0
2025/01/06 12:02:32.303, 5, 24576, 516, 23742, 0, 0
2025/01/06 12:02:32.404, 5, 24576, 516, 23742, 0, 0
2025/01/06 12:02:32.505, 5, 24576, 516, 23742, 0, 0
2025/01/06 12:02:32.606, 5, 24576, 516, 23742, 0, 0
2025/01/06 12:02:32.707, 5, 24576, 516, 23742, 0, 0
2025/01/06 12:02:32.808, 5, 24576, 516, 23742, 0, 0
2025/01/06 12:02:32.909, 5, 24576, 516, 23742, 0, 0
2025/01/06 12:02:33.009, 5, 24576, 516, 23742, 0, 0
2025/01/06 12:02:33.110, 5, 24576, 516, 23742, 0, 0
2025/01/06 12:02:33.211, 5, 24576, 516, 23742, 0, 0
2025/01/06 12:02:33.312, 5, 24576, 516, 23742, 0, 0
2025/01/06 12:02:33.412, 5, 24576, 516, 23742, 0, 0
2025/01/06 12:02:33.513, 5, 24576, 516, 23742, 0, 0
2025/01/06 12:02:33.613, 5, 24576, 516, 23742, 0, 0
2025/01/06 12:02:33.714, 5, 24576, 516, 23742, 0, 0
2025/01/06 12:02:33.815, 5, 24576, 516, 23742, 0, 0
2025/01/06 12:02:33.915, 5, 24576, 520, 23738, 0, 0
2025/01/06 12:02:34.016, 5, 24576, 520, 23738, 0, 0
2025/01/06 12:02:34.117, 5, 24576, 520, 23738, 0, 0
2025/01/06 12:02:34.218, 5, 24576, 520, 23738, 0, 0
2025/01/06 12:02:34.318, 5, 24576, 520, 23738, 0, 0
2025/01/06 12:02:34.419, 5, 24576, 528, 23730, 0, 0
2025/01/06 12:02:34.520, 5, 24576, 530, 23728, 0, 0
2025/01/06 12:02:34.620, 5, 24576, 530, 23728, 1, 0
2025/01/06 12:02:34.721, 5, 24576, 690, 23568, 1, 0
2025/01/06 12:02:34.822, 5, 24576, 926, 23332, 2, 0
2025/01/06 12:02:34.923, 5, 24576, 926, 23332, 2, 0
2025/01/06 12:02:35.024, 5, 24576, 926, 23332, 53, 29
2025/01/06 12:02:35.124, 5, 24576, 926, 23332, 53, 29
2025/01/06 12:02:35.226, 5, 24576, 926, 23332, 55, 32
2025/01/06 12:02:35.327, 5, 24576, 926, 23332, 55, 32
2025/01/06 12:02:35.427, 5, 24576, 926, 23332, 62, 36
2025/01/06 12:02:35.528, 5, 24576, 926, 23332, 62, 36
2025/01/06 12:02:35.629, 5, 24576, 926, 23332, 60, 35
2025/01/06 12:02:35.730, 5, 24576, 926, 23332, 60, 35
2025/01/06 12:02:35.830, 5, 24576, 926, 23332, 45, 26
2025/01/06 12:02:35.931, 5, 24576, 926, 23332, 45, 26
2025/01/06 12:02:36.032, 5, 24576, 926, 23332, 52, 30
2025/01/06 12:02:36.132, 5, 24576, 926, 23332, 52, 30
2025/01/06 12:02:36.233, 5, 24576, 926, 23332, 57, 33
2025/01/06 12:02:36.334, 5, 24576, 926, 23332, 57, 33
2025/01/06 12:02:36.435, 5, 24576, 926, 23332, 55, 32
2025/01/06 12:02:36.535, 5, 24576, 926, 23332, 55, 32
2025/01/06 12:02:36.636, 5, 24576, 926, 23332, 52, 30
2025/01/06 12:02:36.737, 5, 24576, 926, 23332, 52, 30
2025/01/06 12:02:36.837, 5, 24576, 926, 23332, 53, 31
2025/01/06 12:02:36.938, 5, 24576, 926, 23332, 53, 31
2025/01/06 12:02:37.039, 5, 24576, 926, 23332, 41, 24
2025/01/06 12:02:37.139, 5, 24576, 926, 23332, 41, 24
2025/01/06 12:02:37.240, 5, 24576, 926, 23332, 51, 30
2025/01/06 12:02:37.341, 5, 24576, 926, 23332, 51, 30
2025/01/06 12:02:37.441, 5, 24576, 926, 23332, 55, 32
2025/01/06 12:02:37.543, 5, 24576, 926, 23332, 55, 32
2025/01/06 12:02:37.643, 5, 24576, 926, 23332, 55, 32
2025/01/06 12:02:37.744, 5, 24576, 926, 23332, 55, 32
2025/01/06 12:02:37.845, 5, 24576, 926, 23332, 48, 28
2025/01/06 12:02:37.946, 5, 24576, 926, 23332, 48, 28
2025/01/06 12:02:38.047, 5, 24576, 926, 23332, 55, 32
2025/01/06 12:02:38.148, 5, 24576, 926, 23332, 55, 32
2025/01/06 12:02:38.248, 5, 24576, 926, 23332, 58, 34
2025/01/06 12:02:38.349, 5, 24576, 926, 23332, 58, 34
2025/01/06 12:02:38.450, 5, 24576, 926, 23332, 57, 33
2025/01/06 12:02:38.551, 5, 24576, 926, 23332, 57, 33
2025/01/06 12:02:38.651, 5, 24576, 926, 23332, 45, 27
2025/01/06 12:02:38.752, 5, 24576, 926, 23332, 45, 27
2025/01/06 12:02:38.853, 5, 24576, 926, 23332, 54, 32
2025/01/06 12:02:38.953, 5, 24576, 926, 23332, 54, 32
2025/01/06 12:02:39.054, 5, 24576, 926, 23332, 56, 32
2025/01/06 12:02:39.155, 5, 24576, 926, 23332, 56, 32
2025/01/06 12:02:39.256, 5, 24576, 926, 23332, 54, 32
2025/01/06 12:02:39.357, 5, 24576, 926, 23332, 54, 32
2025/01/06 12:02:39.457, 5, 24576, 926, 23332, 52, 30
2025/01/06 12:02:39.558, 5, 24576, 926, 23332, 52, 30
2025/01/06 12:02:39.659, 5, 24576, 926, 23332, 55, 32
2025/01/06 12:02:39.759, 5, 24576, 926, 23332, 55, 32
2025/01/06 12:02:39.860, 5, 24576, 926, 23332, 50, 29
2025/01/06 12:02:39.961, 5, 24576, 926, 23332, 50, 29
2025/01/06 12:02:40.062, 5, 24576, 926, 23332, 46, 27
2025/01/06 12:02:40.163, 5, 24576, 926, 23332, 51, 30
2025/01/06 12:02:40.265, 5, 24576, 926, 23332, 51, 30
2025/01/06 12:02:40.366, 5, 24576, 926, 23332, 54, 32
2025/01/06 12:02:40.467, 5, 24576, 926, 23332, 54, 32
2025/01/06 12:02:40.567, 5, 24576, 926, 23332, 55, 32
2025/01/06 12:02:40.668, 5, 24576, 926, 23332, 55, 32
2025/01/06 12:02:40.769, 5, 24576, 926, 23332, 48, 28
2025/01/06 12:02:40.870, 5, 24576, 926, 23332, 48, 28
2025/01/06 12:02:40.970, 5, 24576, 926, 23332, 49, 29
2025/01/06 12:02:41.071, 5, 24576, 926, 23332, 49, 29
2025/01/06 12:02:41.172, 5, 24576, 926, 23332, 54, 32
2025/01/06 12:02:41.273, 5, 24576, 926, 23332, 54, 32
2025/01/06 12:02:41.374, 5, 24576, 926, 23332, 56, 32
2025/01/06 12:02:41.474, 5, 24576, 926, 23332, 56, 32
2025/01/06 12:02:41.575, 5, 24576, 926, 23332, 56, 32
2025/01/06 12:02:41.675, 5, 24576, 926, 23332, 56, 32
2025/01/06 12:02:41.776, 5, 24576, 926, 23332, 48, 28
2025/01/06 12:02:41.877, 5, 24576, 926, 23332, 48, 28
2025/01/06 12:02:41.977, 5, 24576, 926, 23332, 55, 32
2025/01/06 12:02:42.078, 5, 24576, 926, 23332, 55, 32
2025/01/06 12:02:42.179, 5, 24576, 926, 23332, 55, 32
2025/01/06 12:02:42.279, 5, 24576, 926, 23332, 55, 32
2025/01/06 12:02:42.380, 5, 24576, 926, 23332, 54, 31
2025/01/06 12:02:42.481, 5, 24576, 926, 23332, 54, 31
2025/01/06 12:02:42.582, 5, 24576, 926, 23332, 54, 31
2025/01/06 12:02:42.683, 5, 24576, 926, 23332, 54, 31
2025/01/06 12:02:42.784, 5, 24576, 926, 23332, 43, 25
2025/01/06 12:02:42.885, 5, 24576, 926, 23332, 43, 25
2025/01/06 12:02:42.985, 5, 24576, 926, 23332, 58, 34
2025/01/06 12:02:43.086, 5, 24576, 926, 23332, 58, 34
2025/01/06 12:02:43.188, 5, 24576, 926, 23332, 41, 24
2025/01/06 12:02:43.288, 5, 24576, 926, 23332, 41, 24
2025/01/06 12:02:43.389, 5, 24576, 926, 23332, 55, 32
2025/01/06 12:02:43.490, 5, 24576, 926, 23332, 55, 32
2025/01/06 12:02:43.590, 5, 24576, 926, 23332, 57, 33
2025/01/06 12:02:43.691, 5, 24576, 926, 23332, 57, 33
2025/01/06 12:02:43.792, 5, 24576, 926, 23332, 56, 33
2025/01/06 12:02:43.892, 5, 24576, 926, 23332, 56, 33
2025/01/06 12:02:43.993, 5, 24576, 926, 23332, 56, 32
2025/01/06 12:02:44.094, 5, 24576, 926, 23332, 56, 32
2025/01/06 12:02:44.194, 5, 24576, 926, 23332, 56, 32
2025/01/06 12:02:44.295, 5, 24576, 926, 23332, 56, 32
2025/01/06 12:02:44.396, 5, 24576, 926, 23332, 57, 33
2025/01/06 12:02:44.496, 5, 24576, 926, 23332, 57, 33
2025/01/06 12:02:44.597, 5, 24576, 926, 23332, 57, 33
2025/01/06 12:02:44.698, 5, 24576, 926, 23332, 57, 33
2025/01/06 12:02:44.798, 5, 24576, 926, 23332, 55, 32
2025/01/06 12:02:44.899, 5, 24576, 926, 23332, 55, 32
2025/01/06 12:02:45.000, 5, 24576, 926, 23332, 57, 33
2025/01/06 12:02:45.101, 5, 24576, 926, 23332, 57, 33
2025/01/06 12:02:45.203, 5, 24576, 926, 23332, 55, 32
2025/01/06 12:02:45.303, 5, 24576, 926, 23332, 55, 32
2025/01/06 12:02:45.404, 5, 24576, 926, 23332, 56, 32
2025/01/06 12:02:45.505, 5, 24576, 926, 23332, 56, 32
2025/01/06 12:02:45.605, 5, 24576, 926, 23332, 55, 32
2025/01/06 12:02:45.706, 5, 24576, 926, 23332, 55, 32
2025/01/06 12:02:45.807, 5, 24576, 926, 23332, 53, 31
2025/01/06 12:02:45.907, 5, 24576, 926, 23332, 53, 31
2025/01/06 12:02:46.008, 5, 24576, 926, 23332, 50, 29
2025/01/06 12:02:46.109, 5, 24576, 926, 23332, 50, 29
2025/01/06 12:02:46.210, 5, 24576, 926, 23332, 54, 31
2025/01/06 12:02:46.310, 5, 24576, 926, 23332, 54, 31
2025/01/06 12:02:46.411, 5, 24576, 926, 23332, 45, 26
2025/01/06 12:02:46.512, 5, 24576, 926, 23332, 45, 26
2025/01/06 12:02:46.612, 5, 24576, 926, 23332, 52, 30
2025/01/06 12:02:46.713, 5, 24576, 926, 23332, 52, 30
2025/01/06 12:02:46.814, 5, 24576, 926, 23332, 49, 29
2025/01/06 12:02:46.914, 5, 24576, 926, 23332, 49, 29
2025/01/06 12:02:47.015, 5, 24576, 926, 23332, 53, 31
2025/01/06 12:02:47.116, 5, 24576, 926, 23332, 53, 31
2025/01/06 12:02:47.217, 5, 24576, 926, 23332, 56, 33
2025/01/06 12:02:47.317, 5, 24576, 926, 23332, 56, 33
2025/01/06 12:02:47.418, 5, 24576, 926, 23332, 41, 24
2025/01/06 12:02:47.519, 5, 24576, 926, 23332, 41, 24
2025/01/06 12:02:47.620, 5, 24576, 926, 23332, 51, 30
2025/01/06 12:02:47.721, 5, 24576, 926, 23332, 51, 30
2025/01/06 12:02:47.822, 5, 24576, 926, 23332, 53, 31
2025/01/06 12:02:47.923, 5, 24576, 926, 23332, 53, 31
2025/01/06 12:02:48.023, 5, 24576, 926, 23332, 56, 32
2025/01/06 12:02:48.124, 5, 24576, 926, 23332, 56, 32
2025/01/06 12:02:48.225, 5, 24576, 926, 23332, 59, 34
2025/01/06 12:02:48.325, 5, 24576, 926, 23332, 59, 34
2025/01/06 12:02:48.426, 5, 24576, 926, 23332, 63, 36
2025/01/06 12:02:48.527, 5, 24576, 926, 23332, 63, 36
2025/01/06 12:02:48.627, 5, 24576, 926, 23332, 52, 30
2025/01/06 12:02:48.728, 5, 24576, 926, 23332, 52, 30
2025/01/06 12:02:48.829, 5, 24576, 926, 23332, 56, 33
2025/01/06 12:02:48.929, 5, 24576, 926, 23332, 56, 33
2025/01/06 12:02:49.030, 5, 24576, 926, 23332, 55, 32
2025/01/06 12:02:49.131, 5, 24576, 926, 23332, 55, 32
2025/01/06 12:02:49.231, 5, 24576, 926, 23332, 55, 32
2025/01/06 12:02:49.332, 5, 24576, 926, 23332, 55, 32
2025/01/06 12:02:49.433, 5, 24576, 926, 23332, 57, 33
2025/01/06 12:02:49.534, 5, 24576, 926, 23332, 57, 33
2025/01/06 12:02:49.634, 5, 24576, 926, 23332, 56, 32
2025/01/06 12:02:49.735, 5, 24576, 926, 23332, 56, 32
2025/01/06 12:02:49.836, 5, 24576, 926, 23332, 55, 32
2025/01/06 12:02:49.936, 5, 24576, 926, 23332, 55, 32
2025/01/06 12:02:50.037, 5, 24576, 926, 23332, 57, 33
2025/01/06 12:02:50.138, 5, 24576, 926, 23332, 57, 33
2025/01/06 12:02:50.239, 5, 24576, 926, 23332, 54, 31
2025/01/06 12:02:50.340, 5, 24576, 926, 23332, 54, 31
2025/01/06 12:02:50.440, 5, 24576, 926, 23332, 51, 30
2025/01/06 12:02:50.541, 5, 24576, 926, 23332, 51, 30
2025/01/06 12:02:50.642, 5, 24576, 926, 23332, 58, 34
2025/01/06 12:02:50.743, 5, 24576, 926, 23332, 58, 34
2025/01/06 12:02:50.843, 5, 24576, 926, 23332, 58, 33
2025/01/06 12:02:50.944, 5, 24576, 926, 23332, 58, 33
2025/01/06 12:02:51.045, 5, 24576, 926, 23332, 56, 32
2025/01/06 12:02:51.146, 5, 24576, 926, 23332, 56, 32
2025/01/06 12:02:51.246, 5, 24576, 926, 23332, 48, 28
2025/01/06 12:02:51.347, 5, 24576, 926, 23332, 48, 28
2025/01/06 12:02:51.448, 5, 24576, 926, 23332, 45, 26
2025/01/06 12:02:51.548, 5, 24576, 926, 23332, 45, 26
2025/01/06 12:02:51.649, 5, 24576, 926, 23332, 57, 33
2025/01/06 12:02:51.750, 5, 24576, 926, 23332, 57, 33
2025/01/06 12:02:51.851, 5, 24576, 926, 23332, 57, 33
2025/01/06 12:02:51.951, 5, 24576, 926, 23332, 57, 33
2025/01/06 12:02:52.052, 5, 24576, 926, 23332, 54, 31
2025/01/06 12:02:52.153, 5, 24576, 926, 23332, 54, 31
2025/01/06 12:02:52.254, 5, 24576, 926, 23332, 57, 33
2025/01/06 12:02:52.354, 5, 24576, 926, 23332, 57, 33
2025/01/06 12:02:52.455, 5, 24576, 926, 23332, 55, 32
2025/01/06 12:02:52.556, 5, 24576, 926, 23332, 55, 32
2025/01/06 12:02:52.656, 5, 24576, 926, 23332, 54, 31
2025/01/06 12:02:52.757, 5, 24576, 926, 23332, 54, 31
2025/01/06 12:02:52.858, 5, 24576, 926, 23332, 48, 28
2025/01/06 12:02:52.959, 5, 24576, 926, 23332, 51, 30
2025/01/06 12:02:53.076, 5, 24576, 926, 23332, 51, 30
2025/01/06 12:02:53.177, 5, 24576, 926, 23332, 57, 33
2025/01/06 12:02:53.278, 5, 24576, 926, 23332, 57, 33
2025/01/06 12:02:53.379, 5, 24576, 926, 23332, 58, 33
2025/01/06 12:02:53.480, 5, 24576, 926, 23332, 58, 33
2025/01/06 12:02:53.581, 5, 24576, 926, 23332, 55, 32
2025/01/06 12:02:53.682, 5, 24576, 926, 23332, 55, 32
2025/01/06 12:02:53.782, 5, 24576, 926, 23332, 57, 33
2025/01/06 12:02:53.883, 5, 24576, 926, 23332, 57, 33
2025/01/06 12:02:53.984, 5, 24576, 926, 23332, 60, 35
2025/01/06 12:02:54.085, 5, 24576, 926, 23332, 60, 35
2025/01/06 12:02:54.185, 5, 24576, 926, 23332, 66, 38
2025/01/06 12:02:54.286, 5, 24576, 926, 23332, 66, 38
2025/01/06 12:02:54.387, 5, 24576, 926, 23332, 60, 35
2025/01/06 12:02:54.487, 5, 24576, 926, 23332, 60, 35
2025/01/06 12:02:54.588, 5, 24576, 926, 23332, 55, 32
2025/01/06 12:02:54.689, 5, 24576, 926, 23332, 55, 32
2025/01/06 12:02:54.789, 5, 24576, 926, 23332, 58, 33
2025/01/06 12:02:54.890, 5, 24576, 926, 23332, 58, 33
2025/01/06 12:02:54.991, 5, 24576, 926, 23332, 58, 34
2025/01/06 12:02:55.091, 5, 24576, 926, 23332, 58, 34
2025/01/06 12:02:55.193, 5, 24576, 926, 23332, 56, 32
2025/01/06 12:02:55.293, 5, 24576, 926, 23332, 56, 32
2025/01/06 12:02:55.394, 5, 24576, 926, 23332, 57, 33
2025/01/06 12:02:55.495, 5, 24576, 926, 23332, 57, 33
2025/01/06 12:02:55.595, 5, 24576, 926, 23332, 58, 33
2025/01/06 12:02:55.696, 5, 24576, 926, 23332, 58, 33
2025/01/06 12:02:55.797, 5, 24576, 926, 23332, 61, 35
2025/01/06 12:02:55.898, 5, 24576, 926, 23332, 61, 35
2025/01/06 12:02:55.999, 5, 24576, 926, 23332, 62, 36
2025/01/06 12:02:56.100, 5, 24576, 926, 23332, 62, 36
2025/01/06 12:02:56.201, 5, 24576, 926, 23332, 61, 35
2025/01/06 12:02:56.301, 5, 24576, 926, 23332, 61, 35
2025/01/06 12:02:56.402, 5, 24576, 926, 23332, 63, 36
2025/01/06 12:02:56.503, 5, 24576, 926, 23332, 63, 36
2025/01/06 12:02:56.603, 5, 24576, 926, 23332, 61, 35
2025/01/06 12:02:56.704, 5, 24576, 926, 23332, 61, 35
2025/01/06 12:02:56.805, 5, 24576, 926, 23332, 62, 36
2025/01/06 12:02:56.906, 5, 24576, 926, 23332, 62, 36
2025/01/06 12:02:57.006, 5, 24576, 926, 23332, 55, 32
2025/01/06 12:02:57.107, 5, 24576, 926, 23332, 55, 32
2025/01/06 12:02:57.208, 5, 24576, 926, 23332, 60, 35
2025/01/06 12:02:57.308, 5, 24576, 926, 23332, 60, 35
2025/01/06 12:02:57.409, 5, 24576, 926, 23332, 60, 35
2025/01/06 12:02:57.510, 5, 24576, 926, 23332, 60, 35
2025/01/06 12:02:57.611, 5, 24576, 926, 23332, 59, 34
2025/01/06 12:02:57.711, 5, 24576, 926, 23332, 59, 34
2025/01/06 12:02:57.812, 5, 24576, 926, 23332, 57, 32
2025/01/06 12:02:57.913, 5, 24576, 926, 23332, 57, 32
2025/01/06 12:02:58.013, 5, 24576, 926, 23332, 56, 33
2025/01/06 12:02:58.114, 5, 24576, 926, 23332, 56, 33
2025/01/06 12:02:58.215, 5, 24576, 926, 23332, 56, 32
2025/01/06 12:02:58.316, 5, 24576, 926, 23332, 56, 32
2025/01/06 12:02:58.417, 5, 24576, 926, 23332, 56, 32
2025/01/06 12:02:58.517, 5, 24576, 926, 23332, 56, 32
2025/01/06 12:02:58.618, 5, 24576, 926, 23332, 58, 34
2025/01/06 12:02:58.719, 5, 24576, 926, 23332, 58, 34
2025/01/06 12:02:58.820, 5, 24576, 926, 23332, 58, 34
2025/01/06 12:02:58.921, 5, 24576, 926, 23332, 58, 34
2025/01/06 12:02:59.021, 5, 24576, 926, 23332, 57, 33
2025/01/06 12:02:59.122, 5, 24576, 926, 23332, 57, 33
2025/01/06 12:02:59.223, 5, 24576, 926, 23332, 55, 32
2025/01/06 12:02:59.323, 5, 24576, 926, 23332, 55, 32
2025/01/06 12:02:59.424, 5, 24576, 926, 23332, 57, 32
2025/01/06 12:02:59.525, 5, 24576, 926, 23332, 57, 32
2025/01/06 12:02:59.626, 5, 24576, 926, 23332, 56, 33
2025/01/06 12:02:59.726, 5, 24576, 926, 23332, 56, 33
2025/01/06 12:02:59.827, 5, 24576, 926, 23332, 59, 34
2025/01/06 12:02:59.928, 5, 24576, 926, 23332, 59, 34
2025/01/06 12:03:00.028, 5, 24576, 926, 23332, 59, 34
2025/01/06 12:03:00.129, 5, 24576, 926, 23332, 59, 34
2025/01/06 12:03:00.230, 5, 24576, 926, 23332, 59, 34
2025/01/06 12:03:00.331, 5, 24576, 926, 23332, 59, 34
2025/01/06 12:03:00.431, 5, 24576, 926, 23332, 60, 35
2025/01/06 12:03:00.532, 5, 24576, 926, 23332, 60, 35
2025/01/06 12:03:00.633, 5, 24576, 926, 23332, 59, 34
2025/01/06 12:03:00.733, 5, 24576, 926, 23332, 59, 34
2025/01/06 12:03:00.834, 5, 24576, 926, 23332, 59, 34
2025/01/06 12:03:00.935, 5, 24576, 926, 23332, 59, 34
2025/01/06 12:03:01.036, 5, 24576, 926, 23332, 60, 35
2025/01/06 12:03:01.137, 5, 24576, 926, 23332, 60, 35
2025/01/06 12:03:01.238, 5, 24576, 926, 23332, 58, 34
2025/01/06 12:03:01.338, 5, 24576, 926, 23332, 58, 34
2025/01/06 12:03:01.439, 5, 24576, 926, 23332, 60, 34
2025/01/06 12:03:01.540, 5, 24576, 926, 23332, 60, 34
2025/01/06 12:03:01.640, 5, 24576, 926, 23332, 58, 33
2025/01/06 12:03:01.741, 5, 24576, 926, 23332, 58, 33
2025/01/06 12:03:01.842, 5, 24576, 926, 23332, 58, 34
2025/01/06 12:03:01.942, 5, 24576, 926, 23332, 58, 34
2025/01/06 12:03:02.043, 5, 24576, 926, 23332, 59, 34
2025/01/06 12:03:02.144, 5, 24576, 926, 23332, 59, 34
2025/01/06 12:03:02.244, 5, 24576, 926, 23332, 56, 32
2025/01/06 12:03:02.350, 5, 24576, 926, 23332, 56, 32
2025/01/06 12:03:02.451, 5, 24576, 926, 23332, 42, 24
2025/01/06 12:03:02.551, 5, 24576, 926, 23332, 42, 24
2025/01/06 12:03:02.652, 5, 24576, 926, 23332, 55, 32
2025/01/06 12:03:02.753, 5, 24576, 926, 23332, 55, 32
2025/01/06 12:03:02.854, 5, 24576, 926, 23332, 53, 30
2025/01/06 12:03:02.955, 5, 24576, 926, 23332, 49, 29
2025/01/06 12:03:03.058, 5, 24576, 926, 23332, 49, 29
2025/01/06 12:03:03.159, 5, 24576, 926, 23332, 50, 28
2025/01/06 12:03:03.259, 5, 24576, 926, 23332, 50, 28
2025/01/06 12:03:03.361, 5, 24576, 926, 23332, 55, 32
2025/01/06 12:03:03.465, 5, 24576, 926, 23332, 55, 32
2025/01/06 12:03:03.565, 5, 24576, 926, 23332, 58, 34
2025/01/06 12:03:03.666, 5, 24576, 926, 23332, 58, 34
2025/01/06 12:03:03.767, 5, 24576, 926, 23332, 56, 33
2025/01/06 12:03:03.867, 5, 24576, 926, 23332, 56, 33
2025/01/06 12:03:03.968, 5, 24576, 926, 23332, 58, 34
2025/01/06 12:03:04.068, 5, 24576, 926, 23332, 58, 34
2025/01/06 12:03:04.169, 5, 24576, 926, 23332, 55, 32
2025/01/06 12:03:04.270, 5, 24576, 926, 23332, 55, 32
2025/01/06 12:03:04.370, 5, 24576, 926, 23332, 48, 28
2025/01/06 12:03:04.471, 5, 24576, 926, 23332, 48, 28
2025/01/06 12:03:04.572, 5, 24576, 926, 23332, 54, 31
2025/01/06 12:03:04.672, 5, 24576, 926, 23332, 54, 31
2025/01/06 12:03:04.773, 5, 24576, 926, 23332, 55, 32
2025/01/06 12:03:04.874, 5, 24576, 926, 23332, 55, 32
2025/01/06 12:03:04.975, 5, 24576, 926, 23332, 57, 33
2025/01/06 12:03:05.076, 5, 24576, 926, 23332, 57, 33
2025/01/06 12:03:05.177, 5, 24576, 926, 23332, 57, 33
2025/01/06 12:03:05.277, 5, 24576, 926, 23332, 57, 33
2025/01/06 12:03:05.378, 5, 24576, 926, 23332, 55, 32
2025/01/06 12:03:05.479, 5, 24576, 926, 23332, 55, 32
2025/01/06 12:03:05.580, 5, 24576, 926, 23332, 57, 33
2025/01/06 12:03:05.680, 5, 24576, 926, 23332, 57, 33
2025/01/06 12:03:05.781, 5, 24576, 926, 23332, 57, 33
2025/01/06 12:03:05.882, 5, 24576, 926, 23332, 57, 33
2025/01/06 12:03:05.983, 5, 24576, 926, 23332, 57, 33
2025/01/06 12:03:06.088, 5, 24576, 926, 23332, 57, 33
2025/01/06 12:03:06.189, 5, 24576, 926, 23332, 57, 33
2025/01/06 12:03:06.289, 5, 24576, 926, 23332, 57, 33
2025/01/06 12:03:06.390, 5, 24576, 926, 23332, 54, 31
2025/01/06 12:03:06.491, 5, 24576, 926, 23332, 54, 31
2025/01/06 12:03:06.591, 5, 24576, 926, 23332, 56, 33
2025/01/06 12:03:06.692, 5, 24576, 926, 23332, 56, 33
2025/01/06 12:03:06.793, 5, 24576, 926, 23332, 58, 34
2025/01/06 12:03:06.894, 5, 24576, 926, 23332, 58, 34
2025/01/06 12:03:06.995, 5, 24576, 926, 23332, 57, 33
2025/01/06 12:03:07.096, 5, 24576, 926, 23332, 57, 33
2025/01/06 12:03:07.196, 5, 24576, 926, 23332, 58, 34
2025/01/06 12:03:07.297, 5, 24576, 926, 23332, 58, 34
2025/01/06 12:03:07.398, 5, 24576, 926, 23332, 56, 32
2025/01/06 12:03:07.499, 5, 24576, 926, 23332, 56, 32
2025/01/06 12:03:07.599, 5, 24576, 926, 23332, 57, 33
2025/01/06 12:03:07.700, 5, 24576, 926, 23332, 57, 33
2025/01/06 12:03:07.801, 5, 24576, 926, 23332, 57, 33
2025/01/06 12:03:07.901, 5, 24576, 926, 23332, 57, 33
2025/01/06 12:03:08.002, 5, 24576, 926, 23332, 57, 33
2025/01/06 12:03:08.103, 5, 24576, 926, 23332, 57, 33
2025/01/06 12:03:08.203, 5, 24576, 926, 23332, 55, 32
2025/01/06 12:03:08.304, 5, 24576, 926, 23332, 55, 32
2025/01/06 12:03:08.405, 5, 24576, 926, 23332, 54, 32
2025/01/06 12:03:08.505, 5, 24576, 926, 23332, 54, 32
2025/01/06 12:03:08.606, 5, 24576, 926, 23332, 57, 33
2025/01/06 12:03:08.707, 5, 24576, 926, 23332, 57, 33
2025/01/06 12:03:08.808, 5, 24576, 926, 23332, 58, 34
2025/01/06 12:03:08.908, 5, 24576, 926, 23332, 58, 34
2025/01/06 12:03:09.009, 5, 24576, 926, 23332, 56, 33
2025/01/06 12:03:09.110, 5, 24576, 926, 23332, 56, 33
2025/01/06 12:03:09.210, 5, 24576, 926, 23332, 56, 32
2025/01/06 12:03:09.311, 5, 24576, 926, 23332, 56, 32
2025/01/06 12:03:09.412, 5, 24576, 926, 23332, 57, 33
2025/01/06 12:03:09.514, 5, 24576, 926, 23332, 57, 33
2025/01/06 12:03:09.614, 5, 24576, 926, 23332, 57, 33
2025/01/06 12:03:09.715, 5, 24576, 926, 23332, 57, 33
2025/01/06 12:03:09.816, 5, 24576, 926, 23332, 56, 33
2025/01/06 12:03:09.917, 5, 24576, 926, 23332, 56, 33
2025/01/06 12:03:10.018, 5, 24576, 926, 23332, 57, 33
2025/01/06 12:03:10.118, 5, 24576, 926, 23332, 57, 33
2025/01/06 12:03:10.219, 5, 24576, 926, 23332, 55, 32
2025/01/06 12:03:10.320, 5, 24576, 926, 23332, 55, 32
2025/01/06 12:03:10.420, 5, 24576, 926, 23332, 55, 32
2025/01/06 12:03:10.521, 5, 24576, 926, 23332, 55, 32
2025/01/06 12:03:10.622, 5, 24576, 926, 23332, 55, 32
2025/01/06 12:03:10.723, 5, 24576, 926, 23332, 55, 32
2025/01/06 12:03:10.823, 5, 24576, 926, 23332, 57, 33
2025/01/06 12:03:10.924, 5, 24576, 926, 23332, 57, 33
2025/01/06 12:03:11.025, 5, 24576, 926, 23332, 56, 33
2025/01/06 12:03:11.125, 5, 24576, 926, 23332, 56, 33
2025/01/06 12:03:11.226, 5, 24576, 926, 23332, 55, 32
2025/01/06 12:03:11.327, 5, 24576, 926, 23332, 55, 32
2025/01/06 12:03:11.427, 5, 24576, 926, 23332, 55, 32
2025/01/06 12:03:11.528, 5, 24576, 926, 23332, 55, 32
2025/01/06 12:03:11.629, 5, 24576, 926, 23332, 57, 33
2025/01/06 12:03:11.730, 5, 24576, 926, 23332, 57, 33
2025/01/06 12:03:11.830, 5, 24576, 926, 23332, 54, 31
2025/01/06 12:03:11.931, 5, 24576, 926, 23332, 54, 31
2025/01/06 12:03:12.032, 5, 24576, 926, 23332, 59, 34
2025/01/06 12:03:12.133, 5, 24576, 926, 23332, 59, 34
2025/01/06 12:03:12.234, 5, 24576, 926, 23332, 55, 32
2025/01/06 12:03:12.335, 5, 24576, 926, 23332, 55, 32
2025/01/06 12:03:12.435, 5, 24576, 926, 23332, 54, 31
2025/01/06 12:03:12.536, 5, 24576, 926, 23332, 54, 31
2025/01/06 12:03:12.637, 5, 24576, 926, 23332, 57, 33
2025/01/06 12:03:12.737, 5, 24576, 926, 23332, 57, 33
2025/01/06 12:03:12.838, 5, 24576, 926, 23332, 57, 33
2025/01/06 12:03:12.939, 5, 24576, 926, 23332, 57, 33
2025/01/06 12:03:13.040, 5, 24576, 926, 23332, 56, 33
2025/01/06 12:03:13.140, 5, 24576, 926, 23332, 56, 33
2025/01/06 12:03:13.241, 5, 24576, 926, 23332, 55, 32
2025/01/06 12:03:13.342, 5, 24576, 926, 23332, 55, 32
2025/01/06 12:03:13.442, 5, 24576, 926, 23332, 55, 32
2025/01/06 12:03:13.543, 5, 24576, 926, 23332, 55, 32
2025/01/06 12:03:13.644, 5, 24576, 926, 23332, 54, 31
2025/01/06 12:03:13.744, 5, 24576, 926, 23332, 54, 31
2025/01/06 12:03:13.845, 5, 24576, 926, 23332, 58, 34
2025/01/06 12:03:13.946, 5, 24576, 926, 23332, 58, 34
2025/01/06 12:03:14.047, 5, 24576, 926, 23332, 57, 33
2025/01/06 12:03:14.147, 5, 24576, 926, 23332, 57, 33
2025/01/06 12:03:14.248, 5, 24576, 926, 23332, 57, 33
2025/01/06 12:03:14.349, 5, 24576, 926, 23332, 57, 33
2025/01/06 12:03:14.450, 5, 24576, 926, 23332, 58, 33
2025/01/06 12:03:14.550, 5, 24576, 926, 23332, 58, 33
2025/01/06 12:03:14.651, 5, 24576, 926, 23332, 57, 33
2025/01/06 12:03:14.752, 5, 24576, 926, 23332, 57, 33
2025/01/06 12:03:14.855, 5, 24576, 926, 23332, 57, 33
2025/01/06 12:03:14.955, 5, 24576, 926, 23332, 57, 33
2025/01/06 12:03:15.056, 5, 24576, 926, 23332, 57, 33
2025/01/06 12:03:15.157, 5, 24576, 926, 23332, 57, 33
2025/01/06 12:03:15.257, 5, 24576, 926, 23332, 57, 33
2025/01/06 12:03:15.358, 5, 24576, 926, 23332, 60, 35
2025/01/06 12:03:15.459, 5, 24576, 926, 23332, 60, 35
2025/01/06 12:03:15.560, 5, 24576, 926, 23332, 39, 22
2025/01/06 12:03:15.660, 5, 24576, 926, 23332, 39, 22
2025/01/06 12:03:15.761, 5, 24576, 926, 23332, 37, 21
2025/01/06 12:03:15.861, 5, 24576, 926, 23332, 37, 21
2025/01/06 12:03:15.962, 5, 24576, 926, 23332, 54, 31
2025/01/06 12:03:16.063, 5, 24576, 926, 23332, 54, 31
2025/01/06 12:03:16.163, 5, 24576, 926, 23332, 34, 20
2025/01/06 12:03:16.264, 5, 24576, 926, 23332, 34, 20
2025/01/06 12:03:16.365, 5, 24576, 926, 23332, 44, 7
2025/01/06 12:03:16.465, 5, 24576, 926, 23332, 44, 7
2025/01/06 12:03:16.566, 5, 24576, 926, 23332, 37, 21
2025/01/06 12:03:16.667, 5, 24576, 926, 23332, 37, 21
2025/01/06 12:03:16.767, 5, 24576, 926, 23332, 44, 25
2025/01/06 12:03:16.868, 5, 24576, 926, 23332, 44, 25
2025/01/06 12:03:16.969, 5, 24576, 926, 23332, 57, 33
2025/01/06 12:03:17.069, 5, 24576, 926, 23332, 57, 33
2025/01/06 12:03:17.170, 5, 24576, 926, 23332, 56, 32
2025/01/06 12:03:17.271, 5, 24576, 926, 23332, 56, 32
2025/01/06 12:03:17.372, 5, 24576, 926, 23332, 56, 33
2025/01/06 12:03:17.473, 5, 24576, 926, 23332, 56, 33
2025/01/06 12:03:17.574, 5, 24576, 926, 23332, 56, 32
2025/01/06 12:03:17.675, 5, 24576, 926, 23332, 56, 32
2025/01/06 12:03:17.776, 5, 24576, 926, 23332, 56, 32
2025/01/06 12:03:17.876, 5, 24576, 926, 23332, 56, 32
2025/01/06 12:03:17.977, 5, 24576, 926, 23332, 56, 32
2025/01/06 12:03:18.078, 5, 24576, 926, 23332, 56, 32
2025/01/06 12:03:18.178, 5, 24576, 926, 23332, 55, 32
2025/01/06 12:03:18.279, 5, 24576, 926, 23332, 55, 32
2025/01/06 12:03:18.380, 5, 24576, 926, 23332, 56, 32
2025/01/06 12:03:18.481, 5, 24576, 926, 23332, 56, 32
2025/01/06 12:03:18.581, 5, 24576, 926, 23332, 56, 32
2025/01/06 12:03:18.682, 5, 24576, 926, 23332, 56, 32
2025/01/06 12:03:18.783, 5, 24576, 926, 23332, 56, 33
2025/01/06 12:03:18.883, 5, 24576, 926, 23332, 56, 33
2025/01/06 12:03:18.984, 5, 24576, 926, 23332, 55, 32
2025/01/06 12:03:19.085, 5, 24576, 926, 23332, 55, 32
2025/01/06 12:03:19.185, 5, 24576, 926, 23332, 55, 32
2025/01/06 12:03:19.286, 5, 24576, 926, 23332, 55, 32
2025/01/06 12:03:19.387, 5, 24576, 926, 23332, 56, 32
2025/01/06 12:03:19.487, 5, 24576, 926, 23332, 56, 32
2025/01/06 12:03:19.588, 5, 24576, 926, 23332, 56, 33
2025/01/06 12:03:19.689, 5, 24576, 926, 23332, 56, 33
2025/01/06 12:03:19.790, 5, 24576, 926, 23332, 54, 31
2025/01/06 12:03:19.891, 5, 24576, 926, 23332, 54, 31
2025/01/06 12:03:19.992, 5, 24576, 926, 23332, 58, 33
2025/01/06 12:03:20.092, 5, 24576, 926, 23332, 58, 33
2025/01/06 12:03:20.193, 5, 24576, 926, 23332, 58, 34
2025/01/06 12:03:20.294, 5, 24576, 926, 23332, 58, 34
2025/01/06 12:03:20.394, 5, 24576, 926, 23332, 58, 34
2025/01/06 12:03:20.495, 5, 24576, 926, 23332, 58, 34
2025/01/06 12:03:20.596, 5, 24576, 926, 23332, 54, 31
2025/01/06 12:03:20.697, 5, 24576, 926, 23332, 54, 31
2025/01/06 12:03:20.797, 5, 24576, 926, 23332, 46, 27
2025/01/06 12:03:20.898, 5, 24576, 926, 23332, 46, 27
2025/01/06 12:03:20.999, 5, 24576, 926, 23332, 47, 27
2025/01/06 12:03:21.100, 5, 24576, 926, 23332, 47, 27
2025/01/06 12:03:21.200, 5, 24576, 926, 23332, 52, 30
2025/01/06 12:03:21.301, 5, 24576, 926, 23332, 52, 30
2025/01/06 12:03:21.402, 5, 24576, 926, 23332, 54, 32
2025/01/06 12:03:21.502, 5, 24576, 926, 23332, 54, 32
2025/01/06 12:03:21.603, 5, 24576, 926, 23332, 58, 34
2025/01/06 12:03:21.704, 5, 24576, 926, 23332, 58, 34
2025/01/06 12:03:21.805, 5, 24576, 926, 23332, 58, 33
2025/01/06 12:03:21.905, 5, 24576, 926, 23332, 58, 33
2025/01/06 12:03:22.006, 5, 24576, 926, 23332, 56, 32
2025/01/06 12:03:22.107, 5, 24576, 926, 23332, 56, 32
2025/01/06 12:03:22.207, 5, 24576, 926, 23332, 45, 26
2025/01/06 12:03:22.308, 5, 24576, 926, 23332, 45, 26
2025/01/06 12:03:22.409, 5, 24576, 926, 23332, 57, 33
2025/01/06 12:03:22.510, 5, 24576, 926, 23332, 57, 33
2025/01/06 12:03:22.611, 5, 24576, 926, 23332, 57, 33
2025/01/06 12:03:22.712, 5, 24576, 926, 23332, 57, 33
2025/01/06 12:03:22.812, 5, 24576, 926, 23332, 57, 33
2025/01/06 12:03:22.913, 5, 24576, 926, 23332, 57, 33
2025/01/06 12:03:23.014, 5, 24576, 926, 23332, 57, 33
2025/01/06 12:03:23.114, 5, 24576, 926, 23332, 57, 33
2025/01/06 12:03:23.215, 5, 24576, 926, 23332, 51, 30
2025/01/06 12:03:23.316, 5, 24576, 926, 23332, 51, 30
2025/01/06 12:03:23.416, 5, 24576, 926, 23332, 50, 28
2025/01/06 12:03:23.517, 5, 24576, 926, 23332, 50, 28
2025/01/06 12:03:23.618, 5, 24576, 926, 23332, 56, 33
2025/01/06 12:03:23.719, 5, 24576, 926, 23332, 56, 33
2025/01/06 12:03:23.819, 5, 24576, 926, 23332, 58, 33
2025/01/06 12:03:23.920, 5, 24576, 926, 23332, 58, 33
2025/01/06 12:03:24.021, 5, 24576, 926, 23332, 57, 33
2025/01/06 12:03:24.121, 5, 24576, 926, 23332, 57, 33
2025/01/06 12:03:24.222, 5, 24576, 926, 23332, 57, 33
2025/01/06 12:03:24.323, 5, 24576, 926, 23332, 57, 33
2025/01/06 12:03:24.423, 5, 24576, 926, 23332, 57, 33
2025/01/06 12:03:24.524, 5, 24576, 926, 23332, 57, 33
2025/01/06 12:03:24.625, 5, 24576, 926, 23332, 58, 34
2025/01/06 12:03:24.726, 5, 24576, 926, 23332, 58, 34
2025/01/06 12:03:24.826, 5, 24576, 926, 23332, 57, 33
2025/01/06 12:03:24.927, 5, 24576, 926, 23332, 57, 33
2025/01/06 12:03:25.028, 5, 24576, 926, 23332, 56, 32
2025/01/06 12:03:25.129, 5, 24576, 926, 23332, 56, 32
2025/01/06 12:03:25.230, 5, 24576, 926, 23332, 58, 33
2025/01/06 12:03:25.331, 5, 24576, 926, 23332, 58, 33
2025/01/06 12:03:25.431, 5, 24576, 926, 23332, 57, 33
2025/01/06 12:03:25.532, 5, 24576, 926, 23332, 57, 33
2025/01/06 12:03:25.633, 5, 24576, 926, 23332, 58, 34
2025/01/06 12:03:25.733, 5, 24576, 926, 23332, 58, 34
2025/01/06 12:03:25.834, 5, 24576, 926, 23332, 57, 33
2025/01/06 12:03:25.935, 5, 24576, 926, 23332, 57, 33
2025/01/06 12:03:26.036, 5, 24576, 926, 23332, 56, 33
2025/01/06 12:03:26.136, 5, 24576, 926, 23332, 56, 33
2025/01/06 12:03:26.237, 5, 24576, 926, 23332, 57, 33
2025/01/06 12:03:26.338, 5, 24576, 926, 23332, 57, 33
2025/01/06 12:03:26.438, 5, 24576, 926, 23332, 52, 31
2025/01/06 12:03:26.539, 5, 24576, 926, 23332, 52, 31
2025/01/06 12:03:26.640, 5, 24576, 926, 23332, 57, 33
2025/01/06 12:03:26.740, 5, 24576, 926, 23332, 57, 33
2025/01/06 12:03:26.841, 5, 24576, 926, 23332, 57, 33
2025/01/06 12:03:26.942, 5, 24576, 926, 23332, 57, 33
2025/01/06 12:03:27.043, 5, 24576, 926, 23332, 50, 29
2025/01/06 12:03:27.143, 5, 24576, 926, 23332, 50, 29
2025/01/06 12:03:27.244, 5, 24576, 926, 23332, 56, 33
2025/01/06 12:03:27.344, 5, 24576, 926, 23332, 56, 33
2025/01/06 12:03:27.445, 5, 24576, 926, 23332, 47, 27
2025/01/06 12:03:27.546, 5, 24576, 926, 23332, 47, 27
2025/01/06 12:03:27.647, 5, 24576, 926, 23332, 57, 33
2025/01/06 12:03:27.748, 5, 24576, 926, 23332, 56, 33
2025/01/06 12:03:27.851, 5, 24576, 926, 23332, 56, 33
2025/01/06 12:03:27.951, 5, 24576, 926, 23332, 56, 32
2025/01/06 12:03:28.054, 5, 24576, 926, 23332, 56, 32
2025/01/06 12:03:28.155, 5, 24576, 926, 23332, 54, 31
2025/01/06 12:03:28.256, 5, 24576, 926, 23332, 54, 31
2025/01/06 12:03:28.356, 5, 24576, 926, 23332, 57, 33
2025/01/06 12:03:28.457, 5, 24576, 926, 23332, 57, 33
2025/01/06 12:03:28.558, 5, 24576, 926, 23332, 44, 25
2025/01/06 12:03:28.658, 5, 24576, 926, 23332, 44, 25
2025/01/06 12:03:28.759, 5, 24576, 926, 23332, 37, 21
2025/01/06 12:03:28.859, 5, 24576, 926, 23332, 37, 21
2025/01/06 12:03:28.960, 5, 24576, 926, 23332, 55, 32
2025/01/06 12:03:29.061, 5, 24576, 926, 23332, 55, 32
2025/01/06 12:03:29.161, 5, 24576, 926, 23332, 57, 33
2025/01/06 12:03:29.262, 5, 24576, 926, 23332, 57, 33
2025/01/06 12:03:29.363, 5, 24576, 926, 23332, 58, 33
2025/01/06 12:03:29.463, 5, 24576, 926, 23332, 58, 33
2025/01/06 12:03:29.564, 5, 24576, 926, 23332, 54, 31
2025/01/06 12:03:29.665, 5, 24576, 926, 23332, 54, 31
2025/01/06 12:03:29.765, 5, 24576, 926, 23332, 56, 32
2025/01/06 12:03:29.866, 5, 24576, 926, 23332, 56, 32
2025/01/06 12:03:29.967, 5, 24576, 926, 23332, 56, 33
2025/01/06 12:03:30.068, 5, 24576, 926, 23332, 56, 33
2025/01/06 12:03:30.169, 5, 24576, 926, 23332, 57, 33
2025/01/06 12:03:30.270, 5, 24576, 926, 23332, 57, 33
2025/01/06 12:03:30.370, 5, 24576, 926, 23332, 56, 32
2025/01/06 12:03:30.471, 5, 24576, 926, 23332, 56, 32
2025/01/06 12:03:30.572, 5, 24576, 926, 23332, 58, 34
2025/01/06 12:03:30.672, 5, 24576, 926, 23332, 58, 34
2025/01/06 12:03:30.773, 5, 24576, 926, 23332, 58, 33
2025/01/06 12:03:30.874, 5, 24576, 926, 23332, 58, 33
2025/01/06 12:03:30.975, 5, 24576, 926, 23332, 58, 34
2025/01/06 12:03:31.075, 5, 24576, 926, 23332, 58, 34
2025/01/06 12:03:31.176, 5, 24576, 926, 23332, 58, 34
2025/01/06 12:03:31.277, 5, 24576, 926, 23332, 58, 34
2025/01/06 12:03:31.377, 5, 24576, 926, 23332, 57, 33
2025/01/06 12:03:31.478, 5, 24576, 926, 23332, 57, 33
2025/01/06 12:03:31.579, 5, 24576, 926, 23332, 58, 33
2025/01/06 12:03:31.679, 5, 24576, 926, 23332, 58, 33
2025/01/06 12:03:31.780, 5, 24576, 926, 23332, 59, 34
2025/01/06 12:03:31.881, 5, 24576, 926, 23332, 59, 34
2025/01/06 12:03:31.981, 5, 24576, 926, 23332, 39, 22
2025/01/06 12:03:32.082, 5, 24576, 926, 23332, 39, 22
2025/01/06 12:03:32.183, 5, 24576, 926, 23332, 37, 21
2025/01/06 12:03:32.283, 5, 24576, 926, 23332, 37, 21
2025/01/06 12:03:32.384, 5, 24576, 926, 23332, 42, 24
2025/01/06 12:03:32.485, 5, 24576, 926, 23332, 42, 24
2025/01/06 12:03:32.586, 5, 24576, 926, 23332, 57, 33
2025/01/06 12:03:32.687, 5, 24576, 926, 23332, 57, 33
2025/01/06 12:03:32.788, 5, 24576, 926, 23332, 56, 33
2025/01/06 12:03:32.889, 5, 24576, 926, 23332, 56, 33
2025/01/06 12:03:32.991, 5, 24576, 926, 23332, 58, 33
2025/01/06 12:03:33.091, 5, 24576, 926, 23332, 58, 33
2025/01/06 12:03:33.192, 5, 24576, 926, 23332, 58, 33
2025/01/06 12:03:33.293, 5, 24576, 926, 23332, 58, 33
2025/01/06 12:03:33.393, 5, 24576, 926, 23332, 57, 33
2025/01/06 12:03:33.494, 5, 24576, 926, 23332, 57, 33
2025/01/06 12:03:33.595, 5, 24576, 926, 23332, 49, 28
2025/01/06 12:03:33.696, 5, 24576, 926, 23332, 49, 28
2025/01/06 12:03:33.796, 5, 24576, 926, 23332, 49, 29
2025/01/06 12:03:33.897, 5, 24576, 926, 23332, 49, 29
2025/01/06 12:03:33.998, 5, 24576, 926, 23332, 58, 33
2025/01/06 12:03:34.099, 5, 24576, 926, 23332, 58, 33
2025/01/06 12:03:34.200, 5, 24576, 926, 23332, 58, 34
2025/01/06 12:03:34.301, 5, 24576, 926, 23332, 58, 34
2025/01/06 12:03:34.401, 5, 24576, 926, 23332, 58, 34
2025/01/06 12:03:34.502, 5, 24576, 926, 23332, 58, 34
2025/01/06 12:03:34.603, 5, 24576, 926, 23332, 55, 32
2025/01/06 12:03:34.704, 5, 24576, 926, 23332, 55, 32
2025/01/06 12:03:34.804, 5, 24576, 926, 23332, 59, 34
2025/01/06 12:03:34.905, 5, 24576, 926, 23332, 59, 34
2025/01/06 12:03:35.006, 5, 24576, 926, 23332, 56, 32
2025/01/06 12:03:35.107, 5, 24576, 926, 23332, 56, 32
2025/01/06 12:03:35.208, 5, 24576, 926, 23332, 57, 33
2025/01/06 12:03:35.309, 5, 24576, 926, 23332, 57, 33
2025/01/06 12:03:35.409, 5, 24576, 926, 23332, 41, 24
2025/01/06 12:03:35.510, 5, 24576, 926, 23332, 41, 24
2025/01/06 12:03:35.611, 5, 24576, 926, 23332, 50, 29
2025/01/06 12:03:35.712, 5, 24576, 926, 23332, 50, 29
2025/01/06 12:03:35.812, 5, 24576, 926, 23332, 57, 33
2025/01/06 12:03:35.913, 5, 24576, 926, 23332, 57, 33
2025/01/06 12:03:36.014, 5, 24576, 926, 23332, 57, 33
2025/01/06 12:03:36.114, 5, 24576, 926, 23332, 57, 33
2025/01/06 12:03:36.215, 5, 24576, 926, 23332, 57, 33
2025/01/06 12:03:36.316, 5, 24576, 926, 23332, 57, 33
2025/01/06 12:03:36.417, 5, 24576, 926, 23332, 57, 33
2025/01/06 12:03:36.517, 5, 24576, 926, 23332, 57, 33
2025/01/06 12:03:36.618, 5, 24576, 926, 23332, 58, 34
2025/01/06 12:03:36.719, 5, 24576, 926, 23332, 58, 34
2025/01/06 12:03:36.819, 5, 24576, 926, 23332, 57, 33
2025/01/06 12:03:36.920, 5, 24576, 926, 23332, 57, 33
2025/01/06 12:03:37.021, 5, 24576, 926, 23332, 58, 34
2025/01/06 12:03:37.122, 5, 24576, 926, 23332, 58, 34
2025/01/06 12:03:37.222, 5, 24576, 926, 23332, 58, 33
2025/01/06 12:03:37.323, 5, 24576, 926, 23332, 58, 33
2025/01/06 12:03:37.424, 5, 24576, 926, 23332, 57, 33
2025/01/06 12:03:37.525, 5, 24576, 926, 23332, 57, 33
2025/01/06 12:03:37.626, 5, 24576, 926, 23332, 57, 33
2025/01/06 12:03:37.727, 5, 24576, 926, 23332, 57, 33
2025/01/06 12:03:37.828, 5, 24576, 926, 23332, 58, 33
2025/01/06 12:03:37.928, 5, 24576, 926, 23332, 58, 33
2025/01/06 12:03:38.029, 5, 24576, 926, 23332, 56, 32
2025/01/06 12:03:38.130, 5, 24576, 926, 23332, 56, 32
2025/01/06 12:03:38.230, 5, 24576, 926, 23332, 56, 32
2025/01/06 12:03:38.331, 5, 24576, 926, 23332, 56, 32
2025/01/06 12:03:38.432, 5, 24576, 926, 23332, 58, 33
2025/01/06 12:03:38.533, 5, 24576, 926, 23332, 58, 33
2025/01/06 12:03:38.633, 5, 24576, 926, 23332, 57, 33
2025/01/06 12:03:38.734, 5, 24576, 926, 23332, 57, 33
2025/01/06 12:03:38.835, 5, 24576, 926, 23332, 57, 33
2025/01/06 12:03:38.935, 5, 24576, 926, 23332, 57, 33
2025/01/06 12:03:39.036, 5, 24576, 926, 23332, 57, 32
2025/01/06 12:03:39.137, 5, 24576, 926, 23332, 57, 32
2025/01/06 12:03:39.238, 5, 24576, 926, 23332, 57, 33
2025/01/06 12:03:39.338, 5, 24576, 926, 23332, 57, 33
2025/01/06 12:03:39.439, 5, 24576, 926, 23332, 56, 32
2025/01/06 12:03:39.540, 5, 24576, 926, 23332, 56, 32
2025/01/06 12:03:39.640, 5, 24576, 926, 23332, 48, 28
2025/01/06 12:03:39.741, 5, 24576, 926, 23332, 48, 28
2025/01/06 12:03:39.842, 5, 24576, 926, 23332, 56, 32
2025/01/06 12:03:39.943, 5, 24576, 926, 23332, 57, 33
2025/01/06 12:03:40.050, 5, 24576, 926, 23332, 57, 33
2025/01/06 12:03:40.151, 5, 24576, 926, 23332, 56, 32
2025/01/06 12:03:40.251, 5, 24576, 926, 23332, 56, 32
2025/01/06 12:03:40.352, 5, 24576, 926, 23332, 55, 32
2025/01/06 12:03:40.453, 5, 24576, 926, 23332, 55, 32
2025/01/06 12:03:40.553, 5, 24576, 926, 23332, 64, 37
2025/01/06 12:03:40.654, 5, 24576, 926, 23332, 64, 37
2025/01/06 12:03:40.755, 5, 24576, 926, 23332, 58, 33
2025/01/06 12:03:40.855, 5, 24576, 926, 23332, 58, 33
2025/01/06 12:03:40.956, 5, 24576, 926, 23332, 57, 33
2025/01/06 12:03:41.057, 5, 24576, 926, 23332, 57, 33
2025/01/06 12:03:41.158, 5, 24576, 926, 23332, 47, 27
2025/01/06 12:03:41.258, 5, 24576, 926, 23332, 47, 27
2025/01/06 12:03:41.359, 5, 24576, 926, 23332, 54, 31
2025/01/06 12:03:41.460, 5, 24576, 926, 23332, 54, 31
2025/01/06 12:03:41.560, 5, 24576, 926, 23332, 58, 33
2025/01/06 12:03:41.661, 5, 24576, 926, 23332, 58, 33
2025/01/06 12:03:41.762, 5, 24576, 926, 23332, 56, 32
2025/01/06 12:03:41.863, 5, 24576, 926, 23332, 56, 32
2025/01/06 12:03:41.964, 5, 24576, 926, 23332, 56, 32
2025/01/06 12:03:42.065, 5, 24576, 926, 23332, 56, 32
2025/01/06 12:03:42.165, 5, 24576, 926, 23332, 56, 32
2025/01/06 12:03:42.266, 5, 24576, 926, 23332, 56, 32
2025/01/06 12:03:42.367, 5, 24576, 926, 23332, 56, 33
2025/01/06 12:03:42.468, 5, 24576, 926, 23332, 56, 33
2025/01/06 12:03:42.568, 5, 24576, 926, 23332, 57, 33
2025/01/06 12:03:42.669, 5, 24576, 926, 23332, 57, 33
2025/01/06 12:03:42.770, 5, 24576, 926, 23332, 57, 33
2025/01/06 12:03:42.870, 5, 24576, 926, 23332, 57, 33
2025/01/06 12:03:42.971, 5, 24576, 926, 23332, 57, 33
2025/01/06 12:03:43.072, 5, 24576, 926, 23332, 57, 33
2025/01/06 12:03:43.172, 5, 24576, 926, 23332, 58, 33
2025/01/06 12:03:43.273, 5, 24576, 926, 23332, 58, 33
2025/01/06 12:03:43.374, 5, 24576, 926, 23332, 57, 33
2025/01/06 12:03:43.474, 5, 24576, 926, 23332, 57, 33
2025/01/06 12:03:43.575, 5, 24576, 926, 23332, 57, 32
2025/01/06 12:03:43.676, 5, 24576, 926, 23332, 57, 32
2025/01/06 12:03:43.776, 5, 24576, 926, 23332, 59, 34
2025/01/06 12:03:43.877, 5, 24576, 926, 23332, 59, 34
2025/01/06 12:03:43.978, 5, 24576, 926, 23332, 48, 27
2025/01/06 12:03:44.078, 5, 24576, 926, 23332, 48, 27
2025/01/06 12:03:44.179, 5, 24576, 926, 23332, 58, 34
2025/01/06 12:03:44.280, 5, 24576, 926, 23332, 58, 34
2025/01/06 12:03:44.380, 5, 24576, 926, 23332, 57, 33
2025/01/06 12:03:44.481, 5, 24576, 926, 23332, 57, 33
2025/01/06 12:03:44.582, 5, 24576, 926, 23332, 56, 32
2025/01/06 12:03:44.683, 5, 24576, 926, 23332, 56, 32
2025/01/06 12:03:44.784, 5, 24576, 926, 23332, 57, 32
2025/01/06 12:03:44.885, 5, 24576, 926, 23332, 57, 32
2025/01/06 12:03:44.985, 5, 24576, 926, 23332, 58, 33
2025/01/06 12:03:45.086, 5, 24576, 926, 23332, 58, 33
2025/01/06 12:03:45.187, 5, 24576, 926, 23332, 58, 33
2025/01/06 12:03:45.287, 5, 24576, 926, 23332, 58, 33
2025/01/06 12:03:45.388, 5, 24576, 926, 23332, 57, 33
2025/01/06 12:03:45.489, 5, 24576, 926, 23332, 57, 33
2025/01/06 12:03:45.590, 5, 24576, 926, 23332, 57, 33
2025/01/06 12:03:45.690, 5, 24576, 926, 23332, 57, 33
2025/01/06 12:03:45.791, 5, 24576, 926, 23332, 58, 33
2025/01/06 12:03:45.892, 5, 24576, 926, 23332, 58, 33
2025/01/06 12:03:45.992, 5, 24576, 926, 23332, 58, 34
2025/01/06 12:03:46.093, 5, 24576, 926, 23332, 58, 34
2025/01/06 12:03:46.194, 5, 24576, 926, 23332, 58, 33
2025/01/06 12:03:46.294, 5, 24576, 926, 23332, 58, 33
2025/01/06 12:03:46.395, 5, 24576, 926, 23332, 57, 33
2025/01/06 12:03:46.496, 5, 24576, 926, 23332, 57, 33
2025/01/06 12:03:46.597, 5, 24576, 926, 23332, 58, 34
2025/01/06 12:03:46.697, 5, 24576, 926, 23332, 58, 34
2025/01/06 12:03:46.798, 5, 24576, 926, 23332, 57, 33
2025/01/06 12:03:46.899, 5, 24576, 926, 23332, 57, 33
2025/01/06 12:03:46.999, 5, 24576, 926, 23332, 58, 33
2025/01/06 12:03:47.100, 5, 24576, 926, 23332, 58, 33
2025/01/06 12:03:47.201, 5, 24576, 926, 23332, 57, 33
2025/01/06 12:03:47.302, 5, 24576, 926, 23332, 57, 33
2025/01/06 12:03:47.403, 5, 24576, 926, 23332, 57, 33
2025/01/06 12:03:47.504, 5, 24576, 926, 23332, 57, 33
2025/01/06 12:03:47.604, 5, 24576, 926, 23332, 58, 33
2025/01/06 12:03:47.705, 5, 24576, 926, 23332, 58, 33
2025/01/06 12:03:47.806, 5, 24576, 926, 23332, 61, 35
2025/01/06 12:03:47.906, 5, 24576, 926, 23332, 61, 35
2025/01/06 12:03:48.007, 5, 24576, 926, 23332, 60, 35
2025/01/06 12:03:48.108, 5, 24576, 926, 23332, 60, 35
2025/01/06 12:03:48.209, 5, 24576, 926, 23332, 55, 32
2025/01/06 12:03:48.309, 5, 24576, 926, 23332, 55, 32
2025/01/06 12:03:48.410, 5, 24576, 926, 23332, 53, 30
2025/01/06 12:03:48.511, 5, 24576, 926, 23332, 53, 30
2025/01/06 12:03:48.611, 5, 24576, 926, 23332, 54, 31
2025/01/06 12:03:48.712, 5, 24576, 926, 23332, 54, 31
2025/01/06 12:03:48.813, 5, 24576, 926, 23332, 52, 30
2025/01/06 12:03:48.913, 5, 24576, 926, 23332, 52, 30
2025/01/06 12:03:49.014, 5, 24576, 926, 23332, 47, 27
2025/01/06 12:03:49.115, 5, 24576, 926, 23332, 47, 27
2025/01/06 12:03:49.215, 5, 24576, 926, 23332, 45, 26
2025/01/06 12:03:49.316, 5, 24576, 926, 23332, 45, 26
2025/01/06 12:03:49.417, 5, 24576, 926, 23332, 44, 25
2025/01/06 12:03:49.518, 5, 24576, 926, 23332, 44, 25
2025/01/06 12:03:49.618, 5, 24576, 926, 23332, 57, 33
2025/01/06 12:03:49.719, 5, 24576, 926, 23332, 57, 33
2025/01/06 12:03:49.820, 5, 24576, 926, 23332, 55, 32
2025/01/06 12:03:49.921, 5, 24576, 926, 23332, 55, 32
2025/01/06 12:03:50.022, 5, 24576, 926, 23332, 50, 29
2025/01/06 12:03:50.123, 5, 24576, 926, 23332, 50, 29
2025/01/06 12:03:50.224, 5, 24576, 926, 23332, 51, 30
2025/01/06 12:03:50.324, 5, 24576, 926, 23332, 51, 30
2025/01/06 12:03:50.425, 5, 24576, 926, 23332, 55, 32
2025/01/06 12:03:50.526, 5, 24576, 926, 23332, 55, 32
2025/01/06 12:03:50.626, 5, 24576, 926, 23332, 53, 30
2025/01/06 12:03:50.727, 5, 24576, 926, 23332, 53, 30
2025/01/06 12:03:50.828, 5, 24576, 926, 23332, 56, 33
2025/01/06 12:03:50.928, 5, 24576, 926, 23332, 56, 33
2025/01/06 12:03:51.029, 5, 24576, 926, 23332, 51, 30
2025/01/06 12:03:51.130, 5, 24576, 926, 23332, 51, 30
2025/01/06 12:03:51.230, 5, 24576, 926, 23332, 54, 31
2025/01/06 12:03:51.331, 5, 24576, 926, 23332, 54, 31
2025/01/06 12:03:51.432, 5, 24576, 926, 23332, 53, 30
2025/01/06 12:03:51.532, 5, 24576, 926, 23332, 53, 30
2025/01/06 12:03:51.633, 5, 24576, 926, 23332, 45, 26
2025/01/06 12:03:51.734, 5, 24576, 926, 23332, 45, 26
2025/01/06 12:03:51.835, 5, 24576, 926, 23332, 56, 33
2025/01/06 12:03:51.935, 5, 24576, 926, 23332, 56, 33
2025/01/06 12:03:52.036, 5, 24576, 926, 23332, 57, 33
2025/01/06 12:03:52.137, 5, 24576, 926, 23332, 57, 33
2025/01/06 12:03:52.237, 5, 24576, 926, 23332, 46, 27
2025/01/06 12:03:52.338, 5, 24576, 926, 23332, 46, 27
2025/01/06 12:03:52.439, 5, 24576, 926, 23332, 51, 29
2025/01/06 12:03:52.540, 5, 24576, 926, 23332, 57, 33
2025/01/06 12:03:52.643, 5, 24576, 926, 23332, 57, 33
2025/01/06 12:03:52.744, 5, 24576, 926, 23332, 57, 33
2025/01/06 12:03:52.844, 5, 24576, 926, 23332, 57, 33
2025/01/06 12:03:52.945, 5, 24576, 926, 23332, 54, 31
2025/01/06 12:03:53.046, 5, 24576, 926, 23332, 54, 31
2025/01/06 12:03:53.146, 5, 24576, 926, 23332, 40, 23
2025/01/06 12:03:53.249, 5, 24576, 926, 23332, 40, 23
2025/01/06 12:03:53.350, 5, 24576, 926, 23332, 51, 30
2025/01/06 12:03:53.450, 5, 24576, 926, 23332, 51, 30
2025/01/06 12:03:53.551, 5, 24576, 926, 23332, 46, 27
2025/01/06 12:03:53.652, 5, 24576, 926, 23332, 46, 27
2025/01/06 12:03:53.752, 5, 24576, 926, 23332, 58, 34
2025/01/06 12:03:53.853, 5, 24576, 926, 23332, 58, 34
2025/01/06 12:03:53.954, 5, 24576, 926, 23332, 57, 32
2025/01/06 12:03:54.054, 5, 24576, 926, 23332, 57, 32
2025/01/06 12:03:54.155, 5, 24576, 926, 23332, 58, 33
2025/01/06 12:03:54.256, 5, 24576, 926, 23332, 58, 33
2025/01/06 12:03:54.356, 5, 24576, 926, 23332, 57, 33
2025/01/06 12:03:54.457, 5, 24576, 926, 23332, 57, 33
2025/01/06 12:03:54.558, 5, 24576, 926, 23332, 57, 33
2025/01/06 12:03:54.659, 5, 24576, 926, 23332, 57, 33
2025/01/06 12:03:54.760, 5, 24576, 926, 23332, 54, 31
2025/01/06 12:03:54.861, 5, 24576, 926, 23332, 54, 31
2025/01/06 12:03:54.961, 5, 24576, 926, 23332, 57, 33
2025/01/06 12:03:55.062, 5, 24576, 926, 23332, 57, 33
2025/01/06 12:03:55.163, 5, 24576, 926, 23332, 57, 33
2025/01/06 12:03:55.263, 5, 24576, 926, 23332, 57, 33
2025/01/06 12:03:55.364, 5, 24576, 926, 23332, 57, 33
2025/01/06 12:03:55.465, 5, 24576, 926, 23332, 57, 33
2025/01/06 12:03:55.566, 5, 24576, 926, 23332, 57, 33
2025/01/06 12:03:55.666, 5, 24576, 926, 23332, 57, 33
2025/01/06 12:03:55.767, 5, 24576, 926, 23332, 56, 33
2025/01/06 12:03:55.868, 5, 24576, 926, 23332, 56, 33
2025/01/06 12:03:55.968, 5, 24576, 926, 23332, 57, 33
2025/01/06 12:03:56.069, 5, 24576, 926, 23332, 57, 33
2025/01/06 12:03:56.169, 5, 24576, 926, 23332, 58, 33
2025/01/06 12:03:56.270, 5, 24576, 926, 23332, 58, 33
2025/01/06 12:03:56.371, 5, 24576, 926, 23332, 55, 32
2025/01/06 12:03:56.473, 5, 24576, 926, 23332, 55, 32
2025/01/06 12:03:56.573, 5, 24576, 926, 23332, 54, 31
2025/01/06 12:03:56.674, 5, 24576, 926, 23332, 54, 31
2025/01/06 12:03:56.775, 5, 24576, 926, 23332, 58, 34
2025/01/06 12:03:56.875, 5, 24576, 926, 23332, 58, 34
2025/01/06 12:03:56.976, 5, 24576, 926, 23332, 56, 32
2025/01/06 12:03:57.077, 5, 24576, 926, 23332, 56, 32
2025/01/06 12:03:57.178, 5, 24576, 926, 23332, 58, 33
2025/01/06 12:03:57.279, 5, 24576, 926, 23332, 58, 33
2025/01/06 12:03:57.380, 5, 24576, 926, 23332, 56, 32
2025/01/06 12:03:57.481, 5, 24576, 926, 23332, 56, 32
2025/01/06 12:03:57.582, 5, 24576, 926, 23332, 56, 32
2025/01/06 12:03:57.682, 5, 24576, 926, 23332, 56, 32
2025/01/06 12:03:57.783, 5, 24576, 926, 23332, 58, 34
2025/01/06 12:03:57.884, 5, 24576, 926, 23332, 58, 34
2025/01/06 12:03:57.985, 5, 24576, 926, 23332, 39, 23
2025/01/06 12:03:58.085, 5, 24576, 926, 23332, 39, 23
2025/01/06 12:03:58.186, 5, 24576, 926, 23332, 48, 7
2025/01/06 12:03:58.287, 5, 24576, 926, 23332, 48, 7
2025/01/06 12:03:58.387, 5, 24576, 926, 23332, 56, 32
2025/01/06 12:03:58.488, 5, 24576, 926, 23332, 56, 32
2025/01/06 12:03:58.589, 5, 24576, 926, 23332, 56, 33
2025/01/06 12:03:58.689, 5, 24576, 926, 23332, 56, 33
2025/01/06 12:03:58.790, 5, 24576, 926, 23332, 54, 31
2025/01/06 12:03:58.891, 5, 24576, 926, 23332, 54, 31
2025/01/06 12:03:58.992, 5, 24576, 926, 23332, 60, 35
2025/01/06 12:03:59.092, 5, 24576, 926, 23332, 60, 35
2025/01/06 12:03:59.193, 5, 24576, 926, 23332, 61, 35
2025/01/06 12:03:59.294, 5, 24576, 926, 23332, 61, 35
2025/01/06 12:03:59.394, 5, 24576, 926, 23332, 59, 34
2025/01/06 12:03:59.495, 5, 24576, 926, 23332, 59, 34
2025/01/06 12:03:59.596, 5, 24576, 926, 23332, 61, 35
2025/01/06 12:03:59.697, 5, 24576, 926, 23332, 61, 35
2025/01/06 12:03:59.798, 5, 24576, 926, 23332, 59, 34
2025/01/06 12:03:59.899, 5, 24576, 926, 23332, 59, 34
2025/01/06 12:04:00.000, 5, 24576, 926, 23332, 61, 35
2025/01/06 12:04:00.100, 5, 24576, 926, 23332, 61, 35
2025/01/06 12:04:00.201, 5, 24576, 926, 23332, 60, 34
2025/01/06 12:04:00.302, 5, 24576, 926, 23332, 60, 34
2025/01/06 12:04:00.402, 5, 24576, 926, 23332, 60, 35
2025/01/06 12:04:00.503, 5, 24576, 926, 23332, 60, 35
2025/01/06 12:04:00.604, 5, 24576, 926, 23332, 57, 32
2025/01/06 12:04:00.705, 5, 24576, 926, 23332, 57, 32
2025/01/06 12:04:00.806, 5, 24576, 926, 23332, 58, 34
2025/01/06 12:04:00.907, 5, 24576, 926, 23332, 58, 34
2025/01/06 12:04:01.007, 5, 24576, 926, 23332, 56, 32
2025/01/06 12:04:01.108, 5, 24576, 926, 23332, 56, 32
2025/01/06 12:04:01.209, 5, 24576, 926, 23332, 57, 33
2025/01/06 12:04:01.309, 5, 24576, 926, 23332, 57, 33
2025/01/06 12:04:01.410, 5, 24576, 926, 23332, 62, 36
2025/01/06 12:04:01.511, 5, 24576, 926, 23332, 62, 36
2025/01/06 12:04:01.611, 5, 24576, 926, 23332, 62, 36
2025/01/06 12:04:01.712, 5, 24576, 926, 23332, 62, 36
2025/01/06 12:04:01.813, 5, 24576, 926, 23332, 62, 36
2025/01/06 12:04:01.913, 5, 24576, 926, 23332, 62, 36
2025/01/06 12:04:02.014, 5, 24576, 926, 23332, 63, 36
2025/01/06 12:04:02.115, 5, 24576, 926, 23332, 63, 36
2025/01/06 12:04:02.215, 5, 24576, 926, 23332, 65, 37
2025/01/06 12:04:02.316, 5, 24576, 926, 23332, 65, 37
2025/01/06 12:04:02.417, 5, 24576, 926, 23332, 61, 35
2025/01/06 12:04:02.518, 5, 24576, 926, 23332, 61, 35
2025/01/06 12:04:02.619, 5, 24576, 926, 23332, 62, 36
2025/01/06 12:04:02.720, 5, 24576, 926, 23332, 62, 36
2025/01/06 12:04:02.820, 5, 24576, 926, 23332, 61, 35
2025/01/06 12:04:02.921, 5, 24576, 926, 23332, 61, 35
2025/01/06 12:04:03.022, 5, 24576, 926, 23332, 57, 33
2025/01/06 12:04:03.123, 5, 24576, 926, 23332, 57, 33
2025/01/06 12:04:03.223, 5, 24576, 926, 23332, 42, 24
2025/01/06 12:04:03.324, 5, 24576, 926, 23332, 42, 24
2025/01/06 12:04:03.425, 5, 24576, 926, 23332, 38, 22
2025/01/06 12:04:03.525, 5, 24576, 926, 23332, 38, 22
2025/01/06 12:04:03.626, 5, 24576, 926, 23332, 49, 28
2025/01/06 12:04:03.727, 5, 24576, 926, 23332, 49, 28
2025/01/06 12:04:03.827, 5, 24576, 926, 23332, 62, 35
2025/01/06 12:04:03.928, 5, 24576, 926, 23332, 62, 35
2025/01/06 12:04:04.029, 5, 24576, 926, 23332, 57, 33
2025/01/06 12:04:04.130, 5, 24576, 926, 23332, 57, 33
2025/01/06 12:04:04.231, 5, 24576, 926, 23332, 55, 32
2025/01/06 12:04:04.331, 5, 24576, 926, 23332, 55, 32
2025/01/06 12:04:04.432, 5, 24576, 926, 23332, 61, 35
2025/01/06 12:04:04.533, 5, 24576, 926, 23332, 61, 35
2025/01/06 12:04:04.634, 5, 24576, 926, 23332, 57, 33
2025/01/06 12:04:04.734, 5, 24576, 926, 23332, 57, 33
2025/01/06 12:04:04.835, 5, 24576, 926, 23332, 62, 36
2025/01/06 12:04:04.936, 5, 24576, 926, 23332, 61, 35
2025/01/06 12:04:05.039, 5, 24576, 926, 23332, 61, 35
2025/01/06 12:04:05.140, 5, 24576, 926, 23332, 57, 33
2025/01/06 12:04:05.240, 5, 24576, 926, 23332, 57, 33
2025/01/06 12:04:05.341, 5, 24576, 926, 23332, 52, 30
2025/01/06 12:04:05.442, 5, 24576, 926, 23332, 52, 30
2025/01/06 12:04:05.543, 5, 24576, 926, 23332, 57, 32
2025/01/06 12:04:05.643, 5, 24576, 926, 23332, 57, 32
2025/01/06 12:04:05.744, 5, 24576, 926, 23332, 54, 31
2025/01/06 12:04:05.845, 5, 24576, 926, 23332, 54, 31
2025/01/06 12:04:05.945, 5, 24576, 926, 23332, 53, 30
2025/01/06 12:04:06.046, 5, 24576, 926, 23332, 53, 30
2025/01/06 12:04:06.146, 5, 24576, 926, 23332, 57, 33
2025/01/06 12:04:06.247, 5, 24576, 926, 23332, 57, 33
2025/01/06 12:04:06.348, 5, 24576, 926, 23332, 63, 36
2025/01/06 12:04:06.448, 5, 24576, 926, 23332, 63, 36
2025/01/06 12:04:06.549, 5, 24576, 926, 23332, 67, 38
2025/01/06 12:04:06.650, 5, 24576, 926, 23332, 67, 38
2025/01/06 12:04:06.751, 5, 24576, 926, 23332, 64, 37
2025/01/06 12:04:06.851, 5, 24576, 926, 23332, 64, 37
2025/01/06 12:04:06.952, 5, 24576, 926, 23332, 57, 32
2025/01/06 12:04:07.053, 5, 24576, 926, 23332, 57, 32
2025/01/06 12:04:07.153, 5, 24576, 926, 23332, 58, 33
2025/01/06 12:04:07.254, 5, 24576, 926, 23332, 58, 33
2025/01/06 12:04:07.355, 5, 24576, 926, 23332, 58, 33
2025/01/06 12:04:07.456, 5, 24576, 926, 23332, 58, 33
2025/01/06 12:04:07.557, 5, 24576, 926, 23332, 55, 32
2025/01/06 12:04:07.657, 5, 24576, 926, 23332, 55, 32
2025/01/06 12:04:07.758, 5, 24576, 926, 23332, 43, 25
2025/01/06 12:04:07.859, 5, 24576, 926, 23332, 43, 25
2025/01/06 12:04:07.960, 5, 24576, 926, 23332, 56, 32
2025/01/06 12:04:08.060, 5, 24576, 926, 23332, 56, 32
2025/01/06 12:04:08.161, 5, 24576, 926, 23332, 56, 32
2025/01/06 12:04:08.262, 5, 24576, 926, 23332, 56, 32
2025/01/06 12:04:08.362, 5, 24576, 926, 23332, 54, 31
2025/01/06 12:04:08.463, 5, 24576, 926, 23332, 54, 31
2025/01/06 12:04:08.564, 5, 24576, 926, 23332, 54, 31
2025/01/06 12:04:08.665, 5, 24576, 926, 23332, 54, 31
2025/01/06 12:04:08.765, 5, 24576, 926, 23332, 55, 31
2025/01/06 12:04:08.866, 5, 24576, 926, 23332, 55, 31
2025/01/06 12:04:08.967, 5, 24576, 926, 23332, 47, 27
2025/01/06 12:04:09.067, 5, 24576, 926, 23332, 47, 27
2025/01/06 12:04:09.168, 5, 24576, 926, 23332, 37, 21
2025/01/06 12:04:09.269, 5, 24576, 926, 23332, 37, 21
2025/01/06 12:04:09.369, 5, 24576, 926, 23332, 37, 21
2025/01/06 12:04:09.470, 5, 24576, 926, 23332, 37, 21
2025/01/06 12:04:09.571, 5, 24576, 926, 23332, 51, 29
2025/01/06 12:04:09.672, 5, 24576, 926, 23332, 51, 29
2025/01/06 12:04:09.772, 5, 24576, 926, 23332, 59, 34
2025/01/06 12:04:09.873, 5, 24576, 926, 23332, 59, 34
2025/01/06 12:04:09.974, 5, 24576, 926, 23332, 59, 34
2025/01/06 12:04:10.075, 5, 24576, 926, 23332, 59, 34
2025/01/06 12:04:10.176, 5, 24576, 926, 23332, 59, 34
2025/01/06 12:04:10.277, 5, 24576, 926, 23332, 59, 34
2025/01/06 12:04:10.378, 5, 24576, 926, 23332, 56, 33
2025/01/06 12:04:10.478, 5, 24576, 926, 23332, 56, 33
2025/01/06 12:04:10.579, 5, 24576, 926, 23332, 57, 33
2025/01/06 12:04:10.680, 5, 24576, 926, 23332, 57, 33
2025/01/06 12:04:10.781, 5, 24576, 926, 23332, 56, 32
2025/01/06 12:04:10.881, 5, 24576, 926, 23332, 56, 32
2025/01/06 12:04:10.982, 5, 24576, 926, 23332, 56, 32
2025/01/06 12:04:11.083, 5, 24576, 926, 23332, 56, 32
2025/01/06 12:04:11.183, 5, 24576, 926, 23332, 58, 33
2025/01/06 12:04:11.284, 5, 24576, 926, 23332, 58, 33
2025/01/06 12:04:11.385, 5, 24576, 926, 23332, 52, 30
2025/01/06 12:04:11.485, 5, 24576, 926, 23332, 52, 30
2025/01/06 12:04:11.586, 5, 24576, 926, 23332, 57, 33
2025/01/06 12:04:11.687, 5, 24576, 926, 23332, 57, 33
2025/01/06 12:04:11.788, 5, 24576, 926, 23332, 57, 33
2025/01/06 12:04:11.889, 5, 24576, 926, 23332, 57, 33
2025/01/06 12:04:11.990, 5, 24576, 926, 23332, 57, 33
2025/01/06 12:04:12.090, 5, 24576, 926, 23332, 57, 33
2025/01/06 12:04:12.191, 5, 24576, 926, 23332, 55, 32
2025/01/06 12:04:12.292, 5, 24576, 926, 23332, 55, 32
2025/01/06 12:04:12.392, 5, 24576, 926, 23332, 53, 30
2025/01/06 12:04:12.493, 5, 24576, 926, 23332, 53, 30
2025/01/06 12:04:12.594, 5, 24576, 926, 23332, 49, 29
2025/01/06 12:04:12.695, 5, 24576, 926, 23332, 49, 29
2025/01/06 12:04:12.796, 5, 24576, 926, 23332, 49, 28
2025/01/06 12:04:12.897, 5, 24576, 926, 23332, 49, 28
2025/01/06 12:04:12.997, 5, 24576, 926, 23332, 42, 24
2025/01/06 12:04:13.098, 5, 24576, 926, 23332, 42, 24
2025/01/06 12:04:13.199, 5, 24576, 926, 23332, 58, 33
2025/01/06 12:04:13.300, 5, 24576, 926, 23332, 58, 33
2025/01/06 12:04:13.400, 5, 24576, 926, 23332, 57, 33
2025/01/06 12:04:13.501, 5, 24576, 926, 23332, 57, 33
2025/01/06 12:04:13.602, 5, 24576, 926, 23332, 56, 32
2025/01/06 12:04:13.702, 5, 24576, 926, 23332, 56, 32
2025/01/06 12:04:13.803, 5, 24576, 926, 23332, 64, 36
2025/01/06 12:04:13.904, 5, 24576, 926, 23332, 64, 36
2025/01/06 12:04:14.005, 5, 24576, 926, 23332, 60, 35
2025/01/06 12:04:14.105, 5, 24576, 926, 23332, 60, 35
2025/01/06 12:04:14.206, 5, 24576, 926, 23332, 57, 32
2025/01/06 12:04:14.307, 5, 24576, 926, 23332, 57, 32
2025/01/06 12:04:14.407, 5, 24576, 926, 23332, 57, 33
2025/01/06 12:04:14.508, 5, 24576, 926, 23332, 57, 33
2025/01/06 12:04:14.609, 5, 24576, 926, 23332, 59, 34
2025/01/06 12:04:14.710, 5, 24576, 926, 23332, 59, 34
2025/01/06 12:04:14.810, 5, 24576, 926, 23332, 57, 32
2025/01/06 12:04:14.911, 5, 24576, 926, 23332, 57, 32
2025/01/06 12:04:15.012, 5, 24576, 926, 23332, 57, 33
2025/01/06 12:04:15.113, 5, 24576, 926, 23332, 57, 33
2025/01/06 12:04:15.214, 5, 24576, 926, 23332, 57, 33
2025/01/06 12:04:15.315, 5, 24576, 926, 23332, 57, 33
2025/01/06 12:04:15.416, 5, 24576, 926, 23332, 58, 34
2025/01/06 12:04:15.516, 5, 24576, 926, 23332, 58, 34
2025/01/06 12:04:15.617, 5, 24576, 926, 23332, 58, 34
2025/01/06 12:04:15.718, 5, 24576, 926, 23332, 58, 34
2025/01/06 12:04:15.818, 5, 24576, 926, 23332, 56, 32
2025/01/06 12:04:15.919, 5, 24576, 926, 23332, 56, 32
2025/01/06 12:04:16.020, 5, 24576, 926, 23332, 56, 32
2025/01/06 12:04:16.120, 5, 24576, 926, 23332, 56, 32
2025/01/06 12:04:16.221, 5, 24576, 926, 23332, 45, 26
2025/01/06 12:04:16.322, 5, 24576, 926, 23332, 45, 26
2025/01/06 12:04:16.423, 5, 24576, 926, 23332, 56, 32
2025/01/06 12:04:16.523, 5, 24576, 926, 23332, 56, 32
2025/01/06 12:04:16.624, 5, 24576, 926, 23332, 55, 32
2025/01/06 12:04:16.725, 5, 24576, 926, 23332, 55, 32
2025/01/06 12:04:16.825, 5, 24576, 926, 23332, 49, 28
2025/01/06 12:04:16.926, 5, 24576, 926, 23332, 49, 28
2025/01/06 12:04:17.027, 5, 24576, 926, 23332, 55, 32
2025/01/06 12:04:17.127, 5, 24576, 926, 23332, 55, 32
2025/01/06 12:04:17.228, 5, 24576, 926, 23332, 57, 33
2025/01/06 12:04:17.329, 5, 24576, 926, 23332, 57, 33
2025/01/06 12:04:17.430, 5, 24576, 926, 23332, 47, 27
2025/01/06 12:04:17.530, 5, 24576, 926, 23332, 47, 27
2025/01/06 12:04:17.631, 5, 24576, 926, 23332, 58, 33
2025/01/06 12:04:17.732, 5, 24576, 926, 23332, 57, 33
2025/01/06 12:04:17.835, 5, 24576, 926, 23332, 57, 33
2025/01/06 12:04:17.936, 5, 24576, 926, 23332, 56, 32
2025/01/06 12:04:18.036, 5, 24576, 926, 23332, 56, 32
2025/01/06 12:04:18.137, 5, 24576, 926, 23332, 46, 27
2025/01/06 12:04:18.238, 5, 24576, 926, 23332, 46, 27
2025/01/06 12:04:18.339, 5, 24576, 926, 23332, 55, 32
2025/01/06 12:04:18.439, 5, 24576, 926, 23332, 55, 32
2025/01/06 12:04:18.540, 5, 24576, 926, 23332, 57, 33
2025/01/06 12:04:18.641, 5, 24576, 926, 23332, 57, 33
2025/01/06 12:04:18.741, 5, 24576, 926, 23332, 57, 33
2025/01/06 12:04:18.842, 5, 24576, 926, 23332, 57, 33
2025/01/06 12:04:18.943, 5, 24576, 926, 23332, 58, 33
2025/01/06 12:04:19.043, 5, 24576, 926, 23332, 58, 33
2025/01/06 12:04:19.144, 5, 24576, 926, 23332, 57, 33
2025/01/06 12:04:19.244, 5, 24576, 926, 23332, 57, 33
2025/01/06 12:04:19.345, 5, 24576, 926, 23332, 62, 36
2025/01/06 12:04:19.446, 5, 24576, 926, 23332, 62, 36
2025/01/06 12:04:19.546, 5, 24576, 926, 23332, 59, 34
2025/01/06 12:04:19.647, 5, 24576, 926, 23332, 59, 34
2025/01/06 12:04:19.748, 5, 24576, 926, 23332, 61, 35
2025/01/06 12:04:19.848, 5, 24576, 926, 23332, 61, 35
2025/01/06 12:04:19.949, 5, 24576, 926, 23332, 58, 33
2025/01/06 12:04:20.050, 5, 24576, 926, 23332, 58, 33
2025/01/06 12:04:20.151, 5, 24576, 926, 23332, 57, 33
2025/01/06 12:04:20.252, 5, 24576, 926, 23332, 57, 33
2025/01/06 12:04:20.353, 5, 24576, 926, 23332, 57, 33
2025/01/06 12:04:20.453, 5, 24576, 926, 23332, 57, 33
2025/01/06 12:04:20.554, 5, 24576, 926, 23332, 60, 34
2025/01/06 12:04:20.655, 5, 24576, 926, 23332, 60, 34
2025/01/06 12:04:20.756, 5, 24576, 926, 23332, 61, 35
2025/01/06 12:04:20.856, 5, 24576, 926, 23332, 61, 35
2025/01/06 12:04:20.957, 5, 24576, 926, 23332, 58, 33
2025/01/06 12:04:21.058, 5, 24576, 926, 23332, 58, 33
2025/01/06 12:04:21.159, 5, 24576, 926, 23332, 60, 35
2025/01/06 12:04:21.259, 5, 24576, 926, 23332, 60, 35
2025/01/06 12:04:21.360, 5, 24576, 926, 23332, 57, 33
2025/01/06 12:04:21.461, 5, 24576, 926, 23332, 57, 33
2025/01/06 12:04:21.561, 5, 24576, 926, 23332, 62, 36
2025/01/06 12:04:21.662, 5, 24576, 926, 23332, 62, 36
2025/01/06 12:04:21.763, 5, 24576, 926, 23332, 61, 35
2025/01/06 12:04:21.863, 5, 24576, 926, 23332, 61, 35
2025/01/06 12:04:21.964, 5, 24576, 926, 23332, 61, 35
2025/01/06 12:04:22.065, 5, 24576, 926, 23332, 61, 35
2025/01/06 12:04:22.166, 5, 24576, 926, 23332, 63, 36
2025/01/06 12:04:22.266, 5, 24576, 926, 23332, 63, 36
2025/01/06 12:04:22.367, 5, 24576, 926, 23332, 57, 32
2025/01/06 12:04:22.468, 5, 24576, 926, 23332, 57, 32
2025/01/06 12:04:22.568, 5, 24576, 926, 23332, 58, 34
2025/01/06 12:04:22.669, 5, 24576, 926, 23332, 58, 34
2025/01/06 12:04:22.770, 5, 24576, 926, 23332, 58, 33
2025/01/06 12:04:22.871, 5, 24576, 926, 23332, 58, 33
2025/01/06 12:04:22.972, 5, 24576, 926, 23332, 59, 34
2025/01/06 12:04:23.073, 5, 24576, 926, 23332, 59, 34
2025/01/06 12:04:23.173, 5, 24576, 926, 23332, 58, 33
2025/01/06 12:04:23.274, 5, 24576, 926, 23332, 58, 33
2025/01/06 12:04:23.375, 5, 24576, 926, 23332, 49, 28
2025/01/06 12:04:23.475, 5, 24576, 926, 23332, 49, 28
2025/01/06 12:04:23.576, 5, 24576, 926, 23332, 56, 32
2025/01/06 12:04:23.677, 5, 24576, 926, 23332, 56, 32
2025/01/06 12:04:23.778, 5, 24576, 926, 23332, 58, 33
2025/01/06 12:04:23.878, 5, 24576, 926, 23332, 58, 33
2025/01/06 12:04:23.979, 5, 24576, 926, 23332, 56, 32
2025/01/06 12:04:24.080, 5, 24576, 926, 23332, 56, 32
2025/01/06 12:04:24.180, 5, 24576, 926, 23332, 55, 31
2025/01/06 12:04:24.281, 5, 24576, 926, 23332, 55, 31
2025/01/06 12:04:24.382, 5, 24576, 926, 23332, 51, 29
2025/01/06 12:04:24.483, 5, 24576, 926, 23332, 51, 29
2025/01/06 12:04:24.583, 5, 24576, 926, 23332, 57, 32
2025/01/06 12:04:24.684, 5, 24576, 926, 23332, 57, 32
2025/01/06 12:04:24.785, 5, 24576, 926, 23332, 56, 33
2025/01/06 12:04:24.886, 5, 24576, 926, 23332, 56, 33
2025/01/06 12:04:24.986, 5, 24576, 926, 23332, 54, 31
2025/01/06 12:04:25.087, 5, 24576, 926, 23332, 54, 31
2025/01/06 12:04:25.188, 5, 24576, 926, 23332, 52, 30
2025/01/06 12:04:25.288, 5, 24576, 926, 23332, 52, 30
2025/01/06 12:04:25.389, 5, 24576, 926, 23332, 46, 26
2025/01/06 12:04:25.490, 5, 24576, 926, 23332, 46, 26
2025/01/06 12:04:25.591, 5, 24576, 926, 23332, 56, 32
2025/01/06 12:04:25.692, 5, 24576, 926, 23332, 56, 32
2025/01/06 12:04:25.793, 5, 24576, 926, 23332, 56, 33
2025/01/06 12:04:25.894, 5, 24576, 926, 23332, 56, 33
2025/01/06 12:04:25.994, 5, 24576, 926, 23332, 50, 29
2025/01/06 12:04:26.095, 5, 24576, 926, 23332, 50, 29
2025/01/06 12:04:26.196, 5, 24576, 926, 23332, 49, 29
2025/01/06 12:04:26.296, 5, 24576, 926, 23332, 49, 29
2025/01/06 12:04:26.397, 5, 24576, 926, 23332, 57, 33
2025/01/06 12:04:26.498, 5, 24576, 926, 23332, 57, 33
2025/01/06 12:04:26.598, 5, 24576, 926, 23332, 56, 33
2025/01/06 12:04:26.699, 5, 24576, 926, 23332, 56, 33
2025/01/06 12:04:26.800, 5, 24576, 926, 23332, 46, 26
2025/01/06 12:04:26.900, 5, 24576, 926, 23332, 46, 26
2025/01/06 12:04:27.001, 5, 24576, 926, 23332, 57, 33
2025/01/06 12:04:27.102, 5, 24576, 926, 23332, 57, 33
2025/01/06 12:04:27.203, 5, 24576, 926, 23332, 60, 34
2025/01/06 12:04:27.303, 5, 24576, 926, 23332, 60, 34
2025/01/06 12:04:27.404, 5, 24576, 926, 23332, 58, 33
2025/01/06 12:04:27.505, 5, 24576, 926, 23332, 58, 33
2025/01/06 12:04:27.605, 5, 24576, 926, 23332, 58, 34
2025/01/06 12:04:27.706, 5, 24576, 926, 23332, 58, 34
2025/01/06 12:04:27.807, 5, 24576, 926, 23332, 57, 33
2025/01/06 12:04:27.907, 5, 24576, 926, 23332, 57, 33
2025/01/06 12:04:28.008, 5, 24576, 926, 23332, 53, 31
2025/01/06 12:04:28.109, 5, 24576, 926, 23332, 53, 31
2025/01/06 12:04:28.210, 5, 24576, 926, 23332, 54, 30
2025/01/06 12:04:28.311, 5, 24576, 926, 23332, 54, 30
2025/01/06 12:04:28.412, 5, 24576, 926, 23332, 59, 34
2025/01/06 12:04:28.512, 5, 24576, 926, 23332, 59, 34
2025/01/06 12:04:28.613, 5, 24576, 926, 23332, 58, 33
2025/01/06 12:04:28.714, 5, 24576, 926, 23332, 58, 33
2025/01/06 12:04:28.815, 5, 24576, 926, 23332, 58, 33
2025/01/06 12:04:28.915, 5, 24576, 926, 23332, 58, 33
2025/01/06 12:04:29.016, 5, 24576, 926, 23332, 58, 33
2025/01/06 12:04:29.117, 5, 24576, 926, 23332, 58, 33
2025/01/06 12:04:29.218, 5, 24576, 926, 23332, 56, 32
2025/01/06 12:04:29.318, 5, 24576, 926, 23332, 56, 32
2025/01/06 12:04:29.419, 5, 24576, 926, 23332, 58, 34
2025/01/06 12:04:29.520, 5, 24576, 926, 23332, 58, 34
2025/01/06 12:04:29.620, 5, 24576, 926, 23332, 58, 33
2025/01/06 12:04:29.721, 5, 24576, 926, 23332, 58, 33
2025/01/06 12:04:29.822, 5, 24576, 926, 23332, 57, 33
2025/01/06 12:04:29.923, 5, 24576, 926, 23332, 57, 33
2025/01/06 12:04:30.023, 5, 24576, 926, 23332, 56, 32
2025/01/06 12:04:30.124, 5, 24576, 926, 23332, 56, 32
2025/01/06 12:04:30.225, 5, 24576, 926, 23332, 57, 33
2025/01/06 12:04:30.326, 5, 24576, 926, 23332, 57, 33
2025/01/06 12:04:30.426, 5, 24576, 926, 23332, 56, 32
2025/01/06 12:04:30.527, 5, 24576, 926, 23332, 57, 33
2025/01/06 12:04:30.631, 5, 24576, 926, 23332, 57, 33
2025/01/06 12:04:30.732, 5, 24576, 926, 23332, 52, 30
2025/01/06 12:04:30.832, 5, 24576, 926, 23332, 52, 30
2025/01/06 12:04:30.933, 5, 24576, 926, 23332, 51, 29
2025/01/06 12:04:31.034, 5, 24576, 926, 23332, 51, 29
2025/01/06 12:04:31.135, 5, 24576, 926, 23332, 52, 30
2025/01/06 12:04:31.235, 5, 24576, 926, 23332, 52, 30
2025/01/06 12:04:31.336, 5, 24576, 926, 23332, 56, 32
2025/01/06 12:04:31.437, 5, 24576, 926, 23332, 56, 32
2025/01/06 12:04:31.537, 5, 24576, 926, 23332, 58, 33
2025/01/06 12:04:31.638, 5, 24576, 926, 23332, 58, 33
2025/01/06 12:04:31.739, 5, 24576, 926, 23332, 55, 32
2025/01/06 12:04:31.839, 5, 24576, 926, 23332, 55, 32
2025/01/06 12:04:31.940, 5, 24576, 926, 23332, 53, 30
2025/01/06 12:04:32.040, 5, 24576, 926, 23332, 53, 30
2025/01/06 12:04:32.141, 5, 24576, 926, 23332, 56, 32
2025/01/06 12:04:32.242, 5, 24576, 926, 23332, 56, 32
2025/01/06 12:04:32.342, 5, 24576, 926, 23332, 58, 33
2025/01/06 12:04:32.443, 5, 24576, 926, 23332, 58, 33
2025/01/06 12:04:32.544, 5, 24576, 926, 23332, 56, 32
2025/01/06 12:04:32.644, 5, 24576, 926, 23332, 56, 32
2025/01/06 12:04:32.745, 5, 24576, 926, 23332, 58, 33
2025/01/06 12:04:32.845, 5, 24576, 926, 23332, 58, 33
2025/01/06 12:04:32.946, 5, 24576, 926, 23332, 56, 32
2025/01/06 12:04:33.047, 5, 24576, 926, 23332, 56, 32
2025/01/06 12:04:33.148, 5, 24576, 926, 23332, 57, 33
2025/01/06 12:04:33.249, 5, 24576, 926, 23332, 57, 33
2025/01/06 12:04:33.350, 5, 24576, 926, 23332, 58, 33
2025/01/06 12:04:33.450, 5, 24576, 926, 23332, 58, 33
2025/01/06 12:04:33.551, 5, 24576, 926, 23332, 56, 32
2025/01/06 12:04:33.652, 5, 24576, 926, 23332, 56, 32
2025/01/06 12:04:33.752, 5, 24576, 926, 23332, 58, 34
2025/01/06 12:04:33.853, 5, 24576, 926, 23332, 58, 34
2025/01/06 12:04:33.954, 5, 24576, 926, 23332, 57, 32
2025/01/06 12:04:34.054, 5, 24576, 926, 23332, 57, 32
2025/01/06 12:04:34.155, 5, 24576, 926, 23332, 58, 33
2025/01/06 12:04:34.256, 5, 24576, 926, 23332, 58, 33
2025/01/06 12:04:34.357, 5, 24576, 926, 23332, 58, 33
2025/01/06 12:04:34.458, 5, 24576, 926, 23332, 58, 33
2025/01/06 12:04:34.558, 5, 24576, 926, 23332, 58, 33
2025/01/06 12:04:34.659, 5, 24576, 926, 23332, 58, 33
2025/01/06 12:04:34.760, 5, 24576, 926, 23332, 57, 33
2025/01/06 12:04:34.860, 5, 24576, 926, 23332, 57, 33
2025/01/06 12:04:34.961, 5, 24576, 926, 23332, 56, 32
2025/01/06 12:04:35.062, 5, 24576, 926, 23332, 56, 32
2025/01/06 12:04:35.162, 5, 24576, 926, 23332, 57, 33
2025/01/06 12:04:35.263, 5, 24576, 926, 23332, 57, 33
2025/01/06 12:04:35.364, 5, 24576, 926, 23332, 57, 32
2025/01/06 12:04:35.464, 5, 24576, 926, 23332, 57, 32
2025/01/06 12:04:35.565, 5, 24576, 926, 23332, 57, 33
2025/01/06 12:04:35.666, 5, 24576, 926, 23332, 57, 33
2025/01/06 12:04:35.767, 5, 24576, 926, 23332, 58, 34
2025/01/06 12:04:35.868, 5, 24576, 926, 23332, 58, 34
2025/01/06 12:04:35.969, 5, 24576, 926, 23332, 58, 33
2025/01/06 12:04:36.069, 5, 24576, 926, 23332, 58, 33
2025/01/06 12:04:36.170, 5, 24576, 926, 23332, 57, 33
2025/01/06 12:04:36.271, 5, 24576, 926, 23332, 57, 33
2025/01/06 12:04:36.372, 5, 24576, 926, 23332, 55, 32
2025/01/06 12:04:36.472, 5, 24576, 926, 23332, 55, 32
2025/01/06 12:04:36.573, 5, 24576, 926, 23332, 57, 33
2025/01/06 12:04:36.674, 5, 24576, 926, 23332, 57, 33
2025/01/06 12:04:36.774, 5, 24576, 926, 23332, 57, 33
2025/01/06 12:04:36.875, 5, 24576, 926, 23332, 57, 33
2025/01/06 12:04:36.976, 5, 24576, 926, 23332, 57, 33
2025/01/06 12:04:37.076, 5, 24576, 926, 23332, 57, 33
2025/01/06 12:04:37.177, 5, 24576, 926, 23332, 58, 33
2025/01/06 12:04:37.278, 5, 24576, 926, 23332, 58, 33
2025/01/06 12:04:37.378, 5, 24576, 926, 23332, 58, 33
2025/01/06 12:04:37.479, 5, 24576, 926, 23332, 58, 33
2025/01/06 12:04:37.580, 5, 24576, 926, 23332, 57, 33
2025/01/06 12:04:37.681, 5, 24576, 926, 23332, 57, 33
2025/01/06 12:04:37.781, 5, 24576, 926, 23332, 58, 33
2025/01/06 12:04:37.882, 5, 24576, 926, 23332, 58, 33
2025/01/06 12:04:37.983, 5, 24576, 926, 23332, 58, 34
2025/01/06 12:04:38.083, 5, 24576, 926, 23332, 58, 34
2025/01/06 12:04:38.184, 5, 24576, 926, 23332, 55, 32
2025/01/06 12:04:38.285, 5, 24576, 926, 23332, 55, 32
2025/01/06 12:04:38.386, 5, 24576, 926, 23332, 53, 31
2025/01/06 12:04:38.487, 5, 24576, 926, 23332, 53, 31
2025/01/06 12:04:38.588, 5, 24576, 926, 23332, 57, 32
2025/01/06 12:04:38.689, 5, 24576, 926, 23332, 57, 32
2025/01/06 12:04:38.789, 5, 24576, 926, 23332, 55, 32
2025/01/06 12:04:38.890, 5, 24576, 926, 23332, 55, 32
2025/01/06 12:04:38.991, 5, 24576, 926, 23332, 34, 20
2025/01/06 12:04:39.092, 5, 24576, 926, 23332, 34, 20
2025/01/06 12:04:39.192, 5, 24576, 926, 23332, 11, 6
2025/01/06 12:04:39.293, 5, 24576, 926, 23332, 11, 6
2025/01/06 12:04:39.394, 5, 24576, 926, 23332, 56, 32
2025/01/06 12:04:39.494, 5, 24576, 926, 23332, 56, 32
2025/01/06 12:04:39.595, 5, 24576, 926, 23332, 54, 31
2025/01/06 12:04:39.696, 5, 24576, 926, 23332, 54, 31
2025/01/06 12:04:39.797, 5, 24576, 926, 23332, 54, 31
2025/01/06 12:04:39.897, 5, 24576, 926, 23332, 54, 31
2025/01/06 12:04:39.998, 5, 24576, 926, 23332, 53, 31
2025/01/06 12:04:40.099, 5, 24576, 926, 23332, 53, 31
2025/01/06 12:04:40.199, 5, 24576, 926, 23332, 55, 32
2025/01/06 12:04:40.300, 5, 24576, 926, 23332, 55, 32
2025/01/06 12:04:40.401, 5, 24576, 926, 23332, 55, 31
2025/01/06 12:04:40.502, 5, 24576, 926, 23332, 55, 31
2025/01/06 12:04:40.602, 5, 24576, 926, 23332, 51, 29
2025/01/06 12:04:40.703, 5, 24576, 926, 23332, 51, 29
2025/01/06 12:04:40.804, 5, 24576, 926, 23332, 51, 29
2025/01/06 12:04:40.905, 5, 24576, 926, 23332, 51, 29
2025/01/06 12:04:41.006, 5, 24576, 926, 23332, 53, 31
2025/01/06 12:04:41.107, 5, 24576, 926, 23332, 53, 31
2025/01/06 12:04:41.208, 5, 24576, 926, 23332, 57, 33
2025/01/06 12:04:41.308, 5, 24576, 926, 23332, 57, 33
2025/01/06 12:04:41.409, 5, 24576, 926, 23332, 55, 32
2025/01/06 12:04:41.510, 5, 24576, 926, 23332, 55, 32
2025/01/06 12:04:41.610, 5, 24576, 926, 23332, 53, 31
2025/01/06 12:04:41.711, 5, 24576, 926, 23332, 53, 31
2025/01/06 12:04:41.812, 5, 24576, 926, 23332, 60, 34
2025/01/06 12:04:41.912, 5, 24576, 926, 23332, 60, 34
2025/01/06 12:04:42.013, 5, 24576, 926, 23332, 60, 34
2025/01/06 12:04:42.114, 5, 24576, 926, 23332, 60, 34
2025/01/06 12:04:42.215, 5, 24576, 926, 23332, 55, 31
2025/01/06 12:04:42.315, 5, 24576, 926, 23332, 55, 31
2025/01/06 12:04:42.417, 5, 24576, 926, 23332, 46, 27
2025/01/06 12:04:42.518, 5, 24576, 926, 23332, 46, 27
2025/01/06 12:04:42.618, 5, 24576, 926, 23332, 57, 32
2025/01/06 12:04:42.719, 5, 24576, 926, 23332, 57, 32
2025/01/06 12:04:42.820, 5, 24576, 926, 23332, 57, 33
2025/01/06 12:04:42.920, 5, 24576, 926, 23332, 57, 33
2025/01/06 12:04:43.021, 5, 24576, 926, 23332, 40, 23
2025/01/06 12:04:43.122, 5, 24576, 926, 23332, 40, 23
2025/01/06 12:04:43.223, 5, 24576, 926, 23332, 37, 21
2025/01/06 12:04:43.324, 5, 24576, 926, 23332, 37, 21
2025/01/06 12:04:43.427, 5, 24576, 926, 23332, 37, 21
2025/01/06 12:04:43.528, 5, 24576, 926, 23332, 42, 24
2025/01/06 12:04:43.628, 5, 24576, 926, 23332, 42, 24
2025/01/06 12:04:43.729, 5, 24576, 926, 23332, 57, 33
2025/01/06 12:04:43.830, 5, 24576, 926, 23332, 57, 33
2025/01/06 12:04:43.931, 5, 24576, 926, 23332, 57, 33
2025/01/06 12:04:44.031, 5, 24576, 926, 23332, 57, 33
2025/01/06 12:04:44.132, 5, 24576, 926, 23332, 56, 32
2025/01/06 12:04:44.232, 5, 24576, 926, 23332, 56, 32
2025/01/06 12:04:44.333, 5, 24576, 926, 23332, 46, 27
2025/01/06 12:04:44.434, 5, 24576, 926, 23332, 46, 27
2025/01/06 12:04:44.534, 5, 24576, 926, 23332, 54, 31
2025/01/06 12:04:44.635, 5, 24576, 926, 23332, 54, 31
2025/01/06 12:04:44.736, 5, 24576, 926, 23332, 57, 33
2025/01/06 12:04:44.836, 5, 24576, 926, 23332, 57, 33
2025/01/06 12:04:44.937, 5, 24576, 926, 23332, 46, 27
2025/01/06 12:04:45.038, 5, 24576, 926, 23332, 46, 27
2025/01/06 12:04:45.138, 5, 24576, 926, 23332, 52, 30
2025/01/06 12:04:45.239, 5, 24576, 926, 23332, 52, 30
2025/01/06 12:04:45.340, 5, 24576, 926, 23332, 58, 33
2025/01/06 12:04:45.440, 5, 24576, 926, 23332, 58, 33
2025/01/06 12:04:45.541, 5, 24576, 926, 23332, 57, 33
2025/01/06 12:04:45.642, 5, 24576, 926, 23332, 57, 33
2025/01/06 12:04:45.742, 5, 24576, 926, 23332, 58, 34
2025/01/06 12:04:45.843, 5, 24576, 926, 23332, 58, 34
2025/01/06 12:04:45.944, 5, 24576, 926, 23332, 55, 32
2025/01/06 12:04:46.045, 5, 24576, 926, 23332, 55, 32
2025/01/06 12:04:46.146, 5, 24576, 926, 23332, 57, 33
2025/01/06 12:04:46.247, 5, 24576, 926, 23332, 57, 33
2025/01/06 12:04:46.347, 5, 24576, 926, 23332, 58, 33
2025/01/06 12:04:46.448, 5, 24576, 926, 23332, 58, 33
2025/01/06 12:04:46.549, 5, 24576, 926, 23332, 56, 32
2025/01/06 12:04:46.650, 5, 24576, 926, 2333